2025-07-06 22:59:25,050 - INFO - =======================================
2025-07-06 22:59:25,051 - INFO - ========== New Experiment Run ==========
2025-07-06 22:59:25,051 - INFO - =======================================
2025-07-06 22:59:25,051 - INFO - Loading data...
2025-07-06 22:59:25,053 - ERROR - Error loading data: [Errno 2] No such file or directory: 'E:\\CSworks\\2025spring\\crunch\\repo\\ADIA-Lab-Structural-Break\\data\\X_train.parquet'
2025-07-06 23:02:02,535 - INFO - =======================================
2025-07-06 23:02:02,535 - INFO - ========== New Experiment Run ==========
2025-07-06 23:02:02,536 - INFO - =======================================
2025-07-06 23:02:02,536 - INFO - Loading data...
2025-07-06 23:02:07,579 - INFO - Data loaded successfully.
2025-07-06 23:02:07,583 - INFO - X_train shape: (23715734, 2)
2025-07-06 23:02:07,583 - INFO - y_train shape: (10001, 1)
2025-07-06 23:02:07,951 - INFO - Start feature generation on 10001 ids
2025-07-06 23:02:40,995 - INFO - Successfully generated features for distributional_stats
2025-07-06 23:02:47,149 - INFO - Successfully generated features for cumulative_features
2025-07-06 23:02:55,778 - INFO - Successfully generated features for oscillation_features
2025-07-06 23:03:03,026 - INFO - Successfully generated features for cyclic_features
2025-07-06 23:03:09,604 - INFO - Successfully generated features for amplitude_features
2025-07-06 23:08:15,098 - INFO - Successfully generated features for higher_order_stats_features
2025-07-06 23:08:20,305 - INFO - Successfully generated features for ar_model_residual_features
2025-07-06 23:08:54,953 - INFO - Successfully generated features for entropy_features
2025-07-06 23:09:00,582 - INFO - Successfully generated features for fractal_dimension_features
2025-07-06 23:09:00,744 - INFO - All features created and saved to E:\CSworks\2025spring\crunch\repo\ADIA-Lab-Structural-Break\feature_dfs\features.parquet. Shape: (10001, 60)
2025-07-06 23:09:00,744 - INFO - Using features: ['mean_diff', 'std_diff', 'std_ratio', 'skew_diff', 'kurt_diff', 'ks_stat', 'ks_pvalue', 'ttest_pvalue', 'sum_diff', 'cumsum_max_diff', 'zero_cross_diff', 'autocorr_lag1_diff', 'diff_var_diff', 'dominant_freq_diff', 'max_power_diff', 'ptp_diff', 'iqr_diff', 'cv_diff', 'rolling_std_diff', 'theil_sen_slope_diff', 'ar_resid_std_diff', 'ar_aic_diff', 'ar_predict_mse', 'shannon_entropy_0', 'shannon_entropy_1', 'shannon_entropy_diff', 'perm_entropy_0', 'perm_entropy_1', 'perm_entropy_diff', 'spectral_entropy_0', 'spectral_entropy_1', 'spectral_entropy_diff', 'svd_entropy_0', 'svd_entropy_1', 'svd_entropy_diff', 'approx_entropy_0', 'approx_entropy_1', 'approx_entropy_diff', 'sample_entropy_0', 'sample_entropy_1', 'sample_entropy_diff', 'hjorth_mobility_0', 'hjorth_complexity_0', 'hjorth_mobility_1', 'hjorth_complexity_1', 'hjorth_mobility_diff', 'hjorth_complexity_diff', 'num_zerocross_0', 'num_zerocross_1', 'num_zerocross_diff', 'lziv_complexity_0', 'lziv_complexity_1', 'lziv_complexity_diff', 'cond_entropy_0', 'cond_entropy_1', 'cond_entropy_diff', 'petrosian_fd_diff', 'katz_fd_diff', 'higuchi_fd_diff', 'detrended_fluctuation_diff']
2025-07-06 23:09:00,745 - INFO - Starting 5-fold cross-validation with LightGBM...
2025-07-06 23:09:00,753 - INFO - --- Fold 1/5 ---
2025-07-06 23:09:07,217 - INFO - Fold 1 AUC: 0.69899
2025-07-06 23:09:07,220 - INFO - --- Fold 2/5 ---
2025-07-06 23:09:11,847 - INFO - Fold 2 AUC: 0.67277
2025-07-06 23:09:11,850 - INFO - --- Fold 3/5 ---
2025-07-06 23:09:15,192 - INFO - Fold 3 AUC: 0.70941
2025-07-06 23:09:15,213 - INFO - --- Fold 4/5 ---
2025-07-06 23:09:19,498 - INFO - Fold 4 AUC: 0.68964
2025-07-06 23:09:19,501 - INFO - --- Fold 5/5 ---
2025-07-06 23:09:24,092 - INFO - Fold 5 AUC: 0.67579
2025-07-06 23:09:24,101 - INFO - 
Overall OOF AUC: 0.68844
2025-07-06 23:09:24,176 - INFO - OOF predictions saved to E:\CSworks\2025spring\crunch\repo\ADIA-Lab-Structural-Break\output\oof_preds.csv
2025-07-06 23:09:25,162 - INFO - Feature importance plot saved to E:\CSworks\2025spring\crunch\repo\ADIA-Lab-Structural-Break\output\feature_importance.png
2025-07-06 23:09:25,163 - INFO - Experiment finished.
2025-07-06 23:09:25,163 - INFO - Final OOF AUC: 0.68844
