2025-07-07 00:05:39,885 - INFO - =======================================
2025-07-07 00:05:39,885 - INFO - ========== Running Command: gen-feats ==========
2025-07-07 00:05:39,885 - INFO - =======================================
2025-07-07 00:05:39,886 - INFO - 开始特征生成流程...
2025-07-07 00:05:39,886 - INFO - Loading data...
2025-07-07 00:05:40,938 - INFO - Data loaded successfully.
2025-07-07 00:05:40,938 - INFO - X_train shape: (23715734, 2)
2025-07-07 00:05:40,939 - INFO - y_train shape: (10001, 1)
2025-07-07 00:05:40,939 - INFO - 将生成所有已注册的特征。
2025-07-07 00:05:40,940 - INFO - --- 开始生成特征: distributional_stats ---
2025-07-07 00:06:16,482 - INFO - --- 完成生成特征: distributional_stats ---
2025-07-07 00:06:16,491 - INFO - --- 开始生成特征: cumulative_features ---
2025-07-07 00:06:22,154 - INFO - --- 完成生成特征: cumulative_features ---
2025-07-07 00:06:22,155 - INFO - --- 开始生成特征: oscillation_features ---
2025-07-07 00:06:28,834 - INFO - --- 完成生成特征: oscillation_features ---
2025-07-07 00:06:28,834 - INFO - --- 开始生成特征: cyclic_features ---
2025-07-07 00:06:34,578 - INFO - --- 完成生成特征: cyclic_features ---
2025-07-07 00:06:34,578 - INFO - --- 开始生成特征: amplitude_features ---
2025-07-07 00:06:40,924 - INFO - --- 完成生成特征: amplitude_features ---
2025-07-07 00:06:40,925 - INFO - --- 开始生成特征: higher_order_stats_features ---
2025-07-07 00:11:37,258 - INFO - --- 完成生成特征: higher_order_stats_features ---
2025-07-07 00:11:37,258 - INFO - --- 开始生成特征: ar_model_residual_features ---
2025-07-07 00:11:43,142 - INFO - --- 完成生成特征: ar_model_residual_features ---
2025-07-07 00:11:43,142 - INFO - --- 开始生成特征: entropy_features ---
2025-07-07 00:12:21,072 - INFO - --- 完成生成特征: entropy_features ---
2025-07-07 00:12:21,072 - INFO - --- 开始生成特征: fractal_dimension_features ---
2025-07-07 00:12:26,932 - INFO - --- 完成生成特征: fractal_dimension_features ---
2025-07-07 00:12:27,013 - INFO - 特征文件已更新。当前总特征数: 60
2025-07-07 00:12:27,014 - INFO - 特征生成完成。
