2025-07-06 23:31:43,766 - INFO - =======================================
2025-07-06 23:31:43,767 - INFO - ========== Running Command: gen-feats ==========
2025-07-06 23:31:43,767 - INFO - =======================================
2025-07-06 23:31:43,767 - INFO - 开始特征生成流程...
2025-07-06 23:31:43,767 - INFO - Loading data...
2025-07-06 23:31:45,161 - INFO - Data loaded successfully.
2025-07-06 23:31:45,162 - INFO - X_train shape: (23715734, 2)
2025-07-06 23:31:45,162 - INFO - y_train shape: (10001, 1)
2025-07-06 23:31:45,162 - INFO - 将生成所有已注册的特征。
2025-07-06 23:31:45,164 - INFO - 已将旧特征文件备份到: E:\CSworks\2025spring\crunch\repo\ADIA-Lab-Structural-Break\feature_dfs\backups\features_20250706_233145.parquet
2025-07-06 23:31:45,165 - INFO - --- 开始生成特征: distributional_stats ---
2025-07-06 23:32:22,148 - INFO - --- 完成生成特征: distributional_stats ---
2025-07-06 23:32:22,148 - INFO - --- 开始生成特征: cumulative_features ---
2025-07-06 23:32:27,764 - INFO - --- 完成生成特征: cumulative_features ---
2025-07-06 23:32:27,764 - INFO - --- 开始生成特征: oscillation_features ---
2025-07-06 23:32:34,366 - INFO - --- 完成生成特征: oscillation_features ---
2025-07-06 23:32:34,367 - INFO - --- 开始生成特征: cyclic_features ---
2025-07-06 23:32:40,271 - INFO - --- 完成生成特征: cyclic_features ---
2025-07-06 23:32:40,271 - INFO - --- 开始生成特征: amplitude_features ---
2025-07-06 23:32:46,516 - INFO - --- 完成生成特征: amplitude_features ---
2025-07-06 23:32:46,516 - INFO - --- 开始生成特征: higher_order_stats_features ---
2025-07-06 23:37:45,971 - INFO - --- 完成生成特征: higher_order_stats_features ---
2025-07-06 23:37:45,972 - INFO - --- 开始生成特征: ar_model_residual_features ---
2025-07-06 23:37:51,747 - INFO - --- 完成生成特征: ar_model_residual_features ---
2025-07-06 23:37:51,748 - INFO - --- 开始生成特征: entropy_features ---
2025-07-06 23:38:29,602 - INFO - --- 完成生成特征: entropy_features ---
2025-07-06 23:38:29,602 - INFO - --- 开始生成特征: fractal_dimension_features ---
2025-07-06 23:38:35,621 - INFO - --- 完成生成特征: fractal_dimension_features ---
