========== Running Command: train ==========
Args: {'command': 'train', 'feature_file': None, 'save_oof': False, 'save_model': False, 'perm_imp': True}
=======================================
Starting training and evaluation pipeline...
Model Parameters: {
    "objective": "binary",
    "metric": "auc",
    "boosting_type": "gbdt",
    "random_state": 42,
    "n_estimators": 4000,
    "learning_rate": 0.005,
    "num_leaves": 29,
    "n_jobs": -1,
    "reg_alpha": 3,
    "reg_lambda": 3,
    "colsample_bytree": 0.8,
    "subsample": 0.8
}
未指定特征文件，将尝试加载最新版本。
正在从 features_20250718_120409.parquet 加载特征...
特征加载成功，共 855 个特征。
Successfully loaded features from: features_20250718_120409.parquet
训练数据已对齐. X shape: (10001, 855), y shape: (10001,)
--- 使用的特征列表 (共 85 个) ---
['RAW_1_stats_cv_whole', 'RAW_10_percentage_of_reoccurring_values_to_all_values_diff', 'RAW_10_ratio_value_number_to_time_series_length_diff', 'RAW_10_percentage_of_reoccurring_values_to_all_values_ratio', 'RAW_10_fft_coefficient_attr_imag_coeff_1_whole', 'RAW_1_stats_std_whole', 'RAW_2_ks_stat', 'RAW_2_bartlett_stat', 'RAW_12_rpt_cost_cosine_whole', 'RAW_10_quantile_0_4_whole', 'RAW_2_bartlett_pvalue', 'RAW_2_ad_stat', 'RAW_8_sample_entropy_left', 'RAW_10_ratio_value_number_to_time_series_length_whole', 'RAW_1_stats_kurt_left', 'RAW_2_levene_stat', 'RAW_2_ks_pvalue', 'RAW_1_stats_mean_whole', 'RAW_10_linear_trend_attr_rvalue_ratio', 'RAW_1_stats_median_ratio', 'RAW_10_ratio_value_number_to_time_series_length_left', 'RAW_10_ratio_beyond_r_sigma_1_5_diff', 'RAW_10_linear_trend_attr_intercept_ratio', 'RAW_10_ratio_value_number_to_time_series_length_ratio', 'RAW_2_levene_pvalue', 'RAW_10_agg_linear_trend_attr_rvalue_chunk_len_5_f_agg_max_left', 'RAW_10_agg_linear_trend_attr_rvalue_chunk_len_50_f_agg_mean_diff', 'RAW_10_quantile_0_4_ratio', 'RAW_10_percentage_of_reoccurring_values_to_all_values_left', 'RAW_1_stats_mean_of_rolling_std_ratio', 'RAW_3_sum_ratio', 'RAW_4_autocorr_lag1_diff', 'RAW_10_change_quantiles_f_agg_var_isabs_True_qh_0_6_ql_0_4_ratio', 'RAW_10_quantile_0_1_ratio', 'RAW_1_stats_kurt_whole', 'RAW_2_shapiro_pvalue_left', 'RAW_8_perm_entropy_left', 'RAW_2_jb_pvalue_ratio', 'RAW_11_param_0_ratio', 'RAW_10_agg_linear_trend_attr_rvalue_chunk_len_5_f_agg_max_diff', 'RAW_10_quantile_0_4_right', 'RAW_4_autocorr_lag1_ratio', 'RAW_7_rolling_std_w50_mean_whole', 'RAW_2_jb_pvalue_left', 'RAW_11_param_4_left', 'RAW_10_change_quantiles_f_agg_var_isabs_False_qh_0_8_ql_0_4_whole', 'RAW_8_sample_entropy_whole', 'RAW_2_ad_pvalue', 'RAW_12_rpt_cost_rank_left', 'RAW_8_hjorth_complexity_diff', 'RAW_11_param_0_whole', 'RAW_8_approx_entropy_whole', 'RAW_1_stats_kurt_right', 'RAW_10_change_quantiles_f_agg_var_isabs_True_qh_0_6_ql_0_2_whole', 'RAW_10_agg_linear_trend_attr_rvalue_chunk_len_5_f_agg_max_right', 'RAW_1_stats_min_whole', 'RAW_10_change_quantiles_f_agg_var_isabs_False_qh_0_6_ql_0_2_whole', 'RAW_10_change_quantiles_f_agg_mean_isabs_True_qh_1_0_ql_0_4_ratio', 'RAW_1_stats_range_ratio', 'RAW_10_agg_linear_trend_attr_rvalue_chunk_len_10_f_agg_max_diff', 'RAW_1_stats_median_whole', 'RAW_1_stats_median_diff', 'RAW_10_change_quantiles_f_agg_var_isabs_False_qh_0_8_ql_0_0_whole', 'RAW_8_sample_entropy_diff', 'RAW_10_agg_linear_trend_attr_rvalue_chunk_len_10_f_agg_max_right', 'RAW_8_cond_entropy_left', 'RAW_1_stats_min_diff', 'RAW_2_ttest_pvalue', 'RAW_11_param_3_right', 'RAW_10_ratio_beyond_r_sigma_6_ratio', 'RAW_10_percentage_of_reoccurring_datapoints_to_all_datapoints_left', 'RAW_10_fft_coefficient_attr_imag_coeff_1_left', 'RAW_11_param_5_diff', 'RAW_10_ratio_beyond_r_sigma_1_5_whole', 'RAW_1_stats_median_right', 'RAW_10_change_quantiles_f_agg_var_isabs_False_qh_0_8_ql_0_4_ratio', 'RAW_8_detrended_fluctuation_whole', 'RAW_10_percentage_of_reoccurring_datapoints_to_all_datapoints_ratio', 'RAW_1_stats_mean_right', 'RAW_8_sample_entropy_right', 'RAW_10_change_quantiles_f_agg_var_isabs_False_qh_0_8_ql_0_0_right', 'RAW_10_change_quantiles_f_agg_var_isabs_False_qh_0_6_ql_0_4_whole', 'RAW_2_shapiro_pvalue_whole', 'RAW_10_change_quantiles_f_agg_var_isabs_False_qh_0_6_ql_0_4_left', 'RAW_10_change_quantiles_f_agg_var_isabs_False_qh_0_6_ql_0_4_diff']
--------------------------------------------------
Starting 5-fold cross-validation with LightGBM...
--- Fold 1/5 ---
Traceback (most recent call last):
  File "/home/mutianhong/anaconda3/envs/sb/lib/python3.10/runpy.py", line 196, in _run_module_as_main
    return _run_code(code, main_globals, None,
  File "/home/mutianhong/anaconda3/envs/sb/lib/python3.10/runpy.py", line 86, in _run_code
    exec(code, run_globals)
  File "/home/mutianhong/work/crunch_break_point/ADIA-Lab-Structural-Break/experiment/main.py", line 100, in <module>
    main() 
  File "/home/mutianhong/work/crunch_break_point/ADIA-Lab-Structural-Break/experiment/main.py", line 75, in main
    models, oof_auc = train.train_and_evaluate(
  File "/home/mutianhong/work/crunch_break_point/ADIA-Lab-Structural-Break/experiment/train.py", line 110, in train_and_evaluate
    model.fit(
  File "/home/mutianhong/anaconda3/envs/sb/lib/python3.10/site-packages/lightgbm/sklearn.py", line 1560, in fit
    super().fit(
  File "/home/mutianhong/anaconda3/envs/sb/lib/python3.10/site-packages/lightgbm/sklearn.py", line 1049, in fit
    self._Booster = train(
  File "/home/mutianhong/anaconda3/envs/sb/lib/python3.10/site-packages/lightgbm/engine.py", line 322, in train
    booster.update(fobj=fobj)
  File "/home/mutianhong/anaconda3/envs/sb/lib/python3.10/site-packages/lightgbm/basic.py", line 4155, in update
    _LIB.LGBM_BoosterUpdateOneIter(
KeyboardInterrupt
[LightGBM] [Info] Number of positive: 2327, number of negative: 5673
[LightGBM] [Info] Auto-choosing col-wise multi-threading, the overhead of testing was 0.025744 seconds.
You can set `force_col_wise=true` to remove the overhead.
[LightGBM] [Info] Total Bins 21675
[LightGBM] [Info] Number of data points in the train set: 8000, number of used features: 85
[LightGBM] [Info] [binary:BoostFromScore]: pavg=0.290875 -> initscore=-0.891138
[LightGBM] [Info] Start training from score -0.891138
Traceback (most recent call last):
  File "/home/mutianhong/anaconda3/envs/sb/lib/python3.10/runpy.py", line 196, in _run_module_as_main
    return _run_code(code, main_globals, None,
  File "/home/mutianhong/anaconda3/envs/sb/lib/python3.10/runpy.py", line 86, in _run_code
    exec(code, run_globals)
  File "/home/mutianhong/work/crunch_break_point/ADIA-Lab-Structural-Break/experiment/main.py", line 6, in <module>
    from . import utils, data, features, train, config
  File "/home/mutianhong/work/crunch_break_point/ADIA-Lab-Structural-Break/experiment/features.py", line 6, in <module>
    import antropy
  File "/home/mutianhong/anaconda3/envs/sb/lib/python3.10/site-packages/antropy/__init__.py", line 2, in <module>
    from .entropy import *
  File "/home/mutianhong/anaconda3/envs/sb/lib/python3.10/site-packages/antropy/entropy.py", line 417, in <module>
    def _numba_sampen(sequence, order, r):
  File "/home/mutianhong/anaconda3/envs/sb/lib/python3.10/site-packages/numba/core/decorators.py", line 232, in wrapper
    disp.compile(sig)
  File "/home/mutianhong/anaconda3/envs/sb/lib/python3.10/site-packages/numba/core/dispatcher.py", line 904, in compile
    cres = self._compiler.compile(args, return_type)
  File "/home/mutianhong/anaconda3/envs/sb/lib/python3.10/site-packages/numba/core/dispatcher.py", line 80, in compile
    status, retval = self._compile_cached(args, return_type)
  File "/home/mutianhong/anaconda3/envs/sb/lib/python3.10/site-packages/numba/core/dispatcher.py", line 94, in _compile_cached
    retval = self._compile_core(args, return_type)
  File "/home/mutianhong/anaconda3/envs/sb/lib/python3.10/site-packages/numba/core/dispatcher.py", line 107, in _compile_core
    cres = compiler.compile_extra(self.targetdescr.typing_context,
  File "/home/mutianhong/anaconda3/envs/sb/lib/python3.10/site-packages/numba/core/compiler.py", line 739, in compile_extra
    return pipeline.compile_extra(func)
  File "/home/mutianhong/anaconda3/envs/sb/lib/python3.10/site-packages/numba/core/compiler.py", line 439, in compile_extra
    return self._compile_bytecode()
  File "/home/mutianhong/anaconda3/envs/sb/lib/python3.10/site-packages/numba/core/compiler.py", line 505, in _compile_bytecode
    return self._compile_core()
  File "/home/mutianhong/anaconda3/envs/sb/lib/python3.10/site-packages/numba/core/compiler.py", line 473, in _compile_core
    pm.run(self.state)
  File "/home/mutianhong/anaconda3/envs/sb/lib/python3.10/site-packages/numba/core/compiler_machinery.py", line 356, in run
    self._runPass(idx, pass_inst, state)
  File "/home/mutianhong/anaconda3/envs/sb/lib/python3.10/site-packages/numba/core/compiler_lock.py", line 35, in _acquire_compile_lock
    return func(*args, **kwargs)
  File "/home/mutianhong/anaconda3/envs/sb/lib/python3.10/site-packages/numba/core/compiler_machinery.py", line 311, in _runPass
    mutated |= check(pss.run_pass, internal_state)
  File "/home/mutianhong/anaconda3/envs/sb/lib/python3.10/site-packages/numba/core/compiler_machinery.py", line 272, in check
    mangled = func(compiler_state)
  File "/home/mutianhong/anaconda3/envs/sb/lib/python3.10/site-packages/numba/core/typed_passes.py", line 468, in run_pass
    lower.lower()
  File "/home/mutianhong/anaconda3/envs/sb/lib/python3.10/site-packages/numba/core/lowering.py", line 193, in lower
    self.lower_normal_function(self.fndesc)
  File "/home/mutianhong/anaconda3/envs/sb/lib/python3.10/site-packages/numba/core/lowering.py", line 232, in lower_normal_function
    entry_block_tail = self.lower_function_body()
  File "/home/mutianhong/anaconda3/envs/sb/lib/python3.10/site-packages/numba/core/lowering.py", line 262, in lower_function_body
    self.lower_block(block)
  File "/home/mutianhong/anaconda3/envs/sb/lib/python3.10/site-packages/numba/core/lowering.py", line 276, in lower_block
    self.lower_inst(inst)
  File "/home/mutianhong/anaconda3/envs/sb/lib/python3.10/site-packages/numba/core/lowering.py", line 462, in lower_inst
    val = self.lower_assign(ty, inst)
  File "/home/mutianhong/anaconda3/envs/sb/lib/python3.10/site-packages/numba/core/lowering.py", line 674, in lower_assign
    return self.lower_expr(ty, value)
  File "/home/mutianhong/anaconda3/envs/sb/lib/python3.10/site-packages/numba/core/lowering.py", line 1244, in lower_expr
    return self.lower_binop(resty, expr, expr.fn)
  File "/home/mutianhong/anaconda3/envs/sb/lib/python3.10/site-packages/numba/core/lowering.py", line 805, in lower_binop
    sig = op.get_call_type(self.context.typing_context, signature.args, {})
  File "/home/mutianhong/anaconda3/envs/sb/lib/python3.10/site-packages/numba/core/types/functions.py", line 308, in get_call_type
    sig = temp.apply(nolitargs, nolitkws)
  File "/home/mutianhong/anaconda3/envs/sb/lib/python3.10/site-packages/numba/core/typing/templates.py", line 358, in apply
    sig = generic(args, kws)
  File "/home/mutianhong/anaconda3/envs/sb/lib/python3.10/site-packages/numba/core/typing/npydecl.py", line 206, in generic
    sig = super(NumpyRulesArrayOperator, self).generic(args, kws)
  File "/home/mutianhong/anaconda3/envs/sb/lib/python3.10/site-packages/numba/core/typing/npydecl.py", line 97, in generic
    base_types, explicit_outputs, ndims, layout = self._handle_inputs(
  File "/home/mutianhong/anaconda3/envs/sb/lib/python3.10/site-packages/numba/core/typing/npydecl.py", line 70, in _handle_inputs
    base_types = [x.dtype if isinstance(x, types.ArrayCompatible) else x
  File "/home/mutianhong/anaconda3/envs/sb/lib/python3.10/site-packages/numba/core/typing/npydecl.py", line 70, in <listcomp>
    base_types = [x.dtype if isinstance(x, types.ArrayCompatible) else x
  File "/home/mutianhong/anaconda3/envs/sb/lib/python3.10/abc.py", line 119, in __instancecheck__
    return _abc_instancecheck(cls, instance)
KeyboardInterrupt
