2025-08-29 17:01:26 - FeatureEng-20250829_170126 - INFO - ========== Running Command: gen-feats ==========
2025-08-29 17:01:26 - FeatureEng-20250829_170126 - INFO - Args: {'command': 'gen-feats', 'funcs': None, 'trans': None, 'base_file': None}
2025-08-29 17:01:26 - FeatureEng-20250829_170126 - INFO - =======================================
2025-08-29 17:01:26 - FeatureEng-20250829_170126 - INFO - Loading data...
2025-08-29 17:01:27 - FeatureEng-20250829_170126 - INFO - Original data loaded successfully.
2025-08-29 17:01:27 - FeatureEng-20250829_170126 - INFO - X_train shape: (23715734, 2)
2025-08-29 17:01:27 - FeatureEng-20250829_170126 - INFO - X_train type: <class 'pandas.core.frame.DataFrame'>
2025-08-29 17:01:27 - FeatureEng-20250829_170126 - INFO - y_train shape: (10001, 1)
2025-08-29 17:01:27 - FeatureEng-20250829_170126 - INFO - y_train type: <class 'pandas.core.frame.DataFrame'>
2025-08-29 17:01:27 - FeatureEng-20250829_170126 - INFO - Loading enhancement data with IDs: ['0']
2025-08-29 17:01:27 - FeatureEng-20250829_170126 - INFO - Total datasets loaded: 1
2025-08-29 17:01:27 - FeatureEng-20250829_170126 - INFO - Dataset 0: X shape (23715734, 2), y shape (10001, 1)
2025-08-29 17:01:27 - FeatureEng-20250829_170126 - INFO - 输入为字典格式，包含数据ID: ['0']
2025-08-29 17:01:27 - FeatureEng-20250829_170126 - INFO - 未指定特征函数，将运行所有 12 个非实验性特征。
2025-08-29 17:01:27 - FeatureEng-20250829_170126 - INFO - 未找到基础特征文件，将创建全新的特征集。
2025-08-29 17:01:27 - FeatureEng-20250829_170126 - INFO - 为数据ID '0' 创建新的特征DataFrame，包含 10001 个样本
2025-08-29 17:01:27 - FeatureEng-20250829_170126 - INFO - 基础特征字典包含数据ID: ['0']
2025-08-29 17:01:27 - FeatureEng-20250829_170126 - INFO -   数据ID '0': (10001, 0)
2025-08-29 17:01:27 - FeatureEng-20250829_170126 - INFO - === 开始为数据ID '0' 生成特征 ===
2025-08-29 17:01:27 - FeatureEng-20250829_170126 - INFO - --- 开始时序分解（数据ID: 0） ---
2025-08-29 17:01:27 - FeatureEng-20250829_170126 - INFO - --- 开始应用变换函数: no_transformation ---
2025-08-29 17:01:27 - FeatureEng-20250829_170126 - INFO - 'no_transformation' 变换完毕，耗时: 0.00 秒，生成模态: ['RAW']
2025-08-29 17:01:27 - FeatureEng-20250829_170126 - INFO - --- 开始应用变换函数: cumsum_transformation ---
2025-08-29 17:01:35 - FeatureEng-20250829_170126 - INFO - 'cumsum_transformation' 变换完毕，耗时: 7.44 秒，生成模态: ['CUMSUM']
2025-08-29 17:01:35 - FeatureEng-20250829_170126 - INFO - --- 开始应用变换函数: diff_transformation ---
