2025-07-20 17:19:23 - FeatureEng-20250720_171923 - INFO - ========== Running Command: gen-feats ==========
2025-07-20 17:19:23 - FeatureEng-20250720_171923 - INFO - Args: {'command': 'gen-feats', 'funcs': None, 'trans': None, 'base_file': None}
2025-07-20 17:19:23 - FeatureEng-20250720_171923 - INFO - =======================================
2025-07-20 17:19:23 - FeatureEng-20250720_171923 - INFO - Loading data...
2025-07-20 17:19:24 - FeatureEng-20250720_171923 - INFO - Original data loaded successfully.
2025-07-20 17:19:24 - FeatureEng-20250720_171923 - INFO - X_train shape: (23715734, 2)
2025-07-20 17:19:24 - FeatureEng-20250720_171923 - INFO - y_train shape: (10001, 1)
2025-07-20 17:19:24 - FeatureEng-20250720_171923 - INFO - Loading enhancement data with IDs: ['1', '2']
2025-07-20 17:19:26 - FeatureEng-20250720_171923 - INFO - Enhancement data 1 loaded and merged.
2025-07-20 17:19:26 - FeatureEng-20250720_171923 - INFO - New X_train shape: (47431468, 2)
2025-07-20 17:19:26 - FeatureEng-20250720_171923 - INFO - New y_train shape: (20002, 1)
2025-07-20 17:19:28 - FeatureEng-20250720_171923 - INFO - Enhancement data 2 loaded and merged.
2025-07-20 17:19:28 - FeatureEng-20250720_171923 - INFO - New X_train shape: (71147202, 2)
2025-07-20 17:19:28 - FeatureEng-20250720_171923 - INFO - New y_train shape: (30003, 1)
2025-07-20 17:19:28 - FeatureEng-20250720_171923 - INFO - 未指定特征函数，将运行所有 12 个非实验性特征。
2025-07-20 17:19:28 - FeatureEng-20250720_171923 - INFO - 未找到基础特征文件，将创建全新的特征集。
2025-07-20 17:19:29 - FeatureEng-20250720_171923 - INFO - 基础特征文件格式：(10003, 0)
2025-07-20 17:19:29 - FeatureEng-20250720_171923 - INFO - === 开始时序分解 ===
2025-07-20 17:19:29 - FeatureEng-20250720_171923 - INFO - --- 开始应用变换函数: no_transformation ---
2025-07-20 17:19:29 - FeatureEng-20250720_171923 - INFO - 'no_transformation' 变换完毕，耗时: 0.00 秒，生成模态: ['RAW']
2025-07-20 17:19:29 - FeatureEng-20250720_171923 - INFO - 分解完成，共生成 1 个模态: ['RAW']
2025-07-20 17:19:29 - FeatureEng-20250720_171923 - INFO - === 开始为模态 'RAW' 生成特征 ===
2025-07-20 17:19:29 - FeatureEng-20250720_171923 - INFO - --- 开始生成特征: distribution_stats_features ---
