2025-07-25 15:23:48 - FeatureEng-20250725_152348 - INFO - ========== Running Command: gen-interactions ==========
2025-07-25 15:23:48 - FeatureEng-20250725_152348 - INFO - Args: {'command': 'gen-interactions', 'importance_file': None, 'base_file': None, 'add': False, 'sub': False, 'div': False, 'mul': True}
2025-07-25 15:23:48 - FeatureEng-20250725_152348 - INFO - =======================================
2025-07-25 15:23:48 - FeatureEng-20250725_152348 - INFO - 从配置文件中识别出 Top 10 特征: ['RAW_1_stats_cv_whole', 'RAW_10_percentage_of_reoccurring_values_to_all_values_contribution_left', 'RAW_10_percentage_of_reoccurring_datapoints_to_all_datapoints_contribution_left', 'RAW_1_stats_std_whole', 'RAW_8_sample_entropy_left', 'RAW_2_ks_stat', 'RAW_10_quantile_0_4_whole', 'RAW_10_fft_coefficient_attr_imag_coeff_1_ratio_to_whole_left', 'RAW_2_bartlett_pvalue', 'RAW_10_percentage_of_reoccurring_values_to_all_values_ratio_to_whole_left']
2025-07-25 15:23:48 - FeatureEng-20250725_152348 - INFO - 将基于特征文件进行更新: features_20250724_232149.parquet
2025-07-25 15:23:49 - FeatureEng-20250725_152348 - INFO - 加载字典格式特征文件，包含数据ID: ['0', '1', '2']
2025-07-25 15:23:49 - FeatureEng-20250725_152348 - INFO - 
为数据ID '0' 生成交互特征...
2025-07-25 15:23:49 - FeatureEng-20250725_152348 - INFO -   数据ID '0' 成功创建 45 个交互特征
2025-07-25 15:23:49 - FeatureEng-20250725_152348 - INFO - 
为数据ID '1' 生成交互特征...
2025-07-25 15:23:49 - FeatureEng-20250725_152348 - INFO -   数据ID '1' 成功创建 45 个交互特征
2025-07-25 15:23:49 - FeatureEng-20250725_152348 - INFO - 
为数据ID '2' 生成交互特征...
2025-07-25 15:23:49 - FeatureEng-20250725_152348 - INFO -   数据ID '2' 成功创建 45 个交互特征
2025-07-25 15:23:49 - FeatureEng-20250725_152348 - INFO - 已将基础文件 features_20250724_232149.parquet 备份到: E:\ggq的文件\比赛\25-ADIA-Lab-Structure-Break\ADIA-Lab-Structural-Break\feature_dfs\backups
2025-07-25 15:23:49 - FeatureEng-20250725_152348 - INFO - 找到 3 个相关的增强数据文件
2025-07-25 15:23:49 - FeatureEng-20250725_152348 - INFO - 已将增强数据文件 features_20250724_232149_id_0.parquet 备份到: E:\ggq的文件\比赛\25-ADIA-Lab-Structure-Break\ADIA-Lab-Structural-Break\feature_dfs\backups
2025-07-25 15:23:49 - FeatureEng-20250725_152348 - INFO - 已将增强数据文件 features_20250724_232149_id_1.parquet 备份到: E:\ggq的文件\比赛\25-ADIA-Lab-Structure-Break\ADIA-Lab-Structural-Break\feature_dfs\backups
2025-07-25 15:23:49 - FeatureEng-20250725_152348 - INFO - 已将增强数据文件 features_20250724_232149_id_2.parquet 备份到: E:\ggq的文件\比赛\25-ADIA-Lab-Structure-Break\ADIA-Lab-Structural-Break\feature_dfs\backups
2025-07-25 15:23:51 - FeatureEng-20250725_152348 - INFO - 交互特征已保存到新文件: features_20250725_152349.parquet
2025-07-25 15:23:51 - FeatureEng-20250725_152348 - INFO - 
=== 交互特征生成完成统计 ===
2025-07-25 15:23:51 - FeatureEng-20250725_152348 - INFO - 数据ID '0': 1040 -> 1085 个特征 (+45)
2025-07-25 15:23:51 - FeatureEng-20250725_152348 - INFO - 数据ID '1': 1040 -> 1085 个特征 (+45)
2025-07-25 15:23:51 - FeatureEng-20250725_152348 - INFO - 数据ID '2': 1040 -> 1085 个特征 (+45)
2025-07-25 15:23:51 - FeatureEng-20250725_152348 - INFO - 
新增的交互特征列表 (共 45 个):
2025-07-25 15:23:51 - FeatureEng-20250725_152348 - INFO - ['RAW_1_stats_cv_whole_mul_RAW_10_percentage_of_reoccurring_values_to_all_values_contribution_left', 'RAW_1_stats_cv_whole_mul_RAW_10_percentage_of_reoccurring_datapoints_to_all_datapoints_contribution_left', 'RAW_1_stats_cv_whole_mul_RAW_1_stats_std_whole', 'RAW_1_stats_cv_whole_mul_RAW_8_sample_entropy_left', 'RAW_1_stats_cv_whole_mul_RAW_2_ks_stat', 'RAW_1_stats_cv_whole_mul_RAW_10_quantile_0_4_whole', 'RAW_1_stats_cv_whole_mul_RAW_10_fft_coefficient_attr_imag_coeff_1_ratio_to_whole_left', 'RAW_1_stats_cv_whole_mul_RAW_2_bartlett_pvalue', 'RAW_1_stats_cv_whole_mul_RAW_10_percentage_of_reoccurring_values_to_all_values_ratio_to_whole_left', 'RAW_10_percentage_of_reoccurring_values_to_all_values_contribution_left_mul_RAW_10_percentage_of_reoccurring_datapoints_to_all_datapoints_contribution_left', 'RAW_10_percentage_of_reoccurring_values_to_all_values_contribution_left_mul_RAW_1_stats_std_whole', 'RAW_10_percentage_of_reoccurring_values_to_all_values_contribution_left_mul_RAW_8_sample_entropy_left', 'RAW_10_percentage_of_reoccurring_values_to_all_values_contribution_left_mul_RAW_2_ks_stat', 'RAW_10_percentage_of_reoccurring_values_to_all_values_contribution_left_mul_RAW_10_quantile_0_4_whole', 'RAW_10_percentage_of_reoccurring_values_to_all_values_contribution_left_mul_RAW_10_fft_coefficient_attr_imag_coeff_1_ratio_to_whole_left', 'RAW_10_percentage_of_reoccurring_values_to_all_values_contribution_left_mul_RAW_2_bartlett_pvalue', 'RAW_10_percentage_of_reoccurring_values_to_all_values_contribution_left_mul_RAW_10_percentage_of_reoccurring_values_to_all_values_ratio_to_whole_left', 'RAW_10_percentage_of_reoccurring_datapoints_to_all_datapoints_contribution_left_mul_RAW_1_stats_std_whole', 'RAW_10_percentage_of_reoccurring_datapoints_to_all_datapoints_contribution_left_mul_RAW_8_sample_entropy_left', 'RAW_10_percentage_of_reoccurring_datapoints_to_all_datapoints_contribution_left_mul_RAW_2_ks_stat', 'RAW_10_percentage_of_reoccurring_datapoints_to_all_datapoints_contribution_left_mul_RAW_10_quantile_0_4_whole', 'RAW_10_percentage_of_reoccurring_datapoints_to_all_datapoints_contribution_left_mul_RAW_10_fft_coefficient_attr_imag_coeff_1_ratio_to_whole_left', 'RAW_10_percentage_of_reoccurring_datapoints_to_all_datapoints_contribution_left_mul_RAW_2_bartlett_pvalue', 'RAW_10_percentage_of_reoccurring_datapoints_to_all_datapoints_contribution_left_mul_RAW_10_percentage_of_reoccurring_values_to_all_values_ratio_to_whole_left', 'RAW_1_stats_std_whole_mul_RAW_8_sample_entropy_left', 'RAW_1_stats_std_whole_mul_RAW_2_ks_stat', 'RAW_1_stats_std_whole_mul_RAW_10_quantile_0_4_whole', 'RAW_1_stats_std_whole_mul_RAW_10_fft_coefficient_attr_imag_coeff_1_ratio_to_whole_left', 'RAW_1_stats_std_whole_mul_RAW_2_bartlett_pvalue', 'RAW_1_stats_std_whole_mul_RAW_10_percentage_of_reoccurring_values_to_all_values_ratio_to_whole_left', 'RAW_8_sample_entropy_left_mul_RAW_2_ks_stat', 'RAW_8_sample_entropy_left_mul_RAW_10_quantile_0_4_whole', 'RAW_8_sample_entropy_left_mul_RAW_10_fft_coefficient_attr_imag_coeff_1_ratio_to_whole_left', 'RAW_8_sample_entropy_left_mul_RAW_2_bartlett_pvalue', 'RAW_8_sample_entropy_left_mul_RAW_10_percentage_of_reoccurring_values_to_all_values_ratio_to_whole_left', 'RAW_2_ks_stat_mul_RAW_10_quantile_0_4_whole', 'RAW_2_ks_stat_mul_RAW_10_fft_coefficient_attr_imag_coeff_1_ratio_to_whole_left', 'RAW_2_ks_stat_mul_RAW_2_bartlett_pvalue', 'RAW_2_ks_stat_mul_RAW_10_percentage_of_reoccurring_values_to_all_values_ratio_to_whole_left', 'RAW_10_quantile_0_4_whole_mul_RAW_10_fft_coefficient_attr_imag_coeff_1_ratio_to_whole_left', 'RAW_10_quantile_0_4_whole_mul_RAW_2_bartlett_pvalue', 'RAW_10_quantile_0_4_whole_mul_RAW_10_percentage_of_reoccurring_values_to_all_values_ratio_to_whole_left', 'RAW_10_fft_coefficient_attr_imag_coeff_1_ratio_to_whole_left_mul_RAW_2_bartlett_pvalue', 'RAW_10_fft_coefficient_attr_imag_coeff_1_ratio_to_whole_left_mul_RAW_10_percentage_of_reoccurring_values_to_all_values_ratio_to_whole_left', 'RAW_2_bartlett_pvalue_mul_RAW_10_percentage_of_reoccurring_values_to_all_values_ratio_to_whole_left']
2025-07-25 15:23:51 - FeatureEng-20250725_152348 - INFO - 交互特征生成完成。新文件: features_20250725_152349.parquet, 总特征数: 3255
