2025-07-16 10:58:18 - FeatureEng-20250716_105818 - INFO - ========== Running Command: gen-feats ==========
2025-07-16 10:58:18 - FeatureEng-20250716_105818 - INFO - Args: {'command': 'gen-feats', 'funcs': None, 'trans': None, 'base_file': None}
2025-07-16 10:58:18 - FeatureEng-20250716_105818 - INFO - =======================================
2025-07-16 10:58:21 - FeatureEng-20250716_105818 - INFO - 未指定特征函数，将运行所有 12 个非实验性特征。
2025-07-16 10:58:21 - FeatureEng-20250716_105818 - INFO - 未找到基础特征文件，将创建全新的特征集。
2025-07-16 10:58:22 - FeatureEng-20250716_105818 - INFO - 基础特征文件格式：(10001, 0)
2025-07-16 10:58:22 - FeatureEng-20250716_105818 - INFO - === 开始时序分解 ===
2025-07-16 10:58:22 - FeatureEng-20250716_105818 - INFO - --- 开始应用变换函数: no_transformation ---
2025-07-16 10:58:22 - FeatureEng-20250716_105818 - INFO - 'no_transformation' 变换完毕，耗时: 0.00 秒，生成模态: ['RAW']
2025-07-16 10:58:22 - FeatureEng-20250716_105818 - INFO - 分解完成，共生成 1 个模态: ['RAW']
2025-07-16 10:58:22 - FeatureEng-20250716_105818 - INFO - === 开始为模态 'RAW' 生成特征 ===
2025-07-16 10:58:22 - FeatureEng-20250716_105818 - INFO - --- 开始生成特征: distribution_stats_features ---
2025-07-16 11:05:36 - FeatureEng-20250716_105818 - INFO - 'distribution_stats_features' 生成完毕，耗时: 434.11 秒。
2025-07-16 11:05:36 - FeatureEng-20250716_105818 - INFO -   新生成特征列名: ['RAW_1_stats_mean_left', 'RAW_1_stats_mean_right', 'RAW_1_stats_mean_whole', 'RAW_1_stats_mean_diff', 'RAW_1_stats_mean_ratio', 'RAW_1_stats_median_left', 'RAW_1_stats_median_right', 'RAW_1_stats_median_whole', 'RAW_1_stats_median_diff', 'RAW_1_stats_median_ratio', 'RAW_1_stats_max_left', 'RAW_1_stats_max_right', 'RAW_1_stats_max_whole', 'RAW_1_stats_max_diff', 'RAW_1_stats_max_ratio', 'RAW_1_stats_min_left', 'RAW_1_stats_min_right', 'RAW_1_stats_min_whole', 'RAW_1_stats_min_diff', 'RAW_1_stats_min_ratio', 'RAW_1_stats_range_left', 'RAW_1_stats_range_right', 'RAW_1_stats_range_whole', 'RAW_1_stats_range_diff', 'RAW_1_stats_range_ratio', 'RAW_1_stats_std_left', 'RAW_1_stats_std_right', 'RAW_1_stats_std_whole', 'RAW_1_stats_std_diff', 'RAW_1_stats_std_ratio', 'RAW_1_stats_skew_left', 'RAW_1_stats_skew_right', 'RAW_1_stats_skew_whole', 'RAW_1_stats_skew_diff', 'RAW_1_stats_skew_ratio', 'RAW_1_stats_kurt_left', 'RAW_1_stats_kurt_right', 'RAW_1_stats_kurt_whole', 'RAW_1_stats_kurt_diff', 'RAW_1_stats_kurt_ratio', 'RAW_1_stats_cv_left', 'RAW_1_stats_cv_right', 'RAW_1_stats_cv_whole', 'RAW_1_stats_cv_diff', 'RAW_1_stats_cv_ratio', 'RAW_1_stats_mean_of_rolling_std_left', 'RAW_1_stats_mean_of_rolling_std_right', 'RAW_1_stats_mean_of_rolling_std_whole', 'RAW_1_stats_mean_of_rolling_std_diff', 'RAW_1_stats_mean_of_rolling_std_ratio', 'RAW_1_stats_theil_sen_slope_left', 'RAW_1_stats_theil_sen_slope_right', 'RAW_1_stats_theil_sen_slope_whole', 'RAW_1_stats_theil_sen_slope_diff', 'RAW_1_stats_theil_sen_slope_ratio']
2025-07-16 11:05:36 - FeatureEng-20250716_105818 - INFO -     - 'RAW_1_stats_mean_left': 空值比例=0.00%, 零值比例=0.00%
2025-07-16 11:05:36 - FeatureEng-20250716_105818 - INFO -     - 'RAW_1_stats_mean_right': 空值比例=0.00%, 零值比例=0.00%
2025-07-16 11:05:36 - FeatureEng-20250716_105818 - INFO -     - 'RAW_1_stats_mean_whole': 空值比例=0.00%, 零值比例=0.00%
2025-07-16 11:05:36 - FeatureEng-20250716_105818 - INFO -     - 'RAW_1_stats_mean_diff': 空值比例=0.00%, 零值比例=0.00%
2025-07-16 11:05:36 - FeatureEng-20250716_105818 - INFO -     - 'RAW_1_stats_mean_ratio': 空值比例=0.00%, 零值比例=0.00%
2025-07-16 11:05:36 - FeatureEng-20250716_105818 - INFO -     - 'RAW_1_stats_median_left': 空值比例=0.00%, 零值比例=0.00%
2025-07-16 11:05:36 - FeatureEng-20250716_105818 - INFO -     - 'RAW_1_stats_median_right': 空值比例=0.00%, 零值比例=0.00%
2025-07-16 11:05:36 - FeatureEng-20250716_105818 - INFO -     - 'RAW_1_stats_median_whole': 空值比例=0.00%, 零值比例=0.00%
2025-07-16 11:05:36 - FeatureEng-20250716_105818 - INFO -     - 'RAW_1_stats_median_diff': 空值比例=0.00%, 零值比例=0.01%
2025-07-16 11:05:36 - FeatureEng-20250716_105818 - INFO -     - 'RAW_1_stats_median_ratio': 空值比例=0.00%, 零值比例=0.00%
2025-07-16 11:05:36 - FeatureEng-20250716_105818 - INFO -     - 'RAW_1_stats_max_left': 空值比例=0.00%, 零值比例=0.00%
2025-07-16 11:05:36 - FeatureEng-20250716_105818 - INFO -     - 'RAW_1_stats_max_right': 空值比例=0.00%, 零值比例=0.00%
2025-07-16 11:05:36 - FeatureEng-20250716_105818 - INFO -     - 'RAW_1_stats_max_whole': 空值比例=0.00%, 零值比例=0.00%
2025-07-16 11:05:36 - FeatureEng-20250716_105818 - INFO -     - 'RAW_1_stats_max_diff': 空值比例=0.00%, 零值比例=0.04%
2025-07-16 11:05:36 - FeatureEng-20250716_105818 - INFO -     - 'RAW_1_stats_max_ratio': 空值比例=0.00%, 零值比例=0.00%
2025-07-16 11:05:36 - FeatureEng-20250716_105818 - INFO -     - 'RAW_1_stats_min_left': 空值比例=0.00%, 零值比例=0.00%
2025-07-16 11:05:36 - FeatureEng-20250716_105818 - INFO -     - 'RAW_1_stats_min_right': 空值比例=0.00%, 零值比例=0.00%
2025-07-16 11:05:36 - FeatureEng-20250716_105818 - INFO -     - 'RAW_1_stats_min_whole': 空值比例=0.00%, 零值比例=0.00%
2025-07-16 11:05:36 - FeatureEng-20250716_105818 - INFO -     - 'RAW_1_stats_min_diff': 空值比例=0.00%, 零值比例=0.06%
2025-07-16 11:05:36 - FeatureEng-20250716_105818 - INFO -     - 'RAW_1_stats_min_ratio': 空值比例=0.00%, 零值比例=0.00%
2025-07-16 11:05:36 - FeatureEng-20250716_105818 - INFO -     - 'RAW_1_stats_range_left': 空值比例=0.00%, 零值比例=0.00%
2025-07-16 11:05:36 - FeatureEng-20250716_105818 - INFO -     - 'RAW_1_stats_range_right': 空值比例=0.00%, 零值比例=0.00%
2025-07-16 11:05:36 - FeatureEng-20250716_105818 - INFO -     - 'RAW_1_stats_range_whole': 空值比例=0.00%, 零值比例=0.00%
2025-07-16 11:05:36 - FeatureEng-20250716_105818 - INFO -     - 'RAW_1_stats_range_diff': 空值比例=0.00%, 零值比例=0.00%
2025-07-16 11:05:36 - FeatureEng-20250716_105818 - INFO -     - 'RAW_1_stats_range_ratio': 空值比例=0.00%, 零值比例=0.00%
2025-07-16 11:05:36 - FeatureEng-20250716_105818 - INFO -     - 'RAW_1_stats_std_left': 空值比例=0.00%, 零值比例=0.00%
2025-07-16 11:05:36 - FeatureEng-20250716_105818 - INFO -     - 'RAW_1_stats_std_right': 空值比例=0.00%, 零值比例=0.00%
2025-07-16 11:05:36 - FeatureEng-20250716_105818 - INFO -     - 'RAW_1_stats_std_whole': 空值比例=0.00%, 零值比例=0.00%
2025-07-16 11:05:36 - FeatureEng-20250716_105818 - INFO -     - 'RAW_1_stats_std_diff': 空值比例=0.00%, 零值比例=0.00%
2025-07-16 11:05:36 - FeatureEng-20250716_105818 - INFO -     - 'RAW_1_stats_std_ratio': 空值比例=0.00%, 零值比例=0.00%
2025-07-16 11:05:36 - FeatureEng-20250716_105818 - INFO -     - 'RAW_1_stats_skew_left': 空值比例=0.00%, 零值比例=0.00%
2025-07-16 11:05:36 - FeatureEng-20250716_105818 - INFO -     - 'RAW_1_stats_skew_right': 空值比例=0.00%, 零值比例=0.00%
2025-07-16 11:05:36 - FeatureEng-20250716_105818 - INFO -     - 'RAW_1_stats_skew_whole': 空值比例=0.00%, 零值比例=0.00%
2025-07-16 11:05:36 - FeatureEng-20250716_105818 - INFO -     - 'RAW_1_stats_skew_diff': 空值比例=0.00%, 零值比例=0.00%
2025-07-16 11:05:36 - FeatureEng-20250716_105818 - INFO -     - 'RAW_1_stats_skew_ratio': 空值比例=0.00%, 零值比例=0.00%
2025-07-16 11:05:36 - FeatureEng-20250716_105818 - INFO -     - 'RAW_1_stats_kurt_left': 空值比例=0.00%, 零值比例=0.00%
2025-07-16 11:05:36 - FeatureEng-20250716_105818 - INFO -     - 'RAW_1_stats_kurt_right': 空值比例=0.00%, 零值比例=0.00%
2025-07-16 11:05:36 - FeatureEng-20250716_105818 - INFO -     - 'RAW_1_stats_kurt_whole': 空值比例=0.00%, 零值比例=0.00%
2025-07-16 11:05:36 - FeatureEng-20250716_105818 - INFO -     - 'RAW_1_stats_kurt_diff': 空值比例=0.00%, 零值比例=0.00%
2025-07-16 11:05:36 - FeatureEng-20250716_105818 - INFO -     - 'RAW_1_stats_kurt_ratio': 空值比例=0.00%, 零值比例=0.00%
2025-07-16 11:05:36 - FeatureEng-20250716_105818 - INFO -     - 'RAW_1_stats_cv_left': 空值比例=0.00%, 零值比例=1.27%
2025-07-16 11:05:36 - FeatureEng-20250716_105818 - INFO -     - 'RAW_1_stats_cv_right': 空值比例=0.00%, 零值比例=0.51%
2025-07-16 11:05:36 - FeatureEng-20250716_105818 - INFO -     - 'RAW_1_stats_cv_whole': 空值比例=0.00%, 零值比例=1.46%
2025-07-16 11:05:36 - FeatureEng-20250716_105818 - INFO -     - 'RAW_1_stats_cv_diff': 空值比例=0.00%, 零值比例=0.09%
2025-07-16 11:05:36 - FeatureEng-20250716_105818 - INFO -     - 'RAW_1_stats_cv_ratio': 空值比例=0.00%, 零值比例=0.51%
2025-07-16 11:05:36 - FeatureEng-20250716_105818 - INFO -     - 'RAW_1_stats_mean_of_rolling_std_left': 空值比例=0.00%, 零值比例=0.00%
2025-07-16 11:05:36 - FeatureEng-20250716_105818 - INFO -     - 'RAW_1_stats_mean_of_rolling_std_right': 空值比例=0.00%, 零值比例=0.00%
2025-07-16 11:05:36 - FeatureEng-20250716_105818 - INFO -     - 'RAW_1_stats_mean_of_rolling_std_whole': 空值比例=0.00%, 零值比例=0.00%
2025-07-16 11:05:36 - FeatureEng-20250716_105818 - INFO -     - 'RAW_1_stats_mean_of_rolling_std_diff': 空值比例=0.00%, 零值比例=0.00%
2025-07-16 11:05:36 - FeatureEng-20250716_105818 - INFO -     - 'RAW_1_stats_mean_of_rolling_std_ratio': 空值比例=0.00%, 零值比例=0.00%
2025-07-16 11:05:36 - FeatureEng-20250716_105818 - INFO -     - 'RAW_1_stats_theil_sen_slope_left': 空值比例=0.00%, 零值比例=0.28%
2025-07-16 11:05:36 - FeatureEng-20250716_105818 - INFO -     - 'RAW_1_stats_theil_sen_slope_right': 空值比例=0.00%, 零值比例=0.52%
2025-07-16 11:05:36 - FeatureEng-20250716_105818 - INFO -     - 'RAW_1_stats_theil_sen_slope_whole': 空值比例=0.00%, 零值比例=0.31%
2025-07-16 11:05:36 - FeatureEng-20250716_105818 - INFO -     - 'RAW_1_stats_theil_sen_slope_diff': 空值比例=0.00%, 零值比例=0.01%
2025-07-16 11:05:36 - FeatureEng-20250716_105818 - INFO -     - 'RAW_1_stats_theil_sen_slope_ratio': 空值比例=0.00%, 零值比例=0.52%
2025-07-16 11:05:36 - FeatureEng-20250716_105818 - INFO - 
Number of new features: 55
2025-07-16 11:05:36 - FeatureEng-20250716_105818 - INFO - Number of loaded features: 0
2025-07-16 11:05:36 - FeatureEng-20250716_105818 - INFO - 
No new features show high correlation (|corr| > 0.7) with loaded features.
2025-07-16 11:05:36 - FeatureEng-20250716_105818 - INFO - 
No new features exceeded threshold |corr| > 0.95, nothing dropped.
2025-07-16 11:05:36 - FeatureEng-20250716_105818 - INFO - --- 开始生成特征: test_stats_features ---
2025-07-16 11:07:17 - FeatureEng-20250716_105818 - INFO - 'test_stats_features' 生成完毕，耗时: 101.13 秒。
2025-07-16 11:07:17 - FeatureEng-20250716_105818 - INFO -   新生成特征列名: ['RAW_2_ks_stat', 'RAW_2_ks_pvalue', 'RAW_2_ttest_pvalue', 'RAW_2_ad_stat', 'RAW_2_ad_pvalue', 'RAW_2_mannwhitney_stat', 'RAW_2_mannwhitney_pvalue', 'RAW_2_wilcoxon_stat', 'RAW_2_wilcoxon_pvalue', 'RAW_2_levene_stat', 'RAW_2_levene_pvalue', 'RAW_2_bartlett_stat', 'RAW_2_bartlett_pvalue', 'RAW_2_shapiro_pvalue_left', 'RAW_2_shapiro_pvalue_right', 'RAW_2_shapiro_pvalue_diff', 'RAW_2_jb_pvalue_left', 'RAW_2_jb_pvalue_right', 'RAW_2_jb_pvalue_diff', 'RAW_2_kpss_pvalue_left', 'RAW_2_kpss_pvalue_right', 'RAW_2_kpss_pvalue_diff', 'RAW_2_kpss_stat_diff', 'RAW_2_adf_pvalue_left', 'RAW_2_adf_pvalue_right', 'RAW_2_adf_pvalue_diff', 'RAW_2_adf_stat_diff', 'RAW_2_adf_icbest_diff']
2025-07-16 11:07:17 - FeatureEng-20250716_105818 - INFO -     - 'RAW_2_ks_stat': 空值比例=0.00%, 零值比例=0.00%
2025-07-16 11:07:17 - FeatureEng-20250716_105818 - INFO -     - 'RAW_2_ks_pvalue': 空值比例=0.00%, 零值比例=0.00%
2025-07-16 11:07:17 - FeatureEng-20250716_105818 - INFO -     - 'RAW_2_ttest_pvalue': 空值比例=0.00%, 零值比例=0.00%
2025-07-16 11:07:17 - FeatureEng-20250716_105818 - INFO -     - 'RAW_2_ad_stat': 空值比例=0.00%, 零值比例=0.00%
2025-07-16 11:07:17 - FeatureEng-20250716_105818 - INFO -     - 'RAW_2_ad_pvalue': 空值比例=0.00%, 零值比例=0.00%
2025-07-16 11:07:17 - FeatureEng-20250716_105818 - INFO -     - 'RAW_2_mannwhitney_stat': 空值比例=0.00%, 零值比例=0.00%
2025-07-16 11:07:17 - FeatureEng-20250716_105818 - INFO -     - 'RAW_2_mannwhitney_pvalue': 空值比例=0.00%, 零值比例=0.00%
2025-07-16 11:07:17 - FeatureEng-20250716_105818 - INFO -     - 'RAW_2_wilcoxon_stat': 空值比例=0.00%, 零值比例=0.00%
2025-07-16 11:07:17 - FeatureEng-20250716_105818 - INFO -     - 'RAW_2_wilcoxon_pvalue': 空值比例=0.00%, 零值比例=0.00%
2025-07-16 11:07:17 - FeatureEng-20250716_105818 - INFO -     - 'RAW_2_levene_stat': 空值比例=0.00%, 零值比例=0.00%
2025-07-16 11:07:17 - FeatureEng-20250716_105818 - INFO -     - 'RAW_2_levene_pvalue': 空值比例=0.00%, 零值比例=0.02%
2025-07-16 11:07:17 - FeatureEng-20250716_105818 - INFO -     - 'RAW_2_bartlett_stat': 空值比例=0.00%, 零值比例=0.00%
2025-07-16 11:07:17 - FeatureEng-20250716_105818 - INFO -     - 'RAW_2_bartlett_pvalue': 空值比例=0.00%, 零值比例=1.28%
2025-07-16 11:07:17 - FeatureEng-20250716_105818 - INFO -     - 'RAW_2_shapiro_pvalue_left': 空值比例=0.00%, 零值比例=0.00%
2025-07-16 11:07:17 - FeatureEng-20250716_105818 - INFO -     - 'RAW_2_shapiro_pvalue_right': 空值比例=0.00%, 零值比例=0.00%
2025-07-16 11:07:17 - FeatureEng-20250716_105818 - INFO -     - 'RAW_2_shapiro_pvalue_diff': 空值比例=0.00%, 零值比例=0.00%
2025-07-16 11:07:17 - FeatureEng-20250716_105818 - INFO -     - 'RAW_2_jb_pvalue_left': 空值比例=0.00%, 零值比例=41.56%
2025-07-16 11:07:17 - FeatureEng-20250716_105818 - INFO -     - 'RAW_2_jb_pvalue_right': 空值比例=0.00%, 零值比例=25.93%
2025-07-16 11:07:17 - FeatureEng-20250716_105818 - INFO -     - 'RAW_2_jb_pvalue_diff': 空值比例=0.00%, 零值比例=18.02%
2025-07-16 11:07:17 - FeatureEng-20250716_105818 - INFO -     - 'RAW_2_kpss_pvalue_left': 空值比例=0.00%, 零值比例=0.00%
2025-07-16 11:07:17 - FeatureEng-20250716_105818 - INFO -     - 'RAW_2_kpss_pvalue_right': 空值比例=0.00%, 零值比例=0.00%
2025-07-16 11:07:17 - FeatureEng-20250716_105818 - INFO -     - 'RAW_2_kpss_pvalue_diff': 空值比例=0.00%, 零值比例=81.62%
2025-07-16 11:07:17 - FeatureEng-20250716_105818 - INFO -     - 'RAW_2_kpss_stat_diff': 空值比例=0.00%, 零值比例=0.00%
2025-07-16 11:07:17 - FeatureEng-20250716_105818 - INFO -     - 'RAW_2_adf_pvalue_left': 空值比例=0.00%, 零值比例=61.73%
2025-07-16 11:07:17 - FeatureEng-20250716_105818 - INFO -     - 'RAW_2_adf_pvalue_right': 空值比例=0.00%, 零值比例=39.52%
2025-07-16 11:07:17 - FeatureEng-20250716_105818 - INFO -     - 'RAW_2_adf_pvalue_diff': 空值比例=0.00%, 零值比例=26.41%
2025-07-16 11:07:17 - FeatureEng-20250716_105818 - INFO -     - 'RAW_2_adf_stat_diff': 空值比例=0.00%, 零值比例=0.00%
2025-07-16 11:07:17 - FeatureEng-20250716_105818 - INFO -     - 'RAW_2_adf_icbest_diff': 空值比例=0.00%, 零值比例=0.00%
2025-07-16 11:07:17 - FeatureEng-20250716_105818 - INFO - 
Number of new features: 28
2025-07-16 11:07:17 - FeatureEng-20250716_105818 - INFO - Number of loaded features: 55
2025-07-16 11:07:17 - FeatureEng-20250716_105818 - INFO - 
New features with high correlation (|corr| > 0.7) to loaded features:
2025-07-16 11:07:17 - FeatureEng-20250716_105818 - INFO - 
RAW_2_adf_pvalue_left is highly correlated with:
2025-07-16 11:07:17 - FeatureEng-20250716_105818 - INFO -   - RAW_1_stats_mean_left: 0.715
2025-07-16 11:07:17 - FeatureEng-20250716_105818 - INFO - 
No new features exceeded threshold |corr| > 0.95, nothing dropped.
2025-07-16 11:07:17 - FeatureEng-20250716_105818 - INFO - --- 开始生成特征: cumulative_features ---
2025-07-16 11:07:23 - FeatureEng-20250716_105818 - INFO - 'cumulative_features' 生成完毕，耗时: 5.88 秒。
2025-07-16 11:07:23 - FeatureEng-20250716_105818 - INFO -   新生成特征列名: ['RAW_3_sum_left', 'RAW_3_sum_right', 'RAW_3_sum_diff', 'RAW_3_cumsum_max_diff']
2025-07-16 11:07:23 - FeatureEng-20250716_105818 - INFO -     - 'RAW_3_sum_left': 空值比例=0.00%, 零值比例=0.00%
2025-07-16 11:07:23 - FeatureEng-20250716_105818 - INFO -     - 'RAW_3_sum_right': 空值比例=0.00%, 零值比例=0.00%
2025-07-16 11:07:23 - FeatureEng-20250716_105818 - INFO -     - 'RAW_3_sum_diff': 空值比例=0.00%, 零值比例=0.00%
2025-07-16 11:07:23 - FeatureEng-20250716_105818 - INFO -     - 'RAW_3_cumsum_max_diff': 空值比例=0.00%, 零值比例=0.00%
2025-07-16 11:07:23 - FeatureEng-20250716_105818 - INFO - 
Number of new features: 4
2025-07-16 11:07:23 - FeatureEng-20250716_105818 - INFO - Number of loaded features: 83
2025-07-16 11:07:23 - FeatureEng-20250716_105818 - INFO - 
New features with high correlation (|corr| > 0.7) to loaded features:
2025-07-16 11:07:23 - FeatureEng-20250716_105818 - INFO - 
RAW_3_sum_left is highly correlated with:
2025-07-16 11:07:23 - FeatureEng-20250716_105818 - INFO -   - RAW_1_stats_mean_left: 0.992
2025-07-16 11:07:23 - FeatureEng-20250716_105818 - INFO -   - RAW_1_stats_mean_whole: 0.921
2025-07-16 11:07:23 - FeatureEng-20250716_105818 - INFO -   - RAW_1_stats_std_left: 0.739
2025-07-16 11:07:23 - FeatureEng-20250716_105818 - INFO -   - RAW_1_stats_std_whole: 0.730
2025-07-16 11:07:23 - FeatureEng-20250716_105818 - INFO -   - RAW_2_adf_pvalue_left: 0.768
2025-07-16 11:07:23 - FeatureEng-20250716_105818 - INFO - 
RAW_3_sum_right is highly correlated with:
2025-07-16 11:07:23 - FeatureEng-20250716_105818 - INFO -   - RAW_1_stats_mean_right: 0.939
2025-07-16 11:07:23 - FeatureEng-20250716_105818 - INFO -   - RAW_1_stats_mean_diff: 0.714
2025-07-16 11:07:23 - FeatureEng-20250716_105818 - INFO -   - RAW_1_stats_max_ratio: 0.788
2025-07-16 11:07:23 - FeatureEng-20250716_105818 - INFO -   - RAW_1_stats_range_ratio: 0.787
2025-07-16 11:07:23 - FeatureEng-20250716_105818 - INFO -   - RAW_1_stats_std_right: 0.731
2025-07-16 11:07:23 - FeatureEng-20250716_105818 - INFO -   - RAW_1_stats_std_ratio: 0.791
2025-07-16 11:07:23 - FeatureEng-20250716_105818 - INFO -   - RAW_1_stats_mean_of_rolling_std_ratio: 0.795
2025-07-16 11:07:23 - FeatureEng-20250716_105818 - INFO - 
RAW_3_sum_diff is highly correlated with:
2025-07-16 11:07:23 - FeatureEng-20250716_105818 - INFO -   - RAW_1_stats_mean_left: -0.938
2025-07-16 11:07:23 - FeatureEng-20250716_105818 - INFO -   - RAW_1_stats_mean_whole: -0.751
2025-07-16 11:07:23 - FeatureEng-20250716_105818 - INFO -   - RAW_1_stats_mean_diff: 0.824
2025-07-16 11:07:23 - FeatureEng-20250716_105818 - INFO -   - RAW_2_adf_pvalue_left: -0.734
2025-07-16 11:07:23 - FeatureEng-20250716_105818 - INFO - 
RAW_3_cumsum_max_diff is highly correlated with:
2025-07-16 11:07:23 - FeatureEng-20250716_105818 - INFO -   - RAW_1_stats_mean_left: -0.937
2025-07-16 11:07:23 - FeatureEng-20250716_105818 - INFO -   - RAW_1_stats_mean_whole: -0.752
2025-07-16 11:07:23 - FeatureEng-20250716_105818 - INFO -   - RAW_1_stats_mean_diff: 0.821
2025-07-16 11:07:23 - FeatureEng-20250716_105818 - INFO -   - RAW_1_stats_std_diff: 0.701
2025-07-16 11:07:23 - FeatureEng-20250716_105818 - INFO -   - RAW_2_adf_pvalue_left: -0.736
2025-07-16 11:07:23 - FeatureEng-20250716_105818 - INFO - 
Dropping 1 new features with |corr| > 0.95:
2025-07-16 11:07:23 - FeatureEng-20250716_105818 - INFO -   - RAW_3_sum_left
2025-07-16 11:07:23 - FeatureEng-20250716_105818 - INFO - --- 开始生成特征: oscillation_features ---
2025-07-16 11:07:30 - FeatureEng-20250716_105818 - INFO - 'oscillation_features' 生成完毕，耗时: 6.49 秒。
2025-07-16 11:07:30 - FeatureEng-20250716_105818 - INFO -   新生成特征列名: ['RAW_4_zero_cross_diff', 'RAW_4_autocorr_lag1_diff', 'RAW_4_diff_var_diff']
2025-07-16 11:07:30 - FeatureEng-20250716_105818 - INFO -     - 'RAW_4_zero_cross_diff': 空值比例=0.00%, 零值比例=0.00%
2025-07-16 11:07:30 - FeatureEng-20250716_105818 - INFO -     - 'RAW_4_autocorr_lag1_diff': 空值比例=0.00%, 零值比例=0.00%
2025-07-16 11:07:30 - FeatureEng-20250716_105818 - INFO -     - 'RAW_4_diff_var_diff': 空值比例=0.00%, 零值比例=0.00%
2025-07-16 11:07:30 - FeatureEng-20250716_105818 - INFO - 
Number of new features: 3
2025-07-16 11:07:30 - FeatureEng-20250716_105818 - INFO - Number of loaded features: 86
2025-07-16 11:07:30 - FeatureEng-20250716_105818 - INFO - 
New features with high correlation (|corr| > 0.7) to loaded features:
2025-07-16 11:07:30 - FeatureEng-20250716_105818 - INFO - 
RAW_4_diff_var_diff is highly correlated with:
2025-07-16 11:07:30 - FeatureEng-20250716_105818 - INFO -   - RAW_1_stats_max_left: -0.976
2025-07-16 11:07:30 - FeatureEng-20250716_105818 - INFO -   - RAW_1_stats_max_whole: -0.964
2025-07-16 11:07:30 - FeatureEng-20250716_105818 - INFO -   - RAW_1_stats_max_diff: 0.974
2025-07-16 11:07:30 - FeatureEng-20250716_105818 - INFO -   - RAW_1_stats_range_left: -0.974
2025-07-16 11:07:30 - FeatureEng-20250716_105818 - INFO -   - RAW_1_stats_range_whole: -0.962
2025-07-16 11:07:30 - FeatureEng-20250716_105818 - INFO -   - RAW_1_stats_range_diff: 0.973
2025-07-16 11:07:30 - FeatureEng-20250716_105818 - INFO -   - RAW_1_stats_std_left: -0.944
2025-07-16 11:07:30 - FeatureEng-20250716_105818 - INFO -   - RAW_1_stats_std_whole: -0.931
2025-07-16 11:07:30 - FeatureEng-20250716_105818 - INFO -   - RAW_1_stats_std_diff: 0.943
2025-07-16 11:07:30 - FeatureEng-20250716_105818 - INFO - 
Dropping 1 new features with |corr| > 0.95:
2025-07-16 11:07:30 - FeatureEng-20250716_105818 - INFO -   - RAW_4_diff_var_diff
2025-07-16 11:07:30 - FeatureEng-20250716_105818 - INFO - --- 开始生成特征: cyclic_features ---
2025-07-16 11:07:36 - FeatureEng-20250716_105818 - INFO - 'cyclic_features' 生成完毕，耗时: 5.52 秒。
2025-07-16 11:07:36 - FeatureEng-20250716_105818 - INFO -   新生成特征列名: ['RAW_5_dominant_freq_diff', 'RAW_5_max_power_diff']
2025-07-16 11:07:36 - FeatureEng-20250716_105818 - INFO -     - 'RAW_5_dominant_freq_diff': 空值比例=0.00%, 零值比例=0.00%
2025-07-16 11:07:36 - FeatureEng-20250716_105818 - INFO -     - 'RAW_5_max_power_diff': 空值比例=0.00%, 零值比例=0.00%
2025-07-16 11:07:36 - FeatureEng-20250716_105818 - INFO - 
Number of new features: 2
2025-07-16 11:07:36 - FeatureEng-20250716_105818 - INFO - Number of loaded features: 88
2025-07-16 11:07:36 - FeatureEng-20250716_105818 - INFO - 
New features with high correlation (|corr| > 0.7) to loaded features:
2025-07-16 11:07:36 - FeatureEng-20250716_105818 - INFO - 
RAW_5_max_power_diff is highly correlated with:
2025-07-16 11:07:36 - FeatureEng-20250716_105818 - INFO -   - RAW_1_stats_mean_left: -0.906
2025-07-16 11:07:36 - FeatureEng-20250716_105818 - INFO -   - RAW_1_stats_mean_whole: -0.796
2025-07-16 11:07:36 - FeatureEng-20250716_105818 - INFO -   - RAW_2_adf_pvalue_left: -0.907
2025-07-16 11:07:36 - FeatureEng-20250716_105818 - INFO -   - RAW_3_sum_diff: 0.922
2025-07-16 11:07:36 - FeatureEng-20250716_105818 - INFO -   - RAW_3_cumsum_max_diff: 0.924
2025-07-16 11:07:36 - FeatureEng-20250716_105818 - INFO - 
No new features exceeded threshold |corr| > 0.95, nothing dropped.
2025-07-16 11:07:36 - FeatureEng-20250716_105818 - INFO - --- 开始生成特征: amplitude_features ---
2025-07-16 11:07:42 - FeatureEng-20250716_105818 - INFO - 'amplitude_features' 生成完毕，耗时: 6.06 秒。
2025-07-16 11:07:42 - FeatureEng-20250716_105818 - INFO -   新生成特征列名: ['RAW_6_ptp_diff', 'RAW_6_iqr_diff']
2025-07-16 11:07:42 - FeatureEng-20250716_105818 - INFO -     - 'RAW_6_ptp_diff': 空值比例=0.00%, 零值比例=0.00%
2025-07-16 11:07:42 - FeatureEng-20250716_105818 - INFO -     - 'RAW_6_iqr_diff': 空值比例=0.00%, 零值比例=0.00%
2025-07-16 11:07:42 - FeatureEng-20250716_105818 - INFO - 
Number of new features: 2
2025-07-16 11:07:42 - FeatureEng-20250716_105818 - INFO - Number of loaded features: 90
2025-07-16 11:07:42 - FeatureEng-20250716_105818 - INFO - 
New features with high correlation (|corr| > 0.7) to loaded features:
2025-07-16 11:07:42 - FeatureEng-20250716_105818 - INFO - 
RAW_6_ptp_diff is highly correlated with:
2025-07-16 11:07:42 - FeatureEng-20250716_105818 - INFO -   - RAW_1_stats_max_left: -0.990
2025-07-16 11:07:42 - FeatureEng-20250716_105818 - INFO -   - RAW_1_stats_max_whole: -0.969
2025-07-16 11:07:42 - FeatureEng-20250716_105818 - INFO -   - RAW_1_stats_max_diff: 0.999
2025-07-16 11:07:42 - FeatureEng-20250716_105818 - INFO -   - RAW_1_stats_range_left: -0.990
2025-07-16 11:07:42 - FeatureEng-20250716_105818 - INFO -   - RAW_1_stats_range_whole: -0.967
2025-07-16 11:07:42 - FeatureEng-20250716_105818 - INFO -   - RAW_1_stats_range_diff: 0.999
2025-07-16 11:07:42 - FeatureEng-20250716_105818 - INFO -   - RAW_1_stats_std_left: -0.964
2025-07-16 11:07:42 - FeatureEng-20250716_105818 - INFO -   - RAW_1_stats_std_whole: -0.942
2025-07-16 11:07:42 - FeatureEng-20250716_105818 - INFO -   - RAW_1_stats_std_diff: 0.978
2025-07-16 11:07:42 - FeatureEng-20250716_105818 - INFO - 
RAW_6_iqr_diff is highly correlated with:
2025-07-16 11:07:42 - FeatureEng-20250716_105818 - INFO -   - RAW_1_stats_mean_of_rolling_std_diff: 0.833
2025-07-16 11:07:42 - FeatureEng-20250716_105818 - INFO - 
Dropping 1 new features with |corr| > 0.95:
2025-07-16 11:07:42 - FeatureEng-20250716_105818 - INFO -   - RAW_6_ptp_diff
2025-07-16 11:07:42 - FeatureEng-20250716_105818 - INFO - --- 开始生成特征: volatility_of_volatility_features ---
2025-07-16 11:07:48 - FeatureEng-20250716_105818 - INFO - 'volatility_of_volatility_features' 生成完毕，耗时: 6.21 秒。
2025-07-16 11:07:48 - FeatureEng-20250716_105818 - INFO -   新生成特征列名: ['RAW_7_rolling_std_w50_mean_diff']
2025-07-16 11:07:48 - FeatureEng-20250716_105818 - INFO -     - 'RAW_7_rolling_std_w50_mean_diff': 空值比例=0.00%, 零值比例=0.00%
2025-07-16 11:07:48 - FeatureEng-20250716_105818 - INFO - 
Number of new features: 1
2025-07-16 11:07:48 - FeatureEng-20250716_105818 - INFO - Number of loaded features: 91
2025-07-16 11:07:49 - FeatureEng-20250716_105818 - INFO - 
New features with high correlation (|corr| > 0.7) to loaded features:
2025-07-16 11:07:49 - FeatureEng-20250716_105818 - INFO - 
RAW_7_rolling_std_w50_mean_diff is highly correlated with:
2025-07-16 11:07:49 - FeatureEng-20250716_105818 - INFO -   - RAW_1_stats_mean_diff: 0.741
2025-07-16 11:07:49 - FeatureEng-20250716_105818 - INFO -   - RAW_1_stats_max_diff: 0.744
2025-07-16 11:07:49 - FeatureEng-20250716_105818 - INFO -   - RAW_1_stats_range_diff: 0.749
2025-07-16 11:07:49 - FeatureEng-20250716_105818 - INFO -   - RAW_1_stats_std_left: -0.702
2025-07-16 11:07:49 - FeatureEng-20250716_105818 - INFO -   - RAW_1_stats_std_diff: 0.849
2025-07-16 11:07:49 - FeatureEng-20250716_105818 - INFO -   - RAW_1_stats_mean_of_rolling_std_diff: 0.909
2025-07-16 11:07:49 - FeatureEng-20250716_105818 - INFO - 
No new features exceeded threshold |corr| > 0.95, nothing dropped.
2025-07-16 11:07:49 - FeatureEng-20250716_105818 - INFO - --- 开始生成特征: entropy_features ---
2025-07-16 11:09:01 - FeatureEng-20250716_105818 - INFO - 'entropy_features' 生成完毕，耗时: 71.98 秒。
2025-07-16 11:09:01 - FeatureEng-20250716_105818 - INFO -   新生成特征列名: ['RAW_8_shannon_entropy_0', 'RAW_8_shannon_entropy_1', 'RAW_8_shannon_entropy_diff', 'RAW_8_perm_entropy_0', 'RAW_8_perm_entropy_1', 'RAW_8_perm_entropy_diff', 'RAW_8_spectral_entropy_0', 'RAW_8_spectral_entropy_1', 'RAW_8_spectral_entropy_diff', 'RAW_8_svd_entropy_0', 'RAW_8_svd_entropy_1', 'RAW_8_svd_entropy_diff', 'RAW_8_approx_entropy_0', 'RAW_8_approx_entropy_1', 'RAW_8_approx_entropy_diff', 'RAW_8_sample_entropy_0', 'RAW_8_sample_entropy_1', 'RAW_8_sample_entropy_diff', 'RAW_8_hjorth_mobility_0', 'RAW_8_hjorth_complexity_0', 'RAW_8_hjorth_mobility_1', 'RAW_8_hjorth_complexity_1', 'RAW_8_hjorth_mobility_diff', 'RAW_8_hjorth_complexity_diff', 'RAW_8_num_zerocross_0', 'RAW_8_num_zerocross_1', 'RAW_8_num_zerocross_diff', 'RAW_8_lziv_complexity_0', 'RAW_8_lziv_complexity_1', 'RAW_8_lziv_complexity_diff', 'RAW_8_cond_entropy_0', 'RAW_8_cond_entropy_1', 'RAW_8_cond_entropy_diff']
2025-07-16 11:09:01 - FeatureEng-20250716_105818 - INFO -     - 'RAW_8_shannon_entropy_0': 空值比例=0.00%, 零值比例=0.00%
2025-07-16 11:09:01 - FeatureEng-20250716_105818 - INFO -     - 'RAW_8_shannon_entropy_1': 空值比例=0.00%, 零值比例=0.00%
2025-07-16 11:09:01 - FeatureEng-20250716_105818 - INFO -     - 'RAW_8_shannon_entropy_diff': 空值比例=0.00%, 零值比例=0.00%
2025-07-16 11:09:01 - FeatureEng-20250716_105818 - INFO -     - 'RAW_8_perm_entropy_0': 空值比例=0.00%, 零值比例=0.00%
2025-07-16 11:09:01 - FeatureEng-20250716_105818 - INFO -     - 'RAW_8_perm_entropy_1': 空值比例=0.00%, 零值比例=0.00%
2025-07-16 11:09:01 - FeatureEng-20250716_105818 - INFO -     - 'RAW_8_perm_entropy_diff': 空值比例=0.00%, 零值比例=0.00%
2025-07-16 11:09:01 - FeatureEng-20250716_105818 - INFO -     - 'RAW_8_spectral_entropy_0': 空值比例=0.00%, 零值比例=0.00%
2025-07-16 11:09:01 - FeatureEng-20250716_105818 - INFO -     - 'RAW_8_spectral_entropy_1': 空值比例=0.00%, 零值比例=0.00%
2025-07-16 11:09:01 - FeatureEng-20250716_105818 - INFO -     - 'RAW_8_spectral_entropy_diff': 空值比例=0.00%, 零值比例=0.00%
2025-07-16 11:09:01 - FeatureEng-20250716_105818 - INFO -     - 'RAW_8_svd_entropy_0': 空值比例=0.00%, 零值比例=0.00%
2025-07-16 11:09:01 - FeatureEng-20250716_105818 - INFO -     - 'RAW_8_svd_entropy_1': 空值比例=0.00%, 零值比例=0.00%
2025-07-16 11:09:01 - FeatureEng-20250716_105818 - INFO -     - 'RAW_8_svd_entropy_diff': 空值比例=0.00%, 零值比例=0.00%
2025-07-16 11:09:01 - FeatureEng-20250716_105818 - INFO -     - 'RAW_8_approx_entropy_0': 空值比例=0.00%, 零值比例=0.00%
2025-07-16 11:09:01 - FeatureEng-20250716_105818 - INFO -     - 'RAW_8_approx_entropy_1': 空值比例=0.00%, 零值比例=0.00%
2025-07-16 11:09:01 - FeatureEng-20250716_105818 - INFO -     - 'RAW_8_approx_entropy_diff': 空值比例=0.00%, 零值比例=0.00%
2025-07-16 11:09:01 - FeatureEng-20250716_105818 - INFO -     - 'RAW_8_sample_entropy_0': 空值比例=0.00%, 零值比例=0.00%
2025-07-16 11:09:01 - FeatureEng-20250716_105818 - INFO -     - 'RAW_8_sample_entropy_1': 空值比例=0.00%, 零值比例=0.00%
2025-07-16 11:09:01 - FeatureEng-20250716_105818 - INFO -     - 'RAW_8_sample_entropy_diff': 空值比例=0.00%, 零值比例=0.00%
2025-07-16 11:09:01 - FeatureEng-20250716_105818 - INFO -     - 'RAW_8_hjorth_mobility_0': 空值比例=0.00%, 零值比例=0.00%
2025-07-16 11:09:01 - FeatureEng-20250716_105818 - INFO -     - 'RAW_8_hjorth_complexity_0': 空值比例=0.00%, 零值比例=0.00%
2025-07-16 11:09:01 - FeatureEng-20250716_105818 - INFO -     - 'RAW_8_hjorth_mobility_1': 空值比例=0.00%, 零值比例=0.00%
2025-07-16 11:09:01 - FeatureEng-20250716_105818 - INFO -     - 'RAW_8_hjorth_complexity_1': 空值比例=0.00%, 零值比例=0.00%
2025-07-16 11:09:01 - FeatureEng-20250716_105818 - INFO -     - 'RAW_8_hjorth_mobility_diff': 空值比例=0.00%, 零值比例=0.00%
2025-07-16 11:09:01 - FeatureEng-20250716_105818 - INFO -     - 'RAW_8_hjorth_complexity_diff': 空值比例=0.00%, 零值比例=0.00%
2025-07-16 11:09:01 - FeatureEng-20250716_105818 - INFO -     - 'RAW_8_num_zerocross_0': 空值比例=0.00%, 零值比例=0.00%
2025-07-16 11:09:01 - FeatureEng-20250716_105818 - INFO -     - 'RAW_8_num_zerocross_1': 空值比例=0.00%, 零值比例=0.00%
2025-07-16 11:09:01 - FeatureEng-20250716_105818 - INFO -     - 'RAW_8_num_zerocross_diff': 空值比例=0.00%, 零值比例=0.00%
2025-07-16 11:09:01 - FeatureEng-20250716_105818 - INFO -     - 'RAW_8_lziv_complexity_0': 空值比例=0.00%, 零值比例=0.00%
2025-07-16 11:09:01 - FeatureEng-20250716_105818 - INFO -     - 'RAW_8_lziv_complexity_1': 空值比例=0.00%, 零值比例=0.00%
2025-07-16 11:09:01 - FeatureEng-20250716_105818 - INFO -     - 'RAW_8_lziv_complexity_diff': 空值比例=0.00%, 零值比例=0.00%
2025-07-16 11:09:01 - FeatureEng-20250716_105818 - INFO -     - 'RAW_8_cond_entropy_0': 空值比例=0.00%, 零值比例=0.00%
2025-07-16 11:09:01 - FeatureEng-20250716_105818 - INFO -     - 'RAW_8_cond_entropy_1': 空值比例=0.00%, 零值比例=0.00%
2025-07-16 11:09:01 - FeatureEng-20250716_105818 - INFO -     - 'RAW_8_cond_entropy_diff': 空值比例=0.00%, 零值比例=0.00%
2025-07-16 11:09:01 - FeatureEng-20250716_105818 - INFO - 
Number of new features: 33
2025-07-16 11:09:01 - FeatureEng-20250716_105818 - INFO - Number of loaded features: 92
2025-07-16 11:09:01 - FeatureEng-20250716_105818 - INFO - 
New features with high correlation (|corr| > 0.7) to loaded features:
2025-07-16 11:09:01 - FeatureEng-20250716_105818 - INFO - 
RAW_8_shannon_entropy_diff is highly correlated with:
2025-07-16 11:09:01 - FeatureEng-20250716_105818 - INFO -   - RAW_4_zero_cross_diff: 0.703
2025-07-16 11:09:01 - FeatureEng-20250716_105818 - INFO - 
RAW_8_hjorth_mobility_diff is highly correlated with:
2025-07-16 11:09:01 - FeatureEng-20250716_105818 - INFO -   - RAW_4_autocorr_lag1_diff: -0.996
2025-07-16 11:09:01 - FeatureEng-20250716_105818 - INFO - 
RAW_8_hjorth_complexity_diff is highly correlated with:
2025-07-16 11:09:01 - FeatureEng-20250716_105818 - INFO -   - RAW_4_autocorr_lag1_diff: 0.892
2025-07-16 11:09:01 - FeatureEng-20250716_105818 - INFO - 
RAW_8_num_zerocross_0 is highly correlated with:
2025-07-16 11:09:01 - FeatureEng-20250716_105818 - INFO -   - RAW_4_zero_cross_diff: -0.889
2025-07-16 11:09:01 - FeatureEng-20250716_105818 - INFO - 
RAW_8_num_zerocross_1 is highly correlated with:
2025-07-16 11:09:01 - FeatureEng-20250716_105818 - INFO -   - RAW_2_mannwhitney_stat: 0.757
2025-07-16 11:09:01 - FeatureEng-20250716_105818 - INFO - 
RAW_8_num_zerocross_diff is highly correlated with:
2025-07-16 11:09:01 - FeatureEng-20250716_105818 - INFO -   - RAW_4_zero_cross_diff: 0.996
2025-07-16 11:09:01 - FeatureEng-20250716_105818 - INFO - 
Dropping 2 new features with |corr| > 0.95:
2025-07-16 11:09:01 - FeatureEng-20250716_105818 - INFO -   - RAW_8_hjorth_mobility_diff
2025-07-16 11:09:01 - FeatureEng-20250716_105818 - INFO -   - RAW_8_num_zerocross_diff
2025-07-16 11:09:01 - FeatureEng-20250716_105818 - INFO - --- 开始生成特征: fractal_dimension_features ---
2025-07-16 11:09:07 - FeatureEng-20250716_105818 - INFO - 'fractal_dimension_features' 生成完毕，耗时: 5.90 秒。
2025-07-16 11:09:07 - FeatureEng-20250716_105818 - INFO -   新生成特征列名: ['RAW_9_petrosian_fd_diff', 'RAW_9_katz_fd_diff', 'RAW_9_higuchi_fd_diff', 'RAW_9_detrended_fluctuation_diff']
2025-07-16 11:09:07 - FeatureEng-20250716_105818 - INFO -     - 'RAW_9_petrosian_fd_diff': 空值比例=0.00%, 零值比例=0.00%
2025-07-16 11:09:07 - FeatureEng-20250716_105818 - INFO -     - 'RAW_9_katz_fd_diff': 空值比例=0.00%, 零值比例=0.00%
2025-07-16 11:09:07 - FeatureEng-20250716_105818 - INFO -     - 'RAW_9_higuchi_fd_diff': 空值比例=0.00%, 零值比例=0.00%
2025-07-16 11:09:07 - FeatureEng-20250716_105818 - INFO -     - 'RAW_9_detrended_fluctuation_diff': 空值比例=0.00%, 零值比例=0.00%
2025-07-16 11:09:07 - FeatureEng-20250716_105818 - INFO - 
Number of new features: 4
2025-07-16 11:09:07 - FeatureEng-20250716_105818 - INFO - Number of loaded features: 123
2025-07-16 11:09:08 - FeatureEng-20250716_105818 - INFO - 
New features with high correlation (|corr| > 0.7) to loaded features:
2025-07-16 11:09:08 - FeatureEng-20250716_105818 - INFO - 
RAW_9_petrosian_fd_diff is highly correlated with:
2025-07-16 11:09:08 - FeatureEng-20250716_105818 - INFO -   - RAW_8_shannon_entropy_diff: 0.783
2025-07-16 11:09:08 - FeatureEng-20250716_105818 - INFO -   - RAW_8_num_zerocross_1: 0.711
2025-07-16 11:09:08 - FeatureEng-20250716_105818 - INFO - 
No new features exceeded threshold |corr| > 0.95, nothing dropped.
2025-07-16 11:09:08 - FeatureEng-20250716_105818 - INFO - --- 开始生成特征: tsfresh_features ---
2025-07-16 11:10:32 - FeatureEng-20250716_105818 - INFO - 'tsfresh_features' 生成完毕，耗时: 84.57 秒。
2025-07-16 11:10:32 - FeatureEng-20250716_105818 - INFO -   新生成特征列名: ['RAW_10_ratio_value_number_to_time_series_length', 'RAW_10_ratio_beyond_r_sigma_6', 'RAW_10_ratio_beyond_r_sigma_1.5', 'RAW_10_quantile_0.6', 'RAW_10_quantile_0.4', 'RAW_10_quantile_0.1', 'RAW_10_percentage_of_reoccurring_values_to_all_values', 'RAW_10_percentage_of_reoccurring_datapoints_to_all_datapoints', 'RAW_10_last_location_of_maximum', 'RAW_10_first_location_of_maximum', 'RAW_10_partial_autocorrelation_lag_2', 'RAW_10_linear_trend_attr_"slope"', 'RAW_10_linear_trend_attr_"rvalue"', 'RAW_10_linear_trend_attr_"intercept"', 'RAW_10_fft_coefficient_attr_"imag"__coeff_3', 'RAW_10_fft_coefficient_attr_"imag"__coeff_2', 'RAW_10_fft_coefficient_attr_"imag"__coeff_1', 'RAW_10_change_quantiles_f_agg_var_isabs_True_qh_1.0_ql_0.4', 'RAW_10_change_quantiles_f_agg_var_isabs_True_qh_1.0_ql_0.2', 'RAW_10_change_quantiles_f_agg_var_isabs_True_qh_0.8_ql_0.6', 'RAW_10_change_quantiles_f_agg_var_isabs_True_qh_0.8_ql_0.4', 'RAW_10_change_quantiles_f_agg_var_isabs_True_qh_0.8_ql_0.2', 'RAW_10_change_quantiles_f_agg_var_isabs_True_qh_0.6_ql_0.4', 'RAW_10_change_quantiles_f_agg_var_isabs_True_qh_0.6_ql_0.2', 'RAW_10_change_quantiles_f_agg_var_isabs_True_qh_0.4_ql_0.2', 'RAW_10_change_quantiles_f_agg_var_isabs_False_qh_1.0_ql_0.4', 'RAW_10_change_quantiles_f_agg_var_isabs_False_qh_1.0_ql_0.2', 'RAW_10_change_quantiles_f_agg_var_isabs_False_qh_0.8_ql_0.4', 'RAW_10_change_quantiles_f_agg_var_isabs_False_qh_0.8_ql_0.2', 'RAW_10_change_quantiles_f_agg_var_isabs_False_qh_0.8_ql_0.0', 'RAW_10_change_quantiles_f_agg_var_isabs_False_qh_0.6_ql_0.4', 'RAW_10_change_quantiles_f_agg_var_isabs_False_qh_0.6_ql_0.2', 'RAW_10_change_quantiles_f_agg_var_isabs_False_qh_0.4_ql_0.2', 'RAW_10_change_quantiles_f_agg_mean_isabs_True_qh_1.0_ql_0.4', 'RAW_10_change_quantiles_f_agg_mean_isabs_True_qh_0.6_ql_0.4', 'RAW_10_ar_coefficient_coeff_2__k_10', 'RAW_10_agg_linear_trend_attr_"slope"__chunk_len_50__f_agg_"mean"', 'RAW_10_agg_linear_trend_attr_"slope"__chunk_len_5__f_agg_"mean"', 'RAW_10_agg_linear_trend_attr_"slope"__chunk_len_10__f_agg_"mean"', 'RAW_10_agg_linear_trend_attr_"rvalue"__chunk_len_50__f_agg_"mean"', 'RAW_10_agg_linear_trend_attr_"rvalue"__chunk_len_50__f_agg_"max"', 'RAW_10_agg_linear_trend_attr_"rvalue"__chunk_len_5__f_agg_"mean"', 'RAW_10_agg_linear_trend_attr_"rvalue"__chunk_len_5__f_agg_"max"', 'RAW_10_agg_linear_trend_attr_"rvalue"__chunk_len_10__f_agg_"mean"', 'RAW_10_agg_linear_trend_attr_"rvalue"__chunk_len_10__f_agg_"max"', 'RAW_10_agg_linear_trend_attr_"intercept"__chunk_len_50__f_agg_"mean"', 'RAW_10_agg_linear_trend_attr_"intercept"__chunk_len_50__f_agg_"max"', 'RAW_10_agg_linear_trend_attr_"intercept"__chunk_len_5__f_agg_"mean"', 'RAW_10_agg_linear_trend_attr_"intercept"__chunk_len_5__f_agg_"max"', 'RAW_10_agg_linear_trend_attr_"intercept"__chunk_len_10__f_agg_"mean"', 'RAW_10_agg_linear_trend_attr_"intercept"__chunk_len_10__f_agg_"max"']
2025-07-16 11:10:32 - FeatureEng-20250716_105818 - INFO -     - 'RAW_10_ratio_value_number_to_time_series_length': 空值比例=0.00%, 零值比例=74.90%
2025-07-16 11:10:32 - FeatureEng-20250716_105818 - INFO -     - 'RAW_10_ratio_beyond_r_sigma_6': 空值比例=0.00%, 零值比例=36.36%
2025-07-16 11:10:32 - FeatureEng-20250716_105818 - INFO -     - 'RAW_10_ratio_beyond_r_sigma_1.5': 空值比例=0.00%, 零值比例=0.00%
2025-07-16 11:10:32 - FeatureEng-20250716_105818 - INFO -     - 'RAW_10_quantile_0.6': 空值比例=0.00%, 零值比例=0.00%
2025-07-16 11:10:32 - FeatureEng-20250716_105818 - INFO -     - 'RAW_10_quantile_0.4': 空值比例=0.00%, 零值比例=0.01%
2025-07-16 11:10:32 - FeatureEng-20250716_105818 - INFO -     - 'RAW_10_quantile_0.1': 空值比例=0.00%, 零值比例=0.00%
2025-07-16 11:10:32 - FeatureEng-20250716_105818 - INFO -     - 'RAW_10_percentage_of_reoccurring_values_to_all_values': 空值比例=0.00%, 零值比例=74.90%
2025-07-16 11:10:32 - FeatureEng-20250716_105818 - INFO -     - 'RAW_10_percentage_of_reoccurring_datapoints_to_all_datapoints': 空值比例=0.00%, 零值比例=74.90%
2025-07-16 11:10:32 - FeatureEng-20250716_105818 - INFO -     - 'RAW_10_last_location_of_maximum': 空值比例=0.00%, 零值比例=0.00%
2025-07-16 11:10:32 - FeatureEng-20250716_105818 - INFO -     - 'RAW_10_first_location_of_maximum': 空值比例=0.00%, 零值比例=0.00%
2025-07-16 11:10:32 - FeatureEng-20250716_105818 - INFO -     - 'RAW_10_partial_autocorrelation_lag_2': 空值比例=0.00%, 零值比例=0.00%
2025-07-16 11:10:32 - FeatureEng-20250716_105818 - INFO -     - 'RAW_10_linear_trend_attr_"slope"': 空值比例=0.00%, 零值比例=0.00%
2025-07-16 11:10:32 - FeatureEng-20250716_105818 - INFO -     - 'RAW_10_linear_trend_attr_"rvalue"': 空值比例=0.00%, 零值比例=0.00%
2025-07-16 11:10:32 - FeatureEng-20250716_105818 - INFO -     - 'RAW_10_linear_trend_attr_"intercept"': 空值比例=0.00%, 零值比例=0.00%
2025-07-16 11:10:32 - FeatureEng-20250716_105818 - INFO -     - 'RAW_10_fft_coefficient_attr_"imag"__coeff_3': 空值比例=0.00%, 零值比例=0.00%
2025-07-16 11:10:32 - FeatureEng-20250716_105818 - INFO -     - 'RAW_10_fft_coefficient_attr_"imag"__coeff_2': 空值比例=0.00%, 零值比例=0.00%
2025-07-16 11:10:32 - FeatureEng-20250716_105818 - INFO -     - 'RAW_10_fft_coefficient_attr_"imag"__coeff_1': 空值比例=0.00%, 零值比例=0.00%
2025-07-16 11:10:32 - FeatureEng-20250716_105818 - INFO -     - 'RAW_10_change_quantiles_f_agg_var_isabs_True_qh_1.0_ql_0.4': 空值比例=0.00%, 零值比例=0.00%
2025-07-16 11:10:32 - FeatureEng-20250716_105818 - INFO -     - 'RAW_10_change_quantiles_f_agg_var_isabs_True_qh_1.0_ql_0.2': 空值比例=0.00%, 零值比例=0.00%
2025-07-16 11:10:32 - FeatureEng-20250716_105818 - INFO -     - 'RAW_10_change_quantiles_f_agg_var_isabs_True_qh_0.8_ql_0.6': 空值比例=0.00%, 零值比例=0.00%
2025-07-16 11:10:32 - FeatureEng-20250716_105818 - INFO -     - 'RAW_10_change_quantiles_f_agg_var_isabs_True_qh_0.8_ql_0.4': 空值比例=0.00%, 零值比例=0.00%
2025-07-16 11:10:32 - FeatureEng-20250716_105818 - INFO -     - 'RAW_10_change_quantiles_f_agg_var_isabs_True_qh_0.8_ql_0.2': 空值比例=0.00%, 零值比例=0.00%
2025-07-16 11:10:32 - FeatureEng-20250716_105818 - INFO -     - 'RAW_10_change_quantiles_f_agg_var_isabs_True_qh_0.6_ql_0.4': 空值比例=0.00%, 零值比例=0.00%
2025-07-16 11:10:32 - FeatureEng-20250716_105818 - INFO -     - 'RAW_10_change_quantiles_f_agg_var_isabs_True_qh_0.6_ql_0.2': 空值比例=0.00%, 零值比例=0.00%
2025-07-16 11:10:32 - FeatureEng-20250716_105818 - INFO -     - 'RAW_10_change_quantiles_f_agg_var_isabs_True_qh_0.4_ql_0.2': 空值比例=0.00%, 零值比例=0.00%
2025-07-16 11:10:32 - FeatureEng-20250716_105818 - INFO -     - 'RAW_10_change_quantiles_f_agg_var_isabs_False_qh_1.0_ql_0.4': 空值比例=0.00%, 零值比例=0.00%
2025-07-16 11:10:32 - FeatureEng-20250716_105818 - INFO -     - 'RAW_10_change_quantiles_f_agg_var_isabs_False_qh_1.0_ql_0.2': 空值比例=0.00%, 零值比例=0.00%
2025-07-16 11:10:32 - FeatureEng-20250716_105818 - INFO -     - 'RAW_10_change_quantiles_f_agg_var_isabs_False_qh_0.8_ql_0.4': 空值比例=0.00%, 零值比例=0.00%
2025-07-16 11:10:32 - FeatureEng-20250716_105818 - INFO -     - 'RAW_10_change_quantiles_f_agg_var_isabs_False_qh_0.8_ql_0.2': 空值比例=0.00%, 零值比例=0.00%
2025-07-16 11:10:32 - FeatureEng-20250716_105818 - INFO -     - 'RAW_10_change_quantiles_f_agg_var_isabs_False_qh_0.8_ql_0.0': 空值比例=0.00%, 零值比例=0.00%
2025-07-16 11:10:32 - FeatureEng-20250716_105818 - INFO -     - 'RAW_10_change_quantiles_f_agg_var_isabs_False_qh_0.6_ql_0.4': 空值比例=0.00%, 零值比例=0.00%
2025-07-16 11:10:32 - FeatureEng-20250716_105818 - INFO -     - 'RAW_10_change_quantiles_f_agg_var_isabs_False_qh_0.6_ql_0.2': 空值比例=0.00%, 零值比例=0.00%
2025-07-16 11:10:32 - FeatureEng-20250716_105818 - INFO -     - 'RAW_10_change_quantiles_f_agg_var_isabs_False_qh_0.4_ql_0.2': 空值比例=0.00%, 零值比例=0.00%
2025-07-16 11:10:32 - FeatureEng-20250716_105818 - INFO -     - 'RAW_10_change_quantiles_f_agg_mean_isabs_True_qh_1.0_ql_0.4': 空值比例=0.00%, 零值比例=0.00%
2025-07-16 11:10:32 - FeatureEng-20250716_105818 - INFO -     - 'RAW_10_change_quantiles_f_agg_mean_isabs_True_qh_0.6_ql_0.4': 空值比例=0.00%, 零值比例=0.00%
2025-07-16 11:10:32 - FeatureEng-20250716_105818 - INFO -     - 'RAW_10_ar_coefficient_coeff_2__k_10': 空值比例=0.00%, 零值比例=0.00%
2025-07-16 11:10:32 - FeatureEng-20250716_105818 - INFO -     - 'RAW_10_agg_linear_trend_attr_"slope"__chunk_len_50__f_agg_"mean"': 空值比例=0.00%, 零值比例=0.00%
2025-07-16 11:10:32 - FeatureEng-20250716_105818 - INFO -     - 'RAW_10_agg_linear_trend_attr_"slope"__chunk_len_5__f_agg_"mean"': 空值比例=0.00%, 零值比例=0.00%
2025-07-16 11:10:32 - FeatureEng-20250716_105818 - INFO -     - 'RAW_10_agg_linear_trend_attr_"slope"__chunk_len_10__f_agg_"mean"': 空值比例=0.00%, 零值比例=0.00%
2025-07-16 11:10:32 - FeatureEng-20250716_105818 - INFO -     - 'RAW_10_agg_linear_trend_attr_"rvalue"__chunk_len_50__f_agg_"mean"': 空值比例=0.00%, 零值比例=0.00%
2025-07-16 11:10:32 - FeatureEng-20250716_105818 - INFO -     - 'RAW_10_agg_linear_trend_attr_"rvalue"__chunk_len_50__f_agg_"max"': 空值比例=0.00%, 零值比例=0.00%
2025-07-16 11:10:32 - FeatureEng-20250716_105818 - INFO -     - 'RAW_10_agg_linear_trend_attr_"rvalue"__chunk_len_5__f_agg_"mean"': 空值比例=0.00%, 零值比例=0.00%
2025-07-16 11:10:32 - FeatureEng-20250716_105818 - INFO -     - 'RAW_10_agg_linear_trend_attr_"rvalue"__chunk_len_5__f_agg_"max"': 空值比例=0.00%, 零值比例=0.00%
2025-07-16 11:10:32 - FeatureEng-20250716_105818 - INFO -     - 'RAW_10_agg_linear_trend_attr_"rvalue"__chunk_len_10__f_agg_"mean"': 空值比例=0.00%, 零值比例=0.00%
2025-07-16 11:10:32 - FeatureEng-20250716_105818 - INFO -     - 'RAW_10_agg_linear_trend_attr_"rvalue"__chunk_len_10__f_agg_"max"': 空值比例=0.00%, 零值比例=0.00%
2025-07-16 11:10:32 - FeatureEng-20250716_105818 - INFO -     - 'RAW_10_agg_linear_trend_attr_"intercept"__chunk_len_50__f_agg_"mean"': 空值比例=0.00%, 零值比例=0.00%
2025-07-16 11:10:32 - FeatureEng-20250716_105818 - INFO -     - 'RAW_10_agg_linear_trend_attr_"intercept"__chunk_len_50__f_agg_"max"': 空值比例=0.00%, 零值比例=0.00%
2025-07-16 11:10:32 - FeatureEng-20250716_105818 - INFO -     - 'RAW_10_agg_linear_trend_attr_"intercept"__chunk_len_5__f_agg_"mean"': 空值比例=0.00%, 零值比例=0.00%
2025-07-16 11:10:32 - FeatureEng-20250716_105818 - INFO -     - 'RAW_10_agg_linear_trend_attr_"intercept"__chunk_len_5__f_agg_"max"': 空值比例=0.00%, 零值比例=0.00%
2025-07-16 11:10:32 - FeatureEng-20250716_105818 - INFO -     - 'RAW_10_agg_linear_trend_attr_"intercept"__chunk_len_10__f_agg_"mean"': 空值比例=0.00%, 零值比例=0.00%
2025-07-16 11:10:32 - FeatureEng-20250716_105818 - INFO -     - 'RAW_10_agg_linear_trend_attr_"intercept"__chunk_len_10__f_agg_"max"': 空值比例=0.00%, 零值比例=0.00%
2025-07-16 11:10:32 - FeatureEng-20250716_105818 - INFO - 
Number of new features: 51
2025-07-16 11:10:32 - FeatureEng-20250716_105818 - INFO - Number of loaded features: 127
2025-07-16 11:10:33 - FeatureEng-20250716_105818 - INFO - 
New features with high correlation (|corr| > 0.7) to loaded features:
2025-07-16 11:10:33 - FeatureEng-20250716_105818 - INFO - 
RAW_10_quantile_0.6 is highly correlated with:
2025-07-16 11:10:33 - FeatureEng-20250716_105818 - INFO -   - RAW_1_stats_mean_of_rolling_std_diff: 0.717
2025-07-16 11:10:33 - FeatureEng-20250716_105818 - INFO -   - RAW_6_iqr_diff: 0.887
2025-07-16 11:10:33 - FeatureEng-20250716_105818 - INFO - 
RAW_10_quantile_0.4 is highly correlated with:
2025-07-16 11:10:33 - FeatureEng-20250716_105818 - INFO -   - RAW_1_stats_mean_of_rolling_std_diff: -0.769
2025-07-16 11:10:33 - FeatureEng-20250716_105818 - INFO -   - RAW_6_iqr_diff: -0.918
2025-07-16 11:10:33 - FeatureEng-20250716_105818 - INFO - 
RAW_10_quantile_0.1 is highly correlated with:
2025-07-16 11:10:33 - FeatureEng-20250716_105818 - INFO -   - RAW_1_stats_mean_of_rolling_std_diff: -0.852
2025-07-16 11:10:33 - FeatureEng-20250716_105818 - INFO -   - RAW_6_iqr_diff: -0.950
2025-07-16 11:10:33 - FeatureEng-20250716_105818 - INFO - 
RAW_10_linear_trend_attr_"slope" is highly correlated with:
2025-07-16 11:10:33 - FeatureEng-20250716_105818 - INFO -   - RAW_1_stats_mean_right: 0.742
2025-07-16 11:10:33 - FeatureEng-20250716_105818 - INFO - 
RAW_10_change_quantiles_f_agg_var_isabs_True_qh_0.8_ql_0.4 is highly correlated with:
2025-07-16 11:10:33 - FeatureEng-20250716_105818 - INFO -   - RAW_6_iqr_diff: 0.799
2025-07-16 11:10:33 - FeatureEng-20250716_105818 - INFO - 
RAW_10_change_quantiles_f_agg_var_isabs_True_qh_0.8_ql_0.2 is highly correlated with:
2025-07-16 11:10:33 - FeatureEng-20250716_105818 - INFO -   - RAW_6_iqr_diff: 0.764
2025-07-16 11:10:33 - FeatureEng-20250716_105818 - INFO - 
RAW_10_change_quantiles_f_agg_var_isabs_True_qh_0.6_ql_0.4 is highly correlated with:
2025-07-16 11:10:33 - FeatureEng-20250716_105818 - INFO -   - RAW_6_iqr_diff: 0.747
2025-07-16 11:10:33 - FeatureEng-20250716_105818 - INFO - 
RAW_10_change_quantiles_f_agg_var_isabs_True_qh_0.6_ql_0.2 is highly correlated with:
2025-07-16 11:10:33 - FeatureEng-20250716_105818 - INFO -   - RAW_6_iqr_diff: 0.835
2025-07-16 11:10:33 - FeatureEng-20250716_105818 - INFO - 
RAW_10_change_quantiles_f_agg_var_isabs_True_qh_0.4_ql_0.2 is highly correlated with:
2025-07-16 11:10:33 - FeatureEng-20250716_105818 - INFO -   - RAW_6_iqr_diff: 0.780
2025-07-16 11:10:33 - FeatureEng-20250716_105818 - INFO - 
RAW_10_change_quantiles_f_agg_var_isabs_False_qh_0.8_ql_0.4 is highly correlated with:
2025-07-16 11:10:33 - FeatureEng-20250716_105818 - INFO -   - RAW_6_iqr_diff: 0.768
2025-07-16 11:10:33 - FeatureEng-20250716_105818 - INFO - 
RAW_10_change_quantiles_f_agg_var_isabs_False_qh_0.8_ql_0.2 is highly correlated with:
2025-07-16 11:10:33 - FeatureEng-20250716_105818 - INFO -   - RAW_6_iqr_diff: 0.747
2025-07-16 11:10:33 - FeatureEng-20250716_105818 - INFO - 
RAW_10_change_quantiles_f_agg_var_isabs_False_qh_0.8_ql_0.0 is highly correlated with:
2025-07-16 11:10:33 - FeatureEng-20250716_105818 - INFO -   - RAW_1_stats_mean_of_rolling_std_diff: 0.707
2025-07-16 11:10:33 - FeatureEng-20250716_105818 - INFO -   - RAW_6_iqr_diff: 0.825
2025-07-16 11:10:33 - FeatureEng-20250716_105818 - INFO - 
RAW_10_change_quantiles_f_agg_var_isabs_False_qh_0.6_ql_0.2 is highly correlated with:
2025-07-16 11:10:33 - FeatureEng-20250716_105818 - INFO -   - RAW_6_iqr_diff: 0.783
2025-07-16 11:10:33 - FeatureEng-20250716_105818 - INFO - 
RAW_10_change_quantiles_f_agg_var_isabs_False_qh_0.4_ql_0.2 is highly correlated with:
2025-07-16 11:10:33 - FeatureEng-20250716_105818 - INFO -   - RAW_6_iqr_diff: 0.799
2025-07-16 11:10:33 - FeatureEng-20250716_105818 - INFO - 
RAW_10_change_quantiles_f_agg_mean_isabs_True_qh_1.0_ql_0.4 is highly correlated with:
2025-07-16 11:10:33 - FeatureEng-20250716_105818 - INFO -   - RAW_1_stats_mean_of_rolling_std_diff: 0.856
2025-07-16 11:10:33 - FeatureEng-20250716_105818 - INFO -   - RAW_6_iqr_diff: 0.891
2025-07-16 11:10:33 - FeatureEng-20250716_105818 - INFO - 
RAW_10_change_quantiles_f_agg_mean_isabs_True_qh_0.6_ql_0.4 is highly correlated with:
2025-07-16 11:10:33 - FeatureEng-20250716_105818 - INFO -   - RAW_1_stats_mean_of_rolling_std_diff: 0.715
2025-07-16 11:10:33 - FeatureEng-20250716_105818 - INFO -   - RAW_6_iqr_diff: 0.887
2025-07-16 11:10:33 - FeatureEng-20250716_105818 - INFO - 
RAW_10_agg_linear_trend_attr_"slope"__chunk_len_50__f_agg_"mean" is highly correlated with:
2025-07-16 11:10:33 - FeatureEng-20250716_105818 - INFO -   - RAW_1_stats_max_ratio: 0.811
2025-07-16 11:10:33 - FeatureEng-20250716_105818 - INFO -   - RAW_1_stats_range_ratio: 0.808
2025-07-16 11:10:33 - FeatureEng-20250716_105818 - INFO -   - RAW_1_stats_std_ratio: 0.815
2025-07-16 11:10:33 - FeatureEng-20250716_105818 - INFO -   - RAW_1_stats_mean_of_rolling_std_ratio: 0.811
2025-07-16 11:10:33 - FeatureEng-20250716_105818 - INFO - 
RAW_10_agg_linear_trend_attr_"slope"__chunk_len_5__f_agg_"mean" is highly correlated with:
2025-07-16 11:10:33 - FeatureEng-20250716_105818 - INFO -   - RAW_1_stats_mean_right: 0.756
2025-07-16 11:10:33 - FeatureEng-20250716_105818 - INFO -   - RAW_1_stats_mean_diff: 0.702
2025-07-16 11:10:33 - FeatureEng-20250716_105818 - INFO -   - RAW_1_stats_mean_of_rolling_std_ratio: 0.701
2025-07-16 11:10:33 - FeatureEng-20250716_105818 - INFO - 
RAW_10_agg_linear_trend_attr_"slope"__chunk_len_10__f_agg_"mean" is highly correlated with:
2025-07-16 11:10:33 - FeatureEng-20250716_105818 - INFO -   - RAW_1_stats_mean_right: 0.757
2025-07-16 11:10:33 - FeatureEng-20250716_105818 - INFO -   - RAW_1_stats_mean_diff: 0.715
2025-07-16 11:10:33 - FeatureEng-20250716_105818 - INFO -   - RAW_1_stats_max_ratio: 0.724
2025-07-16 11:10:33 - FeatureEng-20250716_105818 - INFO -   - RAW_1_stats_range_ratio: 0.724
2025-07-16 11:10:33 - FeatureEng-20250716_105818 - INFO -   - RAW_1_stats_std_ratio: 0.726
2025-07-16 11:10:33 - FeatureEng-20250716_105818 - INFO -   - RAW_1_stats_mean_of_rolling_std_ratio: 0.729
2025-07-16 11:10:33 - FeatureEng-20250716_105818 - INFO -   - RAW_3_sum_right: 0.702
2025-07-16 11:10:33 - FeatureEng-20250716_105818 - INFO - 
RAW_10_agg_linear_trend_attr_"intercept"__chunk_len_50__f_agg_"mean" is highly correlated with:
2025-07-16 11:10:33 - FeatureEng-20250716_105818 - INFO -   - RAW_2_adf_pvalue_left: 0.734
2025-07-16 11:10:33 - FeatureEng-20250716_105818 - INFO - 
RAW_10_agg_linear_trend_attr_"intercept"__chunk_len_50__f_agg_"max" is highly correlated with:
2025-07-16 11:10:33 - FeatureEng-20250716_105818 - INFO -   - RAW_1_stats_max_left: -0.753
2025-07-16 11:10:33 - FeatureEng-20250716_105818 - INFO -   - RAW_1_stats_max_whole: -0.739
2025-07-16 11:10:33 - FeatureEng-20250716_105818 - INFO -   - RAW_1_stats_max_diff: 0.763
2025-07-16 11:10:33 - FeatureEng-20250716_105818 - INFO -   - RAW_1_stats_range_left: -0.753
2025-07-16 11:10:33 - FeatureEng-20250716_105818 - INFO -   - RAW_1_stats_range_whole: -0.738
2025-07-16 11:10:33 - FeatureEng-20250716_105818 - INFO -   - RAW_1_stats_range_diff: 0.765
2025-07-16 11:10:33 - FeatureEng-20250716_105818 - INFO -   - RAW_1_stats_std_left: -0.721
2025-07-16 11:10:33 - FeatureEng-20250716_105818 - INFO -   - RAW_1_stats_std_whole: -0.705
2025-07-16 11:10:33 - FeatureEng-20250716_105818 - INFO -   - RAW_1_stats_std_diff: 0.757
2025-07-16 11:10:33 - FeatureEng-20250716_105818 - INFO -   - RAW_7_rolling_std_w50_mean_diff: 0.714
2025-07-16 11:10:33 - FeatureEng-20250716_105818 - INFO - 
No new features exceeded threshold |corr| > 0.95, nothing dropped.
2025-07-16 11:10:33 - FeatureEng-20250716_105818 - INFO - --- 开始生成特征: ar_model_features ---
2025-07-16 11:11:04 - FeatureEng-20250716_105818 - INFO - 'ar_model_features' 生成完毕，耗时: 30.94 秒。
2025-07-16 11:11:04 - FeatureEng-20250716_105818 - INFO -   新生成特征列名: ['RAW_11_ar_residuals_s2_pred_mean', 'RAW_11_ar_residuals_s2_pred_std', 'RAW_11_ar_residuals_s2_pred_skew', 'RAW_11_ar_residuals_s2_pred_kurt', 'RAW_11_ar_residuals_s1_pred_mean', 'RAW_11_ar_residuals_s1_pred_std', 'RAW_11_ar_residuals_s1_pred_skew', 'RAW_11_ar_residuals_s1_pred_kurt', 'RAW_11_ar_resid_std_diff', 'RAW_11_ar_aic_diff', 'RAW_11_ar_bic_diff', 'RAW_11_param_0_diff', 'RAW_11_param_1_diff', 'RAW_11_param_2_diff', 'RAW_11_param_3_diff', 'RAW_11_param_4_diff', 'RAW_11_param_5_diff']
2025-07-16 11:11:04 - FeatureEng-20250716_105818 - INFO -     - 'RAW_11_ar_residuals_s2_pred_mean': 空值比例=0.00%, 零值比例=0.00%
2025-07-16 11:11:04 - FeatureEng-20250716_105818 - INFO -     - 'RAW_11_ar_residuals_s2_pred_std': 空值比例=0.00%, 零值比例=0.00%
2025-07-16 11:11:04 - FeatureEng-20250716_105818 - INFO -     - 'RAW_11_ar_residuals_s2_pred_skew': 空值比例=0.00%, 零值比例=0.00%
2025-07-16 11:11:04 - FeatureEng-20250716_105818 - INFO -     - 'RAW_11_ar_residuals_s2_pred_kurt': 空值比例=0.00%, 零值比例=0.00%
2025-07-16 11:11:04 - FeatureEng-20250716_105818 - INFO -     - 'RAW_11_ar_residuals_s1_pred_mean': 空值比例=0.00%, 零值比例=0.00%
2025-07-16 11:11:04 - FeatureEng-20250716_105818 - INFO -     - 'RAW_11_ar_residuals_s1_pred_std': 空值比例=0.00%, 零值比例=0.00%
2025-07-16 11:11:04 - FeatureEng-20250716_105818 - INFO -     - 'RAW_11_ar_residuals_s1_pred_skew': 空值比例=0.00%, 零值比例=0.00%
2025-07-16 11:11:04 - FeatureEng-20250716_105818 - INFO -     - 'RAW_11_ar_residuals_s1_pred_kurt': 空值比例=0.00%, 零值比例=0.00%
2025-07-16 11:11:04 - FeatureEng-20250716_105818 - INFO -     - 'RAW_11_ar_resid_std_diff': 空值比例=0.00%, 零值比例=0.00%
2025-07-16 11:11:04 - FeatureEng-20250716_105818 - INFO -     - 'RAW_11_ar_aic_diff': 空值比例=0.00%, 零值比例=0.00%
2025-07-16 11:11:04 - FeatureEng-20250716_105818 - INFO -     - 'RAW_11_ar_bic_diff': 空值比例=0.00%, 零值比例=0.00%
2025-07-16 11:11:04 - FeatureEng-20250716_105818 - INFO -     - 'RAW_11_param_0_diff': 空值比例=0.00%, 零值比例=0.00%
2025-07-16 11:11:04 - FeatureEng-20250716_105818 - INFO -     - 'RAW_11_param_1_diff': 空值比例=0.00%, 零值比例=0.00%
2025-07-16 11:11:04 - FeatureEng-20250716_105818 - INFO -     - 'RAW_11_param_2_diff': 空值比例=0.00%, 零值比例=0.00%
2025-07-16 11:11:04 - FeatureEng-20250716_105818 - INFO -     - 'RAW_11_param_3_diff': 空值比例=0.00%, 零值比例=0.00%
2025-07-16 11:11:04 - FeatureEng-20250716_105818 - INFO -     - 'RAW_11_param_4_diff': 空值比例=0.00%, 零值比例=0.00%
2025-07-16 11:11:04 - FeatureEng-20250716_105818 - INFO -     - 'RAW_11_param_5_diff': 空值比例=0.00%, 零值比例=0.00%
2025-07-16 11:11:04 - FeatureEng-20250716_105818 - INFO - 
Number of new features: 17
2025-07-16 11:11:04 - FeatureEng-20250716_105818 - INFO - Number of loaded features: 178
2025-07-16 11:11:05 - FeatureEng-20250716_105818 - INFO - 
New features with high correlation (|corr| > 0.7) to loaded features:
2025-07-16 11:11:05 - FeatureEng-20250716_105818 - INFO - 
RAW_11_ar_residuals_s2_pred_mean is highly correlated with:
2025-07-16 11:11:05 - FeatureEng-20250716_105818 - INFO -   - RAW_1_stats_mean_left: -0.751
2025-07-16 11:11:05 - FeatureEng-20250716_105818 - INFO -   - RAW_2_adf_pvalue_left: -0.993
2025-07-16 11:11:05 - FeatureEng-20250716_105818 - INFO -   - RAW_3_sum_diff: 0.795
2025-07-16 11:11:05 - FeatureEng-20250716_105818 - INFO -   - RAW_3_cumsum_max_diff: 0.796
2025-07-16 11:11:05 - FeatureEng-20250716_105818 - INFO -   - RAW_5_max_power_diff: 0.932
2025-07-16 11:11:05 - FeatureEng-20250716_105818 - INFO -   - RAW_10_agg_linear_trend_attr_intercept_chunk_len_50_f_agg_mean_: -0.722
2025-07-16 11:11:05 - FeatureEng-20250716_105818 - INFO - 
RAW_11_ar_residuals_s2_pred_std is highly correlated with:
2025-07-16 11:11:05 - FeatureEng-20250716_105818 - INFO -   - RAW_1_stats_mean_whole: 0.721
2025-07-16 11:11:05 - FeatureEng-20250716_105818 - INFO -   - RAW_1_stats_std_right: 0.700
2025-07-16 11:11:05 - FeatureEng-20250716_105818 - INFO -   - RAW_2_adf_pvalue_left: 0.854
2025-07-16 11:11:05 - FeatureEng-20250716_105818 - INFO -   - RAW_5_max_power_diff: -0.752
2025-07-16 11:11:05 - FeatureEng-20250716_105818 - INFO - 
RAW_11_ar_residuals_s2_pred_skew is highly correlated with:
2025-07-16 11:11:05 - FeatureEng-20250716_105818 - INFO -   - RAW_1_stats_skew_right: 0.980
2025-07-16 11:11:05 - FeatureEng-20250716_105818 - INFO - 
RAW_11_ar_residuals_s2_pred_kurt is highly correlated with:
2025-07-16 11:11:05 - FeatureEng-20250716_105818 - INFO -   - RAW_1_stats_kurt_right: 0.971
2025-07-16 11:11:05 - FeatureEng-20250716_105818 - INFO - 
RAW_11_ar_residuals_s1_pred_mean is highly correlated with:
2025-07-16 11:11:05 - FeatureEng-20250716_105818 - INFO -   - RAW_1_stats_mean_right: -0.733
2025-07-16 11:11:05 - FeatureEng-20250716_105818 - INFO -   - RAW_1_stats_mean_diff: -0.997
2025-07-16 11:11:05 - FeatureEng-20250716_105818 - INFO -   - RAW_1_stats_mean_of_rolling_std_diff: -0.729
2025-07-16 11:11:05 - FeatureEng-20250716_105818 - INFO -   - RAW_3_sum_right: -0.724
2025-07-16 11:11:05 - FeatureEng-20250716_105818 - INFO -   - RAW_3_sum_diff: -0.828
2025-07-16 11:11:05 - FeatureEng-20250716_105818 - INFO -   - RAW_3_cumsum_max_diff: -0.825
2025-07-16 11:11:05 - FeatureEng-20250716_105818 - INFO -   - RAW_7_rolling_std_w50_mean_diff: -0.707
2025-07-16 11:11:05 - FeatureEng-20250716_105818 - INFO -   - RAW_10_linear_trend_attr_slope_: -0.705
2025-07-16 11:11:05 - FeatureEng-20250716_105818 - INFO -   - RAW_10_agg_linear_trend_attr_slope_chunk_len_5_f_agg_mean_: -0.724
2025-07-16 11:11:05 - FeatureEng-20250716_105818 - INFO -   - RAW_10_agg_linear_trend_attr_slope_chunk_len_10_f_agg_mean_: -0.739
2025-07-16 11:11:05 - FeatureEng-20250716_105818 - INFO - 
RAW_11_ar_residuals_s1_pred_std is highly correlated with:
2025-07-16 11:11:05 - FeatureEng-20250716_105818 - INFO -   - RAW_1_stats_mean_left: 0.788
2025-07-16 11:11:05 - FeatureEng-20250716_105818 - INFO -   - RAW_1_stats_mean_whole: 0.745
2025-07-16 11:11:05 - FeatureEng-20250716_105818 - INFO -   - RAW_1_stats_max_left: 0.975
2025-07-16 11:11:05 - FeatureEng-20250716_105818 - INFO -   - RAW_1_stats_max_whole: 0.970
2025-07-16 11:11:05 - FeatureEng-20250716_105818 - INFO -   - RAW_1_stats_max_diff: -0.954
2025-07-16 11:11:05 - FeatureEng-20250716_105818 - INFO -   - RAW_1_stats_range_left: 0.977
2025-07-16 11:11:05 - FeatureEng-20250716_105818 - INFO -   - RAW_1_stats_range_whole: 0.972
2025-07-16 11:11:05 - FeatureEng-20250716_105818 - INFO -   - RAW_1_stats_range_diff: -0.955
2025-07-16 11:11:05 - FeatureEng-20250716_105818 - INFO -   - RAW_1_stats_std_left: 1.000
2025-07-16 11:11:05 - FeatureEng-20250716_105818 - INFO -   - RAW_1_stats_std_whole: 0.992
2025-07-16 11:11:05 - FeatureEng-20250716_105818 - INFO -   - RAW_1_stats_std_diff: -0.952
2025-07-16 11:11:05 - FeatureEng-20250716_105818 - INFO -   - RAW_3_cumsum_max_diff: -0.702
2025-07-16 11:11:05 - FeatureEng-20250716_105818 - INFO -   - RAW_7_rolling_std_w50_mean_diff: -0.702
2025-07-16 11:11:05 - FeatureEng-20250716_105818 - INFO -   - RAW_10_agg_linear_trend_attr_intercept_chunk_len_50_f_agg_max_: -0.720
2025-07-16 11:11:05 - FeatureEng-20250716_105818 - INFO - 
RAW_11_ar_residuals_s1_pred_skew is highly correlated with:
2025-07-16 11:11:05 - FeatureEng-20250716_105818 - INFO -   - RAW_1_stats_skew_left: 0.999
2025-07-16 11:11:05 - FeatureEng-20250716_105818 - INFO -   - RAW_1_stats_skew_whole: 0.819
2025-07-16 11:11:05 - FeatureEng-20250716_105818 - INFO -   - RAW_1_stats_skew_diff: -0.786
2025-07-16 11:11:05 - FeatureEng-20250716_105818 - INFO -   - RAW_1_stats_kurt_left: 0.702
2025-07-16 11:11:05 - FeatureEng-20250716_105818 - INFO - 
RAW_11_ar_residuals_s1_pred_kurt is highly correlated with:
2025-07-16 11:11:05 - FeatureEng-20250716_105818 - INFO -   - RAW_1_stats_skew_left: 0.702
2025-07-16 11:11:05 - FeatureEng-20250716_105818 - INFO -   - RAW_1_stats_kurt_left: 1.000
2025-07-16 11:11:05 - FeatureEng-20250716_105818 - INFO -   - RAW_1_stats_kurt_whole: 0.805
2025-07-16 11:11:05 - FeatureEng-20250716_105818 - INFO -   - RAW_1_stats_kurt_diff: -0.921
2025-07-16 11:11:05 - FeatureEng-20250716_105818 - INFO - 
RAW_11_ar_resid_std_diff is highly correlated with:
2025-07-16 11:11:05 - FeatureEng-20250716_105818 - INFO -   - RAW_1_stats_max_left: -0.968
2025-07-16 11:11:05 - FeatureEng-20250716_105818 - INFO -   - RAW_1_stats_max_whole: -0.938
2025-07-16 11:11:05 - FeatureEng-20250716_105818 - INFO -   - RAW_1_stats_max_diff: 0.987
2025-07-16 11:11:05 - FeatureEng-20250716_105818 - INFO -   - RAW_1_stats_range_left: -0.967
2025-07-16 11:11:05 - FeatureEng-20250716_105818 - INFO -   - RAW_1_stats_range_whole: -0.935
2025-07-16 11:11:05 - FeatureEng-20250716_105818 - INFO -   - RAW_1_stats_range_diff: 0.988
2025-07-16 11:11:05 - FeatureEng-20250716_105818 - INFO -   - RAW_1_stats_std_left: -0.949
2025-07-16 11:11:05 - FeatureEng-20250716_105818 - INFO -   - RAW_1_stats_std_whole: -0.912
2025-07-16 11:11:05 - FeatureEng-20250716_105818 - INFO -   - RAW_1_stats_std_diff: 0.993
2025-07-16 11:11:05 - FeatureEng-20250716_105818 - INFO -   - RAW_7_rolling_std_w50_mean_diff: 0.834
2025-07-16 11:11:05 - FeatureEng-20250716_105818 - INFO -   - RAW_10_agg_linear_trend_attr_intercept_chunk_len_50_f_agg_max_: 0.780
2025-07-16 11:11:05 - FeatureEng-20250716_105818 - INFO - 
RAW_11_ar_aic_diff is highly correlated with:
2025-07-16 11:11:05 - FeatureEng-20250716_105818 - INFO -   - RAW_2_adf_icbest_diff: -1.000
2025-07-16 11:11:05 - FeatureEng-20250716_105818 - INFO - 
RAW_11_ar_bic_diff is highly correlated with:
2025-07-16 11:11:05 - FeatureEng-20250716_105818 - INFO -   - RAW_2_adf_icbest_diff: -1.000
2025-07-16 11:11:05 - FeatureEng-20250716_105818 - INFO - 
RAW_11_param_0_diff is highly correlated with:
2025-07-16 11:11:05 - FeatureEng-20250716_105818 - INFO -   - RAW_1_stats_mean_diff: 0.725
2025-07-16 11:11:05 - FeatureEng-20250716_105818 - INFO -   - RAW_1_stats_mean_of_rolling_std_diff: 0.783
2025-07-16 11:11:05 - FeatureEng-20250716_105818 - INFO -   - RAW_7_rolling_std_w50_mean_diff: 0.855
2025-07-16 11:11:05 - FeatureEng-20250716_105818 - INFO -   - RAW_10_change_quantiles_f_agg_var_isabs_True_qh_0_8_ql_0_4: 0.708
2025-07-16 11:11:05 - FeatureEng-20250716_105818 - INFO -   - RAW_10_change_quantiles_f_agg_var_isabs_True_qh_0_8_ql_0_2: 0.713
2025-07-16 11:11:05 - FeatureEng-20250716_105818 - INFO -   - RAW_10_change_quantiles_f_agg_var_isabs_True_qh_0_6_ql_0_2: 0.709
2025-07-16 11:11:05 - FeatureEng-20250716_105818 - INFO -   - RAW_10_change_quantiles_f_agg_var_isabs_False_qh_0_8_ql_0_2: 0.706
2025-07-16 11:11:05 - FeatureEng-20250716_105818 - INFO -   - RAW_10_change_quantiles_f_agg_var_isabs_False_qh_0_8_ql_0_0: 0.734
2025-07-16 11:11:05 - FeatureEng-20250716_105818 - INFO - 
RAW_11_param_1_diff is highly correlated with:
2025-07-16 11:11:05 - FeatureEng-20250716_105818 - INFO -   - RAW_4_autocorr_lag1_diff: 0.987
2025-07-16 11:11:05 - FeatureEng-20250716_105818 - INFO -   - RAW_8_hjorth_complexity_diff: 0.878
2025-07-16 11:11:05 - FeatureEng-20250716_105818 - INFO - 
RAW_11_param_2_diff is highly correlated with:
2025-07-16 11:11:05 - FeatureEng-20250716_105818 - INFO -   - RAW_10_partial_autocorrelation_lag_2: 0.982
2025-07-16 11:11:05 - FeatureEng-20250716_105818 - INFO -   - RAW_10_ar_coefficient_coeff_2_k_10: 0.989
2025-07-16 11:11:05 - FeatureEng-20250716_105818 - INFO - 
Dropping 12 new features with |corr| > 0.95:
2025-07-16 11:11:05 - FeatureEng-20250716_105818 - INFO -   - RAW_11_ar_residuals_s2_pred_mean
2025-07-16 11:11:05 - FeatureEng-20250716_105818 - INFO -   - RAW_11_ar_residuals_s2_pred_skew
2025-07-16 11:11:05 - FeatureEng-20250716_105818 - INFO -   - RAW_11_ar_residuals_s2_pred_kurt
2025-07-16 11:11:05 - FeatureEng-20250716_105818 - INFO -   - RAW_11_ar_residuals_s1_pred_mean
2025-07-16 11:11:05 - FeatureEng-20250716_105818 - INFO -   - RAW_11_ar_residuals_s1_pred_std
2025-07-16 11:11:05 - FeatureEng-20250716_105818 - INFO -   - RAW_11_ar_residuals_s1_pred_skew
2025-07-16 11:11:05 - FeatureEng-20250716_105818 - INFO -   - RAW_11_ar_residuals_s1_pred_kurt
2025-07-16 11:11:05 - FeatureEng-20250716_105818 - INFO -   - RAW_11_ar_resid_std_diff
2025-07-16 11:11:05 - FeatureEng-20250716_105818 - INFO -   - RAW_11_ar_aic_diff
2025-07-16 11:11:05 - FeatureEng-20250716_105818 - INFO -   - RAW_11_ar_bic_diff
2025-07-16 11:11:05 - FeatureEng-20250716_105818 - INFO -   - RAW_11_param_1_diff
2025-07-16 11:11:05 - FeatureEng-20250716_105818 - INFO -   - RAW_11_param_2_diff
2025-07-16 11:11:05 - FeatureEng-20250716_105818 - INFO - --- 开始生成特征: rupture_cost_features ---
2025-07-16 11:18:13 - FeatureEng-20250716_105818 - INFO - 'rupture_cost_features' 生成完毕，耗时: 427.66 秒。
2025-07-16 11:18:13 - FeatureEng-20250716_105818 - INFO -   新生成特征列名: ['RAW_12_rpt_cost_l1_left', 'RAW_12_rpt_cost_l1_right', 'RAW_12_rpt_cost_l1_whole', 'RAW_12_rpt_cost_l2_left', 'RAW_12_rpt_cost_l2_right', 'RAW_12_rpt_cost_l2_whole', 'RAW_12_rpt_cost_clinear_left', 'RAW_12_rpt_cost_clinear_right', 'RAW_12_rpt_cost_clinear_whole', 'RAW_12_rpt_cost_rbf_left', 'RAW_12_rpt_cost_rbf_right', 'RAW_12_rpt_cost_rbf_whole', 'RAW_12_rpt_cost_normal_left', 'RAW_12_rpt_cost_normal_right', 'RAW_12_rpt_cost_normal_whole', 'RAW_12_rpt_cost_ar_left', 'RAW_12_rpt_cost_ar_right', 'RAW_12_rpt_cost_ar_whole', 'RAW_12_rpt_cost_mahalanobis_left', 'RAW_12_rpt_cost_mahalanobis_right', 'RAW_12_rpt_cost_mahalanobis_whole', 'RAW_12_rpt_cost_rank_left', 'RAW_12_rpt_cost_rank_right', 'RAW_12_rpt_cost_rank_whole', 'RAW_12_rpt_cost_cosine_left', 'RAW_12_rpt_cost_cosine_right', 'RAW_12_rpt_cost_cosine_whole']
2025-07-16 11:18:13 - FeatureEng-20250716_105818 - INFO -     - 'RAW_12_rpt_cost_l1_left': 空值比例=0.00%, 零值比例=0.00%
2025-07-16 11:18:13 - FeatureEng-20250716_105818 - INFO -     - 'RAW_12_rpt_cost_l1_right': 空值比例=0.00%, 零值比例=0.00%
2025-07-16 11:18:13 - FeatureEng-20250716_105818 - INFO -     - 'RAW_12_rpt_cost_l1_whole': 空值比例=0.00%, 零值比例=0.00%
2025-07-16 11:18:13 - FeatureEng-20250716_105818 - INFO -     - 'RAW_12_rpt_cost_l2_left': 空值比例=0.00%, 零值比例=0.00%
2025-07-16 11:18:13 - FeatureEng-20250716_105818 - INFO -     - 'RAW_12_rpt_cost_l2_right': 空值比例=0.00%, 零值比例=0.00%
2025-07-16 11:18:13 - FeatureEng-20250716_105818 - INFO -     - 'RAW_12_rpt_cost_l2_whole': 空值比例=0.00%, 零值比例=0.00%
2025-07-16 11:18:13 - FeatureEng-20250716_105818 - INFO -     - 'RAW_12_rpt_cost_clinear_left': 空值比例=0.00%, 零值比例=0.00%
2025-07-16 11:18:13 - FeatureEng-20250716_105818 - INFO -     - 'RAW_12_rpt_cost_clinear_right': 空值比例=0.00%, 零值比例=0.00%
2025-07-16 11:18:13 - FeatureEng-20250716_105818 - INFO -     - 'RAW_12_rpt_cost_clinear_whole': 空值比例=0.00%, 零值比例=0.00%
2025-07-16 11:18:13 - FeatureEng-20250716_105818 - INFO -     - 'RAW_12_rpt_cost_rbf_left': 空值比例=0.00%, 零值比例=0.00%
2025-07-16 11:18:13 - FeatureEng-20250716_105818 - INFO -     - 'RAW_12_rpt_cost_rbf_right': 空值比例=0.00%, 零值比例=0.00%
2025-07-16 11:18:13 - FeatureEng-20250716_105818 - INFO -     - 'RAW_12_rpt_cost_rbf_whole': 空值比例=0.00%, 零值比例=0.00%
2025-07-16 11:18:13 - FeatureEng-20250716_105818 - INFO -     - 'RAW_12_rpt_cost_normal_left': 空值比例=0.00%, 零值比例=0.00%
2025-07-16 11:18:13 - FeatureEng-20250716_105818 - INFO -     - 'RAW_12_rpt_cost_normal_right': 空值比例=0.00%, 零值比例=0.00%
2025-07-16 11:18:13 - FeatureEng-20250716_105818 - INFO -     - 'RAW_12_rpt_cost_normal_whole': 空值比例=0.00%, 零值比例=0.00%
2025-07-16 11:18:13 - FeatureEng-20250716_105818 - INFO -     - 'RAW_12_rpt_cost_ar_left': 空值比例=0.00%, 零值比例=0.00%
2025-07-16 11:18:13 - FeatureEng-20250716_105818 - INFO -     - 'RAW_12_rpt_cost_ar_right': 空值比例=0.00%, 零值比例=0.00%
2025-07-16 11:18:13 - FeatureEng-20250716_105818 - INFO -     - 'RAW_12_rpt_cost_ar_whole': 空值比例=0.00%, 零值比例=0.00%
2025-07-16 11:18:13 - FeatureEng-20250716_105818 - INFO -     - 'RAW_12_rpt_cost_mahalanobis_left': 空值比例=0.00%, 零值比例=0.00%
2025-07-16 11:18:13 - FeatureEng-20250716_105818 - INFO -     - 'RAW_12_rpt_cost_mahalanobis_right': 空值比例=0.00%, 零值比例=0.00%
2025-07-16 11:18:13 - FeatureEng-20250716_105818 - INFO -     - 'RAW_12_rpt_cost_mahalanobis_whole': 空值比例=0.00%, 零值比例=0.00%
2025-07-16 11:18:13 - FeatureEng-20250716_105818 - INFO -     - 'RAW_12_rpt_cost_rank_left': 空值比例=0.00%, 零值比例=0.00%
2025-07-16 11:18:13 - FeatureEng-20250716_105818 - INFO -     - 'RAW_12_rpt_cost_rank_right': 空值比例=0.00%, 零值比例=0.00%
2025-07-16 11:18:13 - FeatureEng-20250716_105818 - INFO -     - 'RAW_12_rpt_cost_rank_whole': 空值比例=0.00%, 零值比例=100.00%
2025-07-16 11:18:13 - FeatureEng-20250716_105818 - INFO -     - 'RAW_12_rpt_cost_cosine_left': 空值比例=0.00%, 零值比例=0.01%
2025-07-16 11:18:13 - FeatureEng-20250716_105818 - INFO -     - 'RAW_12_rpt_cost_cosine_right': 空值比例=0.00%, 零值比例=0.07%
2025-07-16 11:18:13 - FeatureEng-20250716_105818 - INFO -     - 'RAW_12_rpt_cost_cosine_whole': 空值比例=0.00%, 零值比例=0.00%
2025-07-16 11:18:13 - FeatureEng-20250716_105818 - INFO - 
Number of new features: 27
2025-07-16 11:18:13 - FeatureEng-20250716_105818 - INFO - Number of loaded features: 183
2025-07-16 11:18:15 - FeatureEng-20250716_105818 - INFO - 
New features with high correlation (|corr| > 0.7) to loaded features:
2025-07-16 11:18:15 - FeatureEng-20250716_105818 - INFO - 
RAW_12_rpt_cost_l1_left is highly correlated with:
2025-07-16 11:18:15 - FeatureEng-20250716_105818 - INFO -   - RAW_1_stats_mean_of_rolling_std_left: 0.937
2025-07-16 11:18:15 - FeatureEng-20250716_105818 - INFO -   - RAW_1_stats_mean_of_rolling_std_whole: 0.916
2025-07-16 11:18:15 - FeatureEng-20250716_105818 - INFO - 
RAW_12_rpt_cost_l1_right is highly correlated with:
2025-07-16 11:18:15 - FeatureEng-20250716_105818 - INFO -   - RAW_1_stats_std_right: 0.816
2025-07-16 11:18:15 - FeatureEng-20250716_105818 - INFO -   - RAW_1_stats_mean_of_rolling_std_right: 0.891
2025-07-16 11:18:15 - FeatureEng-20250716_105818 - INFO - 
RAW_12_rpt_cost_l1_whole is highly correlated with:
2025-07-16 11:18:15 - FeatureEng-20250716_105818 - INFO -   - RAW_1_stats_min_left: -0.708
2025-07-16 11:18:15 - FeatureEng-20250716_105818 - INFO -   - RAW_1_stats_min_whole: -0.719
2025-07-16 11:18:15 - FeatureEng-20250716_105818 - INFO -   - RAW_1_stats_mean_of_rolling_std_left: 0.910
2025-07-16 11:18:15 - FeatureEng-20250716_105818 - INFO -   - RAW_1_stats_mean_of_rolling_std_right: 0.712
2025-07-16 11:18:15 - FeatureEng-20250716_105818 - INFO -   - RAW_1_stats_mean_of_rolling_std_whole: 0.951
2025-07-16 11:18:15 - FeatureEng-20250716_105818 - INFO - 
RAW_12_rpt_cost_l2_left is highly correlated with:
2025-07-16 11:18:15 - FeatureEng-20250716_105818 - INFO -   - RAW_1_stats_max_left: 0.978
2025-07-16 11:18:15 - FeatureEng-20250716_105818 - INFO -   - RAW_1_stats_max_whole: 0.970
2025-07-16 11:18:15 - FeatureEng-20250716_105818 - INFO -   - RAW_1_stats_max_diff: -0.971
2025-07-16 11:18:15 - FeatureEng-20250716_105818 - INFO -   - RAW_1_stats_range_left: 0.976
2025-07-16 11:18:15 - FeatureEng-20250716_105818 - INFO -   - RAW_1_stats_range_whole: 0.967
2025-07-16 11:18:15 - FeatureEng-20250716_105818 - INFO -   - RAW_1_stats_range_diff: -0.969
2025-07-16 11:18:15 - FeatureEng-20250716_105818 - INFO -   - RAW_1_stats_std_left: 0.948
2025-07-16 11:18:15 - FeatureEng-20250716_105818 - INFO -   - RAW_1_stats_std_whole: 0.939
2025-07-16 11:18:15 - FeatureEng-20250716_105818 - INFO -   - RAW_1_stats_std_diff: -0.935
2025-07-16 11:18:15 - FeatureEng-20250716_105818 - INFO -   - RAW_10_agg_linear_trend_attr_intercept_chunk_len_50_f_agg_max_: -0.728
2025-07-16 11:18:15 - FeatureEng-20250716_105818 - INFO - 
RAW_12_rpt_cost_l2_right is highly correlated with:
2025-07-16 11:18:15 - FeatureEng-20250716_105818 - INFO -   - RAW_1_stats_max_right: 0.883
2025-07-16 11:18:15 - FeatureEng-20250716_105818 - INFO -   - RAW_1_stats_range_right: 0.856
2025-07-16 11:18:15 - FeatureEng-20250716_105818 - INFO -   - RAW_1_stats_std_right: 0.730
2025-07-16 11:18:15 - FeatureEng-20250716_105818 - INFO -   - RAW_3_sum_right: 0.715
2025-07-16 11:18:15 - FeatureEng-20250716_105818 - INFO - 
RAW_12_rpt_cost_l2_whole is highly correlated with:
2025-07-16 11:18:15 - FeatureEng-20250716_105818 - INFO -   - RAW_1_stats_max_left: 0.978
2025-07-16 11:18:15 - FeatureEng-20250716_105818 - INFO -   - RAW_1_stats_max_whole: 0.972
2025-07-16 11:18:15 - FeatureEng-20250716_105818 - INFO -   - RAW_1_stats_max_diff: -0.969
2025-07-16 11:18:15 - FeatureEng-20250716_105818 - INFO -   - RAW_1_stats_range_left: 0.976
2025-07-16 11:18:15 - FeatureEng-20250716_105818 - INFO -   - RAW_1_stats_range_whole: 0.969
2025-07-16 11:18:15 - FeatureEng-20250716_105818 - INFO -   - RAW_1_stats_range_diff: -0.967
2025-07-16 11:18:15 - FeatureEng-20250716_105818 - INFO -   - RAW_1_stats_std_left: 0.948
2025-07-16 11:18:15 - FeatureEng-20250716_105818 - INFO -   - RAW_1_stats_std_whole: 0.942
2025-07-16 11:18:15 - FeatureEng-20250716_105818 - INFO -   - RAW_1_stats_std_diff: -0.932
2025-07-16 11:18:15 - FeatureEng-20250716_105818 - INFO -   - RAW_10_agg_linear_trend_attr_intercept_chunk_len_50_f_agg_max_: -0.728
2025-07-16 11:18:15 - FeatureEng-20250716_105818 - INFO - 
RAW_12_rpt_cost_clinear_left is highly correlated with:
2025-07-16 11:18:15 - FeatureEng-20250716_105818 - INFO -   - RAW_1_stats_max_left: 0.978
2025-07-16 11:18:15 - FeatureEng-20250716_105818 - INFO -   - RAW_1_stats_max_whole: 0.970
2025-07-16 11:18:15 - FeatureEng-20250716_105818 - INFO -   - RAW_1_stats_max_diff: -0.971
2025-07-16 11:18:15 - FeatureEng-20250716_105818 - INFO -   - RAW_1_stats_range_left: 0.976
2025-07-16 11:18:15 - FeatureEng-20250716_105818 - INFO -   - RAW_1_stats_range_whole: 0.968
2025-07-16 11:18:15 - FeatureEng-20250716_105818 - INFO -   - RAW_1_stats_range_diff: -0.969
2025-07-16 11:18:15 - FeatureEng-20250716_105818 - INFO -   - RAW_1_stats_std_left: 0.948
2025-07-16 11:18:15 - FeatureEng-20250716_105818 - INFO -   - RAW_1_stats_std_whole: 0.940
2025-07-16 11:18:15 - FeatureEng-20250716_105818 - INFO -   - RAW_1_stats_std_diff: -0.936
2025-07-16 11:18:15 - FeatureEng-20250716_105818 - INFO -   - RAW_10_agg_linear_trend_attr_intercept_chunk_len_50_f_agg_max_: -0.728
2025-07-16 11:18:15 - FeatureEng-20250716_105818 - INFO - 
RAW_12_rpt_cost_clinear_right is highly correlated with:
2025-07-16 11:18:15 - FeatureEng-20250716_105818 - INFO -   - RAW_1_stats_max_right: 0.839
2025-07-16 11:18:15 - FeatureEng-20250716_105818 - INFO -   - RAW_1_stats_range_right: 0.819
2025-07-16 11:18:15 - FeatureEng-20250716_105818 - INFO -   - RAW_1_stats_std_right: 0.727
2025-07-16 11:18:15 - FeatureEng-20250716_105818 - INFO -   - RAW_3_sum_right: 0.707
2025-07-16 11:18:15 - FeatureEng-20250716_105818 - INFO - 
RAW_12_rpt_cost_clinear_whole is highly correlated with:
2025-07-16 11:18:15 - FeatureEng-20250716_105818 - INFO -   - RAW_1_stats_max_left: 0.978
2025-07-16 11:18:15 - FeatureEng-20250716_105818 - INFO -   - RAW_1_stats_max_whole: 0.972
2025-07-16 11:18:15 - FeatureEng-20250716_105818 - INFO -   - RAW_1_stats_max_diff: -0.968
2025-07-16 11:18:15 - FeatureEng-20250716_105818 - INFO -   - RAW_1_stats_range_left: 0.976
2025-07-16 11:18:15 - FeatureEng-20250716_105818 - INFO -   - RAW_1_stats_range_whole: 0.969
2025-07-16 11:18:15 - FeatureEng-20250716_105818 - INFO -   - RAW_1_stats_range_diff: -0.967
2025-07-16 11:18:15 - FeatureEng-20250716_105818 - INFO -   - RAW_1_stats_std_left: 0.948
2025-07-16 11:18:15 - FeatureEng-20250716_105818 - INFO -   - RAW_1_stats_std_whole: 0.942
2025-07-16 11:18:15 - FeatureEng-20250716_105818 - INFO -   - RAW_1_stats_std_diff: -0.931
2025-07-16 11:18:15 - FeatureEng-20250716_105818 - INFO -   - RAW_10_agg_linear_trend_attr_intercept_chunk_len_50_f_agg_max_: -0.727
2025-07-16 11:18:15 - FeatureEng-20250716_105818 - INFO - 
RAW_12_rpt_cost_rbf_left is highly correlated with:
2025-07-16 11:18:15 - FeatureEng-20250716_105818 - INFO -   - RAW_4_zero_cross_diff: -0.839
2025-07-16 11:18:15 - FeatureEng-20250716_105818 - INFO -   - RAW_8_num_zerocross_0: 0.907
2025-07-16 11:18:15 - FeatureEng-20250716_105818 - INFO - 
RAW_12_rpt_cost_rbf_right is highly correlated with:
2025-07-16 11:18:15 - FeatureEng-20250716_105818 - INFO -   - RAW_2_mannwhitney_stat: 0.740
2025-07-16 11:18:15 - FeatureEng-20250716_105818 - INFO -   - RAW_8_shannon_entropy_1: 0.737
2025-07-16 11:18:15 - FeatureEng-20250716_105818 - INFO -   - RAW_8_approx_entropy_1: 0.701
2025-07-16 11:18:15 - FeatureEng-20250716_105818 - INFO -   - RAW_8_num_zerocross_1: 0.880
2025-07-16 11:18:15 - FeatureEng-20250716_105818 - INFO -   - RAW_9_petrosian_fd_diff: 0.715
2025-07-16 11:18:15 - FeatureEng-20250716_105818 - INFO - 
RAW_12_rpt_cost_rbf_whole is highly correlated with:
2025-07-16 11:18:15 - FeatureEng-20250716_105818 - INFO -   - RAW_2_mannwhitney_stat: 0.862
2025-07-16 11:18:15 - FeatureEng-20250716_105818 - INFO -   - RAW_8_num_zerocross_0: 0.827
2025-07-16 11:18:15 - FeatureEng-20250716_105818 - INFO - 
RAW_12_rpt_cost_normal_left is highly correlated with:
2025-07-16 11:18:15 - FeatureEng-20250716_105818 - INFO -   - RAW_2_adf_icbest_diff: 0.928
2025-07-16 11:18:15 - FeatureEng-20250716_105818 - INFO - 
RAW_12_rpt_cost_normal_right is highly correlated with:
2025-07-16 11:18:15 - FeatureEng-20250716_105818 - INFO -   - RAW_8_approx_entropy_1: -0.744
2025-07-16 11:18:15 - FeatureEng-20250716_105818 - INFO -   - RAW_8_num_zerocross_1: -0.740
2025-07-16 11:18:15 - FeatureEng-20250716_105818 - INFO - 
RAW_12_rpt_cost_normal_whole is highly correlated with:
2025-07-16 11:18:15 - FeatureEng-20250716_105818 - INFO -   - RAW_2_adf_icbest_diff: 0.763
2025-07-16 11:18:15 - FeatureEng-20250716_105818 - INFO - 
RAW_12_rpt_cost_ar_left is highly correlated with:
2025-07-16 11:18:15 - FeatureEng-20250716_105818 - INFO -   - RAW_1_stats_max_left: 0.977
2025-07-16 11:18:15 - FeatureEng-20250716_105818 - INFO -   - RAW_1_stats_max_whole: 0.969
2025-07-16 11:18:15 - FeatureEng-20250716_105818 - INFO -   - RAW_1_stats_max_diff: -0.973
2025-07-16 11:18:15 - FeatureEng-20250716_105818 - INFO -   - RAW_1_stats_range_left: 0.975
2025-07-16 11:18:15 - FeatureEng-20250716_105818 - INFO -   - RAW_1_stats_range_whole: 0.967
2025-07-16 11:18:15 - FeatureEng-20250716_105818 - INFO -   - RAW_1_stats_range_diff: -0.971
2025-07-16 11:18:15 - FeatureEng-20250716_105818 - INFO -   - RAW_1_stats_std_left: 0.935
2025-07-16 11:18:15 - FeatureEng-20250716_105818 - INFO -   - RAW_1_stats_std_whole: 0.927
2025-07-16 11:18:15 - FeatureEng-20250716_105818 - INFO -   - RAW_1_stats_std_diff: -0.927
2025-07-16 11:18:15 - FeatureEng-20250716_105818 - INFO -   - RAW_10_agg_linear_trend_attr_intercept_chunk_len_50_f_agg_max_: -0.735
2025-07-16 11:18:15 - FeatureEng-20250716_105818 - INFO - 
RAW_12_rpt_cost_ar_right is highly correlated with:
2025-07-16 11:18:15 - FeatureEng-20250716_105818 - INFO -   - RAW_1_stats_max_right: 0.883
2025-07-16 11:18:15 - FeatureEng-20250716_105818 - INFO -   - RAW_1_stats_range_right: 0.857
2025-07-16 11:18:15 - FeatureEng-20250716_105818 - INFO - 
RAW_12_rpt_cost_ar_whole is highly correlated with:
2025-07-16 11:18:15 - FeatureEng-20250716_105818 - INFO -   - RAW_1_stats_max_left: 0.978
2025-07-16 11:18:15 - FeatureEng-20250716_105818 - INFO -   - RAW_1_stats_max_whole: 0.971
2025-07-16 11:18:15 - FeatureEng-20250716_105818 - INFO -   - RAW_1_stats_max_diff: -0.971
2025-07-16 11:18:15 - FeatureEng-20250716_105818 - INFO -   - RAW_1_stats_range_left: 0.976
2025-07-16 11:18:15 - FeatureEng-20250716_105818 - INFO -   - RAW_1_stats_range_whole: 0.968
2025-07-16 11:18:15 - FeatureEng-20250716_105818 - INFO -   - RAW_1_stats_range_diff: -0.970
2025-07-16 11:18:15 - FeatureEng-20250716_105818 - INFO -   - RAW_1_stats_std_left: 0.936
2025-07-16 11:18:15 - FeatureEng-20250716_105818 - INFO -   - RAW_1_stats_std_whole: 0.930
2025-07-16 11:18:15 - FeatureEng-20250716_105818 - INFO -   - RAW_1_stats_std_diff: -0.925
2025-07-16 11:18:15 - FeatureEng-20250716_105818 - INFO -   - RAW_10_agg_linear_trend_attr_intercept_chunk_len_50_f_agg_max_: -0.734
2025-07-16 11:18:15 - FeatureEng-20250716_105818 - INFO - 
RAW_12_rpt_cost_mahalanobis_left is highly correlated with:
2025-07-16 11:18:15 - FeatureEng-20250716_105818 - INFO -   - RAW_8_num_zerocross_0: 0.756
2025-07-16 11:18:15 - FeatureEng-20250716_105818 - INFO - 
RAW_12_rpt_cost_mahalanobis_whole is highly correlated with:
2025-07-16 11:18:15 - FeatureEng-20250716_105818 - INFO -   - RAW_2_mannwhitney_stat: 0.862
2025-07-16 11:18:15 - FeatureEng-20250716_105818 - INFO -   - RAW_8_num_zerocross_0: 0.827
2025-07-16 11:18:15 - FeatureEng-20250716_105818 - INFO - 
Dropping 7 new features with |corr| > 0.95:
2025-07-16 11:18:15 - FeatureEng-20250716_105818 - INFO -   - RAW_12_rpt_cost_l1_whole
2025-07-16 11:18:15 - FeatureEng-20250716_105818 - INFO -   - RAW_12_rpt_cost_l2_left
2025-07-16 11:18:15 - FeatureEng-20250716_105818 - INFO -   - RAW_12_rpt_cost_l2_whole
2025-07-16 11:18:15 - FeatureEng-20250716_105818 - INFO -   - RAW_12_rpt_cost_clinear_left
2025-07-16 11:18:15 - FeatureEng-20250716_105818 - INFO -   - RAW_12_rpt_cost_clinear_whole
2025-07-16 11:18:15 - FeatureEng-20250716_105818 - INFO -   - RAW_12_rpt_cost_ar_left
2025-07-16 11:18:15 - FeatureEng-20250716_105818 - INFO -   - RAW_12_rpt_cost_ar_whole
2025-07-16 11:18:16 - FeatureEng-20250716_105818 - INFO - 特征已保存到新文件: features_20250716_111815.parquet
2025-07-16 11:18:16 - FeatureEng-20250716_105818 - INFO - --- 生成后完整特征列表 ---
2025-07-16 11:18:16 - FeatureEng-20250716_105818 - INFO - ['RAW_1_stats_mean_left', 'RAW_1_stats_mean_right', 'RAW_1_stats_mean_whole', 'RAW_1_stats_mean_diff', 'RAW_1_stats_mean_ratio', 'RAW_1_stats_median_left', 'RAW_1_stats_median_right', 'RAW_1_stats_median_whole', 'RAW_1_stats_median_diff', 'RAW_1_stats_median_ratio', 'RAW_1_stats_max_left', 'RAW_1_stats_max_right', 'RAW_1_stats_max_whole', 'RAW_1_stats_max_diff', 'RAW_1_stats_max_ratio', 'RAW_1_stats_min_left', 'RAW_1_stats_min_right', 'RAW_1_stats_min_whole', 'RAW_1_stats_min_diff', 'RAW_1_stats_min_ratio', 'RAW_1_stats_range_left', 'RAW_1_stats_range_right', 'RAW_1_stats_range_whole', 'RAW_1_stats_range_diff', 'RAW_1_stats_range_ratio', 'RAW_1_stats_std_left', 'RAW_1_stats_std_right', 'RAW_1_stats_std_whole', 'RAW_1_stats_std_diff', 'RAW_1_stats_std_ratio', 'RAW_1_stats_skew_left', 'RAW_1_stats_skew_right', 'RAW_1_stats_skew_whole', 'RAW_1_stats_skew_diff', 'RAW_1_stats_skew_ratio', 'RAW_1_stats_kurt_left', 'RAW_1_stats_kurt_right', 'RAW_1_stats_kurt_whole', 'RAW_1_stats_kurt_diff', 'RAW_1_stats_kurt_ratio', 'RAW_1_stats_cv_left', 'RAW_1_stats_cv_right', 'RAW_1_stats_cv_whole', 'RAW_1_stats_cv_diff', 'RAW_1_stats_cv_ratio', 'RAW_1_stats_mean_of_rolling_std_left', 'RAW_1_stats_mean_of_rolling_std_right', 'RAW_1_stats_mean_of_rolling_std_whole', 'RAW_1_stats_mean_of_rolling_std_diff', 'RAW_1_stats_mean_of_rolling_std_ratio', 'RAW_1_stats_theil_sen_slope_left', 'RAW_1_stats_theil_sen_slope_right', 'RAW_1_stats_theil_sen_slope_whole', 'RAW_1_stats_theil_sen_slope_diff', 'RAW_1_stats_theil_sen_slope_ratio', 'RAW_2_ks_stat', 'RAW_2_ks_pvalue', 'RAW_2_ttest_pvalue', 'RAW_2_ad_stat', 'RAW_2_ad_pvalue', 'RAW_2_mannwhitney_stat', 'RAW_2_mannwhitney_pvalue', 'RAW_2_wilcoxon_stat', 'RAW_2_wilcoxon_pvalue', 'RAW_2_levene_stat', 'RAW_2_levene_pvalue', 'RAW_2_bartlett_stat', 'RAW_2_bartlett_pvalue', 'RAW_2_shapiro_pvalue_left', 'RAW_2_shapiro_pvalue_right', 'RAW_2_shapiro_pvalue_diff', 'RAW_2_jb_pvalue_left', 'RAW_2_jb_pvalue_right', 'RAW_2_jb_pvalue_diff', 'RAW_2_kpss_pvalue_left', 'RAW_2_kpss_pvalue_right', 'RAW_2_kpss_pvalue_diff', 'RAW_2_kpss_stat_diff', 'RAW_2_adf_pvalue_left', 'RAW_2_adf_pvalue_right', 'RAW_2_adf_pvalue_diff', 'RAW_2_adf_stat_diff', 'RAW_2_adf_icbest_diff', 'RAW_3_sum_right', 'RAW_3_sum_diff', 'RAW_3_cumsum_max_diff', 'RAW_4_zero_cross_diff', 'RAW_4_autocorr_lag1_diff', 'RAW_5_dominant_freq_diff', 'RAW_5_max_power_diff', 'RAW_6_iqr_diff', 'RAW_7_rolling_std_w50_mean_diff', 'RAW_8_shannon_entropy_0', 'RAW_8_shannon_entropy_1', 'RAW_8_shannon_entropy_diff', 'RAW_8_perm_entropy_0', 'RAW_8_perm_entropy_1', 'RAW_8_perm_entropy_diff', 'RAW_8_spectral_entropy_0', 'RAW_8_spectral_entropy_1', 'RAW_8_spectral_entropy_diff', 'RAW_8_svd_entropy_0', 'RAW_8_svd_entropy_1', 'RAW_8_svd_entropy_diff', 'RAW_8_approx_entropy_0', 'RAW_8_approx_entropy_1', 'RAW_8_approx_entropy_diff', 'RAW_8_sample_entropy_0', 'RAW_8_sample_entropy_1', 'RAW_8_sample_entropy_diff', 'RAW_8_hjorth_mobility_0', 'RAW_8_hjorth_complexity_0', 'RAW_8_hjorth_mobility_1', 'RAW_8_hjorth_complexity_1', 'RAW_8_hjorth_complexity_diff', 'RAW_8_num_zerocross_0', 'RAW_8_num_zerocross_1', 'RAW_8_lziv_complexity_0', 'RAW_8_lziv_complexity_1', 'RAW_8_lziv_complexity_diff', 'RAW_8_cond_entropy_0', 'RAW_8_cond_entropy_1', 'RAW_8_cond_entropy_diff', 'RAW_9_petrosian_fd_diff', 'RAW_9_katz_fd_diff', 'RAW_9_higuchi_fd_diff', 'RAW_9_detrended_fluctuation_diff', 'RAW_10_ratio_value_number_to_time_series_length', 'RAW_10_ratio_beyond_r_sigma_6', 'RAW_10_ratio_beyond_r_sigma_1_5', 'RAW_10_quantile_0_6', 'RAW_10_quantile_0_4', 'RAW_10_quantile_0_1', 'RAW_10_percentage_of_reoccurring_values_to_all_values', 'RAW_10_percentage_of_reoccurring_datapoints_to_all_datapoints', 'RAW_10_last_location_of_maximum', 'RAW_10_first_location_of_maximum', 'RAW_10_partial_autocorrelation_lag_2', 'RAW_10_linear_trend_attr_slope_', 'RAW_10_linear_trend_attr_rvalue_', 'RAW_10_linear_trend_attr_intercept_', 'RAW_10_fft_coefficient_attr_imag_coeff_3', 'RAW_10_fft_coefficient_attr_imag_coeff_2', 'RAW_10_fft_coefficient_attr_imag_coeff_1', 'RAW_10_change_quantiles_f_agg_var_isabs_True_qh_1_0_ql_0_4', 'RAW_10_change_quantiles_f_agg_var_isabs_True_qh_1_0_ql_0_2', 'RAW_10_change_quantiles_f_agg_var_isabs_True_qh_0_8_ql_0_6', 'RAW_10_change_quantiles_f_agg_var_isabs_True_qh_0_8_ql_0_4', 'RAW_10_change_quantiles_f_agg_var_isabs_True_qh_0_8_ql_0_2', 'RAW_10_change_quantiles_f_agg_var_isabs_True_qh_0_6_ql_0_4', 'RAW_10_change_quantiles_f_agg_var_isabs_True_qh_0_6_ql_0_2', 'RAW_10_change_quantiles_f_agg_var_isabs_True_qh_0_4_ql_0_2', 'RAW_10_change_quantiles_f_agg_var_isabs_False_qh_1_0_ql_0_4', 'RAW_10_change_quantiles_f_agg_var_isabs_False_qh_1_0_ql_0_2', 'RAW_10_change_quantiles_f_agg_var_isabs_False_qh_0_8_ql_0_4', 'RAW_10_change_quantiles_f_agg_var_isabs_False_qh_0_8_ql_0_2', 'RAW_10_change_quantiles_f_agg_var_isabs_False_qh_0_8_ql_0_0', 'RAW_10_change_quantiles_f_agg_var_isabs_False_qh_0_6_ql_0_4', 'RAW_10_change_quantiles_f_agg_var_isabs_False_qh_0_6_ql_0_2', 'RAW_10_change_quantiles_f_agg_var_isabs_False_qh_0_4_ql_0_2', 'RAW_10_change_quantiles_f_agg_mean_isabs_True_qh_1_0_ql_0_4', 'RAW_10_change_quantiles_f_agg_mean_isabs_True_qh_0_6_ql_0_4', 'RAW_10_ar_coefficient_coeff_2_k_10', 'RAW_10_agg_linear_trend_attr_slope_chunk_len_50_f_agg_mean_', 'RAW_10_agg_linear_trend_attr_slope_chunk_len_5_f_agg_mean_', 'RAW_10_agg_linear_trend_attr_slope_chunk_len_10_f_agg_mean_', 'RAW_10_agg_linear_trend_attr_rvalue_chunk_len_50_f_agg_mean_', 'RAW_10_agg_linear_trend_attr_rvalue_chunk_len_50_f_agg_max_', 'RAW_10_agg_linear_trend_attr_rvalue_chunk_len_5_f_agg_mean_', 'RAW_10_agg_linear_trend_attr_rvalue_chunk_len_5_f_agg_max_', 'RAW_10_agg_linear_trend_attr_rvalue_chunk_len_10_f_agg_mean_', 'RAW_10_agg_linear_trend_attr_rvalue_chunk_len_10_f_agg_max_', 'RAW_10_agg_linear_trend_attr_intercept_chunk_len_50_f_agg_mean_', 'RAW_10_agg_linear_trend_attr_intercept_chunk_len_50_f_agg_max_', 'RAW_10_agg_linear_trend_attr_intercept_chunk_len_5_f_agg_mean_', 'RAW_10_agg_linear_trend_attr_intercept_chunk_len_5_f_agg_max_', 'RAW_10_agg_linear_trend_attr_intercept_chunk_len_10_f_agg_mean_', 'RAW_10_agg_linear_trend_attr_intercept_chunk_len_10_f_agg_max_', 'RAW_11_ar_residuals_s2_pred_std', 'RAW_11_param_0_diff', 'RAW_11_param_3_diff', 'RAW_11_param_4_diff', 'RAW_11_param_5_diff', 'RAW_12_rpt_cost_l1_left', 'RAW_12_rpt_cost_l1_right', 'RAW_12_rpt_cost_l2_right', 'RAW_12_rpt_cost_clinear_right', 'RAW_12_rpt_cost_rbf_left', 'RAW_12_rpt_cost_rbf_right', 'RAW_12_rpt_cost_rbf_whole', 'RAW_12_rpt_cost_normal_left', 'RAW_12_rpt_cost_normal_right', 'RAW_12_rpt_cost_normal_whole', 'RAW_12_rpt_cost_ar_right', 'RAW_12_rpt_cost_mahalanobis_left', 'RAW_12_rpt_cost_mahalanobis_right', 'RAW_12_rpt_cost_mahalanobis_whole', 'RAW_12_rpt_cost_rank_left', 'RAW_12_rpt_cost_rank_right', 'RAW_12_rpt_cost_rank_whole', 'RAW_12_rpt_cost_cosine_left', 'RAW_12_rpt_cost_cosine_right', 'RAW_12_rpt_cost_cosine_whole']
2025-07-16 11:18:16 - FeatureEng-20250716_105818 - INFO - -----------------------------
2025-07-16 11:18:16 - FeatureEng-20250716_105818 - INFO - 生成/更新完成。新文件: features_20250716_111815.parquet, 总特征数: 203
