2025-09-14 13:40:23 - FeatureEng-20250914_134023 - INFO - ========== Running Command: gen-feats ==========
2025-09-14 13:40:23 - FeatureEng-20250914_134023 - INFO - Args: {'command': 'gen-feats', 'funcs': None, 'trans': None, 'base_file': None}
2025-09-14 13:40:23 - FeatureEng-20250914_134023 - INFO - =======================================
2025-09-14 13:40:23 - FeatureEng-20250914_134023 - INFO - Loading data...
2025-09-14 13:40:23 - FeatureEng-20250914_134023 - INFO - Original data loaded successfully.
2025-09-14 13:40:23 - FeatureEng-20250914_134023 - INFO - X_train shape: (23715734, 2)
2025-09-14 13:40:23 - FeatureEng-20250914_134023 - INFO - X_train type: <class 'pandas.core.frame.DataFrame'>
2025-09-14 13:40:23 - FeatureEng-20250914_134023 - INFO - y_train shape: (10001, 1)
2025-09-14 13:40:23 - FeatureEng-20250914_134023 - INFO - y_train type: <class 'pandas.core.frame.DataFrame'>
2025-09-14 13:40:23 - FeatureEng-20250914_134023 - INFO - Loading enhancement data with IDs: ['0']
2025-09-14 13:40:23 - FeatureEng-20250914_134023 - INFO - Total datasets loaded: 1
2025-09-14 13:40:23 - FeatureEng-20250914_134023 - INFO - Dataset 0: X shape (23715734, 2), y shape (10001, 1)
2025-09-14 13:40:23 - FeatureEng-20250914_134023 - INFO - 输入为字典格式，包含数据ID: ['0']
2025-09-14 13:40:23 - FeatureEng-20250914_134023 - INFO - 未指定特征函数，将运行所有 11 个非实验性特征。
2025-09-14 13:40:23 - FeatureEng-20250914_134023 - INFO - 将基于特征文件进行更新: features_20250820_215440_id_0.parquet
2025-09-14 13:40:24 - FeatureEng-20250914_134023 - INFO - 基础特征字典包含数据ID: ['0']
2025-09-14 13:40:24 - FeatureEng-20250914_134023 - INFO -   数据ID '0': (10001, 5535)
2025-09-14 13:40:24 - FeatureEng-20250914_134023 - INFO - === 开始为数据ID '0' 生成特征 ===
2025-09-14 13:40:24 - FeatureEng-20250914_134023 - INFO - --- 开始时序分解（数据ID: 0） ---
2025-09-14 13:40:24 - FeatureEng-20250914_134023 - INFO - --- 开始应用变换函数: no_transformation ---
2025-09-14 13:40:24 - FeatureEng-20250914_134023 - INFO - 'no_transformation' 变换完毕，耗时: 0.00 秒，生成模态: ['RAW']
2025-09-14 13:40:24 - FeatureEng-20250914_134023 - INFO - --- 开始应用变换函数: cumsum_transformation ---
2025-09-14 13:40:31 - FeatureEng-20250914_134023 - INFO - 'cumsum_transformation' 变换完毕，耗时: 7.12 秒，生成模态: ['CUMSUM']
2025-09-14 13:40:31 - FeatureEng-20250914_134023 - INFO - --- 开始应用变换函数: diff_transformation ---
2025-09-14 13:40:38 - FeatureEng-20250914_134023 - INFO - 'diff_transformation' 变换完毕，耗时: 7.06 秒，生成模态: ['DIFF']
2025-09-14 13:40:38 - FeatureEng-20250914_134023 - INFO - --- 开始应用变换函数: asinh_transformation ---
2025-09-14 13:40:45 - FeatureEng-20250914_134023 - INFO - 'asinh_transformation' 变换完毕，耗时: 7.18 秒，生成模态: ['ASINH']
2025-09-14 13:40:45 - FeatureEng-20250914_134023 - INFO - 分解完成，共生成 4 个模态: ['RAW', 'CUMSUM', 'DIFF', 'ASINH']
2025-09-14 13:40:45 - FeatureEng-20250914_134023 - INFO - === 开始为数据ID '0' 的模态 'RAW' 生成特征 ===
2025-09-14 13:40:45 - FeatureEng-20250914_134023 - INFO - --- 开始生成特征: distribution_stats_features ---
