2025-09-14 19:32:20 - FeatureEng-20250914_193220 - INFO - ========== Running Command: transform ==========
2025-09-14 19:32:20 - FeatureEng-20250914_193220 - INFO - Args: {'command': 'transform', 'feature_file': None, 'skew_threshold': None, 'suffix': None, 'standardize': None}
2025-09-14 19:32:20 - FeatureEng-20250914_193220 - INFO - =======================================
2025-09-14 19:32:20 - FeatureEng-20250914_193220 - INFO - 将基于特征文件进行Yeo-Johnson更新: features_20250914_170000.parquet
2025-09-14 19:32:20 - FeatureEng-20250914_193220 - INFO - 加载字典格式特征文件，包含数据ID: ['0']
2025-09-14 19:32:20 - FeatureEng-20250914_193220 - INFO - 当前特征总数: 3861
2025-09-14 19:32:20 - FeatureEng-20250914_193220 - INFO - REMAIN_FEATURES 数量: 93
2025-09-14 19:32:20 - FeatureEng-20250914_193220 - INFO - 偏度 |skew|>1.0 的特征数量: 71
2025-09-14 19:32:20 - FeatureEng-20250914_193220 - INFO - 示例: ['RAW_8_percentage_of_reoccurring_values_to_all_values_contribution_left', 'RAW_1_stats_cv_whole', 'RAW_8_percentage_of_reoccurring_datapoints_to_all_datapoints_contribution_left', 'RAW_1_stats_std_whole', 'RAW_3_detrend_volatility_normalized_whole', 'CUMSUM_2_ad_pvalue', 'RAW_8_index_mass_quantile_q_0_1_right', 'RAW_8_quantile_0_4_whole', 'DIFF_8_change_quantiles_f_agg_var_isabs_False_qh_0_6_ql_0_4_whole', 'RAW_8_ratio_value_number_to_time_series_length_ratio_to_whole_left', 'RAW_8_change_quantiles_f_agg_var_isabs_True_qh_0_6_ql_0_2_whole', 'RAW_8_percentage_of_reoccurring_values_to_all_values_ratio_to_whole_left', 'RAW_7_sample_entropy_left', 'RAW_8_benford_correlation_whole', 'RAW_1_stats_min_whole', 'CUMSUM_3_detrend_volatility_normalized_right', 'RAW_8_ratio_beyond_r_sigma_1_left', 'RAW_1_stats_median_ratio', 'RAW_5_max_power_whole', 'RAW_11_garch_params_alpha1_left', 'CUMSUM_1_stats_max_diff', 'CUMSUM_2_kpss_pvalue_ratio_to_whole_left', 'RAW_8_energy_ratio_by_chunks_num_segments_10_segment_focus_9_left', 'RAW_8_energy_ratio_by_chunks_num_segments_10_segment_focus_9_whole', 'CUMSUM_2_mannwhitney_stat', 'RAW_8_percentage_of_reoccurring_datapoints_to_all_datapoints_ratio_to_whole_right', 'RAW_2_ks_stat', 'RAW_8_quantile_0_4_right', 'DIFF_7_cond_entropy_left', 'CUMSUM_1_stats_min_ratio']...
2025-09-14 19:32:21 - FeatureEng-20250914_193220 - INFO - 已将基础文件 features_20250914_170000.parquet 备份到: /public/home/gugq/mutian-ADIA-Lab-Structural-Break/ADIA-Lab-Structural-Break/feature_dfs/backups
2025-09-14 19:32:21 - FeatureEng-20250914_193220 - INFO - 找到 1 个相关的增强数据文件
2025-09-14 19:32:21 - FeatureEng-20250914_193220 - INFO - 已将增强数据文件 features_20250914_170000_id_0.parquet 备份到: /public/home/gugq/mutian-ADIA-Lab-Structural-Break/ADIA-Lab-Structural-Break/feature_dfs/backups
2025-09-14 19:32:25 - FeatureEng-20250914_193220 - INFO - 已保存应用 Yeo-Johnson 转换的新特征文件: features_20250914_193221.parquet
2025-09-14 19:32:25 - FeatureEng-20250914_193220 - INFO - 原始列已保留；新增列使用后缀。
2025-09-14 19:32:25 - FeatureEng-20250914_193220 - INFO - 转换后的特征列表已写入: /public/home/gugq/mutian-ADIA-Lab-Structural-Break/ADIA-Lab-Structural-Break/experiment/output/transform_features_20250914_193225/remain_features_20250914_193225.txt
2025-09-14 19:32:25 - FeatureEng-20250914_193220 - INFO - Yeo-Johnson 转换完成，新特征文件: features_20250914_193221.parquet
2025-09-14 19:32:25 - FeatureEng-20250914_193220 - INFO - === 旧列 -> 新列 (部分预览) ===
2025-09-14 19:32:25 - FeatureEng-20250914_193220 - INFO -   RAW_8_percentage_of_reoccurring_values_to_all_values_contribution_left -> RAW_8_percentage_of_reoccurring_values_to_all_values_contribution_left_yj
2025-09-14 19:32:25 - FeatureEng-20250914_193220 - INFO -   RAW_1_stats_cv_whole -> RAW_1_stats_cv_whole_yj
2025-09-14 19:32:25 - FeatureEng-20250914_193220 - INFO -   RAW_8_percentage_of_reoccurring_datapoints_to_all_datapoints_contribution_left -> RAW_8_percentage_of_reoccurring_datapoints_to_all_datapoints_contribution_left_yj
2025-09-14 19:32:25 - FeatureEng-20250914_193220 - INFO -   RAW_1_stats_std_whole -> RAW_1_stats_std_whole_yj
2025-09-14 19:32:25 - FeatureEng-20250914_193220 - INFO -   RAW_3_detrend_volatility_normalized_whole -> RAW_3_detrend_volatility_normalized_whole_yj
2025-09-14 19:32:25 - FeatureEng-20250914_193220 - INFO -   CUMSUM_2_ad_pvalue -> CUMSUM_2_ad_pvalue_yj
2025-09-14 19:32:25 - FeatureEng-20250914_193220 - INFO -   RAW_8_index_mass_quantile_q_0_1_right -> RAW_8_index_mass_quantile_q_0_1_right_yj
2025-09-14 19:32:25 - FeatureEng-20250914_193220 - INFO -   RAW_8_quantile_0_4_whole -> RAW_8_quantile_0_4_whole_yj
2025-09-14 19:32:25 - FeatureEng-20250914_193220 - INFO -   DIFF_8_change_quantiles_f_agg_var_isabs_False_qh_0_6_ql_0_4_whole -> DIFF_8_change_quantiles_f_agg_var_isabs_False_qh_0_6_ql_0_4_whole_yj
2025-09-14 19:32:25 - FeatureEng-20250914_193220 - INFO -   RAW_8_ratio_value_number_to_time_series_length_ratio_to_whole_left -> RAW_8_ratio_value_number_to_time_series_length_ratio_to_whole_left_yj
2025-09-14 19:32:25 - FeatureEng-20250914_193220 - INFO -   RAW_8_change_quantiles_f_agg_var_isabs_True_qh_0_6_ql_0_2_whole -> RAW_8_change_quantiles_f_agg_var_isabs_True_qh_0_6_ql_0_2_whole_yj
2025-09-14 19:32:25 - FeatureEng-20250914_193220 - INFO -   RAW_8_percentage_of_reoccurring_values_to_all_values_ratio_to_whole_left -> RAW_8_percentage_of_reoccurring_values_to_all_values_ratio_to_whole_left_yj
2025-09-14 19:32:25 - FeatureEng-20250914_193220 - INFO -   RAW_7_sample_entropy_left -> RAW_7_sample_entropy_left_yj
2025-09-14 19:32:25 - FeatureEng-20250914_193220 - INFO -   RAW_8_benford_correlation_whole -> RAW_8_benford_correlation_whole_yj
2025-09-14 19:32:25 - FeatureEng-20250914_193220 - INFO -   RAW_1_stats_min_whole -> RAW_1_stats_min_whole_yj
2025-09-14 19:32:25 - FeatureEng-20250914_193220 - INFO -   CUMSUM_3_detrend_volatility_normalized_right -> CUMSUM_3_detrend_volatility_normalized_right_yj
2025-09-14 19:32:25 - FeatureEng-20250914_193220 - INFO -   RAW_8_ratio_beyond_r_sigma_1_left -> RAW_8_ratio_beyond_r_sigma_1_left_yj
2025-09-14 19:32:25 - FeatureEng-20250914_193220 - INFO -   RAW_1_stats_median_ratio -> RAW_1_stats_median_ratio_yj
2025-09-14 19:32:25 - FeatureEng-20250914_193220 - INFO -   RAW_5_max_power_whole -> RAW_5_max_power_whole_yj
2025-09-14 19:32:25 - FeatureEng-20250914_193220 - INFO -   RAW_11_garch_params_alpha1_left -> RAW_11_garch_params_alpha1_left_yj
2025-09-14 19:32:25 - FeatureEng-20250914_193220 - INFO -   CUMSUM_1_stats_max_diff -> CUMSUM_1_stats_max_diff_yj
2025-09-14 19:32:25 - FeatureEng-20250914_193220 - INFO -   CUMSUM_2_kpss_pvalue_ratio_to_whole_left -> CUMSUM_2_kpss_pvalue_ratio_to_whole_left_yj
2025-09-14 19:32:25 - FeatureEng-20250914_193220 - INFO -   RAW_8_energy_ratio_by_chunks_num_segments_10_segment_focus_9_left -> RAW_8_energy_ratio_by_chunks_num_segments_10_segment_focus_9_left_yj
2025-09-14 19:32:25 - FeatureEng-20250914_193220 - INFO -   RAW_8_energy_ratio_by_chunks_num_segments_10_segment_focus_9_whole -> RAW_8_energy_ratio_by_chunks_num_segments_10_segment_focus_9_whole_yj
2025-09-14 19:32:25 - FeatureEng-20250914_193220 - INFO -   CUMSUM_2_mannwhitney_stat -> CUMSUM_2_mannwhitney_stat_yj
2025-09-14 19:32:25 - FeatureEng-20250914_193220 - INFO -   RAW_8_percentage_of_reoccurring_datapoints_to_all_datapoints_ratio_to_whole_right -> RAW_8_percentage_of_reoccurring_datapoints_to_all_datapoints_ratio_to_whole_right_yj
2025-09-14 19:32:25 - FeatureEng-20250914_193220 - INFO -   RAW_2_ks_stat -> RAW_2_ks_stat_yj
2025-09-14 19:32:25 - FeatureEng-20250914_193220 - INFO -   RAW_8_quantile_0_4_right -> RAW_8_quantile_0_4_right_yj
2025-09-14 19:32:25 - FeatureEng-20250914_193220 - INFO -   DIFF_7_cond_entropy_left -> DIFF_7_cond_entropy_left_yj
2025-09-14 19:32:25 - FeatureEng-20250914_193220 - INFO -   CUMSUM_1_stats_min_ratio -> CUMSUM_1_stats_min_ratio_yj
2025-09-14 19:32:25 - FeatureEng-20250914_193220 - INFO -   RAW_8_ratio_beyond_r_sigma_1_5_whole -> RAW_8_ratio_beyond_r_sigma_1_5_whole_yj
2025-09-14 19:32:25 - FeatureEng-20250914_193220 - INFO -   CUMSUM_4_autocorr_lag1_whole -> CUMSUM_4_autocorr_lag1_whole_yj
2025-09-14 19:32:25 - FeatureEng-20250914_193220 - INFO -   RAW_8_change_quantiles_f_agg_var_isabs_True_qh_0_6_ql_0_4_whole -> RAW_8_change_quantiles_f_agg_var_isabs_True_qh_0_6_ql_0_4_whole_yj
2025-09-14 19:32:25 - FeatureEng-20250914_193220 - INFO -   CUMSUM_10_rpt_cost_normal_right -> CUMSUM_10_rpt_cost_normal_right_yj
2025-09-14 19:32:25 - FeatureEng-20250914_193220 - INFO -   CUMSUM_3_detrend_volatility_normalized_ratio -> CUMSUM_3_detrend_volatility_normalized_ratio_yj
2025-09-14 19:32:25 - FeatureEng-20250914_193220 - INFO -   DIFF_1_stats_mean_ratio_to_whole_left -> DIFF_1_stats_mean_ratio_to_whole_left_yj
2025-09-14 19:32:25 - FeatureEng-20250914_193220 - INFO -   RAW_1_stats_median_whole -> RAW_1_stats_median_whole_yj
2025-09-14 19:32:25 - FeatureEng-20250914_193220 - INFO -   DIFF_9_ar_param_0_ratio_to_whole_left -> DIFF_9_ar_param_0_ratio_to_whole_left_yj
2025-09-14 19:32:25 - FeatureEng-20250914_193220 - INFO -   CUMSUM_8_ar_coefficient_coeff_2_k_10_contribution_left -> CUMSUM_8_ar_coefficient_coeff_2_k_10_contribution_left_yj
2025-09-14 19:32:25 - FeatureEng-20250914_193220 - INFO -   RAW_4_autocorr_lag1_ratio -> RAW_4_autocorr_lag1_ratio_yj
2025-09-14 19:32:25 - FeatureEng-20250914_193220 - INFO -   RAW_2_ad_stat -> RAW_2_ad_stat_yj
2025-09-14 19:32:25 - FeatureEng-20250914_193220 - INFO -   RAW_10_rpt_cost_cosine_whole -> RAW_10_rpt_cost_cosine_whole_yj
2025-09-14 19:32:25 - FeatureEng-20250914_193220 - INFO -   RAW_8_change_quantiles_f_agg_mean_isabs_True_qh_0_6_ql_0_4_ratio_to_whole_right -> RAW_8_change_quantiles_f_agg_mean_isabs_True_qh_0_6_ql_0_4_ratio_to_whole_right_yj
2025-09-14 19:32:25 - FeatureEng-20250914_193220 - INFO -   RAW_8_quantile_0_4_ratio_to_whole_left -> RAW_8_quantile_0_4_ratio_to_whole_left_yj
2025-09-14 19:32:25 - FeatureEng-20250914_193220 - INFO -   RAW_8_ratio_beyond_r_sigma_1_ratio_to_whole_left -> RAW_8_ratio_beyond_r_sigma_1_ratio_to_whole_left_yj
2025-09-14 19:32:25 - FeatureEng-20250914_193220 - INFO -   RAW_8_agg_linear_trend_attr_rvalue_chunk_len_10_f_agg_mean_contribution_left -> RAW_8_agg_linear_trend_attr_rvalue_chunk_len_10_f_agg_mean_contribution_left_yj
2025-09-14 19:32:25 - FeatureEng-20250914_193220 - INFO -   DIFF_8_benford_correlation_left -> DIFF_8_benford_correlation_left_yj
2025-09-14 19:32:25 - FeatureEng-20250914_193220 - INFO -   DIFF_7_detrended_fluctuation_ratio_to_whole_left -> DIFF_7_detrended_fluctuation_ratio_to_whole_left_yj
2025-09-14 19:32:25 - FeatureEng-20250914_193220 - INFO -   DIFF_9_ar_param_0_right -> DIFF_9_ar_param_0_right_yj
2025-09-14 19:32:25 - FeatureEng-20250914_193220 - INFO -   CUMSUM_8_friedrich_coefficients_coeff_2_m_3_r_30_left -> CUMSUM_8_friedrich_coefficients_coeff_2_m_3_r_30_left_yj
