2025-09-14 15:29:10 - FeatureEng-20250914_152910 - INFO - ========== Running Command: gen-feats ==========
2025-09-14 15:29:10 - FeatureEng-20250914_152910 - INFO - Args: {'command': 'gen-feats', 'funcs': ['meta_information_features'], 'trans': None, 'base_file': None}
2025-09-14 15:29:10 - FeatureEng-20250914_152910 - INFO - =======================================
2025-09-14 15:29:10 - FeatureEng-20250914_152910 - INFO - Loading data...
2025-09-14 15:29:11 - FeatureEng-20250914_152910 - INFO - Original data loaded successfully.
2025-09-14 15:29:11 - FeatureEng-20250914_152910 - INFO - X_train shape: (23715734, 2)
2025-09-14 15:29:11 - FeatureEng-20250914_152910 - INFO - X_train type: <class 'pandas.core.frame.DataFrame'>
2025-09-14 15:29:11 - FeatureEng-20250914_152910 - INFO - y_train shape: (10001, 1)
2025-09-14 15:29:11 - FeatureEng-20250914_152910 - INFO - y_train type: <class 'pandas.core.frame.DataFrame'>
2025-09-14 15:29:11 - FeatureEng-20250914_152910 - INFO - Loading enhancement data with IDs: ['0']
2025-09-14 15:29:11 - FeatureEng-20250914_152910 - INFO - Total datasets loaded: 1
2025-09-14 15:29:11 - FeatureEng-20250914_152910 - INFO - Dataset 0: X shape (23715734, 2), y shape (10001, 1)
2025-09-14 15:29:11 - FeatureEng-20250914_152910 - INFO - 输入为字典格式，包含数据ID: ['0']
2025-09-14 15:29:11 - FeatureEng-20250914_152910 - INFO - 将基于特征文件进行更新: features_20250820_215440_id_0.parquet
2025-09-14 15:29:12 - FeatureEng-20250914_152910 - INFO - 基础特征字典包含数据ID: ['0']
2025-09-14 15:29:12 - FeatureEng-20250914_152910 - INFO -   数据ID '0': (10001, 5535)
2025-09-14 15:29:12 - FeatureEng-20250914_152910 - INFO - === 开始为数据ID '0' 生成特征 ===
2025-09-14 15:29:12 - FeatureEng-20250914_152910 - INFO - --- 开始时序分解（数据ID: 0） ---
2025-09-14 15:29:12 - FeatureEng-20250914_152910 - INFO - --- 开始应用变换函数: no_transformation ---
2025-09-14 15:29:12 - FeatureEng-20250914_152910 - INFO - 'no_transformation' 变换完毕，耗时: 0.16 秒，生成模态: ['RAW']
2025-09-14 15:29:12 - FeatureEng-20250914_152910 - INFO - --- 开始应用变换函数: cumsum_transformation ---
2025-09-14 15:29:19 - FeatureEng-20250914_152910 - INFO - 'cumsum_transformation' 变换完毕，耗时: 7.21 秒，生成模态: ['CUMSUM']
2025-09-14 15:29:19 - FeatureEng-20250914_152910 - INFO - --- 开始应用变换函数: diff_transformation ---
2025-09-14 15:29:26 - FeatureEng-20250914_152910 - INFO - 'diff_transformation' 变换完毕，耗时: 6.98 秒，生成模态: ['DIFF']
2025-09-14 15:29:26 - FeatureEng-20250914_152910 - INFO - 分解完成，共生成 3 个模态: ['RAW', 'CUMSUM', 'DIFF']
2025-09-14 15:29:26 - FeatureEng-20250914_152910 - INFO - === 开始为数据ID '0' 的模态 'RAW' 生成特征 ===
2025-09-14 15:29:26 - FeatureEng-20250914_152910 - INFO - --- 开始生成特征: meta_information_features ---
2025-09-14 15:29:48 - FeatureEng-20250914_152910 - INFO - 'meta_information_features' 生成完毕，耗时: 22.09 秒。
2025-09-14 15:29:48 - FeatureEng-20250914_152910 - INFO -   新生成特征列名: ['RAW_11_step_length_left', 'RAW_11_step_length_right', 'RAW_11_step_length_whole', 'RAW_11_step_length_diff', 'RAW_11_step_length_ratio', 'RAW_11_step_length_contribution_left', 'RAW_11_step_length_contribution_right', 'RAW_11_step_length_ratio_to_whole_left', 'RAW_11_step_length_ratio_to_whole_right']
2025-09-14 15:29:48 - FeatureEng-20250914_152910 - INFO -     - 'RAW_11_step_length_left': 空值比例=0.00%, 零值比例=0.00%
2025-09-14 15:29:48 - FeatureEng-20250914_152910 - INFO -     - 'RAW_11_step_length_right': 空值比例=0.00%, 零值比例=0.00%
2025-09-14 15:29:48 - FeatureEng-20250914_152910 - INFO -     - 'RAW_11_step_length_whole': 空值比例=0.00%, 零值比例=0.00%
2025-09-14 15:29:48 - FeatureEng-20250914_152910 - INFO -     - 'RAW_11_step_length_diff': 空值比例=0.00%, 零值比例=0.00%
2025-09-14 15:29:48 - FeatureEng-20250914_152910 - INFO -     - 'RAW_11_step_length_ratio': 空值比例=0.00%, 零值比例=0.00%
2025-09-14 15:29:48 - FeatureEng-20250914_152910 - INFO -     - 'RAW_11_step_length_contribution_left': 空值比例=0.00%, 零值比例=0.00%
2025-09-14 15:29:48 - FeatureEng-20250914_152910 - INFO -     - 'RAW_11_step_length_contribution_right': 空值比例=0.00%, 零值比例=0.00%
2025-09-14 15:29:48 - FeatureEng-20250914_152910 - INFO -     - 'RAW_11_step_length_ratio_to_whole_left': 空值比例=0.00%, 零值比例=0.00%
2025-09-14 15:29:48 - FeatureEng-20250914_152910 - INFO -     - 'RAW_11_step_length_ratio_to_whole_right': 空值比例=0.00%, 零值比例=0.00%
2025-09-14 15:29:48 - FeatureEng-20250914_152910 - INFO - === 开始为数据ID '0' 的模态 'CUMSUM' 生成特征 ===
2025-09-14 15:29:48 - FeatureEng-20250914_152910 - INFO - --- 开始生成特征: meta_information_features ---
2025-09-14 15:29:53 - FeatureEng-20250914_152910 - INFO - 'meta_information_features' 生成完毕，耗时: 5.15 秒。
2025-09-14 15:29:53 - FeatureEng-20250914_152910 - INFO -   新生成特征列名: ['CUMSUM_11_step_length_left', 'CUMSUM_11_step_length_right', 'CUMSUM_11_step_length_whole', 'CUMSUM_11_step_length_diff', 'CUMSUM_11_step_length_ratio', 'CUMSUM_11_step_length_contribution_left', 'CUMSUM_11_step_length_contribution_right', 'CUMSUM_11_step_length_ratio_to_whole_left', 'CUMSUM_11_step_length_ratio_to_whole_right']
2025-09-14 15:29:53 - FeatureEng-20250914_152910 - INFO -     - 'CUMSUM_11_step_length_left': 空值比例=0.00%, 零值比例=0.00%
2025-09-14 15:29:53 - FeatureEng-20250914_152910 - INFO -     - 'CUMSUM_11_step_length_right': 空值比例=0.00%, 零值比例=0.00%
2025-09-14 15:29:53 - FeatureEng-20250914_152910 - INFO -     - 'CUMSUM_11_step_length_whole': 空值比例=0.00%, 零值比例=0.00%
2025-09-14 15:29:53 - FeatureEng-20250914_152910 - INFO -     - 'CUMSUM_11_step_length_diff': 空值比例=0.00%, 零值比例=0.00%
2025-09-14 15:29:53 - FeatureEng-20250914_152910 - INFO -     - 'CUMSUM_11_step_length_ratio': 空值比例=0.00%, 零值比例=0.00%
2025-09-14 15:29:53 - FeatureEng-20250914_152910 - INFO -     - 'CUMSUM_11_step_length_contribution_left': 空值比例=0.00%, 零值比例=0.00%
2025-09-14 15:29:53 - FeatureEng-20250914_152910 - INFO -     - 'CUMSUM_11_step_length_contribution_right': 空值比例=0.00%, 零值比例=0.00%
2025-09-14 15:29:53 - FeatureEng-20250914_152910 - INFO -     - 'CUMSUM_11_step_length_ratio_to_whole_left': 空值比例=0.00%, 零值比例=0.00%
2025-09-14 15:29:53 - FeatureEng-20250914_152910 - INFO -     - 'CUMSUM_11_step_length_ratio_to_whole_right': 空值比例=0.00%, 零值比例=0.00%
2025-09-14 15:29:54 - FeatureEng-20250914_152910 - INFO - === 开始为数据ID '0' 的模态 'DIFF' 生成特征 ===
2025-09-14 15:29:54 - FeatureEng-20250914_152910 - INFO - --- 开始生成特征: meta_information_features ---
2025-09-14 15:29:59 - FeatureEng-20250914_152910 - INFO - 'meta_information_features' 生成完毕，耗时: 5.09 秒。
2025-09-14 15:29:59 - FeatureEng-20250914_152910 - INFO -   新生成特征列名: ['DIFF_11_step_length_left', 'DIFF_11_step_length_right', 'DIFF_11_step_length_whole', 'DIFF_11_step_length_diff', 'DIFF_11_step_length_ratio', 'DIFF_11_step_length_contribution_left', 'DIFF_11_step_length_contribution_right', 'DIFF_11_step_length_ratio_to_whole_left', 'DIFF_11_step_length_ratio_to_whole_right']
2025-09-14 15:29:59 - FeatureEng-20250914_152910 - INFO -     - 'DIFF_11_step_length_left': 空值比例=0.00%, 零值比例=0.00%
2025-09-14 15:29:59 - FeatureEng-20250914_152910 - INFO -     - 'DIFF_11_step_length_right': 空值比例=0.00%, 零值比例=0.00%
2025-09-14 15:29:59 - FeatureEng-20250914_152910 - INFO -     - 'DIFF_11_step_length_whole': 空值比例=0.00%, 零值比例=0.00%
2025-09-14 15:29:59 - FeatureEng-20250914_152910 - INFO -     - 'DIFF_11_step_length_diff': 空值比例=0.00%, 零值比例=0.00%
2025-09-14 15:29:59 - FeatureEng-20250914_152910 - INFO -     - 'DIFF_11_step_length_ratio': 空值比例=0.00%, 零值比例=0.00%
2025-09-14 15:29:59 - FeatureEng-20250914_152910 - INFO -     - 'DIFF_11_step_length_contribution_left': 空值比例=0.00%, 零值比例=0.00%
2025-09-14 15:29:59 - FeatureEng-20250914_152910 - INFO -     - 'DIFF_11_step_length_contribution_right': 空值比例=0.00%, 零值比例=0.00%
2025-09-14 15:29:59 - FeatureEng-20250914_152910 - INFO -     - 'DIFF_11_step_length_ratio_to_whole_left': 空值比例=0.00%, 零值比例=0.00%
2025-09-14 15:29:59 - FeatureEng-20250914_152910 - INFO -     - 'DIFF_11_step_length_ratio_to_whole_right': 空值比例=0.00%, 零值比例=0.00%
2025-09-14 15:29:59 - FeatureEng-20250914_152910 - INFO - 数据ID '0' 特征生成完成，最终特征数: 5562
2025-09-14 15:29:59 - FeatureEng-20250914_152910 - INFO - 已将基础文件 features_20250820_215440_id_0.parquet 备份到: /public/home/gugq/gu-ADIA-Lab-Structural-Break/feature_dfs/backups
2025-09-14 15:29:59 - FeatureEng-20250914_152910 - INFO - 未找到相关的增强数据文件
2025-09-14 15:30:03 - FeatureEng-20250914_152910 - INFO - 特征已保存到新文件: features_20250914_152959.parquet
2025-09-14 15:30:03 - FeatureEng-20250914_152910 - INFO - --- 生成后完整特征统计 ---
2025-09-14 15:30:03 - FeatureEng-20250914_152910 - INFO - 数据ID '0': 5562 个特征
2025-09-14 15:30:03 - FeatureEng-20250914_152910 - INFO -   特征列表: ['RAW_1_stats_mean_left', 'RAW_1_stats_mean_right', 'RAW_1_stats_mean_whole', 'RAW_1_stats_mean_diff', 'RAW_1_stats_mean_ratio', 'RAW_1_stats_mean_contribution_left', 'RAW_1_stats_mean_contribution_right', 'RAW_1_stats_mean_ratio_to_whole_left', 'RAW_1_stats_mean_ratio_to_whole_right', 'RAW_1_stats_median_left']...
2025-09-14 15:30:03 - FeatureEng-20250914_152910 - INFO - -----------------------------
2025-09-14 15:30:03 - FeatureEng-20250914_152910 - INFO - === 特征生成完成统计 ===
2025-09-14 15:30:03 - FeatureEng-20250914_152910 - INFO - 数据ID '0': 5535 -> 5562 个特征 (+27)
2025-09-14 15:30:03 - FeatureEng-20250914_152910 - INFO - 生成/更新完成。新文件: features_20250914_152959.parquet
