2025-07-18 14:08:36 - FeatureEng-20250718_140836 - INFO - ========== Running Command: gen-feats ==========
2025-07-18 14:08:36 - FeatureEng-20250718_140836 - INFO - Args: {'command': 'gen-feats', 'funcs': ['chow_test_features'], 'trans': None, 'base_file': None}
2025-07-18 14:08:36 - FeatureEng-20250718_140836 - INFO - =======================================
2025-07-18 14:08:45 - FeatureEng-20250718_140836 - INFO - 将基于特征文件进行更新: features_20250718_120409.parquet
2025-07-18 14:08:45 - FeatureEng-20250718_140836 - INFO - 基础特征文件格式：(10001, 855)
2025-07-18 14:08:45 - FeatureEng-20250718_140836 - INFO - === 开始时序分解 ===
2025-07-18 14:08:45 - FeatureEng-20250718_140836 - INFO - --- 开始应用变换函数: no_transformation ---
2025-07-18 14:08:45 - FeatureEng-20250718_140836 - INFO - 'no_transformation' 变换完毕，耗时: 0.00 秒，生成模态: ['RAW']
2025-07-18 14:08:45 - FeatureEng-20250718_140836 - INFO - 分解完成，共生成 1 个模态: ['RAW']
2025-07-18 14:08:45 - FeatureEng-20250718_140836 - INFO - === 开始为模态 'RAW' 生成特征 ===
2025-07-18 14:08:45 - FeatureEng-20250718_140836 - INFO - --- 开始生成特征: chow_test_features ---
2025-07-18 14:09:11 - FeatureEng-20250718_140836 - INFO - 'chow_test_features' 生成完毕，耗时: 25.68 秒。
2025-07-18 14:09:11 - FeatureEng-20250718_140836 - INFO -   新生成特征列名: ['RAW_13_chow_f_stat', 'RAW_13_chow_p_value']
2025-07-18 14:09:11 - FeatureEng-20250718_140836 - INFO -     - 'RAW_13_chow_f_stat': 空值比例=0.00%, 零值比例=100.00%
2025-07-18 14:09:11 - FeatureEng-20250718_140836 - INFO -     - 'RAW_13_chow_p_value': 空值比例=0.00%, 零值比例=0.00%
2025-07-18 14:09:11 - FeatureEng-20250718_140836 - INFO - 
Number of new features: 2
2025-07-18 14:09:11 - FeatureEng-20250718_140836 - INFO - Number of loaded features: 855
2025-07-18 14:09:27 - FeatureEng-20250718_140836 - INFO - 
No new features show high correlation (|corr| > 0.7) with loaded features.
2025-07-18 14:09:27 - FeatureEng-20250718_140836 - INFO - 
No new features exceeded threshold |corr| > 0.95, nothing dropped.
