2025-07-30 18:11:13 - FeatureEng-20250730_181113 - INFO - ========== Running Command: gen-feats ==========
2025-07-30 18:11:13 - FeatureEng-20250730_181113 - INFO - Args: {'command': 'gen-feats', 'funcs': None, 'trans': None, 'base_file': None}
2025-07-30 18:11:13 - FeatureEng-20250730_181113 - INFO - =======================================
2025-07-30 18:11:13 - FeatureEng-20250730_181113 - INFO - Loading data...
2025-07-30 18:11:16 - FeatureEng-20250730_181113 - INFO - Original data loaded successfully.
2025-07-30 18:11:16 - FeatureEng-20250730_181113 - INFO - X_train shape: (23715734, 2)
2025-07-30 18:11:16 - FeatureEng-20250730_181113 - INFO - y_train shape: (10001, 1)
2025-07-30 18:11:16 - FeatureEng-20250730_181113 - INFO - Loading enhancement data with IDs: ['0']
2025-07-30 18:11:16 - FeatureEng-20250730_181113 - INFO - Total datasets loaded: 1
2025-07-30 18:11:16 - FeatureEng-20250730_181113 - INFO - Dataset 0: X shape (23715734, 2), y shape (10001, 1)
2025-07-30 18:11:16 - FeatureEng-20250730_181113 - INFO - 输入为字典格式，包含数据ID: ['0']
2025-07-30 18:11:16 - FeatureEng-20250730_181113 - INFO - 未指定特征函数，将运行所有 9 个非实验性特征。
2025-07-30 18:11:16 - FeatureEng-20250730_181113 - INFO - 未找到基础特征文件，将创建全新的特征集。
2025-07-30 18:11:16 - FeatureEng-20250730_181113 - INFO - 为数据ID '0' 创建新的特征DataFrame，包含 10001 个样本
2025-07-30 18:11:16 - FeatureEng-20250730_181113 - INFO - 基础特征字典包含数据ID: ['0']
2025-07-30 18:11:16 - FeatureEng-20250730_181113 - INFO -   数据ID '0': (10001, 0)
2025-07-30 18:11:16 - FeatureEng-20250730_181113 - INFO - === 开始为数据ID '0' 生成特征 ===
2025-07-30 18:11:16 - FeatureEng-20250730_181113 - INFO - --- 开始时序分解（数据ID: 0） ---
2025-07-30 18:11:16 - FeatureEng-20250730_181113 - INFO - --- 开始应用变换函数: no_transformation ---
2025-07-30 18:11:16 - FeatureEng-20250730_181113 - INFO - 'no_transformation' 变换完毕，耗时: 0.00 秒，生成模态: ['RAW']
2025-07-30 18:11:16 - FeatureEng-20250730_181113 - INFO - 分解完成，共生成 1 个模态: ['RAW']
2025-07-30 18:11:16 - FeatureEng-20250730_181113 - INFO - === 开始为数据ID '0' 的模态 'RAW' 生成特征 ===
2025-07-30 18:11:16 - FeatureEng-20250730_181113 - INFO - --- 开始生成特征: distribution_stats_features ---
2025-07-30 18:19:40 - FeatureEng-20250730_181113 - INFO - 'distribution_stats_features' 生成完毕，耗时: 503.97 秒。
2025-07-30 18:19:40 - FeatureEng-20250730_181113 - INFO -   新生成特征列名: ['RAW_1_stats_mean_left', 'RAW_1_stats_mean_right', 'RAW_1_stats_mean_whole', 'RAW_1_stats_mean_diff', 'RAW_1_stats_mean_ratio', 'RAW_1_stats_mean_contribution_left', 'RAW_1_stats_mean_contribution_right', 'RAW_1_stats_mean_ratio_to_whole_left', 'RAW_1_stats_mean_ratio_to_whole_right', 'RAW_1_stats_median_left', 'RAW_1_stats_median_right', 'RAW_1_stats_median_whole', 'RAW_1_stats_median_diff', 'RAW_1_stats_median_ratio', 'RAW_1_stats_median_contribution_left', 'RAW_1_stats_median_contribution_right', 'RAW_1_stats_median_ratio_to_whole_left', 'RAW_1_stats_median_ratio_to_whole_right', 'RAW_1_stats_max_left', 'RAW_1_stats_max_right', 'RAW_1_stats_max_whole', 'RAW_1_stats_max_diff', 'RAW_1_stats_max_ratio', 'RAW_1_stats_max_contribution_left', 'RAW_1_stats_max_contribution_right', 'RAW_1_stats_max_ratio_to_whole_left', 'RAW_1_stats_max_ratio_to_whole_right', 'RAW_1_stats_min_left', 'RAW_1_stats_min_right', 'RAW_1_stats_min_whole', 'RAW_1_stats_min_diff', 'RAW_1_stats_min_ratio', 'RAW_1_stats_min_contribution_left', 'RAW_1_stats_min_contribution_right', 'RAW_1_stats_min_ratio_to_whole_left', 'RAW_1_stats_min_ratio_to_whole_right', 'RAW_1_stats_range_left', 'RAW_1_stats_range_right', 'RAW_1_stats_range_whole', 'RAW_1_stats_range_diff', 'RAW_1_stats_range_ratio', 'RAW_1_stats_range_contribution_left', 'RAW_1_stats_range_contribution_right', 'RAW_1_stats_range_ratio_to_whole_left', 'RAW_1_stats_range_ratio_to_whole_right', 'RAW_1_stats_std_left', 'RAW_1_stats_std_right', 'RAW_1_stats_std_whole', 'RAW_1_stats_std_diff', 'RAW_1_stats_std_ratio', 'RAW_1_stats_std_contribution_left', 'RAW_1_stats_std_contribution_right', 'RAW_1_stats_std_ratio_to_whole_left', 'RAW_1_stats_std_ratio_to_whole_right', 'RAW_1_stats_skew_left', 'RAW_1_stats_skew_right', 'RAW_1_stats_skew_whole', 'RAW_1_stats_skew_diff', 'RAW_1_stats_skew_ratio', 'RAW_1_stats_skew_contribution_left', 'RAW_1_stats_skew_contribution_right', 'RAW_1_stats_skew_ratio_to_whole_left', 'RAW_1_stats_skew_ratio_to_whole_right', 'RAW_1_stats_kurt_left', 'RAW_1_stats_kurt_right', 'RAW_1_stats_kurt_whole', 'RAW_1_stats_kurt_diff', 'RAW_1_stats_kurt_ratio', 'RAW_1_stats_kurt_contribution_left', 'RAW_1_stats_kurt_contribution_right', 'RAW_1_stats_kurt_ratio_to_whole_left', 'RAW_1_stats_kurt_ratio_to_whole_right', 'RAW_1_stats_cv_left', 'RAW_1_stats_cv_right', 'RAW_1_stats_cv_whole', 'RAW_1_stats_cv_diff', 'RAW_1_stats_cv_ratio', 'RAW_1_stats_cv_contribution_left', 'RAW_1_stats_cv_contribution_right', 'RAW_1_stats_cv_ratio_to_whole_left', 'RAW_1_stats_cv_ratio_to_whole_right', 'RAW_1_stats_mean_of_rolling_std_left', 'RAW_1_stats_mean_of_rolling_std_right', 'RAW_1_stats_mean_of_rolling_std_whole', 'RAW_1_stats_mean_of_rolling_std_diff', 'RAW_1_stats_mean_of_rolling_std_ratio', 'RAW_1_stats_mean_of_rolling_std_contribution_left', 'RAW_1_stats_mean_of_rolling_std_contribution_right', 'RAW_1_stats_mean_of_rolling_std_ratio_to_whole_left', 'RAW_1_stats_mean_of_rolling_std_ratio_to_whole_right', 'RAW_1_stats_theil_sen_slope_left', 'RAW_1_stats_theil_sen_slope_right', 'RAW_1_stats_theil_sen_slope_whole', 'RAW_1_stats_theil_sen_slope_diff', 'RAW_1_stats_theil_sen_slope_ratio', 'RAW_1_stats_theil_sen_slope_contribution_left', 'RAW_1_stats_theil_sen_slope_contribution_right', 'RAW_1_stats_theil_sen_slope_ratio_to_whole_left', 'RAW_1_stats_theil_sen_slope_ratio_to_whole_right']
2025-07-30 18:19:40 - FeatureEng-20250730_181113 - INFO -     - 'RAW_1_stats_mean_left': 空值比例=0.00%, 零值比例=0.00%
2025-07-30 18:19:40 - FeatureEng-20250730_181113 - INFO -     - 'RAW_1_stats_mean_right': 空值比例=0.00%, 零值比例=0.00%
2025-07-30 18:19:40 - FeatureEng-20250730_181113 - INFO -     - 'RAW_1_stats_mean_whole': 空值比例=0.00%, 零值比例=0.00%
2025-07-30 18:19:40 - FeatureEng-20250730_181113 - INFO -     - 'RAW_1_stats_mean_diff': 空值比例=0.00%, 零值比例=0.00%
2025-07-30 18:19:40 - FeatureEng-20250730_181113 - INFO -     - 'RAW_1_stats_mean_ratio': 空值比例=0.00%, 零值比例=0.00%
2025-07-30 18:19:40 - FeatureEng-20250730_181113 - INFO -     - 'RAW_1_stats_mean_contribution_left': 空值比例=0.00%, 零值比例=0.00%
2025-07-30 18:19:40 - FeatureEng-20250730_181113 - INFO -     - 'RAW_1_stats_mean_contribution_right': 空值比例=0.00%, 零值比例=0.00%
2025-07-30 18:19:40 - FeatureEng-20250730_181113 - INFO -     - 'RAW_1_stats_mean_ratio_to_whole_left': 空值比例=0.00%, 零值比例=0.00%
2025-07-30 18:19:40 - FeatureEng-20250730_181113 - INFO -     - 'RAW_1_stats_mean_ratio_to_whole_right': 空值比例=0.00%, 零值比例=0.00%
2025-07-30 18:19:40 - FeatureEng-20250730_181113 - INFO -     - 'RAW_1_stats_median_left': 空值比例=0.00%, 零值比例=0.00%
2025-07-30 18:19:40 - FeatureEng-20250730_181113 - INFO -     - 'RAW_1_stats_median_right': 空值比例=0.00%, 零值比例=0.00%
2025-07-30 18:19:40 - FeatureEng-20250730_181113 - INFO -     - 'RAW_1_stats_median_whole': 空值比例=0.00%, 零值比例=0.00%
2025-07-30 18:19:40 - FeatureEng-20250730_181113 - INFO -     - 'RAW_1_stats_median_diff': 空值比例=0.00%, 零值比例=0.01%
2025-07-30 18:19:40 - FeatureEng-20250730_181113 - INFO -     - 'RAW_1_stats_median_ratio': 空值比例=0.00%, 零值比例=0.00%
2025-07-30 18:19:40 - FeatureEng-20250730_181113 - INFO -     - 'RAW_1_stats_median_contribution_left': 空值比例=0.00%, 零值比例=0.00%
2025-07-30 18:19:40 - FeatureEng-20250730_181113 - INFO -     - 'RAW_1_stats_median_contribution_right': 空值比例=0.00%, 零值比例=0.00%
2025-07-30 18:19:40 - FeatureEng-20250730_181113 - INFO -     - 'RAW_1_stats_median_ratio_to_whole_left': 空值比例=0.00%, 零值比例=0.00%
2025-07-30 18:19:40 - FeatureEng-20250730_181113 - INFO -     - 'RAW_1_stats_median_ratio_to_whole_right': 空值比例=0.00%, 零值比例=0.00%
2025-07-30 18:19:40 - FeatureEng-20250730_181113 - INFO -     - 'RAW_1_stats_max_left': 空值比例=0.00%, 零值比例=0.00%
2025-07-30 18:19:40 - FeatureEng-20250730_181113 - INFO -     - 'RAW_1_stats_max_right': 空值比例=0.00%, 零值比例=0.00%
2025-07-30 18:19:40 - FeatureEng-20250730_181113 - INFO -     - 'RAW_1_stats_max_whole': 空值比例=0.00%, 零值比例=0.00%
2025-07-30 18:19:40 - FeatureEng-20250730_181113 - INFO -     - 'RAW_1_stats_max_diff': 空值比例=0.00%, 零值比例=0.04%
2025-07-30 18:19:40 - FeatureEng-20250730_181113 - INFO -     - 'RAW_1_stats_max_ratio': 空值比例=0.00%, 零值比例=0.00%
2025-07-30 18:19:40 - FeatureEng-20250730_181113 - INFO -     - 'RAW_1_stats_max_contribution_left': 空值比例=0.00%, 零值比例=0.00%
2025-07-30 18:19:40 - FeatureEng-20250730_181113 - INFO -     - 'RAW_1_stats_max_contribution_right': 空值比例=0.00%, 零值比例=0.00%
2025-07-30 18:19:40 - FeatureEng-20250730_181113 - INFO -     - 'RAW_1_stats_max_ratio_to_whole_left': 空值比例=0.00%, 零值比例=0.00%
2025-07-30 18:19:40 - FeatureEng-20250730_181113 - INFO -     - 'RAW_1_stats_max_ratio_to_whole_right': 空值比例=0.00%, 零值比例=0.00%
2025-07-30 18:19:40 - FeatureEng-20250730_181113 - INFO -     - 'RAW_1_stats_min_left': 空值比例=0.00%, 零值比例=0.00%
2025-07-30 18:19:40 - FeatureEng-20250730_181113 - INFO -     - 'RAW_1_stats_min_right': 空值比例=0.00%, 零值比例=0.00%
2025-07-30 18:19:40 - FeatureEng-20250730_181113 - INFO -     - 'RAW_1_stats_min_whole': 空值比例=0.00%, 零值比例=0.00%
2025-07-30 18:19:40 - FeatureEng-20250730_181113 - INFO -     - 'RAW_1_stats_min_diff': 空值比例=0.00%, 零值比例=0.06%
2025-07-30 18:19:40 - FeatureEng-20250730_181113 - INFO -     - 'RAW_1_stats_min_ratio': 空值比例=0.00%, 零值比例=0.00%
2025-07-30 18:19:40 - FeatureEng-20250730_181113 - INFO -     - 'RAW_1_stats_min_contribution_left': 空值比例=0.00%, 零值比例=0.00%
2025-07-30 18:19:40 - FeatureEng-20250730_181113 - INFO -     - 'RAW_1_stats_min_contribution_right': 空值比例=0.00%, 零值比例=0.00%
2025-07-30 18:19:40 - FeatureEng-20250730_181113 - INFO -     - 'RAW_1_stats_min_ratio_to_whole_left': 空值比例=0.00%, 零值比例=0.00%
2025-07-30 18:19:40 - FeatureEng-20250730_181113 - INFO -     - 'RAW_1_stats_min_ratio_to_whole_right': 空值比例=0.00%, 零值比例=0.00%
2025-07-30 18:19:40 - FeatureEng-20250730_181113 - INFO -     - 'RAW_1_stats_range_left': 空值比例=0.00%, 零值比例=0.00%
2025-07-30 18:19:40 - FeatureEng-20250730_181113 - INFO -     - 'RAW_1_stats_range_right': 空值比例=0.00%, 零值比例=0.00%
2025-07-30 18:19:40 - FeatureEng-20250730_181113 - INFO -     - 'RAW_1_stats_range_whole': 空值比例=0.00%, 零值比例=0.00%
2025-07-30 18:19:40 - FeatureEng-20250730_181113 - INFO -     - 'RAW_1_stats_range_diff': 空值比例=0.00%, 零值比例=0.00%
2025-07-30 18:19:40 - FeatureEng-20250730_181113 - INFO -     - 'RAW_1_stats_range_ratio': 空值比例=0.00%, 零值比例=0.00%
2025-07-30 18:19:40 - FeatureEng-20250730_181113 - INFO -     - 'RAW_1_stats_range_contribution_left': 空值比例=0.00%, 零值比例=0.00%
2025-07-30 18:19:40 - FeatureEng-20250730_181113 - INFO -     - 'RAW_1_stats_range_contribution_right': 空值比例=0.00%, 零值比例=0.00%
2025-07-30 18:19:40 - FeatureEng-20250730_181113 - INFO -     - 'RAW_1_stats_range_ratio_to_whole_left': 空值比例=0.00%, 零值比例=0.00%
2025-07-30 18:19:40 - FeatureEng-20250730_181113 - INFO -     - 'RAW_1_stats_range_ratio_to_whole_right': 空值比例=0.00%, 零值比例=0.00%
2025-07-30 18:19:40 - FeatureEng-20250730_181113 - INFO -     - 'RAW_1_stats_std_left': 空值比例=0.00%, 零值比例=0.00%
2025-07-30 18:19:40 - FeatureEng-20250730_181113 - INFO -     - 'RAW_1_stats_std_right': 空值比例=0.00%, 零值比例=0.00%
2025-07-30 18:19:40 - FeatureEng-20250730_181113 - INFO -     - 'RAW_1_stats_std_whole': 空值比例=0.00%, 零值比例=0.00%
2025-07-30 18:19:40 - FeatureEng-20250730_181113 - INFO -     - 'RAW_1_stats_std_diff': 空值比例=0.00%, 零值比例=0.00%
2025-07-30 18:19:40 - FeatureEng-20250730_181113 - INFO -     - 'RAW_1_stats_std_ratio': 空值比例=0.00%, 零值比例=0.00%
2025-07-30 18:19:40 - FeatureEng-20250730_181113 - INFO -     - 'RAW_1_stats_std_contribution_left': 空值比例=0.00%, 零值比例=0.00%
2025-07-30 18:19:40 - FeatureEng-20250730_181113 - INFO -     - 'RAW_1_stats_std_contribution_right': 空值比例=0.00%, 零值比例=0.00%
2025-07-30 18:19:40 - FeatureEng-20250730_181113 - INFO -     - 'RAW_1_stats_std_ratio_to_whole_left': 空值比例=0.00%, 零值比例=0.00%
2025-07-30 18:19:40 - FeatureEng-20250730_181113 - INFO -     - 'RAW_1_stats_std_ratio_to_whole_right': 空值比例=0.00%, 零值比例=0.00%
2025-07-30 18:19:40 - FeatureEng-20250730_181113 - INFO -     - 'RAW_1_stats_skew_left': 空值比例=0.00%, 零值比例=0.00%
2025-07-30 18:19:40 - FeatureEng-20250730_181113 - INFO -     - 'RAW_1_stats_skew_right': 空值比例=0.00%, 零值比例=0.00%
2025-07-30 18:19:40 - FeatureEng-20250730_181113 - INFO -     - 'RAW_1_stats_skew_whole': 空值比例=0.00%, 零值比例=0.00%
2025-07-30 18:19:40 - FeatureEng-20250730_181113 - INFO -     - 'RAW_1_stats_skew_diff': 空值比例=0.00%, 零值比例=0.00%
2025-07-30 18:19:40 - FeatureEng-20250730_181113 - INFO -     - 'RAW_1_stats_skew_ratio': 空值比例=0.00%, 零值比例=0.00%
2025-07-30 18:19:40 - FeatureEng-20250730_181113 - INFO -     - 'RAW_1_stats_skew_contribution_left': 空值比例=0.00%, 零值比例=0.00%
2025-07-30 18:19:40 - FeatureEng-20250730_181113 - INFO -     - 'RAW_1_stats_skew_contribution_right': 空值比例=0.00%, 零值比例=0.00%
2025-07-30 18:19:40 - FeatureEng-20250730_181113 - INFO -     - 'RAW_1_stats_skew_ratio_to_whole_left': 空值比例=0.00%, 零值比例=0.00%
2025-07-30 18:19:40 - FeatureEng-20250730_181113 - INFO -     - 'RAW_1_stats_skew_ratio_to_whole_right': 空值比例=0.00%, 零值比例=0.00%
2025-07-30 18:19:40 - FeatureEng-20250730_181113 - INFO -     - 'RAW_1_stats_kurt_left': 空值比例=0.00%, 零值比例=0.00%
2025-07-30 18:19:40 - FeatureEng-20250730_181113 - INFO -     - 'RAW_1_stats_kurt_right': 空值比例=0.00%, 零值比例=0.00%
2025-07-30 18:19:40 - FeatureEng-20250730_181113 - INFO -     - 'RAW_1_stats_kurt_whole': 空值比例=0.00%, 零值比例=0.00%
2025-07-30 18:19:40 - FeatureEng-20250730_181113 - INFO -     - 'RAW_1_stats_kurt_diff': 空值比例=0.00%, 零值比例=0.00%
2025-07-30 18:19:40 - FeatureEng-20250730_181113 - INFO -     - 'RAW_1_stats_kurt_ratio': 空值比例=0.00%, 零值比例=0.00%
2025-07-30 18:19:40 - FeatureEng-20250730_181113 - INFO -     - 'RAW_1_stats_kurt_contribution_left': 空值比例=0.00%, 零值比例=0.00%
2025-07-30 18:19:40 - FeatureEng-20250730_181113 - INFO -     - 'RAW_1_stats_kurt_contribution_right': 空值比例=0.00%, 零值比例=0.00%
2025-07-30 18:19:40 - FeatureEng-20250730_181113 - INFO -     - 'RAW_1_stats_kurt_ratio_to_whole_left': 空值比例=0.00%, 零值比例=0.00%
2025-07-30 18:19:40 - FeatureEng-20250730_181113 - INFO -     - 'RAW_1_stats_kurt_ratio_to_whole_right': 空值比例=0.00%, 零值比例=0.00%
2025-07-30 18:19:40 - FeatureEng-20250730_181113 - INFO -     - 'RAW_1_stats_cv_left': 空值比例=0.00%, 零值比例=1.27%
2025-07-30 18:19:40 - FeatureEng-20250730_181113 - INFO -     - 'RAW_1_stats_cv_right': 空值比例=0.00%, 零值比例=0.51%
2025-07-30 18:19:40 - FeatureEng-20250730_181113 - INFO -     - 'RAW_1_stats_cv_whole': 空值比例=0.00%, 零值比例=1.46%
2025-07-30 18:19:40 - FeatureEng-20250730_181113 - INFO -     - 'RAW_1_stats_cv_diff': 空值比例=0.00%, 零值比例=0.09%
2025-07-30 18:19:40 - FeatureEng-20250730_181113 - INFO -     - 'RAW_1_stats_cv_ratio': 空值比例=0.00%, 零值比例=0.51%
2025-07-30 18:19:40 - FeatureEng-20250730_181113 - INFO -     - 'RAW_1_stats_cv_contribution_left': 空值比例=0.00%, 零值比例=1.27%
2025-07-30 18:19:40 - FeatureEng-20250730_181113 - INFO -     - 'RAW_1_stats_cv_contribution_right': 空值比例=0.00%, 零值比例=0.51%
2025-07-30 18:19:40 - FeatureEng-20250730_181113 - INFO -     - 'RAW_1_stats_cv_ratio_to_whole_left': 空值比例=0.00%, 零值比例=1.27%
2025-07-30 18:19:40 - FeatureEng-20250730_181113 - INFO -     - 'RAW_1_stats_cv_ratio_to_whole_right': 空值比例=0.00%, 零值比例=0.51%
2025-07-30 18:19:40 - FeatureEng-20250730_181113 - INFO -     - 'RAW_1_stats_mean_of_rolling_std_left': 空值比例=0.00%, 零值比例=0.00%
2025-07-30 18:19:40 - FeatureEng-20250730_181113 - INFO -     - 'RAW_1_stats_mean_of_rolling_std_right': 空值比例=0.00%, 零值比例=0.00%
2025-07-30 18:19:40 - FeatureEng-20250730_181113 - INFO -     - 'RAW_1_stats_mean_of_rolling_std_whole': 空值比例=0.00%, 零值比例=0.00%
2025-07-30 18:19:40 - FeatureEng-20250730_181113 - INFO -     - 'RAW_1_stats_mean_of_rolling_std_diff': 空值比例=0.00%, 零值比例=0.00%
2025-07-30 18:19:40 - FeatureEng-20250730_181113 - INFO -     - 'RAW_1_stats_mean_of_rolling_std_ratio': 空值比例=0.00%, 零值比例=0.00%
2025-07-30 18:19:40 - FeatureEng-20250730_181113 - INFO -     - 'RAW_1_stats_mean_of_rolling_std_contribution_left': 空值比例=0.00%, 零值比例=0.00%
2025-07-30 18:19:40 - FeatureEng-20250730_181113 - INFO -     - 'RAW_1_stats_mean_of_rolling_std_contribution_right': 空值比例=0.00%, 零值比例=0.00%
2025-07-30 18:19:40 - FeatureEng-20250730_181113 - INFO -     - 'RAW_1_stats_mean_of_rolling_std_ratio_to_whole_left': 空值比例=0.00%, 零值比例=0.00%
2025-07-30 18:19:40 - FeatureEng-20250730_181113 - INFO -     - 'RAW_1_stats_mean_of_rolling_std_ratio_to_whole_right': 空值比例=0.00%, 零值比例=0.00%
2025-07-30 18:19:40 - FeatureEng-20250730_181113 - INFO -     - 'RAW_1_stats_theil_sen_slope_left': 空值比例=0.00%, 零值比例=0.28%
2025-07-30 18:19:40 - FeatureEng-20250730_181113 - INFO -     - 'RAW_1_stats_theil_sen_slope_right': 空值比例=0.00%, 零值比例=0.52%
2025-07-30 18:19:40 - FeatureEng-20250730_181113 - INFO -     - 'RAW_1_stats_theil_sen_slope_whole': 空值比例=0.00%, 零值比例=0.31%
2025-07-30 18:19:40 - FeatureEng-20250730_181113 - INFO -     - 'RAW_1_stats_theil_sen_slope_diff': 空值比例=0.00%, 零值比例=0.01%
2025-07-30 18:19:40 - FeatureEng-20250730_181113 - INFO -     - 'RAW_1_stats_theil_sen_slope_ratio': 空值比例=0.00%, 零值比例=0.52%
2025-07-30 18:19:40 - FeatureEng-20250730_181113 - INFO -     - 'RAW_1_stats_theil_sen_slope_contribution_left': 空值比例=0.00%, 零值比例=0.28%
2025-07-30 18:19:40 - FeatureEng-20250730_181113 - INFO -     - 'RAW_1_stats_theil_sen_slope_contribution_right': 空值比例=0.00%, 零值比例=0.52%
2025-07-30 18:19:40 - FeatureEng-20250730_181113 - INFO -     - 'RAW_1_stats_theil_sen_slope_ratio_to_whole_left': 空值比例=0.00%, 零值比例=0.28%
2025-07-30 18:19:40 - FeatureEng-20250730_181113 - INFO -     - 'RAW_1_stats_theil_sen_slope_ratio_to_whole_right': 空值比例=0.00%, 零值比例=0.52%
2025-07-30 18:19:40 - FeatureEng-20250730_181113 - INFO - --- 开始生成特征: test_stats_features ---
2025-07-30 18:23:58 - FeatureEng-20250730_181113 - INFO - 'test_stats_features' 生成完毕，耗时: 257.62 秒。
2025-07-30 18:23:58 - FeatureEng-20250730_181113 - INFO -   新生成特征列名: ['RAW_2_ks_stat', 'RAW_2_ks_pvalue', 'RAW_2_ttest_pvalue', 'RAW_2_ad_stat', 'RAW_2_ad_pvalue', 'RAW_2_mannwhitney_stat', 'RAW_2_mannwhitney_pvalue', 'RAW_2_wilcoxon_stat', 'RAW_2_wilcoxon_pvalue', 'RAW_2_levene_stat', 'RAW_2_levene_pvalue', 'RAW_2_bartlett_stat', 'RAW_2_bartlett_pvalue', 'RAW_2_shapiro_pvalue_left', 'RAW_2_shapiro_pvalue_right', 'RAW_2_shapiro_pvalue_whole', 'RAW_2_shapiro_pvalue_diff', 'RAW_2_shapiro_pvalue_ratio', 'RAW_2_shapiro_pvalue_contribution_left', 'RAW_2_shapiro_pvalue_contribution_right', 'RAW_2_shapiro_pvalue_ratio_to_whole_left', 'RAW_2_shapiro_pvalue_ratio_to_whole_right', 'RAW_2_jb_pvalue_left', 'RAW_2_jb_pvalue_right', 'RAW_2_jb_pvalue_whole', 'RAW_2_jb_pvalue_diff', 'RAW_2_jb_pvalue_ratio', 'RAW_2_jb_pvalue_contribution_left', 'RAW_2_jb_pvalue_contribution_right', 'RAW_2_jb_pvalue_ratio_to_whole_left', 'RAW_2_jb_pvalue_ratio_to_whole_right', 'RAW_2_kpss_pvalue_left', 'RAW_2_kpss_pvalue_right', 'RAW_2_kpss_pvalue_whole', 'RAW_2_kpss_pvalue_diff', 'RAW_2_kpss_pvalue_ratio', 'RAW_2_kpss_pvalue_contribution_left', 'RAW_2_kpss_pvalue_contribution_right', 'RAW_2_kpss_pvalue_ratio_to_whole_left', 'RAW_2_kpss_pvalue_ratio_to_whole_right', 'RAW_2_kpss_stat_left', 'RAW_2_kpss_stat_right', 'RAW_2_kpss_stat_whole', 'RAW_2_kpss_stat_diff', 'RAW_2_kpss_stat_ratio', 'RAW_2_kpss_stat_contribution_left', 'RAW_2_kpss_stat_contribution_right', 'RAW_2_kpss_stat_ratio_to_whole_left', 'RAW_2_kpss_stat_ratio_to_whole_right', 'RAW_2_adf_pvalue_left', 'RAW_2_adf_pvalue_right', 'RAW_2_adf_pvalue_whole', 'RAW_2_adf_pvalue_diff', 'RAW_2_adf_pvalue_ratio', 'RAW_2_adf_pvalue_contribution_left', 'RAW_2_adf_pvalue_contribution_right', 'RAW_2_adf_pvalue_ratio_to_whole_left', 'RAW_2_adf_pvalue_ratio_to_whole_right', 'RAW_2_adf_stat_left', 'RAW_2_adf_stat_right', 'RAW_2_adf_stat_whole', 'RAW_2_adf_stat_diff', 'RAW_2_adf_stat_ratio', 'RAW_2_adf_stat_contribution_left', 'RAW_2_adf_stat_contribution_right', 'RAW_2_adf_stat_ratio_to_whole_left', 'RAW_2_adf_stat_ratio_to_whole_right', 'RAW_2_adf_icbest_left', 'RAW_2_adf_icbest_right', 'RAW_2_adf_icbest_whole', 'RAW_2_adf_icbest_diff', 'RAW_2_adf_icbest_ratio', 'RAW_2_adf_icbest_contribution_left', 'RAW_2_adf_icbest_contribution_right', 'RAW_2_adf_icbest_ratio_to_whole_left', 'RAW_2_adf_icbest_ratio_to_whole_right']
2025-07-30 18:23:58 - FeatureEng-20250730_181113 - INFO -     - 'RAW_2_ks_stat': 空值比例=0.00%, 零值比例=0.00%
2025-07-30 18:23:58 - FeatureEng-20250730_181113 - INFO -     - 'RAW_2_ks_pvalue': 空值比例=0.00%, 零值比例=0.00%
2025-07-30 18:23:58 - FeatureEng-20250730_181113 - INFO -     - 'RAW_2_ttest_pvalue': 空值比例=0.00%, 零值比例=0.00%
2025-07-30 18:23:58 - FeatureEng-20250730_181113 - INFO -     - 'RAW_2_ad_stat': 空值比例=0.00%, 零值比例=0.00%
2025-07-30 18:23:58 - FeatureEng-20250730_181113 - INFO -     - 'RAW_2_ad_pvalue': 空值比例=0.00%, 零值比例=0.00%
2025-07-30 18:23:58 - FeatureEng-20250730_181113 - INFO -     - 'RAW_2_mannwhitney_stat': 空值比例=0.00%, 零值比例=0.00%
2025-07-30 18:23:58 - FeatureEng-20250730_181113 - INFO -     - 'RAW_2_mannwhitney_pvalue': 空值比例=0.00%, 零值比例=0.00%
2025-07-30 18:23:58 - FeatureEng-20250730_181113 - INFO -     - 'RAW_2_wilcoxon_stat': 空值比例=0.00%, 零值比例=0.00%
2025-07-30 18:23:58 - FeatureEng-20250730_181113 - INFO -     - 'RAW_2_wilcoxon_pvalue': 空值比例=0.00%, 零值比例=0.00%
2025-07-30 18:23:58 - FeatureEng-20250730_181113 - INFO -     - 'RAW_2_levene_stat': 空值比例=0.00%, 零值比例=0.00%
2025-07-30 18:23:58 - FeatureEng-20250730_181113 - INFO -     - 'RAW_2_levene_pvalue': 空值比例=0.00%, 零值比例=0.02%
2025-07-30 18:23:58 - FeatureEng-20250730_181113 - INFO -     - 'RAW_2_bartlett_stat': 空值比例=0.00%, 零值比例=0.00%
2025-07-30 18:23:58 - FeatureEng-20250730_181113 - INFO -     - 'RAW_2_bartlett_pvalue': 空值比例=0.00%, 零值比例=1.28%
2025-07-30 18:23:58 - FeatureEng-20250730_181113 - INFO -     - 'RAW_2_shapiro_pvalue_left': 空值比例=0.00%, 零值比例=0.00%
2025-07-30 18:23:58 - FeatureEng-20250730_181113 - INFO -     - 'RAW_2_shapiro_pvalue_right': 空值比例=0.00%, 零值比例=0.00%
2025-07-30 18:23:58 - FeatureEng-20250730_181113 - INFO -     - 'RAW_2_shapiro_pvalue_whole': 空值比例=0.00%, 零值比例=0.00%
2025-07-30 18:23:58 - FeatureEng-20250730_181113 - INFO -     - 'RAW_2_shapiro_pvalue_diff': 空值比例=0.00%, 零值比例=0.00%
2025-07-30 18:23:58 - FeatureEng-20250730_181113 - INFO -     - 'RAW_2_shapiro_pvalue_ratio': 空值比例=0.00%, 零值比例=0.00%
2025-07-30 18:23:58 - FeatureEng-20250730_181113 - INFO -     - 'RAW_2_shapiro_pvalue_contribution_left': 空值比例=0.00%, 零值比例=0.00%
2025-07-30 18:23:58 - FeatureEng-20250730_181113 - INFO -     - 'RAW_2_shapiro_pvalue_contribution_right': 空值比例=0.00%, 零值比例=0.00%
2025-07-30 18:23:58 - FeatureEng-20250730_181113 - INFO -     - 'RAW_2_shapiro_pvalue_ratio_to_whole_left': 空值比例=0.00%, 零值比例=0.00%
2025-07-30 18:23:58 - FeatureEng-20250730_181113 - INFO -     - 'RAW_2_shapiro_pvalue_ratio_to_whole_right': 空值比例=0.00%, 零值比例=0.00%
2025-07-30 18:23:58 - FeatureEng-20250730_181113 - INFO -     - 'RAW_2_jb_pvalue_left': 空值比例=0.00%, 零值比例=41.56%
2025-07-30 18:23:58 - FeatureEng-20250730_181113 - INFO -     - 'RAW_2_jb_pvalue_right': 空值比例=0.00%, 零值比例=25.93%
2025-07-30 18:23:58 - FeatureEng-20250730_181113 - INFO -     - 'RAW_2_jb_pvalue_whole': 空值比例=0.00%, 零值比例=56.64%
2025-07-30 18:23:58 - FeatureEng-20250730_181113 - INFO -     - 'RAW_2_jb_pvalue_diff': 空值比例=0.00%, 零值比例=18.02%
2025-07-30 18:23:58 - FeatureEng-20250730_181113 - INFO -     - 'RAW_2_jb_pvalue_ratio': 空值比例=0.00%, 零值比例=25.93%
2025-07-30 18:23:58 - FeatureEng-20250730_181113 - INFO -     - 'RAW_2_jb_pvalue_contribution_left': 空值比例=0.00%, 零值比例=41.56%
2025-07-30 18:23:58 - FeatureEng-20250730_181113 - INFO -     - 'RAW_2_jb_pvalue_contribution_right': 空值比例=0.00%, 零值比例=25.93%
2025-07-30 18:23:58 - FeatureEng-20250730_181113 - INFO -     - 'RAW_2_jb_pvalue_ratio_to_whole_left': 空值比例=0.00%, 零值比例=41.56%
2025-07-30 18:23:58 - FeatureEng-20250730_181113 - INFO -     - 'RAW_2_jb_pvalue_ratio_to_whole_right': 空值比例=0.00%, 零值比例=25.93%
2025-07-30 18:23:58 - FeatureEng-20250730_181113 - INFO -     - 'RAW_2_kpss_pvalue_left': 空值比例=0.00%, 零值比例=0.00%
2025-07-30 18:23:58 - FeatureEng-20250730_181113 - INFO -     - 'RAW_2_kpss_pvalue_right': 空值比例=0.00%, 零值比例=0.00%
2025-07-30 18:23:58 - FeatureEng-20250730_181113 - INFO -     - 'RAW_2_kpss_pvalue_whole': 空值比例=0.00%, 零值比例=0.00%
2025-07-30 18:23:58 - FeatureEng-20250730_181113 - INFO -     - 'RAW_2_kpss_pvalue_diff': 空值比例=0.00%, 零值比例=81.62%
2025-07-30 18:23:58 - FeatureEng-20250730_181113 - INFO -     - 'RAW_2_kpss_pvalue_ratio': 空值比例=0.00%, 零值比例=0.00%
2025-07-30 18:23:58 - FeatureEng-20250730_181113 - INFO -     - 'RAW_2_kpss_pvalue_contribution_left': 空值比例=0.00%, 零值比例=0.00%
2025-07-30 18:23:58 - FeatureEng-20250730_181113 - INFO -     - 'RAW_2_kpss_pvalue_contribution_right': 空值比例=0.00%, 零值比例=0.00%
2025-07-30 18:23:58 - FeatureEng-20250730_181113 - INFO -     - 'RAW_2_kpss_pvalue_ratio_to_whole_left': 空值比例=0.00%, 零值比例=0.00%
2025-07-30 18:23:58 - FeatureEng-20250730_181113 - INFO -     - 'RAW_2_kpss_pvalue_ratio_to_whole_right': 空值比例=0.00%, 零值比例=0.00%
2025-07-30 18:23:58 - FeatureEng-20250730_181113 - INFO -     - 'RAW_2_kpss_stat_left': 空值比例=0.00%, 零值比例=0.00%
2025-07-30 18:23:58 - FeatureEng-20250730_181113 - INFO -     - 'RAW_2_kpss_stat_right': 空值比例=0.00%, 零值比例=0.00%
2025-07-30 18:23:58 - FeatureEng-20250730_181113 - INFO -     - 'RAW_2_kpss_stat_whole': 空值比例=0.00%, 零值比例=0.00%
2025-07-30 18:23:58 - FeatureEng-20250730_181113 - INFO -     - 'RAW_2_kpss_stat_diff': 空值比例=0.00%, 零值比例=0.00%
2025-07-30 18:23:58 - FeatureEng-20250730_181113 - INFO -     - 'RAW_2_kpss_stat_ratio': 空值比例=0.00%, 零值比例=0.00%
2025-07-30 18:23:58 - FeatureEng-20250730_181113 - INFO -     - 'RAW_2_kpss_stat_contribution_left': 空值比例=0.00%, 零值比例=0.00%
2025-07-30 18:23:58 - FeatureEng-20250730_181113 - INFO -     - 'RAW_2_kpss_stat_contribution_right': 空值比例=0.00%, 零值比例=0.00%
2025-07-30 18:23:58 - FeatureEng-20250730_181113 - INFO -     - 'RAW_2_kpss_stat_ratio_to_whole_left': 空值比例=0.00%, 零值比例=0.00%
2025-07-30 18:23:58 - FeatureEng-20250730_181113 - INFO -     - 'RAW_2_kpss_stat_ratio_to_whole_right': 空值比例=0.00%, 零值比例=0.00%
2025-07-30 18:23:58 - FeatureEng-20250730_181113 - INFO -     - 'RAW_2_adf_pvalue_left': 空值比例=0.00%, 零值比例=61.73%
2025-07-30 18:23:58 - FeatureEng-20250730_181113 - INFO -     - 'RAW_2_adf_pvalue_right': 空值比例=0.00%, 零值比例=39.52%
2025-07-30 18:23:58 - FeatureEng-20250730_181113 - INFO -     - 'RAW_2_adf_pvalue_whole': 空值比例=0.00%, 零值比例=63.42%
2025-07-30 18:23:58 - FeatureEng-20250730_181113 - INFO -     - 'RAW_2_adf_pvalue_diff': 空值比例=0.00%, 零值比例=26.41%
2025-07-30 18:23:58 - FeatureEng-20250730_181113 - INFO -     - 'RAW_2_adf_pvalue_ratio': 空值比例=0.00%, 零值比例=39.52%
2025-07-30 18:23:58 - FeatureEng-20250730_181113 - INFO -     - 'RAW_2_adf_pvalue_contribution_left': 空值比例=0.00%, 零值比例=61.73%
2025-07-30 18:23:58 - FeatureEng-20250730_181113 - INFO -     - 'RAW_2_adf_pvalue_contribution_right': 空值比例=0.00%, 零值比例=39.52%
2025-07-30 18:23:58 - FeatureEng-20250730_181113 - INFO -     - 'RAW_2_adf_pvalue_ratio_to_whole_left': 空值比例=0.00%, 零值比例=61.73%
2025-07-30 18:23:58 - FeatureEng-20250730_181113 - INFO -     - 'RAW_2_adf_pvalue_ratio_to_whole_right': 空值比例=0.00%, 零值比例=39.52%
2025-07-30 18:23:58 - FeatureEng-20250730_181113 - INFO -     - 'RAW_2_adf_stat_left': 空值比例=0.00%, 零值比例=0.00%
2025-07-30 18:23:58 - FeatureEng-20250730_181113 - INFO -     - 'RAW_2_adf_stat_right': 空值比例=0.00%, 零值比例=0.00%
2025-07-30 18:23:58 - FeatureEng-20250730_181113 - INFO -     - 'RAW_2_adf_stat_whole': 空值比例=0.00%, 零值比例=0.00%
2025-07-30 18:23:58 - FeatureEng-20250730_181113 - INFO -     - 'RAW_2_adf_stat_diff': 空值比例=0.00%, 零值比例=0.00%
2025-07-30 18:23:58 - FeatureEng-20250730_181113 - INFO -     - 'RAW_2_adf_stat_ratio': 空值比例=0.00%, 零值比例=0.00%
2025-07-30 18:23:58 - FeatureEng-20250730_181113 - INFO -     - 'RAW_2_adf_stat_contribution_left': 空值比例=0.00%, 零值比例=0.00%
2025-07-30 18:23:58 - FeatureEng-20250730_181113 - INFO -     - 'RAW_2_adf_stat_contribution_right': 空值比例=0.00%, 零值比例=0.00%
2025-07-30 18:23:58 - FeatureEng-20250730_181113 - INFO -     - 'RAW_2_adf_stat_ratio_to_whole_left': 空值比例=0.00%, 零值比例=0.00%
2025-07-30 18:23:58 - FeatureEng-20250730_181113 - INFO -     - 'RAW_2_adf_stat_ratio_to_whole_right': 空值比例=0.00%, 零值比例=0.00%
2025-07-30 18:23:58 - FeatureEng-20250730_181113 - INFO -     - 'RAW_2_adf_icbest_left': 空值比例=0.00%, 零值比例=0.00%
2025-07-30 18:23:58 - FeatureEng-20250730_181113 - INFO -     - 'RAW_2_adf_icbest_right': 空值比例=0.00%, 零值比例=0.00%
2025-07-30 18:23:58 - FeatureEng-20250730_181113 - INFO -     - 'RAW_2_adf_icbest_whole': 空值比例=0.00%, 零值比例=0.00%
2025-07-30 18:23:58 - FeatureEng-20250730_181113 - INFO -     - 'RAW_2_adf_icbest_diff': 空值比例=0.00%, 零值比例=0.00%
2025-07-30 18:23:58 - FeatureEng-20250730_181113 - INFO -     - 'RAW_2_adf_icbest_ratio': 空值比例=0.00%, 零值比例=0.00%
2025-07-30 18:23:58 - FeatureEng-20250730_181113 - INFO -     - 'RAW_2_adf_icbest_contribution_left': 空值比例=0.00%, 零值比例=0.00%
2025-07-30 18:23:58 - FeatureEng-20250730_181113 - INFO -     - 'RAW_2_adf_icbest_contribution_right': 空值比例=0.00%, 零值比例=0.00%
2025-07-30 18:23:58 - FeatureEng-20250730_181113 - INFO -     - 'RAW_2_adf_icbest_ratio_to_whole_left': 空值比例=0.00%, 零值比例=0.00%
2025-07-30 18:23:58 - FeatureEng-20250730_181113 - INFO -     - 'RAW_2_adf_icbest_ratio_to_whole_right': 空值比例=0.00%, 零值比例=0.00%
2025-07-30 18:23:58 - FeatureEng-20250730_181113 - INFO - --- 开始生成特征: cumulative_features ---
2025-07-30 18:24:04 - FeatureEng-20250730_181113 - INFO - 'cumulative_features' 生成完毕，耗时: 5.60 秒。
2025-07-30 18:24:04 - FeatureEng-20250730_181113 - INFO -   新生成特征列名: ['RAW_3_sum_left', 'RAW_3_sum_right', 'RAW_3_sum_whole', 'RAW_3_sum_diff', 'RAW_3_sum_ratio', 'RAW_3_sum_contribution_left', 'RAW_3_sum_contribution_right', 'RAW_3_sum_ratio_to_whole_left', 'RAW_3_sum_ratio_to_whole_right', 'RAW_3_cumsum_max_left', 'RAW_3_cumsum_max_right', 'RAW_3_cumsum_max_whole', 'RAW_3_cumsum_max_diff', 'RAW_3_cumsum_max_ratio', 'RAW_3_cumsum_max_contribution_left', 'RAW_3_cumsum_max_contribution_right', 'RAW_3_cumsum_max_ratio_to_whole_left', 'RAW_3_cumsum_max_ratio_to_whole_right']
2025-07-30 18:24:04 - FeatureEng-20250730_181113 - INFO -     - 'RAW_3_sum_left': 空值比例=0.00%, 零值比例=0.00%
2025-07-30 18:24:04 - FeatureEng-20250730_181113 - INFO -     - 'RAW_3_sum_right': 空值比例=0.00%, 零值比例=0.00%
2025-07-30 18:24:04 - FeatureEng-20250730_181113 - INFO -     - 'RAW_3_sum_whole': 空值比例=0.00%, 零值比例=0.00%
2025-07-30 18:24:04 - FeatureEng-20250730_181113 - INFO -     - 'RAW_3_sum_diff': 空值比例=0.00%, 零值比例=0.00%
2025-07-30 18:24:04 - FeatureEng-20250730_181113 - INFO -     - 'RAW_3_sum_ratio': 空值比例=0.00%, 零值比例=0.00%
2025-07-30 18:24:04 - FeatureEng-20250730_181113 - INFO -     - 'RAW_3_sum_contribution_left': 空值比例=0.00%, 零值比例=0.00%
2025-07-30 18:24:04 - FeatureEng-20250730_181113 - INFO -     - 'RAW_3_sum_contribution_right': 空值比例=0.00%, 零值比例=0.00%
2025-07-30 18:24:04 - FeatureEng-20250730_181113 - INFO -     - 'RAW_3_sum_ratio_to_whole_left': 空值比例=0.00%, 零值比例=0.00%
2025-07-30 18:24:04 - FeatureEng-20250730_181113 - INFO -     - 'RAW_3_sum_ratio_to_whole_right': 空值比例=0.00%, 零值比例=0.00%
2025-07-30 18:24:04 - FeatureEng-20250730_181113 - INFO -     - 'RAW_3_cumsum_max_left': 空值比例=0.00%, 零值比例=0.00%
2025-07-30 18:24:04 - FeatureEng-20250730_181113 - INFO -     - 'RAW_3_cumsum_max_right': 空值比例=0.00%, 零值比例=0.00%
2025-07-30 18:24:04 - FeatureEng-20250730_181113 - INFO -     - 'RAW_3_cumsum_max_whole': 空值比例=0.00%, 零值比例=0.00%
2025-07-30 18:24:04 - FeatureEng-20250730_181113 - INFO -     - 'RAW_3_cumsum_max_diff': 空值比例=0.00%, 零值比例=0.00%
2025-07-30 18:24:04 - FeatureEng-20250730_181113 - INFO -     - 'RAW_3_cumsum_max_ratio': 空值比例=0.00%, 零值比例=0.00%
2025-07-30 18:24:04 - FeatureEng-20250730_181113 - INFO -     - 'RAW_3_cumsum_max_contribution_left': 空值比例=0.00%, 零值比例=0.00%
2025-07-30 18:24:04 - FeatureEng-20250730_181113 - INFO -     - 'RAW_3_cumsum_max_contribution_right': 空值比例=0.00%, 零值比例=0.00%
2025-07-30 18:24:04 - FeatureEng-20250730_181113 - INFO -     - 'RAW_3_cumsum_max_ratio_to_whole_left': 空值比例=0.00%, 零值比例=0.00%
2025-07-30 18:24:04 - FeatureEng-20250730_181113 - INFO -     - 'RAW_3_cumsum_max_ratio_to_whole_right': 空值比例=0.00%, 零值比例=0.00%
2025-07-30 18:24:04 - FeatureEng-20250730_181113 - INFO - --- 开始生成特征: oscillation_features ---
2025-07-30 18:24:11 - FeatureEng-20250730_181113 - INFO - 'oscillation_features' 生成完毕，耗时: 7.57 秒。
2025-07-30 18:24:11 - FeatureEng-20250730_181113 - INFO -   新生成特征列名: ['RAW_4_zero_cross_left', 'RAW_4_zero_cross_right', 'RAW_4_zero_cross_whole', 'RAW_4_zero_cross_diff', 'RAW_4_zero_cross_ratio', 'RAW_4_zero_cross_contribution_left', 'RAW_4_zero_cross_contribution_right', 'RAW_4_zero_cross_ratio_to_whole_left', 'RAW_4_zero_cross_ratio_to_whole_right', 'RAW_4_autocorr_lag1_left', 'RAW_4_autocorr_lag1_right', 'RAW_4_autocorr_lag1_whole', 'RAW_4_autocorr_lag1_diff', 'RAW_4_autocorr_lag1_ratio', 'RAW_4_autocorr_lag1_contribution_left', 'RAW_4_autocorr_lag1_contribution_right', 'RAW_4_autocorr_lag1_ratio_to_whole_left', 'RAW_4_autocorr_lag1_ratio_to_whole_right', 'RAW_4_diff_var_left', 'RAW_4_diff_var_right', 'RAW_4_diff_var_whole', 'RAW_4_diff_var_diff', 'RAW_4_diff_var_ratio', 'RAW_4_diff_var_contribution_left', 'RAW_4_diff_var_contribution_right', 'RAW_4_diff_var_ratio_to_whole_left', 'RAW_4_diff_var_ratio_to_whole_right']
2025-07-30 18:24:11 - FeatureEng-20250730_181113 - INFO -     - 'RAW_4_zero_cross_left': 空值比例=0.00%, 零值比例=0.00%
2025-07-30 18:24:11 - FeatureEng-20250730_181113 - INFO -     - 'RAW_4_zero_cross_right': 空值比例=0.00%, 零值比例=0.00%
2025-07-30 18:24:11 - FeatureEng-20250730_181113 - INFO -     - 'RAW_4_zero_cross_whole': 空值比例=0.00%, 零值比例=0.00%
2025-07-30 18:24:11 - FeatureEng-20250730_181113 - INFO -     - 'RAW_4_zero_cross_diff': 空值比例=0.00%, 零值比例=0.00%
2025-07-30 18:24:11 - FeatureEng-20250730_181113 - INFO -     - 'RAW_4_zero_cross_ratio': 空值比例=0.00%, 零值比例=0.00%
2025-07-30 18:24:11 - FeatureEng-20250730_181113 - INFO -     - 'RAW_4_zero_cross_contribution_left': 空值比例=0.00%, 零值比例=0.00%
2025-07-30 18:24:11 - FeatureEng-20250730_181113 - INFO -     - 'RAW_4_zero_cross_contribution_right': 空值比例=0.00%, 零值比例=0.00%
2025-07-30 18:24:11 - FeatureEng-20250730_181113 - INFO -     - 'RAW_4_zero_cross_ratio_to_whole_left': 空值比例=0.00%, 零值比例=0.00%
2025-07-30 18:24:11 - FeatureEng-20250730_181113 - INFO -     - 'RAW_4_zero_cross_ratio_to_whole_right': 空值比例=0.00%, 零值比例=0.00%
2025-07-30 18:24:11 - FeatureEng-20250730_181113 - INFO -     - 'RAW_4_autocorr_lag1_left': 空值比例=0.00%, 零值比例=0.00%
2025-07-30 18:24:11 - FeatureEng-20250730_181113 - INFO -     - 'RAW_4_autocorr_lag1_right': 空值比例=0.00%, 零值比例=0.00%
2025-07-30 18:24:11 - FeatureEng-20250730_181113 - INFO -     - 'RAW_4_autocorr_lag1_whole': 空值比例=0.00%, 零值比例=0.00%
2025-07-30 18:24:11 - FeatureEng-20250730_181113 - INFO -     - 'RAW_4_autocorr_lag1_diff': 空值比例=0.00%, 零值比例=0.00%
2025-07-30 18:24:11 - FeatureEng-20250730_181113 - INFO -     - 'RAW_4_autocorr_lag1_ratio': 空值比例=0.00%, 零值比例=0.00%
2025-07-30 18:24:11 - FeatureEng-20250730_181113 - INFO -     - 'RAW_4_autocorr_lag1_contribution_left': 空值比例=0.00%, 零值比例=0.00%
2025-07-30 18:24:11 - FeatureEng-20250730_181113 - INFO -     - 'RAW_4_autocorr_lag1_contribution_right': 空值比例=0.00%, 零值比例=0.00%
2025-07-30 18:24:11 - FeatureEng-20250730_181113 - INFO -     - 'RAW_4_autocorr_lag1_ratio_to_whole_left': 空值比例=0.00%, 零值比例=0.00%
2025-07-30 18:24:11 - FeatureEng-20250730_181113 - INFO -     - 'RAW_4_autocorr_lag1_ratio_to_whole_right': 空值比例=0.00%, 零值比例=0.00%
2025-07-30 18:24:11 - FeatureEng-20250730_181113 - INFO -     - 'RAW_4_diff_var_left': 空值比例=0.00%, 零值比例=0.00%
2025-07-30 18:24:11 - FeatureEng-20250730_181113 - INFO -     - 'RAW_4_diff_var_right': 空值比例=0.00%, 零值比例=0.00%
2025-07-30 18:24:11 - FeatureEng-20250730_181113 - INFO -     - 'RAW_4_diff_var_whole': 空值比例=0.00%, 零值比例=0.00%
2025-07-30 18:24:11 - FeatureEng-20250730_181113 - INFO -     - 'RAW_4_diff_var_diff': 空值比例=0.00%, 零值比例=0.00%
2025-07-30 18:24:11 - FeatureEng-20250730_181113 - INFO -     - 'RAW_4_diff_var_ratio': 空值比例=0.00%, 零值比例=0.00%
2025-07-30 18:24:11 - FeatureEng-20250730_181113 - INFO -     - 'RAW_4_diff_var_contribution_left': 空值比例=0.00%, 零值比例=0.00%
2025-07-30 18:24:11 - FeatureEng-20250730_181113 - INFO -     - 'RAW_4_diff_var_contribution_right': 空值比例=0.00%, 零值比例=0.00%
2025-07-30 18:24:11 - FeatureEng-20250730_181113 - INFO -     - 'RAW_4_diff_var_ratio_to_whole_left': 空值比例=0.00%, 零值比例=0.00%
2025-07-30 18:24:11 - FeatureEng-20250730_181113 - INFO -     - 'RAW_4_diff_var_ratio_to_whole_right': 空值比例=0.00%, 零值比例=0.00%
2025-07-30 18:24:11 - FeatureEng-20250730_181113 - INFO - --- 开始生成特征: cyclic_features ---
2025-07-30 18:24:16 - FeatureEng-20250730_181113 - INFO - 'cyclic_features' 生成完毕，耗时: 4.95 秒。
2025-07-30 18:24:16 - FeatureEng-20250730_181113 - INFO -   新生成特征列名: ['RAW_5_dominant_freq_left', 'RAW_5_dominant_freq_right', 'RAW_5_dominant_freq_whole', 'RAW_5_dominant_freq_diff', 'RAW_5_dominant_freq_ratio', 'RAW_5_dominant_freq_contribution_left', 'RAW_5_dominant_freq_contribution_right', 'RAW_5_dominant_freq_ratio_to_whole_left', 'RAW_5_dominant_freq_ratio_to_whole_right', 'RAW_5_max_power_left', 'RAW_5_max_power_right', 'RAW_5_max_power_whole', 'RAW_5_max_power_diff', 'RAW_5_max_power_ratio', 'RAW_5_max_power_contribution_left', 'RAW_5_max_power_contribution_right', 'RAW_5_max_power_ratio_to_whole_left', 'RAW_5_max_power_ratio_to_whole_right']
2025-07-30 18:24:16 - FeatureEng-20250730_181113 - INFO -     - 'RAW_5_dominant_freq_left': 空值比例=0.00%, 零值比例=0.00%
2025-07-30 18:24:16 - FeatureEng-20250730_181113 - INFO -     - 'RAW_5_dominant_freq_right': 空值比例=0.00%, 零值比例=0.00%
2025-07-30 18:24:16 - FeatureEng-20250730_181113 - INFO -     - 'RAW_5_dominant_freq_whole': 空值比例=0.00%, 零值比例=0.00%
2025-07-30 18:24:16 - FeatureEng-20250730_181113 - INFO -     - 'RAW_5_dominant_freq_diff': 空值比例=0.00%, 零值比例=0.00%
2025-07-30 18:24:16 - FeatureEng-20250730_181113 - INFO -     - 'RAW_5_dominant_freq_ratio': 空值比例=0.00%, 零值比例=0.00%
2025-07-30 18:24:16 - FeatureEng-20250730_181113 - INFO -     - 'RAW_5_dominant_freq_contribution_left': 空值比例=0.00%, 零值比例=0.00%
2025-07-30 18:24:16 - FeatureEng-20250730_181113 - INFO -     - 'RAW_5_dominant_freq_contribution_right': 空值比例=0.00%, 零值比例=0.00%
2025-07-30 18:24:16 - FeatureEng-20250730_181113 - INFO -     - 'RAW_5_dominant_freq_ratio_to_whole_left': 空值比例=0.00%, 零值比例=0.00%
2025-07-30 18:24:16 - FeatureEng-20250730_181113 - INFO -     - 'RAW_5_dominant_freq_ratio_to_whole_right': 空值比例=0.00%, 零值比例=0.00%
2025-07-30 18:24:16 - FeatureEng-20250730_181113 - INFO -     - 'RAW_5_max_power_left': 空值比例=0.00%, 零值比例=0.00%
2025-07-30 18:24:16 - FeatureEng-20250730_181113 - INFO -     - 'RAW_5_max_power_right': 空值比例=0.00%, 零值比例=0.00%
2025-07-30 18:24:16 - FeatureEng-20250730_181113 - INFO -     - 'RAW_5_max_power_whole': 空值比例=0.00%, 零值比例=0.00%
2025-07-30 18:24:16 - FeatureEng-20250730_181113 - INFO -     - 'RAW_5_max_power_diff': 空值比例=0.00%, 零值比例=0.00%
2025-07-30 18:24:16 - FeatureEng-20250730_181113 - INFO -     - 'RAW_5_max_power_ratio': 空值比例=0.00%, 零值比例=0.00%
2025-07-30 18:24:16 - FeatureEng-20250730_181113 - INFO -     - 'RAW_5_max_power_contribution_left': 空值比例=0.00%, 零值比例=0.00%
2025-07-30 18:24:16 - FeatureEng-20250730_181113 - INFO -     - 'RAW_5_max_power_contribution_right': 空值比例=0.00%, 零值比例=0.00%
2025-07-30 18:24:16 - FeatureEng-20250730_181113 - INFO -     - 'RAW_5_max_power_ratio_to_whole_left': 空值比例=0.00%, 零值比例=0.00%
2025-07-30 18:24:16 - FeatureEng-20250730_181113 - INFO -     - 'RAW_5_max_power_ratio_to_whole_right': 空值比例=0.00%, 零值比例=0.00%
2025-07-30 18:24:16 - FeatureEng-20250730_181113 - INFO - --- 开始生成特征: amplitude_features ---
2025-07-30 18:24:22 - FeatureEng-20250730_181113 - INFO - 'amplitude_features' 生成完毕，耗时: 6.16 秒。
2025-07-30 18:24:22 - FeatureEng-20250730_181113 - INFO -   新生成特征列名: ['RAW_6_ptp_left', 'RAW_6_ptp_right', 'RAW_6_ptp_whole', 'RAW_6_ptp_diff', 'RAW_6_ptp_ratio', 'RAW_6_ptp_contribution_left', 'RAW_6_ptp_contribution_right', 'RAW_6_ptp_ratio_to_whole_left', 'RAW_6_ptp_ratio_to_whole_right', 'RAW_6_iqr_left', 'RAW_6_iqr_right', 'RAW_6_iqr_whole', 'RAW_6_iqr_diff', 'RAW_6_iqr_ratio', 'RAW_6_iqr_contribution_left', 'RAW_6_iqr_contribution_right', 'RAW_6_iqr_ratio_to_whole_left', 'RAW_6_iqr_ratio_to_whole_right']
2025-07-30 18:24:22 - FeatureEng-20250730_181113 - INFO -     - 'RAW_6_ptp_left': 空值比例=0.00%, 零值比例=0.00%
2025-07-30 18:24:22 - FeatureEng-20250730_181113 - INFO -     - 'RAW_6_ptp_right': 空值比例=0.00%, 零值比例=0.00%
2025-07-30 18:24:22 - FeatureEng-20250730_181113 - INFO -     - 'RAW_6_ptp_whole': 空值比例=0.00%, 零值比例=0.00%
2025-07-30 18:24:22 - FeatureEng-20250730_181113 - INFO -     - 'RAW_6_ptp_diff': 空值比例=0.00%, 零值比例=0.00%
2025-07-30 18:24:22 - FeatureEng-20250730_181113 - INFO -     - 'RAW_6_ptp_ratio': 空值比例=0.00%, 零值比例=0.00%
2025-07-30 18:24:22 - FeatureEng-20250730_181113 - INFO -     - 'RAW_6_ptp_contribution_left': 空值比例=0.00%, 零值比例=0.00%
2025-07-30 18:24:22 - FeatureEng-20250730_181113 - INFO -     - 'RAW_6_ptp_contribution_right': 空值比例=0.00%, 零值比例=0.00%
2025-07-30 18:24:22 - FeatureEng-20250730_181113 - INFO -     - 'RAW_6_ptp_ratio_to_whole_left': 空值比例=0.00%, 零值比例=0.00%
2025-07-30 18:24:22 - FeatureEng-20250730_181113 - INFO -     - 'RAW_6_ptp_ratio_to_whole_right': 空值比例=0.00%, 零值比例=0.00%
2025-07-30 18:24:22 - FeatureEng-20250730_181113 - INFO -     - 'RAW_6_iqr_left': 空值比例=0.00%, 零值比例=0.00%
2025-07-30 18:24:22 - FeatureEng-20250730_181113 - INFO -     - 'RAW_6_iqr_right': 空值比例=0.00%, 零值比例=0.00%
2025-07-30 18:24:22 - FeatureEng-20250730_181113 - INFO -     - 'RAW_6_iqr_whole': 空值比例=0.00%, 零值比例=0.00%
2025-07-30 18:24:22 - FeatureEng-20250730_181113 - INFO -     - 'RAW_6_iqr_diff': 空值比例=0.00%, 零值比例=0.00%
2025-07-30 18:24:22 - FeatureEng-20250730_181113 - INFO -     - 'RAW_6_iqr_ratio': 空值比例=0.00%, 零值比例=0.00%
2025-07-30 18:24:22 - FeatureEng-20250730_181113 - INFO -     - 'RAW_6_iqr_contribution_left': 空值比例=0.00%, 零值比例=0.00%
2025-07-30 18:24:22 - FeatureEng-20250730_181113 - INFO -     - 'RAW_6_iqr_contribution_right': 空值比例=0.00%, 零值比例=0.00%
2025-07-30 18:24:22 - FeatureEng-20250730_181113 - INFO -     - 'RAW_6_iqr_ratio_to_whole_left': 空值比例=0.00%, 零值比例=0.00%
2025-07-30 18:24:22 - FeatureEng-20250730_181113 - INFO -     - 'RAW_6_iqr_ratio_to_whole_right': 空值比例=0.00%, 零值比例=0.00%
2025-07-30 18:24:22 - FeatureEng-20250730_181113 - INFO - --- 开始生成特征: volatility_of_volatility_features ---
2025-07-30 18:24:28 - FeatureEng-20250730_181113 - INFO - 'volatility_of_volatility_features' 生成完毕，耗时: 5.39 秒。
2025-07-30 18:24:28 - FeatureEng-20250730_181113 - INFO -   新生成特征列名: ['RAW_7_rolling_std_w50_mean_left', 'RAW_7_rolling_std_w50_mean_right', 'RAW_7_rolling_std_w50_mean_whole', 'RAW_7_rolling_std_w50_mean_diff', 'RAW_7_rolling_std_w50_mean_ratio', 'RAW_7_rolling_std_w50_mean_contribution_left', 'RAW_7_rolling_std_w50_mean_contribution_right', 'RAW_7_rolling_std_w50_mean_ratio_to_whole_left', 'RAW_7_rolling_std_w50_mean_ratio_to_whole_right']
2025-07-30 18:24:28 - FeatureEng-20250730_181113 - INFO -     - 'RAW_7_rolling_std_w50_mean_left': 空值比例=0.00%, 零值比例=0.00%
2025-07-30 18:24:28 - FeatureEng-20250730_181113 - INFO -     - 'RAW_7_rolling_std_w50_mean_right': 空值比例=0.00%, 零值比例=0.00%
2025-07-30 18:24:28 - FeatureEng-20250730_181113 - INFO -     - 'RAW_7_rolling_std_w50_mean_whole': 空值比例=0.00%, 零值比例=0.00%
2025-07-30 18:24:28 - FeatureEng-20250730_181113 - INFO -     - 'RAW_7_rolling_std_w50_mean_diff': 空值比例=0.00%, 零值比例=0.00%
2025-07-30 18:24:28 - FeatureEng-20250730_181113 - INFO -     - 'RAW_7_rolling_std_w50_mean_ratio': 空值比例=0.00%, 零值比例=0.00%
2025-07-30 18:24:28 - FeatureEng-20250730_181113 - INFO -     - 'RAW_7_rolling_std_w50_mean_contribution_left': 空值比例=0.00%, 零值比例=0.00%
2025-07-30 18:24:28 - FeatureEng-20250730_181113 - INFO -     - 'RAW_7_rolling_std_w50_mean_contribution_right': 空值比例=0.00%, 零值比例=0.00%
2025-07-30 18:24:28 - FeatureEng-20250730_181113 - INFO -     - 'RAW_7_rolling_std_w50_mean_ratio_to_whole_left': 空值比例=0.00%, 零值比例=0.00%
2025-07-30 18:24:28 - FeatureEng-20250730_181113 - INFO -     - 'RAW_7_rolling_std_w50_mean_ratio_to_whole_right': 空值比例=0.00%, 零值比例=0.00%
2025-07-30 18:24:28 - FeatureEng-20250730_181113 - INFO - --- 开始生成特征: entropy_features ---
2025-07-30 18:26:33 - FeatureEng-20250730_181113 - INFO - 'entropy_features' 生成完毕，耗时: 125.53 秒。
2025-07-30 18:26:33 - FeatureEng-20250730_181113 - INFO -   新生成特征列名: ['RAW_8_shannon_entropy_left', 'RAW_8_shannon_entropy_right', 'RAW_8_shannon_entropy_whole', 'RAW_8_shannon_entropy_diff', 'RAW_8_shannon_entropy_ratio', 'RAW_8_shannon_entropy_contribution_left', 'RAW_8_shannon_entropy_contribution_right', 'RAW_8_shannon_entropy_ratio_to_whole_left', 'RAW_8_shannon_entropy_ratio_to_whole_right', 'RAW_8_perm_entropy_left', 'RAW_8_perm_entropy_right', 'RAW_8_perm_entropy_whole', 'RAW_8_perm_entropy_diff', 'RAW_8_perm_entropy_ratio', 'RAW_8_perm_entropy_contribution_left', 'RAW_8_perm_entropy_contribution_right', 'RAW_8_perm_entropy_ratio_to_whole_left', 'RAW_8_perm_entropy_ratio_to_whole_right', 'RAW_8_spectral_entropy_left', 'RAW_8_spectral_entropy_right', 'RAW_8_spectral_entropy_whole', 'RAW_8_spectral_entropy_diff', 'RAW_8_spectral_entropy_ratio', 'RAW_8_spectral_entropy_contribution_left', 'RAW_8_spectral_entropy_contribution_right', 'RAW_8_spectral_entropy_ratio_to_whole_left', 'RAW_8_spectral_entropy_ratio_to_whole_right', 'RAW_8_svd_entropy_left', 'RAW_8_svd_entropy_right', 'RAW_8_svd_entropy_whole', 'RAW_8_svd_entropy_diff', 'RAW_8_svd_entropy_ratio', 'RAW_8_svd_entropy_contribution_left', 'RAW_8_svd_entropy_contribution_right', 'RAW_8_svd_entropy_ratio_to_whole_left', 'RAW_8_svd_entropy_ratio_to_whole_right', 'RAW_8_approx_entropy_left', 'RAW_8_approx_entropy_right', 'RAW_8_approx_entropy_whole', 'RAW_8_approx_entropy_diff', 'RAW_8_approx_entropy_ratio', 'RAW_8_approx_entropy_contribution_left', 'RAW_8_approx_entropy_contribution_right', 'RAW_8_approx_entropy_ratio_to_whole_left', 'RAW_8_approx_entropy_ratio_to_whole_right', 'RAW_8_sample_entropy_left', 'RAW_8_sample_entropy_right', 'RAW_8_sample_entropy_whole', 'RAW_8_sample_entropy_diff', 'RAW_8_sample_entropy_ratio', 'RAW_8_sample_entropy_contribution_left', 'RAW_8_sample_entropy_contribution_right', 'RAW_8_sample_entropy_ratio_to_whole_left', 'RAW_8_sample_entropy_ratio_to_whole_right', 'RAW_8_petrosian_fd_left', 'RAW_8_petrosian_fd_right', 'RAW_8_petrosian_fd_whole', 'RAW_8_petrosian_fd_diff', 'RAW_8_petrosian_fd_ratio', 'RAW_8_petrosian_fd_contribution_left', 'RAW_8_petrosian_fd_contribution_right', 'RAW_8_petrosian_fd_ratio_to_whole_left', 'RAW_8_petrosian_fd_ratio_to_whole_right', 'RAW_8_katz_fd_left', 'RAW_8_katz_fd_right', 'RAW_8_katz_fd_whole', 'RAW_8_katz_fd_diff', 'RAW_8_katz_fd_ratio', 'RAW_8_katz_fd_contribution_left', 'RAW_8_katz_fd_contribution_right', 'RAW_8_katz_fd_ratio_to_whole_left', 'RAW_8_katz_fd_ratio_to_whole_right', 'RAW_8_higuchi_fd_left', 'RAW_8_higuchi_fd_right', 'RAW_8_higuchi_fd_whole', 'RAW_8_higuchi_fd_diff', 'RAW_8_higuchi_fd_ratio', 'RAW_8_higuchi_fd_contribution_left', 'RAW_8_higuchi_fd_contribution_right', 'RAW_8_higuchi_fd_ratio_to_whole_left', 'RAW_8_higuchi_fd_ratio_to_whole_right', 'RAW_8_detrended_fluctuation_left', 'RAW_8_detrended_fluctuation_right', 'RAW_8_detrended_fluctuation_whole', 'RAW_8_detrended_fluctuation_diff', 'RAW_8_detrended_fluctuation_ratio', 'RAW_8_detrended_fluctuation_contribution_left', 'RAW_8_detrended_fluctuation_contribution_right', 'RAW_8_detrended_fluctuation_ratio_to_whole_left', 'RAW_8_detrended_fluctuation_ratio_to_whole_right', 'RAW_8_hjorth_mobility_left', 'RAW_8_hjorth_mobility_right', 'RAW_8_hjorth_mobility_whole', 'RAW_8_hjorth_mobility_diff', 'RAW_8_hjorth_mobility_ratio', 'RAW_8_hjorth_complexity_left', 'RAW_8_hjorth_complexity_right', 'RAW_8_hjorth_complexity_whole', 'RAW_8_hjorth_complexity_diff', 'RAW_8_hjorth_complexity_ratio', 'RAW_8_hjorth_mobility_contribution_left', 'RAW_8_hjorth_mobility_contribution_right', 'RAW_8_hjorth_mobility_ratio_to_whole_left', 'RAW_8_hjorth_mobility_ratio_to_whole_right', 'RAW_8_hjorth_complexity_contribution_left', 'RAW_8_hjorth_complexity_contribution_right', 'RAW_8_hjorth_complexity_ratio_to_whole_left', 'RAW_8_hjorth_complexity_ratio_to_whole_right', 'RAW_8_lziv_complexity_left', 'RAW_8_lziv_complexity_right', 'RAW_8_lziv_complexity_whole', 'RAW_8_lziv_complexity_diff', 'RAW_8_lziv_complexity_ratio', 'RAW_8_lziv_complexity_contribution_left', 'RAW_8_lziv_complexity_contribution_right', 'RAW_8_lziv_complexity_ratio_to_whole_left', 'RAW_8_lziv_complexity_ratio_to_whole_right', 'RAW_8_cond_entropy_left', 'RAW_8_cond_entropy_right', 'RAW_8_cond_entropy_whole', 'RAW_8_cond_entropy_diff', 'RAW_8_cond_entropy_ratio', 'RAW_8_cond_entropy_contribution_left', 'RAW_8_cond_entropy_contribution_right', 'RAW_8_cond_entropy_ratio_to_whole_left', 'RAW_8_cond_entropy_ratio_to_whole_right']
2025-07-30 18:26:33 - FeatureEng-20250730_181113 - INFO -     - 'RAW_8_shannon_entropy_left': 空值比例=0.00%, 零值比例=0.00%
2025-07-30 18:26:33 - FeatureEng-20250730_181113 - INFO -     - 'RAW_8_shannon_entropy_right': 空值比例=0.00%, 零值比例=0.00%
2025-07-30 18:26:33 - FeatureEng-20250730_181113 - INFO -     - 'RAW_8_shannon_entropy_whole': 空值比例=0.00%, 零值比例=0.00%
2025-07-30 18:26:33 - FeatureEng-20250730_181113 - INFO -     - 'RAW_8_shannon_entropy_diff': 空值比例=0.00%, 零值比例=0.00%
2025-07-30 18:26:33 - FeatureEng-20250730_181113 - INFO -     - 'RAW_8_shannon_entropy_ratio': 空值比例=0.00%, 零值比例=0.00%
2025-07-30 18:26:33 - FeatureEng-20250730_181113 - INFO -     - 'RAW_8_shannon_entropy_contribution_left': 空值比例=0.00%, 零值比例=0.00%
2025-07-30 18:26:33 - FeatureEng-20250730_181113 - INFO -     - 'RAW_8_shannon_entropy_contribution_right': 空值比例=0.00%, 零值比例=0.00%
2025-07-30 18:26:33 - FeatureEng-20250730_181113 - INFO -     - 'RAW_8_shannon_entropy_ratio_to_whole_left': 空值比例=0.00%, 零值比例=0.00%
2025-07-30 18:26:33 - FeatureEng-20250730_181113 - INFO -     - 'RAW_8_shannon_entropy_ratio_to_whole_right': 空值比例=0.00%, 零值比例=0.00%
2025-07-30 18:26:33 - FeatureEng-20250730_181113 - INFO -     - 'RAW_8_perm_entropy_left': 空值比例=0.00%, 零值比例=0.00%
2025-07-30 18:26:33 - FeatureEng-20250730_181113 - INFO -     - 'RAW_8_perm_entropy_right': 空值比例=0.00%, 零值比例=0.00%
2025-07-30 18:26:33 - FeatureEng-20250730_181113 - INFO -     - 'RAW_8_perm_entropy_whole': 空值比例=0.00%, 零值比例=0.00%
2025-07-30 18:26:33 - FeatureEng-20250730_181113 - INFO -     - 'RAW_8_perm_entropy_diff': 空值比例=0.00%, 零值比例=0.00%
2025-07-30 18:26:33 - FeatureEng-20250730_181113 - INFO -     - 'RAW_8_perm_entropy_ratio': 空值比例=0.00%, 零值比例=0.00%
2025-07-30 18:26:33 - FeatureEng-20250730_181113 - INFO -     - 'RAW_8_perm_entropy_contribution_left': 空值比例=0.00%, 零值比例=0.00%
2025-07-30 18:26:33 - FeatureEng-20250730_181113 - INFO -     - 'RAW_8_perm_entropy_contribution_right': 空值比例=0.00%, 零值比例=0.00%
2025-07-30 18:26:33 - FeatureEng-20250730_181113 - INFO -     - 'RAW_8_perm_entropy_ratio_to_whole_left': 空值比例=0.00%, 零值比例=0.00%
2025-07-30 18:26:33 - FeatureEng-20250730_181113 - INFO -     - 'RAW_8_perm_entropy_ratio_to_whole_right': 空值比例=0.00%, 零值比例=0.00%
2025-07-30 18:26:33 - FeatureEng-20250730_181113 - INFO -     - 'RAW_8_spectral_entropy_left': 空值比例=0.00%, 零值比例=0.00%
2025-07-30 18:26:33 - FeatureEng-20250730_181113 - INFO -     - 'RAW_8_spectral_entropy_right': 空值比例=0.00%, 零值比例=0.00%
2025-07-30 18:26:33 - FeatureEng-20250730_181113 - INFO -     - 'RAW_8_spectral_entropy_whole': 空值比例=0.00%, 零值比例=0.00%
2025-07-30 18:26:33 - FeatureEng-20250730_181113 - INFO -     - 'RAW_8_spectral_entropy_diff': 空值比例=0.00%, 零值比例=0.00%
2025-07-30 18:26:33 - FeatureEng-20250730_181113 - INFO -     - 'RAW_8_spectral_entropy_ratio': 空值比例=0.00%, 零值比例=0.00%
2025-07-30 18:26:33 - FeatureEng-20250730_181113 - INFO -     - 'RAW_8_spectral_entropy_contribution_left': 空值比例=0.00%, 零值比例=0.00%
2025-07-30 18:26:33 - FeatureEng-20250730_181113 - INFO -     - 'RAW_8_spectral_entropy_contribution_right': 空值比例=0.00%, 零值比例=0.00%
2025-07-30 18:26:33 - FeatureEng-20250730_181113 - INFO -     - 'RAW_8_spectral_entropy_ratio_to_whole_left': 空值比例=0.00%, 零值比例=0.00%
2025-07-30 18:26:33 - FeatureEng-20250730_181113 - INFO -     - 'RAW_8_spectral_entropy_ratio_to_whole_right': 空值比例=0.00%, 零值比例=0.00%
2025-07-30 18:26:33 - FeatureEng-20250730_181113 - INFO -     - 'RAW_8_svd_entropy_left': 空值比例=0.00%, 零值比例=0.00%
2025-07-30 18:26:33 - FeatureEng-20250730_181113 - INFO -     - 'RAW_8_svd_entropy_right': 空值比例=0.00%, 零值比例=0.00%
2025-07-30 18:26:33 - FeatureEng-20250730_181113 - INFO -     - 'RAW_8_svd_entropy_whole': 空值比例=0.00%, 零值比例=0.00%
2025-07-30 18:26:33 - FeatureEng-20250730_181113 - INFO -     - 'RAW_8_svd_entropy_diff': 空值比例=0.00%, 零值比例=0.00%
2025-07-30 18:26:33 - FeatureEng-20250730_181113 - INFO -     - 'RAW_8_svd_entropy_ratio': 空值比例=0.00%, 零值比例=0.00%
2025-07-30 18:26:33 - FeatureEng-20250730_181113 - INFO -     - 'RAW_8_svd_entropy_contribution_left': 空值比例=0.00%, 零值比例=0.00%
2025-07-30 18:26:33 - FeatureEng-20250730_181113 - INFO -     - 'RAW_8_svd_entropy_contribution_right': 空值比例=0.00%, 零值比例=0.00%
2025-07-30 18:26:33 - FeatureEng-20250730_181113 - INFO -     - 'RAW_8_svd_entropy_ratio_to_whole_left': 空值比例=0.00%, 零值比例=0.00%
2025-07-30 18:26:33 - FeatureEng-20250730_181113 - INFO -     - 'RAW_8_svd_entropy_ratio_to_whole_right': 空值比例=0.00%, 零值比例=0.00%
2025-07-30 18:26:33 - FeatureEng-20250730_181113 - INFO -     - 'RAW_8_approx_entropy_left': 空值比例=0.00%, 零值比例=0.00%
2025-07-30 18:26:33 - FeatureEng-20250730_181113 - INFO -     - 'RAW_8_approx_entropy_right': 空值比例=0.00%, 零值比例=0.00%
2025-07-30 18:26:33 - FeatureEng-20250730_181113 - INFO -     - 'RAW_8_approx_entropy_whole': 空值比例=0.00%, 零值比例=0.00%
2025-07-30 18:26:33 - FeatureEng-20250730_181113 - INFO -     - 'RAW_8_approx_entropy_diff': 空值比例=0.00%, 零值比例=0.00%
2025-07-30 18:26:33 - FeatureEng-20250730_181113 - INFO -     - 'RAW_8_approx_entropy_ratio': 空值比例=0.00%, 零值比例=0.00%
2025-07-30 18:26:33 - FeatureEng-20250730_181113 - INFO -     - 'RAW_8_approx_entropy_contribution_left': 空值比例=0.00%, 零值比例=0.00%
2025-07-30 18:26:33 - FeatureEng-20250730_181113 - INFO -     - 'RAW_8_approx_entropy_contribution_right': 空值比例=0.00%, 零值比例=0.00%
2025-07-30 18:26:33 - FeatureEng-20250730_181113 - INFO -     - 'RAW_8_approx_entropy_ratio_to_whole_left': 空值比例=0.00%, 零值比例=0.00%
2025-07-30 18:26:33 - FeatureEng-20250730_181113 - INFO -     - 'RAW_8_approx_entropy_ratio_to_whole_right': 空值比例=0.00%, 零值比例=0.00%
2025-07-30 18:26:33 - FeatureEng-20250730_181113 - INFO -     - 'RAW_8_sample_entropy_left': 空值比例=0.00%, 零值比例=0.00%
2025-07-30 18:26:33 - FeatureEng-20250730_181113 - INFO -     - 'RAW_8_sample_entropy_right': 空值比例=0.00%, 零值比例=0.00%
2025-07-30 18:26:33 - FeatureEng-20250730_181113 - INFO -     - 'RAW_8_sample_entropy_whole': 空值比例=0.00%, 零值比例=0.00%
2025-07-30 18:26:33 - FeatureEng-20250730_181113 - INFO -     - 'RAW_8_sample_entropy_diff': 空值比例=0.00%, 零值比例=0.00%
2025-07-30 18:26:33 - FeatureEng-20250730_181113 - INFO -     - 'RAW_8_sample_entropy_ratio': 空值比例=0.00%, 零值比例=0.00%
2025-07-30 18:26:33 - FeatureEng-20250730_181113 - INFO -     - 'RAW_8_sample_entropy_contribution_left': 空值比例=0.00%, 零值比例=0.00%
2025-07-30 18:26:33 - FeatureEng-20250730_181113 - INFO -     - 'RAW_8_sample_entropy_contribution_right': 空值比例=0.00%, 零值比例=0.00%
2025-07-30 18:26:33 - FeatureEng-20250730_181113 - INFO -     - 'RAW_8_sample_entropy_ratio_to_whole_left': 空值比例=0.00%, 零值比例=0.00%
2025-07-30 18:26:33 - FeatureEng-20250730_181113 - INFO -     - 'RAW_8_sample_entropy_ratio_to_whole_right': 空值比例=0.00%, 零值比例=0.00%
2025-07-30 18:26:33 - FeatureEng-20250730_181113 - INFO -     - 'RAW_8_petrosian_fd_left': 空值比例=0.00%, 零值比例=0.00%
2025-07-30 18:26:33 - FeatureEng-20250730_181113 - INFO -     - 'RAW_8_petrosian_fd_right': 空值比例=0.00%, 零值比例=0.00%
2025-07-30 18:26:33 - FeatureEng-20250730_181113 - INFO -     - 'RAW_8_petrosian_fd_whole': 空值比例=0.00%, 零值比例=0.00%
2025-07-30 18:26:33 - FeatureEng-20250730_181113 - INFO -     - 'RAW_8_petrosian_fd_diff': 空值比例=0.00%, 零值比例=0.00%
2025-07-30 18:26:33 - FeatureEng-20250730_181113 - INFO -     - 'RAW_8_petrosian_fd_ratio': 空值比例=0.00%, 零值比例=0.00%
2025-07-30 18:26:33 - FeatureEng-20250730_181113 - INFO -     - 'RAW_8_petrosian_fd_contribution_left': 空值比例=0.00%, 零值比例=0.00%
2025-07-30 18:26:33 - FeatureEng-20250730_181113 - INFO -     - 'RAW_8_petrosian_fd_contribution_right': 空值比例=0.00%, 零值比例=0.00%
2025-07-30 18:26:33 - FeatureEng-20250730_181113 - INFO -     - 'RAW_8_petrosian_fd_ratio_to_whole_left': 空值比例=0.00%, 零值比例=0.00%
2025-07-30 18:26:33 - FeatureEng-20250730_181113 - INFO -     - 'RAW_8_petrosian_fd_ratio_to_whole_right': 空值比例=0.00%, 零值比例=0.00%
2025-07-30 18:26:33 - FeatureEng-20250730_181113 - INFO -     - 'RAW_8_katz_fd_left': 空值比例=0.00%, 零值比例=0.00%
2025-07-30 18:26:33 - FeatureEng-20250730_181113 - INFO -     - 'RAW_8_katz_fd_right': 空值比例=0.00%, 零值比例=0.00%
2025-07-30 18:26:33 - FeatureEng-20250730_181113 - INFO -     - 'RAW_8_katz_fd_whole': 空值比例=0.00%, 零值比例=0.00%
2025-07-30 18:26:33 - FeatureEng-20250730_181113 - INFO -     - 'RAW_8_katz_fd_diff': 空值比例=0.00%, 零值比例=0.00%
2025-07-30 18:26:33 - FeatureEng-20250730_181113 - INFO -     - 'RAW_8_katz_fd_ratio': 空值比例=0.00%, 零值比例=0.00%
2025-07-30 18:26:33 - FeatureEng-20250730_181113 - INFO -     - 'RAW_8_katz_fd_contribution_left': 空值比例=0.00%, 零值比例=0.00%
2025-07-30 18:26:33 - FeatureEng-20250730_181113 - INFO -     - 'RAW_8_katz_fd_contribution_right': 空值比例=0.00%, 零值比例=0.00%
2025-07-30 18:26:33 - FeatureEng-20250730_181113 - INFO -     - 'RAW_8_katz_fd_ratio_to_whole_left': 空值比例=0.00%, 零值比例=0.00%
2025-07-30 18:26:33 - FeatureEng-20250730_181113 - INFO -     - 'RAW_8_katz_fd_ratio_to_whole_right': 空值比例=0.00%, 零值比例=0.00%
2025-07-30 18:26:33 - FeatureEng-20250730_181113 - INFO -     - 'RAW_8_higuchi_fd_left': 空值比例=0.00%, 零值比例=0.00%
2025-07-30 18:26:33 - FeatureEng-20250730_181113 - INFO -     - 'RAW_8_higuchi_fd_right': 空值比例=0.00%, 零值比例=0.00%
2025-07-30 18:26:33 - FeatureEng-20250730_181113 - INFO -     - 'RAW_8_higuchi_fd_whole': 空值比例=0.00%, 零值比例=0.00%
2025-07-30 18:26:33 - FeatureEng-20250730_181113 - INFO -     - 'RAW_8_higuchi_fd_diff': 空值比例=0.00%, 零值比例=0.00%
2025-07-30 18:26:33 - FeatureEng-20250730_181113 - INFO -     - 'RAW_8_higuchi_fd_ratio': 空值比例=0.00%, 零值比例=0.00%
2025-07-30 18:26:33 - FeatureEng-20250730_181113 - INFO -     - 'RAW_8_higuchi_fd_contribution_left': 空值比例=0.00%, 零值比例=0.00%
2025-07-30 18:26:33 - FeatureEng-20250730_181113 - INFO -     - 'RAW_8_higuchi_fd_contribution_right': 空值比例=0.00%, 零值比例=0.00%
2025-07-30 18:26:33 - FeatureEng-20250730_181113 - INFO -     - 'RAW_8_higuchi_fd_ratio_to_whole_left': 空值比例=0.00%, 零值比例=0.00%
2025-07-30 18:26:33 - FeatureEng-20250730_181113 - INFO -     - 'RAW_8_higuchi_fd_ratio_to_whole_right': 空值比例=0.00%, 零值比例=0.00%
2025-07-30 18:26:33 - FeatureEng-20250730_181113 - INFO -     - 'RAW_8_detrended_fluctuation_left': 空值比例=0.00%, 零值比例=0.00%
2025-07-30 18:26:33 - FeatureEng-20250730_181113 - INFO -     - 'RAW_8_detrended_fluctuation_right': 空值比例=0.00%, 零值比例=0.00%
2025-07-30 18:26:33 - FeatureEng-20250730_181113 - INFO -     - 'RAW_8_detrended_fluctuation_whole': 空值比例=0.00%, 零值比例=0.00%
2025-07-30 18:26:33 - FeatureEng-20250730_181113 - INFO -     - 'RAW_8_detrended_fluctuation_diff': 空值比例=0.00%, 零值比例=0.00%
2025-07-30 18:26:33 - FeatureEng-20250730_181113 - INFO -     - 'RAW_8_detrended_fluctuation_ratio': 空值比例=0.00%, 零值比例=0.00%
2025-07-30 18:26:33 - FeatureEng-20250730_181113 - INFO -     - 'RAW_8_detrended_fluctuation_contribution_left': 空值比例=0.00%, 零值比例=0.00%
2025-07-30 18:26:33 - FeatureEng-20250730_181113 - INFO -     - 'RAW_8_detrended_fluctuation_contribution_right': 空值比例=0.00%, 零值比例=0.00%
2025-07-30 18:26:33 - FeatureEng-20250730_181113 - INFO -     - 'RAW_8_detrended_fluctuation_ratio_to_whole_left': 空值比例=0.00%, 零值比例=0.00%
2025-07-30 18:26:33 - FeatureEng-20250730_181113 - INFO -     - 'RAW_8_detrended_fluctuation_ratio_to_whole_right': 空值比例=0.00%, 零值比例=0.00%
2025-07-30 18:26:33 - FeatureEng-20250730_181113 - INFO -     - 'RAW_8_hjorth_mobility_left': 空值比例=0.00%, 零值比例=0.00%
2025-07-30 18:26:33 - FeatureEng-20250730_181113 - INFO -     - 'RAW_8_hjorth_mobility_right': 空值比例=0.00%, 零值比例=0.00%
2025-07-30 18:26:33 - FeatureEng-20250730_181113 - INFO -     - 'RAW_8_hjorth_mobility_whole': 空值比例=0.00%, 零值比例=0.00%
2025-07-30 18:26:33 - FeatureEng-20250730_181113 - INFO -     - 'RAW_8_hjorth_mobility_diff': 空值比例=0.00%, 零值比例=0.00%
2025-07-30 18:26:33 - FeatureEng-20250730_181113 - INFO -     - 'RAW_8_hjorth_mobility_ratio': 空值比例=0.00%, 零值比例=0.00%
2025-07-30 18:26:33 - FeatureEng-20250730_181113 - INFO -     - 'RAW_8_hjorth_complexity_left': 空值比例=0.00%, 零值比例=0.00%
2025-07-30 18:26:33 - FeatureEng-20250730_181113 - INFO -     - 'RAW_8_hjorth_complexity_right': 空值比例=0.00%, 零值比例=0.00%
2025-07-30 18:26:33 - FeatureEng-20250730_181113 - INFO -     - 'RAW_8_hjorth_complexity_whole': 空值比例=0.00%, 零值比例=0.00%
2025-07-30 18:26:33 - FeatureEng-20250730_181113 - INFO -     - 'RAW_8_hjorth_complexity_diff': 空值比例=0.00%, 零值比例=0.00%
2025-07-30 18:26:33 - FeatureEng-20250730_181113 - INFO -     - 'RAW_8_hjorth_complexity_ratio': 空值比例=0.00%, 零值比例=0.00%
2025-07-30 18:26:33 - FeatureEng-20250730_181113 - INFO -     - 'RAW_8_hjorth_mobility_contribution_left': 空值比例=0.00%, 零值比例=0.00%
2025-07-30 18:26:33 - FeatureEng-20250730_181113 - INFO -     - 'RAW_8_hjorth_mobility_contribution_right': 空值比例=0.00%, 零值比例=0.00%
2025-07-30 18:26:33 - FeatureEng-20250730_181113 - INFO -     - 'RAW_8_hjorth_mobility_ratio_to_whole_left': 空值比例=0.00%, 零值比例=0.00%
2025-07-30 18:26:33 - FeatureEng-20250730_181113 - INFO -     - 'RAW_8_hjorth_mobility_ratio_to_whole_right': 空值比例=0.00%, 零值比例=0.00%
2025-07-30 18:26:33 - FeatureEng-20250730_181113 - INFO -     - 'RAW_8_hjorth_complexity_contribution_left': 空值比例=0.00%, 零值比例=0.00%
2025-07-30 18:26:33 - FeatureEng-20250730_181113 - INFO -     - 'RAW_8_hjorth_complexity_contribution_right': 空值比例=0.00%, 零值比例=0.00%
2025-07-30 18:26:33 - FeatureEng-20250730_181113 - INFO -     - 'RAW_8_hjorth_complexity_ratio_to_whole_left': 空值比例=0.00%, 零值比例=0.00%
2025-07-30 18:26:33 - FeatureEng-20250730_181113 - INFO -     - 'RAW_8_hjorth_complexity_ratio_to_whole_right': 空值比例=0.00%, 零值比例=0.00%
2025-07-30 18:26:33 - FeatureEng-20250730_181113 - INFO -     - 'RAW_8_lziv_complexity_left': 空值比例=0.00%, 零值比例=0.00%
2025-07-30 18:26:33 - FeatureEng-20250730_181113 - INFO -     - 'RAW_8_lziv_complexity_right': 空值比例=0.00%, 零值比例=0.00%
2025-07-30 18:26:33 - FeatureEng-20250730_181113 - INFO -     - 'RAW_8_lziv_complexity_whole': 空值比例=0.00%, 零值比例=0.00%
2025-07-30 18:26:33 - FeatureEng-20250730_181113 - INFO -     - 'RAW_8_lziv_complexity_diff': 空值比例=0.00%, 零值比例=0.00%
2025-07-30 18:26:33 - FeatureEng-20250730_181113 - INFO -     - 'RAW_8_lziv_complexity_ratio': 空值比例=0.00%, 零值比例=0.00%
2025-07-30 18:26:33 - FeatureEng-20250730_181113 - INFO -     - 'RAW_8_lziv_complexity_contribution_left': 空值比例=0.00%, 零值比例=0.00%
2025-07-30 18:26:33 - FeatureEng-20250730_181113 - INFO -     - 'RAW_8_lziv_complexity_contribution_right': 空值比例=0.00%, 零值比例=0.00%
2025-07-30 18:26:33 - FeatureEng-20250730_181113 - INFO -     - 'RAW_8_lziv_complexity_ratio_to_whole_left': 空值比例=0.00%, 零值比例=0.00%
2025-07-30 18:26:33 - FeatureEng-20250730_181113 - INFO -     - 'RAW_8_lziv_complexity_ratio_to_whole_right': 空值比例=0.00%, 零值比例=0.00%
2025-07-30 18:26:33 - FeatureEng-20250730_181113 - INFO -     - 'RAW_8_cond_entropy_left': 空值比例=0.00%, 零值比例=0.00%
2025-07-30 18:26:33 - FeatureEng-20250730_181113 - INFO -     - 'RAW_8_cond_entropy_right': 空值比例=0.00%, 零值比例=0.00%
2025-07-30 18:26:33 - FeatureEng-20250730_181113 - INFO -     - 'RAW_8_cond_entropy_whole': 空值比例=0.00%, 零值比例=0.00%
2025-07-30 18:26:33 - FeatureEng-20250730_181113 - INFO -     - 'RAW_8_cond_entropy_diff': 空值比例=0.00%, 零值比例=0.00%
2025-07-30 18:26:33 - FeatureEng-20250730_181113 - INFO -     - 'RAW_8_cond_entropy_ratio': 空值比例=0.00%, 零值比例=0.00%
2025-07-30 18:26:33 - FeatureEng-20250730_181113 - INFO -     - 'RAW_8_cond_entropy_contribution_left': 空值比例=0.00%, 零值比例=0.00%
2025-07-30 18:26:33 - FeatureEng-20250730_181113 - INFO -     - 'RAW_8_cond_entropy_contribution_right': 空值比例=0.00%, 零值比例=0.00%
2025-07-30 18:26:33 - FeatureEng-20250730_181113 - INFO -     - 'RAW_8_cond_entropy_ratio_to_whole_left': 空值比例=0.00%, 零值比例=0.00%
2025-07-30 18:26:33 - FeatureEng-20250730_181113 - INFO -     - 'RAW_8_cond_entropy_ratio_to_whole_right': 空值比例=0.00%, 零值比例=0.00%
2025-07-30 18:26:33 - FeatureEng-20250730_181113 - INFO - --- 开始生成特征: fractal_dimension_features ---
2025-07-30 18:26:40 - FeatureEng-20250730_181113 - INFO - 'fractal_dimension_features' 生成完毕，耗时: 6.66 秒。
2025-07-30 18:26:40 - FeatureEng-20250730_181113 - INFO -   新生成特征列名: ['RAW_9_petrosian_fd_left', 'RAW_9_petrosian_fd_right', 'RAW_9_petrosian_fd_whole', 'RAW_9_petrosian_fd_diff', 'RAW_9_petrosian_fd_ratio', 'RAW_9_katz_fd_left', 'RAW_9_katz_fd_right', 'RAW_9_katz_fd_whole', 'RAW_9_katz_fd_diff', 'RAW_9_katz_fd_ratio', 'RAW_9_higuchi_fd_left', 'RAW_9_higuchi_fd_right', 'RAW_9_higuchi_fd_whole', 'RAW_9_higuchi_fd_diff', 'RAW_9_higuchi_fd_ratio', 'RAW_9_detrended_fluctuation_left', 'RAW_9_detrended_fluctuation_right', 'RAW_9_detrended_fluctuation_whole', 'RAW_9_detrended_fluctuation_diff', 'RAW_9_detrended_fluctuation_ratio']
2025-07-30 18:26:40 - FeatureEng-20250730_181113 - INFO -     - 'RAW_9_petrosian_fd_left': 空值比例=0.00%, 零值比例=0.00%
2025-07-30 18:26:40 - FeatureEng-20250730_181113 - INFO -     - 'RAW_9_petrosian_fd_right': 空值比例=0.00%, 零值比例=0.00%
2025-07-30 18:26:40 - FeatureEng-20250730_181113 - INFO -     - 'RAW_9_petrosian_fd_whole': 空值比例=0.00%, 零值比例=0.00%
2025-07-30 18:26:40 - FeatureEng-20250730_181113 - INFO -     - 'RAW_9_petrosian_fd_diff': 空值比例=0.00%, 零值比例=0.00%
2025-07-30 18:26:40 - FeatureEng-20250730_181113 - INFO -     - 'RAW_9_petrosian_fd_ratio': 空值比例=0.00%, 零值比例=0.00%
2025-07-30 18:26:40 - FeatureEng-20250730_181113 - INFO -     - 'RAW_9_katz_fd_left': 空值比例=0.00%, 零值比例=0.00%
2025-07-30 18:26:40 - FeatureEng-20250730_181113 - INFO -     - 'RAW_9_katz_fd_right': 空值比例=0.00%, 零值比例=0.00%
2025-07-30 18:26:40 - FeatureEng-20250730_181113 - INFO -     - 'RAW_9_katz_fd_whole': 空值比例=0.00%, 零值比例=0.00%
2025-07-30 18:26:40 - FeatureEng-20250730_181113 - INFO -     - 'RAW_9_katz_fd_diff': 空值比例=0.00%, 零值比例=0.00%
2025-07-30 18:26:40 - FeatureEng-20250730_181113 - INFO -     - 'RAW_9_katz_fd_ratio': 空值比例=0.00%, 零值比例=0.00%
2025-07-30 18:26:40 - FeatureEng-20250730_181113 - INFO -     - 'RAW_9_higuchi_fd_left': 空值比例=0.00%, 零值比例=0.00%
2025-07-30 18:26:40 - FeatureEng-20250730_181113 - INFO -     - 'RAW_9_higuchi_fd_right': 空值比例=0.00%, 零值比例=0.00%
2025-07-30 18:26:40 - FeatureEng-20250730_181113 - INFO -     - 'RAW_9_higuchi_fd_whole': 空值比例=0.00%, 零值比例=0.00%
2025-07-30 18:26:40 - FeatureEng-20250730_181113 - INFO -     - 'RAW_9_higuchi_fd_diff': 空值比例=0.00%, 零值比例=0.00%
2025-07-30 18:26:40 - FeatureEng-20250730_181113 - INFO -     - 'RAW_9_higuchi_fd_ratio': 空值比例=0.00%, 零值比例=0.00%
2025-07-30 18:26:40 - FeatureEng-20250730_181113 - INFO -     - 'RAW_9_detrended_fluctuation_left': 空值比例=0.00%, 零值比例=0.00%
2025-07-30 18:26:40 - FeatureEng-20250730_181113 - INFO -     - 'RAW_9_detrended_fluctuation_right': 空值比例=0.00%, 零值比例=0.00%
2025-07-30 18:26:40 - FeatureEng-20250730_181113 - INFO -     - 'RAW_9_detrended_fluctuation_whole': 空值比例=0.00%, 零值比例=0.00%
2025-07-30 18:26:40 - FeatureEng-20250730_181113 - INFO -     - 'RAW_9_detrended_fluctuation_diff': 空值比例=0.00%, 零值比例=0.00%
2025-07-30 18:26:40 - FeatureEng-20250730_181113 - INFO -     - 'RAW_9_detrended_fluctuation_ratio': 空值比例=0.00%, 零值比例=0.00%
2025-07-30 18:26:40 - FeatureEng-20250730_181113 - INFO - 数据ID '0' 特征生成完成，最终特征数: 411
2025-07-30 18:26:41 - FeatureEng-20250730_181113 - INFO - 特征已保存到新文件: features_20250730_182640.parquet
2025-07-30 18:26:41 - FeatureEng-20250730_181113 - INFO - --- 生成后完整特征统计 ---
2025-07-30 18:26:41 - FeatureEng-20250730_181113 - INFO - 数据ID '0': 411 个特征
2025-07-30 18:26:41 - FeatureEng-20250730_181113 - INFO -   特征列表: ['RAW_1_stats_mean_left', 'RAW_1_stats_mean_right', 'RAW_1_stats_mean_whole', 'RAW_1_stats_mean_diff', 'RAW_1_stats_mean_ratio', 'RAW_1_stats_mean_contribution_left', 'RAW_1_stats_mean_contribution_right', 'RAW_1_stats_mean_ratio_to_whole_left', 'RAW_1_stats_mean_ratio_to_whole_right', 'RAW_1_stats_median_left']...
2025-07-30 18:26:41 - FeatureEng-20250730_181113 - INFO - -----------------------------
2025-07-30 18:26:41 - FeatureEng-20250730_181113 - INFO - === 特征生成完成统计 ===
2025-07-30 18:26:41 - FeatureEng-20250730_181113 - INFO - 数据ID '0': 0 -> 411 个特征 (+411)
2025-07-30 18:26:41 - FeatureEng-20250730_181113 - INFO - 生成/更新完成。新文件: features_20250730_182640.parquet
