2025-08-25 20:40:20 - FeatureEng-20250825_204020 - INFO - ========== Running Command: gen-feats ==========
2025-08-25 20:40:20 - FeatureEng-20250825_204020 - INFO - Args: {'command': 'gen-feats', 'funcs': ['fin_domin_features', 'bio_domin_features'], 'trans': None, 'base_file': None}
2025-08-25 20:40:20 - FeatureEng-20250825_204020 - INFO - =======================================
2025-08-25 20:40:20 - FeatureEng-20250825_204020 - INFO - Loading data...
2025-08-25 20:40:21 - FeatureEng-20250825_204020 - INFO - Original data loaded successfully.
2025-08-25 20:40:21 - FeatureEng-20250825_204020 - INFO - X_train shape: (23715734, 2)
2025-08-25 20:40:21 - FeatureEng-20250825_204020 - INFO - X_train type: <class 'pandas.core.frame.DataFrame'>
2025-08-25 20:40:21 - FeatureEng-20250825_204020 - INFO - y_train shape: (10001, 1)
2025-08-25 20:40:21 - FeatureEng-20250825_204020 - INFO - y_train type: <class 'pandas.core.frame.DataFrame'>
2025-08-25 20:40:21 - FeatureEng-20250825_204020 - INFO - Loading enhancement data with IDs: ['0']
2025-08-25 20:40:21 - FeatureEng-20250825_204020 - INFO - Total datasets loaded: 1
2025-08-25 20:40:21 - FeatureEng-20250825_204020 - INFO - Dataset 0: X shape (23715734, 2), y shape (10001, 1)
2025-08-25 20:40:21 - FeatureEng-20250825_204020 - INFO - 输入为字典格式，包含数据ID: ['0']
2025-08-25 20:40:21 - FeatureEng-20250825_204020 - INFO - 将基于特征文件进行更新: features_20250820_215440_id_0.parquet
2025-08-25 20:40:22 - FeatureEng-20250825_204020 - INFO - 基础特征字典包含数据ID: ['0']
2025-08-25 20:40:22 - FeatureEng-20250825_204020 - INFO -   数据ID '0': (10001, 5535)
2025-08-25 20:40:22 - FeatureEng-20250825_204020 - INFO - === 开始为数据ID '0' 生成特征 ===
2025-08-25 20:40:22 - FeatureEng-20250825_204020 - INFO - --- 开始时序分解（数据ID: 0） ---
2025-08-25 20:40:22 - FeatureEng-20250825_204020 - INFO - --- 开始应用变换函数: no_transformation ---
2025-08-25 20:40:22 - FeatureEng-20250825_204020 - INFO - 'no_transformation' 变换完毕，耗时: 0.00 秒，生成模态: ['RAW']
2025-08-25 20:40:22 - FeatureEng-20250825_204020 - INFO - --- 开始应用变换函数: cumsum_transformation ---
2025-08-25 20:40:28 - FeatureEng-20250825_204020 - INFO - 'cumsum_transformation' 变换完毕，耗时: 6.08 秒，生成模态: ['CUMSUM']
2025-08-25 20:40:28 - FeatureEng-20250825_204020 - INFO - --- 开始应用变换函数: diff_transformation ---
2025-08-25 20:40:34 - FeatureEng-20250825_204020 - INFO - 'diff_transformation' 变换完毕，耗时: 5.78 秒，生成模态: ['DIFF']
2025-08-25 20:40:34 - FeatureEng-20250825_204020 - INFO - 分解完成，共生成 3 个模态: ['RAW', 'CUMSUM', 'DIFF']
2025-08-25 20:40:34 - FeatureEng-20250825_204020 - INFO - === 开始为数据ID '0' 的模态 'RAW' 生成特征 ===
2025-08-25 20:40:34 - FeatureEng-20250825_204020 - INFO - --- 开始生成特征: fin_domin_features ---
2025-08-25 20:41:01 - FeatureEng-20250825_204020 - INFO - 'fin_domin_features' 生成完毕，耗时: 27.25 秒。
2025-08-25 20:41:01 - FeatureEng-20250825_204020 - INFO -   新生成特征列名: ['RAW_11_fin_rsi_left', 'RAW_11_fin_bb_width_left', 'RAW_11_fin_bb_position_left', 'RAW_11_fin_bb_volatility_left', 'RAW_11_fin_macd_left', 'RAW_11_fin_macd_signal_left', 'RAW_11_fin_macd_histogram_left', 'RAW_11_fin_historical_vol_left', 'RAW_11_fin_downside_vol_left', 'RAW_11_fin_max_drawdown_left', 'RAW_11_fin_var_95_left', 'RAW_11_fin_momentum_5_left', 'RAW_11_fin_momentum_10_left', 'RAW_11_fin_momentum_osc_left', 'RAW_11_fin_resistance_ratio_left', 'RAW_11_fin_support_ratio_left', 'RAW_11_fin_rsi_right', 'RAW_11_fin_bb_width_right', 'RAW_11_fin_bb_position_right', 'RAW_11_fin_bb_volatility_right', 'RAW_11_fin_macd_right', 'RAW_11_fin_macd_signal_right', 'RAW_11_fin_macd_histogram_right', 'RAW_11_fin_historical_vol_right', 'RAW_11_fin_downside_vol_right', 'RAW_11_fin_max_drawdown_right', 'RAW_11_fin_var_95_right', 'RAW_11_fin_momentum_5_right', 'RAW_11_fin_momentum_10_right', 'RAW_11_fin_momentum_osc_right', 'RAW_11_fin_resistance_ratio_right', 'RAW_11_fin_support_ratio_right', 'RAW_11_fin_rsi_whole', 'RAW_11_fin_bb_width_whole', 'RAW_11_fin_bb_position_whole', 'RAW_11_fin_bb_volatility_whole', 'RAW_11_fin_macd_whole', 'RAW_11_fin_macd_signal_whole', 'RAW_11_fin_macd_histogram_whole', 'RAW_11_fin_historical_vol_whole', 'RAW_11_fin_downside_vol_whole', 'RAW_11_fin_max_drawdown_whole', 'RAW_11_fin_var_95_whole', 'RAW_11_fin_momentum_5_whole', 'RAW_11_fin_momentum_10_whole', 'RAW_11_fin_momentum_osc_whole', 'RAW_11_fin_resistance_ratio_whole', 'RAW_11_fin_support_ratio_whole']
2025-08-25 20:41:01 - FeatureEng-20250825_204020 - INFO -     - 'RAW_11_fin_rsi_left': 空值比例=0.00%, 零值比例=0.00%
2025-08-25 20:41:01 - FeatureEng-20250825_204020 - INFO -     - 'RAW_11_fin_bb_width_left': 空值比例=0.00%, 零值比例=0.00%
2025-08-25 20:41:01 - FeatureEng-20250825_204020 - INFO -     - 'RAW_11_fin_bb_position_left': 空值比例=0.00%, 零值比例=0.00%
2025-08-25 20:41:01 - FeatureEng-20250825_204020 - INFO -     - 'RAW_11_fin_bb_volatility_left': 空值比例=0.00%, 零值比例=0.00%
2025-08-25 20:41:01 - FeatureEng-20250825_204020 - INFO -     - 'RAW_11_fin_macd_left': 空值比例=0.00%, 零值比例=0.00%
2025-08-25 20:41:01 - FeatureEng-20250825_204020 - INFO -     - 'RAW_11_fin_macd_signal_left': 空值比例=0.00%, 零值比例=0.00%
2025-08-25 20:41:01 - FeatureEng-20250825_204020 - INFO -     - 'RAW_11_fin_macd_histogram_left': 空值比例=0.00%, 零值比例=0.00%
2025-08-25 20:41:01 - FeatureEng-20250825_204020 - INFO -     - 'RAW_11_fin_historical_vol_left': 空值比例=0.00%, 零值比例=0.00%
2025-08-25 20:41:01 - FeatureEng-20250825_204020 - INFO -     - 'RAW_11_fin_downside_vol_left': 空值比例=0.00%, 零值比例=0.00%
2025-08-25 20:41:01 - FeatureEng-20250825_204020 - INFO -     - 'RAW_11_fin_max_drawdown_left': 空值比例=0.00%, 零值比例=0.02%
2025-08-25 20:41:01 - FeatureEng-20250825_204020 - INFO -     - 'RAW_11_fin_var_95_left': 空值比例=0.00%, 零值比例=0.00%
2025-08-25 20:41:01 - FeatureEng-20250825_204020 - INFO -     - 'RAW_11_fin_momentum_5_left': 空值比例=0.00%, 零值比例=0.05%
2025-08-25 20:41:01 - FeatureEng-20250825_204020 - INFO -     - 'RAW_11_fin_momentum_10_left': 空值比例=0.00%, 零值比例=0.03%
2025-08-25 20:41:01 - FeatureEng-20250825_204020 - INFO -     - 'RAW_11_fin_momentum_osc_left': 空值比例=0.00%, 零值比例=4.96%
2025-08-25 20:41:01 - FeatureEng-20250825_204020 - INFO -     - 'RAW_11_fin_resistance_ratio_left': 空值比例=0.00%, 零值比例=9.72%
2025-08-25 20:41:01 - FeatureEng-20250825_204020 - INFO -     - 'RAW_11_fin_support_ratio_left': 空值比例=0.00%, 零值比例=10.04%
2025-08-25 20:41:01 - FeatureEng-20250825_204020 - INFO -     - 'RAW_11_fin_rsi_right': 空值比例=0.00%, 零值比例=0.00%
2025-08-25 20:41:01 - FeatureEng-20250825_204020 - INFO -     - 'RAW_11_fin_bb_width_right': 空值比例=0.00%, 零值比例=0.00%
2025-08-25 20:41:01 - FeatureEng-20250825_204020 - INFO -     - 'RAW_11_fin_bb_position_right': 空值比例=0.00%, 零值比例=0.00%
2025-08-25 20:41:01 - FeatureEng-20250825_204020 - INFO -     - 'RAW_11_fin_bb_volatility_right': 空值比例=0.00%, 零值比例=0.00%
2025-08-25 20:41:01 - FeatureEng-20250825_204020 - INFO -     - 'RAW_11_fin_macd_right': 空值比例=0.00%, 零值比例=0.00%
2025-08-25 20:41:01 - FeatureEng-20250825_204020 - INFO -     - 'RAW_11_fin_macd_signal_right': 空值比例=0.00%, 零值比例=0.00%
2025-08-25 20:41:01 - FeatureEng-20250825_204020 - INFO -     - 'RAW_11_fin_macd_histogram_right': 空值比例=0.00%, 零值比例=0.00%
2025-08-25 20:41:01 - FeatureEng-20250825_204020 - INFO -     - 'RAW_11_fin_historical_vol_right': 空值比例=0.00%, 零值比例=0.00%
2025-08-25 20:41:01 - FeatureEng-20250825_204020 - INFO -     - 'RAW_11_fin_downside_vol_right': 空值比例=0.00%, 零值比例=0.00%
2025-08-25 20:41:01 - FeatureEng-20250825_204020 - INFO -     - 'RAW_11_fin_max_drawdown_right': 空值比例=0.00%, 零值比例=0.00%
2025-08-25 20:41:01 - FeatureEng-20250825_204020 - INFO -     - 'RAW_11_fin_var_95_right': 空值比例=0.00%, 零值比例=0.00%
2025-08-25 20:41:01 - FeatureEng-20250825_204020 - INFO -     - 'RAW_11_fin_momentum_5_right': 空值比例=0.00%, 零值比例=0.03%
2025-08-25 20:41:01 - FeatureEng-20250825_204020 - INFO -     - 'RAW_11_fin_momentum_10_right': 空值比例=0.00%, 零值比例=0.04%
2025-08-25 20:41:01 - FeatureEng-20250825_204020 - INFO -     - 'RAW_11_fin_momentum_osc_right': 空值比例=0.00%, 零值比例=5.45%
2025-08-25 20:41:01 - FeatureEng-20250825_204020 - INFO -     - 'RAW_11_fin_resistance_ratio_right': 空值比例=0.00%, 零值比例=9.72%
2025-08-25 20:41:01 - FeatureEng-20250825_204020 - INFO -     - 'RAW_11_fin_support_ratio_right': 空值比例=0.00%, 零值比例=10.65%
2025-08-25 20:41:01 - FeatureEng-20250825_204020 - INFO -     - 'RAW_11_fin_rsi_whole': 空值比例=0.00%, 零值比例=0.00%
2025-08-25 20:41:01 - FeatureEng-20250825_204020 - INFO -     - 'RAW_11_fin_bb_width_whole': 空值比例=0.00%, 零值比例=0.00%
2025-08-25 20:41:01 - FeatureEng-20250825_204020 - INFO -     - 'RAW_11_fin_bb_position_whole': 空值比例=0.00%, 零值比例=0.00%
2025-08-25 20:41:01 - FeatureEng-20250825_204020 - INFO -     - 'RAW_11_fin_bb_volatility_whole': 空值比例=0.00%, 零值比例=0.00%
2025-08-25 20:41:01 - FeatureEng-20250825_204020 - INFO -     - 'RAW_11_fin_macd_whole': 空值比例=0.00%, 零值比例=0.00%
2025-08-25 20:41:01 - FeatureEng-20250825_204020 - INFO -     - 'RAW_11_fin_macd_signal_whole': 空值比例=0.00%, 零值比例=0.00%
2025-08-25 20:41:01 - FeatureEng-20250825_204020 - INFO -     - 'RAW_11_fin_macd_histogram_whole': 空值比例=0.00%, 零值比例=0.00%
2025-08-25 20:41:01 - FeatureEng-20250825_204020 - INFO -     - 'RAW_11_fin_historical_vol_whole': 空值比例=0.00%, 零值比例=0.00%
2025-08-25 20:41:01 - FeatureEng-20250825_204020 - INFO -     - 'RAW_11_fin_downside_vol_whole': 空值比例=0.00%, 零值比例=0.00%
2025-08-25 20:41:01 - FeatureEng-20250825_204020 - INFO -     - 'RAW_11_fin_max_drawdown_whole': 空值比例=0.00%, 零值比例=0.02%
2025-08-25 20:41:01 - FeatureEng-20250825_204020 - INFO -     - 'RAW_11_fin_var_95_whole': 空值比例=0.00%, 零值比例=0.00%
2025-08-25 20:41:01 - FeatureEng-20250825_204020 - INFO -     - 'RAW_11_fin_momentum_5_whole': 空值比例=0.00%, 零值比例=0.03%
2025-08-25 20:41:01 - FeatureEng-20250825_204020 - INFO -     - 'RAW_11_fin_momentum_10_whole': 空值比例=0.00%, 零值比例=0.04%
2025-08-25 20:41:01 - FeatureEng-20250825_204020 - INFO -     - 'RAW_11_fin_momentum_osc_whole': 空值比例=0.00%, 零值比例=5.45%
2025-08-25 20:41:01 - FeatureEng-20250825_204020 - INFO -     - 'RAW_11_fin_resistance_ratio_whole': 空值比例=0.00%, 零值比例=9.72%
2025-08-25 20:41:01 - FeatureEng-20250825_204020 - INFO -     - 'RAW_11_fin_support_ratio_whole': 空值比例=0.00%, 零值比例=10.65%
2025-08-25 20:41:02 - FeatureEng-20250825_204020 - INFO - --- 开始生成特征: bio_domin_features ---
2025-08-25 20:41:08 - FeatureEng-20250825_204020 - INFO - 'bio_domin_features' 生成完毕，耗时: 6.51 秒。
2025-08-25 20:41:08 - FeatureEng-20250825_204020 - INFO -   新生成特征列名: ['RAW_12_bio_hrv_rmssd_left', 'RAW_12_bio_hrv_pnn50_left', 'RAW_12_bio_hrv_sdnn_left', 'RAW_12_bio_hrv_triangular_index_left', 'RAW_12_bio_hrv_index_left', 'RAW_12_bio_eeg_delta_left', 'RAW_12_bio_eeg_theta_left', 'RAW_12_bio_eeg_alpha_left', 'RAW_12_bio_eeg_beta_left', 'RAW_12_bio_emg_rms_left', 'RAW_12_bio_emg_mav_left', 'RAW_12_bio_emg_zcr_left', 'RAW_12_bio_emg_wl_left', 'RAW_12_bio_respiratory_rate_left', 'RAW_12_bio_breath_depth_var_left', 'RAW_12_bio_breath_irregularity_left', 'RAW_12_bio_apnea_ratio_left', 'RAW_12_bio_circadian_strength_left', 'RAW_12_bio_peak_time_left', 'RAW_12_bio_day_night_ratio_left', 'RAW_12_bio_hrv_rmssd_right', 'RAW_12_bio_hrv_pnn50_right', 'RAW_12_bio_hrv_sdnn_right', 'RAW_12_bio_hrv_triangular_index_right', 'RAW_12_bio_hrv_index_right', 'RAW_12_bio_eeg_delta_right', 'RAW_12_bio_eeg_theta_right', 'RAW_12_bio_eeg_alpha_right', 'RAW_12_bio_eeg_beta_right', 'RAW_12_bio_emg_rms_right', 'RAW_12_bio_emg_mav_right', 'RAW_12_bio_emg_zcr_right', 'RAW_12_bio_emg_wl_right', 'RAW_12_bio_respiratory_rate_right', 'RAW_12_bio_breath_depth_var_right', 'RAW_12_bio_breath_irregularity_right', 'RAW_12_bio_apnea_ratio_right', 'RAW_12_bio_circadian_strength_right', 'RAW_12_bio_peak_time_right', 'RAW_12_bio_day_night_ratio_right', 'RAW_12_bio_hrv_rmssd_whole', 'RAW_12_bio_hrv_pnn50_whole', 'RAW_12_bio_hrv_sdnn_whole', 'RAW_12_bio_hrv_triangular_index_whole', 'RAW_12_bio_hrv_index_whole', 'RAW_12_bio_eeg_delta_whole', 'RAW_12_bio_eeg_theta_whole', 'RAW_12_bio_eeg_alpha_whole', 'RAW_12_bio_eeg_beta_whole', 'RAW_12_bio_emg_rms_whole', 'RAW_12_bio_emg_mav_whole', 'RAW_12_bio_emg_zcr_whole', 'RAW_12_bio_emg_wl_whole', 'RAW_12_bio_respiratory_rate_whole', 'RAW_12_bio_breath_depth_var_whole', 'RAW_12_bio_breath_irregularity_whole', 'RAW_12_bio_apnea_ratio_whole', 'RAW_12_bio_circadian_strength_whole', 'RAW_12_bio_peak_time_whole', 'RAW_12_bio_day_night_ratio_whole']
2025-08-25 20:41:08 - FeatureEng-20250825_204020 - INFO -     - 'RAW_12_bio_hrv_rmssd_left': 空值比例=0.00%, 零值比例=0.00%
2025-08-25 20:41:08 - FeatureEng-20250825_204020 - INFO -     - 'RAW_12_bio_hrv_pnn50_left': 空值比例=0.00%, 零值比例=0.00%
2025-08-25 20:41:08 - FeatureEng-20250825_204020 - INFO -     - 'RAW_12_bio_hrv_sdnn_left': 空值比例=0.00%, 零值比例=0.00%
2025-08-25 20:41:08 - FeatureEng-20250825_204020 - INFO -     - 'RAW_12_bio_hrv_triangular_index_left': 空值比例=0.00%, 零值比例=0.00%
2025-08-25 20:41:08 - FeatureEng-20250825_204020 - INFO -     - 'RAW_12_bio_hrv_index_left': 空值比例=0.00%, 零值比例=0.00%
2025-08-25 20:41:08 - FeatureEng-20250825_204020 - INFO -     - 'RAW_12_bio_eeg_delta_left': 空值比例=0.00%, 零值比例=0.00%
2025-08-25 20:41:08 - FeatureEng-20250825_204020 - INFO -     - 'RAW_12_bio_eeg_theta_left': 空值比例=0.00%, 零值比例=0.00%
2025-08-25 20:41:08 - FeatureEng-20250825_204020 - INFO -     - 'RAW_12_bio_eeg_alpha_left': 空值比例=0.00%, 零值比例=0.00%
2025-08-25 20:41:08 - FeatureEng-20250825_204020 - INFO -     - 'RAW_12_bio_eeg_beta_left': 空值比例=0.00%, 零值比例=0.00%
2025-08-25 20:41:08 - FeatureEng-20250825_204020 - INFO -     - 'RAW_12_bio_emg_rms_left': 空值比例=0.00%, 零值比例=0.00%
2025-08-25 20:41:08 - FeatureEng-20250825_204020 - INFO -     - 'RAW_12_bio_emg_mav_left': 空值比例=0.00%, 零值比例=0.00%
2025-08-25 20:41:08 - FeatureEng-20250825_204020 - INFO -     - 'RAW_12_bio_emg_zcr_left': 空值比例=0.00%, 零值比例=0.00%
2025-08-25 20:41:08 - FeatureEng-20250825_204020 - INFO -     - 'RAW_12_bio_emg_wl_left': 空值比例=0.00%, 零值比例=0.00%
2025-08-25 20:41:08 - FeatureEng-20250825_204020 - INFO -     - 'RAW_12_bio_respiratory_rate_left': 空值比例=0.00%, 零值比例=0.00%
2025-08-25 20:41:08 - FeatureEng-20250825_204020 - INFO -     - 'RAW_12_bio_breath_depth_var_left': 空值比例=0.00%, 零值比例=0.00%
2025-08-25 20:41:08 - FeatureEng-20250825_204020 - INFO -     - 'RAW_12_bio_breath_irregularity_left': 空值比例=0.00%, 零值比例=0.00%
2025-08-25 20:41:08 - FeatureEng-20250825_204020 - INFO -     - 'RAW_12_bio_apnea_ratio_left': 空值比例=0.00%, 零值比例=1.84%
2025-08-25 20:41:08 - FeatureEng-20250825_204020 - INFO -     - 'RAW_12_bio_circadian_strength_left': 空值比例=0.00%, 零值比例=0.00%
2025-08-25 20:41:08 - FeatureEng-20250825_204020 - INFO -     - 'RAW_12_bio_peak_time_left': 空值比例=0.00%, 零值比例=4.48%
2025-08-25 20:41:08 - FeatureEng-20250825_204020 - INFO -     - 'RAW_12_bio_day_night_ratio_left': 空值比例=0.00%, 零值比例=0.00%
2025-08-25 20:41:08 - FeatureEng-20250825_204020 - INFO -     - 'RAW_12_bio_hrv_rmssd_right': 空值比例=0.00%, 零值比例=0.00%
2025-08-25 20:41:08 - FeatureEng-20250825_204020 - INFO -     - 'RAW_12_bio_hrv_pnn50_right': 空值比例=0.00%, 零值比例=0.00%
2025-08-25 20:41:08 - FeatureEng-20250825_204020 - INFO -     - 'RAW_12_bio_hrv_sdnn_right': 空值比例=0.00%, 零值比例=0.00%
2025-08-25 20:41:08 - FeatureEng-20250825_204020 - INFO -     - 'RAW_12_bio_hrv_triangular_index_right': 空值比例=0.00%, 零值比例=0.00%
2025-08-25 20:41:08 - FeatureEng-20250825_204020 - INFO -     - 'RAW_12_bio_hrv_index_right': 空值比例=0.00%, 零值比例=0.00%
2025-08-25 20:41:08 - FeatureEng-20250825_204020 - INFO -     - 'RAW_12_bio_eeg_delta_right': 空值比例=0.00%, 零值比例=0.00%
2025-08-25 20:41:08 - FeatureEng-20250825_204020 - INFO -     - 'RAW_12_bio_eeg_theta_right': 空值比例=0.00%, 零值比例=0.00%
2025-08-25 20:41:08 - FeatureEng-20250825_204020 - INFO -     - 'RAW_12_bio_eeg_alpha_right': 空值比例=0.00%, 零值比例=0.00%
2025-08-25 20:41:08 - FeatureEng-20250825_204020 - INFO -     - 'RAW_12_bio_eeg_beta_right': 空值比例=0.00%, 零值比例=0.00%
2025-08-25 20:41:08 - FeatureEng-20250825_204020 - INFO -     - 'RAW_12_bio_emg_rms_right': 空值比例=0.00%, 零值比例=0.00%
2025-08-25 20:41:08 - FeatureEng-20250825_204020 - INFO -     - 'RAW_12_bio_emg_mav_right': 空值比例=0.00%, 零值比例=0.00%
2025-08-25 20:41:08 - FeatureEng-20250825_204020 - INFO -     - 'RAW_12_bio_emg_zcr_right': 空值比例=0.00%, 零值比例=0.00%
2025-08-25 20:41:08 - FeatureEng-20250825_204020 - INFO -     - 'RAW_12_bio_emg_wl_right': 空值比例=0.00%, 零值比例=0.00%
2025-08-25 20:41:08 - FeatureEng-20250825_204020 - INFO -     - 'RAW_12_bio_respiratory_rate_right': 空值比例=0.00%, 零值比例=0.00%
2025-08-25 20:41:08 - FeatureEng-20250825_204020 - INFO -     - 'RAW_12_bio_breath_depth_var_right': 空值比例=0.00%, 零值比例=0.00%
2025-08-25 20:41:08 - FeatureEng-20250825_204020 - INFO -     - 'RAW_12_bio_breath_irregularity_right': 空值比例=0.00%, 零值比例=0.00%
2025-08-25 20:41:08 - FeatureEng-20250825_204020 - INFO -     - 'RAW_12_bio_apnea_ratio_right': 空值比例=0.00%, 零值比例=4.85%
2025-08-25 20:41:08 - FeatureEng-20250825_204020 - INFO -     - 'RAW_12_bio_circadian_strength_right': 空值比例=0.00%, 零值比例=0.00%
2025-08-25 20:41:08 - FeatureEng-20250825_204020 - INFO -     - 'RAW_12_bio_peak_time_right': 空值比例=0.00%, 零值比例=4.31%
2025-08-25 20:41:08 - FeatureEng-20250825_204020 - INFO -     - 'RAW_12_bio_day_night_ratio_right': 空值比例=0.00%, 零值比例=0.00%
2025-08-25 20:41:08 - FeatureEng-20250825_204020 - INFO -     - 'RAW_12_bio_hrv_rmssd_whole': 空值比例=0.00%, 零值比例=0.00%
2025-08-25 20:41:08 - FeatureEng-20250825_204020 - INFO -     - 'RAW_12_bio_hrv_pnn50_whole': 空值比例=0.00%, 零值比例=0.00%
2025-08-25 20:41:08 - FeatureEng-20250825_204020 - INFO -     - 'RAW_12_bio_hrv_sdnn_whole': 空值比例=0.00%, 零值比例=0.00%
2025-08-25 20:41:08 - FeatureEng-20250825_204020 - INFO -     - 'RAW_12_bio_hrv_triangular_index_whole': 空值比例=0.00%, 零值比例=0.00%
2025-08-25 20:41:08 - FeatureEng-20250825_204020 - INFO -     - 'RAW_12_bio_hrv_index_whole': 空值比例=0.00%, 零值比例=0.00%
2025-08-25 20:41:08 - FeatureEng-20250825_204020 - INFO -     - 'RAW_12_bio_eeg_delta_whole': 空值比例=0.00%, 零值比例=0.00%
2025-08-25 20:41:08 - FeatureEng-20250825_204020 - INFO -     - 'RAW_12_bio_eeg_theta_whole': 空值比例=0.00%, 零值比例=0.00%
2025-08-25 20:41:08 - FeatureEng-20250825_204020 - INFO -     - 'RAW_12_bio_eeg_alpha_whole': 空值比例=0.00%, 零值比例=0.00%
2025-08-25 20:41:08 - FeatureEng-20250825_204020 - INFO -     - 'RAW_12_bio_eeg_beta_whole': 空值比例=0.00%, 零值比例=0.00%
2025-08-25 20:41:08 - FeatureEng-20250825_204020 - INFO -     - 'RAW_12_bio_emg_rms_whole': 空值比例=0.00%, 零值比例=0.00%
2025-08-25 20:41:08 - FeatureEng-20250825_204020 - INFO -     - 'RAW_12_bio_emg_mav_whole': 空值比例=0.00%, 零值比例=0.00%
2025-08-25 20:41:08 - FeatureEng-20250825_204020 - INFO -     - 'RAW_12_bio_emg_zcr_whole': 空值比例=0.00%, 零值比例=0.00%
2025-08-25 20:41:08 - FeatureEng-20250825_204020 - INFO -     - 'RAW_12_bio_emg_wl_whole': 空值比例=0.00%, 零值比例=0.00%
2025-08-25 20:41:08 - FeatureEng-20250825_204020 - INFO -     - 'RAW_12_bio_respiratory_rate_whole': 空值比例=0.00%, 零值比例=0.00%
2025-08-25 20:41:08 - FeatureEng-20250825_204020 - INFO -     - 'RAW_12_bio_breath_depth_var_whole': 空值比例=0.00%, 零值比例=0.00%
2025-08-25 20:41:08 - FeatureEng-20250825_204020 - INFO -     - 'RAW_12_bio_breath_irregularity_whole': 空值比例=0.00%, 零值比例=0.00%
2025-08-25 20:41:08 - FeatureEng-20250825_204020 - INFO -     - 'RAW_12_bio_apnea_ratio_whole': 空值比例=0.00%, 零值比例=0.66%
2025-08-25 20:41:08 - FeatureEng-20250825_204020 - INFO -     - 'RAW_12_bio_circadian_strength_whole': 空值比例=0.00%, 零值比例=0.00%
2025-08-25 20:41:08 - FeatureEng-20250825_204020 - INFO -     - 'RAW_12_bio_peak_time_whole': 空值比例=0.00%, 零值比例=4.50%
2025-08-25 20:41:08 - FeatureEng-20250825_204020 - INFO -     - 'RAW_12_bio_day_night_ratio_whole': 空值比例=0.00%, 零值比例=0.00%
2025-08-25 20:41:09 - FeatureEng-20250825_204020 - INFO - === 开始为数据ID '0' 的模态 'CUMSUM' 生成特征 ===
2025-08-25 20:41:09 - FeatureEng-20250825_204020 - INFO - --- 开始生成特征: fin_domin_features ---
2025-08-25 20:41:17 - FeatureEng-20250825_204020 - INFO - 'fin_domin_features' 生成完毕，耗时: 7.70 秒。
2025-08-25 20:41:17 - FeatureEng-20250825_204020 - INFO -   新生成特征列名: ['CUMSUM_11_fin_rsi_left', 'CUMSUM_11_fin_bb_width_left', 'CUMSUM_11_fin_bb_position_left', 'CUMSUM_11_fin_bb_volatility_left', 'CUMSUM_11_fin_macd_left', 'CUMSUM_11_fin_macd_signal_left', 'CUMSUM_11_fin_macd_histogram_left', 'CUMSUM_11_fin_historical_vol_left', 'CUMSUM_11_fin_downside_vol_left', 'CUMSUM_11_fin_max_drawdown_left', 'CUMSUM_11_fin_var_95_left', 'CUMSUM_11_fin_momentum_5_left', 'CUMSUM_11_fin_momentum_10_left', 'CUMSUM_11_fin_momentum_osc_left', 'CUMSUM_11_fin_resistance_ratio_left', 'CUMSUM_11_fin_support_ratio_left', 'CUMSUM_11_fin_rsi_right', 'CUMSUM_11_fin_bb_width_right', 'CUMSUM_11_fin_bb_position_right', 'CUMSUM_11_fin_bb_volatility_right', 'CUMSUM_11_fin_macd_right', 'CUMSUM_11_fin_macd_signal_right', 'CUMSUM_11_fin_macd_histogram_right', 'CUMSUM_11_fin_historical_vol_right', 'CUMSUM_11_fin_downside_vol_right', 'CUMSUM_11_fin_max_drawdown_right', 'CUMSUM_11_fin_var_95_right', 'CUMSUM_11_fin_momentum_5_right', 'CUMSUM_11_fin_momentum_10_right', 'CUMSUM_11_fin_momentum_osc_right', 'CUMSUM_11_fin_resistance_ratio_right', 'CUMSUM_11_fin_support_ratio_right', 'CUMSUM_11_fin_rsi_whole', 'CUMSUM_11_fin_bb_width_whole', 'CUMSUM_11_fin_bb_position_whole', 'CUMSUM_11_fin_bb_volatility_whole', 'CUMSUM_11_fin_macd_whole', 'CUMSUM_11_fin_macd_signal_whole', 'CUMSUM_11_fin_macd_histogram_whole', 'CUMSUM_11_fin_historical_vol_whole', 'CUMSUM_11_fin_downside_vol_whole', 'CUMSUM_11_fin_max_drawdown_whole', 'CUMSUM_11_fin_var_95_whole', 'CUMSUM_11_fin_momentum_5_whole', 'CUMSUM_11_fin_momentum_10_whole', 'CUMSUM_11_fin_momentum_osc_whole', 'CUMSUM_11_fin_resistance_ratio_whole', 'CUMSUM_11_fin_support_ratio_whole']
2025-08-25 20:41:17 - FeatureEng-20250825_204020 - INFO -     - 'CUMSUM_11_fin_rsi_left': 空值比例=0.00%, 零值比例=0.01%
2025-08-25 20:41:17 - FeatureEng-20250825_204020 - INFO -     - 'CUMSUM_11_fin_bb_width_left': 空值比例=0.00%, 零值比例=0.00%
2025-08-25 20:41:17 - FeatureEng-20250825_204020 - INFO -     - 'CUMSUM_11_fin_bb_position_left': 空值比例=0.00%, 零值比例=0.00%
2025-08-25 20:41:17 - FeatureEng-20250825_204020 - INFO -     - 'CUMSUM_11_fin_bb_volatility_left': 空值比例=0.00%, 零值比例=0.00%
2025-08-25 20:41:17 - FeatureEng-20250825_204020 - INFO -     - 'CUMSUM_11_fin_macd_left': 空值比例=0.00%, 零值比例=0.00%
2025-08-25 20:41:17 - FeatureEng-20250825_204020 - INFO -     - 'CUMSUM_11_fin_macd_signal_left': 空值比例=0.00%, 零值比例=0.00%
2025-08-25 20:41:17 - FeatureEng-20250825_204020 - INFO -     - 'CUMSUM_11_fin_macd_histogram_left': 空值比例=0.00%, 零值比例=0.00%
2025-08-25 20:41:17 - FeatureEng-20250825_204020 - INFO -     - 'CUMSUM_11_fin_historical_vol_left': 空值比例=0.00%, 零值比例=0.00%
2025-08-25 20:41:17 - FeatureEng-20250825_204020 - INFO -     - 'CUMSUM_11_fin_downside_vol_left': 空值比例=0.00%, 零值比例=0.00%
2025-08-25 20:41:17 - FeatureEng-20250825_204020 - INFO -     - 'CUMSUM_11_fin_max_drawdown_left': 空值比例=0.00%, 零值比例=0.79%
2025-08-25 20:41:17 - FeatureEng-20250825_204020 - INFO -     - 'CUMSUM_11_fin_var_95_left': 空值比例=0.00%, 零值比例=0.00%
2025-08-25 20:41:17 - FeatureEng-20250825_204020 - INFO -     - 'CUMSUM_11_fin_momentum_5_left': 空值比例=0.00%, 零值比例=0.00%
2025-08-25 20:41:17 - FeatureEng-20250825_204020 - INFO -     - 'CUMSUM_11_fin_momentum_10_left': 空值比例=0.00%, 零值比例=0.00%
2025-08-25 20:41:17 - FeatureEng-20250825_204020 - INFO -     - 'CUMSUM_11_fin_momentum_osc_left': 空值比例=0.00%, 零值比例=9.64%
2025-08-25 20:41:17 - FeatureEng-20250825_204020 - INFO -     - 'CUMSUM_11_fin_resistance_ratio_left': 空值比例=0.00%, 零值比例=20.90%
2025-08-25 20:41:17 - FeatureEng-20250825_204020 - INFO -     - 'CUMSUM_11_fin_support_ratio_left': 空值比例=0.00%, 零值比例=15.71%
2025-08-25 20:41:17 - FeatureEng-20250825_204020 - INFO -     - 'CUMSUM_11_fin_rsi_right': 空值比例=0.00%, 零值比例=0.00%
2025-08-25 20:41:17 - FeatureEng-20250825_204020 - INFO -     - 'CUMSUM_11_fin_bb_width_right': 空值比例=0.00%, 零值比例=0.00%
2025-08-25 20:41:17 - FeatureEng-20250825_204020 - INFO -     - 'CUMSUM_11_fin_bb_position_right': 空值比例=0.00%, 零值比例=0.00%
2025-08-25 20:41:17 - FeatureEng-20250825_204020 - INFO -     - 'CUMSUM_11_fin_bb_volatility_right': 空值比例=0.00%, 零值比例=0.00%
2025-08-25 20:41:17 - FeatureEng-20250825_204020 - INFO -     - 'CUMSUM_11_fin_macd_right': 空值比例=0.00%, 零值比例=0.00%
2025-08-25 20:41:17 - FeatureEng-20250825_204020 - INFO -     - 'CUMSUM_11_fin_macd_signal_right': 空值比例=0.00%, 零值比例=0.00%
2025-08-25 20:41:17 - FeatureEng-20250825_204020 - INFO -     - 'CUMSUM_11_fin_macd_histogram_right': 空值比例=0.00%, 零值比例=0.00%
2025-08-25 20:41:17 - FeatureEng-20250825_204020 - INFO -     - 'CUMSUM_11_fin_historical_vol_right': 空值比例=0.00%, 零值比例=0.00%
2025-08-25 20:41:17 - FeatureEng-20250825_204020 - INFO -     - 'CUMSUM_11_fin_downside_vol_right': 空值比例=0.00%, 零值比例=0.00%
2025-08-25 20:41:17 - FeatureEng-20250825_204020 - INFO -     - 'CUMSUM_11_fin_max_drawdown_right': 空值比例=0.00%, 零值比例=0.02%
2025-08-25 20:41:17 - FeatureEng-20250825_204020 - INFO -     - 'CUMSUM_11_fin_var_95_right': 空值比例=0.00%, 零值比例=0.00%
2025-08-25 20:41:17 - FeatureEng-20250825_204020 - INFO -     - 'CUMSUM_11_fin_momentum_5_right': 空值比例=0.00%, 零值比例=0.00%
2025-08-25 20:41:17 - FeatureEng-20250825_204020 - INFO -     - 'CUMSUM_11_fin_momentum_10_right': 空值比例=0.00%, 零值比例=0.00%
2025-08-25 20:41:17 - FeatureEng-20250825_204020 - INFO -     - 'CUMSUM_11_fin_momentum_osc_right': 空值比例=0.00%, 零值比例=9.39%
2025-08-25 20:41:17 - FeatureEng-20250825_204020 - INFO -     - 'CUMSUM_11_fin_resistance_ratio_right': 空值比例=0.00%, 零值比例=19.82%
2025-08-25 20:41:17 - FeatureEng-20250825_204020 - INFO -     - 'CUMSUM_11_fin_support_ratio_right': 空值比例=0.00%, 零值比例=15.21%
2025-08-25 20:41:17 - FeatureEng-20250825_204020 - INFO -     - 'CUMSUM_11_fin_rsi_whole': 空值比例=0.00%, 零值比例=0.01%
2025-08-25 20:41:17 - FeatureEng-20250825_204020 - INFO -     - 'CUMSUM_11_fin_bb_width_whole': 空值比例=0.00%, 零值比例=0.00%
2025-08-25 20:41:17 - FeatureEng-20250825_204020 - INFO -     - 'CUMSUM_11_fin_bb_position_whole': 空值比例=0.00%, 零值比例=0.00%
2025-08-25 20:41:17 - FeatureEng-20250825_204020 - INFO -     - 'CUMSUM_11_fin_bb_volatility_whole': 空值比例=0.00%, 零值比例=0.00%
2025-08-25 20:41:17 - FeatureEng-20250825_204020 - INFO -     - 'CUMSUM_11_fin_macd_whole': 空值比例=0.00%, 零值比例=0.00%
2025-08-25 20:41:17 - FeatureEng-20250825_204020 - INFO -     - 'CUMSUM_11_fin_macd_signal_whole': 空值比例=0.00%, 零值比例=0.00%
2025-08-25 20:41:17 - FeatureEng-20250825_204020 - INFO -     - 'CUMSUM_11_fin_macd_histogram_whole': 空值比例=0.00%, 零值比例=0.00%
2025-08-25 20:41:17 - FeatureEng-20250825_204020 - INFO -     - 'CUMSUM_11_fin_historical_vol_whole': 空值比例=0.00%, 零值比例=0.00%
2025-08-25 20:41:17 - FeatureEng-20250825_204020 - INFO -     - 'CUMSUM_11_fin_downside_vol_whole': 空值比例=0.00%, 零值比例=0.00%
2025-08-25 20:41:17 - FeatureEng-20250825_204020 - INFO -     - 'CUMSUM_11_fin_max_drawdown_whole': 空值比例=0.00%, 零值比例=0.75%
2025-08-25 20:41:17 - FeatureEng-20250825_204020 - INFO -     - 'CUMSUM_11_fin_var_95_whole': 空值比例=0.00%, 零值比例=0.00%
2025-08-25 20:41:17 - FeatureEng-20250825_204020 - INFO -     - 'CUMSUM_11_fin_momentum_5_whole': 空值比例=0.00%, 零值比例=0.00%
2025-08-25 20:41:17 - FeatureEng-20250825_204020 - INFO -     - 'CUMSUM_11_fin_momentum_10_whole': 空值比例=0.00%, 零值比例=0.00%
2025-08-25 20:41:17 - FeatureEng-20250825_204020 - INFO -     - 'CUMSUM_11_fin_momentum_osc_whole': 空值比例=0.00%, 零值比例=9.39%
2025-08-25 20:41:17 - FeatureEng-20250825_204020 - INFO -     - 'CUMSUM_11_fin_resistance_ratio_whole': 空值比例=0.00%, 零值比例=19.82%
2025-08-25 20:41:17 - FeatureEng-20250825_204020 - INFO -     - 'CUMSUM_11_fin_support_ratio_whole': 空值比例=0.00%, 零值比例=15.21%
2025-08-25 20:41:17 - FeatureEng-20250825_204020 - INFO - --- 开始生成特征: bio_domin_features ---
2025-08-25 20:41:24 - FeatureEng-20250825_204020 - INFO - 'bio_domin_features' 生成完毕，耗时: 6.76 秒。
2025-08-25 20:41:24 - FeatureEng-20250825_204020 - INFO -   新生成特征列名: ['CUMSUM_12_bio_hrv_rmssd_left', 'CUMSUM_12_bio_hrv_pnn50_left', 'CUMSUM_12_bio_hrv_sdnn_left', 'CUMSUM_12_bio_hrv_triangular_index_left', 'CUMSUM_12_bio_hrv_index_left', 'CUMSUM_12_bio_eeg_delta_left', 'CUMSUM_12_bio_eeg_theta_left', 'CUMSUM_12_bio_eeg_alpha_left', 'CUMSUM_12_bio_eeg_beta_left', 'CUMSUM_12_bio_emg_rms_left', 'CUMSUM_12_bio_emg_mav_left', 'CUMSUM_12_bio_emg_zcr_left', 'CUMSUM_12_bio_emg_wl_left', 'CUMSUM_12_bio_respiratory_rate_left', 'CUMSUM_12_bio_breath_depth_var_left', 'CUMSUM_12_bio_breath_irregularity_left', 'CUMSUM_12_bio_apnea_ratio_left', 'CUMSUM_12_bio_circadian_strength_left', 'CUMSUM_12_bio_peak_time_left', 'CUMSUM_12_bio_day_night_ratio_left', 'CUMSUM_12_bio_hrv_rmssd_right', 'CUMSUM_12_bio_hrv_pnn50_right', 'CUMSUM_12_bio_hrv_sdnn_right', 'CUMSUM_12_bio_hrv_triangular_index_right', 'CUMSUM_12_bio_hrv_index_right', 'CUMSUM_12_bio_eeg_delta_right', 'CUMSUM_12_bio_eeg_theta_right', 'CUMSUM_12_bio_eeg_alpha_right', 'CUMSUM_12_bio_eeg_beta_right', 'CUMSUM_12_bio_emg_rms_right', 'CUMSUM_12_bio_emg_mav_right', 'CUMSUM_12_bio_emg_zcr_right', 'CUMSUM_12_bio_emg_wl_right', 'CUMSUM_12_bio_respiratory_rate_right', 'CUMSUM_12_bio_breath_depth_var_right', 'CUMSUM_12_bio_breath_irregularity_right', 'CUMSUM_12_bio_apnea_ratio_right', 'CUMSUM_12_bio_circadian_strength_right', 'CUMSUM_12_bio_peak_time_right', 'CUMSUM_12_bio_day_night_ratio_right', 'CUMSUM_12_bio_hrv_rmssd_whole', 'CUMSUM_12_bio_hrv_pnn50_whole', 'CUMSUM_12_bio_hrv_sdnn_whole', 'CUMSUM_12_bio_hrv_triangular_index_whole', 'CUMSUM_12_bio_hrv_index_whole', 'CUMSUM_12_bio_eeg_delta_whole', 'CUMSUM_12_bio_eeg_theta_whole', 'CUMSUM_12_bio_eeg_alpha_whole', 'CUMSUM_12_bio_eeg_beta_whole', 'CUMSUM_12_bio_emg_rms_whole', 'CUMSUM_12_bio_emg_mav_whole', 'CUMSUM_12_bio_emg_zcr_whole', 'CUMSUM_12_bio_emg_wl_whole', 'CUMSUM_12_bio_respiratory_rate_whole', 'CUMSUM_12_bio_breath_depth_var_whole', 'CUMSUM_12_bio_breath_irregularity_whole', 'CUMSUM_12_bio_apnea_ratio_whole', 'CUMSUM_12_bio_circadian_strength_whole', 'CUMSUM_12_bio_peak_time_whole', 'CUMSUM_12_bio_day_night_ratio_whole']
2025-08-25 20:41:24 - FeatureEng-20250825_204020 - INFO -     - 'CUMSUM_12_bio_hrv_rmssd_left': 空值比例=0.00%, 零值比例=0.00%
2025-08-25 20:41:24 - FeatureEng-20250825_204020 - INFO -     - 'CUMSUM_12_bio_hrv_pnn50_left': 空值比例=0.00%, 零值比例=0.00%
2025-08-25 20:41:24 - FeatureEng-20250825_204020 - INFO -     - 'CUMSUM_12_bio_hrv_sdnn_left': 空值比例=0.00%, 零值比例=0.00%
2025-08-25 20:41:24 - FeatureEng-20250825_204020 - INFO -     - 'CUMSUM_12_bio_hrv_triangular_index_left': 空值比例=0.00%, 零值比例=0.00%
2025-08-25 20:41:24 - FeatureEng-20250825_204020 - INFO -     - 'CUMSUM_12_bio_hrv_index_left': 空值比例=0.00%, 零值比例=0.00%
2025-08-25 20:41:24 - FeatureEng-20250825_204020 - INFO -     - 'CUMSUM_12_bio_eeg_delta_left': 空值比例=0.00%, 零值比例=0.00%
2025-08-25 20:41:24 - FeatureEng-20250825_204020 - INFO -     - 'CUMSUM_12_bio_eeg_theta_left': 空值比例=0.00%, 零值比例=0.00%
2025-08-25 20:41:24 - FeatureEng-20250825_204020 - INFO -     - 'CUMSUM_12_bio_eeg_alpha_left': 空值比例=0.00%, 零值比例=0.00%
2025-08-25 20:41:24 - FeatureEng-20250825_204020 - INFO -     - 'CUMSUM_12_bio_eeg_beta_left': 空值比例=0.00%, 零值比例=0.00%
2025-08-25 20:41:24 - FeatureEng-20250825_204020 - INFO -     - 'CUMSUM_12_bio_emg_rms_left': 空值比例=0.00%, 零值比例=0.00%
2025-08-25 20:41:24 - FeatureEng-20250825_204020 - INFO -     - 'CUMSUM_12_bio_emg_mav_left': 空值比例=0.00%, 零值比例=0.00%
2025-08-25 20:41:24 - FeatureEng-20250825_204020 - INFO -     - 'CUMSUM_12_bio_emg_zcr_left': 空值比例=0.00%, 零值比例=5.58%
2025-08-25 20:41:24 - FeatureEng-20250825_204020 - INFO -     - 'CUMSUM_12_bio_emg_wl_left': 空值比例=0.00%, 零值比例=0.00%
2025-08-25 20:41:24 - FeatureEng-20250825_204020 - INFO -     - 'CUMSUM_12_bio_respiratory_rate_left': 空值比例=0.00%, 零值比例=0.00%
2025-08-25 20:41:24 - FeatureEng-20250825_204020 - INFO -     - 'CUMSUM_12_bio_breath_depth_var_left': 空值比例=0.00%, 零值比例=0.00%
2025-08-25 20:41:24 - FeatureEng-20250825_204020 - INFO -     - 'CUMSUM_12_bio_breath_irregularity_left': 空值比例=0.00%, 零值比例=0.00%
2025-08-25 20:41:24 - FeatureEng-20250825_204020 - INFO -     - 'CUMSUM_12_bio_apnea_ratio_left': 空值比例=0.00%, 零值比例=0.04%
2025-08-25 20:41:24 - FeatureEng-20250825_204020 - INFO -     - 'CUMSUM_12_bio_circadian_strength_left': 空值比例=0.00%, 零值比例=0.00%
2025-08-25 20:41:24 - FeatureEng-20250825_204020 - INFO -     - 'CUMSUM_12_bio_peak_time_left': 空值比例=0.00%, 零值比例=3.20%
2025-08-25 20:41:24 - FeatureEng-20250825_204020 - INFO -     - 'CUMSUM_12_bio_day_night_ratio_left': 空值比例=0.00%, 零值比例=0.00%
2025-08-25 20:41:24 - FeatureEng-20250825_204020 - INFO -     - 'CUMSUM_12_bio_hrv_rmssd_right': 空值比例=0.00%, 零值比例=0.00%
2025-08-25 20:41:24 - FeatureEng-20250825_204020 - INFO -     - 'CUMSUM_12_bio_hrv_pnn50_right': 空值比例=0.00%, 零值比例=0.00%
2025-08-25 20:41:24 - FeatureEng-20250825_204020 - INFO -     - 'CUMSUM_12_bio_hrv_sdnn_right': 空值比例=0.00%, 零值比例=0.00%
2025-08-25 20:41:24 - FeatureEng-20250825_204020 - INFO -     - 'CUMSUM_12_bio_hrv_triangular_index_right': 空值比例=0.00%, 零值比例=0.00%
2025-08-25 20:41:24 - FeatureEng-20250825_204020 - INFO -     - 'CUMSUM_12_bio_hrv_index_right': 空值比例=0.00%, 零值比例=0.00%
2025-08-25 20:41:24 - FeatureEng-20250825_204020 - INFO -     - 'CUMSUM_12_bio_eeg_delta_right': 空值比例=0.00%, 零值比例=0.00%
2025-08-25 20:41:24 - FeatureEng-20250825_204020 - INFO -     - 'CUMSUM_12_bio_eeg_theta_right': 空值比例=0.00%, 零值比例=0.00%
2025-08-25 20:41:24 - FeatureEng-20250825_204020 - INFO -     - 'CUMSUM_12_bio_eeg_alpha_right': 空值比例=0.00%, 零值比例=0.00%
2025-08-25 20:41:24 - FeatureEng-20250825_204020 - INFO -     - 'CUMSUM_12_bio_eeg_beta_right': 空值比例=0.00%, 零值比例=0.00%
2025-08-25 20:41:24 - FeatureEng-20250825_204020 - INFO -     - 'CUMSUM_12_bio_emg_rms_right': 空值比例=0.00%, 零值比例=0.00%
2025-08-25 20:41:24 - FeatureEng-20250825_204020 - INFO -     - 'CUMSUM_12_bio_emg_mav_right': 空值比例=0.00%, 零值比例=0.00%
2025-08-25 20:41:24 - FeatureEng-20250825_204020 - INFO -     - 'CUMSUM_12_bio_emg_zcr_right': 空值比例=0.00%, 零值比例=81.34%
2025-08-25 20:41:24 - FeatureEng-20250825_204020 - INFO -     - 'CUMSUM_12_bio_emg_wl_right': 空值比例=0.00%, 零值比例=0.00%
2025-08-25 20:41:24 - FeatureEng-20250825_204020 - INFO -     - 'CUMSUM_12_bio_respiratory_rate_right': 空值比例=0.00%, 零值比例=0.00%
2025-08-25 20:41:24 - FeatureEng-20250825_204020 - INFO -     - 'CUMSUM_12_bio_breath_depth_var_right': 空值比例=0.00%, 零值比例=0.00%
2025-08-25 20:41:24 - FeatureEng-20250825_204020 - INFO -     - 'CUMSUM_12_bio_breath_irregularity_right': 空值比例=0.00%, 零值比例=0.00%
2025-08-25 20:41:24 - FeatureEng-20250825_204020 - INFO -     - 'CUMSUM_12_bio_apnea_ratio_right': 空值比例=0.00%, 零值比例=79.90%
2025-08-25 20:41:24 - FeatureEng-20250825_204020 - INFO -     - 'CUMSUM_12_bio_circadian_strength_right': 空值比例=0.00%, 零值比例=0.00%
2025-08-25 20:41:24 - FeatureEng-20250825_204020 - INFO -     - 'CUMSUM_12_bio_peak_time_right': 空值比例=0.00%, 零值比例=4.81%
2025-08-25 20:41:24 - FeatureEng-20250825_204020 - INFO -     - 'CUMSUM_12_bio_day_night_ratio_right': 空值比例=0.00%, 零值比例=0.00%
2025-08-25 20:41:24 - FeatureEng-20250825_204020 - INFO -     - 'CUMSUM_12_bio_hrv_rmssd_whole': 空值比例=0.00%, 零值比例=0.00%
2025-08-25 20:41:24 - FeatureEng-20250825_204020 - INFO -     - 'CUMSUM_12_bio_hrv_pnn50_whole': 空值比例=0.00%, 零值比例=0.00%
2025-08-25 20:41:24 - FeatureEng-20250825_204020 - INFO -     - 'CUMSUM_12_bio_hrv_sdnn_whole': 空值比例=0.00%, 零值比例=0.00%
2025-08-25 20:41:24 - FeatureEng-20250825_204020 - INFO -     - 'CUMSUM_12_bio_hrv_triangular_index_whole': 空值比例=0.00%, 零值比例=0.00%
2025-08-25 20:41:24 - FeatureEng-20250825_204020 - INFO -     - 'CUMSUM_12_bio_hrv_index_whole': 空值比例=0.00%, 零值比例=0.00%
2025-08-25 20:41:24 - FeatureEng-20250825_204020 - INFO -     - 'CUMSUM_12_bio_eeg_delta_whole': 空值比例=0.00%, 零值比例=0.00%
2025-08-25 20:41:24 - FeatureEng-20250825_204020 - INFO -     - 'CUMSUM_12_bio_eeg_theta_whole': 空值比例=0.00%, 零值比例=0.00%
2025-08-25 20:41:24 - FeatureEng-20250825_204020 - INFO -     - 'CUMSUM_12_bio_eeg_alpha_whole': 空值比例=0.00%, 零值比例=0.00%
2025-08-25 20:41:24 - FeatureEng-20250825_204020 - INFO -     - 'CUMSUM_12_bio_eeg_beta_whole': 空值比例=0.00%, 零值比例=0.00%
2025-08-25 20:41:24 - FeatureEng-20250825_204020 - INFO -     - 'CUMSUM_12_bio_emg_rms_whole': 空值比例=0.00%, 零值比例=0.00%
2025-08-25 20:41:24 - FeatureEng-20250825_204020 - INFO -     - 'CUMSUM_12_bio_emg_mav_whole': 空值比例=0.00%, 零值比例=0.00%
2025-08-25 20:41:24 - FeatureEng-20250825_204020 - INFO -     - 'CUMSUM_12_bio_emg_zcr_whole': 空值比例=0.00%, 零值比例=5.34%
2025-08-25 20:41:24 - FeatureEng-20250825_204020 - INFO -     - 'CUMSUM_12_bio_emg_wl_whole': 空值比例=0.00%, 零值比例=0.00%
2025-08-25 20:41:24 - FeatureEng-20250825_204020 - INFO -     - 'CUMSUM_12_bio_respiratory_rate_whole': 空值比例=0.00%, 零值比例=0.00%
2025-08-25 20:41:24 - FeatureEng-20250825_204020 - INFO -     - 'CUMSUM_12_bio_breath_depth_var_whole': 空值比例=0.00%, 零值比例=0.00%
2025-08-25 20:41:24 - FeatureEng-20250825_204020 - INFO -     - 'CUMSUM_12_bio_breath_irregularity_whole': 空值比例=0.00%, 零值比例=0.00%
2025-08-25 20:41:24 - FeatureEng-20250825_204020 - INFO -     - 'CUMSUM_12_bio_apnea_ratio_whole': 空值比例=0.00%, 零值比例=0.01%
2025-08-25 20:41:24 - FeatureEng-20250825_204020 - INFO -     - 'CUMSUM_12_bio_circadian_strength_whole': 空值比例=0.00%, 零值比例=0.00%
2025-08-25 20:41:24 - FeatureEng-20250825_204020 - INFO -     - 'CUMSUM_12_bio_peak_time_whole': 空值比例=0.00%, 零值比例=2.95%
2025-08-25 20:41:24 - FeatureEng-20250825_204020 - INFO -     - 'CUMSUM_12_bio_day_night_ratio_whole': 空值比例=0.00%, 零值比例=0.00%
2025-08-25 20:41:25 - FeatureEng-20250825_204020 - INFO - === 开始为数据ID '0' 的模态 'DIFF' 生成特征 ===
2025-08-25 20:41:25 - FeatureEng-20250825_204020 - INFO - --- 开始生成特征: fin_domin_features ---
2025-08-25 20:41:33 - FeatureEng-20250825_204020 - INFO - 'fin_domin_features' 生成完毕，耗时: 8.45 秒。
2025-08-25 20:41:33 - FeatureEng-20250825_204020 - INFO -   新生成特征列名: ['DIFF_11_fin_rsi_left', 'DIFF_11_fin_bb_width_left', 'DIFF_11_fin_bb_position_left', 'DIFF_11_fin_bb_volatility_left', 'DIFF_11_fin_macd_left', 'DIFF_11_fin_macd_signal_left', 'DIFF_11_fin_macd_histogram_left', 'DIFF_11_fin_historical_vol_left', 'DIFF_11_fin_downside_vol_left', 'DIFF_11_fin_max_drawdown_left', 'DIFF_11_fin_var_95_left', 'DIFF_11_fin_momentum_5_left', 'DIFF_11_fin_momentum_10_left', 'DIFF_11_fin_momentum_osc_left', 'DIFF_11_fin_resistance_ratio_left', 'DIFF_11_fin_support_ratio_left', 'DIFF_11_fin_rsi_right', 'DIFF_11_fin_bb_width_right', 'DIFF_11_fin_bb_position_right', 'DIFF_11_fin_bb_volatility_right', 'DIFF_11_fin_macd_right', 'DIFF_11_fin_macd_signal_right', 'DIFF_11_fin_macd_histogram_right', 'DIFF_11_fin_historical_vol_right', 'DIFF_11_fin_downside_vol_right', 'DIFF_11_fin_max_drawdown_right', 'DIFF_11_fin_var_95_right', 'DIFF_11_fin_momentum_5_right', 'DIFF_11_fin_momentum_10_right', 'DIFF_11_fin_momentum_osc_right', 'DIFF_11_fin_resistance_ratio_right', 'DIFF_11_fin_support_ratio_right', 'DIFF_11_fin_rsi_whole', 'DIFF_11_fin_bb_width_whole', 'DIFF_11_fin_bb_position_whole', 'DIFF_11_fin_bb_volatility_whole', 'DIFF_11_fin_macd_whole', 'DIFF_11_fin_macd_signal_whole', 'DIFF_11_fin_macd_histogram_whole', 'DIFF_11_fin_historical_vol_whole', 'DIFF_11_fin_downside_vol_whole', 'DIFF_11_fin_max_drawdown_whole', 'DIFF_11_fin_var_95_whole', 'DIFF_11_fin_momentum_5_whole', 'DIFF_11_fin_momentum_10_whole', 'DIFF_11_fin_momentum_osc_whole', 'DIFF_11_fin_resistance_ratio_whole', 'DIFF_11_fin_support_ratio_whole']
2025-08-25 20:41:33 - FeatureEng-20250825_204020 - INFO -     - 'DIFF_11_fin_rsi_left': 空值比例=0.00%, 零值比例=0.00%
2025-08-25 20:41:33 - FeatureEng-20250825_204020 - INFO -     - 'DIFF_11_fin_bb_width_left': 空值比例=0.00%, 零值比例=0.00%
2025-08-25 20:41:33 - FeatureEng-20250825_204020 - INFO -     - 'DIFF_11_fin_bb_position_left': 空值比例=0.00%, 零值比例=0.00%
2025-08-25 20:41:33 - FeatureEng-20250825_204020 - INFO -     - 'DIFF_11_fin_bb_volatility_left': 空值比例=0.00%, 零值比例=0.00%
2025-08-25 20:41:33 - FeatureEng-20250825_204020 - INFO -     - 'DIFF_11_fin_macd_left': 空值比例=0.00%, 零值比例=0.00%
2025-08-25 20:41:33 - FeatureEng-20250825_204020 - INFO -     - 'DIFF_11_fin_macd_signal_left': 空值比例=0.00%, 零值比例=0.00%
2025-08-25 20:41:33 - FeatureEng-20250825_204020 - INFO -     - 'DIFF_11_fin_macd_histogram_left': 空值比例=0.00%, 零值比例=0.00%
2025-08-25 20:41:33 - FeatureEng-20250825_204020 - INFO -     - 'DIFF_11_fin_historical_vol_left': 空值比例=0.00%, 零值比例=0.00%
2025-08-25 20:41:33 - FeatureEng-20250825_204020 - INFO -     - 'DIFF_11_fin_downside_vol_left': 空值比例=0.00%, 零值比例=0.00%
2025-08-25 20:41:33 - FeatureEng-20250825_204020 - INFO -     - 'DIFF_11_fin_max_drawdown_left': 空值比例=0.00%, 零值比例=0.01%
2025-08-25 20:41:33 - FeatureEng-20250825_204020 - INFO -     - 'DIFF_11_fin_var_95_left': 空值比例=0.00%, 零值比例=0.00%
2025-08-25 20:41:33 - FeatureEng-20250825_204020 - INFO -     - 'DIFF_11_fin_momentum_5_left': 空值比例=0.00%, 零值比例=0.01%
2025-08-25 20:41:33 - FeatureEng-20250825_204020 - INFO -     - 'DIFF_11_fin_momentum_10_left': 空值比例=0.00%, 零值比例=0.01%
2025-08-25 20:41:33 - FeatureEng-20250825_204020 - INFO -     - 'DIFF_11_fin_momentum_osc_left': 空值比例=0.00%, 零值比例=4.63%
2025-08-25 20:41:33 - FeatureEng-20250825_204020 - INFO -     - 'DIFF_11_fin_resistance_ratio_left': 空值比例=0.00%, 零值比例=9.31%
2025-08-25 20:41:33 - FeatureEng-20250825_204020 - INFO -     - 'DIFF_11_fin_support_ratio_left': 空值比例=0.00%, 零值比例=9.47%
2025-08-25 20:41:33 - FeatureEng-20250825_204020 - INFO -     - 'DIFF_11_fin_rsi_right': 空值比例=0.00%, 零值比例=0.00%
2025-08-25 20:41:33 - FeatureEng-20250825_204020 - INFO -     - 'DIFF_11_fin_bb_width_right': 空值比例=0.00%, 零值比例=0.00%
2025-08-25 20:41:33 - FeatureEng-20250825_204020 - INFO -     - 'DIFF_11_fin_bb_position_right': 空值比例=0.00%, 零值比例=0.00%
2025-08-25 20:41:33 - FeatureEng-20250825_204020 - INFO -     - 'DIFF_11_fin_bb_volatility_right': 空值比例=0.00%, 零值比例=0.00%
2025-08-25 20:41:33 - FeatureEng-20250825_204020 - INFO -     - 'DIFF_11_fin_macd_right': 空值比例=0.00%, 零值比例=0.00%
2025-08-25 20:41:33 - FeatureEng-20250825_204020 - INFO -     - 'DIFF_11_fin_macd_signal_right': 空值比例=0.00%, 零值比例=0.00%
2025-08-25 20:41:33 - FeatureEng-20250825_204020 - INFO -     - 'DIFF_11_fin_macd_histogram_right': 空值比例=0.00%, 零值比例=0.00%
2025-08-25 20:41:33 - FeatureEng-20250825_204020 - INFO -     - 'DIFF_11_fin_historical_vol_right': 空值比例=0.00%, 零值比例=0.00%
2025-08-25 20:41:33 - FeatureEng-20250825_204020 - INFO -     - 'DIFF_11_fin_downside_vol_right': 空值比例=0.00%, 零值比例=0.00%
2025-08-25 20:41:33 - FeatureEng-20250825_204020 - INFO -     - 'DIFF_11_fin_max_drawdown_right': 空值比例=0.00%, 零值比例=0.00%
2025-08-25 20:41:33 - FeatureEng-20250825_204020 - INFO -     - 'DIFF_11_fin_var_95_right': 空值比例=0.00%, 零值比例=0.00%
2025-08-25 20:41:33 - FeatureEng-20250825_204020 - INFO -     - 'DIFF_11_fin_momentum_5_right': 空值比例=0.00%, 零值比例=0.00%
2025-08-25 20:41:33 - FeatureEng-20250825_204020 - INFO -     - 'DIFF_11_fin_momentum_10_right': 空值比例=0.00%, 零值比例=0.01%
2025-08-25 20:41:33 - FeatureEng-20250825_204020 - INFO -     - 'DIFF_11_fin_momentum_osc_right': 空值比例=0.00%, 零值比例=5.13%
2025-08-25 20:41:33 - FeatureEng-20250825_204020 - INFO -     - 'DIFF_11_fin_resistance_ratio_right': 空值比例=0.00%, 零值比例=9.58%
2025-08-25 20:41:33 - FeatureEng-20250825_204020 - INFO -     - 'DIFF_11_fin_support_ratio_right': 空值比例=0.00%, 零值比例=9.60%
2025-08-25 20:41:33 - FeatureEng-20250825_204020 - INFO -     - 'DIFF_11_fin_rsi_whole': 空值比例=0.00%, 零值比例=0.00%
2025-08-25 20:41:33 - FeatureEng-20250825_204020 - INFO -     - 'DIFF_11_fin_bb_width_whole': 空值比例=0.00%, 零值比例=0.00%
2025-08-25 20:41:33 - FeatureEng-20250825_204020 - INFO -     - 'DIFF_11_fin_bb_position_whole': 空值比例=0.00%, 零值比例=0.00%
2025-08-25 20:41:33 - FeatureEng-20250825_204020 - INFO -     - 'DIFF_11_fin_bb_volatility_whole': 空值比例=0.00%, 零值比例=0.00%
2025-08-25 20:41:33 - FeatureEng-20250825_204020 - INFO -     - 'DIFF_11_fin_macd_whole': 空值比例=0.00%, 零值比例=0.00%
2025-08-25 20:41:33 - FeatureEng-20250825_204020 - INFO -     - 'DIFF_11_fin_macd_signal_whole': 空值比例=0.00%, 零值比例=0.00%
2025-08-25 20:41:33 - FeatureEng-20250825_204020 - INFO -     - 'DIFF_11_fin_macd_histogram_whole': 空值比例=0.00%, 零值比例=0.00%
2025-08-25 20:41:33 - FeatureEng-20250825_204020 - INFO -     - 'DIFF_11_fin_historical_vol_whole': 空值比例=0.00%, 零值比例=0.00%
2025-08-25 20:41:33 - FeatureEng-20250825_204020 - INFO -     - 'DIFF_11_fin_downside_vol_whole': 空值比例=0.00%, 零值比例=0.00%
2025-08-25 20:41:33 - FeatureEng-20250825_204020 - INFO -     - 'DIFF_11_fin_max_drawdown_whole': 空值比例=0.00%, 零值比例=0.08%
2025-08-25 20:41:33 - FeatureEng-20250825_204020 - INFO -     - 'DIFF_11_fin_var_95_whole': 空值比例=0.00%, 零值比例=0.00%
2025-08-25 20:41:33 - FeatureEng-20250825_204020 - INFO -     - 'DIFF_11_fin_momentum_5_whole': 空值比例=0.00%, 零值比例=0.00%
2025-08-25 20:41:33 - FeatureEng-20250825_204020 - INFO -     - 'DIFF_11_fin_momentum_10_whole': 空值比例=0.00%, 零值比例=0.01%
2025-08-25 20:41:33 - FeatureEng-20250825_204020 - INFO -     - 'DIFF_11_fin_momentum_osc_whole': 空值比例=0.00%, 零值比例=5.13%
2025-08-25 20:41:33 - FeatureEng-20250825_204020 - INFO -     - 'DIFF_11_fin_resistance_ratio_whole': 空值比例=0.00%, 零值比例=9.58%
2025-08-25 20:41:33 - FeatureEng-20250825_204020 - INFO -     - 'DIFF_11_fin_support_ratio_whole': 空值比例=0.00%, 零值比例=9.60%
2025-08-25 20:41:34 - FeatureEng-20250825_204020 - INFO - --- 开始生成特征: bio_domin_features ---
2025-08-25 20:41:42 - FeatureEng-20250825_204020 - INFO - 'bio_domin_features' 生成完毕，耗时: 7.57 秒。
2025-08-25 20:41:42 - FeatureEng-20250825_204020 - INFO -   新生成特征列名: ['DIFF_12_bio_hrv_rmssd_left', 'DIFF_12_bio_hrv_pnn50_left', 'DIFF_12_bio_hrv_sdnn_left', 'DIFF_12_bio_hrv_triangular_index_left', 'DIFF_12_bio_hrv_index_left', 'DIFF_12_bio_eeg_delta_left', 'DIFF_12_bio_eeg_theta_left', 'DIFF_12_bio_eeg_alpha_left', 'DIFF_12_bio_eeg_beta_left', 'DIFF_12_bio_emg_rms_left', 'DIFF_12_bio_emg_mav_left', 'DIFF_12_bio_emg_zcr_left', 'DIFF_12_bio_emg_wl_left', 'DIFF_12_bio_respiratory_rate_left', 'DIFF_12_bio_breath_depth_var_left', 'DIFF_12_bio_breath_irregularity_left', 'DIFF_12_bio_apnea_ratio_left', 'DIFF_12_bio_circadian_strength_left', 'DIFF_12_bio_peak_time_left', 'DIFF_12_bio_day_night_ratio_left', 'DIFF_12_bio_hrv_rmssd_right', 'DIFF_12_bio_hrv_pnn50_right', 'DIFF_12_bio_hrv_sdnn_right', 'DIFF_12_bio_hrv_triangular_index_right', 'DIFF_12_bio_hrv_index_right', 'DIFF_12_bio_eeg_delta_right', 'DIFF_12_bio_eeg_theta_right', 'DIFF_12_bio_eeg_alpha_right', 'DIFF_12_bio_eeg_beta_right', 'DIFF_12_bio_emg_rms_right', 'DIFF_12_bio_emg_mav_right', 'DIFF_12_bio_emg_zcr_right', 'DIFF_12_bio_emg_wl_right', 'DIFF_12_bio_respiratory_rate_right', 'DIFF_12_bio_breath_depth_var_right', 'DIFF_12_bio_breath_irregularity_right', 'DIFF_12_bio_apnea_ratio_right', 'DIFF_12_bio_circadian_strength_right', 'DIFF_12_bio_peak_time_right', 'DIFF_12_bio_day_night_ratio_right', 'DIFF_12_bio_hrv_rmssd_whole', 'DIFF_12_bio_hrv_pnn50_whole', 'DIFF_12_bio_hrv_sdnn_whole', 'DIFF_12_bio_hrv_triangular_index_whole', 'DIFF_12_bio_hrv_index_whole', 'DIFF_12_bio_eeg_delta_whole', 'DIFF_12_bio_eeg_theta_whole', 'DIFF_12_bio_eeg_alpha_whole', 'DIFF_12_bio_eeg_beta_whole', 'DIFF_12_bio_emg_rms_whole', 'DIFF_12_bio_emg_mav_whole', 'DIFF_12_bio_emg_zcr_whole', 'DIFF_12_bio_emg_wl_whole', 'DIFF_12_bio_respiratory_rate_whole', 'DIFF_12_bio_breath_depth_var_whole', 'DIFF_12_bio_breath_irregularity_whole', 'DIFF_12_bio_apnea_ratio_whole', 'DIFF_12_bio_circadian_strength_whole', 'DIFF_12_bio_peak_time_whole', 'DIFF_12_bio_day_night_ratio_whole']
2025-08-25 20:41:42 - FeatureEng-20250825_204020 - INFO -     - 'DIFF_12_bio_hrv_rmssd_left': 空值比例=0.00%, 零值比例=0.00%
2025-08-25 20:41:42 - FeatureEng-20250825_204020 - INFO -     - 'DIFF_12_bio_hrv_pnn50_left': 空值比例=0.00%, 零值比例=0.00%
2025-08-25 20:41:42 - FeatureEng-20250825_204020 - INFO -     - 'DIFF_12_bio_hrv_sdnn_left': 空值比例=0.00%, 零值比例=0.00%
2025-08-25 20:41:42 - FeatureEng-20250825_204020 - INFO -     - 'DIFF_12_bio_hrv_triangular_index_left': 空值比例=0.00%, 零值比例=0.00%
2025-08-25 20:41:42 - FeatureEng-20250825_204020 - INFO -     - 'DIFF_12_bio_hrv_index_left': 空值比例=0.00%, 零值比例=0.00%
2025-08-25 20:41:42 - FeatureEng-20250825_204020 - INFO -     - 'DIFF_12_bio_eeg_delta_left': 空值比例=0.00%, 零值比例=0.00%
2025-08-25 20:41:42 - FeatureEng-20250825_204020 - INFO -     - 'DIFF_12_bio_eeg_theta_left': 空值比例=0.00%, 零值比例=0.00%
2025-08-25 20:41:42 - FeatureEng-20250825_204020 - INFO -     - 'DIFF_12_bio_eeg_alpha_left': 空值比例=0.00%, 零值比例=0.00%
2025-08-25 20:41:42 - FeatureEng-20250825_204020 - INFO -     - 'DIFF_12_bio_eeg_beta_left': 空值比例=0.00%, 零值比例=0.00%
2025-08-25 20:41:42 - FeatureEng-20250825_204020 - INFO -     - 'DIFF_12_bio_emg_rms_left': 空值比例=0.00%, 零值比例=0.00%
2025-08-25 20:41:42 - FeatureEng-20250825_204020 - INFO -     - 'DIFF_12_bio_emg_mav_left': 空值比例=0.00%, 零值比例=0.00%
2025-08-25 20:41:42 - FeatureEng-20250825_204020 - INFO -     - 'DIFF_12_bio_emg_zcr_left': 空值比例=0.00%, 零值比例=0.00%
2025-08-25 20:41:42 - FeatureEng-20250825_204020 - INFO -     - 'DIFF_12_bio_emg_wl_left': 空值比例=0.00%, 零值比例=0.00%
2025-08-25 20:41:42 - FeatureEng-20250825_204020 - INFO -     - 'DIFF_12_bio_respiratory_rate_left': 空值比例=0.00%, 零值比例=0.00%
2025-08-25 20:41:42 - FeatureEng-20250825_204020 - INFO -     - 'DIFF_12_bio_breath_depth_var_left': 空值比例=0.00%, 零值比例=0.00%
2025-08-25 20:41:42 - FeatureEng-20250825_204020 - INFO -     - 'DIFF_12_bio_breath_irregularity_left': 空值比例=0.00%, 零值比例=0.00%
2025-08-25 20:41:42 - FeatureEng-20250825_204020 - INFO -     - 'DIFF_12_bio_apnea_ratio_left': 空值比例=0.00%, 零值比例=0.00%
2025-08-25 20:41:42 - FeatureEng-20250825_204020 - INFO -     - 'DIFF_12_bio_circadian_strength_left': 空值比例=0.00%, 零值比例=0.00%
2025-08-25 20:41:42 - FeatureEng-20250825_204020 - INFO -     - 'DIFF_12_bio_peak_time_left': 空值比例=0.00%, 零值比例=4.22%
2025-08-25 20:41:42 - FeatureEng-20250825_204020 - INFO -     - 'DIFF_12_bio_day_night_ratio_left': 空值比例=0.00%, 零值比例=0.00%
2025-08-25 20:41:42 - FeatureEng-20250825_204020 - INFO -     - 'DIFF_12_bio_hrv_rmssd_right': 空值比例=0.00%, 零值比例=0.00%
2025-08-25 20:41:42 - FeatureEng-20250825_204020 - INFO -     - 'DIFF_12_bio_hrv_pnn50_right': 空值比例=0.00%, 零值比例=0.00%
2025-08-25 20:41:42 - FeatureEng-20250825_204020 - INFO -     - 'DIFF_12_bio_hrv_sdnn_right': 空值比例=0.00%, 零值比例=0.00%
2025-08-25 20:41:42 - FeatureEng-20250825_204020 - INFO -     - 'DIFF_12_bio_hrv_triangular_index_right': 空值比例=0.00%, 零值比例=0.00%
2025-08-25 20:41:42 - FeatureEng-20250825_204020 - INFO -     - 'DIFF_12_bio_hrv_index_right': 空值比例=0.00%, 零值比例=0.00%
2025-08-25 20:41:42 - FeatureEng-20250825_204020 - INFO -     - 'DIFF_12_bio_eeg_delta_right': 空值比例=0.00%, 零值比例=0.00%
2025-08-25 20:41:42 - FeatureEng-20250825_204020 - INFO -     - 'DIFF_12_bio_eeg_theta_right': 空值比例=0.00%, 零值比例=0.00%
2025-08-25 20:41:42 - FeatureEng-20250825_204020 - INFO -     - 'DIFF_12_bio_eeg_alpha_right': 空值比例=0.00%, 零值比例=0.00%
2025-08-25 20:41:42 - FeatureEng-20250825_204020 - INFO -     - 'DIFF_12_bio_eeg_beta_right': 空值比例=0.00%, 零值比例=0.00%
2025-08-25 20:41:42 - FeatureEng-20250825_204020 - INFO -     - 'DIFF_12_bio_emg_rms_right': 空值比例=0.00%, 零值比例=0.00%
2025-08-25 20:41:42 - FeatureEng-20250825_204020 - INFO -     - 'DIFF_12_bio_emg_mav_right': 空值比例=0.00%, 零值比例=0.00%
2025-08-25 20:41:42 - FeatureEng-20250825_204020 - INFO -     - 'DIFF_12_bio_emg_zcr_right': 空值比例=0.00%, 零值比例=0.00%
2025-08-25 20:41:42 - FeatureEng-20250825_204020 - INFO -     - 'DIFF_12_bio_emg_wl_right': 空值比例=0.00%, 零值比例=0.00%
2025-08-25 20:41:42 - FeatureEng-20250825_204020 - INFO -     - 'DIFF_12_bio_respiratory_rate_right': 空值比例=0.00%, 零值比例=0.00%
2025-08-25 20:41:42 - FeatureEng-20250825_204020 - INFO -     - 'DIFF_12_bio_breath_depth_var_right': 空值比例=0.00%, 零值比例=0.00%
2025-08-25 20:41:42 - FeatureEng-20250825_204020 - INFO -     - 'DIFF_12_bio_breath_irregularity_right': 空值比例=0.00%, 零值比例=0.00%
2025-08-25 20:41:42 - FeatureEng-20250825_204020 - INFO -     - 'DIFF_12_bio_apnea_ratio_right': 空值比例=0.00%, 零值比例=0.00%
2025-08-25 20:41:42 - FeatureEng-20250825_204020 - INFO -     - 'DIFF_12_bio_circadian_strength_right': 空值比例=0.00%, 零值比例=0.00%
2025-08-25 20:41:42 - FeatureEng-20250825_204020 - INFO -     - 'DIFF_12_bio_peak_time_right': 空值比例=0.00%, 零值比例=4.21%
2025-08-25 20:41:42 - FeatureEng-20250825_204020 - INFO -     - 'DIFF_12_bio_day_night_ratio_right': 空值比例=0.00%, 零值比例=0.00%
2025-08-25 20:41:42 - FeatureEng-20250825_204020 - INFO -     - 'DIFF_12_bio_hrv_rmssd_whole': 空值比例=0.00%, 零值比例=0.00%
2025-08-25 20:41:42 - FeatureEng-20250825_204020 - INFO -     - 'DIFF_12_bio_hrv_pnn50_whole': 空值比例=0.00%, 零值比例=0.00%
2025-08-25 20:41:42 - FeatureEng-20250825_204020 - INFO -     - 'DIFF_12_bio_hrv_sdnn_whole': 空值比例=0.00%, 零值比例=0.00%
2025-08-25 20:41:42 - FeatureEng-20250825_204020 - INFO -     - 'DIFF_12_bio_hrv_triangular_index_whole': 空值比例=0.00%, 零值比例=0.00%
2025-08-25 20:41:42 - FeatureEng-20250825_204020 - INFO -     - 'DIFF_12_bio_hrv_index_whole': 空值比例=0.00%, 零值比例=0.00%
2025-08-25 20:41:42 - FeatureEng-20250825_204020 - INFO -     - 'DIFF_12_bio_eeg_delta_whole': 空值比例=0.00%, 零值比例=0.00%
2025-08-25 20:41:42 - FeatureEng-20250825_204020 - INFO -     - 'DIFF_12_bio_eeg_theta_whole': 空值比例=0.00%, 零值比例=0.00%
2025-08-25 20:41:42 - FeatureEng-20250825_204020 - INFO -     - 'DIFF_12_bio_eeg_alpha_whole': 空值比例=0.00%, 零值比例=0.00%
2025-08-25 20:41:42 - FeatureEng-20250825_204020 - INFO -     - 'DIFF_12_bio_eeg_beta_whole': 空值比例=0.00%, 零值比例=0.00%
2025-08-25 20:41:42 - FeatureEng-20250825_204020 - INFO -     - 'DIFF_12_bio_emg_rms_whole': 空值比例=0.00%, 零值比例=0.00%
2025-08-25 20:41:42 - FeatureEng-20250825_204020 - INFO -     - 'DIFF_12_bio_emg_mav_whole': 空值比例=0.00%, 零值比例=0.00%
2025-08-25 20:41:42 - FeatureEng-20250825_204020 - INFO -     - 'DIFF_12_bio_emg_zcr_whole': 空值比例=0.00%, 零值比例=0.00%
2025-08-25 20:41:42 - FeatureEng-20250825_204020 - INFO -     - 'DIFF_12_bio_emg_wl_whole': 空值比例=0.00%, 零值比例=0.00%
2025-08-25 20:41:42 - FeatureEng-20250825_204020 - INFO -     - 'DIFF_12_bio_respiratory_rate_whole': 空值比例=0.00%, 零值比例=0.00%
2025-08-25 20:41:42 - FeatureEng-20250825_204020 - INFO -     - 'DIFF_12_bio_breath_depth_var_whole': 空值比例=0.00%, 零值比例=0.00%
2025-08-25 20:41:42 - FeatureEng-20250825_204020 - INFO -     - 'DIFF_12_bio_breath_irregularity_whole': 空值比例=0.00%, 零值比例=0.00%
2025-08-25 20:41:42 - FeatureEng-20250825_204020 - INFO -     - 'DIFF_12_bio_apnea_ratio_whole': 空值比例=0.00%, 零值比例=0.00%
2025-08-25 20:41:42 - FeatureEng-20250825_204020 - INFO -     - 'DIFF_12_bio_circadian_strength_whole': 空值比例=0.00%, 零值比例=0.00%
2025-08-25 20:41:42 - FeatureEng-20250825_204020 - INFO -     - 'DIFF_12_bio_peak_time_whole': 空值比例=0.00%, 零值比例=4.27%
2025-08-25 20:41:42 - FeatureEng-20250825_204020 - INFO -     - 'DIFF_12_bio_day_night_ratio_whole': 空值比例=0.00%, 零值比例=0.00%
2025-08-25 20:41:43 - FeatureEng-20250825_204020 - INFO - 数据ID '0' 特征生成完成，最终特征数: 5859
2025-08-25 20:41:43 - FeatureEng-20250825_204020 - INFO - 已将基础文件 features_20250820_215440_id_0.parquet 备份到: E:\ggq的文件\比赛\25-ADIA-Lab-Structure-Break\ADIA-Lab-Structural-Break\feature_dfs\backups
2025-08-25 20:41:43 - FeatureEng-20250825_204020 - INFO - 未找到相关的增强数据文件
2025-08-25 20:41:47 - FeatureEng-20250825_204020 - INFO - 特征已保存到新文件: features_20250825_204143.parquet
2025-08-25 20:41:47 - FeatureEng-20250825_204020 - INFO - --- 生成后完整特征统计 ---
2025-08-25 20:41:47 - FeatureEng-20250825_204020 - INFO - 数据ID '0': 5859 个特征
2025-08-25 20:41:47 - FeatureEng-20250825_204020 - INFO -   特征列表: ['RAW_1_stats_mean_left', 'RAW_1_stats_mean_right', 'RAW_1_stats_mean_whole', 'RAW_1_stats_mean_diff', 'RAW_1_stats_mean_ratio', 'RAW_1_stats_mean_contribution_left', 'RAW_1_stats_mean_contribution_right', 'RAW_1_stats_mean_ratio_to_whole_left', 'RAW_1_stats_mean_ratio_to_whole_right', 'RAW_1_stats_median_left']...
2025-08-25 20:41:47 - FeatureEng-20250825_204020 - INFO - -----------------------------
2025-08-25 20:41:47 - FeatureEng-20250825_204020 - INFO - === 特征生成完成统计 ===
2025-08-25 20:41:47 - FeatureEng-20250825_204020 - INFO - 数据ID '0': 5535 -> 5859 个特征 (+324)
2025-08-25 20:41:47 - FeatureEng-20250825_204020 - INFO - 生成/更新完成。新文件: features_20250825_204143.parquet
