2025-07-08 21:43:18 - FeatureEng-20250708_214318 - INFO - ========== Running Command: gen-feats ==========
2025-07-08 21:43:18 - FeatureEng-20250708_214318 - INFO - Args: {'command': 'gen-feats', 'funcs': ['ar_model_features'], 'base_file': None}
2025-07-08 21:43:18 - FeatureEng-20250708_214318 - INFO - =======================================
2025-07-08 21:43:19 - FeatureEng-20250708_214318 - INFO - 将基于特征文件进行更新: features_20250708_143209.parquet
2025-07-08 21:43:19 - FeatureEng-20250708_214318 - INFO - --- 开始生成特征: ar_model_features ---
2025-07-08 21:43:47 - FeatureEng-20250708_214318 - INFO - 'ar_model_features' 生成完毕，耗时: 28.84 秒。
2025-07-08 21:43:47 - FeatureEng-20250708_214318 - INFO -   新生成特征列名: ['residuals_s2_pred_mean', 'residuals_s2_pred_std', 'residuals_s2_pred_skew', 'residuals_s2_pred_kurt', 'residuals_s1_pred_mean', 'residuals_s1_pred_std', 'residuals_s1_pred_skew', 'residuals_s1_pred_kurt', 'resid_std_diff', 'aic_diff', 'bic_diff', 'param_0_diff', 'param_1_diff', 'param_2_diff', 'param_3_diff', 'param_4_diff', 'param_5_diff']
2025-07-08 21:43:47 - FeatureEng-20250708_214318 - INFO -     - 'residuals_s2_pred_mean': 空值比例=0.00%, 零值比例=0.00%
2025-07-08 21:43:47 - FeatureEng-20250708_214318 - INFO -     - 'residuals_s2_pred_std': 空值比例=0.00%, 零值比例=0.00%
2025-07-08 21:43:47 - FeatureEng-20250708_214318 - INFO -     - 'residuals_s2_pred_skew': 空值比例=0.00%, 零值比例=0.00%
2025-07-08 21:43:47 - FeatureEng-20250708_214318 - INFO -     - 'residuals_s2_pred_kurt': 空值比例=0.00%, 零值比例=0.00%
2025-07-08 21:43:47 - FeatureEng-20250708_214318 - INFO -     - 'residuals_s1_pred_mean': 空值比例=0.00%, 零值比例=0.00%
2025-07-08 21:43:47 - FeatureEng-20250708_214318 - INFO -     - 'residuals_s1_pred_std': 空值比例=0.00%, 零值比例=0.00%
2025-07-08 21:43:47 - FeatureEng-20250708_214318 - INFO -     - 'residuals_s1_pred_skew': 空值比例=0.00%, 零值比例=0.00%
2025-07-08 21:43:47 - FeatureEng-20250708_214318 - INFO -     - 'residuals_s1_pred_kurt': 空值比例=0.00%, 零值比例=0.00%
2025-07-08 21:43:47 - FeatureEng-20250708_214318 - INFO -     - 'resid_std_diff': 空值比例=0.00%, 零值比例=0.00%
2025-07-08 21:43:47 - FeatureEng-20250708_214318 - INFO -     - 'aic_diff': 空值比例=0.00%, 零值比例=0.00%
2025-07-08 21:43:47 - FeatureEng-20250708_214318 - INFO -     - 'bic_diff': 空值比例=0.00%, 零值比例=0.00%
2025-07-08 21:43:47 - FeatureEng-20250708_214318 - INFO -     - 'param_0_diff': 空值比例=0.00%, 零值比例=0.00%
2025-07-08 21:43:47 - FeatureEng-20250708_214318 - INFO -     - 'param_1_diff': 空值比例=0.00%, 零值比例=0.00%
2025-07-08 21:43:47 - FeatureEng-20250708_214318 - INFO -     - 'param_2_diff': 空值比例=0.00%, 零值比例=0.00%
2025-07-08 21:43:47 - FeatureEng-20250708_214318 - INFO -     - 'param_3_diff': 空值比例=0.00%, 零值比例=0.00%
2025-07-08 21:43:47 - FeatureEng-20250708_214318 - INFO -     - 'param_4_diff': 空值比例=0.00%, 零值比例=0.00%
2025-07-08 21:43:47 - FeatureEng-20250708_214318 - INFO -     - 'param_5_diff': 空值比例=0.00%, 零值比例=0.00%
2025-07-08 21:43:48 - FeatureEng-20250708_214318 - INFO - 
Number of new features: 17
2025-07-08 21:43:48 - FeatureEng-20250708_214318 - INFO - Number of loaded features: 114
2025-07-08 21:43:48 - FeatureEng-20250708_214318 - INFO - 
New features with high correlation (|corr| > 0.7) to loaded features:
2025-07-08 21:43:48 - FeatureEng-20250708_214318 - INFO - 
residuals_s2_pred_mean is highly correlated with:
2025-07-08 21:43:48 - FeatureEng-20250708_214318 - INFO -   - sum_diff: 0.795
2025-07-08 21:43:48 - FeatureEng-20250708_214318 - INFO -   - cumsum_max_diff: 0.796
2025-07-08 21:43:48 - FeatureEng-20250708_214318 - INFO -   - max_power_diff: 0.932
2025-07-08 21:43:48 - FeatureEng-20250708_214318 - INFO -   - agg_linear_trend_attr_intercept_chunk_len_50_f_agg_mean_: -0.722
2025-07-08 21:43:48 - FeatureEng-20250708_214318 - INFO - 
residuals_s2_pred_std is highly correlated with:
2025-07-08 21:43:48 - FeatureEng-20250708_214318 - INFO -   - max_power_diff: -0.752
2025-07-08 21:43:48 - FeatureEng-20250708_214318 - INFO - 
residuals_s1_pred_mean is highly correlated with:
2025-07-08 21:43:48 - FeatureEng-20250708_214318 - INFO -   - sum_diff: -0.828
2025-07-08 21:43:48 - FeatureEng-20250708_214318 - INFO -   - cumsum_max_diff: -0.825
2025-07-08 21:43:48 - FeatureEng-20250708_214318 - INFO -   - rolling_std_diff: -0.733
2025-07-08 21:43:48 - FeatureEng-20250708_214318 - INFO -   - mean_diff: -0.998
2025-07-08 21:43:48 - FeatureEng-20250708_214318 - INFO -   - rolling_std_w50_mean_diff: -0.707
2025-07-08 21:43:48 - FeatureEng-20250708_214318 - INFO -   - linear_trend_attr_slope_: -0.705
2025-07-08 21:43:48 - FeatureEng-20250708_214318 - INFO -   - agg_linear_trend_attr_slope_chunk_len_5_f_agg_mean_: -0.724
2025-07-08 21:43:48 - FeatureEng-20250708_214318 - INFO -   - agg_linear_trend_attr_slope_chunk_len_10_f_agg_mean_: -0.739
2025-07-08 21:43:48 - FeatureEng-20250708_214318 - INFO - 
residuals_s1_pred_std is highly correlated with:
2025-07-08 21:43:48 - FeatureEng-20250708_214318 - INFO -   - cumsum_max_diff: -0.702
2025-07-08 21:43:48 - FeatureEng-20250708_214318 - INFO -   - diff_var_diff: -0.944
2025-07-08 21:43:48 - FeatureEng-20250708_214318 - INFO -   - ptp_diff: -0.964
2025-07-08 21:43:48 - FeatureEng-20250708_214318 - INFO -   - std_diff: -0.956
2025-07-08 21:43:48 - FeatureEng-20250708_214318 - INFO -   - rolling_std_w50_mean_diff: -0.702
2025-07-08 21:43:48 - FeatureEng-20250708_214318 - INFO -   - agg_linear_trend_attr_intercept_chunk_len_50_f_agg_max_: -0.720
2025-07-08 21:43:48 - FeatureEng-20250708_214318 - INFO - 
residuals_s1_pred_skew is highly correlated with:
2025-07-08 21:43:48 - FeatureEng-20250708_214318 - INFO -   - skew_diff: -0.789
2025-07-08 21:43:48 - FeatureEng-20250708_214318 - INFO - 
residuals_s1_pred_kurt is highly correlated with:
2025-07-08 21:43:48 - FeatureEng-20250708_214318 - INFO -   - kurt_diff: -0.925
2025-07-08 21:43:48 - FeatureEng-20250708_214318 - INFO - 
resid_std_diff is highly correlated with:
2025-07-08 21:43:48 - FeatureEng-20250708_214318 - INFO -   - diff_var_diff: 0.953
2025-07-08 21:43:48 - FeatureEng-20250708_214318 - INFO -   - ptp_diff: 0.990
2025-07-08 21:43:48 - FeatureEng-20250708_214318 - INFO -   - std_diff: 0.984
2025-07-08 21:43:48 - FeatureEng-20250708_214318 - INFO -   - rolling_std_w50_mean_diff: 0.834
2025-07-08 21:43:48 - FeatureEng-20250708_214318 - INFO -   - agg_linear_trend_attr_intercept_chunk_len_50_f_agg_max_: 0.780
2025-07-08 21:43:48 - FeatureEng-20250708_214318 - INFO - 
param_0_diff is highly correlated with:
2025-07-08 21:43:48 - FeatureEng-20250708_214318 - INFO -   - rolling_std_diff: 0.782
2025-07-08 21:43:48 - FeatureEng-20250708_214318 - INFO -   - mean_diff: 0.706
2025-07-08 21:43:48 - FeatureEng-20250708_214318 - INFO -   - rolling_std_w50_mean_diff: 0.855
2025-07-08 21:43:48 - FeatureEng-20250708_214318 - INFO -   - change_quantiles_f_agg_var_isabs_True_qh_0_8_ql_0_4: 0.708
2025-07-08 21:43:48 - FeatureEng-20250708_214318 - INFO -   - change_quantiles_f_agg_var_isabs_True_qh_0_8_ql_0_2: 0.713
2025-07-08 21:43:48 - FeatureEng-20250708_214318 - INFO -   - change_quantiles_f_agg_var_isabs_True_qh_0_6_ql_0_2: 0.709
2025-07-08 21:43:48 - FeatureEng-20250708_214318 - INFO -   - change_quantiles_f_agg_var_isabs_False_qh_0_8_ql_0_2: 0.706
2025-07-08 21:43:48 - FeatureEng-20250708_214318 - INFO -   - change_quantiles_f_agg_var_isabs_False_qh_0_8_ql_0_0: 0.734
2025-07-08 21:43:48 - FeatureEng-20250708_214318 - INFO - 
param_1_diff is highly correlated with:
2025-07-08 21:43:48 - FeatureEng-20250708_214318 - INFO -   - autocorr_lag1_diff: 0.987
2025-07-08 21:43:48 - FeatureEng-20250708_214318 - INFO -   - hjorth_mobility_diff: -0.982
2025-07-08 21:43:48 - FeatureEng-20250708_214318 - INFO -   - hjorth_complexity_diff: 0.878
2025-07-08 21:43:48 - FeatureEng-20250708_214318 - INFO - 
param_2_diff is highly correlated with:
2025-07-08 21:43:48 - FeatureEng-20250708_214318 - INFO -   - partial_autocorrelation_lag_2: 0.982
2025-07-08 21:43:48 - FeatureEng-20250708_214318 - INFO -   - ar_coefficient_coeff_2_k_10: 0.989
2025-07-08 21:43:48 - FeatureEng-20250708_214318 - INFO - 
Dropping 5 new features with |corr| > 0.95:
2025-07-08 21:43:48 - FeatureEng-20250708_214318 - INFO -   - residuals_s1_pred_mean
2025-07-08 21:43:48 - FeatureEng-20250708_214318 - INFO -   - residuals_s1_pred_std
2025-07-08 21:43:48 - FeatureEng-20250708_214318 - INFO -   - resid_std_diff
2025-07-08 21:43:48 - FeatureEng-20250708_214318 - INFO -   - param_1_diff
2025-07-08 21:43:48 - FeatureEng-20250708_214318 - INFO -   - param_2_diff
2025-07-08 21:43:48 - FeatureEng-20250708_214318 - INFO - 已将文件 features_20250708_143209.parquet 备份到: E:\CSworks\2025spring\crunch\repo\ADIA-Lab-Structural-Break\feature_dfs\backups
2025-07-08 21:43:48 - FeatureEng-20250708_214318 - INFO - 特征已保存到新文件: features_20250708_214348.parquet
2025-07-08 21:43:48 - FeatureEng-20250708_214318 - INFO - --- 生成后完整特征列表 ---
2025-07-08 21:43:48 - FeatureEng-20250708_214318 - INFO - ['sum_diff', 'cumsum_max_diff', 'zero_cross_diff', 'autocorr_lag1_diff', 'diff_var_diff', 'dominant_freq_diff', 'max_power_diff', 'ptp_diff', 'iqr_diff', 'cv_diff', 'rolling_std_diff', 'theil_sen_slope_diff', 'ar_resid_std_diff', 'ar_aic_diff', 'ar_predict_mse', 'shannon_entropy_0', 'shannon_entropy_1', 'shannon_entropy_diff', 'perm_entropy_0', 'perm_entropy_1', 'perm_entropy_diff', 'spectral_entropy_0', 'spectral_entropy_1', 'spectral_entropy_diff', 'svd_entropy_0', 'svd_entropy_1', 'svd_entropy_diff', 'approx_entropy_0', 'approx_entropy_1', 'approx_entropy_diff', 'sample_entropy_0', 'sample_entropy_1', 'sample_entropy_diff', 'hjorth_mobility_0', 'hjorth_complexity_0', 'hjorth_mobility_1', 'hjorth_complexity_1', 'hjorth_mobility_diff', 'hjorth_complexity_diff', 'num_zerocross_0', 'num_zerocross_1', 'num_zerocross_diff', 'lziv_complexity_0', 'lziv_complexity_1', 'lziv_complexity_diff', 'cond_entropy_0', 'cond_entropy_1', 'cond_entropy_diff', 'petrosian_fd_diff', 'katz_fd_diff', 'higuchi_fd_diff', 'detrended_fluctuation_diff', 'mean_diff', 'std_diff', 'std_ratio', 'skew_diff', 'kurt_diff', 'ks_stat', 'ks_pvalue', 'ttest_pvalue', 'ad_stat', 'ad_pvalue', 'rolling_std_w50_mean_diff', 'ratio_value_number_to_time_series_length', 'ratio_beyond_r_sigma_6', 'ratio_beyond_r_sigma_1_5', 'quantile_0_6', 'quantile_0_4', 'quantile_0_1', 'percentage_of_reoccurring_values_to_all_values', 'percentage_of_reoccurring_datapoints_to_all_datapoints', 'last_location_of_maximum', 'first_location_of_maximum', 'partial_autocorrelation_lag_2', 'linear_trend_attr_slope_', 'linear_trend_attr_rvalue_', 'linear_trend_attr_intercept_', 'fft_coefficient_attr_imag_coeff_3', 'fft_coefficient_attr_imag_coeff_2', 'fft_coefficient_attr_imag_coeff_1', 'change_quantiles_f_agg_var_isabs_True_qh_1_0_ql_0_4', 'change_quantiles_f_agg_var_isabs_True_qh_1_0_ql_0_2', 'change_quantiles_f_agg_var_isabs_True_qh_0_8_ql_0_6', 'change_quantiles_f_agg_var_isabs_True_qh_0_8_ql_0_4', 'change_quantiles_f_agg_var_isabs_True_qh_0_8_ql_0_2', 'change_quantiles_f_agg_var_isabs_True_qh_0_6_ql_0_4', 'change_quantiles_f_agg_var_isabs_True_qh_0_6_ql_0_2', 'change_quantiles_f_agg_var_isabs_True_qh_0_4_ql_0_2', 'change_quantiles_f_agg_var_isabs_False_qh_1_0_ql_0_4', 'change_quantiles_f_agg_var_isabs_False_qh_1_0_ql_0_2', 'change_quantiles_f_agg_var_isabs_False_qh_0_8_ql_0_4', 'change_quantiles_f_agg_var_isabs_False_qh_0_8_ql_0_2', 'change_quantiles_f_agg_var_isabs_False_qh_0_8_ql_0_0', 'change_quantiles_f_agg_var_isabs_False_qh_0_6_ql_0_4', 'change_quantiles_f_agg_var_isabs_False_qh_0_6_ql_0_2', 'change_quantiles_f_agg_var_isabs_False_qh_0_4_ql_0_2', 'change_quantiles_f_agg_mean_isabs_True_qh_1_0_ql_0_4', 'change_quantiles_f_agg_mean_isabs_True_qh_0_6_ql_0_4', 'ar_coefficient_coeff_2_k_10', 'agg_linear_trend_attr_slope_chunk_len_50_f_agg_mean_', 'agg_linear_trend_attr_slope_chunk_len_5_f_agg_mean_', 'agg_linear_trend_attr_slope_chunk_len_10_f_agg_mean_', 'agg_linear_trend_attr_rvalue_chunk_len_50_f_agg_mean_', 'agg_linear_trend_attr_rvalue_chunk_len_50_f_agg_max_', 'agg_linear_trend_attr_rvalue_chunk_len_5_f_agg_mean_', 'agg_linear_trend_attr_rvalue_chunk_len_5_f_agg_max_', 'agg_linear_trend_attr_rvalue_chunk_len_10_f_agg_mean_', 'agg_linear_trend_attr_rvalue_chunk_len_10_f_agg_max_', 'agg_linear_trend_attr_intercept_chunk_len_50_f_agg_mean_', 'agg_linear_trend_attr_intercept_chunk_len_50_f_agg_max_', 'agg_linear_trend_attr_intercept_chunk_len_5_f_agg_mean_', 'agg_linear_trend_attr_intercept_chunk_len_5_f_agg_max_', 'agg_linear_trend_attr_intercept_chunk_len_10_f_agg_mean_', 'agg_linear_trend_attr_intercept_chunk_len_10_f_agg_max_', 'residuals_s2_pred_mean', 'residuals_s2_pred_std', 'residuals_s2_pred_skew', 'residuals_s2_pred_kurt', 'residuals_s1_pred_skew', 'residuals_s1_pred_kurt', 'aic_diff', 'bic_diff', 'param_0_diff', 'param_3_diff', 'param_4_diff', 'param_5_diff']
2025-07-08 21:43:48 - FeatureEng-20250708_214318 - INFO - -----------------------------
2025-07-08 21:43:48 - FeatureEng-20250708_214318 - INFO - 生成/更新完成。新文件: features_20250708_214348.parquet, 总特征数: 126
