2025-09-14 13:39:10 - FeatureEng-20250914_133910 - INFO - ========== Running Command: gen-feats ==========
2025-09-14 13:39:10 - FeatureEng-20250914_133910 - INFO - Args: {'command': 'gen-feats', 'funcs': None, 'trans': None, 'base_file': None}
2025-09-14 13:39:10 - FeatureEng-20250914_133910 - INFO - =======================================
2025-09-14 13:39:10 - FeatureEng-20250914_133910 - INFO - Loading data...
2025-09-14 13:39:10 - FeatureEng-20250914_133910 - INFO - Original data loaded successfully.
2025-09-14 13:39:10 - FeatureEng-20250914_133910 - INFO - X_train shape: (23715734, 2)
2025-09-14 13:39:10 - FeatureEng-20250914_133910 - INFO - X_train type: <class 'pandas.core.frame.DataFrame'>
2025-09-14 13:39:10 - FeatureEng-20250914_133910 - INFO - y_train shape: (10001, 1)
2025-09-14 13:39:10 - FeatureEng-20250914_133910 - INFO - y_train type: <class 'pandas.core.frame.DataFrame'>
2025-09-14 13:39:10 - FeatureEng-20250914_133910 - INFO - Loading enhancement data with IDs: ['0']
2025-09-14 13:39:10 - FeatureEng-20250914_133910 - INFO - Total datasets loaded: 1
2025-09-14 13:39:10 - FeatureEng-20250914_133910 - INFO - Dataset 0: X shape (23715734, 2), y shape (10001, 1)
2025-09-14 13:39:10 - FeatureEng-20250914_133910 - INFO - 输入为字典格式，包含数据ID: ['0']
2025-09-14 13:39:10 - FeatureEng-20250914_133910 - INFO - 未指定特征函数，将运行所有 11 个非实验性特征。
2025-09-14 13:39:10 - FeatureEng-20250914_133910 - INFO - 将基于特征文件进行更新: features_20250820_215440_id_0.parquet
2025-09-14 13:39:11 - FeatureEng-20250914_133910 - INFO - 基础特征字典包含数据ID: ['0']
2025-09-14 13:39:11 - FeatureEng-20250914_133910 - INFO -   数据ID '0': (10001, 5535)
2025-09-14 13:39:11 - FeatureEng-20250914_133910 - INFO - === 开始为数据ID '0' 生成特征 ===
2025-09-14 13:39:11 - FeatureEng-20250914_133910 - INFO - --- 开始时序分解（数据ID: 0） ---
2025-09-14 13:39:11 - FeatureEng-20250914_133910 - INFO - --- 开始应用变换函数: no_transformation ---
2025-09-14 13:39:11 - FeatureEng-20250914_133910 - INFO - 'no_transformation' 变换完毕，耗时: 0.00 秒，生成模态: ['RAW']
2025-09-14 13:39:11 - FeatureEng-20250914_133910 - INFO - --- 开始应用变换函数: cumsum_transformation ---
