2025-07-07 00:29:52 - FeatureEng-20250707_002952 - INFO - =======================================
2025-07-07 00:29:52 - FeatureEng-20250707_002952 - INFO - ========== Running Command: gen-feats ==========
2025-07-07 00:29:52 - FeatureEng-20250707_002952 - INFO - Args: {'command': 'gen-feats', 'funcs': None}
2025-07-07 00:29:52 - FeatureEng-20250707_002952 - INFO - =======================================
2025-07-07 00:29:52 - FeatureEng-20250707_002952 - INFO - 开始特征生成流程...
2025-07-07 00:29:52 - FeatureEng-20250707_002952 - INFO - Loading data...
2025-07-07 00:29:53 - FeatureEng-20250707_002952 - INFO - Data loaded successfully.
2025-07-07 00:29:53 - FeatureEng-20250707_002952 - INFO - X_train shape: (23715734, 2)
2025-07-07 00:29:53 - FeatureEng-20250707_002952 - INFO - y_train shape: (10001, 1)
2025-07-07 00:29:53 - FeatureEng-20250707_002952 - INFO - 将生成所有已注册的特征。
2025-07-07 00:29:53 - FeatureEng-20250707_002952 - INFO - 已将旧特征文件备份到: E:\CSworks\2025spring\crunch\repo\ADIA-Lab-Structural-Break\feature_dfs\backups\features_20250707_002953.parquet
2025-07-07 00:29:53 - FeatureEng-20250707_002952 - INFO - --- 开始生成特征: distributional_stats ---
2025-07-07 00:30:22 - FeatureEng-20250707_002952 - INFO - --- 完成生成特征: distributional_stats ---
2025-07-07 00:30:22 - FeatureEng-20250707_002952 - INFO - --- 开始生成特征: cumulative_features ---
2025-07-07 00:30:27 - FeatureEng-20250707_002952 - INFO - --- 完成生成特征: cumulative_features ---
2025-07-07 00:30:27 - FeatureEng-20250707_002952 - INFO - --- 开始生成特征: oscillation_features ---
2025-07-07 00:30:33 - FeatureEng-20250707_002952 - INFO - --- 完成生成特征: oscillation_features ---
2025-07-07 00:30:33 - FeatureEng-20250707_002952 - INFO - --- 开始生成特征: cyclic_features ---
2025-07-07 00:30:38 - FeatureEng-20250707_002952 - INFO - --- 完成生成特征: cyclic_features ---
2025-07-07 00:30:38 - FeatureEng-20250707_002952 - INFO - --- 开始生成特征: amplitude_features ---
2025-07-07 00:30:43 - FeatureEng-20250707_002952 - INFO - --- 完成生成特征: amplitude_features ---
2025-07-07 00:30:43 - FeatureEng-20250707_002952 - INFO - --- 开始生成特征: higher_order_stats_features ---
2025-07-07 00:35:38 - FeatureEng-20250707_002952 - INFO - --- 完成生成特征: higher_order_stats_features ---
2025-07-07 00:35:38 - FeatureEng-20250707_002952 - INFO - --- 开始生成特征: ar_model_residual_features ---
2025-07-07 00:35:43 - FeatureEng-20250707_002952 - INFO - --- 完成生成特征: ar_model_residual_features ---
2025-07-07 00:35:43 - FeatureEng-20250707_002952 - INFO - --- 开始生成特征: entropy_features ---
2025-07-07 00:36:17 - FeatureEng-20250707_002952 - INFO - --- 完成生成特征: entropy_features ---
2025-07-07 00:36:17 - FeatureEng-20250707_002952 - INFO - --- 开始生成特征: fractal_dimension_features ---
2025-07-07 00:36:23 - FeatureEng-20250707_002952 - INFO - --- 完成生成特征: fractal_dimension_features ---
2025-07-07 00:36:23 - FeatureEng-20250707_002952 - INFO - 特征文件已更新。当前总特征数: 60
2025-07-07 00:36:23 - FeatureEng-20250707_002952 - INFO - 特征生成完成。
