2025-08-25 20:38:34 - FeatureEng-20250825_203834 - INFO - ========== Running Command: gen-feats ==========
2025-08-25 20:38:34 - FeatureEng-20250825_203834 - INFO - Args: {'command': 'gen-feats', 'funcs': ['fin_domin_features', 'bio_domin_features'], 'trans': None, 'base_file': None}
2025-08-25 20:38:34 - FeatureEng-20250825_203834 - INFO - =======================================
2025-08-25 20:38:34 - FeatureEng-20250825_203834 - INFO - Loading data...
2025-08-25 20:38:35 - FeatureEng-20250825_203834 - INFO - Original data loaded successfully.
2025-08-25 20:38:35 - FeatureEng-20250825_203834 - INFO - X_train shape: (23715734, 2)
2025-08-25 20:38:35 - FeatureEng-20250825_203834 - INFO - X_train type: <class 'pandas.core.frame.DataFrame'>
2025-08-25 20:38:35 - FeatureEng-20250825_203834 - INFO - y_train shape: (10001, 1)
2025-08-25 20:38:35 - FeatureEng-20250825_203834 - INFO - y_train type: <class 'pandas.core.frame.DataFrame'>
2025-08-25 20:38:35 - FeatureEng-20250825_203834 - INFO - Loading enhancement data with IDs: ['0']
2025-08-25 20:38:35 - FeatureEng-20250825_203834 - INFO - Total datasets loaded: 1
2025-08-25 20:38:35 - FeatureEng-20250825_203834 - INFO - Dataset 0: X shape (23715734, 2), y shape (10001, 1)
2025-08-25 20:38:35 - FeatureEng-20250825_203834 - INFO - 输入为字典格式，包含数据ID: ['0']
2025-08-25 20:38:35 - FeatureEng-20250825_203834 - INFO - 将基于特征文件进行更新: features_20250820_215440_id_0.parquet
2025-08-25 20:38:36 - FeatureEng-20250825_203834 - INFO - 基础特征字典包含数据ID: ['0']
2025-08-25 20:38:36 - FeatureEng-20250825_203834 - INFO -   数据ID '0': (10001, 5535)
2025-08-25 20:38:36 - FeatureEng-20250825_203834 - INFO - === 开始为数据ID '0' 生成特征 ===
2025-08-25 20:38:36 - FeatureEng-20250825_203834 - INFO - --- 开始时序分解（数据ID: 0） ---
2025-08-25 20:38:36 - FeatureEng-20250825_203834 - INFO - --- 开始应用变换函数: no_transformation ---
2025-08-25 20:38:36 - FeatureEng-20250825_203834 - INFO - 'no_transformation' 变换完毕，耗时: 0.00 秒，生成模态: ['RAW']
2025-08-25 20:38:36 - FeatureEng-20250825_203834 - INFO - --- 开始应用变换函数: cumsum_transformation ---
2025-08-25 20:38:45 - FeatureEng-20250825_203834 - INFO - 'cumsum_transformation' 变换完毕，耗时: 8.60 秒，生成模态: ['CUMSUM']
2025-08-25 20:38:45 - FeatureEng-20250825_203834 - INFO - --- 开始应用变换函数: diff_transformation ---
2025-08-25 20:38:53 - FeatureEng-20250825_203834 - INFO - 'diff_transformation' 变换完毕，耗时: 8.38 秒，生成模态: ['DIFF']
2025-08-25 20:38:53 - FeatureEng-20250825_203834 - INFO - 分解完成，共生成 3 个模态: ['RAW', 'CUMSUM', 'DIFF']
2025-08-25 20:38:53 - FeatureEng-20250825_203834 - INFO - === 开始为数据ID '0' 的模态 'RAW' 生成特征 ===
2025-08-25 20:38:53 - FeatureEng-20250825_203834 - INFO - --- 开始生成特征: fin_domin_features ---
