2025-07-14 13:18:02 - FeatureEng-20250714_131802 - INFO - ========== Running Command: gen-feats ==========
2025-07-14 13:18:02 - FeatureEng-20250714_131802 - INFO - Args: {'command': 'gen-feats', 'funcs': None, 'base_file': None}
2025-07-14 13:18:02 - FeatureEng-20250714_131802 - INFO - =======================================
2025-07-14 13:18:05 - FeatureEng-20250714_131802 - INFO - 开始裁剪离群值 (IQR multiplier = 5.0)...
2025-07-14 13:20:12 - FeatureEng-20250714_131802 - INFO - 裁剪完成。总共 79845 个点 (0.3367%) 被裁剪。
2025-07-14 13:20:12 - FeatureEng-20250714_131802 - INFO - 未指定特征函数，将运行所有 11 个非实验性特征。
2025-07-14 13:20:12 - FeatureEng-20250714_131802 - INFO - 未找到基础特征文件，将创建全新的特征集。
2025-07-14 13:20:13 - FeatureEng-20250714_131802 - INFO - 基础特征文件格式：(10001, 0)
2025-07-14 13:20:13 - FeatureEng-20250714_131802 - INFO - --- 开始生成特征: distribution_stats_features ---
2025-07-14 13:25:01 - FeatureEng-20250714_131802 - INFO - 'distribution_stats_features' 生成完毕，耗时: 288.04 秒。
2025-07-14 13:25:01 - FeatureEng-20250714_131802 - INFO -   新生成特征列名: ['mean_diff', 'median_diff', 'max_diff', 'min_diff', 'range_diff', 'std_diff', 'std_ratio', 'skew_diff', 'kurt_diff', 'cv_diff', 'rolling_std_diff', 'theil_sen_slope_diff']
2025-07-14 13:25:01 - FeatureEng-20250714_131802 - INFO -     - 'mean_diff': 空值比例=0.00%, 零值比例=0.00%
2025-07-14 13:25:01 - FeatureEng-20250714_131802 - INFO -     - 'median_diff': 空值比例=0.00%, 零值比例=0.00%
2025-07-14 13:25:01 - FeatureEng-20250714_131802 - INFO -     - 'max_diff': 空值比例=0.00%, 零值比例=0.02%
2025-07-14 13:25:01 - FeatureEng-20250714_131802 - INFO -     - 'min_diff': 空值比例=0.00%, 零值比例=0.05%
2025-07-14 13:25:01 - FeatureEng-20250714_131802 - INFO -     - 'range_diff': 空值比例=0.00%, 零值比例=0.00%
2025-07-14 13:25:01 - FeatureEng-20250714_131802 - INFO -     - 'std_diff': 空值比例=0.00%, 零值比例=0.00%
2025-07-14 13:25:01 - FeatureEng-20250714_131802 - INFO -     - 'std_ratio': 空值比例=0.00%, 零值比例=0.00%
2025-07-14 13:25:01 - FeatureEng-20250714_131802 - INFO -     - 'skew_diff': 空值比例=0.00%, 零值比例=0.00%
2025-07-14 13:25:01 - FeatureEng-20250714_131802 - INFO -     - 'kurt_diff': 空值比例=0.00%, 零值比例=0.00%
2025-07-14 13:25:01 - FeatureEng-20250714_131802 - INFO -     - 'cv_diff': 空值比例=0.00%, 零值比例=0.13%
2025-07-14 13:25:01 - FeatureEng-20250714_131802 - INFO -     - 'rolling_std_diff': 空值比例=0.00%, 零值比例=0.00%
2025-07-14 13:25:01 - FeatureEng-20250714_131802 - INFO -     - 'theil_sen_slope_diff': 空值比例=0.00%, 零值比例=0.03%
2025-07-14 13:25:01 - FeatureEng-20250714_131802 - INFO - 
Number of new features: 12
2025-07-14 13:25:01 - FeatureEng-20250714_131802 - INFO - Number of loaded features: 0
2025-07-14 13:25:01 - FeatureEng-20250714_131802 - INFO - 
No new features show high correlation (|corr| > 0.7) with loaded features.
2025-07-14 13:25:01 - FeatureEng-20250714_131802 - INFO - 
No new features exceeded threshold |corr| > 0.95, nothing dropped.
2025-07-14 13:25:01 - FeatureEng-20250714_131802 - INFO - --- 开始生成特征: test_stats_features ---
2025-07-14 13:27:04 - FeatureEng-20250714_131802 - INFO - 'test_stats_features' 生成完毕，耗时: 122.35 秒。
2025-07-14 13:27:04 - FeatureEng-20250714_131802 - INFO -   新生成特征列名: ['ks_stat', 'ks_pvalue', 'ttest_pvalue', 'ad_stat', 'ad_pvalue', 'mannwhitney_stat', 'mannwhitney_pvalue', 'wilcoxon_stat', 'wilcoxon_pvalue', 'levene_stat', 'levene_pvalue', 'bartlett_stat', 'bartlett_pvalue', 'shapiro_pvalue_0', 'shapiro_pvalue_1', 'shapiro_pvalue_diff', 'jb_pvalue_0', 'jb_pvalue_1', 'jb_pvalue_diff', 'kpss_pvalue_0', 'kpss_pvalue_1', 'kpss_pvalue_diff', 'kpss_stat_diff', 'adf_pvalue_0', 'adf_pvalue_1', 'adf_pvalue_diff', 'adf_stat_diff', 'adf_icbest_diff']
2025-07-14 13:27:04 - FeatureEng-20250714_131802 - INFO -     - 'ks_stat': 空值比例=0.00%, 零值比例=0.00%
2025-07-14 13:27:04 - FeatureEng-20250714_131802 - INFO -     - 'ks_pvalue': 空值比例=0.00%, 零值比例=0.00%
2025-07-14 13:27:04 - FeatureEng-20250714_131802 - INFO -     - 'ttest_pvalue': 空值比例=0.00%, 零值比例=0.00%
2025-07-14 13:27:04 - FeatureEng-20250714_131802 - INFO -     - 'ad_stat': 空值比例=0.00%, 零值比例=0.00%
2025-07-14 13:27:04 - FeatureEng-20250714_131802 - INFO -     - 'ad_pvalue': 空值比例=0.00%, 零值比例=0.00%
2025-07-14 13:27:04 - FeatureEng-20250714_131802 - INFO -     - 'mannwhitney_stat': 空值比例=0.00%, 零值比例=0.00%
2025-07-14 13:27:04 - FeatureEng-20250714_131802 - INFO -     - 'mannwhitney_pvalue': 空值比例=0.00%, 零值比例=0.00%
2025-07-14 13:27:04 - FeatureEng-20250714_131802 - INFO -     - 'wilcoxon_stat': 空值比例=0.00%, 零值比例=0.00%
2025-07-14 13:27:04 - FeatureEng-20250714_131802 - INFO -     - 'wilcoxon_pvalue': 空值比例=0.00%, 零值比例=0.00%
2025-07-14 13:27:04 - FeatureEng-20250714_131802 - INFO -     - 'levene_stat': 空值比例=0.00%, 零值比例=0.00%
2025-07-14 13:27:04 - FeatureEng-20250714_131802 - INFO -     - 'levene_pvalue': 空值比例=0.00%, 零值比例=0.02%
2025-07-14 13:27:04 - FeatureEng-20250714_131802 - INFO -     - 'bartlett_stat': 空值比例=0.00%, 零值比例=0.00%
2025-07-14 13:27:04 - FeatureEng-20250714_131802 - INFO -     - 'bartlett_pvalue': 空值比例=0.00%, 零值比例=1.02%
2025-07-14 13:27:04 - FeatureEng-20250714_131802 - INFO -     - 'shapiro_pvalue_0': 空值比例=0.00%, 零值比例=0.00%
2025-07-14 13:27:04 - FeatureEng-20250714_131802 - INFO -     - 'shapiro_pvalue_1': 空值比例=0.00%, 零值比例=0.00%
2025-07-14 13:27:04 - FeatureEng-20250714_131802 - INFO -     - 'shapiro_pvalue_diff': 空值比例=0.00%, 零值比例=0.00%
2025-07-14 13:27:04 - FeatureEng-20250714_131802 - INFO -     - 'jb_pvalue_0': 空值比例=0.00%, 零值比例=25.82%
2025-07-14 13:27:04 - FeatureEng-20250714_131802 - INFO -     - 'jb_pvalue_1': 空值比例=0.00%, 零值比例=8.58%
2025-07-14 13:27:04 - FeatureEng-20250714_131802 - INFO -     - 'jb_pvalue_diff': 空值比例=0.00%, 零值比例=6.82%
2025-07-14 13:27:04 - FeatureEng-20250714_131802 - INFO -     - 'kpss_pvalue_0': 空值比例=0.00%, 零值比例=0.00%
2025-07-14 13:27:04 - FeatureEng-20250714_131802 - INFO -     - 'kpss_pvalue_1': 空值比例=0.00%, 零值比例=0.00%
2025-07-14 13:27:04 - FeatureEng-20250714_131802 - INFO -     - 'kpss_pvalue_diff': 空值比例=0.00%, 零值比例=81.58%
2025-07-14 13:27:04 - FeatureEng-20250714_131802 - INFO -     - 'kpss_stat_diff': 空值比例=0.00%, 零值比例=0.00%
2025-07-14 13:27:04 - FeatureEng-20250714_131802 - INFO -     - 'adf_pvalue_0': 空值比例=0.00%, 零值比例=63.43%
2025-07-14 13:27:04 - FeatureEng-20250714_131802 - INFO -     - 'adf_pvalue_1': 空值比例=0.00%, 零值比例=39.84%
2025-07-14 13:27:04 - FeatureEng-20250714_131802 - INFO -     - 'adf_pvalue_diff': 空值比例=0.00%, 零值比例=27.54%
2025-07-14 13:27:04 - FeatureEng-20250714_131802 - INFO -     - 'adf_stat_diff': 空值比例=0.00%, 零值比例=0.00%
2025-07-14 13:27:04 - FeatureEng-20250714_131802 - INFO -     - 'adf_icbest_diff': 空值比例=0.00%, 零值比例=0.00%
2025-07-14 13:27:04 - FeatureEng-20250714_131802 - INFO - 
Number of new features: 28
2025-07-14 13:27:04 - FeatureEng-20250714_131802 - INFO - Number of loaded features: 12
2025-07-14 13:27:04 - FeatureEng-20250714_131802 - INFO - 
No new features show high correlation (|corr| > 0.7) with loaded features.
2025-07-14 13:27:04 - FeatureEng-20250714_131802 - INFO - 
No new features exceeded threshold |corr| > 0.95, nothing dropped.
2025-07-14 13:27:04 - FeatureEng-20250714_131802 - INFO - --- 开始生成特征: cumulative_features ---
2025-07-14 13:27:10 - FeatureEng-20250714_131802 - INFO - 'cumulative_features' 生成完毕，耗时: 6.04 秒。
2025-07-14 13:27:10 - FeatureEng-20250714_131802 - INFO -   新生成特征列名: ['sum_diff', 'cumsum_max_diff']
2025-07-14 13:27:10 - FeatureEng-20250714_131802 - INFO -     - 'sum_diff': 空值比例=0.00%, 零值比例=0.00%
2025-07-14 13:27:10 - FeatureEng-20250714_131802 - INFO -     - 'cumsum_max_diff': 空值比例=0.00%, 零值比例=0.00%
2025-07-14 13:27:10 - FeatureEng-20250714_131802 - INFO - 
Number of new features: 2
2025-07-14 13:27:10 - FeatureEng-20250714_131802 - INFO - Number of loaded features: 40
2025-07-14 13:27:10 - FeatureEng-20250714_131802 - INFO - 
New features with high correlation (|corr| > 0.7) to loaded features:
2025-07-14 13:27:10 - FeatureEng-20250714_131802 - INFO - 
sum_diff is highly correlated with:
2025-07-14 13:27:10 - FeatureEng-20250714_131802 - INFO -   - mean_diff: 0.790
2025-07-14 13:27:10 - FeatureEng-20250714_131802 - INFO - 
cumsum_max_diff is highly correlated with:
2025-07-14 13:27:10 - FeatureEng-20250714_131802 - INFO -   - mean_diff: 0.764
2025-07-14 13:27:10 - FeatureEng-20250714_131802 - INFO - 
No new features exceeded threshold |corr| > 0.95, nothing dropped.
2025-07-14 13:27:10 - FeatureEng-20250714_131802 - INFO - --- 开始生成特征: oscillation_features ---
2025-07-14 13:27:16 - FeatureEng-20250714_131802 - INFO - 'oscillation_features' 生成完毕，耗时: 6.40 秒。
2025-07-14 13:27:16 - FeatureEng-20250714_131802 - INFO -   新生成特征列名: ['zero_cross_diff', 'autocorr_lag1_diff', 'diff_var_diff']
2025-07-14 13:27:16 - FeatureEng-20250714_131802 - INFO -     - 'zero_cross_diff': 空值比例=0.00%, 零值比例=0.00%
2025-07-14 13:27:16 - FeatureEng-20250714_131802 - INFO -     - 'autocorr_lag1_diff': 空值比例=0.00%, 零值比例=0.00%
2025-07-14 13:27:16 - FeatureEng-20250714_131802 - INFO -     - 'diff_var_diff': 空值比例=0.00%, 零值比例=0.00%
2025-07-14 13:27:16 - FeatureEng-20250714_131802 - INFO - 
Number of new features: 3
2025-07-14 13:27:16 - FeatureEng-20250714_131802 - INFO - Number of loaded features: 42
2025-07-14 13:27:16 - FeatureEng-20250714_131802 - INFO - 
New features with high correlation (|corr| > 0.7) to loaded features:
2025-07-14 13:27:16 - FeatureEng-20250714_131802 - INFO - 
diff_var_diff is highly correlated with:
2025-07-14 13:27:16 - FeatureEng-20250714_131802 - INFO -   - mean_diff: 0.907
2025-07-14 13:27:16 - FeatureEng-20250714_131802 - INFO -   - max_diff: -0.725
2025-07-14 13:27:16 - FeatureEng-20250714_131802 - INFO -   - std_diff: 0.764
2025-07-14 13:27:16 - FeatureEng-20250714_131802 - INFO -   - rolling_std_diff: 0.756
2025-07-14 13:27:16 - FeatureEng-20250714_131802 - INFO - 
No new features exceeded threshold |corr| > 0.95, nothing dropped.
2025-07-14 13:27:16 - FeatureEng-20250714_131802 - INFO - --- 开始生成特征: cyclic_features ---
2025-07-14 13:27:21 - FeatureEng-20250714_131802 - INFO - 'cyclic_features' 生成完毕，耗时: 4.72 秒。
2025-07-14 13:27:21 - FeatureEng-20250714_131802 - INFO -   新生成特征列名: ['dominant_freq_diff', 'max_power_diff']
2025-07-14 13:27:21 - FeatureEng-20250714_131802 - INFO -     - 'dominant_freq_diff': 空值比例=0.00%, 零值比例=0.00%
2025-07-14 13:27:21 - FeatureEng-20250714_131802 - INFO -     - 'max_power_diff': 空值比例=0.00%, 零值比例=0.00%
2025-07-14 13:27:21 - FeatureEng-20250714_131802 - INFO - 
Number of new features: 2
2025-07-14 13:27:21 - FeatureEng-20250714_131802 - INFO - Number of loaded features: 45
2025-07-14 13:27:21 - FeatureEng-20250714_131802 - INFO - 
New features with high correlation (|corr| > 0.7) to loaded features:
2025-07-14 13:27:21 - FeatureEng-20250714_131802 - INFO - 
max_power_diff is highly correlated with:
2025-07-14 13:27:21 - FeatureEng-20250714_131802 - INFO -   - mean_diff: 0.712
2025-07-14 13:27:21 - FeatureEng-20250714_131802 - INFO -   - std_diff: 0.718
2025-07-14 13:27:21 - FeatureEng-20250714_131802 - INFO -   - rolling_std_diff: 0.704
2025-07-14 13:27:21 - FeatureEng-20250714_131802 - INFO -   - cumsum_max_diff: 0.735
2025-07-14 13:27:21 - FeatureEng-20250714_131802 - INFO -   - diff_var_diff: 0.805
2025-07-14 13:27:21 - FeatureEng-20250714_131802 - INFO - 
No new features exceeded threshold |corr| > 0.95, nothing dropped.
2025-07-14 13:27:21 - FeatureEng-20250714_131802 - INFO - --- 开始生成特征: amplitude_features ---
2025-07-14 13:27:26 - FeatureEng-20250714_131802 - INFO - 'amplitude_features' 生成完毕，耗时: 5.03 秒。
2025-07-14 13:27:26 - FeatureEng-20250714_131802 - INFO -   新生成特征列名: ['ptp_diff', 'iqr_diff']
2025-07-14 13:27:26 - FeatureEng-20250714_131802 - INFO -     - 'ptp_diff': 空值比例=0.00%, 零值比例=0.00%
2025-07-14 13:27:26 - FeatureEng-20250714_131802 - INFO -     - 'iqr_diff': 空值比例=0.00%, 零值比例=0.00%
2025-07-14 13:27:26 - FeatureEng-20250714_131802 - INFO - 
Number of new features: 2
2025-07-14 13:27:26 - FeatureEng-20250714_131802 - INFO - Number of loaded features: 47
2025-07-14 13:27:26 - FeatureEng-20250714_131802 - INFO - 
New features with high correlation (|corr| > 0.7) to loaded features:
2025-07-14 13:27:26 - FeatureEng-20250714_131802 - INFO - 
ptp_diff is highly correlated with:
2025-07-14 13:27:26 - FeatureEng-20250714_131802 - INFO -   - max_diff: -0.960
2025-07-14 13:27:26 - FeatureEng-20250714_131802 - INFO -   - min_diff: 0.903
2025-07-14 13:27:26 - FeatureEng-20250714_131802 - INFO -   - range_diff: -1.000
2025-07-14 13:27:26 - FeatureEng-20250714_131802 - INFO -   - std_diff: 0.924
2025-07-14 13:27:26 - FeatureEng-20250714_131802 - INFO -   - rolling_std_diff: 0.915
2025-07-14 13:27:26 - FeatureEng-20250714_131802 - INFO - 
iqr_diff is highly correlated with:
2025-07-14 13:27:26 - FeatureEng-20250714_131802 - INFO -   - max_diff: -0.905
2025-07-14 13:27:26 - FeatureEng-20250714_131802 - INFO -   - range_diff: -0.869
2025-07-14 13:27:26 - FeatureEng-20250714_131802 - INFO -   - std_diff: 0.942
2025-07-14 13:27:26 - FeatureEng-20250714_131802 - INFO -   - rolling_std_diff: 0.974
2025-07-14 13:27:26 - FeatureEng-20250714_131802 - INFO -   - diff_var_diff: 0.737
2025-07-14 13:27:26 - FeatureEng-20250714_131802 - INFO - 
Dropping 2 new features with |corr| > 0.95:
2025-07-14 13:27:26 - FeatureEng-20250714_131802 - INFO -   - ptp_diff
2025-07-14 13:27:26 - FeatureEng-20250714_131802 - INFO -   - iqr_diff
2025-07-14 13:27:26 - FeatureEng-20250714_131802 - INFO - --- 开始生成特征: volatility_of_volatility_features ---
2025-07-14 13:27:31 - FeatureEng-20250714_131802 - INFO - 'volatility_of_volatility_features' 生成完毕，耗时: 4.93 秒。
2025-07-14 13:27:31 - FeatureEng-20250714_131802 - INFO -   新生成特征列名: ['rolling_std_w50_mean_diff']
2025-07-14 13:27:31 - FeatureEng-20250714_131802 - INFO -     - 'rolling_std_w50_mean_diff': 空值比例=0.00%, 零值比例=0.00%
2025-07-14 13:27:31 - FeatureEng-20250714_131802 - INFO - 
Number of new features: 1
2025-07-14 13:27:31 - FeatureEng-20250714_131802 - INFO - Number of loaded features: 47
2025-07-14 13:27:31 - FeatureEng-20250714_131802 - INFO - 
New features with high correlation (|corr| > 0.7) to loaded features:
2025-07-14 13:27:31 - FeatureEng-20250714_131802 - INFO - 
rolling_std_w50_mean_diff is highly correlated with:
2025-07-14 13:27:31 - FeatureEng-20250714_131802 - INFO -   - max_diff: -0.940
2025-07-14 13:27:31 - FeatureEng-20250714_131802 - INFO -   - min_diff: 0.741
2025-07-14 13:27:31 - FeatureEng-20250714_131802 - INFO -   - range_diff: -0.919
2025-07-14 13:27:31 - FeatureEng-20250714_131802 - INFO -   - std_diff: 0.992
2025-07-14 13:27:31 - FeatureEng-20250714_131802 - INFO -   - rolling_std_diff: 0.997
2025-07-14 13:27:31 - FeatureEng-20250714_131802 - INFO -   - diff_var_diff: 0.755
2025-07-14 13:27:31 - FeatureEng-20250714_131802 - INFO - 
Dropping 1 new features with |corr| > 0.95:
2025-07-14 13:27:31 - FeatureEng-20250714_131802 - INFO -   - rolling_std_w50_mean_diff
2025-07-14 13:27:31 - FeatureEng-20250714_131802 - INFO - --- 开始生成特征: entropy_features ---
2025-07-14 13:28:39 - FeatureEng-20250714_131802 - INFO - 'entropy_features' 生成完毕，耗时: 67.91 秒。
2025-07-14 13:28:39 - FeatureEng-20250714_131802 - INFO -   新生成特征列名: ['shannon_entropy_0', 'shannon_entropy_1', 'shannon_entropy_diff', 'perm_entropy_0', 'perm_entropy_1', 'perm_entropy_diff', 'spectral_entropy_0', 'spectral_entropy_1', 'spectral_entropy_diff', 'svd_entropy_0', 'svd_entropy_1', 'svd_entropy_diff', 'approx_entropy_0', 'approx_entropy_1', 'approx_entropy_diff', 'sample_entropy_0', 'sample_entropy_1', 'sample_entropy_diff', 'hjorth_mobility_0', 'hjorth_complexity_0', 'hjorth_mobility_1', 'hjorth_complexity_1', 'hjorth_mobility_diff', 'hjorth_complexity_diff', 'num_zerocross_0', 'num_zerocross_1', 'num_zerocross_diff', 'lziv_complexity_0', 'lziv_complexity_1', 'lziv_complexity_diff', 'cond_entropy_0', 'cond_entropy_1', 'cond_entropy_diff']
2025-07-14 13:28:39 - FeatureEng-20250714_131802 - INFO -     - 'shannon_entropy_0': 空值比例=0.00%, 零值比例=0.00%
2025-07-14 13:28:39 - FeatureEng-20250714_131802 - INFO -     - 'shannon_entropy_1': 空值比例=0.00%, 零值比例=0.00%
2025-07-14 13:28:39 - FeatureEng-20250714_131802 - INFO -     - 'shannon_entropy_diff': 空值比例=0.00%, 零值比例=0.00%
2025-07-14 13:28:39 - FeatureEng-20250714_131802 - INFO -     - 'perm_entropy_0': 空值比例=0.00%, 零值比例=0.00%
2025-07-14 13:28:39 - FeatureEng-20250714_131802 - INFO -     - 'perm_entropy_1': 空值比例=0.00%, 零值比例=0.00%
2025-07-14 13:28:39 - FeatureEng-20250714_131802 - INFO -     - 'perm_entropy_diff': 空值比例=0.00%, 零值比例=0.00%
2025-07-14 13:28:39 - FeatureEng-20250714_131802 - INFO -     - 'spectral_entropy_0': 空值比例=0.00%, 零值比例=0.00%
2025-07-14 13:28:39 - FeatureEng-20250714_131802 - INFO -     - 'spectral_entropy_1': 空值比例=0.00%, 零值比例=0.00%
2025-07-14 13:28:39 - FeatureEng-20250714_131802 - INFO -     - 'spectral_entropy_diff': 空值比例=0.00%, 零值比例=0.00%
2025-07-14 13:28:39 - FeatureEng-20250714_131802 - INFO -     - 'svd_entropy_0': 空值比例=0.00%, 零值比例=0.00%
2025-07-14 13:28:39 - FeatureEng-20250714_131802 - INFO -     - 'svd_entropy_1': 空值比例=0.00%, 零值比例=0.00%
2025-07-14 13:28:39 - FeatureEng-20250714_131802 - INFO -     - 'svd_entropy_diff': 空值比例=0.00%, 零值比例=0.00%
2025-07-14 13:28:39 - FeatureEng-20250714_131802 - INFO -     - 'approx_entropy_0': 空值比例=0.00%, 零值比例=0.00%
2025-07-14 13:28:39 - FeatureEng-20250714_131802 - INFO -     - 'approx_entropy_1': 空值比例=0.00%, 零值比例=0.00%
2025-07-14 13:28:39 - FeatureEng-20250714_131802 - INFO -     - 'approx_entropy_diff': 空值比例=0.00%, 零值比例=0.00%
2025-07-14 13:28:39 - FeatureEng-20250714_131802 - INFO -     - 'sample_entropy_0': 空值比例=0.00%, 零值比例=0.00%
2025-07-14 13:28:39 - FeatureEng-20250714_131802 - INFO -     - 'sample_entropy_1': 空值比例=0.00%, 零值比例=0.00%
2025-07-14 13:28:39 - FeatureEng-20250714_131802 - INFO -     - 'sample_entropy_diff': 空值比例=0.00%, 零值比例=0.00%
2025-07-14 13:28:39 - FeatureEng-20250714_131802 - INFO -     - 'hjorth_mobility_0': 空值比例=0.00%, 零值比例=0.00%
2025-07-14 13:28:39 - FeatureEng-20250714_131802 - INFO -     - 'hjorth_complexity_0': 空值比例=0.00%, 零值比例=0.00%
2025-07-14 13:28:39 - FeatureEng-20250714_131802 - INFO -     - 'hjorth_mobility_1': 空值比例=0.00%, 零值比例=0.00%
2025-07-14 13:28:39 - FeatureEng-20250714_131802 - INFO -     - 'hjorth_complexity_1': 空值比例=0.00%, 零值比例=0.00%
2025-07-14 13:28:39 - FeatureEng-20250714_131802 - INFO -     - 'hjorth_mobility_diff': 空值比例=0.00%, 零值比例=0.00%
2025-07-14 13:28:39 - FeatureEng-20250714_131802 - INFO -     - 'hjorth_complexity_diff': 空值比例=0.00%, 零值比例=0.00%
2025-07-14 13:28:39 - FeatureEng-20250714_131802 - INFO -     - 'num_zerocross_0': 空值比例=0.00%, 零值比例=0.00%
2025-07-14 13:28:39 - FeatureEng-20250714_131802 - INFO -     - 'num_zerocross_1': 空值比例=0.00%, 零值比例=0.00%
2025-07-14 13:28:39 - FeatureEng-20250714_131802 - INFO -     - 'num_zerocross_diff': 空值比例=0.00%, 零值比例=0.00%
2025-07-14 13:28:39 - FeatureEng-20250714_131802 - INFO -     - 'lziv_complexity_0': 空值比例=0.00%, 零值比例=0.00%
2025-07-14 13:28:39 - FeatureEng-20250714_131802 - INFO -     - 'lziv_complexity_1': 空值比例=0.00%, 零值比例=0.00%
2025-07-14 13:28:39 - FeatureEng-20250714_131802 - INFO -     - 'lziv_complexity_diff': 空值比例=0.00%, 零值比例=0.00%
2025-07-14 13:28:39 - FeatureEng-20250714_131802 - INFO -     - 'cond_entropy_0': 空值比例=0.00%, 零值比例=0.00%
2025-07-14 13:28:39 - FeatureEng-20250714_131802 - INFO -     - 'cond_entropy_1': 空值比例=0.00%, 零值比例=0.00%
2025-07-14 13:28:39 - FeatureEng-20250714_131802 - INFO -     - 'cond_entropy_diff': 空值比例=0.00%, 零值比例=0.00%
2025-07-14 13:28:39 - FeatureEng-20250714_131802 - INFO - 
Number of new features: 33
2025-07-14 13:28:39 - FeatureEng-20250714_131802 - INFO - Number of loaded features: 47
2025-07-14 13:28:39 - FeatureEng-20250714_131802 - INFO - 
New features with high correlation (|corr| > 0.7) to loaded features:
2025-07-14 13:28:39 - FeatureEng-20250714_131802 - INFO - 
shannon_entropy_diff is highly correlated with:
2025-07-14 13:28:39 - FeatureEng-20250714_131802 - INFO -   - zero_cross_diff: 0.711
2025-07-14 13:28:39 - FeatureEng-20250714_131802 - INFO - 
approx_entropy_1 is highly correlated with:
2025-07-14 13:28:39 - FeatureEng-20250714_131802 - INFO -   - mannwhitney_stat: 0.705
2025-07-14 13:28:39 - FeatureEng-20250714_131802 - INFO - 
hjorth_mobility_diff is highly correlated with:
2025-07-14 13:28:39 - FeatureEng-20250714_131802 - INFO -   - autocorr_lag1_diff: -0.997
2025-07-14 13:28:39 - FeatureEng-20250714_131802 - INFO - 
hjorth_complexity_diff is highly correlated with:
2025-07-14 13:28:39 - FeatureEng-20250714_131802 - INFO -   - autocorr_lag1_diff: 0.897
2025-07-14 13:28:39 - FeatureEng-20250714_131802 - INFO - 
num_zerocross_0 is highly correlated with:
2025-07-14 13:28:39 - FeatureEng-20250714_131802 - INFO -   - zero_cross_diff: -0.891
2025-07-14 13:28:39 - FeatureEng-20250714_131802 - INFO - 
num_zerocross_1 is highly correlated with:
2025-07-14 13:28:39 - FeatureEng-20250714_131802 - INFO -   - mannwhitney_stat: 0.757
2025-07-14 13:28:39 - FeatureEng-20250714_131802 - INFO - 
num_zerocross_diff is highly correlated with:
2025-07-14 13:28:39 - FeatureEng-20250714_131802 - INFO -   - zero_cross_diff: 0.999
2025-07-14 13:28:39 - FeatureEng-20250714_131802 - INFO - 
Dropping 2 new features with |corr| > 0.95:
2025-07-14 13:28:39 - FeatureEng-20250714_131802 - INFO -   - hjorth_mobility_diff
2025-07-14 13:28:39 - FeatureEng-20250714_131802 - INFO -   - num_zerocross_diff
2025-07-14 13:28:39 - FeatureEng-20250714_131802 - INFO - --- 开始生成特征: fractal_dimension_features ---
2025-07-14 13:28:44 - FeatureEng-20250714_131802 - INFO - 'fractal_dimension_features' 生成完毕，耗时: 4.97 秒。
2025-07-14 13:28:44 - FeatureEng-20250714_131802 - INFO -   新生成特征列名: ['petrosian_fd_diff', 'katz_fd_diff', 'higuchi_fd_diff', 'detrended_fluctuation_diff']
2025-07-14 13:28:44 - FeatureEng-20250714_131802 - INFO -     - 'petrosian_fd_diff': 空值比例=0.00%, 零值比例=0.00%
2025-07-14 13:28:44 - FeatureEng-20250714_131802 - INFO -     - 'katz_fd_diff': 空值比例=0.00%, 零值比例=0.00%
2025-07-14 13:28:44 - FeatureEng-20250714_131802 - INFO -     - 'higuchi_fd_diff': 空值比例=0.00%, 零值比例=0.00%
2025-07-14 13:28:44 - FeatureEng-20250714_131802 - INFO -     - 'detrended_fluctuation_diff': 空值比例=0.00%, 零值比例=0.00%
2025-07-14 13:28:44 - FeatureEng-20250714_131802 - INFO - 
Number of new features: 4
2025-07-14 13:28:44 - FeatureEng-20250714_131802 - INFO - Number of loaded features: 78
2025-07-14 13:28:44 - FeatureEng-20250714_131802 - INFO - 
New features with high correlation (|corr| > 0.7) to loaded features:
2025-07-14 13:28:44 - FeatureEng-20250714_131802 - INFO - 
petrosian_fd_diff is highly correlated with:
2025-07-14 13:28:44 - FeatureEng-20250714_131802 - INFO -   - shannon_entropy_diff: 0.788
2025-07-14 13:28:44 - FeatureEng-20250714_131802 - INFO -   - approx_entropy_1: 0.758
2025-07-14 13:28:44 - FeatureEng-20250714_131802 - INFO -   - approx_entropy_diff: 0.778
2025-07-14 13:28:44 - FeatureEng-20250714_131802 - INFO -   - num_zerocross_1: 0.711
2025-07-14 13:28:44 - FeatureEng-20250714_131802 - INFO - 
higuchi_fd_diff is highly correlated with:
2025-07-14 13:28:44 - FeatureEng-20250714_131802 - INFO -   - hjorth_complexity_diff: 0.737
2025-07-14 13:28:44 - FeatureEng-20250714_131802 - INFO - 
No new features exceeded threshold |corr| > 0.95, nothing dropped.
2025-07-14 13:28:44 - FeatureEng-20250714_131802 - INFO - --- 开始生成特征: tsfresh_features ---
2025-07-14 13:30:13 - FeatureEng-20250714_131802 - INFO - 'tsfresh_features' 生成完毕，耗时: 89.33 秒。
2025-07-14 13:30:13 - FeatureEng-20250714_131802 - INFO -   新生成特征列名: ['ratio_value_number_to_time_series_length', 'ratio_beyond_r_sigma_6', 'ratio_beyond_r_sigma_1.5', 'quantile_0.6', 'quantile_0.4', 'quantile_0.1', 'percentage_of_reoccurring_values_to_all_values', 'percentage_of_reoccurring_datapoints_to_all_datapoints', 'last_location_of_maximum', 'first_location_of_maximum', 'partial_autocorrelation_lag_2', 'linear_trend_attr_"slope"', 'linear_trend_attr_"rvalue"', 'linear_trend_attr_"intercept"', 'fft_coefficient_attr_"imag"__coeff_3', 'fft_coefficient_attr_"imag"__coeff_2', 'fft_coefficient_attr_"imag"__coeff_1', 'change_quantiles_f_agg_var_isabs_True_qh_1.0_ql_0.4', 'change_quantiles_f_agg_var_isabs_True_qh_1.0_ql_0.2', 'change_quantiles_f_agg_var_isabs_True_qh_0.8_ql_0.6', 'change_quantiles_f_agg_var_isabs_True_qh_0.8_ql_0.4', 'change_quantiles_f_agg_var_isabs_True_qh_0.8_ql_0.2', 'change_quantiles_f_agg_var_isabs_True_qh_0.6_ql_0.4', 'change_quantiles_f_agg_var_isabs_True_qh_0.6_ql_0.2', 'change_quantiles_f_agg_var_isabs_True_qh_0.4_ql_0.2', 'change_quantiles_f_agg_var_isabs_False_qh_1.0_ql_0.4', 'change_quantiles_f_agg_var_isabs_False_qh_1.0_ql_0.2', 'change_quantiles_f_agg_var_isabs_False_qh_0.8_ql_0.4', 'change_quantiles_f_agg_var_isabs_False_qh_0.8_ql_0.2', 'change_quantiles_f_agg_var_isabs_False_qh_0.8_ql_0.0', 'change_quantiles_f_agg_var_isabs_False_qh_0.6_ql_0.4', 'change_quantiles_f_agg_var_isabs_False_qh_0.6_ql_0.2', 'change_quantiles_f_agg_var_isabs_False_qh_0.4_ql_0.2', 'change_quantiles_f_agg_mean_isabs_True_qh_1.0_ql_0.4', 'change_quantiles_f_agg_mean_isabs_True_qh_0.6_ql_0.4', 'ar_coefficient_coeff_2__k_10', 'agg_linear_trend_attr_"slope"__chunk_len_50__f_agg_"mean"', 'agg_linear_trend_attr_"slope"__chunk_len_5__f_agg_"mean"', 'agg_linear_trend_attr_"slope"__chunk_len_10__f_agg_"mean"', 'agg_linear_trend_attr_"rvalue"__chunk_len_50__f_agg_"mean"', 'agg_linear_trend_attr_"rvalue"__chunk_len_50__f_agg_"max"', 'agg_linear_trend_attr_"rvalue"__chunk_len_5__f_agg_"mean"', 'agg_linear_trend_attr_"rvalue"__chunk_len_5__f_agg_"max"', 'agg_linear_trend_attr_"rvalue"__chunk_len_10__f_agg_"mean"', 'agg_linear_trend_attr_"rvalue"__chunk_len_10__f_agg_"max"', 'agg_linear_trend_attr_"intercept"__chunk_len_50__f_agg_"mean"', 'agg_linear_trend_attr_"intercept"__chunk_len_50__f_agg_"max"', 'agg_linear_trend_attr_"intercept"__chunk_len_5__f_agg_"mean"', 'agg_linear_trend_attr_"intercept"__chunk_len_5__f_agg_"max"', 'agg_linear_trend_attr_"intercept"__chunk_len_10__f_agg_"mean"', 'agg_linear_trend_attr_"intercept"__chunk_len_10__f_agg_"max"']
2025-07-14 13:30:13 - FeatureEng-20250714_131802 - INFO -     - 'ratio_value_number_to_time_series_length': 空值比例=0.00%, 零值比例=47.08%
2025-07-14 13:30:13 - FeatureEng-20250714_131802 - INFO -     - 'ratio_beyond_r_sigma_6': 空值比例=0.00%, 零值比例=77.33%
2025-07-14 13:30:13 - FeatureEng-20250714_131802 - INFO -     - 'ratio_beyond_r_sigma_1.5': 空值比例=0.00%, 零值比例=0.00%
2025-07-14 13:30:13 - FeatureEng-20250714_131802 - INFO -     - 'quantile_0.6': 空值比例=0.00%, 零值比例=0.00%
2025-07-14 13:30:13 - FeatureEng-20250714_131802 - INFO -     - 'quantile_0.4': 空值比例=0.00%, 零值比例=0.01%
2025-07-14 13:30:13 - FeatureEng-20250714_131802 - INFO -     - 'quantile_0.1': 空值比例=0.00%, 零值比例=0.00%
2025-07-14 13:30:13 - FeatureEng-20250714_131802 - INFO -     - 'percentage_of_reoccurring_values_to_all_values': 空值比例=0.00%, 零值比例=47.08%
2025-07-14 13:30:13 - FeatureEng-20250714_131802 - INFO -     - 'percentage_of_reoccurring_datapoints_to_all_datapoints': 空值比例=0.00%, 零值比例=47.08%
2025-07-14 13:30:13 - FeatureEng-20250714_131802 - INFO -     - 'last_location_of_maximum': 空值比例=0.00%, 零值比例=0.01%
2025-07-14 13:30:13 - FeatureEng-20250714_131802 - INFO -     - 'first_location_of_maximum': 空值比例=0.00%, 零值比例=0.00%
2025-07-14 13:30:13 - FeatureEng-20250714_131802 - INFO -     - 'partial_autocorrelation_lag_2': 空值比例=0.00%, 零值比例=0.00%
2025-07-14 13:30:13 - FeatureEng-20250714_131802 - INFO -     - 'linear_trend_attr_"slope"': 空值比例=0.00%, 零值比例=0.00%
2025-07-14 13:30:13 - FeatureEng-20250714_131802 - INFO -     - 'linear_trend_attr_"rvalue"': 空值比例=0.00%, 零值比例=0.00%
2025-07-14 13:30:13 - FeatureEng-20250714_131802 - INFO -     - 'linear_trend_attr_"intercept"': 空值比例=0.00%, 零值比例=0.00%
2025-07-14 13:30:13 - FeatureEng-20250714_131802 - INFO -     - 'fft_coefficient_attr_"imag"__coeff_3': 空值比例=0.00%, 零值比例=0.00%
2025-07-14 13:30:13 - FeatureEng-20250714_131802 - INFO -     - 'fft_coefficient_attr_"imag"__coeff_2': 空值比例=0.00%, 零值比例=0.00%
2025-07-14 13:30:13 - FeatureEng-20250714_131802 - INFO -     - 'fft_coefficient_attr_"imag"__coeff_1': 空值比例=0.00%, 零值比例=0.00%
2025-07-14 13:30:13 - FeatureEng-20250714_131802 - INFO -     - 'change_quantiles_f_agg_var_isabs_True_qh_1.0_ql_0.4': 空值比例=0.00%, 零值比例=0.00%
2025-07-14 13:30:13 - FeatureEng-20250714_131802 - INFO -     - 'change_quantiles_f_agg_var_isabs_True_qh_1.0_ql_0.2': 空值比例=0.00%, 零值比例=0.00%
2025-07-14 13:30:13 - FeatureEng-20250714_131802 - INFO -     - 'change_quantiles_f_agg_var_isabs_True_qh_0.8_ql_0.6': 空值比例=0.00%, 零值比例=0.00%
2025-07-14 13:30:13 - FeatureEng-20250714_131802 - INFO -     - 'change_quantiles_f_agg_var_isabs_True_qh_0.8_ql_0.4': 空值比例=0.00%, 零值比例=0.00%
2025-07-14 13:30:13 - FeatureEng-20250714_131802 - INFO -     - 'change_quantiles_f_agg_var_isabs_True_qh_0.8_ql_0.2': 空值比例=0.00%, 零值比例=0.00%
2025-07-14 13:30:13 - FeatureEng-20250714_131802 - INFO -     - 'change_quantiles_f_agg_var_isabs_True_qh_0.6_ql_0.4': 空值比例=0.00%, 零值比例=0.00%
2025-07-14 13:30:13 - FeatureEng-20250714_131802 - INFO -     - 'change_quantiles_f_agg_var_isabs_True_qh_0.6_ql_0.2': 空值比例=0.00%, 零值比例=0.00%
2025-07-14 13:30:13 - FeatureEng-20250714_131802 - INFO -     - 'change_quantiles_f_agg_var_isabs_True_qh_0.4_ql_0.2': 空值比例=0.00%, 零值比例=0.00%
2025-07-14 13:30:13 - FeatureEng-20250714_131802 - INFO -     - 'change_quantiles_f_agg_var_isabs_False_qh_1.0_ql_0.4': 空值比例=0.00%, 零值比例=0.00%
2025-07-14 13:30:13 - FeatureEng-20250714_131802 - INFO -     - 'change_quantiles_f_agg_var_isabs_False_qh_1.0_ql_0.2': 空值比例=0.00%, 零值比例=0.00%
2025-07-14 13:30:13 - FeatureEng-20250714_131802 - INFO -     - 'change_quantiles_f_agg_var_isabs_False_qh_0.8_ql_0.4': 空值比例=0.00%, 零值比例=0.00%
2025-07-14 13:30:13 - FeatureEng-20250714_131802 - INFO -     - 'change_quantiles_f_agg_var_isabs_False_qh_0.8_ql_0.2': 空值比例=0.00%, 零值比例=0.00%
2025-07-14 13:30:13 - FeatureEng-20250714_131802 - INFO -     - 'change_quantiles_f_agg_var_isabs_False_qh_0.8_ql_0.0': 空值比例=0.00%, 零值比例=0.00%
2025-07-14 13:30:13 - FeatureEng-20250714_131802 - INFO -     - 'change_quantiles_f_agg_var_isabs_False_qh_0.6_ql_0.4': 空值比例=0.00%, 零值比例=0.00%
2025-07-14 13:30:13 - FeatureEng-20250714_131802 - INFO -     - 'change_quantiles_f_agg_var_isabs_False_qh_0.6_ql_0.2': 空值比例=0.00%, 零值比例=0.00%
2025-07-14 13:30:13 - FeatureEng-20250714_131802 - INFO -     - 'change_quantiles_f_agg_var_isabs_False_qh_0.4_ql_0.2': 空值比例=0.00%, 零值比例=0.00%
2025-07-14 13:30:13 - FeatureEng-20250714_131802 - INFO -     - 'change_quantiles_f_agg_mean_isabs_True_qh_1.0_ql_0.4': 空值比例=0.00%, 零值比例=0.00%
2025-07-14 13:30:13 - FeatureEng-20250714_131802 - INFO -     - 'change_quantiles_f_agg_mean_isabs_True_qh_0.6_ql_0.4': 空值比例=0.00%, 零值比例=0.00%
2025-07-14 13:30:13 - FeatureEng-20250714_131802 - INFO -     - 'ar_coefficient_coeff_2__k_10': 空值比例=0.00%, 零值比例=0.00%
2025-07-14 13:30:13 - FeatureEng-20250714_131802 - INFO -     - 'agg_linear_trend_attr_"slope"__chunk_len_50__f_agg_"mean"': 空值比例=0.00%, 零值比例=0.00%
2025-07-14 13:30:13 - FeatureEng-20250714_131802 - INFO -     - 'agg_linear_trend_attr_"slope"__chunk_len_5__f_agg_"mean"': 空值比例=0.00%, 零值比例=0.00%
2025-07-14 13:30:13 - FeatureEng-20250714_131802 - INFO -     - 'agg_linear_trend_attr_"slope"__chunk_len_10__f_agg_"mean"': 空值比例=0.00%, 零值比例=0.00%
2025-07-14 13:30:13 - FeatureEng-20250714_131802 - INFO -     - 'agg_linear_trend_attr_"rvalue"__chunk_len_50__f_agg_"mean"': 空值比例=0.00%, 零值比例=0.00%
2025-07-14 13:30:13 - FeatureEng-20250714_131802 - INFO -     - 'agg_linear_trend_attr_"rvalue"__chunk_len_50__f_agg_"max"': 空值比例=0.00%, 零值比例=0.00%
2025-07-14 13:30:13 - FeatureEng-20250714_131802 - INFO -     - 'agg_linear_trend_attr_"rvalue"__chunk_len_5__f_agg_"mean"': 空值比例=0.00%, 零值比例=0.00%
2025-07-14 13:30:13 - FeatureEng-20250714_131802 - INFO -     - 'agg_linear_trend_attr_"rvalue"__chunk_len_5__f_agg_"max"': 空值比例=0.00%, 零值比例=0.00%
2025-07-14 13:30:13 - FeatureEng-20250714_131802 - INFO -     - 'agg_linear_trend_attr_"rvalue"__chunk_len_10__f_agg_"mean"': 空值比例=0.00%, 零值比例=0.00%
2025-07-14 13:30:13 - FeatureEng-20250714_131802 - INFO -     - 'agg_linear_trend_attr_"rvalue"__chunk_len_10__f_agg_"max"': 空值比例=0.00%, 零值比例=0.00%
2025-07-14 13:30:13 - FeatureEng-20250714_131802 - INFO -     - 'agg_linear_trend_attr_"intercept"__chunk_len_50__f_agg_"mean"': 空值比例=0.00%, 零值比例=0.00%
2025-07-14 13:30:13 - FeatureEng-20250714_131802 - INFO -     - 'agg_linear_trend_attr_"intercept"__chunk_len_50__f_agg_"max"': 空值比例=0.00%, 零值比例=0.00%
2025-07-14 13:30:13 - FeatureEng-20250714_131802 - INFO -     - 'agg_linear_trend_attr_"intercept"__chunk_len_5__f_agg_"mean"': 空值比例=0.00%, 零值比例=0.00%
2025-07-14 13:30:13 - FeatureEng-20250714_131802 - INFO -     - 'agg_linear_trend_attr_"intercept"__chunk_len_5__f_agg_"max"': 空值比例=0.00%, 零值比例=0.00%
2025-07-14 13:30:13 - FeatureEng-20250714_131802 - INFO -     - 'agg_linear_trend_attr_"intercept"__chunk_len_10__f_agg_"mean"': 空值比例=0.00%, 零值比例=0.00%
2025-07-14 13:30:13 - FeatureEng-20250714_131802 - INFO -     - 'agg_linear_trend_attr_"intercept"__chunk_len_10__f_agg_"max"': 空值比例=0.00%, 零值比例=0.00%
2025-07-14 13:30:13 - FeatureEng-20250714_131802 - INFO - 
Number of new features: 51
2025-07-14 13:30:13 - FeatureEng-20250714_131802 - INFO - Number of loaded features: 82
2025-07-14 13:30:14 - FeatureEng-20250714_131802 - INFO - 
New features with high correlation (|corr| > 0.7) to loaded features:
2025-07-14 13:30:14 - FeatureEng-20250714_131802 - INFO - 
ratio_beyond_r_sigma_1.5 is highly correlated with:
2025-07-14 13:30:14 - FeatureEng-20250714_131802 - INFO -   - kurt_diff: -0.739
2025-07-14 13:30:14 - FeatureEng-20250714_131802 - INFO - 
quantile_0.6 is highly correlated with:
2025-07-14 13:30:14 - FeatureEng-20250714_131802 - INFO -   - mean_diff: 0.735
2025-07-14 13:30:14 - FeatureEng-20250714_131802 - INFO -   - max_diff: -0.792
2025-07-14 13:30:14 - FeatureEng-20250714_131802 - INFO -   - range_diff: -0.736
2025-07-14 13:30:14 - FeatureEng-20250714_131802 - INFO -   - std_diff: 0.811
2025-07-14 13:30:14 - FeatureEng-20250714_131802 - INFO -   - rolling_std_diff: 0.845
2025-07-14 13:30:14 - FeatureEng-20250714_131802 - INFO - 
quantile_0.4 is highly correlated with:
2025-07-14 13:30:14 - FeatureEng-20250714_131802 - INFO -   - max_diff: 0.849
2025-07-14 13:30:14 - FeatureEng-20250714_131802 - INFO -   - range_diff: 0.831
2025-07-14 13:30:14 - FeatureEng-20250714_131802 - INFO -   - std_diff: -0.875
2025-07-14 13:30:14 - FeatureEng-20250714_131802 - INFO -   - rolling_std_diff: -0.901
2025-07-14 13:30:14 - FeatureEng-20250714_131802 - INFO - 
quantile_0.1 is highly correlated with:
2025-07-14 13:30:14 - FeatureEng-20250714_131802 - INFO -   - max_diff: 0.895
2025-07-14 13:30:14 - FeatureEng-20250714_131802 - INFO -   - min_diff: -0.768
2025-07-14 13:30:14 - FeatureEng-20250714_131802 - INFO -   - range_diff: 0.901
2025-07-14 13:30:14 - FeatureEng-20250714_131802 - INFO -   - std_diff: -0.966
2025-07-14 13:30:14 - FeatureEng-20250714_131802 - INFO -   - std_ratio: -0.724
2025-07-14 13:30:14 - FeatureEng-20250714_131802 - INFO -   - rolling_std_diff: -0.974
2025-07-14 13:30:14 - FeatureEng-20250714_131802 - INFO - 
change_quantiles_f_agg_var_isabs_True_qh_1.0_ql_0.4 is highly correlated with:
2025-07-14 13:30:14 - FeatureEng-20250714_131802 - INFO -   - mean_diff: 0.846
2025-07-14 13:30:14 - FeatureEng-20250714_131802 - INFO -   - max_diff: -0.760
2025-07-14 13:30:14 - FeatureEng-20250714_131802 - INFO -   - std_diff: 0.768
2025-07-14 13:30:14 - FeatureEng-20250714_131802 - INFO -   - rolling_std_diff: 0.764
2025-07-14 13:30:14 - FeatureEng-20250714_131802 - INFO -   - diff_var_diff: 0.906
2025-07-14 13:30:14 - FeatureEng-20250714_131802 - INFO - 
change_quantiles_f_agg_var_isabs_True_qh_1.0_ql_0.2 is highly correlated with:
2025-07-14 13:30:14 - FeatureEng-20250714_131802 - INFO -   - mean_diff: 0.880
2025-07-14 13:30:14 - FeatureEng-20250714_131802 - INFO -   - max_diff: -0.753
2025-07-14 13:30:14 - FeatureEng-20250714_131802 - INFO -   - std_diff: 0.768
2025-07-14 13:30:14 - FeatureEng-20250714_131802 - INFO -   - rolling_std_diff: 0.792
2025-07-14 13:30:14 - FeatureEng-20250714_131802 - INFO -   - cumsum_max_diff: 0.724
2025-07-14 13:30:14 - FeatureEng-20250714_131802 - INFO -   - diff_var_diff: 0.926
2025-07-14 13:30:14 - FeatureEng-20250714_131802 - INFO -   - max_power_diff: 0.754
2025-07-14 13:30:14 - FeatureEng-20250714_131802 - INFO - 
change_quantiles_f_agg_var_isabs_True_qh_0.8_ql_0.4 is highly correlated with:
2025-07-14 13:30:14 - FeatureEng-20250714_131802 - INFO -   - mean_diff: 0.840
2025-07-14 13:30:14 - FeatureEng-20250714_131802 - INFO -   - max_diff: -0.707
2025-07-14 13:30:14 - FeatureEng-20250714_131802 - INFO -   - std_diff: 0.719
2025-07-14 13:30:14 - FeatureEng-20250714_131802 - INFO -   - rolling_std_diff: 0.761
2025-07-14 13:30:14 - FeatureEng-20250714_131802 - INFO -   - cumsum_max_diff: 0.706
2025-07-14 13:30:14 - FeatureEng-20250714_131802 - INFO -   - diff_var_diff: 0.880
2025-07-14 13:30:14 - FeatureEng-20250714_131802 - INFO -   - max_power_diff: 0.761
2025-07-14 13:30:14 - FeatureEng-20250714_131802 - INFO - 
change_quantiles_f_agg_var_isabs_True_qh_0.8_ql_0.2 is highly correlated with:
2025-07-14 13:30:14 - FeatureEng-20250714_131802 - INFO -   - mean_diff: 0.858
2025-07-14 13:30:14 - FeatureEng-20250714_131802 - INFO -   - rolling_std_diff: 0.729
2025-07-14 13:30:14 - FeatureEng-20250714_131802 - INFO -   - diff_var_diff: 0.906
2025-07-14 13:30:14 - FeatureEng-20250714_131802 - INFO -   - max_power_diff: 0.759
2025-07-14 13:30:14 - FeatureEng-20250714_131802 - INFO - 
change_quantiles_f_agg_var_isabs_True_qh_0.6_ql_0.4 is highly correlated with:
2025-07-14 13:30:14 - FeatureEng-20250714_131802 - INFO -   - mean_diff: 0.861
2025-07-14 13:30:14 - FeatureEng-20250714_131802 - INFO -   - rolling_std_diff: 0.718
2025-07-14 13:30:14 - FeatureEng-20250714_131802 - INFO -   - diff_var_diff: 0.920
2025-07-14 13:30:14 - FeatureEng-20250714_131802 - INFO -   - max_power_diff: 0.756
2025-07-14 13:30:14 - FeatureEng-20250714_131802 - INFO - 
change_quantiles_f_agg_var_isabs_True_qh_0.6_ql_0.2 is highly correlated with:
2025-07-14 13:30:14 - FeatureEng-20250714_131802 - INFO -   - mean_diff: 0.833
2025-07-14 13:30:14 - FeatureEng-20250714_131802 - INFO -   - max_diff: -0.739
2025-07-14 13:30:14 - FeatureEng-20250714_131802 - INFO -   - std_diff: 0.755
2025-07-14 13:30:14 - FeatureEng-20250714_131802 - INFO -   - rolling_std_diff: 0.798
2025-07-14 13:30:14 - FeatureEng-20250714_131802 - INFO -   - diff_var_diff: 0.870
2025-07-14 13:30:14 - FeatureEng-20250714_131802 - INFO -   - max_power_diff: 0.741
2025-07-14 13:30:14 - FeatureEng-20250714_131802 - INFO - 
change_quantiles_f_agg_var_isabs_True_qh_0.4_ql_0.2 is highly correlated with:
2025-07-14 13:30:14 - FeatureEng-20250714_131802 - INFO -   - rolling_std_diff: 0.734
2025-07-14 13:30:14 - FeatureEng-20250714_131802 - INFO - 
change_quantiles_f_agg_var_isabs_False_qh_1.0_ql_0.4 is highly correlated with:
2025-07-14 13:30:14 - FeatureEng-20250714_131802 - INFO -   - mean_diff: 0.851
2025-07-14 13:30:14 - FeatureEng-20250714_131802 - INFO -   - max_diff: -0.772
2025-07-14 13:30:14 - FeatureEng-20250714_131802 - INFO -   - std_diff: 0.779
2025-07-14 13:30:14 - FeatureEng-20250714_131802 - INFO -   - rolling_std_diff: 0.788
2025-07-14 13:30:14 - FeatureEng-20250714_131802 - INFO -   - diff_var_diff: 0.900
2025-07-14 13:30:14 - FeatureEng-20250714_131802 - INFO - 
change_quantiles_f_agg_var_isabs_False_qh_1.0_ql_0.2 is highly correlated with:
2025-07-14 13:30:14 - FeatureEng-20250714_131802 - INFO -   - mean_diff: 0.874
2025-07-14 13:30:14 - FeatureEng-20250714_131802 - INFO -   - max_diff: -0.723
2025-07-14 13:30:14 - FeatureEng-20250714_131802 - INFO -   - std_diff: 0.741
2025-07-14 13:30:14 - FeatureEng-20250714_131802 - INFO -   - rolling_std_diff: 0.772
2025-07-14 13:30:14 - FeatureEng-20250714_131802 - INFO -   - cumsum_max_diff: 0.711
2025-07-14 13:30:14 - FeatureEng-20250714_131802 - INFO -   - diff_var_diff: 0.922
2025-07-14 13:30:14 - FeatureEng-20250714_131802 - INFO -   - max_power_diff: 0.760
2025-07-14 13:30:14 - FeatureEng-20250714_131802 - INFO - 
change_quantiles_f_agg_var_isabs_False_qh_0.8_ql_0.4 is highly correlated with:
2025-07-14 13:30:14 - FeatureEng-20250714_131802 - INFO -   - mean_diff: 0.822
2025-07-14 13:30:14 - FeatureEng-20250714_131802 - INFO -   - rolling_std_diff: 0.727
2025-07-14 13:30:14 - FeatureEng-20250714_131802 - INFO -   - diff_var_diff: 0.858
2025-07-14 13:30:14 - FeatureEng-20250714_131802 - INFO -   - max_power_diff: 0.742
2025-07-14 13:30:14 - FeatureEng-20250714_131802 - INFO - 
change_quantiles_f_agg_var_isabs_False_qh_0.8_ql_0.2 is highly correlated with:
2025-07-14 13:30:14 - FeatureEng-20250714_131802 - INFO -   - mean_diff: 0.859
2025-07-14 13:30:14 - FeatureEng-20250714_131802 - INFO -   - rolling_std_diff: 0.712
2025-07-14 13:30:14 - FeatureEng-20250714_131802 - INFO -   - diff_var_diff: 0.913
2025-07-14 13:30:14 - FeatureEng-20250714_131802 - INFO -   - max_power_diff: 0.761
2025-07-14 13:30:14 - FeatureEng-20250714_131802 - INFO - 
change_quantiles_f_agg_var_isabs_False_qh_0.8_ql_0.0 is highly correlated with:
2025-07-14 13:30:14 - FeatureEng-20250714_131802 - INFO -   - mean_diff: 0.861
2025-07-14 13:30:14 - FeatureEng-20250714_131802 - INFO -   - max_diff: -0.747
2025-07-14 13:30:14 - FeatureEng-20250714_131802 - INFO -   - std_diff: 0.771
2025-07-14 13:30:14 - FeatureEng-20250714_131802 - INFO -   - rolling_std_diff: 0.804
2025-07-14 13:30:14 - FeatureEng-20250714_131802 - INFO -   - diff_var_diff: 0.916
2025-07-14 13:30:14 - FeatureEng-20250714_131802 - INFO -   - max_power_diff: 0.756
2025-07-14 13:30:14 - FeatureEng-20250714_131802 - INFO - 
change_quantiles_f_agg_var_isabs_False_qh_0.6_ql_0.4 is highly correlated with:
2025-07-14 13:30:14 - FeatureEng-20250714_131802 - INFO -   - mean_diff: 0.823
2025-07-14 13:30:14 - FeatureEng-20250714_131802 - INFO -   - diff_var_diff: 0.871
2025-07-14 13:30:14 - FeatureEng-20250714_131802 - INFO -   - max_power_diff: 0.725
2025-07-14 13:30:14 - FeatureEng-20250714_131802 - INFO - 
change_quantiles_f_agg_var_isabs_False_qh_0.6_ql_0.2 is highly correlated with:
2025-07-14 13:30:14 - FeatureEng-20250714_131802 - INFO -   - mean_diff: 0.819
2025-07-14 13:30:14 - FeatureEng-20250714_131802 - INFO -   - rolling_std_diff: 0.739
2025-07-14 13:30:14 - FeatureEng-20250714_131802 - INFO -   - diff_var_diff: 0.857
2025-07-14 13:30:14 - FeatureEng-20250714_131802 - INFO -   - max_power_diff: 0.731
2025-07-14 13:30:14 - FeatureEng-20250714_131802 - INFO - 
change_quantiles_f_agg_var_isabs_False_qh_0.4_ql_0.2 is highly correlated with:
2025-07-14 13:30:14 - FeatureEng-20250714_131802 - INFO -   - mean_diff: 0.757
2025-07-14 13:30:14 - FeatureEng-20250714_131802 - INFO -   - std_diff: 0.709
2025-07-14 13:30:14 - FeatureEng-20250714_131802 - INFO -   - rolling_std_diff: 0.758
2025-07-14 13:30:14 - FeatureEng-20250714_131802 - INFO -   - diff_var_diff: 0.800
2025-07-14 13:30:14 - FeatureEng-20250714_131802 - INFO -   - max_power_diff: 0.732
2025-07-14 13:30:14 - FeatureEng-20250714_131802 - INFO - 
change_quantiles_f_agg_mean_isabs_True_qh_1.0_ql_0.4 is highly correlated with:
2025-07-14 13:30:14 - FeatureEng-20250714_131802 - INFO -   - max_diff: -0.905
2025-07-14 13:30:14 - FeatureEng-20250714_131802 - INFO -   - range_diff: -0.879
2025-07-14 13:30:14 - FeatureEng-20250714_131802 - INFO -   - std_diff: 0.935
2025-07-14 13:30:14 - FeatureEng-20250714_131802 - INFO -   - rolling_std_diff: 0.962
2025-07-14 13:30:14 - FeatureEng-20250714_131802 - INFO - 
change_quantiles_f_agg_mean_isabs_True_qh_0.6_ql_0.4 is highly correlated with:
2025-07-14 13:30:14 - FeatureEng-20250714_131802 - INFO -   - mean_diff: 0.726
2025-07-14 13:30:14 - FeatureEng-20250714_131802 - INFO -   - max_diff: -0.779
2025-07-14 13:30:14 - FeatureEng-20250714_131802 - INFO -   - range_diff: -0.707
2025-07-14 13:30:14 - FeatureEng-20250714_131802 - INFO -   - std_diff: 0.804
2025-07-14 13:30:14 - FeatureEng-20250714_131802 - INFO -   - rolling_std_diff: 0.843
2025-07-14 13:30:14 - FeatureEng-20250714_131802 - INFO -   - diff_var_diff: 0.757
2025-07-14 13:30:14 - FeatureEng-20250714_131802 - INFO - 
agg_linear_trend_attr_"intercept"__chunk_len_50__f_agg_"mean" is highly correlated with:
2025-07-14 13:30:14 - FeatureEng-20250714_131802 - INFO -   - mean_diff: 0.782
2025-07-14 13:30:14 - FeatureEng-20250714_131802 - INFO -   - diff_var_diff: 0.704
2025-07-14 13:30:14 - FeatureEng-20250714_131802 - INFO - 
agg_linear_trend_attr_"intercept"__chunk_len_50__f_agg_"max" is highly correlated with:
2025-07-14 13:30:14 - FeatureEng-20250714_131802 - INFO -   - max_diff: -0.798
2025-07-14 13:30:14 - FeatureEng-20250714_131802 - INFO -   - range_diff: -0.758
2025-07-14 13:30:14 - FeatureEng-20250714_131802 - INFO -   - std_diff: 0.796
2025-07-14 13:30:14 - FeatureEng-20250714_131802 - INFO -   - rolling_std_diff: 0.824
2025-07-14 13:30:14 - FeatureEng-20250714_131802 - INFO - 
agg_linear_trend_attr_"intercept"__chunk_len_5__f_agg_"max" is highly correlated with:
2025-07-14 13:30:14 - FeatureEng-20250714_131802 - INFO -   - rolling_std_diff: 0.734
2025-07-14 13:30:14 - FeatureEng-20250714_131802 - INFO - 
agg_linear_trend_attr_"intercept"__chunk_len_10__f_agg_"max" is highly correlated with:
2025-07-14 13:30:14 - FeatureEng-20250714_131802 - INFO -   - max_diff: -0.712
2025-07-14 13:30:14 - FeatureEng-20250714_131802 - INFO -   - std_diff: 0.714
2025-07-14 13:30:14 - FeatureEng-20250714_131802 - INFO -   - rolling_std_diff: 0.756
2025-07-14 13:30:14 - FeatureEng-20250714_131802 - INFO - 
Dropping 2 new features with |corr| > 0.95:
2025-07-14 13:30:14 - FeatureEng-20250714_131802 - INFO -   - quantile_0.1
2025-07-14 13:30:14 - FeatureEng-20250714_131802 - INFO -   - change_quantiles_f_agg_mean_isabs_True_qh_1.0_ql_0.4
2025-07-14 13:30:14 - FeatureEng-20250714_131802 - INFO - --- 开始生成特征: ar_model_features ---
2025-07-14 13:30:42 - FeatureEng-20250714_131802 - INFO - 'ar_model_features' 生成完毕，耗时: 28.41 秒。
2025-07-14 13:30:42 - FeatureEng-20250714_131802 - INFO -   新生成特征列名: ['ar_residuals_s2_pred_mean', 'ar_residuals_s2_pred_std', 'ar_residuals_s2_pred_skew', 'ar_residuals_s2_pred_kurt', 'ar_residuals_s1_pred_mean', 'ar_residuals_s1_pred_std', 'ar_residuals_s1_pred_skew', 'ar_residuals_s1_pred_kurt', 'ar_resid_std_diff', 'ar_aic_diff', 'ar_bic_diff', 'param_0_diff', 'param_1_diff', 'param_2_diff', 'param_3_diff', 'param_4_diff', 'param_5_diff']
2025-07-14 13:30:42 - FeatureEng-20250714_131802 - INFO -     - 'ar_residuals_s2_pred_mean': 空值比例=0.00%, 零值比例=0.00%
2025-07-14 13:30:42 - FeatureEng-20250714_131802 - INFO -     - 'ar_residuals_s2_pred_std': 空值比例=0.00%, 零值比例=0.00%
2025-07-14 13:30:42 - FeatureEng-20250714_131802 - INFO -     - 'ar_residuals_s2_pred_skew': 空值比例=0.00%, 零值比例=0.00%
2025-07-14 13:30:42 - FeatureEng-20250714_131802 - INFO -     - 'ar_residuals_s2_pred_kurt': 空值比例=0.00%, 零值比例=0.00%
2025-07-14 13:30:42 - FeatureEng-20250714_131802 - INFO -     - 'ar_residuals_s1_pred_mean': 空值比例=0.00%, 零值比例=0.00%
2025-07-14 13:30:42 - FeatureEng-20250714_131802 - INFO -     - 'ar_residuals_s1_pred_std': 空值比例=0.00%, 零值比例=0.00%
2025-07-14 13:30:42 - FeatureEng-20250714_131802 - INFO -     - 'ar_residuals_s1_pred_skew': 空值比例=0.00%, 零值比例=0.00%
2025-07-14 13:30:42 - FeatureEng-20250714_131802 - INFO -     - 'ar_residuals_s1_pred_kurt': 空值比例=0.00%, 零值比例=0.00%
2025-07-14 13:30:42 - FeatureEng-20250714_131802 - INFO -     - 'ar_resid_std_diff': 空值比例=0.00%, 零值比例=0.00%
2025-07-14 13:30:42 - FeatureEng-20250714_131802 - INFO -     - 'ar_aic_diff': 空值比例=0.00%, 零值比例=0.00%
2025-07-14 13:30:42 - FeatureEng-20250714_131802 - INFO -     - 'ar_bic_diff': 空值比例=0.00%, 零值比例=0.00%
2025-07-14 13:30:42 - FeatureEng-20250714_131802 - INFO -     - 'param_0_diff': 空值比例=0.00%, 零值比例=0.00%
2025-07-14 13:30:42 - FeatureEng-20250714_131802 - INFO -     - 'param_1_diff': 空值比例=0.00%, 零值比例=0.00%
2025-07-14 13:30:42 - FeatureEng-20250714_131802 - INFO -     - 'param_2_diff': 空值比例=0.00%, 零值比例=0.00%
2025-07-14 13:30:42 - FeatureEng-20250714_131802 - INFO -     - 'param_3_diff': 空值比例=0.00%, 零值比例=0.00%
2025-07-14 13:30:42 - FeatureEng-20250714_131802 - INFO -     - 'param_4_diff': 空值比例=0.00%, 零值比例=0.00%
2025-07-14 13:30:42 - FeatureEng-20250714_131802 - INFO -     - 'param_5_diff': 空值比例=0.00%, 零值比例=0.00%
2025-07-14 13:30:42 - FeatureEng-20250714_131802 - INFO - 
Number of new features: 17
2025-07-14 13:30:42 - FeatureEng-20250714_131802 - INFO - Number of loaded features: 131
2025-07-14 13:30:42 - FeatureEng-20250714_131802 - INFO - 
New features with high correlation (|corr| > 0.7) to loaded features:
2025-07-14 13:30:42 - FeatureEng-20250714_131802 - INFO - 
ar_residuals_s2_pred_mean is highly correlated with:
2025-07-14 13:30:42 - FeatureEng-20250714_131802 - INFO -   - mean_diff: 1.000
2025-07-14 13:30:42 - FeatureEng-20250714_131802 - INFO -   - sum_diff: 0.790
2025-07-14 13:30:42 - FeatureEng-20250714_131802 - INFO -   - cumsum_max_diff: 0.765
2025-07-14 13:30:42 - FeatureEng-20250714_131802 - INFO -   - diff_var_diff: 0.907
2025-07-14 13:30:42 - FeatureEng-20250714_131802 - INFO -   - max_power_diff: 0.714
2025-07-14 13:30:42 - FeatureEng-20250714_131802 - INFO -   - quantile_0_6: 0.736
2025-07-14 13:30:42 - FeatureEng-20250714_131802 - INFO -   - change_quantiles_f_agg_var_isabs_True_qh_1_0_ql_0_4: 0.846
2025-07-14 13:30:42 - FeatureEng-20250714_131802 - INFO -   - change_quantiles_f_agg_var_isabs_True_qh_1_0_ql_0_2: 0.880
2025-07-14 13:30:42 - FeatureEng-20250714_131802 - INFO -   - change_quantiles_f_agg_var_isabs_True_qh_0_8_ql_0_4: 0.841
2025-07-14 13:30:42 - FeatureEng-20250714_131802 - INFO -   - change_quantiles_f_agg_var_isabs_True_qh_0_8_ql_0_2: 0.858
2025-07-14 13:30:42 - FeatureEng-20250714_131802 - INFO -   - change_quantiles_f_agg_var_isabs_True_qh_0_6_ql_0_4: 0.861
2025-07-14 13:30:42 - FeatureEng-20250714_131802 - INFO -   - change_quantiles_f_agg_var_isabs_True_qh_0_6_ql_0_2: 0.834
2025-07-14 13:30:42 - FeatureEng-20250714_131802 - INFO -   - change_quantiles_f_agg_var_isabs_False_qh_1_0_ql_0_4: 0.851
2025-07-14 13:30:42 - FeatureEng-20250714_131802 - INFO -   - change_quantiles_f_agg_var_isabs_False_qh_1_0_ql_0_2: 0.875
2025-07-14 13:30:42 - FeatureEng-20250714_131802 - INFO -   - change_quantiles_f_agg_var_isabs_False_qh_0_8_ql_0_4: 0.823
2025-07-14 13:30:42 - FeatureEng-20250714_131802 - INFO -   - change_quantiles_f_agg_var_isabs_False_qh_0_8_ql_0_2: 0.859
2025-07-14 13:30:42 - FeatureEng-20250714_131802 - INFO -   - change_quantiles_f_agg_var_isabs_False_qh_0_8_ql_0_0: 0.861
2025-07-14 13:30:42 - FeatureEng-20250714_131802 - INFO -   - change_quantiles_f_agg_var_isabs_False_qh_0_6_ql_0_4: 0.823
2025-07-14 13:30:42 - FeatureEng-20250714_131802 - INFO -   - change_quantiles_f_agg_var_isabs_False_qh_0_6_ql_0_2: 0.820
2025-07-14 13:30:42 - FeatureEng-20250714_131802 - INFO -   - change_quantiles_f_agg_var_isabs_False_qh_0_4_ql_0_2: 0.758
2025-07-14 13:30:42 - FeatureEng-20250714_131802 - INFO -   - change_quantiles_f_agg_mean_isabs_True_qh_0_6_ql_0_4: 0.727
2025-07-14 13:30:42 - FeatureEng-20250714_131802 - INFO -   - agg_linear_trend_attr_intercept_chunk_len_50_f_agg_mean_: 0.782
2025-07-14 13:30:42 - FeatureEng-20250714_131802 - INFO - 
ar_residuals_s2_pred_skew is highly correlated with:
2025-07-14 13:30:42 - FeatureEng-20250714_131802 - INFO -   - skew_diff: 0.765
2025-07-14 13:30:42 - FeatureEng-20250714_131802 - INFO - 
ar_residuals_s1_pred_mean is highly correlated with:
2025-07-14 13:30:42 - FeatureEng-20250714_131802 - INFO -   - mean_diff: -0.999
2025-07-14 13:30:42 - FeatureEng-20250714_131802 - INFO -   - sum_diff: -0.791
2025-07-14 13:30:42 - FeatureEng-20250714_131802 - INFO -   - cumsum_max_diff: -0.765
2025-07-14 13:30:42 - FeatureEng-20250714_131802 - INFO -   - diff_var_diff: -0.905
2025-07-14 13:30:42 - FeatureEng-20250714_131802 - INFO -   - max_power_diff: -0.712
2025-07-14 13:30:42 - FeatureEng-20250714_131802 - INFO -   - quantile_0_6: -0.737
2025-07-14 13:30:42 - FeatureEng-20250714_131802 - INFO -   - change_quantiles_f_agg_var_isabs_True_qh_1_0_ql_0_4: -0.848
2025-07-14 13:30:42 - FeatureEng-20250714_131802 - INFO -   - change_quantiles_f_agg_var_isabs_True_qh_1_0_ql_0_2: -0.879
2025-07-14 13:30:42 - FeatureEng-20250714_131802 - INFO -   - change_quantiles_f_agg_var_isabs_True_qh_0_8_ql_0_4: -0.839
2025-07-14 13:30:42 - FeatureEng-20250714_131802 - INFO -   - change_quantiles_f_agg_var_isabs_True_qh_0_8_ql_0_2: -0.856
2025-07-14 13:30:42 - FeatureEng-20250714_131802 - INFO -   - change_quantiles_f_agg_var_isabs_True_qh_0_6_ql_0_4: -0.858
2025-07-14 13:30:42 - FeatureEng-20250714_131802 - INFO -   - change_quantiles_f_agg_var_isabs_True_qh_0_6_ql_0_2: -0.833
2025-07-14 13:30:42 - FeatureEng-20250714_131802 - INFO -   - change_quantiles_f_agg_var_isabs_False_qh_1_0_ql_0_4: -0.852
2025-07-14 13:30:42 - FeatureEng-20250714_131802 - INFO -   - change_quantiles_f_agg_var_isabs_False_qh_1_0_ql_0_2: -0.873
2025-07-14 13:30:42 - FeatureEng-20250714_131802 - INFO -   - change_quantiles_f_agg_var_isabs_False_qh_0_8_ql_0_4: -0.821
2025-07-14 13:30:42 - FeatureEng-20250714_131802 - INFO -   - change_quantiles_f_agg_var_isabs_False_qh_0_8_ql_0_2: -0.856
2025-07-14 13:30:42 - FeatureEng-20250714_131802 - INFO -   - change_quantiles_f_agg_var_isabs_False_qh_0_8_ql_0_0: -0.860
2025-07-14 13:30:42 - FeatureEng-20250714_131802 - INFO -   - change_quantiles_f_agg_var_isabs_False_qh_0_6_ql_0_4: -0.820
2025-07-14 13:30:42 - FeatureEng-20250714_131802 - INFO -   - change_quantiles_f_agg_var_isabs_False_qh_0_6_ql_0_2: -0.818
2025-07-14 13:30:42 - FeatureEng-20250714_131802 - INFO -   - change_quantiles_f_agg_var_isabs_False_qh_0_4_ql_0_2: -0.756
2025-07-14 13:30:42 - FeatureEng-20250714_131802 - INFO -   - change_quantiles_f_agg_mean_isabs_True_qh_0_6_ql_0_4: -0.726
2025-07-14 13:30:42 - FeatureEng-20250714_131802 - INFO -   - agg_linear_trend_attr_intercept_chunk_len_50_f_agg_mean_: -0.777
2025-07-14 13:30:42 - FeatureEng-20250714_131802 - INFO - 
ar_resid_std_diff is highly correlated with:
2025-07-14 13:30:42 - FeatureEng-20250714_131802 - INFO -   - max_diff: -0.927
2025-07-14 13:30:42 - FeatureEng-20250714_131802 - INFO -   - min_diff: 0.800
2025-07-14 13:30:42 - FeatureEng-20250714_131802 - INFO -   - range_diff: -0.936
2025-07-14 13:30:42 - FeatureEng-20250714_131802 - INFO -   - std_diff: 0.983
2025-07-14 13:30:42 - FeatureEng-20250714_131802 - INFO -   - std_ratio: 0.726
2025-07-14 13:30:42 - FeatureEng-20250714_131802 - INFO -   - rolling_std_diff: 0.979
2025-07-14 13:30:42 - FeatureEng-20250714_131802 - INFO -   - quantile_0_6: 0.777
2025-07-14 13:30:42 - FeatureEng-20250714_131802 - INFO -   - quantile_0_4: -0.879
2025-07-14 13:30:42 - FeatureEng-20250714_131802 - INFO -   - change_quantiles_f_agg_var_isabs_True_qh_1_0_ql_0_4: 0.711
2025-07-14 13:30:42 - FeatureEng-20250714_131802 - INFO -   - change_quantiles_f_agg_var_isabs_True_qh_1_0_ql_0_2: 0.708
2025-07-14 13:30:42 - FeatureEng-20250714_131802 - INFO -   - change_quantiles_f_agg_var_isabs_False_qh_1_0_ql_0_4: 0.729
2025-07-14 13:30:42 - FeatureEng-20250714_131802 - INFO -   - change_quantiles_f_agg_var_isabs_False_qh_0_8_ql_0_0: 0.707
2025-07-14 13:30:42 - FeatureEng-20250714_131802 - INFO -   - change_quantiles_f_agg_mean_isabs_True_qh_0_6_ql_0_4: 0.761
2025-07-14 13:30:42 - FeatureEng-20250714_131802 - INFO -   - agg_linear_trend_attr_intercept_chunk_len_50_f_agg_max_: 0.803
2025-07-14 13:30:42 - FeatureEng-20250714_131802 - INFO -   - agg_linear_trend_attr_intercept_chunk_len_5_f_agg_max_: 0.706
2025-07-14 13:30:42 - FeatureEng-20250714_131802 - INFO -   - agg_linear_trend_attr_intercept_chunk_len_10_f_agg_max_: 0.737
2025-07-14 13:30:42 - FeatureEng-20250714_131802 - INFO - 
ar_aic_diff is highly correlated with:
2025-07-14 13:30:42 - FeatureEng-20250714_131802 - INFO -   - adf_icbest_diff: -1.000
2025-07-14 13:30:42 - FeatureEng-20250714_131802 - INFO - 
ar_bic_diff is highly correlated with:
2025-07-14 13:30:42 - FeatureEng-20250714_131802 - INFO -   - adf_icbest_diff: -1.000
2025-07-14 13:30:42 - FeatureEng-20250714_131802 - INFO - 
param_0_diff is highly correlated with:
2025-07-14 13:30:42 - FeatureEng-20250714_131802 - INFO -   - mean_diff: 0.904
2025-07-14 13:30:42 - FeatureEng-20250714_131802 - INFO -   - sum_diff: 0.804
2025-07-14 13:30:42 - FeatureEng-20250714_131802 - INFO -   - cumsum_max_diff: 0.784
2025-07-14 13:30:42 - FeatureEng-20250714_131802 - INFO -   - diff_var_diff: 0.777
2025-07-14 13:30:42 - FeatureEng-20250714_131802 - INFO -   - quantile_0_6: 0.703
2025-07-14 13:30:42 - FeatureEng-20250714_131802 - INFO -   - change_quantiles_f_agg_var_isabs_True_qh_1_0_ql_0_4: 0.776
2025-07-14 13:30:42 - FeatureEng-20250714_131802 - INFO -   - change_quantiles_f_agg_var_isabs_True_qh_1_0_ql_0_2: 0.897
2025-07-14 13:30:42 - FeatureEng-20250714_131802 - INFO -   - change_quantiles_f_agg_var_isabs_True_qh_0_8_ql_0_6: 0.812
2025-07-14 13:30:42 - FeatureEng-20250714_131802 - INFO -   - change_quantiles_f_agg_var_isabs_True_qh_0_8_ql_0_4: 0.894
2025-07-14 13:30:42 - FeatureEng-20250714_131802 - INFO -   - change_quantiles_f_agg_var_isabs_True_qh_0_8_ql_0_2: 0.881
2025-07-14 13:30:42 - FeatureEng-20250714_131802 - INFO -   - change_quantiles_f_agg_var_isabs_True_qh_0_6_ql_0_4: 0.806
2025-07-14 13:30:42 - FeatureEng-20250714_131802 - INFO -   - change_quantiles_f_agg_var_isabs_True_qh_0_6_ql_0_2: 0.885
2025-07-14 13:30:42 - FeatureEng-20250714_131802 - INFO -   - change_quantiles_f_agg_var_isabs_True_qh_0_4_ql_0_2: 0.849
2025-07-14 13:30:42 - FeatureEng-20250714_131802 - INFO -   - change_quantiles_f_agg_var_isabs_False_qh_1_0_ql_0_4: 0.828
2025-07-14 13:30:42 - FeatureEng-20250714_131802 - INFO -   - change_quantiles_f_agg_var_isabs_False_qh_1_0_ql_0_2: 0.897
2025-07-14 13:30:42 - FeatureEng-20250714_131802 - INFO -   - change_quantiles_f_agg_var_isabs_False_qh_0_8_ql_0_4: 0.889
2025-07-14 13:30:42 - FeatureEng-20250714_131802 - INFO -   - change_quantiles_f_agg_var_isabs_False_qh_0_8_ql_0_2: 0.861
2025-07-14 13:30:42 - FeatureEng-20250714_131802 - INFO -   - change_quantiles_f_agg_var_isabs_False_qh_0_8_ql_0_0: 0.883
2025-07-14 13:30:42 - FeatureEng-20250714_131802 - INFO -   - change_quantiles_f_agg_var_isabs_False_qh_0_6_ql_0_4: 0.823
2025-07-14 13:30:42 - FeatureEng-20250714_131802 - INFO -   - change_quantiles_f_agg_var_isabs_False_qh_0_6_ql_0_2: 0.878
2025-07-14 13:30:42 - FeatureEng-20250714_131802 - INFO -   - change_quantiles_f_agg_var_isabs_False_qh_0_4_ql_0_2: 0.861
2025-07-14 13:30:42 - FeatureEng-20250714_131802 - INFO -   - change_quantiles_f_agg_mean_isabs_True_qh_0_6_ql_0_4: 0.727
2025-07-14 13:30:42 - FeatureEng-20250714_131802 - INFO -   - agg_linear_trend_attr_intercept_chunk_len_50_f_agg_mean_: 0.729
2025-07-14 13:30:42 - FeatureEng-20250714_131802 - INFO - 
param_1_diff is highly correlated with:
2025-07-14 13:30:42 - FeatureEng-20250714_131802 - INFO -   - autocorr_lag1_diff: 0.987
2025-07-14 13:30:42 - FeatureEng-20250714_131802 - INFO -   - hjorth_complexity_diff: 0.883
2025-07-14 13:30:42 - FeatureEng-20250714_131802 - INFO - 
param_2_diff is highly correlated with:
2025-07-14 13:30:42 - FeatureEng-20250714_131802 - INFO -   - partial_autocorrelation_lag_2: 0.981
2025-07-14 13:30:42 - FeatureEng-20250714_131802 - INFO -   - ar_coefficient_coeff_2_k_10: 0.989
2025-07-14 13:30:42 - FeatureEng-20250714_131802 - INFO - 
Dropping 7 new features with |corr| > 0.95:
2025-07-14 13:30:42 - FeatureEng-20250714_131802 - INFO -   - ar_residuals_s2_pred_mean
2025-07-14 13:30:42 - FeatureEng-20250714_131802 - INFO -   - ar_residuals_s1_pred_mean
2025-07-14 13:30:42 - FeatureEng-20250714_131802 - INFO -   - ar_resid_std_diff
2025-07-14 13:30:42 - FeatureEng-20250714_131802 - INFO -   - ar_aic_diff
2025-07-14 13:30:42 - FeatureEng-20250714_131802 - INFO -   - ar_bic_diff
2025-07-14 13:30:42 - FeatureEng-20250714_131802 - INFO -   - param_1_diff
2025-07-14 13:30:42 - FeatureEng-20250714_131802 - INFO -   - param_2_diff
2025-07-14 13:30:43 - FeatureEng-20250714_131802 - INFO - 特征已保存到新文件: features_20250714_133042.parquet
2025-07-14 13:30:43 - FeatureEng-20250714_131802 - INFO - --- 生成后完整特征列表 ---
2025-07-14 13:30:43 - FeatureEng-20250714_131802 - INFO - ['mean_diff', 'median_diff', 'max_diff', 'min_diff', 'range_diff', 'std_diff', 'std_ratio', 'skew_diff', 'kurt_diff', 'cv_diff', 'rolling_std_diff', 'theil_sen_slope_diff', 'ks_stat', 'ks_pvalue', 'ttest_pvalue', 'ad_stat', 'ad_pvalue', 'mannwhitney_stat', 'mannwhitney_pvalue', 'wilcoxon_stat', 'wilcoxon_pvalue', 'levene_stat', 'levene_pvalue', 'bartlett_stat', 'bartlett_pvalue', 'shapiro_pvalue_0', 'shapiro_pvalue_1', 'shapiro_pvalue_diff', 'jb_pvalue_0', 'jb_pvalue_1', 'jb_pvalue_diff', 'kpss_pvalue_0', 'kpss_pvalue_1', 'kpss_pvalue_diff', 'kpss_stat_diff', 'adf_pvalue_0', 'adf_pvalue_1', 'adf_pvalue_diff', 'adf_stat_diff', 'adf_icbest_diff', 'sum_diff', 'cumsum_max_diff', 'zero_cross_diff', 'autocorr_lag1_diff', 'diff_var_diff', 'dominant_freq_diff', 'max_power_diff', 'shannon_entropy_0', 'shannon_entropy_1', 'shannon_entropy_diff', 'perm_entropy_0', 'perm_entropy_1', 'perm_entropy_diff', 'spectral_entropy_0', 'spectral_entropy_1', 'spectral_entropy_diff', 'svd_entropy_0', 'svd_entropy_1', 'svd_entropy_diff', 'approx_entropy_0', 'approx_entropy_1', 'approx_entropy_diff', 'sample_entropy_0', 'sample_entropy_1', 'sample_entropy_diff', 'hjorth_mobility_0', 'hjorth_complexity_0', 'hjorth_mobility_1', 'hjorth_complexity_1', 'hjorth_complexity_diff', 'num_zerocross_0', 'num_zerocross_1', 'lziv_complexity_0', 'lziv_complexity_1', 'lziv_complexity_diff', 'cond_entropy_0', 'cond_entropy_1', 'cond_entropy_diff', 'petrosian_fd_diff', 'katz_fd_diff', 'higuchi_fd_diff', 'detrended_fluctuation_diff', 'ratio_value_number_to_time_series_length', 'ratio_beyond_r_sigma_6', 'ratio_beyond_r_sigma_1_5', 'quantile_0_6', 'quantile_0_4', 'percentage_of_reoccurring_values_to_all_values', 'percentage_of_reoccurring_datapoints_to_all_datapoints', 'last_location_of_maximum', 'first_location_of_maximum', 'partial_autocorrelation_lag_2', 'linear_trend_attr_slope_', 'linear_trend_attr_rvalue_', 'linear_trend_attr_intercept_', 'fft_coefficient_attr_imag_coeff_3', 'fft_coefficient_attr_imag_coeff_2', 'fft_coefficient_attr_imag_coeff_1', 'change_quantiles_f_agg_var_isabs_True_qh_1_0_ql_0_4', 'change_quantiles_f_agg_var_isabs_True_qh_1_0_ql_0_2', 'change_quantiles_f_agg_var_isabs_True_qh_0_8_ql_0_6', 'change_quantiles_f_agg_var_isabs_True_qh_0_8_ql_0_4', 'change_quantiles_f_agg_var_isabs_True_qh_0_8_ql_0_2', 'change_quantiles_f_agg_var_isabs_True_qh_0_6_ql_0_4', 'change_quantiles_f_agg_var_isabs_True_qh_0_6_ql_0_2', 'change_quantiles_f_agg_var_isabs_True_qh_0_4_ql_0_2', 'change_quantiles_f_agg_var_isabs_False_qh_1_0_ql_0_4', 'change_quantiles_f_agg_var_isabs_False_qh_1_0_ql_0_2', 'change_quantiles_f_agg_var_isabs_False_qh_0_8_ql_0_4', 'change_quantiles_f_agg_var_isabs_False_qh_0_8_ql_0_2', 'change_quantiles_f_agg_var_isabs_False_qh_0_8_ql_0_0', 'change_quantiles_f_agg_var_isabs_False_qh_0_6_ql_0_4', 'change_quantiles_f_agg_var_isabs_False_qh_0_6_ql_0_2', 'change_quantiles_f_agg_var_isabs_False_qh_0_4_ql_0_2', 'change_quantiles_f_agg_mean_isabs_True_qh_0_6_ql_0_4', 'ar_coefficient_coeff_2_k_10', 'agg_linear_trend_attr_slope_chunk_len_50_f_agg_mean_', 'agg_linear_trend_attr_slope_chunk_len_5_f_agg_mean_', 'agg_linear_trend_attr_slope_chunk_len_10_f_agg_mean_', 'agg_linear_trend_attr_rvalue_chunk_len_50_f_agg_mean_', 'agg_linear_trend_attr_rvalue_chunk_len_50_f_agg_max_', 'agg_linear_trend_attr_rvalue_chunk_len_5_f_agg_mean_', 'agg_linear_trend_attr_rvalue_chunk_len_5_f_agg_max_', 'agg_linear_trend_attr_rvalue_chunk_len_10_f_agg_mean_', 'agg_linear_trend_attr_rvalue_chunk_len_10_f_agg_max_', 'agg_linear_trend_attr_intercept_chunk_len_50_f_agg_mean_', 'agg_linear_trend_attr_intercept_chunk_len_50_f_agg_max_', 'agg_linear_trend_attr_intercept_chunk_len_5_f_agg_mean_', 'agg_linear_trend_attr_intercept_chunk_len_5_f_agg_max_', 'agg_linear_trend_attr_intercept_chunk_len_10_f_agg_mean_', 'agg_linear_trend_attr_intercept_chunk_len_10_f_agg_max_', 'ar_residuals_s2_pred_std', 'ar_residuals_s2_pred_skew', 'ar_residuals_s2_pred_kurt', 'ar_residuals_s1_pred_std', 'ar_residuals_s1_pred_skew', 'ar_residuals_s1_pred_kurt', 'param_0_diff', 'param_3_diff', 'param_4_diff', 'param_5_diff']
2025-07-14 13:30:43 - FeatureEng-20250714_131802 - INFO - -----------------------------
2025-07-14 13:30:43 - FeatureEng-20250714_131802 - INFO - 生成/更新完成。新文件: features_20250714_133042.parquet, 总特征数: 141
