2025-09-14 14:30:16 - FeatureEng-20250914_143016 - INFO - ========== Running Command: gen-feats ==========
2025-09-14 14:30:16 - FeatureEng-20250914_143016 - INFO - Args: {'command': 'gen-feats', 'funcs': ['garch_features'], 'trans': None, 'base_file': None}
2025-09-14 14:30:16 - FeatureEng-20250914_143016 - INFO - =======================================
2025-09-14 14:30:16 - FeatureEng-20250914_143016 - INFO - Loading data...
2025-09-14 14:30:16 - FeatureEng-20250914_143016 - INFO - Original data loaded successfully.
2025-09-14 14:30:16 - FeatureEng-20250914_143016 - INFO - X_train shape: (23715734, 2)
2025-09-14 14:30:16 - FeatureEng-20250914_143016 - INFO - X_train type: <class 'pandas.core.frame.DataFrame'>
2025-09-14 14:30:16 - FeatureEng-20250914_143016 - INFO - y_train shape: (10001, 1)
2025-09-14 14:30:16 - FeatureEng-20250914_143016 - INFO - y_train type: <class 'pandas.core.frame.DataFrame'>
2025-09-14 14:30:16 - FeatureEng-20250914_143016 - INFO - Loading enhancement data with IDs: ['0']
2025-09-14 14:30:16 - FeatureEng-20250914_143016 - INFO - Total datasets loaded: 1
2025-09-14 14:30:16 - FeatureEng-20250914_143016 - INFO - Dataset 0: X shape (23715734, 2), y shape (10001, 1)
2025-09-14 14:30:16 - FeatureEng-20250914_143016 - INFO - 输入为字典格式，包含数据ID: ['0']
2025-09-14 14:30:16 - FeatureEng-20250914_143016 - INFO - 将基于特征文件进行更新: features_20250914_141624_id_0.parquet
2025-09-14 14:30:17 - FeatureEng-20250914_143016 - INFO - 基础特征字典包含数据ID: ['0']
2025-09-14 14:30:17 - FeatureEng-20250914_143016 - INFO -   数据ID '0': (10001, 6801)
2025-09-14 14:30:17 - FeatureEng-20250914_143016 - INFO - === 开始为数据ID '0' 生成特征 ===
2025-09-14 14:30:17 - FeatureEng-20250914_143016 - INFO - --- 开始时序分解（数据ID: 0） ---
2025-09-14 14:30:17 - FeatureEng-20250914_143016 - INFO - --- 开始应用变换函数: no_transformation ---
2025-09-14 14:30:17 - FeatureEng-20250914_143016 - INFO - 'no_transformation' 变换完毕，耗时: 0.00 秒，生成模态: ['RAW']
2025-09-14 14:30:17 - FeatureEng-20250914_143016 - INFO - --- 开始应用变换函数: cumsum_transformation ---
2025-09-14 14:30:24 - FeatureEng-20250914_143016 - INFO - 'cumsum_transformation' 变换完毕，耗时: 6.76 秒，生成模态: ['CUMSUM']
2025-09-14 14:30:24 - FeatureEng-20250914_143016 - INFO - --- 开始应用变换函数: diff_transformation ---
2025-09-14 14:30:31 - FeatureEng-20250914_143016 - INFO - 'diff_transformation' 变换完毕，耗时: 6.66 秒，生成模态: ['DIFF']
2025-09-14 14:30:31 - FeatureEng-20250914_143016 - INFO - --- 开始应用变换函数: asinh_transformation ---
2025-09-14 14:30:38 - FeatureEng-20250914_143016 - INFO - 'asinh_transformation' 变换完毕，耗时: 6.79 秒，生成模态: ['ASINH']
2025-09-14 14:30:38 - FeatureEng-20250914_143016 - INFO - 分解完成，共生成 4 个模态: ['RAW', 'CUMSUM', 'DIFF', 'ASINH']
2025-09-14 14:30:38 - FeatureEng-20250914_143016 - INFO - === 开始为数据ID '0' 的模态 'RAW' 生成特征 ===
2025-09-14 14:30:38 - FeatureEng-20250914_143016 - INFO - --- 开始生成特征: garch_features ---
2025-09-14 14:30:57 - FeatureEng-20250914_143016 - INFO - 'garch_features' 生成完毕，耗时: 18.92 秒。
2025-09-14 14:30:57 - FeatureEng-20250914_143016 - INFO -   新生成特征列名: ['RAW_11_garch_cond_vol_mean_left', 'RAW_11_garch_cond_vol_std_left', 'RAW_11_garch_aic_left', 'RAW_11_garch_bic_left', 'RAW_11_garch_params_omega_left', 'RAW_11_garch_params_alpha1_left', 'RAW_11_garch_params_beta1_left', 'RAW_11_garch_persistence_left', 'RAW_11_garch_converged_left', 'RAW_11_garch_cond_vol_mean_right', 'RAW_11_garch_cond_vol_std_right', 'RAW_11_garch_aic_right', 'RAW_11_garch_bic_right', 'RAW_11_garch_params_omega_right', 'RAW_11_garch_params_alpha1_right', 'RAW_11_garch_params_beta1_right', 'RAW_11_garch_persistence_right', 'RAW_11_garch_converged_right', 'RAW_11_garch_cond_vol_mean_whole', 'RAW_11_garch_cond_vol_std_whole', 'RAW_11_garch_aic_whole', 'RAW_11_garch_bic_whole', 'RAW_11_garch_params_omega_whole', 'RAW_11_garch_params_alpha1_whole', 'RAW_11_garch_params_beta1_whole', 'RAW_11_garch_persistence_whole', 'RAW_11_garch_converged_whole', 'RAW_11_garch_cond_vol_mean_diff', 'RAW_11_garch_cond_vol_mean_ratio', 'RAW_11_garch_cond_vol_mean_contribution_left', 'RAW_11_garch_cond_vol_mean_contribution_right', 'RAW_11_garch_cond_vol_mean_ratio_to_whole_left', 'RAW_11_garch_cond_vol_mean_ratio_to_whole_right', 'RAW_11_garch_cond_vol_std_diff', 'RAW_11_garch_cond_vol_std_ratio', 'RAW_11_garch_cond_vol_std_contribution_left', 'RAW_11_garch_cond_vol_std_contribution_right', 'RAW_11_garch_cond_vol_std_ratio_to_whole_left', 'RAW_11_garch_cond_vol_std_ratio_to_whole_right', 'RAW_11_garch_aic_diff', 'RAW_11_garch_aic_ratio', 'RAW_11_garch_aic_contribution_left', 'RAW_11_garch_aic_contribution_right', 'RAW_11_garch_aic_ratio_to_whole_left', 'RAW_11_garch_aic_ratio_to_whole_right', 'RAW_11_garch_bic_diff', 'RAW_11_garch_bic_ratio', 'RAW_11_garch_bic_contribution_left', 'RAW_11_garch_bic_contribution_right', 'RAW_11_garch_bic_ratio_to_whole_left', 'RAW_11_garch_bic_ratio_to_whole_right', 'RAW_11_garch_persistence_diff', 'RAW_11_garch_persistence_ratio', 'RAW_11_garch_persistence_contribution_left', 'RAW_11_garch_persistence_contribution_right', 'RAW_11_garch_persistence_ratio_to_whole_left', 'RAW_11_garch_persistence_ratio_to_whole_right']
2025-09-14 14:30:57 - FeatureEng-20250914_143016 - INFO -     - 'RAW_11_garch_cond_vol_mean_left': 空值比例=0.00%, 零值比例=0.00%
2025-09-14 14:30:57 - FeatureEng-20250914_143016 - INFO -     - 'RAW_11_garch_cond_vol_std_left': 空值比例=0.00%, 零值比例=0.05%
2025-09-14 14:30:57 - FeatureEng-20250914_143016 - INFO -     - 'RAW_11_garch_aic_left': 空值比例=0.00%, 零值比例=0.00%
2025-09-14 14:30:57 - FeatureEng-20250914_143016 - INFO -     - 'RAW_11_garch_bic_left': 空值比例=0.00%, 零值比例=0.00%
2025-09-14 14:30:57 - FeatureEng-20250914_143016 - INFO -     - 'RAW_11_garch_params_omega_left': 空值比例=0.00%, 零值比例=0.00%
2025-09-14 14:30:57 - FeatureEng-20250914_143016 - INFO -     - 'RAW_11_garch_params_alpha1_left': 空值比例=0.00%, 零值比例=2.94%
2025-09-14 14:30:57 - FeatureEng-20250914_143016 - INFO -     - 'RAW_11_garch_params_beta1_left': 空值比例=0.00%, 零值比例=2.85%
2025-09-14 14:30:57 - FeatureEng-20250914_143016 - INFO -     - 'RAW_11_garch_persistence_left': 空值比例=0.00%, 零值比例=0.14%
2025-09-14 14:30:57 - FeatureEng-20250914_143016 - INFO -     - 'RAW_11_garch_converged_left': 空值比例=0.00%, 零值比例=0.00%
2025-09-14 14:30:57 - FeatureEng-20250914_143016 - INFO -     - 'RAW_11_garch_cond_vol_mean_right': 空值比例=0.00%, 零值比例=0.00%
2025-09-14 14:30:57 - FeatureEng-20250914_143016 - INFO -     - 'RAW_11_garch_cond_vol_std_right': 空值比例=0.00%, 零值比例=0.03%
2025-09-14 14:30:57 - FeatureEng-20250914_143016 - INFO -     - 'RAW_11_garch_aic_right': 空值比例=0.00%, 零值比例=0.00%
2025-09-14 14:30:57 - FeatureEng-20250914_143016 - INFO -     - 'RAW_11_garch_bic_right': 空值比例=0.00%, 零值比例=0.00%
2025-09-14 14:30:57 - FeatureEng-20250914_143016 - INFO -     - 'RAW_11_garch_params_omega_right': 空值比例=0.00%, 零值比例=0.00%
2025-09-14 14:30:57 - FeatureEng-20250914_143016 - INFO -     - 'RAW_11_garch_params_alpha1_right': 空值比例=0.00%, 零值比例=7.08%
2025-09-14 14:30:57 - FeatureEng-20250914_143016 - INFO -     - 'RAW_11_garch_params_beta1_right': 空值比例=0.00%, 零值比例=3.79%
2025-09-14 14:30:57 - FeatureEng-20250914_143016 - INFO -     - 'RAW_11_garch_persistence_right': 空值比例=0.00%, 零值比例=0.07%
2025-09-14 14:30:57 - FeatureEng-20250914_143016 - INFO -     - 'RAW_11_garch_converged_right': 空值比例=0.00%, 零值比例=0.00%
2025-09-14 14:30:57 - FeatureEng-20250914_143016 - INFO -     - 'RAW_11_garch_cond_vol_mean_whole': 空值比例=0.00%, 零值比例=0.00%
2025-09-14 14:30:57 - FeatureEng-20250914_143016 - INFO -     - 'RAW_11_garch_cond_vol_std_whole': 空值比例=0.00%, 零值比例=0.06%
2025-09-14 14:30:57 - FeatureEng-20250914_143016 - INFO -     - 'RAW_11_garch_aic_whole': 空值比例=0.00%, 零值比例=0.00%
2025-09-14 14:30:57 - FeatureEng-20250914_143016 - INFO -     - 'RAW_11_garch_bic_whole': 空值比例=0.00%, 零值比例=0.00%
2025-09-14 14:30:57 - FeatureEng-20250914_143016 - INFO -     - 'RAW_11_garch_params_omega_whole': 空值比例=0.00%, 零值比例=0.00%
2025-09-14 14:30:57 - FeatureEng-20250914_143016 - INFO -     - 'RAW_11_garch_params_alpha1_whole': 空值比例=0.00%, 零值比例=2.55%
2025-09-14 14:30:57 - FeatureEng-20250914_143016 - INFO -     - 'RAW_11_garch_params_beta1_whole': 空值比例=0.00%, 零值比例=2.77%
2025-09-14 14:30:57 - FeatureEng-20250914_143016 - INFO -     - 'RAW_11_garch_persistence_whole': 空值比例=0.00%, 零值比例=0.14%
2025-09-14 14:30:57 - FeatureEng-20250914_143016 - INFO -     - 'RAW_11_garch_converged_whole': 空值比例=0.00%, 零值比例=0.00%
2025-09-14 14:30:57 - FeatureEng-20250914_143016 - INFO -     - 'RAW_11_garch_cond_vol_mean_diff': 空值比例=0.00%, 零值比例=0.00%
2025-09-14 14:30:57 - FeatureEng-20250914_143016 - INFO -     - 'RAW_11_garch_cond_vol_mean_ratio': 空值比例=0.00%, 零值比例=0.00%
2025-09-14 14:30:57 - FeatureEng-20250914_143016 - INFO -     - 'RAW_11_garch_cond_vol_mean_contribution_left': 空值比例=0.00%, 零值比例=0.00%
2025-09-14 14:30:57 - FeatureEng-20250914_143016 - INFO -     - 'RAW_11_garch_cond_vol_mean_contribution_right': 空值比例=0.00%, 零值比例=0.00%
2025-09-14 14:30:57 - FeatureEng-20250914_143016 - INFO -     - 'RAW_11_garch_cond_vol_mean_ratio_to_whole_left': 空值比例=0.00%, 零值比例=0.00%
2025-09-14 14:30:57 - FeatureEng-20250914_143016 - INFO -     - 'RAW_11_garch_cond_vol_mean_ratio_to_whole_right': 空值比例=0.00%, 零值比例=0.00%
2025-09-14 14:30:57 - FeatureEng-20250914_143016 - INFO -     - 'RAW_11_garch_cond_vol_std_diff': 空值比例=0.00%, 零值比例=0.00%
2025-09-14 14:30:57 - FeatureEng-20250914_143016 - INFO -     - 'RAW_11_garch_cond_vol_std_ratio': 空值比例=0.00%, 零值比例=0.03%
2025-09-14 14:30:57 - FeatureEng-20250914_143016 - INFO -     - 'RAW_11_garch_cond_vol_std_contribution_left': 空值比例=0.00%, 零值比例=0.05%
2025-09-14 14:30:57 - FeatureEng-20250914_143016 - INFO -     - 'RAW_11_garch_cond_vol_std_contribution_right': 空值比例=0.00%, 零值比例=0.03%
2025-09-14 14:30:57 - FeatureEng-20250914_143016 - INFO -     - 'RAW_11_garch_cond_vol_std_ratio_to_whole_left': 空值比例=0.00%, 零值比例=0.05%
2025-09-14 14:30:57 - FeatureEng-20250914_143016 - INFO -     - 'RAW_11_garch_cond_vol_std_ratio_to_whole_right': 空值比例=0.00%, 零值比例=0.03%
2025-09-14 14:30:57 - FeatureEng-20250914_143016 - INFO -     - 'RAW_11_garch_aic_diff': 空值比例=0.00%, 零值比例=0.00%
2025-09-14 14:30:57 - FeatureEng-20250914_143016 - INFO -     - 'RAW_11_garch_aic_ratio': 空值比例=0.00%, 零值比例=0.00%
2025-09-14 14:30:57 - FeatureEng-20250914_143016 - INFO -     - 'RAW_11_garch_aic_contribution_left': 空值比例=0.00%, 零值比例=0.00%
2025-09-14 14:30:57 - FeatureEng-20250914_143016 - INFO -     - 'RAW_11_garch_aic_contribution_right': 空值比例=0.00%, 零值比例=0.00%
2025-09-14 14:30:57 - FeatureEng-20250914_143016 - INFO -     - 'RAW_11_garch_aic_ratio_to_whole_left': 空值比例=0.00%, 零值比例=0.00%
2025-09-14 14:30:57 - FeatureEng-20250914_143016 - INFO -     - 'RAW_11_garch_aic_ratio_to_whole_right': 空值比例=0.00%, 零值比例=0.00%
2025-09-14 14:30:57 - FeatureEng-20250914_143016 - INFO -     - 'RAW_11_garch_bic_diff': 空值比例=0.00%, 零值比例=0.00%
2025-09-14 14:30:57 - FeatureEng-20250914_143016 - INFO -     - 'RAW_11_garch_bic_ratio': 空值比例=0.00%, 零值比例=0.00%
2025-09-14 14:30:57 - FeatureEng-20250914_143016 - INFO -     - 'RAW_11_garch_bic_contribution_left': 空值比例=0.00%, 零值比例=0.00%
2025-09-14 14:30:57 - FeatureEng-20250914_143016 - INFO -     - 'RAW_11_garch_bic_contribution_right': 空值比例=0.00%, 零值比例=0.00%
2025-09-14 14:30:57 - FeatureEng-20250914_143016 - INFO -     - 'RAW_11_garch_bic_ratio_to_whole_left': 空值比例=0.00%, 零值比例=0.00%
2025-09-14 14:30:57 - FeatureEng-20250914_143016 - INFO -     - 'RAW_11_garch_bic_ratio_to_whole_right': 空值比例=0.00%, 零值比例=0.00%
2025-09-14 14:30:57 - FeatureEng-20250914_143016 - INFO -     - 'RAW_11_garch_persistence_diff': 空值比例=0.00%, 零值比例=0.06%
2025-09-14 14:30:57 - FeatureEng-20250914_143016 - INFO -     - 'RAW_11_garch_persistence_ratio': 空值比例=0.00%, 零值比例=0.07%
2025-09-14 14:30:57 - FeatureEng-20250914_143016 - INFO -     - 'RAW_11_garch_persistence_contribution_left': 空值比例=0.00%, 零值比例=0.14%
2025-09-14 14:30:57 - FeatureEng-20250914_143016 - INFO -     - 'RAW_11_garch_persistence_contribution_right': 空值比例=0.00%, 零值比例=0.07%
2025-09-14 14:30:57 - FeatureEng-20250914_143016 - INFO -     - 'RAW_11_garch_persistence_ratio_to_whole_left': 空值比例=0.00%, 零值比例=0.14%
2025-09-14 14:30:57 - FeatureEng-20250914_143016 - INFO -     - 'RAW_11_garch_persistence_ratio_to_whole_right': 空值比例=0.00%, 零值比例=0.07%
2025-09-14 14:30:57 - FeatureEng-20250914_143016 - INFO - === 开始为数据ID '0' 的模态 'CUMSUM' 生成特征 ===
2025-09-14 14:30:57 - FeatureEng-20250914_143016 - INFO - --- 开始生成特征: garch_features ---
2025-09-14 14:31:09 - FeatureEng-20250914_143016 - INFO - 'garch_features' 生成完毕，耗时: 12.14 秒。
2025-09-14 14:31:09 - FeatureEng-20250914_143016 - INFO -   新生成特征列名: ['CUMSUM_11_garch_cond_vol_mean_left', 'CUMSUM_11_garch_cond_vol_std_left', 'CUMSUM_11_garch_aic_left', 'CUMSUM_11_garch_bic_left', 'CUMSUM_11_garch_params_omega_left', 'CUMSUM_11_garch_params_alpha1_left', 'CUMSUM_11_garch_params_beta1_left', 'CUMSUM_11_garch_persistence_left', 'CUMSUM_11_garch_converged_left', 'CUMSUM_11_garch_cond_vol_mean_right', 'CUMSUM_11_garch_cond_vol_std_right', 'CUMSUM_11_garch_aic_right', 'CUMSUM_11_garch_bic_right', 'CUMSUM_11_garch_params_omega_right', 'CUMSUM_11_garch_params_alpha1_right', 'CUMSUM_11_garch_params_beta1_right', 'CUMSUM_11_garch_persistence_right', 'CUMSUM_11_garch_converged_right', 'CUMSUM_11_garch_cond_vol_mean_whole', 'CUMSUM_11_garch_cond_vol_std_whole', 'CUMSUM_11_garch_aic_whole', 'CUMSUM_11_garch_bic_whole', 'CUMSUM_11_garch_params_omega_whole', 'CUMSUM_11_garch_params_alpha1_whole', 'CUMSUM_11_garch_params_beta1_whole', 'CUMSUM_11_garch_persistence_whole', 'CUMSUM_11_garch_converged_whole', 'CUMSUM_11_garch_cond_vol_mean_diff', 'CUMSUM_11_garch_cond_vol_mean_ratio', 'CUMSUM_11_garch_cond_vol_mean_contribution_left', 'CUMSUM_11_garch_cond_vol_mean_contribution_right', 'CUMSUM_11_garch_cond_vol_mean_ratio_to_whole_left', 'CUMSUM_11_garch_cond_vol_mean_ratio_to_whole_right', 'CUMSUM_11_garch_cond_vol_std_diff', 'CUMSUM_11_garch_cond_vol_std_ratio', 'CUMSUM_11_garch_cond_vol_std_contribution_left', 'CUMSUM_11_garch_cond_vol_std_contribution_right', 'CUMSUM_11_garch_cond_vol_std_ratio_to_whole_left', 'CUMSUM_11_garch_cond_vol_std_ratio_to_whole_right', 'CUMSUM_11_garch_aic_diff', 'CUMSUM_11_garch_aic_ratio', 'CUMSUM_11_garch_aic_contribution_left', 'CUMSUM_11_garch_aic_contribution_right', 'CUMSUM_11_garch_aic_ratio_to_whole_left', 'CUMSUM_11_garch_aic_ratio_to_whole_right', 'CUMSUM_11_garch_bic_diff', 'CUMSUM_11_garch_bic_ratio', 'CUMSUM_11_garch_bic_contribution_left', 'CUMSUM_11_garch_bic_contribution_right', 'CUMSUM_11_garch_bic_ratio_to_whole_left', 'CUMSUM_11_garch_bic_ratio_to_whole_right', 'CUMSUM_11_garch_persistence_diff', 'CUMSUM_11_garch_persistence_ratio', 'CUMSUM_11_garch_persistence_contribution_left', 'CUMSUM_11_garch_persistence_contribution_right', 'CUMSUM_11_garch_persistence_ratio_to_whole_left', 'CUMSUM_11_garch_persistence_ratio_to_whole_right']
2025-09-14 14:31:09 - FeatureEng-20250914_143016 - INFO -     - 'CUMSUM_11_garch_cond_vol_mean_left': 空值比例=0.00%, 零值比例=0.00%
2025-09-14 14:31:09 - FeatureEng-20250914_143016 - INFO -     - 'CUMSUM_11_garch_cond_vol_std_left': 空值比例=0.00%, 零值比例=0.00%
2025-09-14 14:31:09 - FeatureEng-20250914_143016 - INFO -     - 'CUMSUM_11_garch_aic_left': 空值比例=0.00%, 零值比例=0.00%
2025-09-14 14:31:09 - FeatureEng-20250914_143016 - INFO -     - 'CUMSUM_11_garch_bic_left': 空值比例=0.00%, 零值比例=0.00%
2025-09-14 14:31:09 - FeatureEng-20250914_143016 - INFO -     - 'CUMSUM_11_garch_params_omega_left': 空值比例=0.00%, 零值比例=0.00%
2025-09-14 14:31:09 - FeatureEng-20250914_143016 - INFO -     - 'CUMSUM_11_garch_params_alpha1_left': 空值比例=0.00%, 零值比例=0.00%
2025-09-14 14:31:09 - FeatureEng-20250914_143016 - INFO -     - 'CUMSUM_11_garch_params_beta1_left': 空值比例=0.00%, 零值比例=21.96%
2025-09-14 14:31:09 - FeatureEng-20250914_143016 - INFO -     - 'CUMSUM_11_garch_persistence_left': 空值比例=0.00%, 零值比例=0.00%
2025-09-14 14:31:09 - FeatureEng-20250914_143016 - INFO -     - 'CUMSUM_11_garch_converged_left': 空值比例=0.00%, 零值比例=0.00%
2025-09-14 14:31:09 - FeatureEng-20250914_143016 - INFO -     - 'CUMSUM_11_garch_cond_vol_mean_right': 空值比例=0.00%, 零值比例=0.00%
2025-09-14 14:31:09 - FeatureEng-20250914_143016 - INFO -     - 'CUMSUM_11_garch_cond_vol_std_right': 空值比例=0.00%, 零值比例=0.00%
2025-09-14 14:31:09 - FeatureEng-20250914_143016 - INFO -     - 'CUMSUM_11_garch_aic_right': 空值比例=0.00%, 零值比例=0.00%
2025-09-14 14:31:09 - FeatureEng-20250914_143016 - INFO -     - 'CUMSUM_11_garch_bic_right': 空值比例=0.00%, 零值比例=0.00%
2025-09-14 14:31:09 - FeatureEng-20250914_143016 - INFO -     - 'CUMSUM_11_garch_params_omega_right': 空值比例=0.00%, 零值比例=0.00%
2025-09-14 14:31:09 - FeatureEng-20250914_143016 - INFO -     - 'CUMSUM_11_garch_params_alpha1_right': 空值比例=0.00%, 零值比例=0.00%
2025-09-14 14:31:09 - FeatureEng-20250914_143016 - INFO -     - 'CUMSUM_11_garch_params_beta1_right': 空值比例=0.00%, 零值比例=31.50%
2025-09-14 14:31:09 - FeatureEng-20250914_143016 - INFO -     - 'CUMSUM_11_garch_persistence_right': 空值比例=0.00%, 零值比例=0.00%
2025-09-14 14:31:09 - FeatureEng-20250914_143016 - INFO -     - 'CUMSUM_11_garch_converged_right': 空值比例=0.00%, 零值比例=0.00%
2025-09-14 14:31:09 - FeatureEng-20250914_143016 - INFO -     - 'CUMSUM_11_garch_cond_vol_mean_whole': 空值比例=0.00%, 零值比例=0.00%
2025-09-14 14:31:09 - FeatureEng-20250914_143016 - INFO -     - 'CUMSUM_11_garch_cond_vol_std_whole': 空值比例=0.00%, 零值比例=0.00%
2025-09-14 14:31:09 - FeatureEng-20250914_143016 - INFO -     - 'CUMSUM_11_garch_aic_whole': 空值比例=0.00%, 零值比例=0.00%
2025-09-14 14:31:09 - FeatureEng-20250914_143016 - INFO -     - 'CUMSUM_11_garch_bic_whole': 空值比例=0.00%, 零值比例=0.00%
2025-09-14 14:31:09 - FeatureEng-20250914_143016 - INFO -     - 'CUMSUM_11_garch_params_omega_whole': 空值比例=0.00%, 零值比例=0.00%
2025-09-14 14:31:09 - FeatureEng-20250914_143016 - INFO -     - 'CUMSUM_11_garch_params_alpha1_whole': 空值比例=0.00%, 零值比例=0.00%
2025-09-14 14:31:09 - FeatureEng-20250914_143016 - INFO -     - 'CUMSUM_11_garch_params_beta1_whole': 空值比例=0.00%, 零值比例=21.88%
2025-09-14 14:31:09 - FeatureEng-20250914_143016 - INFO -     - 'CUMSUM_11_garch_persistence_whole': 空值比例=0.00%, 零值比例=0.00%
2025-09-14 14:31:09 - FeatureEng-20250914_143016 - INFO -     - 'CUMSUM_11_garch_converged_whole': 空值比例=0.00%, 零值比例=0.00%
2025-09-14 14:31:09 - FeatureEng-20250914_143016 - INFO -     - 'CUMSUM_11_garch_cond_vol_mean_diff': 空值比例=0.00%, 零值比例=0.00%
2025-09-14 14:31:09 - FeatureEng-20250914_143016 - INFO -     - 'CUMSUM_11_garch_cond_vol_mean_ratio': 空值比例=0.00%, 零值比例=0.00%
2025-09-14 14:31:09 - FeatureEng-20250914_143016 - INFO -     - 'CUMSUM_11_garch_cond_vol_mean_contribution_left': 空值比例=0.00%, 零值比例=0.00%
2025-09-14 14:31:09 - FeatureEng-20250914_143016 - INFO -     - 'CUMSUM_11_garch_cond_vol_mean_contribution_right': 空值比例=0.00%, 零值比例=0.00%
2025-09-14 14:31:09 - FeatureEng-20250914_143016 - INFO -     - 'CUMSUM_11_garch_cond_vol_mean_ratio_to_whole_left': 空值比例=0.00%, 零值比例=0.00%
2025-09-14 14:31:09 - FeatureEng-20250914_143016 - INFO -     - 'CUMSUM_11_garch_cond_vol_mean_ratio_to_whole_right': 空值比例=0.00%, 零值比例=0.00%
2025-09-14 14:31:09 - FeatureEng-20250914_143016 - INFO -     - 'CUMSUM_11_garch_cond_vol_std_diff': 空值比例=0.00%, 零值比例=0.00%
2025-09-14 14:31:09 - FeatureEng-20250914_143016 - INFO -     - 'CUMSUM_11_garch_cond_vol_std_ratio': 空值比例=0.00%, 零值比例=0.00%
2025-09-14 14:31:09 - FeatureEng-20250914_143016 - INFO -     - 'CUMSUM_11_garch_cond_vol_std_contribution_left': 空值比例=0.00%, 零值比例=0.00%
2025-09-14 14:31:09 - FeatureEng-20250914_143016 - INFO -     - 'CUMSUM_11_garch_cond_vol_std_contribution_right': 空值比例=0.00%, 零值比例=0.00%
2025-09-14 14:31:09 - FeatureEng-20250914_143016 - INFO -     - 'CUMSUM_11_garch_cond_vol_std_ratio_to_whole_left': 空值比例=0.00%, 零值比例=0.00%
2025-09-14 14:31:09 - FeatureEng-20250914_143016 - INFO -     - 'CUMSUM_11_garch_cond_vol_std_ratio_to_whole_right': 空值比例=0.00%, 零值比例=0.00%
2025-09-14 14:31:09 - FeatureEng-20250914_143016 - INFO -     - 'CUMSUM_11_garch_aic_diff': 空值比例=0.00%, 零值比例=0.00%
2025-09-14 14:31:09 - FeatureEng-20250914_143016 - INFO -     - 'CUMSUM_11_garch_aic_ratio': 空值比例=0.00%, 零值比例=0.00%
2025-09-14 14:31:09 - FeatureEng-20250914_143016 - INFO -     - 'CUMSUM_11_garch_aic_contribution_left': 空值比例=0.00%, 零值比例=0.00%
2025-09-14 14:31:09 - FeatureEng-20250914_143016 - INFO -     - 'CUMSUM_11_garch_aic_contribution_right': 空值比例=0.00%, 零值比例=0.00%
2025-09-14 14:31:09 - FeatureEng-20250914_143016 - INFO -     - 'CUMSUM_11_garch_aic_ratio_to_whole_left': 空值比例=0.00%, 零值比例=0.00%
2025-09-14 14:31:09 - FeatureEng-20250914_143016 - INFO -     - 'CUMSUM_11_garch_aic_ratio_to_whole_right': 空值比例=0.00%, 零值比例=0.00%
2025-09-14 14:31:09 - FeatureEng-20250914_143016 - INFO -     - 'CUMSUM_11_garch_bic_diff': 空值比例=0.00%, 零值比例=0.00%
2025-09-14 14:31:09 - FeatureEng-20250914_143016 - INFO -     - 'CUMSUM_11_garch_bic_ratio': 空值比例=0.00%, 零值比例=0.00%
2025-09-14 14:31:09 - FeatureEng-20250914_143016 - INFO -     - 'CUMSUM_11_garch_bic_contribution_left': 空值比例=0.00%, 零值比例=0.00%
2025-09-14 14:31:09 - FeatureEng-20250914_143016 - INFO -     - 'CUMSUM_11_garch_bic_contribution_right': 空值比例=0.00%, 零值比例=0.00%
2025-09-14 14:31:09 - FeatureEng-20250914_143016 - INFO -     - 'CUMSUM_11_garch_bic_ratio_to_whole_left': 空值比例=0.00%, 零值比例=0.00%
2025-09-14 14:31:09 - FeatureEng-20250914_143016 - INFO -     - 'CUMSUM_11_garch_bic_ratio_to_whole_right': 空值比例=0.00%, 零值比例=0.00%
2025-09-14 14:31:09 - FeatureEng-20250914_143016 - INFO -     - 'CUMSUM_11_garch_persistence_diff': 空值比例=0.00%, 零值比例=5.94%
2025-09-14 14:31:09 - FeatureEng-20250914_143016 - INFO -     - 'CUMSUM_11_garch_persistence_ratio': 空值比例=0.00%, 零值比例=0.00%
2025-09-14 14:31:09 - FeatureEng-20250914_143016 - INFO -     - 'CUMSUM_11_garch_persistence_contribution_left': 空值比例=0.00%, 零值比例=0.00%
2025-09-14 14:31:09 - FeatureEng-20250914_143016 - INFO -     - 'CUMSUM_11_garch_persistence_contribution_right': 空值比例=0.00%, 零值比例=0.00%
2025-09-14 14:31:09 - FeatureEng-20250914_143016 - INFO -     - 'CUMSUM_11_garch_persistence_ratio_to_whole_left': 空值比例=0.00%, 零值比例=0.00%
2025-09-14 14:31:09 - FeatureEng-20250914_143016 - INFO -     - 'CUMSUM_11_garch_persistence_ratio_to_whole_right': 空值比例=0.00%, 零值比例=0.00%
2025-09-14 14:31:09 - FeatureEng-20250914_143016 - INFO - === 开始为数据ID '0' 的模态 'DIFF' 生成特征 ===
2025-09-14 14:31:09 - FeatureEng-20250914_143016 - INFO - --- 开始生成特征: garch_features ---
2025-09-14 14:31:19 - FeatureEng-20250914_143016 - INFO - 'garch_features' 生成完毕，耗时: 9.87 秒。
2025-09-14 14:31:19 - FeatureEng-20250914_143016 - INFO -   新生成特征列名: ['DIFF_11_garch_cond_vol_mean_left', 'DIFF_11_garch_cond_vol_std_left', 'DIFF_11_garch_aic_left', 'DIFF_11_garch_bic_left', 'DIFF_11_garch_params_omega_left', 'DIFF_11_garch_params_alpha1_left', 'DIFF_11_garch_params_beta1_left', 'DIFF_11_garch_persistence_left', 'DIFF_11_garch_converged_left', 'DIFF_11_garch_cond_vol_mean_right', 'DIFF_11_garch_cond_vol_std_right', 'DIFF_11_garch_aic_right', 'DIFF_11_garch_bic_right', 'DIFF_11_garch_params_omega_right', 'DIFF_11_garch_params_alpha1_right', 'DIFF_11_garch_params_beta1_right', 'DIFF_11_garch_persistence_right', 'DIFF_11_garch_converged_right', 'DIFF_11_garch_cond_vol_mean_whole', 'DIFF_11_garch_cond_vol_std_whole', 'DIFF_11_garch_aic_whole', 'DIFF_11_garch_bic_whole', 'DIFF_11_garch_params_omega_whole', 'DIFF_11_garch_params_alpha1_whole', 'DIFF_11_garch_params_beta1_whole', 'DIFF_11_garch_persistence_whole', 'DIFF_11_garch_converged_whole', 'DIFF_11_garch_cond_vol_mean_diff', 'DIFF_11_garch_cond_vol_mean_ratio', 'DIFF_11_garch_cond_vol_mean_contribution_left', 'DIFF_11_garch_cond_vol_mean_contribution_right', 'DIFF_11_garch_cond_vol_mean_ratio_to_whole_left', 'DIFF_11_garch_cond_vol_mean_ratio_to_whole_right', 'DIFF_11_garch_cond_vol_std_diff', 'DIFF_11_garch_cond_vol_std_ratio', 'DIFF_11_garch_cond_vol_std_contribution_left', 'DIFF_11_garch_cond_vol_std_contribution_right', 'DIFF_11_garch_cond_vol_std_ratio_to_whole_left', 'DIFF_11_garch_cond_vol_std_ratio_to_whole_right', 'DIFF_11_garch_aic_diff', 'DIFF_11_garch_aic_ratio', 'DIFF_11_garch_aic_contribution_left', 'DIFF_11_garch_aic_contribution_right', 'DIFF_11_garch_aic_ratio_to_whole_left', 'DIFF_11_garch_aic_ratio_to_whole_right', 'DIFF_11_garch_bic_diff', 'DIFF_11_garch_bic_ratio', 'DIFF_11_garch_bic_contribution_left', 'DIFF_11_garch_bic_contribution_right', 'DIFF_11_garch_bic_ratio_to_whole_left', 'DIFF_11_garch_bic_ratio_to_whole_right', 'DIFF_11_garch_persistence_diff', 'DIFF_11_garch_persistence_ratio', 'DIFF_11_garch_persistence_contribution_left', 'DIFF_11_garch_persistence_contribution_right', 'DIFF_11_garch_persistence_ratio_to_whole_left', 'DIFF_11_garch_persistence_ratio_to_whole_right']
2025-09-14 14:31:19 - FeatureEng-20250914_143016 - INFO -     - 'DIFF_11_garch_cond_vol_mean_left': 空值比例=0.00%, 零值比例=0.00%
2025-09-14 14:31:19 - FeatureEng-20250914_143016 - INFO -     - 'DIFF_11_garch_cond_vol_std_left': 空值比例=0.00%, 零值比例=0.00%
2025-09-14 14:31:19 - FeatureEng-20250914_143016 - INFO -     - 'DIFF_11_garch_aic_left': 空值比例=0.00%, 零值比例=0.00%
2025-09-14 14:31:19 - FeatureEng-20250914_143016 - INFO -     - 'DIFF_11_garch_bic_left': 空值比例=0.00%, 零值比例=0.00%
2025-09-14 14:31:19 - FeatureEng-20250914_143016 - INFO -     - 'DIFF_11_garch_params_omega_left': 空值比例=0.00%, 零值比例=0.00%
2025-09-14 14:31:19 - FeatureEng-20250914_143016 - INFO -     - 'DIFF_11_garch_params_alpha1_left': 空值比例=0.00%, 零值比例=0.04%
2025-09-14 14:31:19 - FeatureEng-20250914_143016 - INFO -     - 'DIFF_11_garch_params_beta1_left': 空值比例=0.00%, 零值比例=7.47%
2025-09-14 14:31:19 - FeatureEng-20250914_143016 - INFO -     - 'DIFF_11_garch_persistence_left': 空值比例=0.00%, 零值比例=0.00%
2025-09-14 14:31:19 - FeatureEng-20250914_143016 - INFO -     - 'DIFF_11_garch_converged_left': 空值比例=0.00%, 零值比例=0.00%
2025-09-14 14:31:19 - FeatureEng-20250914_143016 - INFO -     - 'DIFF_11_garch_cond_vol_mean_right': 空值比例=0.00%, 零值比例=0.00%
2025-09-14 14:31:19 - FeatureEng-20250914_143016 - INFO -     - 'DIFF_11_garch_cond_vol_std_right': 空值比例=0.00%, 零值比例=0.00%
2025-09-14 14:31:19 - FeatureEng-20250914_143016 - INFO -     - 'DIFF_11_garch_aic_right': 空值比例=0.00%, 零值比例=0.00%
2025-09-14 14:31:19 - FeatureEng-20250914_143016 - INFO -     - 'DIFF_11_garch_bic_right': 空值比例=0.00%, 零值比例=0.00%
2025-09-14 14:31:19 - FeatureEng-20250914_143016 - INFO -     - 'DIFF_11_garch_params_omega_right': 空值比例=0.00%, 零值比例=0.00%
2025-09-14 14:31:19 - FeatureEng-20250914_143016 - INFO -     - 'DIFF_11_garch_params_alpha1_right': 空值比例=0.00%, 零值比例=0.49%
2025-09-14 14:31:19 - FeatureEng-20250914_143016 - INFO -     - 'DIFF_11_garch_params_beta1_right': 空值比例=0.00%, 零值比例=10.67%
2025-09-14 14:31:19 - FeatureEng-20250914_143016 - INFO -     - 'DIFF_11_garch_persistence_right': 空值比例=0.00%, 零值比例=0.00%
2025-09-14 14:31:19 - FeatureEng-20250914_143016 - INFO -     - 'DIFF_11_garch_converged_right': 空值比例=0.00%, 零值比例=0.00%
2025-09-14 14:31:19 - FeatureEng-20250914_143016 - INFO -     - 'DIFF_11_garch_cond_vol_mean_whole': 空值比例=0.00%, 零值比例=0.00%
2025-09-14 14:31:19 - FeatureEng-20250914_143016 - INFO -     - 'DIFF_11_garch_cond_vol_std_whole': 空值比例=0.00%, 零值比例=0.00%
2025-09-14 14:31:19 - FeatureEng-20250914_143016 - INFO -     - 'DIFF_11_garch_aic_whole': 空值比例=0.00%, 零值比例=0.00%
2025-09-14 14:31:19 - FeatureEng-20250914_143016 - INFO -     - 'DIFF_11_garch_bic_whole': 空值比例=0.00%, 零值比例=0.00%
2025-09-14 14:31:19 - FeatureEng-20250914_143016 - INFO -     - 'DIFF_11_garch_params_omega_whole': 空值比例=0.00%, 零值比例=0.00%
2025-09-14 14:31:19 - FeatureEng-20250914_143016 - INFO -     - 'DIFF_11_garch_params_alpha1_whole': 空值比例=0.00%, 零值比例=0.04%
2025-09-14 14:31:19 - FeatureEng-20250914_143016 - INFO -     - 'DIFF_11_garch_params_beta1_whole': 空值比例=0.00%, 零值比例=7.02%
2025-09-14 14:31:19 - FeatureEng-20250914_143016 - INFO -     - 'DIFF_11_garch_persistence_whole': 空值比例=0.00%, 零值比例=0.00%
2025-09-14 14:31:19 - FeatureEng-20250914_143016 - INFO -     - 'DIFF_11_garch_converged_whole': 空值比例=0.00%, 零值比例=0.00%
2025-09-14 14:31:19 - FeatureEng-20250914_143016 - INFO -     - 'DIFF_11_garch_cond_vol_mean_diff': 空值比例=0.00%, 零值比例=0.00%
2025-09-14 14:31:19 - FeatureEng-20250914_143016 - INFO -     - 'DIFF_11_garch_cond_vol_mean_ratio': 空值比例=0.00%, 零值比例=0.00%
2025-09-14 14:31:19 - FeatureEng-20250914_143016 - INFO -     - 'DIFF_11_garch_cond_vol_mean_contribution_left': 空值比例=0.00%, 零值比例=0.00%
2025-09-14 14:31:19 - FeatureEng-20250914_143016 - INFO -     - 'DIFF_11_garch_cond_vol_mean_contribution_right': 空值比例=0.00%, 零值比例=0.00%
2025-09-14 14:31:19 - FeatureEng-20250914_143016 - INFO -     - 'DIFF_11_garch_cond_vol_mean_ratio_to_whole_left': 空值比例=0.00%, 零值比例=0.00%
2025-09-14 14:31:19 - FeatureEng-20250914_143016 - INFO -     - 'DIFF_11_garch_cond_vol_mean_ratio_to_whole_right': 空值比例=0.00%, 零值比例=0.00%
2025-09-14 14:31:19 - FeatureEng-20250914_143016 - INFO -     - 'DIFF_11_garch_cond_vol_std_diff': 空值比例=0.00%, 零值比例=0.00%
2025-09-14 14:31:19 - FeatureEng-20250914_143016 - INFO -     - 'DIFF_11_garch_cond_vol_std_ratio': 空值比例=0.00%, 零值比例=0.00%
2025-09-14 14:31:19 - FeatureEng-20250914_143016 - INFO -     - 'DIFF_11_garch_cond_vol_std_contribution_left': 空值比例=0.00%, 零值比例=0.00%
2025-09-14 14:31:19 - FeatureEng-20250914_143016 - INFO -     - 'DIFF_11_garch_cond_vol_std_contribution_right': 空值比例=0.00%, 零值比例=0.00%
2025-09-14 14:31:19 - FeatureEng-20250914_143016 - INFO -     - 'DIFF_11_garch_cond_vol_std_ratio_to_whole_left': 空值比例=0.00%, 零值比例=0.00%
2025-09-14 14:31:19 - FeatureEng-20250914_143016 - INFO -     - 'DIFF_11_garch_cond_vol_std_ratio_to_whole_right': 空值比例=0.00%, 零值比例=0.00%
2025-09-14 14:31:19 - FeatureEng-20250914_143016 - INFO -     - 'DIFF_11_garch_aic_diff': 空值比例=0.00%, 零值比例=0.00%
2025-09-14 14:31:19 - FeatureEng-20250914_143016 - INFO -     - 'DIFF_11_garch_aic_ratio': 空值比例=0.00%, 零值比例=0.00%
2025-09-14 14:31:19 - FeatureEng-20250914_143016 - INFO -     - 'DIFF_11_garch_aic_contribution_left': 空值比例=0.00%, 零值比例=0.00%
2025-09-14 14:31:19 - FeatureEng-20250914_143016 - INFO -     - 'DIFF_11_garch_aic_contribution_right': 空值比例=0.00%, 零值比例=0.00%
2025-09-14 14:31:19 - FeatureEng-20250914_143016 - INFO -     - 'DIFF_11_garch_aic_ratio_to_whole_left': 空值比例=0.00%, 零值比例=0.00%
2025-09-14 14:31:19 - FeatureEng-20250914_143016 - INFO -     - 'DIFF_11_garch_aic_ratio_to_whole_right': 空值比例=0.00%, 零值比例=0.00%
2025-09-14 14:31:19 - FeatureEng-20250914_143016 - INFO -     - 'DIFF_11_garch_bic_diff': 空值比例=0.00%, 零值比例=0.00%
2025-09-14 14:31:19 - FeatureEng-20250914_143016 - INFO -     - 'DIFF_11_garch_bic_ratio': 空值比例=0.00%, 零值比例=0.00%
2025-09-14 14:31:19 - FeatureEng-20250914_143016 - INFO -     - 'DIFF_11_garch_bic_contribution_left': 空值比例=0.00%, 零值比例=0.00%
2025-09-14 14:31:19 - FeatureEng-20250914_143016 - INFO -     - 'DIFF_11_garch_bic_contribution_right': 空值比例=0.00%, 零值比例=0.00%
2025-09-14 14:31:19 - FeatureEng-20250914_143016 - INFO -     - 'DIFF_11_garch_bic_ratio_to_whole_left': 空值比例=0.00%, 零值比例=0.00%
2025-09-14 14:31:19 - FeatureEng-20250914_143016 - INFO -     - 'DIFF_11_garch_bic_ratio_to_whole_right': 空值比例=0.00%, 零值比例=0.00%
2025-09-14 14:31:19 - FeatureEng-20250914_143016 - INFO -     - 'DIFF_11_garch_persistence_diff': 空值比例=0.00%, 零值比例=0.03%
2025-09-14 14:31:19 - FeatureEng-20250914_143016 - INFO -     - 'DIFF_11_garch_persistence_ratio': 空值比例=0.00%, 零值比例=0.00%
2025-09-14 14:31:19 - FeatureEng-20250914_143016 - INFO -     - 'DIFF_11_garch_persistence_contribution_left': 空值比例=0.00%, 零值比例=0.00%
2025-09-14 14:31:19 - FeatureEng-20250914_143016 - INFO -     - 'DIFF_11_garch_persistence_contribution_right': 空值比例=0.00%, 零值比例=0.00%
2025-09-14 14:31:19 - FeatureEng-20250914_143016 - INFO -     - 'DIFF_11_garch_persistence_ratio_to_whole_left': 空值比例=0.00%, 零值比例=0.00%
2025-09-14 14:31:19 - FeatureEng-20250914_143016 - INFO -     - 'DIFF_11_garch_persistence_ratio_to_whole_right': 空值比例=0.00%, 零值比例=0.00%
2025-09-14 14:31:19 - FeatureEng-20250914_143016 - INFO - === 开始为数据ID '0' 的模态 'ASINH' 生成特征 ===
2025-09-14 14:31:19 - FeatureEng-20250914_143016 - INFO - --- 开始生成特征: garch_features ---
2025-09-14 14:31:30 - FeatureEng-20250914_143016 - INFO - 'garch_features' 生成完毕，耗时: 10.44 秒。
2025-09-14 14:31:30 - FeatureEng-20250914_143016 - INFO -   新生成特征列名: ['ASINH_11_garch_cond_vol_mean_left', 'ASINH_11_garch_cond_vol_std_left', 'ASINH_11_garch_aic_left', 'ASINH_11_garch_bic_left', 'ASINH_11_garch_params_omega_left', 'ASINH_11_garch_params_alpha1_left', 'ASINH_11_garch_params_beta1_left', 'ASINH_11_garch_persistence_left', 'ASINH_11_garch_converged_left', 'ASINH_11_garch_cond_vol_mean_right', 'ASINH_11_garch_cond_vol_std_right', 'ASINH_11_garch_aic_right', 'ASINH_11_garch_bic_right', 'ASINH_11_garch_params_omega_right', 'ASINH_11_garch_params_alpha1_right', 'ASINH_11_garch_params_beta1_right', 'ASINH_11_garch_persistence_right', 'ASINH_11_garch_converged_right', 'ASINH_11_garch_cond_vol_mean_whole', 'ASINH_11_garch_cond_vol_std_whole', 'ASINH_11_garch_aic_whole', 'ASINH_11_garch_bic_whole', 'ASINH_11_garch_params_omega_whole', 'ASINH_11_garch_params_alpha1_whole', 'ASINH_11_garch_params_beta1_whole', 'ASINH_11_garch_persistence_whole', 'ASINH_11_garch_converged_whole', 'ASINH_11_garch_cond_vol_mean_diff', 'ASINH_11_garch_cond_vol_mean_ratio', 'ASINH_11_garch_cond_vol_mean_contribution_left', 'ASINH_11_garch_cond_vol_mean_contribution_right', 'ASINH_11_garch_cond_vol_mean_ratio_to_whole_left', 'ASINH_11_garch_cond_vol_mean_ratio_to_whole_right', 'ASINH_11_garch_cond_vol_std_diff', 'ASINH_11_garch_cond_vol_std_ratio', 'ASINH_11_garch_cond_vol_std_contribution_left', 'ASINH_11_garch_cond_vol_std_contribution_right', 'ASINH_11_garch_cond_vol_std_ratio_to_whole_left', 'ASINH_11_garch_cond_vol_std_ratio_to_whole_right', 'ASINH_11_garch_aic_diff', 'ASINH_11_garch_aic_ratio', 'ASINH_11_garch_aic_contribution_left', 'ASINH_11_garch_aic_contribution_right', 'ASINH_11_garch_aic_ratio_to_whole_left', 'ASINH_11_garch_aic_ratio_to_whole_right', 'ASINH_11_garch_bic_diff', 'ASINH_11_garch_bic_ratio', 'ASINH_11_garch_bic_contribution_left', 'ASINH_11_garch_bic_contribution_right', 'ASINH_11_garch_bic_ratio_to_whole_left', 'ASINH_11_garch_bic_ratio_to_whole_right', 'ASINH_11_garch_persistence_diff', 'ASINH_11_garch_persistence_ratio', 'ASINH_11_garch_persistence_contribution_left', 'ASINH_11_garch_persistence_contribution_right', 'ASINH_11_garch_persistence_ratio_to_whole_left', 'ASINH_11_garch_persistence_ratio_to_whole_right']
2025-09-14 14:31:30 - FeatureEng-20250914_143016 - INFO -     - 'ASINH_11_garch_cond_vol_mean_left': 空值比例=0.00%, 零值比例=0.00%
2025-09-14 14:31:30 - FeatureEng-20250914_143016 - INFO -     - 'ASINH_11_garch_cond_vol_std_left': 空值比例=0.00%, 零值比例=0.03%
2025-09-14 14:31:30 - FeatureEng-20250914_143016 - INFO -     - 'ASINH_11_garch_aic_left': 空值比例=0.00%, 零值比例=0.00%
2025-09-14 14:31:30 - FeatureEng-20250914_143016 - INFO -     - 'ASINH_11_garch_bic_left': 空值比例=0.00%, 零值比例=0.00%
2025-09-14 14:31:30 - FeatureEng-20250914_143016 - INFO -     - 'ASINH_11_garch_params_omega_left': 空值比例=0.00%, 零值比例=0.00%
2025-09-14 14:31:30 - FeatureEng-20250914_143016 - INFO -     - 'ASINH_11_garch_params_alpha1_left': 空值比例=0.00%, 零值比例=3.02%
2025-09-14 14:31:30 - FeatureEng-20250914_143016 - INFO -     - 'ASINH_11_garch_params_beta1_left': 空值比例=0.00%, 零值比例=2.83%
2025-09-14 14:31:30 - FeatureEng-20250914_143016 - INFO -     - 'ASINH_11_garch_persistence_left': 空值比例=0.00%, 零值比例=0.09%
2025-09-14 14:31:30 - FeatureEng-20250914_143016 - INFO -     - 'ASINH_11_garch_converged_left': 空值比例=0.00%, 零值比例=0.00%
2025-09-14 14:31:30 - FeatureEng-20250914_143016 - INFO -     - 'ASINH_11_garch_cond_vol_mean_right': 空值比例=0.00%, 零值比例=0.00%
2025-09-14 14:31:30 - FeatureEng-20250914_143016 - INFO -     - 'ASINH_11_garch_cond_vol_std_right': 空值比例=0.00%, 零值比例=0.01%
2025-09-14 14:31:30 - FeatureEng-20250914_143016 - INFO -     - 'ASINH_11_garch_aic_right': 空值比例=0.00%, 零值比例=0.00%
2025-09-14 14:31:30 - FeatureEng-20250914_143016 - INFO -     - 'ASINH_11_garch_bic_right': 空值比例=0.00%, 零值比例=0.00%
2025-09-14 14:31:30 - FeatureEng-20250914_143016 - INFO -     - 'ASINH_11_garch_params_omega_right': 空值比例=0.00%, 零值比例=0.00%
2025-09-14 14:31:30 - FeatureEng-20250914_143016 - INFO -     - 'ASINH_11_garch_params_alpha1_right': 空值比例=0.00%, 零值比例=6.83%
2025-09-14 14:31:30 - FeatureEng-20250914_143016 - INFO -     - 'ASINH_11_garch_params_beta1_right': 空值比例=0.00%, 零值比例=4.00%
2025-09-14 14:31:30 - FeatureEng-20250914_143016 - INFO -     - 'ASINH_11_garch_persistence_right': 空值比例=0.00%, 零值比例=0.06%
2025-09-14 14:31:30 - FeatureEng-20250914_143016 - INFO -     - 'ASINH_11_garch_converged_right': 空值比例=0.00%, 零值比例=0.00%
2025-09-14 14:31:30 - FeatureEng-20250914_143016 - INFO -     - 'ASINH_11_garch_cond_vol_mean_whole': 空值比例=0.00%, 零值比例=0.00%
2025-09-14 14:31:30 - FeatureEng-20250914_143016 - INFO -     - 'ASINH_11_garch_cond_vol_std_whole': 空值比例=0.00%, 零值比例=0.07%
2025-09-14 14:31:30 - FeatureEng-20250914_143016 - INFO -     - 'ASINH_11_garch_aic_whole': 空值比例=0.00%, 零值比例=0.00%
2025-09-14 14:31:30 - FeatureEng-20250914_143016 - INFO -     - 'ASINH_11_garch_bic_whole': 空值比例=0.00%, 零值比例=0.00%
2025-09-14 14:31:30 - FeatureEng-20250914_143016 - INFO -     - 'ASINH_11_garch_params_omega_whole': 空值比例=0.00%, 零值比例=0.00%
2025-09-14 14:31:30 - FeatureEng-20250914_143016 - INFO -     - 'ASINH_11_garch_params_alpha1_whole': 空值比例=0.00%, 零值比例=2.62%
2025-09-14 14:31:30 - FeatureEng-20250914_143016 - INFO -     - 'ASINH_11_garch_params_beta1_whole': 空值比例=0.00%, 零值比例=2.60%
2025-09-14 14:31:30 - FeatureEng-20250914_143016 - INFO -     - 'ASINH_11_garch_persistence_whole': 空值比例=0.00%, 零值比例=0.09%
2025-09-14 14:31:30 - FeatureEng-20250914_143016 - INFO -     - 'ASINH_11_garch_converged_whole': 空值比例=0.00%, 零值比例=0.00%
2025-09-14 14:31:30 - FeatureEng-20250914_143016 - INFO -     - 'ASINH_11_garch_cond_vol_mean_diff': 空值比例=0.00%, 零值比例=0.00%
2025-09-14 14:31:30 - FeatureEng-20250914_143016 - INFO -     - 'ASINH_11_garch_cond_vol_mean_ratio': 空值比例=0.00%, 零值比例=0.00%
2025-09-14 14:31:30 - FeatureEng-20250914_143016 - INFO -     - 'ASINH_11_garch_cond_vol_mean_contribution_left': 空值比例=0.00%, 零值比例=0.00%
2025-09-14 14:31:30 - FeatureEng-20250914_143016 - INFO -     - 'ASINH_11_garch_cond_vol_mean_contribution_right': 空值比例=0.00%, 零值比例=0.00%
2025-09-14 14:31:30 - FeatureEng-20250914_143016 - INFO -     - 'ASINH_11_garch_cond_vol_mean_ratio_to_whole_left': 空值比例=0.00%, 零值比例=0.00%
2025-09-14 14:31:30 - FeatureEng-20250914_143016 - INFO -     - 'ASINH_11_garch_cond_vol_mean_ratio_to_whole_right': 空值比例=0.00%, 零值比例=0.00%
2025-09-14 14:31:30 - FeatureEng-20250914_143016 - INFO -     - 'ASINH_11_garch_cond_vol_std_diff': 空值比例=0.00%, 零值比例=0.00%
2025-09-14 14:31:30 - FeatureEng-20250914_143016 - INFO -     - 'ASINH_11_garch_cond_vol_std_ratio': 空值比例=0.00%, 零值比例=0.01%
2025-09-14 14:31:30 - FeatureEng-20250914_143016 - INFO -     - 'ASINH_11_garch_cond_vol_std_contribution_left': 空值比例=0.00%, 零值比例=0.03%
2025-09-14 14:31:30 - FeatureEng-20250914_143016 - INFO -     - 'ASINH_11_garch_cond_vol_std_contribution_right': 空值比例=0.00%, 零值比例=0.01%
2025-09-14 14:31:30 - FeatureEng-20250914_143016 - INFO -     - 'ASINH_11_garch_cond_vol_std_ratio_to_whole_left': 空值比例=0.00%, 零值比例=0.03%
2025-09-14 14:31:30 - FeatureEng-20250914_143016 - INFO -     - 'ASINH_11_garch_cond_vol_std_ratio_to_whole_right': 空值比例=0.00%, 零值比例=0.01%
2025-09-14 14:31:30 - FeatureEng-20250914_143016 - INFO -     - 'ASINH_11_garch_aic_diff': 空值比例=0.00%, 零值比例=0.00%
2025-09-14 14:31:30 - FeatureEng-20250914_143016 - INFO -     - 'ASINH_11_garch_aic_ratio': 空值比例=0.00%, 零值比例=0.00%
2025-09-14 14:31:30 - FeatureEng-20250914_143016 - INFO -     - 'ASINH_11_garch_aic_contribution_left': 空值比例=0.00%, 零值比例=0.00%
2025-09-14 14:31:30 - FeatureEng-20250914_143016 - INFO -     - 'ASINH_11_garch_aic_contribution_right': 空值比例=0.00%, 零值比例=0.00%
2025-09-14 14:31:30 - FeatureEng-20250914_143016 - INFO -     - 'ASINH_11_garch_aic_ratio_to_whole_left': 空值比例=0.00%, 零值比例=0.00%
2025-09-14 14:31:30 - FeatureEng-20250914_143016 - INFO -     - 'ASINH_11_garch_aic_ratio_to_whole_right': 空值比例=0.00%, 零值比例=0.00%
2025-09-14 14:31:30 - FeatureEng-20250914_143016 - INFO -     - 'ASINH_11_garch_bic_diff': 空值比例=0.00%, 零值比例=0.00%
2025-09-14 14:31:30 - FeatureEng-20250914_143016 - INFO -     - 'ASINH_11_garch_bic_ratio': 空值比例=0.00%, 零值比例=0.00%
2025-09-14 14:31:30 - FeatureEng-20250914_143016 - INFO -     - 'ASINH_11_garch_bic_contribution_left': 空值比例=0.00%, 零值比例=0.00%
2025-09-14 14:31:30 - FeatureEng-20250914_143016 - INFO -     - 'ASINH_11_garch_bic_contribution_right': 空值比例=0.00%, 零值比例=0.00%
2025-09-14 14:31:30 - FeatureEng-20250914_143016 - INFO -     - 'ASINH_11_garch_bic_ratio_to_whole_left': 空值比例=0.00%, 零值比例=0.00%
2025-09-14 14:31:30 - FeatureEng-20250914_143016 - INFO -     - 'ASINH_11_garch_bic_ratio_to_whole_right': 空值比例=0.00%, 零值比例=0.00%
2025-09-14 14:31:30 - FeatureEng-20250914_143016 - INFO -     - 'ASINH_11_garch_persistence_diff': 空值比例=0.00%, 零值比例=0.03%
2025-09-14 14:31:30 - FeatureEng-20250914_143016 - INFO -     - 'ASINH_11_garch_persistence_ratio': 空值比例=0.00%, 零值比例=0.06%
2025-09-14 14:31:30 - FeatureEng-20250914_143016 - INFO -     - 'ASINH_11_garch_persistence_contribution_left': 空值比例=0.00%, 零值比例=0.09%
2025-09-14 14:31:30 - FeatureEng-20250914_143016 - INFO -     - 'ASINH_11_garch_persistence_contribution_right': 空值比例=0.00%, 零值比例=0.06%
2025-09-14 14:31:30 - FeatureEng-20250914_143016 - INFO -     - 'ASINH_11_garch_persistence_ratio_to_whole_left': 空值比例=0.00%, 零值比例=0.09%
2025-09-14 14:31:30 - FeatureEng-20250914_143016 - INFO -     - 'ASINH_11_garch_persistence_ratio_to_whole_right': 空值比例=0.00%, 零值比例=0.06%
2025-09-14 14:31:30 - FeatureEng-20250914_143016 - INFO - 数据ID '0' 特征生成完成，最终特征数: 7029
2025-09-14 14:31:30 - FeatureEng-20250914_143016 - INFO - 已将基础文件 features_20250914_141624_id_0.parquet 备份到: /public/home/gugq/mutian-ADIA-Lab-Structural-Break/ADIA-Lab-Structural-Break/feature_dfs/backups
2025-09-14 14:31:30 - FeatureEng-20250914_143016 - INFO - 未找到相关的增强数据文件
2025-09-14 14:31:35 - FeatureEng-20250914_143016 - INFO - 特征已保存到新文件: features_20250914_143130.parquet
2025-09-14 14:31:35 - FeatureEng-20250914_143016 - INFO - --- 生成后完整特征统计 ---
2025-09-14 14:31:35 - FeatureEng-20250914_143016 - INFO - 数据ID '0': 7029 个特征
2025-09-14 14:31:35 - FeatureEng-20250914_143016 - INFO -   特征列表: ['mul_RAW_8_percentage_of_reoccurring_values_to_all_values_contribution_left_RAW_8_percentage_of_reoccurring_datapoints_to_all_datapoints_contribution_left', 'sqmul_RAW_8_percentage_of_reoccurring_values_to_all_values_contribution_left_RAW_8_percentage_of_reoccurring_datapoints_to_all_datapoints_contribution_left', 'sqmul_RAW_8_percentage_of_reoccurring_datapoints_to_all_datapoints_contribution_left_RAW_8_percentage_of_reoccurring_values_to_all_values_contribution_left', 'sub_RAW_8_percentage_of_reoccurring_values_to_all_values_contribution_left_RAW_8_percentage_of_reoccurring_datapoints_to_all_datapoints_contribution_left', 'add_RAW_8_percentage_of_reoccurring_values_to_all_values_contribution_left_RAW_8_percentage_of_reoccurring_datapoints_to_all_datapoints_contribution_left', 'div_RAW_8_percentage_of_reoccurring_values_to_all_values_contribution_left_RAW_8_percentage_of_reoccurring_datapoints_to_all_datapoints_contribution_left', 'div_RAW_8_percentage_of_reoccurring_datapoints_to_all_datapoints_contribution_left_RAW_8_percentage_of_reoccurring_values_to_all_values_contribution_left', 'mul_RAW_8_percentage_of_reoccurring_values_to_all_values_contribution_left_RAW_1_stats_cv_whole', 'sqmul_RAW_8_percentage_of_reoccurring_values_to_all_values_contribution_left_RAW_1_stats_cv_whole', 'sqmul_RAW_1_stats_cv_whole_RAW_8_percentage_of_reoccurring_values_to_all_values_contribution_left']...
2025-09-14 14:31:35 - FeatureEng-20250914_143016 - INFO - -----------------------------
2025-09-14 14:31:35 - FeatureEng-20250914_143016 - INFO - === 特征生成完成统计 ===
2025-09-14 14:31:35 - FeatureEng-20250914_143016 - INFO - 数据ID '0': 6801 -> 7029 个特征 (+228)
2025-09-14 14:31:35 - FeatureEng-20250914_143016 - INFO - 生成/更新完成。新文件: features_20250914_143130.parquet
