2025-07-09 10:59:47 - FeatureEng-20250709_105947 - INFO - ========== Running Command: gen-feats ==========
2025-07-09 10:59:47 - FeatureEng-20250709_105947 - INFO - Args: {'command': 'gen-feats', 'funcs': ['wavelet_features'], 'base_file': None}
2025-07-09 10:59:47 - FeatureEng-20250709_105947 - INFO - =======================================
2025-07-09 10:59:49 - FeatureEng-20250709_105947 - INFO - 将基于特征文件进行更新: features_20250708_215159.parquet
2025-07-09 10:59:49 - FeatureEng-20250709_105947 - INFO - --- 开始生成特征: wavelet_features ---
2025-07-09 11:00:29 - FeatureEng-20250709_105947 - INFO - 'wavelet_features' 生成完毕，耗时: 39.99 秒。
2025-07-09 11:00:29 - FeatureEng-20250709_105947 - INFO -   新生成特征列名: ['wavelet_cA_energy_level4_diff', 'wavelet_cA_energy_level4_ratio', 'wavelet_cD_energy_level4_diff', 'wavelet_cD_energy_level4_ratio', 'wavelet_cA_std_level4_diff', 'wavelet_cA_std_level4_ratio', 'wavelet_cA_last_energy_diff', 'wavelet_cA_last_energy_ratio', 'wavelet_cA_last_std_diff', 'wavelet_cA_last_std_ratio', 'wavelet_cD_std_level4_diff', 'wavelet_cD_std_level4_ratio', 'wavelet_details_total_energy_diff', 'wavelet_details_total_energy_ratio', 'wavelet_details_total_std_diff', 'wavelet_details_total_std_ratio']
2025-07-09 11:00:29 - FeatureEng-20250709_105947 - INFO -     - 'wavelet_cA_energy_level4_diff': 空值比例=0.00%, 零值比例=0.00%
2025-07-09 11:00:29 - FeatureEng-20250709_105947 - INFO -     - 'wavelet_cA_energy_level4_ratio': 空值比例=0.00%, 零值比例=0.00%
2025-07-09 11:00:29 - FeatureEng-20250709_105947 - INFO -     - 'wavelet_cD_energy_level4_diff': 空值比例=0.00%, 零值比例=0.00%
2025-07-09 11:00:29 - FeatureEng-20250709_105947 - INFO -     - 'wavelet_cD_energy_level4_ratio': 空值比例=0.00%, 零值比例=0.00%
2025-07-09 11:00:29 - FeatureEng-20250709_105947 - INFO -     - 'wavelet_cA_std_level4_diff': 空值比例=0.00%, 零值比例=0.00%
2025-07-09 11:00:29 - FeatureEng-20250709_105947 - INFO -     - 'wavelet_cA_std_level4_ratio': 空值比例=0.00%, 零值比例=0.00%
2025-07-09 11:00:29 - FeatureEng-20250709_105947 - INFO -     - 'wavelet_cA_last_energy_diff': 空值比例=0.00%, 零值比例=0.00%
2025-07-09 11:00:29 - FeatureEng-20250709_105947 - INFO -     - 'wavelet_cA_last_energy_ratio': 空值比例=0.00%, 零值比例=0.00%
2025-07-09 11:00:29 - FeatureEng-20250709_105947 - INFO -     - 'wavelet_cA_last_std_diff': 空值比例=0.00%, 零值比例=0.00%
2025-07-09 11:00:29 - FeatureEng-20250709_105947 - INFO -     - 'wavelet_cA_last_std_ratio': 空值比例=0.00%, 零值比例=0.00%
2025-07-09 11:00:29 - FeatureEng-20250709_105947 - INFO -     - 'wavelet_cD_std_level4_diff': 空值比例=0.00%, 零值比例=0.00%
2025-07-09 11:00:29 - FeatureEng-20250709_105947 - INFO -     - 'wavelet_cD_std_level4_ratio': 空值比例=0.00%, 零值比例=0.00%
2025-07-09 11:00:29 - FeatureEng-20250709_105947 - INFO -     - 'wavelet_details_total_energy_diff': 空值比例=0.00%, 零值比例=0.00%
2025-07-09 11:00:29 - FeatureEng-20250709_105947 - INFO -     - 'wavelet_details_total_energy_ratio': 空值比例=0.00%, 零值比例=0.00%
2025-07-09 11:00:29 - FeatureEng-20250709_105947 - INFO -     - 'wavelet_details_total_std_diff': 空值比例=0.00%, 零值比例=0.00%
2025-07-09 11:00:29 - FeatureEng-20250709_105947 - INFO -     - 'wavelet_details_total_std_ratio': 空值比例=0.00%, 零值比例=0.00%
2025-07-09 11:00:29 - FeatureEng-20250709_105947 - INFO - 
Number of new features: 16
2025-07-09 11:00:29 - FeatureEng-20250709_105947 - INFO - Number of loaded features: 123
2025-07-09 11:00:29 - FeatureEng-20250709_105947 - INFO - 
New features with high correlation (|corr| > 0.7) to loaded features:
2025-07-09 11:00:29 - FeatureEng-20250709_105947 - INFO - 
wavelet_cA_energy_level4_diff is highly correlated with:
2025-07-09 11:00:29 - FeatureEng-20250709_105947 - INFO -   - sum_diff: 0.888
2025-07-09 11:00:29 - FeatureEng-20250709_105947 - INFO -   - cumsum_max_diff: 0.889
2025-07-09 11:00:29 - FeatureEng-20250709_105947 - INFO -   - diff_var_diff: 0.768
2025-07-09 11:00:29 - FeatureEng-20250709_105947 - INFO -   - max_power_diff: 0.916
2025-07-09 11:00:29 - FeatureEng-20250709_105947 - INFO -   - ptp_diff: 0.745
2025-07-09 11:00:29 - FeatureEng-20250709_105947 - INFO -   - std_diff: 0.833
2025-07-09 11:00:29 - FeatureEng-20250709_105947 - INFO -   - residuals_s2_pred_mean: 0.722
2025-07-09 11:00:29 - FeatureEng-20250709_105947 - INFO - 
wavelet_cA_energy_level4_ratio is highly correlated with:
2025-07-09 11:00:29 - FeatureEng-20250709_105947 - INFO -   - std_ratio: 0.998
2025-07-09 11:00:29 - FeatureEng-20250709_105947 - INFO -   - agg_linear_trend_attr_slope_chunk_len_50_f_agg_mean_: 0.812
2025-07-09 11:00:29 - FeatureEng-20250709_105947 - INFO -   - agg_linear_trend_attr_slope_chunk_len_10_f_agg_mean_: 0.718
2025-07-09 11:00:29 - FeatureEng-20250709_105947 - INFO - 
wavelet_cD_energy_level4_diff is highly correlated with:
2025-07-09 11:00:29 - FeatureEng-20250709_105947 - INFO -   - diff_var_diff: 0.999
2025-07-09 11:00:29 - FeatureEng-20250709_105947 - INFO -   - ptp_diff: 0.972
2025-07-09 11:00:29 - FeatureEng-20250709_105947 - INFO -   - std_diff: 0.922
2025-07-09 11:00:29 - FeatureEng-20250709_105947 - INFO -   - agg_linear_trend_attr_intercept_chunk_len_50_f_agg_max_: 0.742
2025-07-09 11:00:29 - FeatureEng-20250709_105947 - INFO - 
wavelet_cD_energy_level4_ratio is highly correlated with:
2025-07-09 11:00:29 - FeatureEng-20250709_105947 - INFO -   - std_ratio: 0.998
2025-07-09 11:00:29 - FeatureEng-20250709_105947 - INFO -   - agg_linear_trend_attr_slope_chunk_len_50_f_agg_mean_: 0.812
2025-07-09 11:00:29 - FeatureEng-20250709_105947 - INFO -   - agg_linear_trend_attr_slope_chunk_len_10_f_agg_mean_: 0.718
2025-07-09 11:00:29 - FeatureEng-20250709_105947 - INFO - 
wavelet_cA_std_level4_diff is highly correlated with:
2025-07-09 11:00:29 - FeatureEng-20250709_105947 - INFO -   - sum_diff: 0.946
2025-07-09 11:00:29 - FeatureEng-20250709_105947 - INFO -   - cumsum_max_diff: 0.949
2025-07-09 11:00:29 - FeatureEng-20250709_105947 - INFO -   - diff_var_diff: 0.733
2025-07-09 11:00:29 - FeatureEng-20250709_105947 - INFO -   - max_power_diff: 0.869
2025-07-09 11:00:29 - FeatureEng-20250709_105947 - INFO -   - ptp_diff: 0.768
2025-07-09 11:00:29 - FeatureEng-20250709_105947 - INFO -   - mean_diff: 0.814
2025-07-09 11:00:29 - FeatureEng-20250709_105947 - INFO -   - std_diff: 0.889
2025-07-09 11:00:29 - FeatureEng-20250709_105947 - INFO -   - rolling_std_w50_mean_diff: 0.737
2025-07-09 11:00:29 - FeatureEng-20250709_105947 - INFO - 
wavelet_cA_std_level4_ratio is highly correlated with:
2025-07-09 11:00:29 - FeatureEng-20250709_105947 - INFO -   - std_ratio: 0.999
2025-07-09 11:00:29 - FeatureEng-20250709_105947 - INFO -   - agg_linear_trend_attr_slope_chunk_len_50_f_agg_mean_: 0.814
2025-07-09 11:00:29 - FeatureEng-20250709_105947 - INFO -   - agg_linear_trend_attr_slope_chunk_len_10_f_agg_mean_: 0.723
2025-07-09 11:00:29 - FeatureEng-20250709_105947 - INFO - 
wavelet_cA_last_energy_diff is highly correlated with:
2025-07-09 11:00:29 - FeatureEng-20250709_105947 - INFO -   - sum_diff: 0.888
2025-07-09 11:00:29 - FeatureEng-20250709_105947 - INFO -   - cumsum_max_diff: 0.889
2025-07-09 11:00:29 - FeatureEng-20250709_105947 - INFO -   - diff_var_diff: 0.768
2025-07-09 11:00:29 - FeatureEng-20250709_105947 - INFO -   - max_power_diff: 0.916
2025-07-09 11:00:29 - FeatureEng-20250709_105947 - INFO -   - ptp_diff: 0.745
2025-07-09 11:00:29 - FeatureEng-20250709_105947 - INFO -   - std_diff: 0.833
2025-07-09 11:00:29 - FeatureEng-20250709_105947 - INFO -   - residuals_s2_pred_mean: 0.722
2025-07-09 11:00:29 - FeatureEng-20250709_105947 - INFO - 
wavelet_cA_last_energy_ratio is highly correlated with:
2025-07-09 11:00:29 - FeatureEng-20250709_105947 - INFO -   - std_ratio: 0.998
2025-07-09 11:00:29 - FeatureEng-20250709_105947 - INFO -   - agg_linear_trend_attr_slope_chunk_len_50_f_agg_mean_: 0.812
2025-07-09 11:00:29 - FeatureEng-20250709_105947 - INFO -   - agg_linear_trend_attr_slope_chunk_len_10_f_agg_mean_: 0.718
2025-07-09 11:00:29 - FeatureEng-20250709_105947 - INFO - 
wavelet_cA_last_std_diff is highly correlated with:
2025-07-09 11:00:29 - FeatureEng-20250709_105947 - INFO -   - sum_diff: 0.946
2025-07-09 11:00:29 - FeatureEng-20250709_105947 - INFO -   - cumsum_max_diff: 0.949
2025-07-09 11:00:29 - FeatureEng-20250709_105947 - INFO -   - diff_var_diff: 0.733
2025-07-09 11:00:29 - FeatureEng-20250709_105947 - INFO -   - max_power_diff: 0.869
2025-07-09 11:00:29 - FeatureEng-20250709_105947 - INFO -   - ptp_diff: 0.768
2025-07-09 11:00:29 - FeatureEng-20250709_105947 - INFO -   - mean_diff: 0.814
2025-07-09 11:00:29 - FeatureEng-20250709_105947 - INFO -   - std_diff: 0.889
2025-07-09 11:00:29 - FeatureEng-20250709_105947 - INFO -   - rolling_std_w50_mean_diff: 0.737
2025-07-09 11:00:29 - FeatureEng-20250709_105947 - INFO - 
wavelet_cA_last_std_ratio is highly correlated with:
2025-07-09 11:00:29 - FeatureEng-20250709_105947 - INFO -   - std_ratio: 0.999
2025-07-09 11:00:29 - FeatureEng-20250709_105947 - INFO -   - agg_linear_trend_attr_slope_chunk_len_50_f_agg_mean_: 0.814
2025-07-09 11:00:29 - FeatureEng-20250709_105947 - INFO -   - agg_linear_trend_attr_slope_chunk_len_10_f_agg_mean_: 0.723
2025-07-09 11:00:29 - FeatureEng-20250709_105947 - INFO - 
wavelet_cD_std_level4_diff is highly correlated with:
2025-07-09 11:00:29 - FeatureEng-20250709_105947 - INFO -   - diff_var_diff: 0.944
2025-07-09 11:00:29 - FeatureEng-20250709_105947 - INFO -   - ptp_diff: 0.974
2025-07-09 11:00:29 - FeatureEng-20250709_105947 - INFO -   - std_diff: 0.987
2025-07-09 11:00:29 - FeatureEng-20250709_105947 - INFO -   - rolling_std_w50_mean_diff: 0.832
2025-07-09 11:00:29 - FeatureEng-20250709_105947 - INFO -   - agg_linear_trend_attr_intercept_chunk_len_50_f_agg_max_: 0.789
2025-07-09 11:00:29 - FeatureEng-20250709_105947 - INFO - 
wavelet_cD_std_level4_ratio is highly correlated with:
2025-07-09 11:00:29 - FeatureEng-20250709_105947 - INFO -   - std_ratio: 0.993
2025-07-09 11:00:29 - FeatureEng-20250709_105947 - INFO -   - agg_linear_trend_attr_slope_chunk_len_50_f_agg_mean_: 0.809
2025-07-09 11:00:29 - FeatureEng-20250709_105947 - INFO -   - agg_linear_trend_attr_slope_chunk_len_5_f_agg_mean_: 0.708
2025-07-09 11:00:29 - FeatureEng-20250709_105947 - INFO -   - agg_linear_trend_attr_slope_chunk_len_10_f_agg_mean_: 0.735
2025-07-09 11:00:29 - FeatureEng-20250709_105947 - INFO - 
wavelet_details_total_energy_diff is highly correlated with:
2025-07-09 11:00:29 - FeatureEng-20250709_105947 - INFO -   - diff_var_diff: 0.999
2025-07-09 11:00:29 - FeatureEng-20250709_105947 - INFO -   - ptp_diff: 0.973
2025-07-09 11:00:29 - FeatureEng-20250709_105947 - INFO -   - std_diff: 0.925
2025-07-09 11:00:29 - FeatureEng-20250709_105947 - INFO -   - agg_linear_trend_attr_intercept_chunk_len_50_f_agg_max_: 0.730
2025-07-09 11:00:29 - FeatureEng-20250709_105947 - INFO - 
wavelet_details_total_energy_ratio is highly correlated with:
2025-07-09 11:00:29 - FeatureEng-20250709_105947 - INFO -   - std_ratio: 0.998
2025-07-09 11:00:29 - FeatureEng-20250709_105947 - INFO -   - agg_linear_trend_attr_slope_chunk_len_50_f_agg_mean_: 0.812
2025-07-09 11:00:29 - FeatureEng-20250709_105947 - INFO -   - agg_linear_trend_attr_slope_chunk_len_10_f_agg_mean_: 0.718
2025-07-09 11:00:29 - FeatureEng-20250709_105947 - INFO - 
wavelet_details_total_std_diff is highly correlated with:
2025-07-09 11:00:29 - FeatureEng-20250709_105947 - INFO -   - sum_diff: 0.708
2025-07-09 11:00:29 - FeatureEng-20250709_105947 - INFO -   - cumsum_max_diff: 0.710
2025-07-09 11:00:29 - FeatureEng-20250709_105947 - INFO -   - diff_var_diff: 0.945
2025-07-09 11:00:29 - FeatureEng-20250709_105947 - INFO -   - ptp_diff: 0.978
2025-07-09 11:00:29 - FeatureEng-20250709_105947 - INFO -   - std_diff: 0.998
2025-07-09 11:00:29 - FeatureEng-20250709_105947 - INFO -   - rolling_std_w50_mean_diff: 0.844
2025-07-09 11:00:29 - FeatureEng-20250709_105947 - INFO -   - agg_linear_trend_attr_intercept_chunk_len_50_f_agg_max_: 0.755
2025-07-09 11:00:29 - FeatureEng-20250709_105947 - INFO - 
wavelet_details_total_std_ratio is highly correlated with:
2025-07-09 11:00:29 - FeatureEng-20250709_105947 - INFO -   - std_ratio: 1.000
2025-07-09 11:00:29 - FeatureEng-20250709_105947 - INFO -   - agg_linear_trend_attr_slope_chunk_len_50_f_agg_mean_: 0.815
2025-07-09 11:00:29 - FeatureEng-20250709_105947 - INFO -   - agg_linear_trend_attr_slope_chunk_len_5_f_agg_mean_: 0.701
2025-07-09 11:00:29 - FeatureEng-20250709_105947 - INFO -   - agg_linear_trend_attr_slope_chunk_len_10_f_agg_mean_: 0.728
2025-07-09 11:00:29 - FeatureEng-20250709_105947 - INFO - 
Dropping 12 new features with |corr| > 0.95:
2025-07-09 11:00:29 - FeatureEng-20250709_105947 - INFO -   - wavelet_cA_energy_level4_ratio
2025-07-09 11:00:29 - FeatureEng-20250709_105947 - INFO -   - wavelet_cD_energy_level4_diff
2025-07-09 11:00:29 - FeatureEng-20250709_105947 - INFO -   - wavelet_cD_energy_level4_ratio
2025-07-09 11:00:29 - FeatureEng-20250709_105947 - INFO -   - wavelet_cA_std_level4_ratio
2025-07-09 11:00:29 - FeatureEng-20250709_105947 - INFO -   - wavelet_cA_last_energy_ratio
2025-07-09 11:00:29 - FeatureEng-20250709_105947 - INFO -   - wavelet_cA_last_std_ratio
2025-07-09 11:00:29 - FeatureEng-20250709_105947 - INFO -   - wavelet_cD_std_level4_diff
2025-07-09 11:00:29 - FeatureEng-20250709_105947 - INFO -   - wavelet_cD_std_level4_ratio
2025-07-09 11:00:29 - FeatureEng-20250709_105947 - INFO -   - wavelet_details_total_energy_diff
2025-07-09 11:00:29 - FeatureEng-20250709_105947 - INFO -   - wavelet_details_total_energy_ratio
2025-07-09 11:00:29 - FeatureEng-20250709_105947 - INFO -   - wavelet_details_total_std_diff
2025-07-09 11:00:29 - FeatureEng-20250709_105947 - INFO -   - wavelet_details_total_std_ratio
2025-07-09 11:00:29 - FeatureEng-20250709_105947 - INFO - 已将文件 features_20250708_215159.parquet 备份到: E:\CSworks\2025spring\crunch\repo\ADIA-Lab-Structural-Break\feature_dfs\backups
2025-07-09 11:00:29 - FeatureEng-20250709_105947 - INFO - 特征已保存到新文件: features_20250709_110029.parquet
2025-07-09 11:00:29 - FeatureEng-20250709_105947 - INFO - --- 生成后完整特征列表 ---
2025-07-09 11:00:29 - FeatureEng-20250709_105947 - INFO - ['sum_diff', 'cumsum_max_diff', 'zero_cross_diff', 'autocorr_lag1_diff', 'diff_var_diff', 'dominant_freq_diff', 'max_power_diff', 'ptp_diff', 'iqr_diff', 'cv_diff', 'rolling_std_diff', 'theil_sen_slope_diff', 'shannon_entropy_0', 'shannon_entropy_1', 'shannon_entropy_diff', 'perm_entropy_0', 'perm_entropy_1', 'perm_entropy_diff', 'spectral_entropy_0', 'spectral_entropy_1', 'spectral_entropy_diff', 'svd_entropy_0', 'svd_entropy_1', 'svd_entropy_diff', 'approx_entropy_0', 'approx_entropy_1', 'approx_entropy_diff', 'sample_entropy_0', 'sample_entropy_1', 'sample_entropy_diff', 'hjorth_mobility_0', 'hjorth_complexity_0', 'hjorth_mobility_1', 'hjorth_complexity_1', 'hjorth_mobility_diff', 'hjorth_complexity_diff', 'num_zerocross_0', 'num_zerocross_1', 'num_zerocross_diff', 'lziv_complexity_0', 'lziv_complexity_1', 'lziv_complexity_diff', 'cond_entropy_0', 'cond_entropy_1', 'cond_entropy_diff', 'petrosian_fd_diff', 'katz_fd_diff', 'higuchi_fd_diff', 'detrended_fluctuation_diff', 'mean_diff', 'std_diff', 'std_ratio', 'skew_diff', 'kurt_diff', 'ks_stat', 'ks_pvalue', 'ttest_pvalue', 'ad_stat', 'ad_pvalue', 'rolling_std_w50_mean_diff', 'ratio_value_number_to_time_series_length', 'ratio_beyond_r_sigma_6', 'ratio_beyond_r_sigma_1_5', 'quantile_0_6', 'quantile_0_4', 'quantile_0_1', 'percentage_of_reoccurring_values_to_all_values', 'percentage_of_reoccurring_datapoints_to_all_datapoints', 'last_location_of_maximum', 'first_location_of_maximum', 'partial_autocorrelation_lag_2', 'linear_trend_attr_slope_', 'linear_trend_attr_rvalue_', 'linear_trend_attr_intercept_', 'fft_coefficient_attr_imag_coeff_3', 'fft_coefficient_attr_imag_coeff_2', 'fft_coefficient_attr_imag_coeff_1', 'change_quantiles_f_agg_var_isabs_True_qh_1_0_ql_0_4', 'change_quantiles_f_agg_var_isabs_True_qh_1_0_ql_0_2', 'change_quantiles_f_agg_var_isabs_True_qh_0_8_ql_0_6', 'change_quantiles_f_agg_var_isabs_True_qh_0_8_ql_0_4', 'change_quantiles_f_agg_var_isabs_True_qh_0_8_ql_0_2', 'change_quantiles_f_agg_var_isabs_True_qh_0_6_ql_0_4', 'change_quantiles_f_agg_var_isabs_True_qh_0_6_ql_0_2', 'change_quantiles_f_agg_var_isabs_True_qh_0_4_ql_0_2', 'change_quantiles_f_agg_var_isabs_False_qh_1_0_ql_0_4', 'change_quantiles_f_agg_var_isabs_False_qh_1_0_ql_0_2', 'change_quantiles_f_agg_var_isabs_False_qh_0_8_ql_0_4', 'change_quantiles_f_agg_var_isabs_False_qh_0_8_ql_0_2', 'change_quantiles_f_agg_var_isabs_False_qh_0_8_ql_0_0', 'change_quantiles_f_agg_var_isabs_False_qh_0_6_ql_0_4', 'change_quantiles_f_agg_var_isabs_False_qh_0_6_ql_0_2', 'change_quantiles_f_agg_var_isabs_False_qh_0_4_ql_0_2', 'change_quantiles_f_agg_mean_isabs_True_qh_1_0_ql_0_4', 'change_quantiles_f_agg_mean_isabs_True_qh_0_6_ql_0_4', 'ar_coefficient_coeff_2_k_10', 'agg_linear_trend_attr_slope_chunk_len_50_f_agg_mean_', 'agg_linear_trend_attr_slope_chunk_len_5_f_agg_mean_', 'agg_linear_trend_attr_slope_chunk_len_10_f_agg_mean_', 'agg_linear_trend_attr_rvalue_chunk_len_50_f_agg_mean_', 'agg_linear_trend_attr_rvalue_chunk_len_50_f_agg_max_', 'agg_linear_trend_attr_rvalue_chunk_len_5_f_agg_mean_', 'agg_linear_trend_attr_rvalue_chunk_len_5_f_agg_max_', 'agg_linear_trend_attr_rvalue_chunk_len_10_f_agg_mean_', 'agg_linear_trend_attr_rvalue_chunk_len_10_f_agg_max_', 'agg_linear_trend_attr_intercept_chunk_len_50_f_agg_mean_', 'agg_linear_trend_attr_intercept_chunk_len_50_f_agg_max_', 'agg_linear_trend_attr_intercept_chunk_len_5_f_agg_mean_', 'agg_linear_trend_attr_intercept_chunk_len_5_f_agg_max_', 'agg_linear_trend_attr_intercept_chunk_len_10_f_agg_mean_', 'agg_linear_trend_attr_intercept_chunk_len_10_f_agg_max_', 'residuals_s2_pred_mean', 'residuals_s2_pred_std', 'residuals_s2_pred_skew', 'residuals_s2_pred_kurt', 'residuals_s1_pred_skew', 'residuals_s1_pred_kurt', 'aic_diff', 'bic_diff', 'param_0_diff', 'param_3_diff', 'param_4_diff', 'param_5_diff', 'wavelet_cA_energy_level4_diff', 'wavelet_cA_std_level4_diff', 'wavelet_cA_last_energy_diff', 'wavelet_cA_last_std_diff']
2025-07-09 11:00:29 - FeatureEng-20250709_105947 - INFO - -----------------------------
2025-07-09 11:00:29 - FeatureEng-20250709_105947 - INFO - 生成/更新完成。新文件: features_20250709_110029.parquet, 总特征数: 127
