2025-07-30 20:26:30 - FeatureEng-20250730_202630 - INFO - ========== Running Command: gen-feats ==========
2025-07-30 20:26:30 - FeatureEng-20250730_202630 - INFO - Args: {'command': 'gen-feats', 'funcs': None, 'trans': None, 'base_file': None}
2025-07-30 20:26:30 - FeatureEng-20250730_202630 - INFO - =======================================
2025-07-30 20:26:30 - FeatureEng-20250730_202630 - INFO - Loading data...
2025-07-30 20:26:32 - FeatureEng-20250730_202630 - INFO - Original data loaded successfully.
2025-07-30 20:26:32 - FeatureEng-20250730_202630 - INFO - X_train shape: (23715734, 2)
2025-07-30 20:26:32 - FeatureEng-20250730_202630 - INFO - y_train shape: (10001, 1)
2025-07-30 20:26:32 - FeatureEng-20250730_202630 - INFO - Loading enhancement data with IDs: ['0']
2025-07-30 20:26:32 - FeatureEng-20250730_202630 - INFO - Total datasets loaded: 1
2025-07-30 20:26:32 - FeatureEng-20250730_202630 - INFO - Dataset 0: X shape (23715734, 2), y shape (10001, 1)
2025-07-30 20:26:32 - FeatureEng-20250730_202630 - INFO - 输入为字典格式，包含数据ID: ['0']
2025-07-30 20:26:32 - FeatureEng-20250730_202630 - INFO - 未指定特征函数，将运行所有 11 个非实验性特征。
2025-07-30 20:26:32 - FeatureEng-20250730_202630 - INFO - 未找到基础特征文件，将创建全新的特征集。
2025-07-30 20:26:32 - FeatureEng-20250730_202630 - INFO - 为数据ID '0' 创建新的特征DataFrame，包含 10001 个样本
2025-07-30 20:26:32 - FeatureEng-20250730_202630 - INFO - 基础特征字典包含数据ID: ['0']
2025-07-30 20:26:32 - FeatureEng-20250730_202630 - INFO -   数据ID '0': (10001, 0)
2025-07-30 20:26:32 - FeatureEng-20250730_202630 - INFO - === 开始为数据ID '0' 生成特征 ===
2025-07-30 20:26:32 - FeatureEng-20250730_202630 - INFO - --- 开始时序分解（数据ID: 0） ---
2025-07-30 20:26:32 - FeatureEng-20250730_202630 - INFO - --- 开始应用变换函数: no_transformation ---
2025-07-30 20:26:32 - FeatureEng-20250730_202630 - INFO - 'no_transformation' 变换完毕，耗时: 0.00 秒，生成模态: ['RAW']
2025-07-30 20:26:32 - FeatureEng-20250730_202630 - INFO - 分解完成，共生成 1 个模态: ['RAW']
2025-07-30 20:26:32 - FeatureEng-20250730_202630 - INFO - === 开始为数据ID '0' 的模态 'RAW' 生成特征 ===
2025-07-30 20:26:32 - FeatureEng-20250730_202630 - INFO - --- 开始生成特征: distribution_stats_features ---
2025-07-30 20:34:20 - FeatureEng-20250730_202630 - INFO - 'distribution_stats_features' 生成完毕，耗时: 468.35 秒。
2025-07-30 20:34:20 - FeatureEng-20250730_202630 - INFO -   新生成特征列名: ['RAW_1_stats_mean_left', 'RAW_1_stats_mean_right', 'RAW_1_stats_mean_whole', 'RAW_1_stats_mean_diff', 'RAW_1_stats_mean_ratio', 'RAW_1_stats_mean_contribution_left', 'RAW_1_stats_mean_contribution_right', 'RAW_1_stats_mean_ratio_to_whole_left', 'RAW_1_stats_mean_ratio_to_whole_right', 'RAW_1_stats_median_left', 'RAW_1_stats_median_right', 'RAW_1_stats_median_whole', 'RAW_1_stats_median_diff', 'RAW_1_stats_median_ratio', 'RAW_1_stats_median_contribution_left', 'RAW_1_stats_median_contribution_right', 'RAW_1_stats_median_ratio_to_whole_left', 'RAW_1_stats_median_ratio_to_whole_right', 'RAW_1_stats_max_left', 'RAW_1_stats_max_right', 'RAW_1_stats_max_whole', 'RAW_1_stats_max_diff', 'RAW_1_stats_max_ratio', 'RAW_1_stats_max_contribution_left', 'RAW_1_stats_max_contribution_right', 'RAW_1_stats_max_ratio_to_whole_left', 'RAW_1_stats_max_ratio_to_whole_right', 'RAW_1_stats_min_left', 'RAW_1_stats_min_right', 'RAW_1_stats_min_whole', 'RAW_1_stats_min_diff', 'RAW_1_stats_min_ratio', 'RAW_1_stats_min_contribution_left', 'RAW_1_stats_min_contribution_right', 'RAW_1_stats_min_ratio_to_whole_left', 'RAW_1_stats_min_ratio_to_whole_right', 'RAW_1_stats_range_left', 'RAW_1_stats_range_right', 'RAW_1_stats_range_whole', 'RAW_1_stats_range_diff', 'RAW_1_stats_range_ratio', 'RAW_1_stats_range_contribution_left', 'RAW_1_stats_range_contribution_right', 'RAW_1_stats_range_ratio_to_whole_left', 'RAW_1_stats_range_ratio_to_whole_right', 'RAW_1_stats_std_left', 'RAW_1_stats_std_right', 'RAW_1_stats_std_whole', 'RAW_1_stats_std_diff', 'RAW_1_stats_std_ratio', 'RAW_1_stats_std_contribution_left', 'RAW_1_stats_std_contribution_right', 'RAW_1_stats_std_ratio_to_whole_left', 'RAW_1_stats_std_ratio_to_whole_right', 'RAW_1_stats_skew_left', 'RAW_1_stats_skew_right', 'RAW_1_stats_skew_whole', 'RAW_1_stats_skew_diff', 'RAW_1_stats_skew_ratio', 'RAW_1_stats_skew_contribution_left', 'RAW_1_stats_skew_contribution_right', 'RAW_1_stats_skew_ratio_to_whole_left', 'RAW_1_stats_skew_ratio_to_whole_right', 'RAW_1_stats_kurt_left', 'RAW_1_stats_kurt_right', 'RAW_1_stats_kurt_whole', 'RAW_1_stats_kurt_diff', 'RAW_1_stats_kurt_ratio', 'RAW_1_stats_kurt_contribution_left', 'RAW_1_stats_kurt_contribution_right', 'RAW_1_stats_kurt_ratio_to_whole_left', 'RAW_1_stats_kurt_ratio_to_whole_right', 'RAW_1_stats_cv_left', 'RAW_1_stats_cv_right', 'RAW_1_stats_cv_whole', 'RAW_1_stats_cv_diff', 'RAW_1_stats_cv_ratio', 'RAW_1_stats_cv_contribution_left', 'RAW_1_stats_cv_contribution_right', 'RAW_1_stats_cv_ratio_to_whole_left', 'RAW_1_stats_cv_ratio_to_whole_right', 'RAW_1_stats_mean_of_rolling_std_left', 'RAW_1_stats_mean_of_rolling_std_right', 'RAW_1_stats_mean_of_rolling_std_whole', 'RAW_1_stats_mean_of_rolling_std_diff', 'RAW_1_stats_mean_of_rolling_std_ratio', 'RAW_1_stats_mean_of_rolling_std_contribution_left', 'RAW_1_stats_mean_of_rolling_std_contribution_right', 'RAW_1_stats_mean_of_rolling_std_ratio_to_whole_left', 'RAW_1_stats_mean_of_rolling_std_ratio_to_whole_right', 'RAW_1_stats_theil_sen_slope_left', 'RAW_1_stats_theil_sen_slope_right', 'RAW_1_stats_theil_sen_slope_whole', 'RAW_1_stats_theil_sen_slope_diff', 'RAW_1_stats_theil_sen_slope_ratio', 'RAW_1_stats_theil_sen_slope_contribution_left', 'RAW_1_stats_theil_sen_slope_contribution_right', 'RAW_1_stats_theil_sen_slope_ratio_to_whole_left', 'RAW_1_stats_theil_sen_slope_ratio_to_whole_right']
2025-07-30 20:34:20 - FeatureEng-20250730_202630 - INFO -     - 'RAW_1_stats_mean_left': 空值比例=0.00%, 零值比例=0.00%
2025-07-30 20:34:20 - FeatureEng-20250730_202630 - INFO -     - 'RAW_1_stats_mean_right': 空值比例=0.00%, 零值比例=0.00%
2025-07-30 20:34:20 - FeatureEng-20250730_202630 - INFO -     - 'RAW_1_stats_mean_whole': 空值比例=0.00%, 零值比例=0.00%
2025-07-30 20:34:20 - FeatureEng-20250730_202630 - INFO -     - 'RAW_1_stats_mean_diff': 空值比例=0.00%, 零值比例=0.00%
2025-07-30 20:34:20 - FeatureEng-20250730_202630 - INFO -     - 'RAW_1_stats_mean_ratio': 空值比例=0.00%, 零值比例=0.00%
2025-07-30 20:34:20 - FeatureEng-20250730_202630 - INFO -     - 'RAW_1_stats_mean_contribution_left': 空值比例=0.00%, 零值比例=0.00%
2025-07-30 20:34:20 - FeatureEng-20250730_202630 - INFO -     - 'RAW_1_stats_mean_contribution_right': 空值比例=0.00%, 零值比例=0.00%
2025-07-30 20:34:20 - FeatureEng-20250730_202630 - INFO -     - 'RAW_1_stats_mean_ratio_to_whole_left': 空值比例=0.00%, 零值比例=0.00%
2025-07-30 20:34:20 - FeatureEng-20250730_202630 - INFO -     - 'RAW_1_stats_mean_ratio_to_whole_right': 空值比例=0.00%, 零值比例=0.00%
2025-07-30 20:34:20 - FeatureEng-20250730_202630 - INFO -     - 'RAW_1_stats_median_left': 空值比例=0.00%, 零值比例=0.00%
2025-07-30 20:34:20 - FeatureEng-20250730_202630 - INFO -     - 'RAW_1_stats_median_right': 空值比例=0.00%, 零值比例=0.00%
2025-07-30 20:34:20 - FeatureEng-20250730_202630 - INFO -     - 'RAW_1_stats_median_whole': 空值比例=0.00%, 零值比例=0.00%
2025-07-30 20:34:20 - FeatureEng-20250730_202630 - INFO -     - 'RAW_1_stats_median_diff': 空值比例=0.00%, 零值比例=0.01%
2025-07-30 20:34:20 - FeatureEng-20250730_202630 - INFO -     - 'RAW_1_stats_median_ratio': 空值比例=0.00%, 零值比例=0.00%
2025-07-30 20:34:20 - FeatureEng-20250730_202630 - INFO -     - 'RAW_1_stats_median_contribution_left': 空值比例=0.00%, 零值比例=0.00%
2025-07-30 20:34:20 - FeatureEng-20250730_202630 - INFO -     - 'RAW_1_stats_median_contribution_right': 空值比例=0.00%, 零值比例=0.00%
2025-07-30 20:34:20 - FeatureEng-20250730_202630 - INFO -     - 'RAW_1_stats_median_ratio_to_whole_left': 空值比例=0.00%, 零值比例=0.00%
2025-07-30 20:34:20 - FeatureEng-20250730_202630 - INFO -     - 'RAW_1_stats_median_ratio_to_whole_right': 空值比例=0.00%, 零值比例=0.00%
2025-07-30 20:34:20 - FeatureEng-20250730_202630 - INFO -     - 'RAW_1_stats_max_left': 空值比例=0.00%, 零值比例=0.00%
2025-07-30 20:34:20 - FeatureEng-20250730_202630 - INFO -     - 'RAW_1_stats_max_right': 空值比例=0.00%, 零值比例=0.00%
2025-07-30 20:34:20 - FeatureEng-20250730_202630 - INFO -     - 'RAW_1_stats_max_whole': 空值比例=0.00%, 零值比例=0.00%
2025-07-30 20:34:20 - FeatureEng-20250730_202630 - INFO -     - 'RAW_1_stats_max_diff': 空值比例=0.00%, 零值比例=0.04%
2025-07-30 20:34:20 - FeatureEng-20250730_202630 - INFO -     - 'RAW_1_stats_max_ratio': 空值比例=0.00%, 零值比例=0.00%
2025-07-30 20:34:20 - FeatureEng-20250730_202630 - INFO -     - 'RAW_1_stats_max_contribution_left': 空值比例=0.00%, 零值比例=0.00%
2025-07-30 20:34:20 - FeatureEng-20250730_202630 - INFO -     - 'RAW_1_stats_max_contribution_right': 空值比例=0.00%, 零值比例=0.00%
2025-07-30 20:34:20 - FeatureEng-20250730_202630 - INFO -     - 'RAW_1_stats_max_ratio_to_whole_left': 空值比例=0.00%, 零值比例=0.00%
2025-07-30 20:34:20 - FeatureEng-20250730_202630 - INFO -     - 'RAW_1_stats_max_ratio_to_whole_right': 空值比例=0.00%, 零值比例=0.00%
2025-07-30 20:34:20 - FeatureEng-20250730_202630 - INFO -     - 'RAW_1_stats_min_left': 空值比例=0.00%, 零值比例=0.00%
2025-07-30 20:34:20 - FeatureEng-20250730_202630 - INFO -     - 'RAW_1_stats_min_right': 空值比例=0.00%, 零值比例=0.00%
2025-07-30 20:34:20 - FeatureEng-20250730_202630 - INFO -     - 'RAW_1_stats_min_whole': 空值比例=0.00%, 零值比例=0.00%
2025-07-30 20:34:20 - FeatureEng-20250730_202630 - INFO -     - 'RAW_1_stats_min_diff': 空值比例=0.00%, 零值比例=0.06%
2025-07-30 20:34:20 - FeatureEng-20250730_202630 - INFO -     - 'RAW_1_stats_min_ratio': 空值比例=0.00%, 零值比例=0.00%
2025-07-30 20:34:20 - FeatureEng-20250730_202630 - INFO -     - 'RAW_1_stats_min_contribution_left': 空值比例=0.00%, 零值比例=0.00%
2025-07-30 20:34:20 - FeatureEng-20250730_202630 - INFO -     - 'RAW_1_stats_min_contribution_right': 空值比例=0.00%, 零值比例=0.00%
2025-07-30 20:34:20 - FeatureEng-20250730_202630 - INFO -     - 'RAW_1_stats_min_ratio_to_whole_left': 空值比例=0.00%, 零值比例=0.00%
2025-07-30 20:34:20 - FeatureEng-20250730_202630 - INFO -     - 'RAW_1_stats_min_ratio_to_whole_right': 空值比例=0.00%, 零值比例=0.00%
2025-07-30 20:34:20 - FeatureEng-20250730_202630 - INFO -     - 'RAW_1_stats_range_left': 空值比例=0.00%, 零值比例=0.00%
2025-07-30 20:34:20 - FeatureEng-20250730_202630 - INFO -     - 'RAW_1_stats_range_right': 空值比例=0.00%, 零值比例=0.00%
2025-07-30 20:34:20 - FeatureEng-20250730_202630 - INFO -     - 'RAW_1_stats_range_whole': 空值比例=0.00%, 零值比例=0.00%
2025-07-30 20:34:20 - FeatureEng-20250730_202630 - INFO -     - 'RAW_1_stats_range_diff': 空值比例=0.00%, 零值比例=0.00%
2025-07-30 20:34:20 - FeatureEng-20250730_202630 - INFO -     - 'RAW_1_stats_range_ratio': 空值比例=0.00%, 零值比例=0.00%
2025-07-30 20:34:20 - FeatureEng-20250730_202630 - INFO -     - 'RAW_1_stats_range_contribution_left': 空值比例=0.00%, 零值比例=0.00%
2025-07-30 20:34:20 - FeatureEng-20250730_202630 - INFO -     - 'RAW_1_stats_range_contribution_right': 空值比例=0.00%, 零值比例=0.00%
2025-07-30 20:34:20 - FeatureEng-20250730_202630 - INFO -     - 'RAW_1_stats_range_ratio_to_whole_left': 空值比例=0.00%, 零值比例=0.00%
2025-07-30 20:34:20 - FeatureEng-20250730_202630 - INFO -     - 'RAW_1_stats_range_ratio_to_whole_right': 空值比例=0.00%, 零值比例=0.00%
2025-07-30 20:34:20 - FeatureEng-20250730_202630 - INFO -     - 'RAW_1_stats_std_left': 空值比例=0.00%, 零值比例=0.00%
2025-07-30 20:34:20 - FeatureEng-20250730_202630 - INFO -     - 'RAW_1_stats_std_right': 空值比例=0.00%, 零值比例=0.00%
2025-07-30 20:34:20 - FeatureEng-20250730_202630 - INFO -     - 'RAW_1_stats_std_whole': 空值比例=0.00%, 零值比例=0.00%
2025-07-30 20:34:20 - FeatureEng-20250730_202630 - INFO -     - 'RAW_1_stats_std_diff': 空值比例=0.00%, 零值比例=0.00%
2025-07-30 20:34:20 - FeatureEng-20250730_202630 - INFO -     - 'RAW_1_stats_std_ratio': 空值比例=0.00%, 零值比例=0.00%
2025-07-30 20:34:20 - FeatureEng-20250730_202630 - INFO -     - 'RAW_1_stats_std_contribution_left': 空值比例=0.00%, 零值比例=0.00%
2025-07-30 20:34:20 - FeatureEng-20250730_202630 - INFO -     - 'RAW_1_stats_std_contribution_right': 空值比例=0.00%, 零值比例=0.00%
2025-07-30 20:34:20 - FeatureEng-20250730_202630 - INFO -     - 'RAW_1_stats_std_ratio_to_whole_left': 空值比例=0.00%, 零值比例=0.00%
2025-07-30 20:34:20 - FeatureEng-20250730_202630 - INFO -     - 'RAW_1_stats_std_ratio_to_whole_right': 空值比例=0.00%, 零值比例=0.00%
2025-07-30 20:34:20 - FeatureEng-20250730_202630 - INFO -     - 'RAW_1_stats_skew_left': 空值比例=0.00%, 零值比例=0.00%
2025-07-30 20:34:20 - FeatureEng-20250730_202630 - INFO -     - 'RAW_1_stats_skew_right': 空值比例=0.00%, 零值比例=0.00%
2025-07-30 20:34:20 - FeatureEng-20250730_202630 - INFO -     - 'RAW_1_stats_skew_whole': 空值比例=0.00%, 零值比例=0.00%
2025-07-30 20:34:20 - FeatureEng-20250730_202630 - INFO -     - 'RAW_1_stats_skew_diff': 空值比例=0.00%, 零值比例=0.00%
2025-07-30 20:34:20 - FeatureEng-20250730_202630 - INFO -     - 'RAW_1_stats_skew_ratio': 空值比例=0.00%, 零值比例=0.00%
2025-07-30 20:34:20 - FeatureEng-20250730_202630 - INFO -     - 'RAW_1_stats_skew_contribution_left': 空值比例=0.00%, 零值比例=0.00%
2025-07-30 20:34:20 - FeatureEng-20250730_202630 - INFO -     - 'RAW_1_stats_skew_contribution_right': 空值比例=0.00%, 零值比例=0.00%
2025-07-30 20:34:20 - FeatureEng-20250730_202630 - INFO -     - 'RAW_1_stats_skew_ratio_to_whole_left': 空值比例=0.00%, 零值比例=0.00%
2025-07-30 20:34:20 - FeatureEng-20250730_202630 - INFO -     - 'RAW_1_stats_skew_ratio_to_whole_right': 空值比例=0.00%, 零值比例=0.00%
2025-07-30 20:34:20 - FeatureEng-20250730_202630 - INFO -     - 'RAW_1_stats_kurt_left': 空值比例=0.00%, 零值比例=0.00%
2025-07-30 20:34:20 - FeatureEng-20250730_202630 - INFO -     - 'RAW_1_stats_kurt_right': 空值比例=0.00%, 零值比例=0.00%
2025-07-30 20:34:20 - FeatureEng-20250730_202630 - INFO -     - 'RAW_1_stats_kurt_whole': 空值比例=0.00%, 零值比例=0.00%
2025-07-30 20:34:20 - FeatureEng-20250730_202630 - INFO -     - 'RAW_1_stats_kurt_diff': 空值比例=0.00%, 零值比例=0.00%
2025-07-30 20:34:20 - FeatureEng-20250730_202630 - INFO -     - 'RAW_1_stats_kurt_ratio': 空值比例=0.00%, 零值比例=0.00%
2025-07-30 20:34:20 - FeatureEng-20250730_202630 - INFO -     - 'RAW_1_stats_kurt_contribution_left': 空值比例=0.00%, 零值比例=0.00%
2025-07-30 20:34:20 - FeatureEng-20250730_202630 - INFO -     - 'RAW_1_stats_kurt_contribution_right': 空值比例=0.00%, 零值比例=0.00%
2025-07-30 20:34:20 - FeatureEng-20250730_202630 - INFO -     - 'RAW_1_stats_kurt_ratio_to_whole_left': 空值比例=0.00%, 零值比例=0.00%
2025-07-30 20:34:20 - FeatureEng-20250730_202630 - INFO -     - 'RAW_1_stats_kurt_ratio_to_whole_right': 空值比例=0.00%, 零值比例=0.00%
2025-07-30 20:34:20 - FeatureEng-20250730_202630 - INFO -     - 'RAW_1_stats_cv_left': 空值比例=0.00%, 零值比例=1.27%
2025-07-30 20:34:20 - FeatureEng-20250730_202630 - INFO -     - 'RAW_1_stats_cv_right': 空值比例=0.00%, 零值比例=0.51%
2025-07-30 20:34:20 - FeatureEng-20250730_202630 - INFO -     - 'RAW_1_stats_cv_whole': 空值比例=0.00%, 零值比例=1.46%
2025-07-30 20:34:20 - FeatureEng-20250730_202630 - INFO -     - 'RAW_1_stats_cv_diff': 空值比例=0.00%, 零值比例=0.09%
2025-07-30 20:34:20 - FeatureEng-20250730_202630 - INFO -     - 'RAW_1_stats_cv_ratio': 空值比例=0.00%, 零值比例=0.51%
2025-07-30 20:34:20 - FeatureEng-20250730_202630 - INFO -     - 'RAW_1_stats_cv_contribution_left': 空值比例=0.00%, 零值比例=1.27%
2025-07-30 20:34:20 - FeatureEng-20250730_202630 - INFO -     - 'RAW_1_stats_cv_contribution_right': 空值比例=0.00%, 零值比例=0.51%
2025-07-30 20:34:20 - FeatureEng-20250730_202630 - INFO -     - 'RAW_1_stats_cv_ratio_to_whole_left': 空值比例=0.00%, 零值比例=1.27%
2025-07-30 20:34:20 - FeatureEng-20250730_202630 - INFO -     - 'RAW_1_stats_cv_ratio_to_whole_right': 空值比例=0.00%, 零值比例=0.51%
2025-07-30 20:34:20 - FeatureEng-20250730_202630 - INFO -     - 'RAW_1_stats_mean_of_rolling_std_left': 空值比例=0.00%, 零值比例=0.00%
2025-07-30 20:34:20 - FeatureEng-20250730_202630 - INFO -     - 'RAW_1_stats_mean_of_rolling_std_right': 空值比例=0.00%, 零值比例=0.00%
2025-07-30 20:34:20 - FeatureEng-20250730_202630 - INFO -     - 'RAW_1_stats_mean_of_rolling_std_whole': 空值比例=0.00%, 零值比例=0.00%
2025-07-30 20:34:20 - FeatureEng-20250730_202630 - INFO -     - 'RAW_1_stats_mean_of_rolling_std_diff': 空值比例=0.00%, 零值比例=0.00%
2025-07-30 20:34:20 - FeatureEng-20250730_202630 - INFO -     - 'RAW_1_stats_mean_of_rolling_std_ratio': 空值比例=0.00%, 零值比例=0.00%
2025-07-30 20:34:20 - FeatureEng-20250730_202630 - INFO -     - 'RAW_1_stats_mean_of_rolling_std_contribution_left': 空值比例=0.00%, 零值比例=0.00%
2025-07-30 20:34:20 - FeatureEng-20250730_202630 - INFO -     - 'RAW_1_stats_mean_of_rolling_std_contribution_right': 空值比例=0.00%, 零值比例=0.00%
2025-07-30 20:34:20 - FeatureEng-20250730_202630 - INFO -     - 'RAW_1_stats_mean_of_rolling_std_ratio_to_whole_left': 空值比例=0.00%, 零值比例=0.00%
2025-07-30 20:34:20 - FeatureEng-20250730_202630 - INFO -     - 'RAW_1_stats_mean_of_rolling_std_ratio_to_whole_right': 空值比例=0.00%, 零值比例=0.00%
2025-07-30 20:34:20 - FeatureEng-20250730_202630 - INFO -     - 'RAW_1_stats_theil_sen_slope_left': 空值比例=0.00%, 零值比例=0.28%
2025-07-30 20:34:20 - FeatureEng-20250730_202630 - INFO -     - 'RAW_1_stats_theil_sen_slope_right': 空值比例=0.00%, 零值比例=0.52%
2025-07-30 20:34:20 - FeatureEng-20250730_202630 - INFO -     - 'RAW_1_stats_theil_sen_slope_whole': 空值比例=0.00%, 零值比例=0.31%
2025-07-30 20:34:20 - FeatureEng-20250730_202630 - INFO -     - 'RAW_1_stats_theil_sen_slope_diff': 空值比例=0.00%, 零值比例=0.01%
2025-07-30 20:34:20 - FeatureEng-20250730_202630 - INFO -     - 'RAW_1_stats_theil_sen_slope_ratio': 空值比例=0.00%, 零值比例=0.52%
2025-07-30 20:34:20 - FeatureEng-20250730_202630 - INFO -     - 'RAW_1_stats_theil_sen_slope_contribution_left': 空值比例=0.00%, 零值比例=0.28%
2025-07-30 20:34:20 - FeatureEng-20250730_202630 - INFO -     - 'RAW_1_stats_theil_sen_slope_contribution_right': 空值比例=0.00%, 零值比例=0.52%
2025-07-30 20:34:20 - FeatureEng-20250730_202630 - INFO -     - 'RAW_1_stats_theil_sen_slope_ratio_to_whole_left': 空值比例=0.00%, 零值比例=0.28%
2025-07-30 20:34:20 - FeatureEng-20250730_202630 - INFO -     - 'RAW_1_stats_theil_sen_slope_ratio_to_whole_right': 空值比例=0.00%, 零值比例=0.52%
2025-07-30 20:34:20 - FeatureEng-20250730_202630 - INFO - --- 开始生成特征: test_stats_features ---
2025-07-30 20:37:45 - FeatureEng-20250730_202630 - INFO - 'test_stats_features' 生成完毕，耗时: 204.95 秒。
2025-07-30 20:37:45 - FeatureEng-20250730_202630 - INFO -   新生成特征列名: ['RAW_2_ks_stat', 'RAW_2_ks_pvalue', 'RAW_2_ttest_pvalue', 'RAW_2_ad_stat', 'RAW_2_ad_pvalue', 'RAW_2_mannwhitney_stat', 'RAW_2_mannwhitney_pvalue', 'RAW_2_wilcoxon_stat', 'RAW_2_wilcoxon_pvalue', 'RAW_2_levene_stat', 'RAW_2_levene_pvalue', 'RAW_2_bartlett_stat', 'RAW_2_bartlett_pvalue', 'RAW_2_shapiro_pvalue_left', 'RAW_2_shapiro_pvalue_right', 'RAW_2_shapiro_pvalue_whole', 'RAW_2_shapiro_pvalue_diff', 'RAW_2_shapiro_pvalue_ratio', 'RAW_2_shapiro_pvalue_contribution_left', 'RAW_2_shapiro_pvalue_contribution_right', 'RAW_2_shapiro_pvalue_ratio_to_whole_left', 'RAW_2_shapiro_pvalue_ratio_to_whole_right', 'RAW_2_jb_pvalue_left', 'RAW_2_jb_pvalue_right', 'RAW_2_jb_pvalue_whole', 'RAW_2_jb_pvalue_diff', 'RAW_2_jb_pvalue_ratio', 'RAW_2_jb_pvalue_contribution_left', 'RAW_2_jb_pvalue_contribution_right', 'RAW_2_jb_pvalue_ratio_to_whole_left', 'RAW_2_jb_pvalue_ratio_to_whole_right', 'RAW_2_kpss_pvalue_left', 'RAW_2_kpss_pvalue_right', 'RAW_2_kpss_pvalue_whole', 'RAW_2_kpss_pvalue_diff', 'RAW_2_kpss_pvalue_ratio', 'RAW_2_kpss_pvalue_contribution_left', 'RAW_2_kpss_pvalue_contribution_right', 'RAW_2_kpss_pvalue_ratio_to_whole_left', 'RAW_2_kpss_pvalue_ratio_to_whole_right', 'RAW_2_kpss_stat_left', 'RAW_2_kpss_stat_right', 'RAW_2_kpss_stat_whole', 'RAW_2_kpss_stat_diff', 'RAW_2_kpss_stat_ratio', 'RAW_2_kpss_stat_contribution_left', 'RAW_2_kpss_stat_contribution_right', 'RAW_2_kpss_stat_ratio_to_whole_left', 'RAW_2_kpss_stat_ratio_to_whole_right', 'RAW_2_adf_pvalue_left', 'RAW_2_adf_pvalue_right', 'RAW_2_adf_pvalue_whole', 'RAW_2_adf_pvalue_diff', 'RAW_2_adf_pvalue_ratio', 'RAW_2_adf_pvalue_contribution_left', 'RAW_2_adf_pvalue_contribution_right', 'RAW_2_adf_pvalue_ratio_to_whole_left', 'RAW_2_adf_pvalue_ratio_to_whole_right', 'RAW_2_adf_stat_left', 'RAW_2_adf_stat_right', 'RAW_2_adf_stat_whole', 'RAW_2_adf_stat_diff', 'RAW_2_adf_stat_ratio', 'RAW_2_adf_stat_contribution_left', 'RAW_2_adf_stat_contribution_right', 'RAW_2_adf_stat_ratio_to_whole_left', 'RAW_2_adf_stat_ratio_to_whole_right', 'RAW_2_adf_icbest_left', 'RAW_2_adf_icbest_right', 'RAW_2_adf_icbest_whole', 'RAW_2_adf_icbest_diff', 'RAW_2_adf_icbest_ratio', 'RAW_2_adf_icbest_contribution_left', 'RAW_2_adf_icbest_contribution_right', 'RAW_2_adf_icbest_ratio_to_whole_left', 'RAW_2_adf_icbest_ratio_to_whole_right']
2025-07-30 20:37:45 - FeatureEng-20250730_202630 - INFO -     - 'RAW_2_ks_stat': 空值比例=0.00%, 零值比例=0.00%
2025-07-30 20:37:45 - FeatureEng-20250730_202630 - INFO -     - 'RAW_2_ks_pvalue': 空值比例=0.00%, 零值比例=0.00%
2025-07-30 20:37:45 - FeatureEng-20250730_202630 - INFO -     - 'RAW_2_ttest_pvalue': 空值比例=0.00%, 零值比例=0.00%
2025-07-30 20:37:45 - FeatureEng-20250730_202630 - INFO -     - 'RAW_2_ad_stat': 空值比例=0.00%, 零值比例=0.00%
2025-07-30 20:37:45 - FeatureEng-20250730_202630 - INFO -     - 'RAW_2_ad_pvalue': 空值比例=0.00%, 零值比例=0.00%
2025-07-30 20:37:45 - FeatureEng-20250730_202630 - INFO -     - 'RAW_2_mannwhitney_stat': 空值比例=0.00%, 零值比例=0.00%
2025-07-30 20:37:45 - FeatureEng-20250730_202630 - INFO -     - 'RAW_2_mannwhitney_pvalue': 空值比例=0.00%, 零值比例=0.00%
2025-07-30 20:37:45 - FeatureEng-20250730_202630 - INFO -     - 'RAW_2_wilcoxon_stat': 空值比例=0.00%, 零值比例=0.00%
2025-07-30 20:37:45 - FeatureEng-20250730_202630 - INFO -     - 'RAW_2_wilcoxon_pvalue': 空值比例=0.00%, 零值比例=0.00%
2025-07-30 20:37:45 - FeatureEng-20250730_202630 - INFO -     - 'RAW_2_levene_stat': 空值比例=0.00%, 零值比例=0.00%
2025-07-30 20:37:45 - FeatureEng-20250730_202630 - INFO -     - 'RAW_2_levene_pvalue': 空值比例=0.00%, 零值比例=0.02%
2025-07-30 20:37:45 - FeatureEng-20250730_202630 - INFO -     - 'RAW_2_bartlett_stat': 空值比例=0.00%, 零值比例=0.00%
2025-07-30 20:37:45 - FeatureEng-20250730_202630 - INFO -     - 'RAW_2_bartlett_pvalue': 空值比例=0.00%, 零值比例=1.28%
2025-07-30 20:37:45 - FeatureEng-20250730_202630 - INFO -     - 'RAW_2_shapiro_pvalue_left': 空值比例=0.00%, 零值比例=0.00%
2025-07-30 20:37:45 - FeatureEng-20250730_202630 - INFO -     - 'RAW_2_shapiro_pvalue_right': 空值比例=0.00%, 零值比例=0.00%
2025-07-30 20:37:45 - FeatureEng-20250730_202630 - INFO -     - 'RAW_2_shapiro_pvalue_whole': 空值比例=0.00%, 零值比例=0.00%
2025-07-30 20:37:45 - FeatureEng-20250730_202630 - INFO -     - 'RAW_2_shapiro_pvalue_diff': 空值比例=0.00%, 零值比例=0.00%
2025-07-30 20:37:45 - FeatureEng-20250730_202630 - INFO -     - 'RAW_2_shapiro_pvalue_ratio': 空值比例=0.00%, 零值比例=0.00%
2025-07-30 20:37:45 - FeatureEng-20250730_202630 - INFO -     - 'RAW_2_shapiro_pvalue_contribution_left': 空值比例=0.00%, 零值比例=0.00%
2025-07-30 20:37:45 - FeatureEng-20250730_202630 - INFO -     - 'RAW_2_shapiro_pvalue_contribution_right': 空值比例=0.00%, 零值比例=0.00%
2025-07-30 20:37:45 - FeatureEng-20250730_202630 - INFO -     - 'RAW_2_shapiro_pvalue_ratio_to_whole_left': 空值比例=0.00%, 零值比例=0.00%
2025-07-30 20:37:45 - FeatureEng-20250730_202630 - INFO -     - 'RAW_2_shapiro_pvalue_ratio_to_whole_right': 空值比例=0.00%, 零值比例=0.00%
2025-07-30 20:37:45 - FeatureEng-20250730_202630 - INFO -     - 'RAW_2_jb_pvalue_left': 空值比例=0.00%, 零值比例=41.56%
2025-07-30 20:37:45 - FeatureEng-20250730_202630 - INFO -     - 'RAW_2_jb_pvalue_right': 空值比例=0.00%, 零值比例=25.93%
2025-07-30 20:37:45 - FeatureEng-20250730_202630 - INFO -     - 'RAW_2_jb_pvalue_whole': 空值比例=0.00%, 零值比例=56.64%
2025-07-30 20:37:45 - FeatureEng-20250730_202630 - INFO -     - 'RAW_2_jb_pvalue_diff': 空值比例=0.00%, 零值比例=18.02%
2025-07-30 20:37:45 - FeatureEng-20250730_202630 - INFO -     - 'RAW_2_jb_pvalue_ratio': 空值比例=0.00%, 零值比例=25.93%
2025-07-30 20:37:45 - FeatureEng-20250730_202630 - INFO -     - 'RAW_2_jb_pvalue_contribution_left': 空值比例=0.00%, 零值比例=41.56%
2025-07-30 20:37:45 - FeatureEng-20250730_202630 - INFO -     - 'RAW_2_jb_pvalue_contribution_right': 空值比例=0.00%, 零值比例=25.93%
2025-07-30 20:37:45 - FeatureEng-20250730_202630 - INFO -     - 'RAW_2_jb_pvalue_ratio_to_whole_left': 空值比例=0.00%, 零值比例=41.56%
2025-07-30 20:37:45 - FeatureEng-20250730_202630 - INFO -     - 'RAW_2_jb_pvalue_ratio_to_whole_right': 空值比例=0.00%, 零值比例=25.93%
2025-07-30 20:37:45 - FeatureEng-20250730_202630 - INFO -     - 'RAW_2_kpss_pvalue_left': 空值比例=0.00%, 零值比例=0.00%
2025-07-30 20:37:45 - FeatureEng-20250730_202630 - INFO -     - 'RAW_2_kpss_pvalue_right': 空值比例=0.00%, 零值比例=0.00%
2025-07-30 20:37:45 - FeatureEng-20250730_202630 - INFO -     - 'RAW_2_kpss_pvalue_whole': 空值比例=0.00%, 零值比例=0.00%
2025-07-30 20:37:45 - FeatureEng-20250730_202630 - INFO -     - 'RAW_2_kpss_pvalue_diff': 空值比例=0.00%, 零值比例=81.62%
2025-07-30 20:37:45 - FeatureEng-20250730_202630 - INFO -     - 'RAW_2_kpss_pvalue_ratio': 空值比例=0.00%, 零值比例=0.00%
2025-07-30 20:37:45 - FeatureEng-20250730_202630 - INFO -     - 'RAW_2_kpss_pvalue_contribution_left': 空值比例=0.00%, 零值比例=0.00%
2025-07-30 20:37:45 - FeatureEng-20250730_202630 - INFO -     - 'RAW_2_kpss_pvalue_contribution_right': 空值比例=0.00%, 零值比例=0.00%
2025-07-30 20:37:45 - FeatureEng-20250730_202630 - INFO -     - 'RAW_2_kpss_pvalue_ratio_to_whole_left': 空值比例=0.00%, 零值比例=0.00%
2025-07-30 20:37:45 - FeatureEng-20250730_202630 - INFO -     - 'RAW_2_kpss_pvalue_ratio_to_whole_right': 空值比例=0.00%, 零值比例=0.00%
2025-07-30 20:37:45 - FeatureEng-20250730_202630 - INFO -     - 'RAW_2_kpss_stat_left': 空值比例=0.00%, 零值比例=0.00%
2025-07-30 20:37:45 - FeatureEng-20250730_202630 - INFO -     - 'RAW_2_kpss_stat_right': 空值比例=0.00%, 零值比例=0.00%
2025-07-30 20:37:45 - FeatureEng-20250730_202630 - INFO -     - 'RAW_2_kpss_stat_whole': 空值比例=0.00%, 零值比例=0.00%
2025-07-30 20:37:45 - FeatureEng-20250730_202630 - INFO -     - 'RAW_2_kpss_stat_diff': 空值比例=0.00%, 零值比例=0.00%
2025-07-30 20:37:45 - FeatureEng-20250730_202630 - INFO -     - 'RAW_2_kpss_stat_ratio': 空值比例=0.00%, 零值比例=0.00%
2025-07-30 20:37:45 - FeatureEng-20250730_202630 - INFO -     - 'RAW_2_kpss_stat_contribution_left': 空值比例=0.00%, 零值比例=0.00%
2025-07-30 20:37:45 - FeatureEng-20250730_202630 - INFO -     - 'RAW_2_kpss_stat_contribution_right': 空值比例=0.00%, 零值比例=0.00%
2025-07-30 20:37:45 - FeatureEng-20250730_202630 - INFO -     - 'RAW_2_kpss_stat_ratio_to_whole_left': 空值比例=0.00%, 零值比例=0.00%
2025-07-30 20:37:45 - FeatureEng-20250730_202630 - INFO -     - 'RAW_2_kpss_stat_ratio_to_whole_right': 空值比例=0.00%, 零值比例=0.00%
2025-07-30 20:37:45 - FeatureEng-20250730_202630 - INFO -     - 'RAW_2_adf_pvalue_left': 空值比例=0.00%, 零值比例=61.73%
2025-07-30 20:37:45 - FeatureEng-20250730_202630 - INFO -     - 'RAW_2_adf_pvalue_right': 空值比例=0.00%, 零值比例=39.52%
2025-07-30 20:37:45 - FeatureEng-20250730_202630 - INFO -     - 'RAW_2_adf_pvalue_whole': 空值比例=0.00%, 零值比例=63.42%
2025-07-30 20:37:45 - FeatureEng-20250730_202630 - INFO -     - 'RAW_2_adf_pvalue_diff': 空值比例=0.00%, 零值比例=26.41%
2025-07-30 20:37:45 - FeatureEng-20250730_202630 - INFO -     - 'RAW_2_adf_pvalue_ratio': 空值比例=0.00%, 零值比例=39.52%
2025-07-30 20:37:45 - FeatureEng-20250730_202630 - INFO -     - 'RAW_2_adf_pvalue_contribution_left': 空值比例=0.00%, 零值比例=61.73%
2025-07-30 20:37:45 - FeatureEng-20250730_202630 - INFO -     - 'RAW_2_adf_pvalue_contribution_right': 空值比例=0.00%, 零值比例=39.52%
2025-07-30 20:37:45 - FeatureEng-20250730_202630 - INFO -     - 'RAW_2_adf_pvalue_ratio_to_whole_left': 空值比例=0.00%, 零值比例=61.73%
2025-07-30 20:37:45 - FeatureEng-20250730_202630 - INFO -     - 'RAW_2_adf_pvalue_ratio_to_whole_right': 空值比例=0.00%, 零值比例=39.52%
2025-07-30 20:37:45 - FeatureEng-20250730_202630 - INFO -     - 'RAW_2_adf_stat_left': 空值比例=0.00%, 零值比例=0.00%
2025-07-30 20:37:45 - FeatureEng-20250730_202630 - INFO -     - 'RAW_2_adf_stat_right': 空值比例=0.00%, 零值比例=0.00%
2025-07-30 20:37:45 - FeatureEng-20250730_202630 - INFO -     - 'RAW_2_adf_stat_whole': 空值比例=0.00%, 零值比例=0.00%
2025-07-30 20:37:45 - FeatureEng-20250730_202630 - INFO -     - 'RAW_2_adf_stat_diff': 空值比例=0.00%, 零值比例=0.00%
2025-07-30 20:37:45 - FeatureEng-20250730_202630 - INFO -     - 'RAW_2_adf_stat_ratio': 空值比例=0.00%, 零值比例=0.00%
2025-07-30 20:37:45 - FeatureEng-20250730_202630 - INFO -     - 'RAW_2_adf_stat_contribution_left': 空值比例=0.00%, 零值比例=0.00%
2025-07-30 20:37:45 - FeatureEng-20250730_202630 - INFO -     - 'RAW_2_adf_stat_contribution_right': 空值比例=0.00%, 零值比例=0.00%
2025-07-30 20:37:45 - FeatureEng-20250730_202630 - INFO -     - 'RAW_2_adf_stat_ratio_to_whole_left': 空值比例=0.00%, 零值比例=0.00%
2025-07-30 20:37:45 - FeatureEng-20250730_202630 - INFO -     - 'RAW_2_adf_stat_ratio_to_whole_right': 空值比例=0.00%, 零值比例=0.00%
2025-07-30 20:37:45 - FeatureEng-20250730_202630 - INFO -     - 'RAW_2_adf_icbest_left': 空值比例=0.00%, 零值比例=0.00%
2025-07-30 20:37:45 - FeatureEng-20250730_202630 - INFO -     - 'RAW_2_adf_icbest_right': 空值比例=0.00%, 零值比例=0.00%
2025-07-30 20:37:45 - FeatureEng-20250730_202630 - INFO -     - 'RAW_2_adf_icbest_whole': 空值比例=0.00%, 零值比例=0.00%
2025-07-30 20:37:45 - FeatureEng-20250730_202630 - INFO -     - 'RAW_2_adf_icbest_diff': 空值比例=0.00%, 零值比例=0.00%
2025-07-30 20:37:45 - FeatureEng-20250730_202630 - INFO -     - 'RAW_2_adf_icbest_ratio': 空值比例=0.00%, 零值比例=0.00%
2025-07-30 20:37:45 - FeatureEng-20250730_202630 - INFO -     - 'RAW_2_adf_icbest_contribution_left': 空值比例=0.00%, 零值比例=0.00%
2025-07-30 20:37:45 - FeatureEng-20250730_202630 - INFO -     - 'RAW_2_adf_icbest_contribution_right': 空值比例=0.00%, 零值比例=0.00%
2025-07-30 20:37:45 - FeatureEng-20250730_202630 - INFO -     - 'RAW_2_adf_icbest_ratio_to_whole_left': 空值比例=0.00%, 零值比例=0.00%
2025-07-30 20:37:45 - FeatureEng-20250730_202630 - INFO -     - 'RAW_2_adf_icbest_ratio_to_whole_right': 空值比例=0.00%, 零值比例=0.00%
2025-07-30 20:37:45 - FeatureEng-20250730_202630 - INFO - --- 开始生成特征: cumulative_features ---
