2025-07-09 10:52:54 - FeatureEng-20250709_105254 - INFO - ========== Running Command: gen-feats ==========
2025-07-09 10:52:54 - FeatureEng-20250709_105254 - INFO - Args: {'command': 'gen-feats', 'funcs': None, 'base_file': None}
2025-07-09 10:52:54 - FeatureEng-20250709_105254 - INFO - =======================================
2025-07-09 10:52:56 - FeatureEng-20250709_105254 - INFO - 未指定特征函数，将运行所有 10 个非实验性特征。
2025-07-09 10:52:56 - FeatureEng-20250709_105254 - INFO - 未找到基础特征文件，将创建全新的特征集。
2025-07-09 10:52:56 - FeatureEng-20250709_105254 - INFO - 基础特征文件格式：(10001, 0)
2025-07-09 10:52:56 - FeatureEng-20250709_105254 - INFO - --- 开始生成特征: distribution_stats_features ---
2025-07-09 10:57:11 - FeatureEng-20250709_105254 - INFO - 'distribution_stats_features' 生成完毕，耗时: 255.37 秒。
2025-07-09 10:57:11 - FeatureEng-20250709_105254 - INFO -   新生成特征列名: ['mean_diff', 'median_diff', 'max_diff', 'min_diff', 'range_diff', 'std_diff', 'std_ratio', 'skew_diff', 'kurt_diff', 'cv_diff', 'rolling_std_diff', 'theil_sen_slope_diff']
2025-07-09 10:57:11 - FeatureEng-20250709_105254 - INFO -     - 'mean_diff': 空值比例=0.00%, 零值比例=0.00%
2025-07-09 10:57:11 - FeatureEng-20250709_105254 - INFO -     - 'median_diff': 空值比例=0.00%, 零值比例=0.00%
2025-07-09 10:57:11 - FeatureEng-20250709_105254 - INFO -     - 'max_diff': 空值比例=0.00%, 零值比例=0.04%
2025-07-09 10:57:11 - FeatureEng-20250709_105254 - INFO -     - 'min_diff': 空值比例=0.00%, 零值比例=0.06%
2025-07-09 10:57:11 - FeatureEng-20250709_105254 - INFO -     - 'range_diff': 空值比例=0.00%, 零值比例=0.00%
2025-07-09 10:57:11 - FeatureEng-20250709_105254 - INFO -     - 'std_diff': 空值比例=0.00%, 零值比例=0.00%
2025-07-09 10:57:11 - FeatureEng-20250709_105254 - INFO -     - 'std_ratio': 空值比例=0.00%, 零值比例=0.00%
2025-07-09 10:57:11 - FeatureEng-20250709_105254 - INFO -     - 'skew_diff': 空值比例=0.00%, 零值比例=0.00%
2025-07-09 10:57:11 - FeatureEng-20250709_105254 - INFO -     - 'kurt_diff': 空值比例=0.00%, 零值比例=0.00%
2025-07-09 10:57:11 - FeatureEng-20250709_105254 - INFO -     - 'cv_diff': 空值比例=0.00%, 零值比例=0.13%
2025-07-09 10:57:11 - FeatureEng-20250709_105254 - INFO -     - 'rolling_std_diff': 空值比例=0.00%, 零值比例=0.00%
2025-07-09 10:57:11 - FeatureEng-20250709_105254 - INFO -     - 'theil_sen_slope_diff': 空值比例=0.00%, 零值比例=0.03%
2025-07-09 10:57:11 - FeatureEng-20250709_105254 - INFO - 
Number of new features: 12
2025-07-09 10:57:11 - FeatureEng-20250709_105254 - INFO - Number of loaded features: 0
2025-07-09 10:57:11 - FeatureEng-20250709_105254 - INFO - 
No new features show high correlation (|corr| > 0.7) with loaded features.
2025-07-09 10:57:11 - FeatureEng-20250709_105254 - INFO - 
No new features exceeded threshold |corr| > 0.95, nothing dropped.
2025-07-09 10:57:11 - FeatureEng-20250709_105254 - INFO - --- 开始生成特征: test_stats_features ---
2025-07-09 10:58:41 - FeatureEng-20250709_105254 - INFO - 'test_stats_features' 生成完毕，耗时: 90.06 秒。
2025-07-09 10:58:41 - FeatureEng-20250709_105254 - INFO -   新生成特征列名: ['ks_stat', 'ks_pvalue', 'ttest_pvalue', 'ad_stat', 'ad_pvalue', 'mannwhitney_stat', 'mannwhitney_pvalue', 'wilcoxon_stat', 'wilcoxon_pvalue', 'levene_stat', 'levene_pvalue', 'bartlett_stat', 'bartlett_pvalue', 'shapiro_pvalue_0', 'shapiro_pvalue_1', 'shapiro_pvalue_diff', 'jb_pvalue_0', 'jb_pvalue_1', 'jb_pvalue_diff', 'kpss_pvalue_0', 'kpss_pvalue_1', 'kpss_pvalue_diff', 'kpss_stat_diff', 'adf_pvalue_0', 'adf_pvalue_1', 'adf_pvalue_diff', 'adf_stat_diff', 'adf_icbest_diff']
2025-07-09 10:58:41 - FeatureEng-20250709_105254 - INFO -     - 'ks_stat': 空值比例=0.00%, 零值比例=0.00%
2025-07-09 10:58:41 - FeatureEng-20250709_105254 - INFO -     - 'ks_pvalue': 空值比例=0.00%, 零值比例=0.00%
2025-07-09 10:58:41 - FeatureEng-20250709_105254 - INFO -     - 'ttest_pvalue': 空值比例=0.00%, 零值比例=0.00%
2025-07-09 10:58:41 - FeatureEng-20250709_105254 - INFO -     - 'ad_stat': 空值比例=0.00%, 零值比例=0.00%
2025-07-09 10:58:41 - FeatureEng-20250709_105254 - INFO -     - 'ad_pvalue': 空值比例=0.00%, 零值比例=0.00%
2025-07-09 10:58:41 - FeatureEng-20250709_105254 - INFO -     - 'mannwhitney_stat': 空值比例=0.00%, 零值比例=0.00%
2025-07-09 10:58:41 - FeatureEng-20250709_105254 - INFO -     - 'mannwhitney_pvalue': 空值比例=0.00%, 零值比例=0.00%
2025-07-09 10:58:41 - FeatureEng-20250709_105254 - INFO -     - 'wilcoxon_stat': 空值比例=0.00%, 零值比例=0.00%
2025-07-09 10:58:41 - FeatureEng-20250709_105254 - INFO -     - 'wilcoxon_pvalue': 空值比例=0.00%, 零值比例=0.00%
2025-07-09 10:58:41 - FeatureEng-20250709_105254 - INFO -     - 'levene_stat': 空值比例=0.00%, 零值比例=0.00%
2025-07-09 10:58:41 - FeatureEng-20250709_105254 - INFO -     - 'levene_pvalue': 空值比例=0.00%, 零值比例=0.02%
2025-07-09 10:58:41 - FeatureEng-20250709_105254 - INFO -     - 'bartlett_stat': 空值比例=0.00%, 零值比例=0.00%
2025-07-09 10:58:41 - FeatureEng-20250709_105254 - INFO -     - 'bartlett_pvalue': 空值比例=0.00%, 零值比例=1.28%
2025-07-09 10:58:41 - FeatureEng-20250709_105254 - INFO -     - 'shapiro_pvalue_0': 空值比例=0.00%, 零值比例=0.00%
2025-07-09 10:58:41 - FeatureEng-20250709_105254 - INFO -     - 'shapiro_pvalue_1': 空值比例=0.00%, 零值比例=0.00%
2025-07-09 10:58:41 - FeatureEng-20250709_105254 - INFO -     - 'shapiro_pvalue_diff': 空值比例=0.00%, 零值比例=0.00%
2025-07-09 10:58:41 - FeatureEng-20250709_105254 - INFO -     - 'jb_pvalue_0': 空值比例=0.00%, 零值比例=41.56%
2025-07-09 10:58:41 - FeatureEng-20250709_105254 - INFO -     - 'jb_pvalue_1': 空值比例=0.00%, 零值比例=25.93%
2025-07-09 10:58:41 - FeatureEng-20250709_105254 - INFO -     - 'jb_pvalue_diff': 空值比例=0.00%, 零值比例=18.02%
2025-07-09 10:58:41 - FeatureEng-20250709_105254 - INFO -     - 'kpss_pvalue_0': 空值比例=0.00%, 零值比例=0.00%
2025-07-09 10:58:41 - FeatureEng-20250709_105254 - INFO -     - 'kpss_pvalue_1': 空值比例=0.00%, 零值比例=0.00%
2025-07-09 10:58:41 - FeatureEng-20250709_105254 - INFO -     - 'kpss_pvalue_diff': 空值比例=0.00%, 零值比例=81.62%
2025-07-09 10:58:41 - FeatureEng-20250709_105254 - INFO -     - 'kpss_stat_diff': 空值比例=0.00%, 零值比例=0.00%
2025-07-09 10:58:41 - FeatureEng-20250709_105254 - INFO -     - 'adf_pvalue_0': 空值比例=0.00%, 零值比例=61.73%
2025-07-09 10:58:41 - FeatureEng-20250709_105254 - INFO -     - 'adf_pvalue_1': 空值比例=0.00%, 零值比例=39.52%
2025-07-09 10:58:41 - FeatureEng-20250709_105254 - INFO -     - 'adf_pvalue_diff': 空值比例=0.00%, 零值比例=26.41%
2025-07-09 10:58:41 - FeatureEng-20250709_105254 - INFO -     - 'adf_stat_diff': 空值比例=0.00%, 零值比例=0.00%
2025-07-09 10:58:41 - FeatureEng-20250709_105254 - INFO -     - 'adf_icbest_diff': 空值比例=0.00%, 零值比例=0.00%
2025-07-09 10:58:41 - FeatureEng-20250709_105254 - INFO - 
Number of new features: 28
2025-07-09 10:58:41 - FeatureEng-20250709_105254 - INFO - Number of loaded features: 12
2025-07-09 10:58:41 - FeatureEng-20250709_105254 - INFO - 
No new features show high correlation (|corr| > 0.7) with loaded features.
2025-07-09 10:58:41 - FeatureEng-20250709_105254 - INFO - 
No new features exceeded threshold |corr| > 0.95, nothing dropped.
2025-07-09 10:58:41 - FeatureEng-20250709_105254 - INFO - --- 开始生成特征: cumulative_features ---
2025-07-09 10:58:47 - FeatureEng-20250709_105254 - INFO - 'cumulative_features' 生成完毕，耗时: 5.82 秒。
2025-07-09 10:58:47 - FeatureEng-20250709_105254 - INFO -   新生成特征列名: ['sum_diff', 'cumsum_max_diff']
2025-07-09 10:58:47 - FeatureEng-20250709_105254 - INFO -     - 'sum_diff': 空值比例=0.00%, 零值比例=0.00%
2025-07-09 10:58:47 - FeatureEng-20250709_105254 - INFO -     - 'cumsum_max_diff': 空值比例=0.00%, 零值比例=0.00%
2025-07-09 10:58:47 - FeatureEng-20250709_105254 - INFO - 
Number of new features: 2
2025-07-09 10:58:47 - FeatureEng-20250709_105254 - INFO - Number of loaded features: 40
2025-07-09 10:58:47 - FeatureEng-20250709_105254 - INFO - 
New features with high correlation (|corr| > 0.7) to loaded features:
2025-07-09 10:58:47 - FeatureEng-20250709_105254 - INFO - 
sum_diff is highly correlated with:
2025-07-09 10:58:47 - FeatureEng-20250709_105254 - INFO -   - mean_diff: 0.846
2025-07-09 10:58:47 - FeatureEng-20250709_105254 - INFO -   - std_diff: 0.743
2025-07-09 10:58:47 - FeatureEng-20250709_105254 - INFO -   - adf_pvalue_0: -0.734
2025-07-09 10:58:47 - FeatureEng-20250709_105254 - INFO - 
cumsum_max_diff is highly correlated with:
2025-07-09 10:58:47 - FeatureEng-20250709_105254 - INFO -   - mean_diff: 0.843
2025-07-09 10:58:47 - FeatureEng-20250709_105254 - INFO -   - std_diff: 0.745
2025-07-09 10:58:47 - FeatureEng-20250709_105254 - INFO -   - adf_pvalue_0: -0.736
2025-07-09 10:58:47 - FeatureEng-20250709_105254 - INFO - 
No new features exceeded threshold |corr| > 0.95, nothing dropped.
2025-07-09 10:58:47 - FeatureEng-20250709_105254 - INFO - --- 开始生成特征: oscillation_features ---
2025-07-09 10:58:53 - FeatureEng-20250709_105254 - INFO - 'oscillation_features' 生成完毕，耗时: 5.68 秒。
2025-07-09 10:58:53 - FeatureEng-20250709_105254 - INFO -   新生成特征列名: ['zero_cross_diff', 'autocorr_lag1_diff', 'diff_var_diff']
2025-07-09 10:58:53 - FeatureEng-20250709_105254 - INFO -     - 'zero_cross_diff': 空值比例=0.00%, 零值比例=0.00%
2025-07-09 10:58:53 - FeatureEng-20250709_105254 - INFO -     - 'autocorr_lag1_diff': 空值比例=0.00%, 零值比例=0.00%
2025-07-09 10:58:53 - FeatureEng-20250709_105254 - INFO -     - 'diff_var_diff': 空值比例=0.00%, 零值比例=0.00%
2025-07-09 10:58:53 - FeatureEng-20250709_105254 - INFO - 
Number of new features: 3
2025-07-09 10:58:53 - FeatureEng-20250709_105254 - INFO - Number of loaded features: 42
2025-07-09 10:58:53 - FeatureEng-20250709_105254 - INFO - 
New features with high correlation (|corr| > 0.7) to loaded features:
2025-07-09 10:58:53 - FeatureEng-20250709_105254 - INFO - 
diff_var_diff is highly correlated with:
2025-07-09 10:58:53 - FeatureEng-20250709_105254 - INFO -   - max_diff: -0.976
2025-07-09 10:58:53 - FeatureEng-20250709_105254 - INFO -   - range_diff: -0.975
2025-07-09 10:58:53 - FeatureEng-20250709_105254 - INFO -   - std_diff: 0.934
2025-07-09 10:58:53 - FeatureEng-20250709_105254 - INFO - 
Dropping 1 new features with |corr| > 0.95:
2025-07-09 10:58:53 - FeatureEng-20250709_105254 - INFO -   - diff_var_diff
2025-07-09 10:58:53 - FeatureEng-20250709_105254 - INFO - --- 开始生成特征: cyclic_features ---
2025-07-09 10:58:58 - FeatureEng-20250709_105254 - INFO - 'cyclic_features' 生成完毕，耗时: 4.56 秒。
2025-07-09 10:58:58 - FeatureEng-20250709_105254 - INFO -   新生成特征列名: ['dominant_freq_diff', 'max_power_diff']
2025-07-09 10:58:58 - FeatureEng-20250709_105254 - INFO -     - 'dominant_freq_diff': 空值比例=0.00%, 零值比例=0.00%
2025-07-09 10:58:58 - FeatureEng-20250709_105254 - INFO -     - 'max_power_diff': 空值比例=0.00%, 零值比例=0.00%
2025-07-09 10:58:58 - FeatureEng-20250709_105254 - INFO - 
Number of new features: 2
2025-07-09 10:58:58 - FeatureEng-20250709_105254 - INFO - Number of loaded features: 44
2025-07-09 10:58:58 - FeatureEng-20250709_105254 - INFO - 
New features with high correlation (|corr| > 0.7) to loaded features:
2025-07-09 10:58:58 - FeatureEng-20250709_105254 - INFO - 
max_power_diff is highly correlated with:
2025-07-09 10:58:58 - FeatureEng-20250709_105254 - INFO -   - adf_pvalue_0: -0.907
2025-07-09 10:58:58 - FeatureEng-20250709_105254 - INFO -   - sum_diff: 0.922
2025-07-09 10:58:58 - FeatureEng-20250709_105254 - INFO -   - cumsum_max_diff: 0.924
2025-07-09 10:58:58 - FeatureEng-20250709_105254 - INFO - 
No new features exceeded threshold |corr| > 0.95, nothing dropped.
2025-07-09 10:58:58 - FeatureEng-20250709_105254 - INFO - --- 开始生成特征: amplitude_features ---
2025-07-09 10:59:02 - FeatureEng-20250709_105254 - INFO - 'amplitude_features' 生成完毕，耗时: 4.89 秒。
2025-07-09 10:59:02 - FeatureEng-20250709_105254 - INFO -   新生成特征列名: ['ptp_diff', 'iqr_diff']
2025-07-09 10:59:02 - FeatureEng-20250709_105254 - INFO -     - 'ptp_diff': 空值比例=0.00%, 零值比例=0.00%
2025-07-09 10:59:02 - FeatureEng-20250709_105254 - INFO -     - 'iqr_diff': 空值比例=0.00%, 零值比例=0.00%
2025-07-09 10:59:02 - FeatureEng-20250709_105254 - INFO - 
Number of new features: 2
2025-07-09 10:59:02 - FeatureEng-20250709_105254 - INFO - Number of loaded features: 46
2025-07-09 10:59:03 - FeatureEng-20250709_105254 - INFO - 
New features with high correlation (|corr| > 0.7) to loaded features:
2025-07-09 10:59:03 - FeatureEng-20250709_105254 - INFO - 
ptp_diff is highly correlated with:
2025-07-09 10:59:03 - FeatureEng-20250709_105254 - INFO -   - max_diff: -1.000
2025-07-09 10:59:03 - FeatureEng-20250709_105254 - INFO -   - range_diff: -1.000
2025-07-09 10:59:03 - FeatureEng-20250709_105254 - INFO -   - std_diff: 0.968
2025-07-09 10:59:03 - FeatureEng-20250709_105254 - INFO - 
iqr_diff is highly correlated with:
2025-07-09 10:59:03 - FeatureEng-20250709_105254 - INFO -   - rolling_std_diff: 0.831
2025-07-09 10:59:03 - FeatureEng-20250709_105254 - INFO - 
Dropping 1 new features with |corr| > 0.95:
2025-07-09 10:59:03 - FeatureEng-20250709_105254 - INFO -   - ptp_diff
2025-07-09 10:59:03 - FeatureEng-20250709_105254 - INFO - --- 开始生成特征: volatility_of_volatility_features ---
2025-07-09 10:59:07 - FeatureEng-20250709_105254 - INFO - 'volatility_of_volatility_features' 生成完毕，耗时: 4.30 秒。
2025-07-09 10:59:07 - FeatureEng-20250709_105254 - INFO -   新生成特征列名: ['rolling_std_w50_mean_diff']
2025-07-09 10:59:07 - FeatureEng-20250709_105254 - INFO -     - 'rolling_std_w50_mean_diff': 空值比例=0.00%, 零值比例=0.00%
2025-07-09 10:59:07 - FeatureEng-20250709_105254 - INFO - 
Number of new features: 1
2025-07-09 10:59:07 - FeatureEng-20250709_105254 - INFO - Number of loaded features: 47
2025-07-09 10:59:07 - FeatureEng-20250709_105254 - INFO - 
New features with high correlation (|corr| > 0.7) to loaded features:
2025-07-09 10:59:07 - FeatureEng-20250709_105254 - INFO - 
rolling_std_w50_mean_diff is highly correlated with:
2025-07-09 10:59:07 - FeatureEng-20250709_105254 - INFO -   - mean_diff: 0.726
2025-07-09 10:59:07 - FeatureEng-20250709_105254 - INFO -   - max_diff: -0.748
2025-07-09 10:59:07 - FeatureEng-20250709_105254 - INFO -   - range_diff: -0.753
2025-07-09 10:59:07 - FeatureEng-20250709_105254 - INFO -   - std_diff: 0.845
2025-07-09 10:59:07 - FeatureEng-20250709_105254 - INFO -   - rolling_std_diff: 0.908
2025-07-09 10:59:07 - FeatureEng-20250709_105254 - INFO - 
No new features exceeded threshold |corr| > 0.95, nothing dropped.
2025-07-09 10:59:07 - FeatureEng-20250709_105254 - INFO - --- 开始生成特征: entropy_features ---
2025-07-09 11:00:01 - FeatureEng-20250709_105254 - INFO - 'entropy_features' 生成完毕，耗时: 53.89 秒。
2025-07-09 11:00:01 - FeatureEng-20250709_105254 - INFO -   新生成特征列名: ['shannon_entropy_0', 'shannon_entropy_1', 'shannon_entropy_diff', 'perm_entropy_0', 'perm_entropy_1', 'perm_entropy_diff', 'spectral_entropy_0', 'spectral_entropy_1', 'spectral_entropy_diff', 'svd_entropy_0', 'svd_entropy_1', 'svd_entropy_diff', 'approx_entropy_0', 'approx_entropy_1', 'approx_entropy_diff', 'sample_entropy_0', 'sample_entropy_1', 'sample_entropy_diff', 'hjorth_mobility_0', 'hjorth_complexity_0', 'hjorth_mobility_1', 'hjorth_complexity_1', 'hjorth_mobility_diff', 'hjorth_complexity_diff', 'num_zerocross_0', 'num_zerocross_1', 'num_zerocross_diff', 'lziv_complexity_0', 'lziv_complexity_1', 'lziv_complexity_diff', 'cond_entropy_0', 'cond_entropy_1', 'cond_entropy_diff']
2025-07-09 11:00:01 - FeatureEng-20250709_105254 - INFO -     - 'shannon_entropy_0': 空值比例=0.00%, 零值比例=0.00%
2025-07-09 11:00:01 - FeatureEng-20250709_105254 - INFO -     - 'shannon_entropy_1': 空值比例=0.00%, 零值比例=0.00%
2025-07-09 11:00:01 - FeatureEng-20250709_105254 - INFO -     - 'shannon_entropy_diff': 空值比例=0.00%, 零值比例=0.00%
2025-07-09 11:00:01 - FeatureEng-20250709_105254 - INFO -     - 'perm_entropy_0': 空值比例=0.00%, 零值比例=0.00%
2025-07-09 11:00:01 - FeatureEng-20250709_105254 - INFO -     - 'perm_entropy_1': 空值比例=0.00%, 零值比例=0.00%
2025-07-09 11:00:01 - FeatureEng-20250709_105254 - INFO -     - 'perm_entropy_diff': 空值比例=0.00%, 零值比例=0.00%
2025-07-09 11:00:01 - FeatureEng-20250709_105254 - INFO -     - 'spectral_entropy_0': 空值比例=0.00%, 零值比例=0.00%
2025-07-09 11:00:01 - FeatureEng-20250709_105254 - INFO -     - 'spectral_entropy_1': 空值比例=0.00%, 零值比例=0.00%
2025-07-09 11:00:01 - FeatureEng-20250709_105254 - INFO -     - 'spectral_entropy_diff': 空值比例=0.00%, 零值比例=0.00%
2025-07-09 11:00:01 - FeatureEng-20250709_105254 - INFO -     - 'svd_entropy_0': 空值比例=0.00%, 零值比例=0.00%
2025-07-09 11:00:01 - FeatureEng-20250709_105254 - INFO -     - 'svd_entropy_1': 空值比例=0.00%, 零值比例=0.00%
2025-07-09 11:00:01 - FeatureEng-20250709_105254 - INFO -     - 'svd_entropy_diff': 空值比例=0.00%, 零值比例=0.00%
2025-07-09 11:00:01 - FeatureEng-20250709_105254 - INFO -     - 'approx_entropy_0': 空值比例=0.00%, 零值比例=0.00%
2025-07-09 11:00:01 - FeatureEng-20250709_105254 - INFO -     - 'approx_entropy_1': 空值比例=0.00%, 零值比例=0.00%
2025-07-09 11:00:01 - FeatureEng-20250709_105254 - INFO -     - 'approx_entropy_diff': 空值比例=0.00%, 零值比例=0.00%
2025-07-09 11:00:01 - FeatureEng-20250709_105254 - INFO -     - 'sample_entropy_0': 空值比例=0.00%, 零值比例=0.00%
2025-07-09 11:00:01 - FeatureEng-20250709_105254 - INFO -     - 'sample_entropy_1': 空值比例=0.00%, 零值比例=0.00%
2025-07-09 11:00:01 - FeatureEng-20250709_105254 - INFO -     - 'sample_entropy_diff': 空值比例=0.00%, 零值比例=0.00%
2025-07-09 11:00:01 - FeatureEng-20250709_105254 - INFO -     - 'hjorth_mobility_0': 空值比例=0.00%, 零值比例=0.00%
2025-07-09 11:00:01 - FeatureEng-20250709_105254 - INFO -     - 'hjorth_complexity_0': 空值比例=0.00%, 零值比例=0.00%
2025-07-09 11:00:01 - FeatureEng-20250709_105254 - INFO -     - 'hjorth_mobility_1': 空值比例=0.00%, 零值比例=0.00%
2025-07-09 11:00:01 - FeatureEng-20250709_105254 - INFO -     - 'hjorth_complexity_1': 空值比例=0.00%, 零值比例=0.00%
2025-07-09 11:00:01 - FeatureEng-20250709_105254 - INFO -     - 'hjorth_mobility_diff': 空值比例=0.00%, 零值比例=0.00%
2025-07-09 11:00:01 - FeatureEng-20250709_105254 - INFO -     - 'hjorth_complexity_diff': 空值比例=0.00%, 零值比例=0.00%
2025-07-09 11:00:01 - FeatureEng-20250709_105254 - INFO -     - 'num_zerocross_0': 空值比例=0.00%, 零值比例=0.00%
2025-07-09 11:00:01 - FeatureEng-20250709_105254 - INFO -     - 'num_zerocross_1': 空值比例=0.00%, 零值比例=0.00%
2025-07-09 11:00:01 - FeatureEng-20250709_105254 - INFO -     - 'num_zerocross_diff': 空值比例=0.00%, 零值比例=0.00%
2025-07-09 11:00:01 - FeatureEng-20250709_105254 - INFO -     - 'lziv_complexity_0': 空值比例=0.00%, 零值比例=0.00%
2025-07-09 11:00:01 - FeatureEng-20250709_105254 - INFO -     - 'lziv_complexity_1': 空值比例=0.00%, 零值比例=0.00%
2025-07-09 11:00:01 - FeatureEng-20250709_105254 - INFO -     - 'lziv_complexity_diff': 空值比例=0.00%, 零值比例=0.00%
2025-07-09 11:00:01 - FeatureEng-20250709_105254 - INFO -     - 'cond_entropy_0': 空值比例=0.00%, 零值比例=0.00%
2025-07-09 11:00:01 - FeatureEng-20250709_105254 - INFO -     - 'cond_entropy_1': 空值比例=0.00%, 零值比例=0.00%
2025-07-09 11:00:01 - FeatureEng-20250709_105254 - INFO -     - 'cond_entropy_diff': 空值比例=0.00%, 零值比例=0.00%
2025-07-09 11:00:01 - FeatureEng-20250709_105254 - INFO - 
Number of new features: 33
2025-07-09 11:00:01 - FeatureEng-20250709_105254 - INFO - Number of loaded features: 48
2025-07-09 11:00:01 - FeatureEng-20250709_105254 - INFO - 
New features with high correlation (|corr| > 0.7) to loaded features:
2025-07-09 11:00:01 - FeatureEng-20250709_105254 - INFO - 
shannon_entropy_diff is highly correlated with:
2025-07-09 11:00:01 - FeatureEng-20250709_105254 - INFO -   - zero_cross_diff: 0.703
2025-07-09 11:00:01 - FeatureEng-20250709_105254 - INFO - 
hjorth_mobility_diff is highly correlated with:
2025-07-09 11:00:01 - FeatureEng-20250709_105254 - INFO -   - autocorr_lag1_diff: -0.996
2025-07-09 11:00:01 - FeatureEng-20250709_105254 - INFO - 
hjorth_complexity_diff is highly correlated with:
2025-07-09 11:00:01 - FeatureEng-20250709_105254 - INFO -   - autocorr_lag1_diff: 0.892
2025-07-09 11:00:01 - FeatureEng-20250709_105254 - INFO - 
num_zerocross_0 is highly correlated with:
2025-07-09 11:00:01 - FeatureEng-20250709_105254 - INFO -   - zero_cross_diff: -0.889
2025-07-09 11:00:01 - FeatureEng-20250709_105254 - INFO - 
num_zerocross_1 is highly correlated with:
2025-07-09 11:00:01 - FeatureEng-20250709_105254 - INFO -   - mannwhitney_stat: 0.757
2025-07-09 11:00:01 - FeatureEng-20250709_105254 - INFO - 
num_zerocross_diff is highly correlated with:
2025-07-09 11:00:01 - FeatureEng-20250709_105254 - INFO -   - zero_cross_diff: 0.996
2025-07-09 11:00:01 - FeatureEng-20250709_105254 - INFO - 
Dropping 2 new features with |corr| > 0.95:
2025-07-09 11:00:01 - FeatureEng-20250709_105254 - INFO -   - hjorth_mobility_diff
2025-07-09 11:00:01 - FeatureEng-20250709_105254 - INFO -   - num_zerocross_diff
2025-07-09 11:00:01 - FeatureEng-20250709_105254 - INFO - --- 开始生成特征: fractal_dimension_features ---
2025-07-09 11:00:06 - FeatureEng-20250709_105254 - INFO - 'fractal_dimension_features' 生成完毕，耗时: 4.88 秒。
2025-07-09 11:00:06 - FeatureEng-20250709_105254 - INFO -   新生成特征列名: ['petrosian_fd_diff', 'katz_fd_diff', 'higuchi_fd_diff', 'detrended_fluctuation_diff']
2025-07-09 11:00:06 - FeatureEng-20250709_105254 - INFO -     - 'petrosian_fd_diff': 空值比例=0.00%, 零值比例=0.00%
2025-07-09 11:00:06 - FeatureEng-20250709_105254 - INFO -     - 'katz_fd_diff': 空值比例=0.00%, 零值比例=0.00%
2025-07-09 11:00:06 - FeatureEng-20250709_105254 - INFO -     - 'higuchi_fd_diff': 空值比例=0.00%, 零值比例=0.00%
2025-07-09 11:00:06 - FeatureEng-20250709_105254 - INFO -     - 'detrended_fluctuation_diff': 空值比例=0.00%, 零值比例=0.00%
2025-07-09 11:00:06 - FeatureEng-20250709_105254 - INFO - 
Number of new features: 4
2025-07-09 11:00:06 - FeatureEng-20250709_105254 - INFO - Number of loaded features: 79
2025-07-09 11:00:06 - FeatureEng-20250709_105254 - INFO - 
New features with high correlation (|corr| > 0.7) to loaded features:
2025-07-09 11:00:06 - FeatureEng-20250709_105254 - INFO - 
petrosian_fd_diff is highly correlated with:
2025-07-09 11:00:06 - FeatureEng-20250709_105254 - INFO -   - shannon_entropy_diff: 0.783
2025-07-09 11:00:06 - FeatureEng-20250709_105254 - INFO -   - num_zerocross_1: 0.711
2025-07-09 11:00:06 - FeatureEng-20250709_105254 - INFO - 
No new features exceeded threshold |corr| > 0.95, nothing dropped.
2025-07-09 11:00:06 - FeatureEng-20250709_105254 - INFO - --- 开始生成特征: tsfresh_features ---
2025-07-09 11:01:23 - FeatureEng-20250709_105254 - INFO - 'tsfresh_features' 生成完毕，耗时: 77.25 秒。
2025-07-09 11:01:23 - FeatureEng-20250709_105254 - INFO -   新生成特征列名: ['ratio_value_number_to_time_series_length', 'ratio_beyond_r_sigma_6', 'ratio_beyond_r_sigma_1.5', 'quantile_0.6', 'quantile_0.4', 'quantile_0.1', 'percentage_of_reoccurring_values_to_all_values', 'percentage_of_reoccurring_datapoints_to_all_datapoints', 'last_location_of_maximum', 'first_location_of_maximum', 'partial_autocorrelation_lag_2', 'linear_trend_attr_"slope"', 'linear_trend_attr_"rvalue"', 'linear_trend_attr_"intercept"', 'fft_coefficient_attr_"imag"__coeff_3', 'fft_coefficient_attr_"imag"__coeff_2', 'fft_coefficient_attr_"imag"__coeff_1', 'change_quantiles_f_agg_var_isabs_True_qh_1.0_ql_0.4', 'change_quantiles_f_agg_var_isabs_True_qh_1.0_ql_0.2', 'change_quantiles_f_agg_var_isabs_True_qh_0.8_ql_0.6', 'change_quantiles_f_agg_var_isabs_True_qh_0.8_ql_0.4', 'change_quantiles_f_agg_var_isabs_True_qh_0.8_ql_0.2', 'change_quantiles_f_agg_var_isabs_True_qh_0.6_ql_0.4', 'change_quantiles_f_agg_var_isabs_True_qh_0.6_ql_0.2', 'change_quantiles_f_agg_var_isabs_True_qh_0.4_ql_0.2', 'change_quantiles_f_agg_var_isabs_False_qh_1.0_ql_0.4', 'change_quantiles_f_agg_var_isabs_False_qh_1.0_ql_0.2', 'change_quantiles_f_agg_var_isabs_False_qh_0.8_ql_0.4', 'change_quantiles_f_agg_var_isabs_False_qh_0.8_ql_0.2', 'change_quantiles_f_agg_var_isabs_False_qh_0.8_ql_0.0', 'change_quantiles_f_agg_var_isabs_False_qh_0.6_ql_0.4', 'change_quantiles_f_agg_var_isabs_False_qh_0.6_ql_0.2', 'change_quantiles_f_agg_var_isabs_False_qh_0.4_ql_0.2', 'change_quantiles_f_agg_mean_isabs_True_qh_1.0_ql_0.4', 'change_quantiles_f_agg_mean_isabs_True_qh_0.6_ql_0.4', 'ar_coefficient_coeff_2__k_10', 'agg_linear_trend_attr_"slope"__chunk_len_50__f_agg_"mean"', 'agg_linear_trend_attr_"slope"__chunk_len_5__f_agg_"mean"', 'agg_linear_trend_attr_"slope"__chunk_len_10__f_agg_"mean"', 'agg_linear_trend_attr_"rvalue"__chunk_len_50__f_agg_"mean"', 'agg_linear_trend_attr_"rvalue"__chunk_len_50__f_agg_"max"', 'agg_linear_trend_attr_"rvalue"__chunk_len_5__f_agg_"mean"', 'agg_linear_trend_attr_"rvalue"__chunk_len_5__f_agg_"max"', 'agg_linear_trend_attr_"rvalue"__chunk_len_10__f_agg_"mean"', 'agg_linear_trend_attr_"rvalue"__chunk_len_10__f_agg_"max"', 'agg_linear_trend_attr_"intercept"__chunk_len_50__f_agg_"mean"', 'agg_linear_trend_attr_"intercept"__chunk_len_50__f_agg_"max"', 'agg_linear_trend_attr_"intercept"__chunk_len_5__f_agg_"mean"', 'agg_linear_trend_attr_"intercept"__chunk_len_5__f_agg_"max"', 'agg_linear_trend_attr_"intercept"__chunk_len_10__f_agg_"mean"', 'agg_linear_trend_attr_"intercept"__chunk_len_10__f_agg_"max"']
2025-07-09 11:01:23 - FeatureEng-20250709_105254 - INFO -     - 'ratio_value_number_to_time_series_length': 空值比例=0.00%, 零值比例=74.90%
2025-07-09 11:01:23 - FeatureEng-20250709_105254 - INFO -     - 'ratio_beyond_r_sigma_6': 空值比例=0.00%, 零值比例=36.36%
2025-07-09 11:01:23 - FeatureEng-20250709_105254 - INFO -     - 'ratio_beyond_r_sigma_1.5': 空值比例=0.00%, 零值比例=0.00%
2025-07-09 11:01:23 - FeatureEng-20250709_105254 - INFO -     - 'quantile_0.6': 空值比例=0.00%, 零值比例=0.00%
2025-07-09 11:01:23 - FeatureEng-20250709_105254 - INFO -     - 'quantile_0.4': 空值比例=0.00%, 零值比例=0.01%
2025-07-09 11:01:23 - FeatureEng-20250709_105254 - INFO -     - 'quantile_0.1': 空值比例=0.00%, 零值比例=0.00%
2025-07-09 11:01:23 - FeatureEng-20250709_105254 - INFO -     - 'percentage_of_reoccurring_values_to_all_values': 空值比例=0.00%, 零值比例=74.90%
2025-07-09 11:01:23 - FeatureEng-20250709_105254 - INFO -     - 'percentage_of_reoccurring_datapoints_to_all_datapoints': 空值比例=0.00%, 零值比例=74.90%
2025-07-09 11:01:23 - FeatureEng-20250709_105254 - INFO -     - 'last_location_of_maximum': 空值比例=0.00%, 零值比例=0.00%
2025-07-09 11:01:23 - FeatureEng-20250709_105254 - INFO -     - 'first_location_of_maximum': 空值比例=0.00%, 零值比例=0.00%
2025-07-09 11:01:23 - FeatureEng-20250709_105254 - INFO -     - 'partial_autocorrelation_lag_2': 空值比例=0.00%, 零值比例=0.00%
2025-07-09 11:01:23 - FeatureEng-20250709_105254 - INFO -     - 'linear_trend_attr_"slope"': 空值比例=0.00%, 零值比例=0.00%
2025-07-09 11:01:23 - FeatureEng-20250709_105254 - INFO -     - 'linear_trend_attr_"rvalue"': 空值比例=0.00%, 零值比例=0.00%
2025-07-09 11:01:23 - FeatureEng-20250709_105254 - INFO -     - 'linear_trend_attr_"intercept"': 空值比例=0.00%, 零值比例=0.00%
2025-07-09 11:01:23 - FeatureEng-20250709_105254 - INFO -     - 'fft_coefficient_attr_"imag"__coeff_3': 空值比例=0.00%, 零值比例=0.00%
2025-07-09 11:01:23 - FeatureEng-20250709_105254 - INFO -     - 'fft_coefficient_attr_"imag"__coeff_2': 空值比例=0.00%, 零值比例=0.00%
2025-07-09 11:01:23 - FeatureEng-20250709_105254 - INFO -     - 'fft_coefficient_attr_"imag"__coeff_1': 空值比例=0.00%, 零值比例=0.00%
2025-07-09 11:01:23 - FeatureEng-20250709_105254 - INFO -     - 'change_quantiles_f_agg_var_isabs_True_qh_1.0_ql_0.4': 空值比例=0.00%, 零值比例=0.00%
2025-07-09 11:01:23 - FeatureEng-20250709_105254 - INFO -     - 'change_quantiles_f_agg_var_isabs_True_qh_1.0_ql_0.2': 空值比例=0.00%, 零值比例=0.00%
2025-07-09 11:01:23 - FeatureEng-20250709_105254 - INFO -     - 'change_quantiles_f_agg_var_isabs_True_qh_0.8_ql_0.6': 空值比例=0.00%, 零值比例=0.00%
2025-07-09 11:01:23 - FeatureEng-20250709_105254 - INFO -     - 'change_quantiles_f_agg_var_isabs_True_qh_0.8_ql_0.4': 空值比例=0.00%, 零值比例=0.00%
2025-07-09 11:01:23 - FeatureEng-20250709_105254 - INFO -     - 'change_quantiles_f_agg_var_isabs_True_qh_0.8_ql_0.2': 空值比例=0.00%, 零值比例=0.00%
2025-07-09 11:01:23 - FeatureEng-20250709_105254 - INFO -     - 'change_quantiles_f_agg_var_isabs_True_qh_0.6_ql_0.4': 空值比例=0.00%, 零值比例=0.00%
2025-07-09 11:01:23 - FeatureEng-20250709_105254 - INFO -     - 'change_quantiles_f_agg_var_isabs_True_qh_0.6_ql_0.2': 空值比例=0.00%, 零值比例=0.00%
2025-07-09 11:01:23 - FeatureEng-20250709_105254 - INFO -     - 'change_quantiles_f_agg_var_isabs_True_qh_0.4_ql_0.2': 空值比例=0.00%, 零值比例=0.00%
2025-07-09 11:01:23 - FeatureEng-20250709_105254 - INFO -     - 'change_quantiles_f_agg_var_isabs_False_qh_1.0_ql_0.4': 空值比例=0.00%, 零值比例=0.00%
2025-07-09 11:01:23 - FeatureEng-20250709_105254 - INFO -     - 'change_quantiles_f_agg_var_isabs_False_qh_1.0_ql_0.2': 空值比例=0.00%, 零值比例=0.00%
2025-07-09 11:01:23 - FeatureEng-20250709_105254 - INFO -     - 'change_quantiles_f_agg_var_isabs_False_qh_0.8_ql_0.4': 空值比例=0.00%, 零值比例=0.00%
2025-07-09 11:01:23 - FeatureEng-20250709_105254 - INFO -     - 'change_quantiles_f_agg_var_isabs_False_qh_0.8_ql_0.2': 空值比例=0.00%, 零值比例=0.00%
2025-07-09 11:01:23 - FeatureEng-20250709_105254 - INFO -     - 'change_quantiles_f_agg_var_isabs_False_qh_0.8_ql_0.0': 空值比例=0.00%, 零值比例=0.00%
2025-07-09 11:01:23 - FeatureEng-20250709_105254 - INFO -     - 'change_quantiles_f_agg_var_isabs_False_qh_0.6_ql_0.4': 空值比例=0.00%, 零值比例=0.00%
2025-07-09 11:01:23 - FeatureEng-20250709_105254 - INFO -     - 'change_quantiles_f_agg_var_isabs_False_qh_0.6_ql_0.2': 空值比例=0.00%, 零值比例=0.00%
2025-07-09 11:01:23 - FeatureEng-20250709_105254 - INFO -     - 'change_quantiles_f_agg_var_isabs_False_qh_0.4_ql_0.2': 空值比例=0.00%, 零值比例=0.00%
2025-07-09 11:01:23 - FeatureEng-20250709_105254 - INFO -     - 'change_quantiles_f_agg_mean_isabs_True_qh_1.0_ql_0.4': 空值比例=0.00%, 零值比例=0.00%
2025-07-09 11:01:23 - FeatureEng-20250709_105254 - INFO -     - 'change_quantiles_f_agg_mean_isabs_True_qh_0.6_ql_0.4': 空值比例=0.00%, 零值比例=0.00%
2025-07-09 11:01:23 - FeatureEng-20250709_105254 - INFO -     - 'ar_coefficient_coeff_2__k_10': 空值比例=0.00%, 零值比例=0.00%
2025-07-09 11:01:23 - FeatureEng-20250709_105254 - INFO -     - 'agg_linear_trend_attr_"slope"__chunk_len_50__f_agg_"mean"': 空值比例=0.00%, 零值比例=0.00%
2025-07-09 11:01:23 - FeatureEng-20250709_105254 - INFO -     - 'agg_linear_trend_attr_"slope"__chunk_len_5__f_agg_"mean"': 空值比例=0.00%, 零值比例=0.00%
2025-07-09 11:01:23 - FeatureEng-20250709_105254 - INFO -     - 'agg_linear_trend_attr_"slope"__chunk_len_10__f_agg_"mean"': 空值比例=0.00%, 零值比例=0.00%
2025-07-09 11:01:23 - FeatureEng-20250709_105254 - INFO -     - 'agg_linear_trend_attr_"rvalue"__chunk_len_50__f_agg_"mean"': 空值比例=0.00%, 零值比例=0.00%
2025-07-09 11:01:23 - FeatureEng-20250709_105254 - INFO -     - 'agg_linear_trend_attr_"rvalue"__chunk_len_50__f_agg_"max"': 空值比例=0.00%, 零值比例=0.00%
2025-07-09 11:01:23 - FeatureEng-20250709_105254 - INFO -     - 'agg_linear_trend_attr_"rvalue"__chunk_len_5__f_agg_"mean"': 空值比例=0.00%, 零值比例=0.00%
2025-07-09 11:01:23 - FeatureEng-20250709_105254 - INFO -     - 'agg_linear_trend_attr_"rvalue"__chunk_len_5__f_agg_"max"': 空值比例=0.00%, 零值比例=0.00%
2025-07-09 11:01:23 - FeatureEng-20250709_105254 - INFO -     - 'agg_linear_trend_attr_"rvalue"__chunk_len_10__f_agg_"mean"': 空值比例=0.00%, 零值比例=0.00%
2025-07-09 11:01:23 - FeatureEng-20250709_105254 - INFO -     - 'agg_linear_trend_attr_"rvalue"__chunk_len_10__f_agg_"max"': 空值比例=0.00%, 零值比例=0.00%
2025-07-09 11:01:23 - FeatureEng-20250709_105254 - INFO -     - 'agg_linear_trend_attr_"intercept"__chunk_len_50__f_agg_"mean"': 空值比例=0.00%, 零值比例=0.00%
2025-07-09 11:01:23 - FeatureEng-20250709_105254 - INFO -     - 'agg_linear_trend_attr_"intercept"__chunk_len_50__f_agg_"max"': 空值比例=0.00%, 零值比例=0.00%
2025-07-09 11:01:23 - FeatureEng-20250709_105254 - INFO -     - 'agg_linear_trend_attr_"intercept"__chunk_len_5__f_agg_"mean"': 空值比例=0.00%, 零值比例=0.00%
2025-07-09 11:01:23 - FeatureEng-20250709_105254 - INFO -     - 'agg_linear_trend_attr_"intercept"__chunk_len_5__f_agg_"max"': 空值比例=0.00%, 零值比例=0.00%
2025-07-09 11:01:23 - FeatureEng-20250709_105254 - INFO -     - 'agg_linear_trend_attr_"intercept"__chunk_len_10__f_agg_"mean"': 空值比例=0.00%, 零值比例=0.00%
2025-07-09 11:01:23 - FeatureEng-20250709_105254 - INFO -     - 'agg_linear_trend_attr_"intercept"__chunk_len_10__f_agg_"max"': 空值比例=0.00%, 零值比例=0.00%
2025-07-09 11:01:23 - FeatureEng-20250709_105254 - INFO - 
Number of new features: 51
2025-07-09 11:01:23 - FeatureEng-20250709_105254 - INFO - Number of loaded features: 83
2025-07-09 11:01:24 - FeatureEng-20250709_105254 - INFO - 
New features with high correlation (|corr| > 0.7) to loaded features:
2025-07-09 11:01:24 - FeatureEng-20250709_105254 - INFO - 
quantile_0.6 is highly correlated with:
2025-07-09 11:01:24 - FeatureEng-20250709_105254 - INFO -   - rolling_std_diff: 0.716
2025-07-09 11:01:24 - FeatureEng-20250709_105254 - INFO -   - iqr_diff: 0.887
2025-07-09 11:01:24 - FeatureEng-20250709_105254 - INFO - 
quantile_0.4 is highly correlated with:
2025-07-09 11:01:24 - FeatureEng-20250709_105254 - INFO -   - rolling_std_diff: -0.767
2025-07-09 11:01:24 - FeatureEng-20250709_105254 - INFO -   - iqr_diff: -0.918
2025-07-09 11:01:24 - FeatureEng-20250709_105254 - INFO - 
quantile_0.1 is highly correlated with:
2025-07-09 11:01:24 - FeatureEng-20250709_105254 - INFO -   - rolling_std_diff: -0.850
2025-07-09 11:01:24 - FeatureEng-20250709_105254 - INFO -   - iqr_diff: -0.950
2025-07-09 11:01:24 - FeatureEng-20250709_105254 - INFO - 
change_quantiles_f_agg_var_isabs_True_qh_0.8_ql_0.4 is highly correlated with:
2025-07-09 11:01:24 - FeatureEng-20250709_105254 - INFO -   - iqr_diff: 0.799
2025-07-09 11:01:24 - FeatureEng-20250709_105254 - INFO - 
change_quantiles_f_agg_var_isabs_True_qh_0.8_ql_0.2 is highly correlated with:
2025-07-09 11:01:24 - FeatureEng-20250709_105254 - INFO -   - iqr_diff: 0.764
2025-07-09 11:01:24 - FeatureEng-20250709_105254 - INFO - 
change_quantiles_f_agg_var_isabs_True_qh_0.6_ql_0.4 is highly correlated with:
2025-07-09 11:01:24 - FeatureEng-20250709_105254 - INFO -   - iqr_diff: 0.747
2025-07-09 11:01:24 - FeatureEng-20250709_105254 - INFO - 
change_quantiles_f_agg_var_isabs_True_qh_0.6_ql_0.2 is highly correlated with:
2025-07-09 11:01:24 - FeatureEng-20250709_105254 - INFO -   - iqr_diff: 0.835
2025-07-09 11:01:24 - FeatureEng-20250709_105254 - INFO - 
change_quantiles_f_agg_var_isabs_True_qh_0.4_ql_0.2 is highly correlated with:
2025-07-09 11:01:24 - FeatureEng-20250709_105254 - INFO -   - iqr_diff: 0.780
2025-07-09 11:01:24 - FeatureEng-20250709_105254 - INFO - 
change_quantiles_f_agg_var_isabs_False_qh_0.8_ql_0.4 is highly correlated with:
2025-07-09 11:01:24 - FeatureEng-20250709_105254 - INFO -   - iqr_diff: 0.768
2025-07-09 11:01:24 - FeatureEng-20250709_105254 - INFO - 
change_quantiles_f_agg_var_isabs_False_qh_0.8_ql_0.2 is highly correlated with:
2025-07-09 11:01:24 - FeatureEng-20250709_105254 - INFO -   - iqr_diff: 0.747
2025-07-09 11:01:24 - FeatureEng-20250709_105254 - INFO - 
change_quantiles_f_agg_var_isabs_False_qh_0.8_ql_0.0 is highly correlated with:
2025-07-09 11:01:24 - FeatureEng-20250709_105254 - INFO -   - rolling_std_diff: 0.706
2025-07-09 11:01:24 - FeatureEng-20250709_105254 - INFO -   - iqr_diff: 0.825
2025-07-09 11:01:24 - FeatureEng-20250709_105254 - INFO - 
change_quantiles_f_agg_var_isabs_False_qh_0.6_ql_0.2 is highly correlated with:
2025-07-09 11:01:24 - FeatureEng-20250709_105254 - INFO -   - iqr_diff: 0.783
2025-07-09 11:01:24 - FeatureEng-20250709_105254 - INFO - 
change_quantiles_f_agg_var_isabs_False_qh_0.4_ql_0.2 is highly correlated with:
2025-07-09 11:01:24 - FeatureEng-20250709_105254 - INFO -   - iqr_diff: 0.799
2025-07-09 11:01:24 - FeatureEng-20250709_105254 - INFO - 
change_quantiles_f_agg_mean_isabs_True_qh_1.0_ql_0.4 is highly correlated with:
2025-07-09 11:01:24 - FeatureEng-20250709_105254 - INFO -   - rolling_std_diff: 0.854
2025-07-09 11:01:24 - FeatureEng-20250709_105254 - INFO -   - iqr_diff: 0.891
2025-07-09 11:01:24 - FeatureEng-20250709_105254 - INFO - 
change_quantiles_f_agg_mean_isabs_True_qh_0.6_ql_0.4 is highly correlated with:
2025-07-09 11:01:24 - FeatureEng-20250709_105254 - INFO -   - rolling_std_diff: 0.713
2025-07-09 11:01:24 - FeatureEng-20250709_105254 - INFO -   - iqr_diff: 0.887
2025-07-09 11:01:24 - FeatureEng-20250709_105254 - INFO - 
agg_linear_trend_attr_"slope"__chunk_len_50__f_agg_"mean" is highly correlated with:
2025-07-09 11:01:24 - FeatureEng-20250709_105254 - INFO -   - std_ratio: 0.815
2025-07-09 11:01:24 - FeatureEng-20250709_105254 - INFO - 
agg_linear_trend_attr_"slope"__chunk_len_10__f_agg_"mean" is highly correlated with:
2025-07-09 11:01:24 - FeatureEng-20250709_105254 - INFO -   - mean_diff: 0.712
2025-07-09 11:01:24 - FeatureEng-20250709_105254 - INFO -   - std_ratio: 0.726
2025-07-09 11:01:24 - FeatureEng-20250709_105254 - INFO - 
agg_linear_trend_attr_"intercept"__chunk_len_50__f_agg_"mean" is highly correlated with:
2025-07-09 11:01:24 - FeatureEng-20250709_105254 - INFO -   - adf_pvalue_0: 0.734
2025-07-09 11:01:24 - FeatureEng-20250709_105254 - INFO - 
agg_linear_trend_attr_"intercept"__chunk_len_50__f_agg_"max" is highly correlated with:
2025-07-09 11:01:24 - FeatureEng-20250709_105254 - INFO -   - max_diff: -0.758
2025-07-09 11:01:24 - FeatureEng-20250709_105254 - INFO -   - range_diff: -0.760
2025-07-09 11:01:24 - FeatureEng-20250709_105254 - INFO -   - std_diff: 0.739
2025-07-09 11:01:24 - FeatureEng-20250709_105254 - INFO -   - rolling_std_w50_mean_diff: 0.714
2025-07-09 11:01:24 - FeatureEng-20250709_105254 - INFO - 
No new features exceeded threshold |corr| > 0.95, nothing dropped.
2025-07-09 11:01:24 - FeatureEng-20250709_105254 - INFO - 特征已保存到新文件: features_20250709_110124.parquet
2025-07-09 11:01:24 - FeatureEng-20250709_105254 - INFO - --- 生成后完整特征列表 ---
2025-07-09 11:01:24 - FeatureEng-20250709_105254 - INFO - ['mean_diff', 'median_diff', 'max_diff', 'min_diff', 'range_diff', 'std_diff', 'std_ratio', 'skew_diff', 'kurt_diff', 'cv_diff', 'rolling_std_diff', 'theil_sen_slope_diff', 'ks_stat', 'ks_pvalue', 'ttest_pvalue', 'ad_stat', 'ad_pvalue', 'mannwhitney_stat', 'mannwhitney_pvalue', 'wilcoxon_stat', 'wilcoxon_pvalue', 'levene_stat', 'levene_pvalue', 'bartlett_stat', 'bartlett_pvalue', 'shapiro_pvalue_0', 'shapiro_pvalue_1', 'shapiro_pvalue_diff', 'jb_pvalue_0', 'jb_pvalue_1', 'jb_pvalue_diff', 'kpss_pvalue_0', 'kpss_pvalue_1', 'kpss_pvalue_diff', 'kpss_stat_diff', 'adf_pvalue_0', 'adf_pvalue_1', 'adf_pvalue_diff', 'adf_stat_diff', 'adf_icbest_diff', 'sum_diff', 'cumsum_max_diff', 'zero_cross_diff', 'autocorr_lag1_diff', 'dominant_freq_diff', 'max_power_diff', 'iqr_diff', 'rolling_std_w50_mean_diff', 'shannon_entropy_0', 'shannon_entropy_1', 'shannon_entropy_diff', 'perm_entropy_0', 'perm_entropy_1', 'perm_entropy_diff', 'spectral_entropy_0', 'spectral_entropy_1', 'spectral_entropy_diff', 'svd_entropy_0', 'svd_entropy_1', 'svd_entropy_diff', 'approx_entropy_0', 'approx_entropy_1', 'approx_entropy_diff', 'sample_entropy_0', 'sample_entropy_1', 'sample_entropy_diff', 'hjorth_mobility_0', 'hjorth_complexity_0', 'hjorth_mobility_1', 'hjorth_complexity_1', 'hjorth_complexity_diff', 'num_zerocross_0', 'num_zerocross_1', 'lziv_complexity_0', 'lziv_complexity_1', 'lziv_complexity_diff', 'cond_entropy_0', 'cond_entropy_1', 'cond_entropy_diff', 'petrosian_fd_diff', 'katz_fd_diff', 'higuchi_fd_diff', 'detrended_fluctuation_diff', 'ratio_value_number_to_time_series_length', 'ratio_beyond_r_sigma_6', 'ratio_beyond_r_sigma_1_5', 'quantile_0_6', 'quantile_0_4', 'quantile_0_1', 'percentage_of_reoccurring_values_to_all_values', 'percentage_of_reoccurring_datapoints_to_all_datapoints', 'last_location_of_maximum', 'first_location_of_maximum', 'partial_autocorrelation_lag_2', 'linear_trend_attr_slope_', 'linear_trend_attr_rvalue_', 'linear_trend_attr_intercept_', 'fft_coefficient_attr_imag_coeff_3', 'fft_coefficient_attr_imag_coeff_2', 'fft_coefficient_attr_imag_coeff_1', 'change_quantiles_f_agg_var_isabs_True_qh_1_0_ql_0_4', 'change_quantiles_f_agg_var_isabs_True_qh_1_0_ql_0_2', 'change_quantiles_f_agg_var_isabs_True_qh_0_8_ql_0_6', 'change_quantiles_f_agg_var_isabs_True_qh_0_8_ql_0_4', 'change_quantiles_f_agg_var_isabs_True_qh_0_8_ql_0_2', 'change_quantiles_f_agg_var_isabs_True_qh_0_6_ql_0_4', 'change_quantiles_f_agg_var_isabs_True_qh_0_6_ql_0_2', 'change_quantiles_f_agg_var_isabs_True_qh_0_4_ql_0_2', 'change_quantiles_f_agg_var_isabs_False_qh_1_0_ql_0_4', 'change_quantiles_f_agg_var_isabs_False_qh_1_0_ql_0_2', 'change_quantiles_f_agg_var_isabs_False_qh_0_8_ql_0_4', 'change_quantiles_f_agg_var_isabs_False_qh_0_8_ql_0_2', 'change_quantiles_f_agg_var_isabs_False_qh_0_8_ql_0_0', 'change_quantiles_f_agg_var_isabs_False_qh_0_6_ql_0_4', 'change_quantiles_f_agg_var_isabs_False_qh_0_6_ql_0_2', 'change_quantiles_f_agg_var_isabs_False_qh_0_4_ql_0_2', 'change_quantiles_f_agg_mean_isabs_True_qh_1_0_ql_0_4', 'change_quantiles_f_agg_mean_isabs_True_qh_0_6_ql_0_4', 'ar_coefficient_coeff_2_k_10', 'agg_linear_trend_attr_slope_chunk_len_50_f_agg_mean_', 'agg_linear_trend_attr_slope_chunk_len_5_f_agg_mean_', 'agg_linear_trend_attr_slope_chunk_len_10_f_agg_mean_', 'agg_linear_trend_attr_rvalue_chunk_len_50_f_agg_mean_', 'agg_linear_trend_attr_rvalue_chunk_len_50_f_agg_max_', 'agg_linear_trend_attr_rvalue_chunk_len_5_f_agg_mean_', 'agg_linear_trend_attr_rvalue_chunk_len_5_f_agg_max_', 'agg_linear_trend_attr_rvalue_chunk_len_10_f_agg_mean_', 'agg_linear_trend_attr_rvalue_chunk_len_10_f_agg_max_', 'agg_linear_trend_attr_intercept_chunk_len_50_f_agg_mean_', 'agg_linear_trend_attr_intercept_chunk_len_50_f_agg_max_', 'agg_linear_trend_attr_intercept_chunk_len_5_f_agg_mean_', 'agg_linear_trend_attr_intercept_chunk_len_5_f_agg_max_', 'agg_linear_trend_attr_intercept_chunk_len_10_f_agg_mean_', 'agg_linear_trend_attr_intercept_chunk_len_10_f_agg_max_']
2025-07-09 11:01:24 - FeatureEng-20250709_105254 - INFO - -----------------------------
2025-07-09 11:01:24 - FeatureEng-20250709_105254 - INFO - 生成/更新完成。新文件: features_20250709_110124.parquet, 总特征数: 134
