2025-07-09 11:03:40 - FeatureEng-20250709_110340 - INFO - ========== Running Command: gen-feats ==========
2025-07-09 11:03:40 - FeatureEng-20250709_110340 - INFO - Args: {'command': 'gen-feats', 'funcs': ['ar_model_features'], 'base_file': None}
2025-07-09 11:03:40 - FeatureEng-20250709_110340 - INFO - =======================================
2025-07-09 11:03:41 - FeatureEng-20250709_110340 - INFO - 将基于特征文件进行更新: features_20250709_110124.parquet
2025-07-09 11:03:41 - FeatureEng-20250709_110340 - INFO - 基础特征文件格式：(10001, 134)
2025-07-09 11:03:41 - FeatureEng-20250709_110340 - INFO - --- 开始生成特征: ar_model_features ---
2025-07-09 11:18:45 - FeatureEng-20250709_110340 - INFO - 'ar_model_features' 生成完毕，耗时: 903.76 秒。
2025-07-09 11:18:45 - FeatureEng-20250709_110340 - INFO -   新生成特征列名: ['ar_resid_m1_fwd_mean', 'ar_resid_m1_fwd_std', 'ar_resid_m1_fwd_skew', 'ar_resid_m1_fwd_kurt', 'ar_resid_m2_bwd_mean', 'ar_resid_m2_bwd_std', 'ar_resid_m2_bwd_skew', 'ar_resid_m2_bwd_kurt', 'ar_resid_m2_fwd_mean', 'ar_resid_m2_fwd_std', 'ar_resid_m2_fwd_skew', 'ar_resid_m2_fwd_kurt', 'ar_resid_std_diff', 'ar_aic_diff', 'ar_const_diff', 'ar_trend_diff', 'ar_param_diff_1', 'ar_param_diff_2', 'ar_param_diff_3', 'ar_param_diff_4', 'ar_param_diff_5', 'ar_param_diff_6', 'ar_param_diff_7', 'ar_param_diff_8', 'ar_param_diff_9', 'ar_param_diff_10', 'ar_autoreg_predict_mse']
2025-07-09 11:18:45 - FeatureEng-20250709_110340 - INFO -     - 'ar_resid_m1_fwd_mean': 空值比例=0.00%, 零值比例=0.00%
2025-07-09 11:18:45 - FeatureEng-20250709_110340 - INFO -     - 'ar_resid_m1_fwd_std': 空值比例=0.00%, 零值比例=0.00%
2025-07-09 11:18:45 - FeatureEng-20250709_110340 - INFO -     - 'ar_resid_m1_fwd_skew': 空值比例=0.00%, 零值比例=0.00%
2025-07-09 11:18:45 - FeatureEng-20250709_110340 - INFO -     - 'ar_resid_m1_fwd_kurt': 空值比例=0.00%, 零值比例=0.00%
2025-07-09 11:18:45 - FeatureEng-20250709_110340 - INFO -     - 'ar_resid_m2_bwd_mean': 空值比例=0.00%, 零值比例=0.00%
2025-07-09 11:18:45 - FeatureEng-20250709_110340 - INFO -     - 'ar_resid_m2_bwd_std': 空值比例=0.00%, 零值比例=0.00%
2025-07-09 11:18:45 - FeatureEng-20250709_110340 - INFO -     - 'ar_resid_m2_bwd_skew': 空值比例=0.00%, 零值比例=0.00%
2025-07-09 11:18:45 - FeatureEng-20250709_110340 - INFO -     - 'ar_resid_m2_bwd_kurt': 空值比例=0.00%, 零值比例=0.00%
2025-07-09 11:18:45 - FeatureEng-20250709_110340 - INFO -     - 'ar_resid_m2_fwd_mean': 空值比例=0.00%, 零值比例=0.00%
2025-07-09 11:18:45 - FeatureEng-20250709_110340 - INFO -     - 'ar_resid_m2_fwd_std': 空值比例=0.00%, 零值比例=0.00%
2025-07-09 11:18:45 - FeatureEng-20250709_110340 - INFO -     - 'ar_resid_m2_fwd_skew': 空值比例=0.00%, 零值比例=0.00%
2025-07-09 11:18:45 - FeatureEng-20250709_110340 - INFO -     - 'ar_resid_m2_fwd_kurt': 空值比例=0.00%, 零值比例=0.00%
2025-07-09 11:18:45 - FeatureEng-20250709_110340 - INFO -     - 'ar_resid_std_diff': 空值比例=0.00%, 零值比例=0.00%
2025-07-09 11:18:45 - FeatureEng-20250709_110340 - INFO -     - 'ar_aic_diff': 空值比例=0.00%, 零值比例=0.00%
2025-07-09 11:18:45 - FeatureEng-20250709_110340 - INFO -     - 'ar_const_diff': 空值比例=0.00%, 零值比例=0.00%
2025-07-09 11:18:45 - FeatureEng-20250709_110340 - INFO -     - 'ar_trend_diff': 空值比例=0.00%, 零值比例=0.00%
2025-07-09 11:18:45 - FeatureEng-20250709_110340 - INFO -     - 'ar_param_diff_1': 空值比例=0.00%, 零值比例=0.00%
2025-07-09 11:18:45 - FeatureEng-20250709_110340 - INFO -     - 'ar_param_diff_2': 空值比例=0.00%, 零值比例=0.00%
2025-07-09 11:18:45 - FeatureEng-20250709_110340 - INFO -     - 'ar_param_diff_3': 空值比例=0.00%, 零值比例=0.00%
2025-07-09 11:18:45 - FeatureEng-20250709_110340 - INFO -     - 'ar_param_diff_4': 空值比例=0.00%, 零值比例=0.00%
2025-07-09 11:18:45 - FeatureEng-20250709_110340 - INFO -     - 'ar_param_diff_5': 空值比例=0.00%, 零值比例=0.00%
2025-07-09 11:18:45 - FeatureEng-20250709_110340 - INFO -     - 'ar_param_diff_6': 空值比例=0.00%, 零值比例=0.00%
2025-07-09 11:18:45 - FeatureEng-20250709_110340 - INFO -     - 'ar_param_diff_7': 空值比例=0.00%, 零值比例=0.00%
2025-07-09 11:18:45 - FeatureEng-20250709_110340 - INFO -     - 'ar_param_diff_8': 空值比例=0.00%, 零值比例=0.00%
2025-07-09 11:18:45 - FeatureEng-20250709_110340 - INFO -     - 'ar_param_diff_9': 空值比例=0.00%, 零值比例=0.00%
2025-07-09 11:18:45 - FeatureEng-20250709_110340 - INFO -     - 'ar_param_diff_10': 空值比例=0.00%, 零值比例=0.00%
2025-07-09 11:18:45 - FeatureEng-20250709_110340 - INFO -     - 'ar_autoreg_predict_mse': 空值比例=0.00%, 零值比例=0.00%
2025-07-09 11:18:45 - FeatureEng-20250709_110340 - INFO - 
Number of new features: 27
2025-07-09 11:18:45 - FeatureEng-20250709_110340 - INFO - Number of loaded features: 134
2025-07-09 11:18:45 - FeatureEng-20250709_110340 - INFO - 
New features with high correlation (|corr| > 0.7) to loaded features:
2025-07-09 11:18:45 - FeatureEng-20250709_110340 - INFO - 
ar_resid_m1_fwd_mean is highly correlated with:
2025-07-09 11:18:45 - FeatureEng-20250709_110340 - INFO -   - adf_pvalue_0: -0.996
2025-07-09 11:18:45 - FeatureEng-20250709_110340 - INFO -   - sum_diff: 0.765
2025-07-09 11:18:45 - FeatureEng-20250709_110340 - INFO -   - cumsum_max_diff: 0.766
2025-07-09 11:18:45 - FeatureEng-20250709_110340 - INFO -   - max_power_diff: 0.918
2025-07-09 11:18:45 - FeatureEng-20250709_110340 - INFO -   - agg_linear_trend_attr_intercept_chunk_len_50_f_agg_mean_: -0.744
2025-07-09 11:18:45 - FeatureEng-20250709_110340 - INFO - 
ar_resid_m1_fwd_std is highly correlated with:
2025-07-09 11:18:45 - FeatureEng-20250709_110340 - INFO -   - adf_pvalue_0: 0.868
2025-07-09 11:18:45 - FeatureEng-20250709_110340 - INFO -   - max_power_diff: -0.766
2025-07-09 11:18:45 - FeatureEng-20250709_110340 - INFO - 
ar_resid_m2_bwd_mean is highly correlated with:
2025-07-09 11:18:45 - FeatureEng-20250709_110340 - INFO -   - linear_trend_attr_slope_: 0.905
2025-07-09 11:18:45 - FeatureEng-20250709_110340 - INFO -   - agg_linear_trend_attr_slope_chunk_len_5_f_agg_mean_: 0.895
2025-07-09 11:18:45 - FeatureEng-20250709_110340 - INFO -   - agg_linear_trend_attr_slope_chunk_len_10_f_agg_mean_: 0.865
2025-07-09 11:18:45 - FeatureEng-20250709_110340 - INFO - 
ar_resid_m2_bwd_std is highly correlated with:
2025-07-09 11:18:45 - FeatureEng-20250709_110340 - INFO -   - max_diff: 0.953
2025-07-09 11:18:45 - FeatureEng-20250709_110340 - INFO -   - range_diff: 0.954
2025-07-09 11:18:45 - FeatureEng-20250709_110340 - INFO -   - std_diff: -0.933
2025-07-09 11:18:45 - FeatureEng-20250709_110340 - INFO -   - agg_linear_trend_attr_intercept_chunk_len_50_f_agg_max_: -0.715
2025-07-09 11:18:45 - FeatureEng-20250709_110340 - INFO - 
ar_resid_m2_bwd_skew is highly correlated with:
2025-07-09 11:18:45 - FeatureEng-20250709_110340 - INFO -   - skew_diff: -0.796
2025-07-09 11:18:45 - FeatureEng-20250709_110340 - INFO - 
ar_resid_m2_bwd_kurt is highly correlated with:
2025-07-09 11:18:45 - FeatureEng-20250709_110340 - INFO -   - kurt_diff: -0.932
2025-07-09 11:18:45 - FeatureEng-20250709_110340 - INFO - 
ar_resid_m2_fwd_mean is highly correlated with:
2025-07-09 11:18:45 - FeatureEng-20250709_110340 - INFO -   - std_ratio: -0.742
2025-07-09 11:18:45 - FeatureEng-20250709_110340 - INFO -   - linear_trend_attr_slope_: -0.929
2025-07-09 11:18:45 - FeatureEng-20250709_110340 - INFO -   - agg_linear_trend_attr_slope_chunk_len_50_f_agg_mean_: -0.700
2025-07-09 11:18:45 - FeatureEng-20250709_110340 - INFO -   - agg_linear_trend_attr_slope_chunk_len_5_f_agg_mean_: -0.938
2025-07-09 11:18:45 - FeatureEng-20250709_110340 - INFO -   - agg_linear_trend_attr_slope_chunk_len_10_f_agg_mean_: -0.933
2025-07-09 11:18:45 - FeatureEng-20250709_110340 - INFO - 
ar_resid_m2_fwd_skew is highly correlated with:
2025-07-09 11:18:45 - FeatureEng-20250709_110340 - INFO -   - skew_diff: -0.794
2025-07-09 11:18:45 - FeatureEng-20250709_110340 - INFO - 
ar_resid_m2_fwd_kurt is highly correlated with:
2025-07-09 11:18:45 - FeatureEng-20250709_110340 - INFO -   - kurt_diff: -0.930
2025-07-09 11:18:45 - FeatureEng-20250709_110340 - INFO - 
ar_resid_std_diff is highly correlated with:
2025-07-09 11:18:45 - FeatureEng-20250709_110340 - INFO -   - max_diff: -0.989
2025-07-09 11:18:45 - FeatureEng-20250709_110340 - INFO -   - range_diff: -0.990
2025-07-09 11:18:45 - FeatureEng-20250709_110340 - INFO -   - std_diff: 0.984
2025-07-09 11:18:45 - FeatureEng-20250709_110340 - INFO -   - rolling_std_w50_mean_diff: 0.834
2025-07-09 11:18:45 - FeatureEng-20250709_110340 - INFO -   - agg_linear_trend_attr_intercept_chunk_len_50_f_agg_max_: 0.780
2025-07-09 11:18:45 - FeatureEng-20250709_110340 - INFO - 
ar_aic_diff is highly correlated with:
2025-07-09 11:18:45 - FeatureEng-20250709_110340 - INFO -   - adf_icbest_diff: -1.000
2025-07-09 11:18:45 - FeatureEng-20250709_110340 - INFO - 
ar_const_diff is highly correlated with:
2025-07-09 11:18:45 - FeatureEng-20250709_110340 - INFO -   - agg_linear_trend_attr_intercept_chunk_len_50_f_agg_max_: 0.740
2025-07-09 11:18:45 - FeatureEng-20250709_110340 - INFO -   - agg_linear_trend_attr_intercept_chunk_len_5_f_agg_max_: 0.737
2025-07-09 11:18:45 - FeatureEng-20250709_110340 - INFO -   - agg_linear_trend_attr_intercept_chunk_len_10_f_agg_max_: 0.763
2025-07-09 11:18:45 - FeatureEng-20250709_110340 - INFO - 
ar_trend_diff is highly correlated with:
2025-07-09 11:18:45 - FeatureEng-20250709_110340 - INFO -   - linear_trend_attr_slope_: 0.740
2025-07-09 11:18:45 - FeatureEng-20250709_110340 - INFO -   - agg_linear_trend_attr_slope_chunk_len_5_f_agg_mean_: 0.705
2025-07-09 11:18:45 - FeatureEng-20250709_110340 - INFO - 
ar_param_diff_1 is highly correlated with:
2025-07-09 11:18:45 - FeatureEng-20250709_110340 - INFO -   - autocorr_lag1_diff: 0.980
2025-07-09 11:18:45 - FeatureEng-20250709_110340 - INFO -   - hjorth_complexity_diff: 0.874
2025-07-09 11:18:45 - FeatureEng-20250709_110340 - INFO - 
ar_param_diff_2 is highly correlated with:
2025-07-09 11:18:45 - FeatureEng-20250709_110340 - INFO -   - partial_autocorrelation_lag_2: 0.969
2025-07-09 11:18:45 - FeatureEng-20250709_110340 - INFO -   - ar_coefficient_coeff_2_k_10: 0.999
2025-07-09 11:18:45 - FeatureEng-20250709_110340 - INFO - 
Dropping 6 new features with |corr| > 0.95:
2025-07-09 11:18:45 - FeatureEng-20250709_110340 - INFO -   - ar_resid_m1_fwd_mean
2025-07-09 11:18:45 - FeatureEng-20250709_110340 - INFO -   - ar_resid_m2_bwd_std
2025-07-09 11:18:45 - FeatureEng-20250709_110340 - INFO -   - ar_resid_std_diff
2025-07-09 11:18:45 - FeatureEng-20250709_110340 - INFO -   - ar_aic_diff
2025-07-09 11:18:45 - FeatureEng-20250709_110340 - INFO -   - ar_param_diff_1
2025-07-09 11:18:45 - FeatureEng-20250709_110340 - INFO -   - ar_param_diff_2
2025-07-09 11:18:45 - FeatureEng-20250709_110340 - INFO - 已将文件 features_20250709_110124.parquet 备份到: E:\ggq的文件\比赛\25-ADIA-Lab-Structure-Break\ADIA-Lab-Structural-Break\feature_dfs\backups
2025-07-09 11:18:45 - FeatureEng-20250709_110340 - INFO - 特征已保存到新文件: features_20250709_111845.parquet
2025-07-09 11:18:45 - FeatureEng-20250709_110340 - INFO - --- 生成后完整特征列表 ---
2025-07-09 11:18:45 - FeatureEng-20250709_110340 - INFO - ['mean_diff', 'median_diff', 'max_diff', 'min_diff', 'range_diff', 'std_diff', 'std_ratio', 'skew_diff', 'kurt_diff', 'cv_diff', 'rolling_std_diff', 'theil_sen_slope_diff', 'ks_stat', 'ks_pvalue', 'ttest_pvalue', 'ad_stat', 'ad_pvalue', 'mannwhitney_stat', 'mannwhitney_pvalue', 'wilcoxon_stat', 'wilcoxon_pvalue', 'levene_stat', 'levene_pvalue', 'bartlett_stat', 'bartlett_pvalue', 'shapiro_pvalue_0', 'shapiro_pvalue_1', 'shapiro_pvalue_diff', 'jb_pvalue_0', 'jb_pvalue_1', 'jb_pvalue_diff', 'kpss_pvalue_0', 'kpss_pvalue_1', 'kpss_pvalue_diff', 'kpss_stat_diff', 'adf_pvalue_0', 'adf_pvalue_1', 'adf_pvalue_diff', 'adf_stat_diff', 'adf_icbest_diff', 'sum_diff', 'cumsum_max_diff', 'zero_cross_diff', 'autocorr_lag1_diff', 'dominant_freq_diff', 'max_power_diff', 'iqr_diff', 'rolling_std_w50_mean_diff', 'shannon_entropy_0', 'shannon_entropy_1', 'shannon_entropy_diff', 'perm_entropy_0', 'perm_entropy_1', 'perm_entropy_diff', 'spectral_entropy_0', 'spectral_entropy_1', 'spectral_entropy_diff', 'svd_entropy_0', 'svd_entropy_1', 'svd_entropy_diff', 'approx_entropy_0', 'approx_entropy_1', 'approx_entropy_diff', 'sample_entropy_0', 'sample_entropy_1', 'sample_entropy_diff', 'hjorth_mobility_0', 'hjorth_complexity_0', 'hjorth_mobility_1', 'hjorth_complexity_1', 'hjorth_complexity_diff', 'num_zerocross_0', 'num_zerocross_1', 'lziv_complexity_0', 'lziv_complexity_1', 'lziv_complexity_diff', 'cond_entropy_0', 'cond_entropy_1', 'cond_entropy_diff', 'petrosian_fd_diff', 'katz_fd_diff', 'higuchi_fd_diff', 'detrended_fluctuation_diff', 'ratio_value_number_to_time_series_length', 'ratio_beyond_r_sigma_6', 'ratio_beyond_r_sigma_1_5', 'quantile_0_6', 'quantile_0_4', 'quantile_0_1', 'percentage_of_reoccurring_values_to_all_values', 'percentage_of_reoccurring_datapoints_to_all_datapoints', 'last_location_of_maximum', 'first_location_of_maximum', 'partial_autocorrelation_lag_2', 'linear_trend_attr_slope_', 'linear_trend_attr_rvalue_', 'linear_trend_attr_intercept_', 'fft_coefficient_attr_imag_coeff_3', 'fft_coefficient_attr_imag_coeff_2', 'fft_coefficient_attr_imag_coeff_1', 'change_quantiles_f_agg_var_isabs_True_qh_1_0_ql_0_4', 'change_quantiles_f_agg_var_isabs_True_qh_1_0_ql_0_2', 'change_quantiles_f_agg_var_isabs_True_qh_0_8_ql_0_6', 'change_quantiles_f_agg_var_isabs_True_qh_0_8_ql_0_4', 'change_quantiles_f_agg_var_isabs_True_qh_0_8_ql_0_2', 'change_quantiles_f_agg_var_isabs_True_qh_0_6_ql_0_4', 'change_quantiles_f_agg_var_isabs_True_qh_0_6_ql_0_2', 'change_quantiles_f_agg_var_isabs_True_qh_0_4_ql_0_2', 'change_quantiles_f_agg_var_isabs_False_qh_1_0_ql_0_4', 'change_quantiles_f_agg_var_isabs_False_qh_1_0_ql_0_2', 'change_quantiles_f_agg_var_isabs_False_qh_0_8_ql_0_4', 'change_quantiles_f_agg_var_isabs_False_qh_0_8_ql_0_2', 'change_quantiles_f_agg_var_isabs_False_qh_0_8_ql_0_0', 'change_quantiles_f_agg_var_isabs_False_qh_0_6_ql_0_4', 'change_quantiles_f_agg_var_isabs_False_qh_0_6_ql_0_2', 'change_quantiles_f_agg_var_isabs_False_qh_0_4_ql_0_2', 'change_quantiles_f_agg_mean_isabs_True_qh_1_0_ql_0_4', 'change_quantiles_f_agg_mean_isabs_True_qh_0_6_ql_0_4', 'ar_coefficient_coeff_2_k_10', 'agg_linear_trend_attr_slope_chunk_len_50_f_agg_mean_', 'agg_linear_trend_attr_slope_chunk_len_5_f_agg_mean_', 'agg_linear_trend_attr_slope_chunk_len_10_f_agg_mean_', 'agg_linear_trend_attr_rvalue_chunk_len_50_f_agg_mean_', 'agg_linear_trend_attr_rvalue_chunk_len_50_f_agg_max_', 'agg_linear_trend_attr_rvalue_chunk_len_5_f_agg_mean_', 'agg_linear_trend_attr_rvalue_chunk_len_5_f_agg_max_', 'agg_linear_trend_attr_rvalue_chunk_len_10_f_agg_mean_', 'agg_linear_trend_attr_rvalue_chunk_len_10_f_agg_max_', 'agg_linear_trend_attr_intercept_chunk_len_50_f_agg_mean_', 'agg_linear_trend_attr_intercept_chunk_len_50_f_agg_max_', 'agg_linear_trend_attr_intercept_chunk_len_5_f_agg_mean_', 'agg_linear_trend_attr_intercept_chunk_len_5_f_agg_max_', 'agg_linear_trend_attr_intercept_chunk_len_10_f_agg_mean_', 'agg_linear_trend_attr_intercept_chunk_len_10_f_agg_max_', 'ar_resid_m1_fwd_std', 'ar_resid_m1_fwd_skew', 'ar_resid_m1_fwd_kurt', 'ar_resid_m2_bwd_mean', 'ar_resid_m2_bwd_skew', 'ar_resid_m2_bwd_kurt', 'ar_resid_m2_fwd_mean', 'ar_resid_m2_fwd_std', 'ar_resid_m2_fwd_skew', 'ar_resid_m2_fwd_kurt', 'ar_const_diff', 'ar_trend_diff', 'ar_param_diff_3', 'ar_param_diff_4', 'ar_param_diff_5', 'ar_param_diff_6', 'ar_param_diff_7', 'ar_param_diff_8', 'ar_param_diff_9', 'ar_param_diff_10', 'ar_autoreg_predict_mse']
2025-07-09 11:18:45 - FeatureEng-20250709_110340 - INFO - -----------------------------
2025-07-09 11:18:45 - FeatureEng-20250709_110340 - INFO - 生成/更新完成。新文件: features_20250709_111845.parquet, 总特征数: 155
