2025-07-31 00:22:03 - FeatureEng-20250731_002203 - INFO - ========== Running Command: gen-interactions ==========
2025-07-31 00:22:03 - FeatureEng-20250731_002203 - INFO - Args: {'command': 'gen-interactions', 'importance_file': None, 'base_file': None, 'sqmul': True, 'add': True, 'sub': True, 'div': True, 'sq': True, 'onemulall': True, 'mul': True}
2025-07-31 00:22:03 - FeatureEng-20250731_002203 - INFO - =======================================
2025-07-31 00:22:03 - FeatureEng-20250731_002203 - INFO - 从配置文件中识别出 Top 10 特征: ['RAW_1_stats_cv_whole', 'RAW_8_percentage_of_reoccurring_datapoints_to_all_datapoints_contribution_left', 'RAW_8_percentage_of_reoccurring_values_to_all_values_contribution_left', 'RAW_3_cumsum_linear_trend_pvalue_whole', 'RAW_8_index_mass_quantile_q_0_8_ratio_to_whole_left', 'RAW_7_sample_entropy_left', 'RAW_1_stats_std_whole', 'RAW_8_quantile_0_4_whole', 'RAW_8_index_mass_quantile_q_0_1_right', 'RAW_8_percentage_of_reoccurring_values_to_all_values_ratio_to_whole_left']
2025-07-31 00:22:03 - FeatureEng-20250731_002203 - INFO - 将基于特征文件进行更新: features_20250730_222635.parquet
2025-07-31 00:22:03 - FeatureEng-20250731_002203 - INFO - 加载字典格式特征文件，包含数据ID: ['0']
2025-07-31 00:22:03 - FeatureEng-20250731_002203 - INFO - 
为数据ID '0' 生成交互特征...
2025-07-31 00:22:03 - FeatureEng-20250731_002203 - INFO - mul/sqmul(2)/sub/add/div(2)/sq 交互 10 个特征。
2025-07-31 00:22:04 - FeatureEng-20250731_002203 - INFO - onemulall 交互 126 个特征。
2025-07-31 00:22:04 - FeatureEng-20250731_002203 - INFO -   数据ID '0' 成功创建 451 个交互特征
2025-07-31 00:22:04 - FeatureEng-20250731_002203 - INFO - 已将基础文件 features_20250730_222635.parquet 备份到: E:\ggq的文件\比赛\25-ADIA-Lab-Structure-Break\ADIA-Lab-Structural-Break\feature_dfs\backups
2025-07-31 00:22:04 - FeatureEng-20250731_002203 - INFO - 找到 1 个相关的增强数据文件
2025-07-31 00:22:04 - FeatureEng-20250731_002203 - INFO - 已将增强数据文件 features_20250730_222635_id_0.parquet 备份到: E:\ggq的文件\比赛\25-ADIA-Lab-Structure-Break\ADIA-Lab-Structural-Break\feature_dfs\backups
2025-07-31 00:22:05 - FeatureEng-20250731_002203 - INFO - 交互特征已保存到新文件: features_20250731_002204.parquet
2025-07-31 00:22:05 - FeatureEng-20250731_002203 - INFO - 
=== 交互特征生成完成统计 ===
2025-07-31 00:22:05 - FeatureEng-20250731_002203 - INFO - 数据ID '0': 1217 -> 1668 个特征 (+451)
2025-07-31 00:22:05 - FeatureEng-20250731_002203 - INFO - 
新增的交互特征列表 (共 451 个):
