2025-09-04 15:11:37 - FeatureEng-20250904_151137 - INFO - ========== Running Command: gen-feats ==========
2025-09-04 15:11:37 - FeatureEng-20250904_151137 - INFO - Args: {'command': 'gen-feats', 'funcs': None, 'trans': ['matrix_profile_transformation'], 'base_file': None}
2025-09-04 15:11:37 - FeatureEng-20250904_151137 - INFO - =======================================
2025-09-04 15:11:37 - FeatureEng-20250904_151137 - INFO - Loading data...
2025-09-04 15:11:39 - FeatureEng-20250904_151137 - INFO - Original data loaded successfully.
2025-09-04 15:11:39 - FeatureEng-20250904_151137 - INFO - X_train shape: (23715734, 2)
2025-09-04 15:11:39 - FeatureEng-20250904_151137 - INFO - X_train type: <class 'pandas.core.frame.DataFrame'>
2025-09-04 15:11:39 - FeatureEng-20250904_151137 - INFO - y_train shape: (10001, 1)
2025-09-04 15:11:39 - FeatureEng-20250904_151137 - INFO - y_train type: <class 'pandas.core.frame.DataFrame'>
2025-09-04 15:11:39 - FeatureEng-20250904_151137 - INFO - Loading enhancement data with IDs: ['0']
2025-09-04 15:11:39 - FeatureEng-20250904_151137 - INFO - Total datasets loaded: 1
2025-09-04 15:11:39 - FeatureEng-20250904_151137 - INFO - Dataset 0: X shape (23715734, 2), y shape (10001, 1)
2025-09-04 15:11:39 - FeatureEng-20250904_151137 - INFO - 输入为字典格式，包含数据ID: ['0']
2025-09-04 15:11:39 - FeatureEng-20250904_151137 - INFO - 未指定特征函数，将运行所有 10 个非实验性特征。
2025-09-04 15:11:39 - FeatureEng-20250904_151137 - INFO - 将基于特征文件进行更新: features_20250819_233429_id_0.parquet
2025-09-04 15:11:39 - FeatureEng-20250904_151137 - INFO - 基础特征字典包含数据ID: ['0']
2025-09-04 15:11:39 - FeatureEng-20250904_151137 - INFO -   数据ID '0': (10001, 3690)
2025-09-04 15:11:39 - FeatureEng-20250904_151137 - INFO - === 开始为数据ID '0' 生成特征 ===
2025-09-04 15:11:39 - FeatureEng-20250904_151137 - INFO - --- 开始时序分解（数据ID: 0） ---
2025-09-04 15:11:39 - FeatureEng-20250904_151137 - INFO - --- 开始应用变换函数: matrix_profile_transformation ---
2025-09-04 16:10:08 - FeatureEng-20250904_151137 - INFO - 'matrix_profile_transformation' 变换完毕，耗时: 3508.76 秒，生成模态: ['MP']
2025-09-04 16:10:08 - FeatureEng-20250904_151137 - INFO - 分解完成，共生成 1 个模态: ['MP']
2025-09-04 16:10:08 - FeatureEng-20250904_151137 - INFO - === 开始为数据ID '0' 的模态 'MP' 生成特征 ===
2025-09-04 16:10:08 - FeatureEng-20250904_151137 - INFO - --- 开始生成特征: distribution_stats_features ---
