2025-07-16 13:15:26 - FeatureEng-20250716_131526 - INFO - ========== Running Command: gen-feats ==========
2025-07-16 13:15:26 - FeatureEng-20250716_131526 - INFO - Args: {'command': 'gen-feats', 'funcs': ['test_stats_features', 'cumulative_features', 'oscillation_features', 'cyc'], 'trans': None, 'base_file': None}
2025-07-16 13:15:26 - FeatureEng-20250716_131526 - INFO - =======================================
2025-07-16 13:15:27 - FeatureEng-20250716_131526 - WARNING - 函数 cyc 未在注册表中找到，已跳过。
2025-07-16 13:15:27 - FeatureEng-20250716_131526 - INFO - 将基于特征文件进行更新: features_20250716_111815.parquet
2025-07-16 13:15:27 - FeatureEng-20250716_131526 - INFO - 基础特征文件格式：(10001, 203)
2025-07-16 13:15:27 - FeatureEng-20250716_131526 - INFO - === 开始时序分解 ===
2025-07-16 13:15:27 - FeatureEng-20250716_131526 - INFO - --- 开始应用变换函数: no_transformation ---
2025-07-16 13:15:27 - FeatureEng-20250716_131526 - INFO - 'no_transformation' 变换完毕，耗时: 0.00 秒，生成模态: ['RAW']
2025-07-16 13:15:27 - FeatureEng-20250716_131526 - INFO - 分解完成，共生成 1 个模态: ['RAW']
2025-07-16 13:15:27 - FeatureEng-20250716_131526 - INFO - === 开始为模态 'RAW' 生成特征 ===
2025-07-16 13:15:27 - FeatureEng-20250716_131526 - INFO - --- 开始生成特征: test_stats_features ---
2025-07-16 13:18:06 - FeatureEng-20250716_131526 - INFO - 'test_stats_features' 生成完毕，耗时: 158.85 秒。
2025-07-16 13:18:06 - FeatureEng-20250716_131526 - INFO -   新生成特征列名: ['RAW_2_ks_stat', 'RAW_2_ks_pvalue', 'RAW_2_ttest_pvalue', 'RAW_2_ad_stat', 'RAW_2_ad_pvalue', 'RAW_2_mannwhitney_stat', 'RAW_2_mannwhitney_pvalue', 'RAW_2_wilcoxon_stat', 'RAW_2_wilcoxon_pvalue', 'RAW_2_levene_stat', 'RAW_2_levene_pvalue', 'RAW_2_bartlett_stat', 'RAW_2_bartlett_pvalue', 'RAW_2_shapiro_pvalue_left', 'RAW_2_shapiro_pvalue_right', 'RAW_2_shapiro_pvalue_whole', 'RAW_2_shapiro_pvalue_diff', 'RAW_2_shapiro_pvalue_ratio', 'RAW_2_jb_pvalue_left', 'RAW_2_jb_pvalue_right', 'RAW_2_jb_pvalue_whole', 'RAW_2_jb_pvalue_diff', 'RAW_2_jb_pvalue_ratio', 'RAW_2_kpss_pvalue_left', 'RAW_2_kpss_pvalue_right', 'RAW_2_kpss_pvalue_whole', 'RAW_2_kpss_pvalue_diff', 'RAW_2_kpss_pvalue_ratio', 'RAW_2_kpss_stat_left', 'RAW_2_kpss_stat_right', 'RAW_2_kpss_stat_whole', 'RAW_2_kpss_stat_diff', 'RAW_2_kpss_stat_ratio', 'RAW_2_adf_pvalue_left', 'RAW_2_adf_pvalue_right', 'RAW_2_adf_pvalue_whole', 'RAW_2_adf_pvalue_diff', 'RAW_2_adf_pvalue_ratio', 'RAW_2_adf_stat_left', 'RAW_2_adf_stat_right', 'RAW_2_adf_stat_whole', 'RAW_2_adf_stat_diff', 'RAW_2_adf_stat_ratio', 'RAW_2_adf_icbest_left', 'RAW_2_adf_icbest_right', 'RAW_2_adf_icbest_whole', 'RAW_2_adf_icbest_diff', 'RAW_2_adf_icbest_ratio']
2025-07-16 13:18:06 - FeatureEng-20250716_131526 - INFO -     - 'RAW_2_ks_stat': 空值比例=0.00%, 零值比例=0.00%
2025-07-16 13:18:06 - FeatureEng-20250716_131526 - INFO -     - 'RAW_2_ks_pvalue': 空值比例=0.00%, 零值比例=0.00%
2025-07-16 13:18:06 - FeatureEng-20250716_131526 - INFO -     - 'RAW_2_ttest_pvalue': 空值比例=0.00%, 零值比例=0.00%
2025-07-16 13:18:06 - FeatureEng-20250716_131526 - INFO -     - 'RAW_2_ad_stat': 空值比例=0.00%, 零值比例=0.00%
2025-07-16 13:18:06 - FeatureEng-20250716_131526 - INFO -     - 'RAW_2_ad_pvalue': 空值比例=0.00%, 零值比例=0.00%
2025-07-16 13:18:06 - FeatureEng-20250716_131526 - INFO -     - 'RAW_2_mannwhitney_stat': 空值比例=0.00%, 零值比例=0.00%
2025-07-16 13:18:06 - FeatureEng-20250716_131526 - INFO -     - 'RAW_2_mannwhitney_pvalue': 空值比例=0.00%, 零值比例=0.00%
2025-07-16 13:18:06 - FeatureEng-20250716_131526 - INFO -     - 'RAW_2_wilcoxon_stat': 空值比例=0.00%, 零值比例=0.00%
2025-07-16 13:18:06 - FeatureEng-20250716_131526 - INFO -     - 'RAW_2_wilcoxon_pvalue': 空值比例=0.00%, 零值比例=0.00%
2025-07-16 13:18:06 - FeatureEng-20250716_131526 - INFO -     - 'RAW_2_levene_stat': 空值比例=0.00%, 零值比例=0.00%
2025-07-16 13:18:06 - FeatureEng-20250716_131526 - INFO -     - 'RAW_2_levene_pvalue': 空值比例=0.00%, 零值比例=0.02%
2025-07-16 13:18:06 - FeatureEng-20250716_131526 - INFO -     - 'RAW_2_bartlett_stat': 空值比例=0.00%, 零值比例=0.00%
2025-07-16 13:18:06 - FeatureEng-20250716_131526 - INFO -     - 'RAW_2_bartlett_pvalue': 空值比例=0.00%, 零值比例=1.28%
2025-07-16 13:18:06 - FeatureEng-20250716_131526 - INFO -     - 'RAW_2_shapiro_pvalue_left': 空值比例=0.00%, 零值比例=0.00%
2025-07-16 13:18:06 - FeatureEng-20250716_131526 - INFO -     - 'RAW_2_shapiro_pvalue_right': 空值比例=0.00%, 零值比例=0.00%
2025-07-16 13:18:06 - FeatureEng-20250716_131526 - INFO -     - 'RAW_2_shapiro_pvalue_whole': 空值比例=0.00%, 零值比例=0.00%
2025-07-16 13:18:06 - FeatureEng-20250716_131526 - INFO -     - 'RAW_2_shapiro_pvalue_diff': 空值比例=0.00%, 零值比例=0.00%
2025-07-16 13:18:06 - FeatureEng-20250716_131526 - INFO -     - 'RAW_2_shapiro_pvalue_ratio': 空值比例=0.00%, 零值比例=0.00%
2025-07-16 13:18:06 - FeatureEng-20250716_131526 - INFO -     - 'RAW_2_jb_pvalue_left': 空值比例=0.00%, 零值比例=41.56%
2025-07-16 13:18:06 - FeatureEng-20250716_131526 - INFO -     - 'RAW_2_jb_pvalue_right': 空值比例=0.00%, 零值比例=25.93%
2025-07-16 13:18:06 - FeatureEng-20250716_131526 - INFO -     - 'RAW_2_jb_pvalue_whole': 空值比例=0.00%, 零值比例=56.64%
2025-07-16 13:18:06 - FeatureEng-20250716_131526 - INFO -     - 'RAW_2_jb_pvalue_diff': 空值比例=0.00%, 零值比例=18.02%
2025-07-16 13:18:06 - FeatureEng-20250716_131526 - INFO -     - 'RAW_2_jb_pvalue_ratio': 空值比例=0.00%, 零值比例=25.93%
2025-07-16 13:18:06 - FeatureEng-20250716_131526 - INFO -     - 'RAW_2_kpss_pvalue_left': 空值比例=0.00%, 零值比例=0.00%
2025-07-16 13:18:06 - FeatureEng-20250716_131526 - INFO -     - 'RAW_2_kpss_pvalue_right': 空值比例=0.00%, 零值比例=0.00%
2025-07-16 13:18:06 - FeatureEng-20250716_131526 - INFO -     - 'RAW_2_kpss_pvalue_whole': 空值比例=0.00%, 零值比例=0.00%
2025-07-16 13:18:06 - FeatureEng-20250716_131526 - INFO -     - 'RAW_2_kpss_pvalue_diff': 空值比例=0.00%, 零值比例=81.62%
2025-07-16 13:18:06 - FeatureEng-20250716_131526 - INFO -     - 'RAW_2_kpss_pvalue_ratio': 空值比例=0.00%, 零值比例=0.00%
2025-07-16 13:18:06 - FeatureEng-20250716_131526 - INFO -     - 'RAW_2_kpss_stat_left': 空值比例=0.00%, 零值比例=0.00%
2025-07-16 13:18:06 - FeatureEng-20250716_131526 - INFO -     - 'RAW_2_kpss_stat_right': 空值比例=0.00%, 零值比例=0.00%
2025-07-16 13:18:06 - FeatureEng-20250716_131526 - INFO -     - 'RAW_2_kpss_stat_whole': 空值比例=0.00%, 零值比例=0.00%
2025-07-16 13:18:06 - FeatureEng-20250716_131526 - INFO -     - 'RAW_2_kpss_stat_diff': 空值比例=0.00%, 零值比例=0.00%
2025-07-16 13:18:06 - FeatureEng-20250716_131526 - INFO -     - 'RAW_2_kpss_stat_ratio': 空值比例=0.00%, 零值比例=0.00%
2025-07-16 13:18:06 - FeatureEng-20250716_131526 - INFO -     - 'RAW_2_adf_pvalue_left': 空值比例=0.00%, 零值比例=61.73%
2025-07-16 13:18:06 - FeatureEng-20250716_131526 - INFO -     - 'RAW_2_adf_pvalue_right': 空值比例=0.00%, 零值比例=39.52%
2025-07-16 13:18:06 - FeatureEng-20250716_131526 - INFO -     - 'RAW_2_adf_pvalue_whole': 空值比例=0.00%, 零值比例=63.42%
2025-07-16 13:18:06 - FeatureEng-20250716_131526 - INFO -     - 'RAW_2_adf_pvalue_diff': 空值比例=0.00%, 零值比例=26.41%
2025-07-16 13:18:06 - FeatureEng-20250716_131526 - INFO -     - 'RAW_2_adf_pvalue_ratio': 空值比例=0.00%, 零值比例=39.52%
2025-07-16 13:18:06 - FeatureEng-20250716_131526 - INFO -     - 'RAW_2_adf_stat_left': 空值比例=0.00%, 零值比例=0.00%
2025-07-16 13:18:06 - FeatureEng-20250716_131526 - INFO -     - 'RAW_2_adf_stat_right': 空值比例=0.00%, 零值比例=0.00%
2025-07-16 13:18:06 - FeatureEng-20250716_131526 - INFO -     - 'RAW_2_adf_stat_whole': 空值比例=0.00%, 零值比例=0.00%
2025-07-16 13:18:06 - FeatureEng-20250716_131526 - INFO -     - 'RAW_2_adf_stat_diff': 空值比例=0.00%, 零值比例=0.00%
2025-07-16 13:18:06 - FeatureEng-20250716_131526 - INFO -     - 'RAW_2_adf_stat_ratio': 空值比例=0.00%, 零值比例=0.00%
2025-07-16 13:18:06 - FeatureEng-20250716_131526 - INFO -     - 'RAW_2_adf_icbest_left': 空值比例=0.00%, 零值比例=0.00%
2025-07-16 13:18:06 - FeatureEng-20250716_131526 - INFO -     - 'RAW_2_adf_icbest_right': 空值比例=0.00%, 零值比例=0.00%
2025-07-16 13:18:06 - FeatureEng-20250716_131526 - INFO -     - 'RAW_2_adf_icbest_whole': 空值比例=0.00%, 零值比例=0.00%
2025-07-16 13:18:06 - FeatureEng-20250716_131526 - INFO -     - 'RAW_2_adf_icbest_diff': 空值比例=0.00%, 零值比例=0.00%
2025-07-16 13:18:06 - FeatureEng-20250716_131526 - INFO -     - 'RAW_2_adf_icbest_ratio': 空值比例=0.00%, 零值比例=0.00%
2025-07-16 13:18:06 - FeatureEng-20250716_131526 - INFO - 
Number of new features: 20
2025-07-16 13:18:06 - FeatureEng-20250716_131526 - INFO - Number of loaded features: 203
2025-07-16 13:18:07 - FeatureEng-20250716_131526 - INFO - 
New features with high correlation (|corr| > 0.7) to loaded features:
2025-07-16 13:18:07 - FeatureEng-20250716_131526 - INFO - 
RAW_2_shapiro_pvalue_whole is highly correlated with:
2025-07-16 13:18:07 - FeatureEng-20250716_131526 - INFO -   - RAW_2_shapiro_pvalue_left: 0.910
2025-07-16 13:18:07 - FeatureEng-20250716_131526 - INFO -   - RAW_2_shapiro_pvalue_right: 0.734
2025-07-16 13:18:07 - FeatureEng-20250716_131526 - INFO -   - RAW_2_jb_pvalue_left: 0.855
2025-07-16 13:18:07 - FeatureEng-20250716_131526 - INFO -   - RAW_2_jb_pvalue_right: 0.727
2025-07-16 13:18:07 - FeatureEng-20250716_131526 - INFO - 
RAW_2_jb_pvalue_whole is highly correlated with:
2025-07-16 13:18:07 - FeatureEng-20250716_131526 - INFO -   - RAW_2_shapiro_pvalue_left: 0.846
2025-07-16 13:18:07 - FeatureEng-20250716_131526 - INFO -   - RAW_2_shapiro_pvalue_right: 0.710
2025-07-16 13:18:07 - FeatureEng-20250716_131526 - INFO -   - RAW_2_jb_pvalue_left: 0.899
2025-07-16 13:18:07 - FeatureEng-20250716_131526 - INFO -   - RAW_2_jb_pvalue_right: 0.729
2025-07-16 13:18:07 - FeatureEng-20250716_131526 - INFO - 
RAW_2_kpss_pvalue_ratio is highly correlated with:
2025-07-16 13:18:07 - FeatureEng-20250716_131526 - INFO -   - RAW_2_kpss_pvalue_left: -0.841
2025-07-16 13:18:07 - FeatureEng-20250716_131526 - INFO -   - RAW_2_kpss_pvalue_diff: 0.756
2025-07-16 13:18:07 - FeatureEng-20250716_131526 - INFO - 
RAW_2_kpss_stat_left is highly correlated with:
2025-07-16 13:18:07 - FeatureEng-20250716_131526 - INFO -   - RAW_2_kpss_pvalue_left: -0.845
2025-07-16 13:18:07 - FeatureEng-20250716_131526 - INFO -   - RAW_2_kpss_stat_diff: -0.742
2025-07-16 13:18:07 - FeatureEng-20250716_131526 - INFO - 
RAW_2_kpss_stat_right is highly correlated with:
2025-07-16 13:18:07 - FeatureEng-20250716_131526 - INFO -   - RAW_2_kpss_pvalue_right: -0.805
2025-07-16 13:18:07 - FeatureEng-20250716_131526 - INFO - 
RAW_2_adf_pvalue_ratio is highly correlated with:
2025-07-16 13:18:07 - FeatureEng-20250716_131526 - INFO -   - RAW_2_adf_pvalue_right: 1.000
2025-07-16 13:18:07 - FeatureEng-20250716_131526 - INFO -   - RAW_2_adf_pvalue_diff: 0.915
2025-07-16 13:18:07 - FeatureEng-20250716_131526 - INFO - 
RAW_2_adf_stat_left is highly correlated with:
2025-07-16 13:18:07 - FeatureEng-20250716_131526 - INFO -   - RAW_2_adf_stat_diff: -0.844
2025-07-16 13:18:07 - FeatureEng-20250716_131526 - INFO - 
RAW_2_adf_stat_ratio is highly correlated with:
2025-07-16 13:18:07 - FeatureEng-20250716_131526 - INFO -   - RAW_2_adf_stat_diff: -0.745
2025-07-16 13:18:07 - FeatureEng-20250716_131526 - INFO - 
RAW_2_adf_icbest_left is highly correlated with:
2025-07-16 13:18:07 - FeatureEng-20250716_131526 - INFO -   - RAW_2_adf_icbest_diff: -0.916
2025-07-16 13:18:07 - FeatureEng-20250716_131526 - INFO -   - RAW_12_rpt_cost_normal_left: 0.977
2025-07-16 13:18:07 - FeatureEng-20250716_131526 - INFO -   - RAW_12_rpt_cost_normal_whole: 0.944
2025-07-16 13:18:07 - FeatureEng-20250716_131526 - INFO - 
RAW_2_adf_icbest_right is highly correlated with:
2025-07-16 13:18:07 - FeatureEng-20250716_131526 - INFO -   - RAW_12_rpt_cost_normal_right: 0.977
2025-07-16 13:18:07 - FeatureEng-20250716_131526 - INFO -   - RAW_12_rpt_cost_normal_whole: 0.706
2025-07-16 13:18:07 - FeatureEng-20250716_131526 - INFO - 
RAW_2_adf_icbest_whole is highly correlated with:
2025-07-16 13:18:07 - FeatureEng-20250716_131526 - INFO -   - RAW_2_adf_icbest_diff: -0.768
2025-07-16 13:18:07 - FeatureEng-20250716_131526 - INFO -   - RAW_12_rpt_cost_normal_left: 0.912
2025-07-16 13:18:07 - FeatureEng-20250716_131526 - INFO -   - RAW_12_rpt_cost_normal_whole: 0.978
2025-07-16 13:18:07 - FeatureEng-20250716_131526 - INFO - 
Dropping 4 new features with |corr| > 0.95:
2025-07-16 13:18:07 - FeatureEng-20250716_131526 - INFO -   - RAW_2_adf_pvalue_ratio
2025-07-16 13:18:07 - FeatureEng-20250716_131526 - INFO -   - RAW_2_adf_icbest_left
2025-07-16 13:18:07 - FeatureEng-20250716_131526 - INFO -   - RAW_2_adf_icbest_right
2025-07-16 13:18:07 - FeatureEng-20250716_131526 - INFO -   - RAW_2_adf_icbest_whole
2025-07-16 13:18:07 - FeatureEng-20250716_131526 - INFO - --- 开始生成特征: cumulative_features ---
2025-07-16 13:18:12 - FeatureEng-20250716_131526 - INFO - 'cumulative_features' 生成完毕，耗时: 4.90 秒。
2025-07-16 13:18:12 - FeatureEng-20250716_131526 - INFO -   新生成特征列名: ['RAW_3_sum_left', 'RAW_3_sum_right', 'RAW_3_sum_whole', 'RAW_3_sum_diff', 'RAW_3_sum_ratio', 'RAW_3_cumsum_max_left', 'RAW_3_cumsum_max_right', 'RAW_3_cumsum_max_whole', 'RAW_3_cumsum_max_diff', 'RAW_3_cumsum_max_ratio']
2025-07-16 13:18:12 - FeatureEng-20250716_131526 - INFO -     - 'RAW_3_sum_left': 空值比例=0.00%, 零值比例=0.00%
2025-07-16 13:18:12 - FeatureEng-20250716_131526 - INFO -     - 'RAW_3_sum_right': 空值比例=0.00%, 零值比例=0.00%
2025-07-16 13:18:12 - FeatureEng-20250716_131526 - INFO -     - 'RAW_3_sum_whole': 空值比例=0.00%, 零值比例=0.00%
2025-07-16 13:18:12 - FeatureEng-20250716_131526 - INFO -     - 'RAW_3_sum_diff': 空值比例=0.00%, 零值比例=0.00%
2025-07-16 13:18:12 - FeatureEng-20250716_131526 - INFO -     - 'RAW_3_sum_ratio': 空值比例=0.00%, 零值比例=0.00%
2025-07-16 13:18:12 - FeatureEng-20250716_131526 - INFO -     - 'RAW_3_cumsum_max_left': 空值比例=0.00%, 零值比例=0.00%
2025-07-16 13:18:12 - FeatureEng-20250716_131526 - INFO -     - 'RAW_3_cumsum_max_right': 空值比例=0.00%, 零值比例=0.00%
2025-07-16 13:18:12 - FeatureEng-20250716_131526 - INFO -     - 'RAW_3_cumsum_max_whole': 空值比例=0.00%, 零值比例=0.00%
2025-07-16 13:18:12 - FeatureEng-20250716_131526 - INFO -     - 'RAW_3_cumsum_max_diff': 空值比例=0.00%, 零值比例=0.00%
2025-07-16 13:18:12 - FeatureEng-20250716_131526 - INFO -     - 'RAW_3_cumsum_max_ratio': 空值比例=0.00%, 零值比例=0.00%
2025-07-16 13:18:12 - FeatureEng-20250716_131526 - INFO - 
Number of new features: 7
2025-07-16 13:18:12 - FeatureEng-20250716_131526 - INFO - Number of loaded features: 219
2025-07-16 13:18:12 - FeatureEng-20250716_131526 - INFO - 
New features with high correlation (|corr| > 0.7) to loaded features:
2025-07-16 13:18:12 - FeatureEng-20250716_131526 - INFO - 
RAW_3_sum_left is highly correlated with:
2025-07-16 13:18:12 - FeatureEng-20250716_131526 - INFO -   - RAW_1_stats_mean_left: 0.992
2025-07-16 13:18:12 - FeatureEng-20250716_131526 - INFO -   - RAW_1_stats_mean_whole: 0.921
2025-07-16 13:18:12 - FeatureEng-20250716_131526 - INFO -   - RAW_1_stats_std_left: 0.739
2025-07-16 13:18:12 - FeatureEng-20250716_131526 - INFO -   - RAW_1_stats_std_whole: 0.730
2025-07-16 13:18:12 - FeatureEng-20250716_131526 - INFO -   - RAW_3_sum_diff: -0.945
2025-07-16 13:18:12 - FeatureEng-20250716_131526 - INFO -   - RAW_3_cumsum_max_diff: -0.945
2025-07-16 13:18:12 - FeatureEng-20250716_131526 - INFO -   - RAW_5_max_power_diff: -0.934
2025-07-16 13:18:12 - FeatureEng-20250716_131526 - INFO -   - RAW_2_adf_pvalue_left: 0.768
2025-07-16 13:18:12 - FeatureEng-20250716_131526 - INFO - 
RAW_3_sum_whole is highly correlated with:
2025-07-16 13:18:12 - FeatureEng-20250716_131526 - INFO -   - RAW_1_stats_mean_left: 0.940
2025-07-16 13:18:12 - FeatureEng-20250716_131526 - INFO -   - RAW_1_stats_mean_whole: 0.989
2025-07-16 13:18:12 - FeatureEng-20250716_131526 - INFO -   - RAW_1_stats_std_left: 0.700
2025-07-16 13:18:12 - FeatureEng-20250716_131526 - INFO -   - RAW_1_stats_std_whole: 0.728
2025-07-16 13:18:12 - FeatureEng-20250716_131526 - INFO -   - RAW_3_sum_diff: -0.790
2025-07-16 13:18:12 - FeatureEng-20250716_131526 - INFO -   - RAW_3_cumsum_max_diff: -0.790
2025-07-16 13:18:12 - FeatureEng-20250716_131526 - INFO -   - RAW_5_max_power_diff: -0.846
2025-07-16 13:18:12 - FeatureEng-20250716_131526 - INFO -   - RAW_11_ar_residuals_s2_pred_std: 0.771
2025-07-16 13:18:12 - FeatureEng-20250716_131526 - INFO -   - RAW_2_adf_pvalue_left: 0.720
2025-07-16 13:18:12 - FeatureEng-20250716_131526 - INFO - 
RAW_3_cumsum_max_left is highly correlated with:
2025-07-16 13:18:12 - FeatureEng-20250716_131526 - INFO -   - RAW_1_stats_mean_left: 0.991
2025-07-16 13:18:12 - FeatureEng-20250716_131526 - INFO -   - RAW_1_stats_mean_whole: 0.920
2025-07-16 13:18:12 - FeatureEng-20250716_131526 - INFO -   - RAW_1_stats_std_left: 0.743
2025-07-16 13:18:12 - FeatureEng-20250716_131526 - INFO -   - RAW_1_stats_std_whole: 0.735
2025-07-16 13:18:12 - FeatureEng-20250716_131526 - INFO -   - RAW_3_sum_diff: -0.943
2025-07-16 13:18:12 - FeatureEng-20250716_131526 - INFO -   - RAW_3_cumsum_max_diff: -0.945
2025-07-16 13:18:12 - FeatureEng-20250716_131526 - INFO -   - RAW_5_max_power_diff: -0.935
2025-07-16 13:18:12 - FeatureEng-20250716_131526 - INFO -   - RAW_2_adf_pvalue_left: 0.768
2025-07-16 13:18:12 - FeatureEng-20250716_131526 - INFO - 
RAW_3_cumsum_max_right is highly correlated with:
2025-07-16 13:18:12 - FeatureEng-20250716_131526 - INFO -   - RAW_1_stats_mean_right: 0.933
2025-07-16 13:18:12 - FeatureEng-20250716_131526 - INFO -   - RAW_1_stats_mean_diff: 0.707
2025-07-16 13:18:12 - FeatureEng-20250716_131526 - INFO -   - RAW_1_stats_max_ratio: 0.790
2025-07-16 13:18:12 - FeatureEng-20250716_131526 - INFO -   - RAW_1_stats_range_ratio: 0.790
2025-07-16 13:18:12 - FeatureEng-20250716_131526 - INFO -   - RAW_1_stats_std_right: 0.760
2025-07-16 13:18:12 - FeatureEng-20250716_131526 - INFO -   - RAW_1_stats_std_ratio: 0.793
2025-07-16 13:18:12 - FeatureEng-20250716_131526 - INFO -   - RAW_1_stats_mean_of_rolling_std_ratio: 0.799
2025-07-16 13:18:12 - FeatureEng-20250716_131526 - INFO -   - RAW_3_sum_right: 0.995
2025-07-16 13:18:12 - FeatureEng-20250716_131526 - INFO -   - RAW_12_rpt_cost_l2_right: 0.719
2025-07-16 13:18:12 - FeatureEng-20250716_131526 - INFO -   - RAW_12_rpt_cost_clinear_right: 0.711
2025-07-16 13:18:12 - FeatureEng-20250716_131526 - INFO - 
RAW_3_cumsum_max_whole is highly correlated with:
2025-07-16 13:18:12 - FeatureEng-20250716_131526 - INFO -   - RAW_1_stats_mean_left: 0.939
2025-07-16 13:18:12 - FeatureEng-20250716_131526 - INFO -   - RAW_1_stats_mean_whole: 0.988
2025-07-16 13:18:12 - FeatureEng-20250716_131526 - INFO -   - RAW_1_stats_std_left: 0.705
2025-07-16 13:18:12 - FeatureEng-20250716_131526 - INFO -   - RAW_1_stats_std_whole: 0.733
2025-07-16 13:18:12 - FeatureEng-20250716_131526 - INFO -   - RAW_3_sum_diff: -0.791
2025-07-16 13:18:12 - FeatureEng-20250716_131526 - INFO -   - RAW_3_cumsum_max_diff: -0.792
2025-07-16 13:18:12 - FeatureEng-20250716_131526 - INFO -   - RAW_5_max_power_diff: -0.846
2025-07-16 13:18:12 - FeatureEng-20250716_131526 - INFO -   - RAW_11_ar_residuals_s2_pred_std: 0.777
2025-07-16 13:18:12 - FeatureEng-20250716_131526 - INFO -   - RAW_2_adf_pvalue_left: 0.720
2025-07-16 13:18:12 - FeatureEng-20250716_131526 - INFO - 
RAW_3_cumsum_max_ratio is highly correlated with:
2025-07-16 13:18:12 - FeatureEng-20250716_131526 - INFO -   - RAW_10_linear_trend_attr_slope_: 0.722
2025-07-16 13:18:12 - FeatureEng-20250716_131526 - INFO - 
Dropping 5 new features with |corr| > 0.95:
2025-07-16 13:18:12 - FeatureEng-20250716_131526 - INFO -   - RAW_3_sum_left
2025-07-16 13:18:12 - FeatureEng-20250716_131526 - INFO -   - RAW_3_sum_whole
2025-07-16 13:18:12 - FeatureEng-20250716_131526 - INFO -   - RAW_3_cumsum_max_left
2025-07-16 13:18:12 - FeatureEng-20250716_131526 - INFO -   - RAW_3_cumsum_max_right
2025-07-16 13:18:12 - FeatureEng-20250716_131526 - INFO -   - RAW_3_cumsum_max_whole
2025-07-16 13:18:12 - FeatureEng-20250716_131526 - INFO - --- 开始生成特征: oscillation_features ---
2025-07-16 13:18:18 - FeatureEng-20250716_131526 - INFO - 'oscillation_features' 生成完毕，耗时: 5.84 秒。
2025-07-16 13:18:18 - FeatureEng-20250716_131526 - INFO -   新生成特征列名: ['RAW_4_zero_cross_left', 'RAW_4_zero_cross_right', 'RAW_4_zero_cross_whole', 'RAW_4_zero_cross_diff', 'RAW_4_zero_cross_ratio', 'RAW_4_autocorr_lag1_left', 'RAW_4_autocorr_lag1_right', 'RAW_4_autocorr_lag1_whole', 'RAW_4_autocorr_lag1_diff', 'RAW_4_autocorr_lag1_ratio', 'RAW_4_diff_var_left', 'RAW_4_diff_var_right', 'RAW_4_diff_var_whole', 'RAW_4_diff_var_diff', 'RAW_4_diff_var_ratio']
2025-07-16 13:18:18 - FeatureEng-20250716_131526 - INFO -     - 'RAW_4_zero_cross_left': 空值比例=0.00%, 零值比例=0.00%
2025-07-16 13:18:18 - FeatureEng-20250716_131526 - INFO -     - 'RAW_4_zero_cross_right': 空值比例=0.00%, 零值比例=0.00%
2025-07-16 13:18:18 - FeatureEng-20250716_131526 - INFO -     - 'RAW_4_zero_cross_whole': 空值比例=0.00%, 零值比例=0.00%
2025-07-16 13:18:18 - FeatureEng-20250716_131526 - INFO -     - 'RAW_4_zero_cross_diff': 空值比例=0.00%, 零值比例=0.00%
2025-07-16 13:18:18 - FeatureEng-20250716_131526 - INFO -     - 'RAW_4_zero_cross_ratio': 空值比例=0.00%, 零值比例=0.00%
2025-07-16 13:18:18 - FeatureEng-20250716_131526 - INFO -     - 'RAW_4_autocorr_lag1_left': 空值比例=0.00%, 零值比例=0.00%
2025-07-16 13:18:18 - FeatureEng-20250716_131526 - INFO -     - 'RAW_4_autocorr_lag1_right': 空值比例=0.00%, 零值比例=0.00%
2025-07-16 13:18:18 - FeatureEng-20250716_131526 - INFO -     - 'RAW_4_autocorr_lag1_whole': 空值比例=0.00%, 零值比例=0.00%
2025-07-16 13:18:18 - FeatureEng-20250716_131526 - INFO -     - 'RAW_4_autocorr_lag1_diff': 空值比例=0.00%, 零值比例=0.00%
2025-07-16 13:18:18 - FeatureEng-20250716_131526 - INFO -     - 'RAW_4_autocorr_lag1_ratio': 空值比例=0.00%, 零值比例=0.00%
2025-07-16 13:18:18 - FeatureEng-20250716_131526 - INFO -     - 'RAW_4_diff_var_left': 空值比例=0.00%, 零值比例=0.00%
2025-07-16 13:18:18 - FeatureEng-20250716_131526 - INFO -     - 'RAW_4_diff_var_right': 空值比例=0.00%, 零值比例=0.00%
2025-07-16 13:18:18 - FeatureEng-20250716_131526 - INFO -     - 'RAW_4_diff_var_whole': 空值比例=0.00%, 零值比例=0.00%
2025-07-16 13:18:18 - FeatureEng-20250716_131526 - INFO -     - 'RAW_4_diff_var_diff': 空值比例=0.00%, 零值比例=0.00%
2025-07-16 13:18:18 - FeatureEng-20250716_131526 - INFO -     - 'RAW_4_diff_var_ratio': 空值比例=0.00%, 零值比例=0.00%
2025-07-16 13:18:18 - FeatureEng-20250716_131526 - INFO - 
Number of new features: 13
2025-07-16 13:18:18 - FeatureEng-20250716_131526 - INFO - Number of loaded features: 221
2025-07-16 13:18:19 - FeatureEng-20250716_131526 - INFO - 
New features with high correlation (|corr| > 0.7) to loaded features:
2025-07-16 13:18:19 - FeatureEng-20250716_131526 - INFO - 
RAW_4_zero_cross_left is highly correlated with:
2025-07-16 13:18:19 - FeatureEng-20250716_131526 - INFO -   - RAW_4_zero_cross_diff: -0.892
2025-07-16 13:18:19 - FeatureEng-20250716_131526 - INFO -   - RAW_8_num_zerocross_0: 0.996
2025-07-16 13:18:19 - FeatureEng-20250716_131526 - INFO -   - RAW_12_rpt_cost_rbf_left: 0.905
2025-07-16 13:18:19 - FeatureEng-20250716_131526 - INFO -   - RAW_12_rpt_cost_rbf_whole: 0.827
2025-07-16 13:18:19 - FeatureEng-20250716_131526 - INFO -   - RAW_12_rpt_cost_mahalanobis_left: 0.753
2025-07-16 13:18:19 - FeatureEng-20250716_131526 - INFO -   - RAW_12_rpt_cost_mahalanobis_whole: 0.826
2025-07-16 13:18:19 - FeatureEng-20250716_131526 - INFO - 
RAW_4_zero_cross_right is highly correlated with:
2025-07-16 13:18:19 - FeatureEng-20250716_131526 - INFO -   - RAW_8_shannon_entropy_1: 0.786
2025-07-16 13:18:19 - FeatureEng-20250716_131526 - INFO -   - RAW_8_approx_entropy_1: 0.728
2025-07-16 13:18:19 - FeatureEng-20250716_131526 - INFO -   - RAW_8_num_zerocross_1: 0.998
2025-07-16 13:18:19 - FeatureEng-20250716_131526 - INFO -   - RAW_9_petrosian_fd_diff: 0.714
2025-07-16 13:18:19 - FeatureEng-20250716_131526 - INFO -   - RAW_12_rpt_cost_rbf_right: 0.879
2025-07-16 13:18:19 - FeatureEng-20250716_131526 - INFO -   - RAW_12_rpt_cost_normal_right: -0.745
2025-07-16 13:18:19 - FeatureEng-20250716_131526 - INFO -   - RAW_2_mannwhitney_stat: 0.758
2025-07-16 13:18:19 - FeatureEng-20250716_131526 - INFO - 
RAW_4_zero_cross_whole is highly correlated with:
2025-07-16 13:18:19 - FeatureEng-20250716_131526 - INFO -   - RAW_8_num_zerocross_0: 0.900
2025-07-16 13:18:19 - FeatureEng-20250716_131526 - INFO -   - RAW_12_rpt_cost_rbf_left: 0.791
2025-07-16 13:18:19 - FeatureEng-20250716_131526 - INFO -   - RAW_12_rpt_cost_rbf_whole: 0.899
2025-07-16 13:18:19 - FeatureEng-20250716_131526 - INFO -   - RAW_12_rpt_cost_mahalanobis_whole: 0.899
2025-07-16 13:18:19 - FeatureEng-20250716_131526 - INFO -   - RAW_2_mannwhitney_stat: 0.775
2025-07-16 13:18:19 - FeatureEng-20250716_131526 - INFO - 
RAW_4_zero_cross_ratio is highly correlated with:
2025-07-16 13:18:19 - FeatureEng-20250716_131526 - INFO -   - RAW_1_stats_max_left: 0.702
2025-07-16 13:18:19 - FeatureEng-20250716_131526 - INFO -   - RAW_1_stats_range_left: 0.700
2025-07-16 13:18:19 - FeatureEng-20250716_131526 - INFO -   - RAW_1_stats_std_left: 0.706
2025-07-16 13:18:19 - FeatureEng-20250716_131526 - INFO - 
RAW_4_autocorr_lag1_left is highly correlated with:
2025-07-16 13:18:19 - FeatureEng-20250716_131526 - INFO -   - RAW_8_svd_entropy_0: -0.703
2025-07-16 13:18:19 - FeatureEng-20250716_131526 - INFO -   - RAW_8_svd_entropy_1: -0.731
2025-07-16 13:18:19 - FeatureEng-20250716_131526 - INFO -   - RAW_8_hjorth_mobility_0: -0.997
2025-07-16 13:18:19 - FeatureEng-20250716_131526 - INFO -   - RAW_8_hjorth_complexity_0: 0.971
2025-07-16 13:18:19 - FeatureEng-20250716_131526 - INFO -   - RAW_8_hjorth_mobility_1: -0.818
2025-07-16 13:18:19 - FeatureEng-20250716_131526 - INFO -   - RAW_8_hjorth_complexity_1: 0.845
2025-07-16 13:18:19 - FeatureEng-20250716_131526 - INFO - 
RAW_4_autocorr_lag1_right is highly correlated with:
2025-07-16 13:18:19 - FeatureEng-20250716_131526 - INFO -   - RAW_8_svd_entropy_0: -0.714
2025-07-16 13:18:19 - FeatureEng-20250716_131526 - INFO -   - RAW_8_hjorth_mobility_0: -0.813
2025-07-16 13:18:19 - FeatureEng-20250716_131526 - INFO -   - RAW_8_hjorth_complexity_0: 0.831
2025-07-16 13:18:19 - FeatureEng-20250716_131526 - INFO -   - RAW_8_hjorth_mobility_1: -0.996
2025-07-16 13:18:19 - FeatureEng-20250716_131526 - INFO -   - RAW_8_hjorth_complexity_1: 0.961
2025-07-16 13:18:19 - FeatureEng-20250716_131526 - INFO - 
RAW_4_autocorr_lag1_whole is highly correlated with:
2025-07-16 13:18:19 - FeatureEng-20250716_131526 - INFO -   - RAW_8_svd_entropy_0: -0.717
2025-07-16 13:18:19 - FeatureEng-20250716_131526 - INFO -   - RAW_8_svd_entropy_1: -0.721
2025-07-16 13:18:19 - FeatureEng-20250716_131526 - INFO -   - RAW_8_hjorth_mobility_0: -0.977
2025-07-16 13:18:19 - FeatureEng-20250716_131526 - INFO -   - RAW_8_hjorth_complexity_0: 0.961
2025-07-16 13:18:19 - FeatureEng-20250716_131526 - INFO -   - RAW_8_hjorth_mobility_1: -0.896
2025-07-16 13:18:19 - FeatureEng-20250716_131526 - INFO -   - RAW_8_hjorth_complexity_1: 0.903
2025-07-16 13:18:19 - FeatureEng-20250716_131526 - INFO - 
RAW_4_diff_var_left is highly correlated with:
2025-07-16 13:18:19 - FeatureEng-20250716_131526 - INFO -   - RAW_1_stats_max_left: 0.978
2025-07-16 13:18:19 - FeatureEng-20250716_131526 - INFO -   - RAW_1_stats_max_whole: 0.970
2025-07-16 13:18:19 - FeatureEng-20250716_131526 - INFO -   - RAW_1_stats_max_diff: -0.971
2025-07-16 13:18:19 - FeatureEng-20250716_131526 - INFO -   - RAW_1_stats_range_left: 0.976
2025-07-16 13:18:19 - FeatureEng-20250716_131526 - INFO -   - RAW_1_stats_range_whole: 0.967
2025-07-16 13:18:19 - FeatureEng-20250716_131526 - INFO -   - RAW_1_stats_range_diff: -0.970
2025-07-16 13:18:19 - FeatureEng-20250716_131526 - INFO -   - RAW_1_stats_std_left: 0.946
2025-07-16 13:18:19 - FeatureEng-20250716_131526 - INFO -   - RAW_1_stats_std_whole: 0.938
2025-07-16 13:18:19 - FeatureEng-20250716_131526 - INFO -   - RAW_1_stats_std_diff: -0.935
2025-07-16 13:18:19 - FeatureEng-20250716_131526 - INFO -   - RAW_10_agg_linear_trend_attr_intercept_chunk_len_50_f_agg_max_: -0.726
2025-07-16 13:18:19 - FeatureEng-20250716_131526 - INFO - 
RAW_4_diff_var_right is highly correlated with:
2025-07-16 13:18:19 - FeatureEng-20250716_131526 - INFO -   - RAW_1_stats_mean_right: 0.782
2025-07-16 13:18:19 - FeatureEng-20250716_131526 - INFO -   - RAW_1_stats_max_right: 0.838
2025-07-16 13:18:19 - FeatureEng-20250716_131526 - INFO -   - RAW_1_stats_range_right: 0.821
2025-07-16 13:18:19 - FeatureEng-20250716_131526 - INFO -   - RAW_1_stats_std_right: 0.820
2025-07-16 13:18:19 - FeatureEng-20250716_131526 - INFO -   - RAW_12_rpt_cost_l2_right: 0.913
2025-07-16 13:18:19 - FeatureEng-20250716_131526 - INFO -   - RAW_12_rpt_cost_clinear_right: 0.874
2025-07-16 13:18:19 - FeatureEng-20250716_131526 - INFO -   - RAW_12_rpt_cost_ar_right: 0.849
2025-07-16 13:18:19 - FeatureEng-20250716_131526 - INFO -   - RAW_3_sum_right: 0.795
2025-07-16 13:18:19 - FeatureEng-20250716_131526 - INFO - 
RAW_4_diff_var_whole is highly correlated with:
2025-07-16 13:18:19 - FeatureEng-20250716_131526 - INFO -   - RAW_1_stats_max_left: 0.978
2025-07-16 13:18:19 - FeatureEng-20250716_131526 - INFO -   - RAW_1_stats_max_whole: 0.971
2025-07-16 13:18:19 - FeatureEng-20250716_131526 - INFO -   - RAW_1_stats_max_diff: -0.969
2025-07-16 13:18:19 - FeatureEng-20250716_131526 - INFO -   - RAW_1_stats_range_left: 0.976
2025-07-16 13:18:19 - FeatureEng-20250716_131526 - INFO -   - RAW_1_stats_range_whole: 0.969
2025-07-16 13:18:19 - FeatureEng-20250716_131526 - INFO -   - RAW_1_stats_range_diff: -0.968
2025-07-16 13:18:19 - FeatureEng-20250716_131526 - INFO -   - RAW_1_stats_std_left: 0.945
2025-07-16 13:18:19 - FeatureEng-20250716_131526 - INFO -   - RAW_1_stats_std_whole: 0.939
2025-07-16 13:18:19 - FeatureEng-20250716_131526 - INFO -   - RAW_1_stats_std_diff: -0.931
2025-07-16 13:18:19 - FeatureEng-20250716_131526 - INFO -   - RAW_10_agg_linear_trend_attr_intercept_chunk_len_50_f_agg_max_: -0.727
2025-07-16 13:18:19 - FeatureEng-20250716_131526 - INFO - 
RAW_4_diff_var_diff is highly correlated with:
2025-07-16 13:18:19 - FeatureEng-20250716_131526 - INFO -   - RAW_1_stats_max_left: -0.976
2025-07-16 13:18:19 - FeatureEng-20250716_131526 - INFO -   - RAW_1_stats_max_whole: -0.964
2025-07-16 13:18:19 - FeatureEng-20250716_131526 - INFO -   - RAW_1_stats_max_diff: 0.974
2025-07-16 13:18:19 - FeatureEng-20250716_131526 - INFO -   - RAW_1_stats_range_left: -0.974
2025-07-16 13:18:19 - FeatureEng-20250716_131526 - INFO -   - RAW_1_stats_range_whole: -0.962
2025-07-16 13:18:19 - FeatureEng-20250716_131526 - INFO -   - RAW_1_stats_range_diff: 0.973
2025-07-16 13:18:19 - FeatureEng-20250716_131526 - INFO -   - RAW_1_stats_std_left: -0.944
2025-07-16 13:18:19 - FeatureEng-20250716_131526 - INFO -   - RAW_1_stats_std_whole: -0.931
2025-07-16 13:18:19 - FeatureEng-20250716_131526 - INFO -   - RAW_1_stats_std_diff: 0.943
2025-07-16 13:18:19 - FeatureEng-20250716_131526 - INFO -   - RAW_10_agg_linear_trend_attr_intercept_chunk_len_50_f_agg_max_: 0.727
2025-07-16 13:18:19 - FeatureEng-20250716_131526 - INFO - 
RAW_4_diff_var_ratio is highly correlated with:
2025-07-16 13:18:19 - FeatureEng-20250716_131526 - INFO -   - RAW_1_stats_mean_right: 0.702
2025-07-16 13:18:19 - FeatureEng-20250716_131526 - INFO -   - RAW_1_stats_max_ratio: 0.989
2025-07-16 13:18:19 - FeatureEng-20250716_131526 - INFO -   - RAW_1_stats_range_ratio: 0.984
2025-07-16 13:18:19 - FeatureEng-20250716_131526 - INFO -   - RAW_1_stats_std_ratio: 0.998
2025-07-16 13:18:19 - FeatureEng-20250716_131526 - INFO -   - RAW_1_stats_mean_of_rolling_std_ratio: 0.989
2025-07-16 13:18:19 - FeatureEng-20250716_131526 - INFO -   - RAW_10_agg_linear_trend_attr_slope_chunk_len_50_f_agg_mean_: 0.812
2025-07-16 13:18:19 - FeatureEng-20250716_131526 - INFO -   - RAW_10_agg_linear_trend_attr_slope_chunk_len_10_f_agg_mean_: 0.718
2025-07-16 13:18:19 - FeatureEng-20250716_131526 - INFO -   - RAW_3_sum_right: 0.782
2025-07-16 13:18:19 - FeatureEng-20250716_131526 - INFO - 
Dropping 9 new features with |corr| > 0.95:
2025-07-16 13:18:19 - FeatureEng-20250716_131526 - INFO -   - RAW_4_zero_cross_left
2025-07-16 13:18:19 - FeatureEng-20250716_131526 - INFO -   - RAW_4_zero_cross_right
2025-07-16 13:18:19 - FeatureEng-20250716_131526 - INFO -   - RAW_4_autocorr_lag1_left
2025-07-16 13:18:19 - FeatureEng-20250716_131526 - INFO -   - RAW_4_autocorr_lag1_right
2025-07-16 13:18:19 - FeatureEng-20250716_131526 - INFO -   - RAW_4_autocorr_lag1_whole
2025-07-16 13:18:19 - FeatureEng-20250716_131526 - INFO -   - RAW_4_diff_var_left
2025-07-16 13:18:19 - FeatureEng-20250716_131526 - INFO -   - RAW_4_diff_var_whole
2025-07-16 13:18:19 - FeatureEng-20250716_131526 - INFO -   - RAW_4_diff_var_diff
2025-07-16 13:18:19 - FeatureEng-20250716_131526 - INFO -   - RAW_4_diff_var_ratio
2025-07-16 13:18:19 - FeatureEng-20250716_131526 - INFO - 已将文件 features_20250716_111815.parquet 备份到: E:\CSworks\2025spring\crunch\repo\ADIA-Lab-Structural-Break\feature_dfs\backups
2025-07-16 13:18:19 - FeatureEng-20250716_131526 - INFO - 特征已保存到新文件: features_20250716_131819.parquet
2025-07-16 13:18:19 - FeatureEng-20250716_131526 - INFO - --- 生成后完整特征列表 ---
2025-07-16 13:18:19 - FeatureEng-20250716_131526 - INFO - ['RAW_1_stats_mean_left', 'RAW_1_stats_mean_right', 'RAW_1_stats_mean_whole', 'RAW_1_stats_mean_diff', 'RAW_1_stats_mean_ratio', 'RAW_1_stats_median_left', 'RAW_1_stats_median_right', 'RAW_1_stats_median_whole', 'RAW_1_stats_median_diff', 'RAW_1_stats_median_ratio', 'RAW_1_stats_max_left', 'RAW_1_stats_max_right', 'RAW_1_stats_max_whole', 'RAW_1_stats_max_diff', 'RAW_1_stats_max_ratio', 'RAW_1_stats_min_left', 'RAW_1_stats_min_right', 'RAW_1_stats_min_whole', 'RAW_1_stats_min_diff', 'RAW_1_stats_min_ratio', 'RAW_1_stats_range_left', 'RAW_1_stats_range_right', 'RAW_1_stats_range_whole', 'RAW_1_stats_range_diff', 'RAW_1_stats_range_ratio', 'RAW_1_stats_std_left', 'RAW_1_stats_std_right', 'RAW_1_stats_std_whole', 'RAW_1_stats_std_diff', 'RAW_1_stats_std_ratio', 'RAW_1_stats_skew_left', 'RAW_1_stats_skew_right', 'RAW_1_stats_skew_whole', 'RAW_1_stats_skew_diff', 'RAW_1_stats_skew_ratio', 'RAW_1_stats_kurt_left', 'RAW_1_stats_kurt_right', 'RAW_1_stats_kurt_whole', 'RAW_1_stats_kurt_diff', 'RAW_1_stats_kurt_ratio', 'RAW_1_stats_cv_left', 'RAW_1_stats_cv_right', 'RAW_1_stats_cv_whole', 'RAW_1_stats_cv_diff', 'RAW_1_stats_cv_ratio', 'RAW_1_stats_mean_of_rolling_std_left', 'RAW_1_stats_mean_of_rolling_std_right', 'RAW_1_stats_mean_of_rolling_std_whole', 'RAW_1_stats_mean_of_rolling_std_diff', 'RAW_1_stats_mean_of_rolling_std_ratio', 'RAW_1_stats_theil_sen_slope_left', 'RAW_1_stats_theil_sen_slope_right', 'RAW_1_stats_theil_sen_slope_whole', 'RAW_1_stats_theil_sen_slope_diff', 'RAW_1_stats_theil_sen_slope_ratio', 'RAW_5_dominant_freq_diff', 'RAW_5_max_power_diff', 'RAW_6_iqr_diff', 'RAW_7_rolling_std_w50_mean_diff', 'RAW_8_shannon_entropy_0', 'RAW_8_shannon_entropy_1', 'RAW_8_shannon_entropy_diff', 'RAW_8_perm_entropy_0', 'RAW_8_perm_entropy_1', 'RAW_8_perm_entropy_diff', 'RAW_8_spectral_entropy_0', 'RAW_8_spectral_entropy_1', 'RAW_8_spectral_entropy_diff', 'RAW_8_svd_entropy_0', 'RAW_8_svd_entropy_1', 'RAW_8_svd_entropy_diff', 'RAW_8_approx_entropy_0', 'RAW_8_approx_entropy_1', 'RAW_8_approx_entropy_diff', 'RAW_8_sample_entropy_0', 'RAW_8_sample_entropy_1', 'RAW_8_sample_entropy_diff', 'RAW_8_hjorth_mobility_0', 'RAW_8_hjorth_complexity_0', 'RAW_8_hjorth_mobility_1', 'RAW_8_hjorth_complexity_1', 'RAW_8_hjorth_complexity_diff', 'RAW_8_num_zerocross_0', 'RAW_8_num_zerocross_1', 'RAW_8_lziv_complexity_0', 'RAW_8_lziv_complexity_1', 'RAW_8_lziv_complexity_diff', 'RAW_8_cond_entropy_0', 'RAW_8_cond_entropy_1', 'RAW_8_cond_entropy_diff', 'RAW_9_petrosian_fd_diff', 'RAW_9_katz_fd_diff', 'RAW_9_higuchi_fd_diff', 'RAW_9_detrended_fluctuation_diff', 'RAW_10_ratio_value_number_to_time_series_length', 'RAW_10_ratio_beyond_r_sigma_6', 'RAW_10_ratio_beyond_r_sigma_1_5', 'RAW_10_quantile_0_6', 'RAW_10_quantile_0_4', 'RAW_10_quantile_0_1', 'RAW_10_percentage_of_reoccurring_values_to_all_values', 'RAW_10_percentage_of_reoccurring_datapoints_to_all_datapoints', 'RAW_10_last_location_of_maximum', 'RAW_10_first_location_of_maximum', 'RAW_10_partial_autocorrelation_lag_2', 'RAW_10_linear_trend_attr_slope_', 'RAW_10_linear_trend_attr_rvalue_', 'RAW_10_linear_trend_attr_intercept_', 'RAW_10_fft_coefficient_attr_imag_coeff_3', 'RAW_10_fft_coefficient_attr_imag_coeff_2', 'RAW_10_fft_coefficient_attr_imag_coeff_1', 'RAW_10_change_quantiles_f_agg_var_isabs_True_qh_1_0_ql_0_4', 'RAW_10_change_quantiles_f_agg_var_isabs_True_qh_1_0_ql_0_2', 'RAW_10_change_quantiles_f_agg_var_isabs_True_qh_0_8_ql_0_6', 'RAW_10_change_quantiles_f_agg_var_isabs_True_qh_0_8_ql_0_4', 'RAW_10_change_quantiles_f_agg_var_isabs_True_qh_0_8_ql_0_2', 'RAW_10_change_quantiles_f_agg_var_isabs_True_qh_0_6_ql_0_4', 'RAW_10_change_quantiles_f_agg_var_isabs_True_qh_0_6_ql_0_2', 'RAW_10_change_quantiles_f_agg_var_isabs_True_qh_0_4_ql_0_2', 'RAW_10_change_quantiles_f_agg_var_isabs_False_qh_1_0_ql_0_4', 'RAW_10_change_quantiles_f_agg_var_isabs_False_qh_1_0_ql_0_2', 'RAW_10_change_quantiles_f_agg_var_isabs_False_qh_0_8_ql_0_4', 'RAW_10_change_quantiles_f_agg_var_isabs_False_qh_0_8_ql_0_2', 'RAW_10_change_quantiles_f_agg_var_isabs_False_qh_0_8_ql_0_0', 'RAW_10_change_quantiles_f_agg_var_isabs_False_qh_0_6_ql_0_4', 'RAW_10_change_quantiles_f_agg_var_isabs_False_qh_0_6_ql_0_2', 'RAW_10_change_quantiles_f_agg_var_isabs_False_qh_0_4_ql_0_2', 'RAW_10_change_quantiles_f_agg_mean_isabs_True_qh_1_0_ql_0_4', 'RAW_10_change_quantiles_f_agg_mean_isabs_True_qh_0_6_ql_0_4', 'RAW_10_ar_coefficient_coeff_2_k_10', 'RAW_10_agg_linear_trend_attr_slope_chunk_len_50_f_agg_mean_', 'RAW_10_agg_linear_trend_attr_slope_chunk_len_5_f_agg_mean_', 'RAW_10_agg_linear_trend_attr_slope_chunk_len_10_f_agg_mean_', 'RAW_10_agg_linear_trend_attr_rvalue_chunk_len_50_f_agg_mean_', 'RAW_10_agg_linear_trend_attr_rvalue_chunk_len_50_f_agg_max_', 'RAW_10_agg_linear_trend_attr_rvalue_chunk_len_5_f_agg_mean_', 'RAW_10_agg_linear_trend_attr_rvalue_chunk_len_5_f_agg_max_', 'RAW_10_agg_linear_trend_attr_rvalue_chunk_len_10_f_agg_mean_', 'RAW_10_agg_linear_trend_attr_rvalue_chunk_len_10_f_agg_max_', 'RAW_10_agg_linear_trend_attr_intercept_chunk_len_50_f_agg_mean_', 'RAW_10_agg_linear_trend_attr_intercept_chunk_len_50_f_agg_max_', 'RAW_10_agg_linear_trend_attr_intercept_chunk_len_5_f_agg_mean_', 'RAW_10_agg_linear_trend_attr_intercept_chunk_len_5_f_agg_max_', 'RAW_10_agg_linear_trend_attr_intercept_chunk_len_10_f_agg_mean_', 'RAW_10_agg_linear_trend_attr_intercept_chunk_len_10_f_agg_max_', 'RAW_11_ar_residuals_s2_pred_std', 'RAW_11_param_0_diff', 'RAW_11_param_3_diff', 'RAW_11_param_4_diff', 'RAW_11_param_5_diff', 'RAW_12_rpt_cost_l1_left', 'RAW_12_rpt_cost_l1_right', 'RAW_12_rpt_cost_l2_right', 'RAW_12_rpt_cost_clinear_right', 'RAW_12_rpt_cost_rbf_left', 'RAW_12_rpt_cost_rbf_right', 'RAW_12_rpt_cost_rbf_whole', 'RAW_12_rpt_cost_normal_left', 'RAW_12_rpt_cost_normal_right', 'RAW_12_rpt_cost_normal_whole', 'RAW_12_rpt_cost_ar_right', 'RAW_12_rpt_cost_mahalanobis_left', 'RAW_12_rpt_cost_mahalanobis_right', 'RAW_12_rpt_cost_mahalanobis_whole', 'RAW_12_rpt_cost_rank_left', 'RAW_12_rpt_cost_rank_right', 'RAW_12_rpt_cost_rank_whole', 'RAW_12_rpt_cost_cosine_left', 'RAW_12_rpt_cost_cosine_right', 'RAW_12_rpt_cost_cosine_whole', 'RAW_2_ks_stat', 'RAW_2_ks_pvalue', 'RAW_2_ttest_pvalue', 'RAW_2_ad_stat', 'RAW_2_ad_pvalue', 'RAW_2_mannwhitney_stat', 'RAW_2_mannwhitney_pvalue', 'RAW_2_wilcoxon_stat', 'RAW_2_wilcoxon_pvalue', 'RAW_2_levene_stat', 'RAW_2_levene_pvalue', 'RAW_2_bartlett_stat', 'RAW_2_bartlett_pvalue', 'RAW_2_shapiro_pvalue_left', 'RAW_2_shapiro_pvalue_right', 'RAW_2_shapiro_pvalue_whole', 'RAW_2_shapiro_pvalue_diff', 'RAW_2_shapiro_pvalue_ratio', 'RAW_2_jb_pvalue_left', 'RAW_2_jb_pvalue_right', 'RAW_2_jb_pvalue_whole', 'RAW_2_jb_pvalue_diff', 'RAW_2_jb_pvalue_ratio', 'RAW_2_kpss_pvalue_left', 'RAW_2_kpss_pvalue_right', 'RAW_2_kpss_pvalue_whole', 'RAW_2_kpss_pvalue_diff', 'RAW_2_kpss_pvalue_ratio', 'RAW_2_kpss_stat_left', 'RAW_2_kpss_stat_right', 'RAW_2_kpss_stat_whole', 'RAW_2_kpss_stat_diff', 'RAW_2_kpss_stat_ratio', 'RAW_2_adf_pvalue_left', 'RAW_2_adf_pvalue_right', 'RAW_2_adf_pvalue_whole', 'RAW_2_adf_pvalue_diff', 'RAW_2_adf_stat_left', 'RAW_2_adf_stat_right', 'RAW_2_adf_stat_whole', 'RAW_2_adf_stat_diff', 'RAW_2_adf_stat_ratio', 'RAW_2_adf_icbest_diff', 'RAW_2_adf_icbest_ratio', 'RAW_3_sum_right', 'RAW_3_sum_diff', 'RAW_3_sum_ratio', 'RAW_3_cumsum_max_diff', 'RAW_3_cumsum_max_ratio', 'RAW_4_zero_cross_whole', 'RAW_4_zero_cross_diff', 'RAW_4_zero_cross_ratio', 'RAW_4_autocorr_lag1_diff', 'RAW_4_autocorr_lag1_ratio', 'RAW_4_diff_var_right']
2025-07-16 13:18:19 - FeatureEng-20250716_131526 - INFO - -----------------------------
2025-07-16 13:18:19 - FeatureEng-20250716_131526 - INFO - 生成/更新完成。新文件: features_20250716_131819.parquet, 总特征数: 225
