2025-07-08 13:48:21 - FeatureEng-20250708_134821 - INFO - ========== Running Command: gen-feats ==========
2025-07-08 13:48:21 - FeatureEng-20250708_134821 - INFO - Args: {'command': 'gen-feats', 'funcs': ['tsfresh_features'], 'base_file': None}
2025-07-08 13:48:21 - FeatureEng-20250708_134821 - INFO - =======================================
2025-07-08 13:48:23 - FeatureEng-20250708_134821 - INFO - 将基于特征文件进行更新: features_20250707_134243.parquet
2025-07-08 13:48:23 - FeatureEng-20250708_134821 - INFO - 已将文件 features_20250707_134243.parquet 备份到: E:\CSworks\2025spring\crunch\repo\ADIA-Lab-Structural-Break\feature_dfs\backups
2025-07-08 13:48:23 - FeatureEng-20250708_134821 - INFO - --- 开始生成特征: tsfresh_features ---
2025-07-08 13:52:10 - FeatureEng-20250708_134821 - INFO - 'tsfresh_features' 生成完毕，耗时: 226.36 秒。
2025-07-08 13:52:10 - FeatureEng-20250708_134821 - INFO -   新生成特征列名: ['ratio_value_number_to_time_series_length', 'ratio_beyond_r_sigma_6', 'ratio_beyond_r_sigma_1.5', 'quantile_0.6', 'quantile_0.4', 'quantile_0.1', 'percentage_of_reoccurring_values_to_all_values', 'percentage_of_reoccurring_datapoints_to_all_datapoints', 'last_location_of_maximum', 'first_location_of_maximum', 'partial_autocorrelation_lag_2', 'linear_trend_attr_"slope"', 'linear_trend_attr_"rvalue"', 'linear_trend_attr_"intercept"', 'fft_coefficient_attr_"imag"__coeff_3', 'fft_coefficient_attr_"imag"__coeff_2', 'fft_coefficient_attr_"imag"__coeff_1', 'change_quantiles_f_agg_var_isabs_True_qh_1.0_ql_0.4', 'change_quantiles_f_agg_var_isabs_True_qh_1.0_ql_0.2', 'change_quantiles_f_agg_var_isabs_True_qh_0.8_ql_0.6', 'change_quantiles_f_agg_var_isabs_True_qh_0.8_ql_0.4', 'change_quantiles_f_agg_var_isabs_True_qh_0.8_ql_0.2', 'change_quantiles_f_agg_var_isabs_True_qh_0.6_ql_0.4', 'change_quantiles_f_agg_var_isabs_True_qh_0.6_ql_0.2', 'change_quantiles_f_agg_var_isabs_True_qh_0.4_ql_0.2', 'change_quantiles_f_agg_var_isabs_False_qh_1.0_ql_0.4', 'change_quantiles_f_agg_var_isabs_False_qh_1.0_ql_0.2', 'change_quantiles_f_agg_var_isabs_False_qh_0.8_ql_0.4', 'change_quantiles_f_agg_var_isabs_False_qh_0.8_ql_0.2', 'change_quantiles_f_agg_var_isabs_False_qh_0.8_ql_0.0', 'change_quantiles_f_agg_var_isabs_False_qh_0.6_ql_0.4', 'change_quantiles_f_agg_var_isabs_False_qh_0.6_ql_0.2', 'change_quantiles_f_agg_var_isabs_False_qh_0.4_ql_0.2', 'change_quantiles_f_agg_mean_isabs_True_qh_1.0_ql_0.4', 'change_quantiles_f_agg_mean_isabs_True_qh_0.6_ql_0.4', 'ar_coefficient_coeff_2__k_10', 'agg_linear_trend_attr_"slope"__chunk_len_50__f_agg_"mean"', 'agg_linear_trend_attr_"slope"__chunk_len_5__f_agg_"mean"', 'agg_linear_trend_attr_"slope"__chunk_len_10__f_agg_"mean"', 'agg_linear_trend_attr_"rvalue"__chunk_len_50__f_agg_"mean"', 'agg_linear_trend_attr_"rvalue"__chunk_len_50__f_agg_"max"', 'agg_linear_trend_attr_"rvalue"__chunk_len_5__f_agg_"mean"', 'agg_linear_trend_attr_"rvalue"__chunk_len_5__f_agg_"max"', 'agg_linear_trend_attr_"rvalue"__chunk_len_10__f_agg_"mean"', 'agg_linear_trend_attr_"rvalue"__chunk_len_10__f_agg_"max"', 'agg_linear_trend_attr_"intercept"__chunk_len_50__f_agg_"mean"', 'agg_linear_trend_attr_"intercept"__chunk_len_50__f_agg_"max"', 'agg_linear_trend_attr_"intercept"__chunk_len_5__f_agg_"mean"', 'agg_linear_trend_attr_"intercept"__chunk_len_5__f_agg_"max"', 'agg_linear_trend_attr_"intercept"__chunk_len_10__f_agg_"mean"', 'agg_linear_trend_attr_"intercept"__chunk_len_10__f_agg_"max"']
2025-07-08 13:52:10 - FeatureEng-20250708_134821 - INFO -     - 'ratio_value_number_to_time_series_length': 空值比例=0.00%, 零值比例=74.90%
2025-07-08 13:52:10 - FeatureEng-20250708_134821 - INFO -     - 'ratio_beyond_r_sigma_6': 空值比例=0.00%, 零值比例=36.36%
2025-07-08 13:52:10 - FeatureEng-20250708_134821 - INFO -     - 'ratio_beyond_r_sigma_1.5': 空值比例=0.00%, 零值比例=0.00%
2025-07-08 13:52:10 - FeatureEng-20250708_134821 - INFO -     - 'quantile_0.6': 空值比例=0.00%, 零值比例=0.00%
2025-07-08 13:52:10 - FeatureEng-20250708_134821 - INFO -     - 'quantile_0.4': 空值比例=0.00%, 零值比例=0.01%
2025-07-08 13:52:10 - FeatureEng-20250708_134821 - INFO -     - 'quantile_0.1': 空值比例=0.00%, 零值比例=0.00%
2025-07-08 13:52:10 - FeatureEng-20250708_134821 - INFO -     - 'percentage_of_reoccurring_values_to_all_values': 空值比例=0.00%, 零值比例=74.90%
2025-07-08 13:52:10 - FeatureEng-20250708_134821 - INFO -     - 'percentage_of_reoccurring_datapoints_to_all_datapoints': 空值比例=0.00%, 零值比例=74.90%
2025-07-08 13:52:10 - FeatureEng-20250708_134821 - INFO -     - 'last_location_of_maximum': 空值比例=0.00%, 零值比例=0.00%
2025-07-08 13:52:10 - FeatureEng-20250708_134821 - INFO -     - 'first_location_of_maximum': 空值比例=0.00%, 零值比例=0.00%
2025-07-08 13:52:10 - FeatureEng-20250708_134821 - INFO -     - 'partial_autocorrelation_lag_2': 空值比例=0.00%, 零值比例=0.00%
2025-07-08 13:52:10 - FeatureEng-20250708_134821 - INFO -     - 'linear_trend_attr_"slope"': 空值比例=0.00%, 零值比例=0.00%
2025-07-08 13:52:10 - FeatureEng-20250708_134821 - INFO -     - 'linear_trend_attr_"rvalue"': 空值比例=0.00%, 零值比例=0.00%
2025-07-08 13:52:10 - FeatureEng-20250708_134821 - INFO -     - 'linear_trend_attr_"intercept"': 空值比例=0.00%, 零值比例=0.00%
2025-07-08 13:52:10 - FeatureEng-20250708_134821 - INFO -     - 'fft_coefficient_attr_"imag"__coeff_3': 空值比例=0.00%, 零值比例=0.00%
2025-07-08 13:52:10 - FeatureEng-20250708_134821 - INFO -     - 'fft_coefficient_attr_"imag"__coeff_2': 空值比例=0.00%, 零值比例=0.00%
2025-07-08 13:52:10 - FeatureEng-20250708_134821 - INFO -     - 'fft_coefficient_attr_"imag"__coeff_1': 空值比例=0.00%, 零值比例=0.00%
2025-07-08 13:52:10 - FeatureEng-20250708_134821 - INFO -     - 'change_quantiles_f_agg_var_isabs_True_qh_1.0_ql_0.4': 空值比例=0.00%, 零值比例=0.00%
2025-07-08 13:52:10 - FeatureEng-20250708_134821 - INFO -     - 'change_quantiles_f_agg_var_isabs_True_qh_1.0_ql_0.2': 空值比例=0.00%, 零值比例=0.00%
2025-07-08 13:52:10 - FeatureEng-20250708_134821 - INFO -     - 'change_quantiles_f_agg_var_isabs_True_qh_0.8_ql_0.6': 空值比例=0.00%, 零值比例=0.00%
2025-07-08 13:52:10 - FeatureEng-20250708_134821 - INFO -     - 'change_quantiles_f_agg_var_isabs_True_qh_0.8_ql_0.4': 空值比例=0.00%, 零值比例=0.00%
2025-07-08 13:52:10 - FeatureEng-20250708_134821 - INFO -     - 'change_quantiles_f_agg_var_isabs_True_qh_0.8_ql_0.2': 空值比例=0.00%, 零值比例=0.00%
2025-07-08 13:52:10 - FeatureEng-20250708_134821 - INFO -     - 'change_quantiles_f_agg_var_isabs_True_qh_0.6_ql_0.4': 空值比例=0.00%, 零值比例=0.00%
2025-07-08 13:52:10 - FeatureEng-20250708_134821 - INFO -     - 'change_quantiles_f_agg_var_isabs_True_qh_0.6_ql_0.2': 空值比例=0.00%, 零值比例=0.00%
2025-07-08 13:52:10 - FeatureEng-20250708_134821 - INFO -     - 'change_quantiles_f_agg_var_isabs_True_qh_0.4_ql_0.2': 空值比例=0.00%, 零值比例=0.00%
2025-07-08 13:52:10 - FeatureEng-20250708_134821 - INFO -     - 'change_quantiles_f_agg_var_isabs_False_qh_1.0_ql_0.4': 空值比例=0.00%, 零值比例=0.00%
2025-07-08 13:52:10 - FeatureEng-20250708_134821 - INFO -     - 'change_quantiles_f_agg_var_isabs_False_qh_1.0_ql_0.2': 空值比例=0.00%, 零值比例=0.00%
2025-07-08 13:52:10 - FeatureEng-20250708_134821 - INFO -     - 'change_quantiles_f_agg_var_isabs_False_qh_0.8_ql_0.4': 空值比例=0.00%, 零值比例=0.00%
2025-07-08 13:52:10 - FeatureEng-20250708_134821 - INFO -     - 'change_quantiles_f_agg_var_isabs_False_qh_0.8_ql_0.2': 空值比例=0.00%, 零值比例=0.00%
2025-07-08 13:52:10 - FeatureEng-20250708_134821 - INFO -     - 'change_quantiles_f_agg_var_isabs_False_qh_0.8_ql_0.0': 空值比例=0.00%, 零值比例=0.00%
2025-07-08 13:52:10 - FeatureEng-20250708_134821 - INFO -     - 'change_quantiles_f_agg_var_isabs_False_qh_0.6_ql_0.4': 空值比例=0.00%, 零值比例=0.00%
2025-07-08 13:52:10 - FeatureEng-20250708_134821 - INFO -     - 'change_quantiles_f_agg_var_isabs_False_qh_0.6_ql_0.2': 空值比例=0.00%, 零值比例=0.00%
2025-07-08 13:52:10 - FeatureEng-20250708_134821 - INFO -     - 'change_quantiles_f_agg_var_isabs_False_qh_0.4_ql_0.2': 空值比例=0.00%, 零值比例=0.00%
2025-07-08 13:52:10 - FeatureEng-20250708_134821 - INFO -     - 'change_quantiles_f_agg_mean_isabs_True_qh_1.0_ql_0.4': 空值比例=0.00%, 零值比例=0.00%
2025-07-08 13:52:10 - FeatureEng-20250708_134821 - INFO -     - 'change_quantiles_f_agg_mean_isabs_True_qh_0.6_ql_0.4': 空值比例=0.00%, 零值比例=0.00%
2025-07-08 13:52:10 - FeatureEng-20250708_134821 - INFO -     - 'ar_coefficient_coeff_2__k_10': 空值比例=0.00%, 零值比例=0.00%
2025-07-08 13:52:10 - FeatureEng-20250708_134821 - INFO -     - 'agg_linear_trend_attr_"slope"__chunk_len_50__f_agg_"mean"': 空值比例=0.00%, 零值比例=0.00%
2025-07-08 13:52:10 - FeatureEng-20250708_134821 - INFO -     - 'agg_linear_trend_attr_"slope"__chunk_len_5__f_agg_"mean"': 空值比例=0.00%, 零值比例=0.00%
2025-07-08 13:52:10 - FeatureEng-20250708_134821 - INFO -     - 'agg_linear_trend_attr_"slope"__chunk_len_10__f_agg_"mean"': 空值比例=0.00%, 零值比例=0.00%
2025-07-08 13:52:10 - FeatureEng-20250708_134821 - INFO -     - 'agg_linear_trend_attr_"rvalue"__chunk_len_50__f_agg_"mean"': 空值比例=0.00%, 零值比例=0.00%
2025-07-08 13:52:10 - FeatureEng-20250708_134821 - INFO -     - 'agg_linear_trend_attr_"rvalue"__chunk_len_50__f_agg_"max"': 空值比例=0.00%, 零值比例=0.00%
2025-07-08 13:52:10 - FeatureEng-20250708_134821 - INFO -     - 'agg_linear_trend_attr_"rvalue"__chunk_len_5__f_agg_"mean"': 空值比例=0.00%, 零值比例=0.00%
2025-07-08 13:52:10 - FeatureEng-20250708_134821 - INFO -     - 'agg_linear_trend_attr_"rvalue"__chunk_len_5__f_agg_"max"': 空值比例=0.00%, 零值比例=0.00%
2025-07-08 13:52:10 - FeatureEng-20250708_134821 - INFO -     - 'agg_linear_trend_attr_"rvalue"__chunk_len_10__f_agg_"mean"': 空值比例=0.00%, 零值比例=0.00%
2025-07-08 13:52:10 - FeatureEng-20250708_134821 - INFO -     - 'agg_linear_trend_attr_"rvalue"__chunk_len_10__f_agg_"max"': 空值比例=0.00%, 零值比例=0.00%
2025-07-08 13:52:10 - FeatureEng-20250708_134821 - INFO -     - 'agg_linear_trend_attr_"intercept"__chunk_len_50__f_agg_"mean"': 空值比例=0.00%, 零值比例=0.00%
2025-07-08 13:52:10 - FeatureEng-20250708_134821 - INFO -     - 'agg_linear_trend_attr_"intercept"__chunk_len_50__f_agg_"max"': 空值比例=0.00%, 零值比例=0.00%
2025-07-08 13:52:10 - FeatureEng-20250708_134821 - INFO -     - 'agg_linear_trend_attr_"intercept"__chunk_len_5__f_agg_"mean"': 空值比例=0.00%, 零值比例=0.00%
2025-07-08 13:52:10 - FeatureEng-20250708_134821 - INFO -     - 'agg_linear_trend_attr_"intercept"__chunk_len_5__f_agg_"max"': 空值比例=0.00%, 零值比例=0.00%
2025-07-08 13:52:10 - FeatureEng-20250708_134821 - INFO -     - 'agg_linear_trend_attr_"intercept"__chunk_len_10__f_agg_"mean"': 空值比例=0.00%, 零值比例=0.00%
2025-07-08 13:52:10 - FeatureEng-20250708_134821 - INFO -     - 'agg_linear_trend_attr_"intercept"__chunk_len_10__f_agg_"max"': 空值比例=0.00%, 零值比例=0.00%
2025-07-08 13:52:10 - FeatureEng-20250708_134821 - INFO - 
Number of new features: 51
2025-07-08 13:52:10 - FeatureEng-20250708_134821 - INFO - Number of loaded features: 62
2025-07-08 13:52:10 - FeatureEng-20250708_134821 - INFO - 
New features with high correlation (|corr| > 0.7) to loaded features:
2025-07-08 13:52:10 - FeatureEng-20250708_134821 - INFO - 
quantile_0.6 is highly correlated with:
2025-07-08 13:52:10 - FeatureEng-20250708_134821 - INFO -   - iqr_diff: 0.887
2025-07-08 13:52:10 - FeatureEng-20250708_134821 - INFO -   - rolling_std_diff: 0.716
2025-07-08 13:52:10 - FeatureEng-20250708_134821 - INFO - 
quantile_0.4 is highly correlated with:
2025-07-08 13:52:10 - FeatureEng-20250708_134821 - INFO -   - iqr_diff: -0.918
2025-07-08 13:52:10 - FeatureEng-20250708_134821 - INFO -   - rolling_std_diff: -0.767
2025-07-08 13:52:10 - FeatureEng-20250708_134821 - INFO - 
quantile_0.1 is highly correlated with:
2025-07-08 13:52:10 - FeatureEng-20250708_134821 - INFO -   - iqr_diff: -0.950
2025-07-08 13:52:10 - FeatureEng-20250708_134821 - INFO -   - rolling_std_diff: -0.850
2025-07-08 13:52:10 - FeatureEng-20250708_134821 - INFO - 
change_quantiles_f_agg_var_isabs_True_qh_0.8_ql_0.4 is highly correlated with:
2025-07-08 13:52:10 - FeatureEng-20250708_134821 - INFO -   - iqr_diff: 0.799
2025-07-08 13:52:10 - FeatureEng-20250708_134821 - INFO - 
change_quantiles_f_agg_var_isabs_True_qh_0.8_ql_0.2 is highly correlated with:
2025-07-08 13:52:10 - FeatureEng-20250708_134821 - INFO -   - iqr_diff: 0.764
2025-07-08 13:52:10 - FeatureEng-20250708_134821 - INFO - 
change_quantiles_f_agg_var_isabs_True_qh_0.6_ql_0.4 is highly correlated with:
2025-07-08 13:52:10 - FeatureEng-20250708_134821 - INFO -   - iqr_diff: 0.747
2025-07-08 13:52:10 - FeatureEng-20250708_134821 - INFO - 
change_quantiles_f_agg_var_isabs_True_qh_0.6_ql_0.2 is highly correlated with:
2025-07-08 13:52:10 - FeatureEng-20250708_134821 - INFO -   - iqr_diff: 0.835
2025-07-08 13:52:10 - FeatureEng-20250708_134821 - INFO - 
change_quantiles_f_agg_var_isabs_True_qh_0.4_ql_0.2 is highly correlated with:
2025-07-08 13:52:10 - FeatureEng-20250708_134821 - INFO -   - iqr_diff: 0.780
2025-07-08 13:52:10 - FeatureEng-20250708_134821 - INFO - 
change_quantiles_f_agg_var_isabs_False_qh_0.8_ql_0.4 is highly correlated with:
2025-07-08 13:52:10 - FeatureEng-20250708_134821 - INFO -   - iqr_diff: 0.768
2025-07-08 13:52:10 - FeatureEng-20250708_134821 - INFO - 
change_quantiles_f_agg_var_isabs_False_qh_0.8_ql_0.2 is highly correlated with:
2025-07-08 13:52:10 - FeatureEng-20250708_134821 - INFO -   - iqr_diff: 0.747
2025-07-08 13:52:10 - FeatureEng-20250708_134821 - INFO - 
change_quantiles_f_agg_var_isabs_False_qh_0.8_ql_0.0 is highly correlated with:
2025-07-08 13:52:10 - FeatureEng-20250708_134821 - INFO -   - iqr_diff: 0.825
2025-07-08 13:52:10 - FeatureEng-20250708_134821 - INFO -   - rolling_std_diff: 0.706
2025-07-08 13:52:10 - FeatureEng-20250708_134821 - INFO - 
change_quantiles_f_agg_var_isabs_False_qh_0.6_ql_0.2 is highly correlated with:
2025-07-08 13:52:10 - FeatureEng-20250708_134821 - INFO -   - iqr_diff: 0.783
2025-07-08 13:52:10 - FeatureEng-20250708_134821 - INFO - 
change_quantiles_f_agg_var_isabs_False_qh_0.4_ql_0.2 is highly correlated with:
2025-07-08 13:52:10 - FeatureEng-20250708_134821 - INFO -   - iqr_diff: 0.799
2025-07-08 13:52:10 - FeatureEng-20250708_134821 - INFO - 
change_quantiles_f_agg_mean_isabs_True_qh_1.0_ql_0.4 is highly correlated with:
2025-07-08 13:52:10 - FeatureEng-20250708_134821 - INFO -   - iqr_diff: 0.891
2025-07-08 13:52:10 - FeatureEng-20250708_134821 - INFO -   - rolling_std_diff: 0.854
2025-07-08 13:52:10 - FeatureEng-20250708_134821 - INFO - 
change_quantiles_f_agg_mean_isabs_True_qh_0.6_ql_0.4 is highly correlated with:
2025-07-08 13:52:10 - FeatureEng-20250708_134821 - INFO -   - iqr_diff: 0.887
2025-07-08 13:52:10 - FeatureEng-20250708_134821 - INFO -   - rolling_std_diff: 0.713
2025-07-08 13:52:10 - FeatureEng-20250708_134821 - INFO - 
agg_linear_trend_attr_"slope"__chunk_len_50__f_agg_"mean" is highly correlated with:
2025-07-08 13:52:10 - FeatureEng-20250708_134821 - INFO -   - std_ratio: 0.815
2025-07-08 13:52:10 - FeatureEng-20250708_134821 - INFO - 
agg_linear_trend_attr_"slope"__chunk_len_10__f_agg_"mean" is highly correlated with:
2025-07-08 13:52:10 - FeatureEng-20250708_134821 - INFO -   - mean_diff: 0.712
2025-07-08 13:52:10 - FeatureEng-20250708_134821 - INFO -   - std_ratio: 0.726
2025-07-08 13:52:10 - FeatureEng-20250708_134821 - INFO - 
agg_linear_trend_attr_"intercept"__chunk_len_50__f_agg_"max" is highly correlated with:
2025-07-08 13:52:10 - FeatureEng-20250708_134821 - INFO -   - diff_var_diff: 0.727
2025-07-08 13:52:10 - FeatureEng-20250708_134821 - INFO -   - ptp_diff: 0.760
2025-07-08 13:52:10 - FeatureEng-20250708_134821 - INFO -   - std_diff: 0.739
2025-07-08 13:52:10 - FeatureEng-20250708_134821 - INFO - 
No new features exceeded threshold |corr| > 0.95, nothing dropped.
2025-07-08 13:52:11 - FeatureEng-20250708_134821 - INFO - 特征已保存到新文件: features_20250708_135210.parquet
2025-07-08 13:52:11 - FeatureEng-20250708_134821 - INFO - --- 生成后完整特征列表 ---
2025-07-08 13:52:11 - FeatureEng-20250708_134821 - INFO - ['sum_diff', 'cumsum_max_diff', 'zero_cross_diff', 'autocorr_lag1_diff', 'diff_var_diff', 'dominant_freq_diff', 'max_power_diff', 'ptp_diff', 'iqr_diff', 'cv_diff', 'rolling_std_diff', 'theil_sen_slope_diff', 'ar_resid_std_diff', 'ar_aic_diff', 'ar_predict_mse', 'shannon_entropy_0', 'shannon_entropy_1', 'shannon_entropy_diff', 'perm_entropy_0', 'perm_entropy_1', 'perm_entropy_diff', 'spectral_entropy_0', 'spectral_entropy_1', 'spectral_entropy_diff', 'svd_entropy_0', 'svd_entropy_1', 'svd_entropy_diff', 'approx_entropy_0', 'approx_entropy_1', 'approx_entropy_diff', 'sample_entropy_0', 'sample_entropy_1', 'sample_entropy_diff', 'hjorth_mobility_0', 'hjorth_complexity_0', 'hjorth_mobility_1', 'hjorth_complexity_1', 'hjorth_mobility_diff', 'hjorth_complexity_diff', 'num_zerocross_0', 'num_zerocross_1', 'num_zerocross_diff', 'lziv_complexity_0', 'lziv_complexity_1', 'lziv_complexity_diff', 'cond_entropy_0', 'cond_entropy_1', 'cond_entropy_diff', 'petrosian_fd_diff', 'katz_fd_diff', 'higuchi_fd_diff', 'detrended_fluctuation_diff', 'mean_diff', 'std_diff', 'std_ratio', 'skew_diff', 'kurt_diff', 'ks_stat', 'ks_pvalue', 'ttest_pvalue', 'ad_stat', 'ad_pvalue', 'ratio_value_number_to_time_series_length', 'ratio_beyond_r_sigma_6', 'ratio_beyond_r_sigma_1_5', 'quantile_0_6', 'quantile_0_4', 'quantile_0_1', 'percentage_of_reoccurring_values_to_all_values', 'percentage_of_reoccurring_datapoints_to_all_datapoints', 'last_location_of_maximum', 'first_location_of_maximum', 'partial_autocorrelation_lag_2', 'linear_trend_attr_slope_', 'linear_trend_attr_rvalue_', 'linear_trend_attr_intercept_', 'fft_coefficient_attr_imag_coeff_3', 'fft_coefficient_attr_imag_coeff_2', 'fft_coefficient_attr_imag_coeff_1', 'change_quantiles_f_agg_var_isabs_True_qh_1_0_ql_0_4', 'change_quantiles_f_agg_var_isabs_True_qh_1_0_ql_0_2', 'change_quantiles_f_agg_var_isabs_True_qh_0_8_ql_0_6', 'change_quantiles_f_agg_var_isabs_True_qh_0_8_ql_0_4', 'change_quantiles_f_agg_var_isabs_True_qh_0_8_ql_0_2', 'change_quantiles_f_agg_var_isabs_True_qh_0_6_ql_0_4', 'change_quantiles_f_agg_var_isabs_True_qh_0_6_ql_0_2', 'change_quantiles_f_agg_var_isabs_True_qh_0_4_ql_0_2', 'change_quantiles_f_agg_var_isabs_False_qh_1_0_ql_0_4', 'change_quantiles_f_agg_var_isabs_False_qh_1_0_ql_0_2', 'change_quantiles_f_agg_var_isabs_False_qh_0_8_ql_0_4', 'change_quantiles_f_agg_var_isabs_False_qh_0_8_ql_0_2', 'change_quantiles_f_agg_var_isabs_False_qh_0_8_ql_0_0', 'change_quantiles_f_agg_var_isabs_False_qh_0_6_ql_0_4', 'change_quantiles_f_agg_var_isabs_False_qh_0_6_ql_0_2', 'change_quantiles_f_agg_var_isabs_False_qh_0_4_ql_0_2', 'change_quantiles_f_agg_mean_isabs_True_qh_1_0_ql_0_4', 'change_quantiles_f_agg_mean_isabs_True_qh_0_6_ql_0_4', 'ar_coefficient_coeff_2_k_10', 'agg_linear_trend_attr_slope_chunk_len_50_f_agg_mean_', 'agg_linear_trend_attr_slope_chunk_len_5_f_agg_mean_', 'agg_linear_trend_attr_slope_chunk_len_10_f_agg_mean_', 'agg_linear_trend_attr_rvalue_chunk_len_50_f_agg_mean_', 'agg_linear_trend_attr_rvalue_chunk_len_50_f_agg_max_', 'agg_linear_trend_attr_rvalue_chunk_len_5_f_agg_mean_', 'agg_linear_trend_attr_rvalue_chunk_len_5_f_agg_max_', 'agg_linear_trend_attr_rvalue_chunk_len_10_f_agg_mean_', 'agg_linear_trend_attr_rvalue_chunk_len_10_f_agg_max_', 'agg_linear_trend_attr_intercept_chunk_len_50_f_agg_mean_', 'agg_linear_trend_attr_intercept_chunk_len_50_f_agg_max_', 'agg_linear_trend_attr_intercept_chunk_len_5_f_agg_mean_', 'agg_linear_trend_attr_intercept_chunk_len_5_f_agg_max_', 'agg_linear_trend_attr_intercept_chunk_len_10_f_agg_mean_', 'agg_linear_trend_attr_intercept_chunk_len_10_f_agg_max_']
2025-07-08 13:52:11 - FeatureEng-20250708_134821 - INFO - -----------------------------
2025-07-08 13:52:11 - FeatureEng-20250708_134821 - INFO - 生成/更新完成。新文件: features_20250708_135210.parquet, 总特征数: 113
