2025-07-09 12:47:15 - FeatureEng-20250709_124715 - INFO - ========== Running Command: gen-feats ==========
2025-07-09 12:47:15 - FeatureEng-20250709_124715 - INFO - Args: {'command': 'gen-feats', 'funcs': ['distance_features'], 'base_file': None}
2025-07-09 12:47:15 - FeatureEng-20250709_124715 - INFO - =======================================
2025-07-09 12:47:16 - FeatureEng-20250709_124715 - INFO - 将基于特征文件进行更新: features_20250709_113153.parquet
2025-07-09 12:47:16 - FeatureEng-20250709_124715 - INFO - 基础特征文件格式：(10001, 143)
2025-07-09 12:47:16 - FeatureEng-20250709_124715 - INFO - --- 开始生成特征: distance_features ---
2025-07-09 13:15:50 - FeatureEng-20250709_124715 - INFO - 'distance_features' 生成完毕，耗时: 1713.81 秒。
2025-07-09 13:15:50 - FeatureEng-20250709_124715 - INFO -   新生成特征列名: ['edr_distance', 'edr_distance_strict', 'edr_distance_loose', 'edr_distance_fixed_eps', 'edr_epsilon_used']
2025-07-09 13:15:50 - FeatureEng-20250709_124715 - INFO -     - 'edr_distance': 空值比例=0.00%, 零值比例=0.01%
2025-07-09 13:15:50 - FeatureEng-20250709_124715 - INFO -     - 'edr_distance_strict': 空值比例=0.00%, 零值比例=0.01%
2025-07-09 13:15:50 - FeatureEng-20250709_124715 - INFO -     - 'edr_distance_loose': 空值比例=0.00%, 零值比例=0.03%
2025-07-09 13:15:50 - FeatureEng-20250709_124715 - INFO -     - 'edr_distance_fixed_eps': 空值比例=0.00%, 零值比例=0.01%
2025-07-09 13:15:50 - FeatureEng-20250709_124715 - INFO -     - 'edr_epsilon_used': 空值比例=0.00%, 零值比例=0.00%
2025-07-09 13:15:50 - FeatureEng-20250709_124715 - INFO - 
Number of new features: 5
2025-07-09 13:15:50 - FeatureEng-20250709_124715 - INFO - Number of loaded features: 143
2025-07-09 13:15:51 - FeatureEng-20250709_124715 - INFO - 
New features with high correlation (|corr| > 0.7) to loaded features:
2025-07-09 13:15:51 - FeatureEng-20250709_124715 - INFO - 
edr_distance is highly correlated with:
2025-07-09 13:15:51 - FeatureEng-20250709_124715 - INFO -   - zero_cross_diff: 0.803
2025-07-09 13:15:51 - FeatureEng-20250709_124715 - INFO -   - shannon_entropy_diff: 0.798
2025-07-09 13:15:51 - FeatureEng-20250709_124715 - INFO -   - petrosian_fd_diff: 0.807
2025-07-09 13:15:51 - FeatureEng-20250709_124715 - INFO - 
edr_distance_strict is highly correlated with:
2025-07-09 13:15:51 - FeatureEng-20250709_124715 - INFO -   - zero_cross_diff: 0.822
2025-07-09 13:15:51 - FeatureEng-20250709_124715 - INFO -   - shannon_entropy_diff: 0.819
2025-07-09 13:15:51 - FeatureEng-20250709_124715 - INFO -   - num_zerocross_1: 0.713
2025-07-09 13:15:51 - FeatureEng-20250709_124715 - INFO -   - petrosian_fd_diff: 0.831
2025-07-09 13:15:51 - FeatureEng-20250709_124715 - INFO - 
edr_distance_loose is highly correlated with:
2025-07-09 13:15:51 - FeatureEng-20250709_124715 - INFO -   - zero_cross_diff: 0.762
2025-07-09 13:15:51 - FeatureEng-20250709_124715 - INFO -   - shannon_entropy_diff: 0.754
2025-07-09 13:15:51 - FeatureEng-20250709_124715 - INFO -   - approx_entropy_1: 0.715
2025-07-09 13:15:51 - FeatureEng-20250709_124715 - INFO -   - petrosian_fd_diff: 0.758
2025-07-09 13:15:51 - FeatureEng-20250709_124715 - INFO - 
edr_distance_fixed_eps is highly correlated with:
2025-07-09 13:15:51 - FeatureEng-20250709_124715 - INFO -   - zero_cross_diff: 0.826
2025-07-09 13:15:51 - FeatureEng-20250709_124715 - INFO -   - shannon_entropy_diff: 0.823
2025-07-09 13:15:51 - FeatureEng-20250709_124715 - INFO -   - num_zerocross_1: 0.721
2025-07-09 13:15:51 - FeatureEng-20250709_124715 - INFO -   - petrosian_fd_diff: 0.835
2025-07-09 13:15:51 - FeatureEng-20250709_124715 - INFO - 
edr_epsilon_used is highly correlated with:
2025-07-09 13:15:51 - FeatureEng-20250709_124715 - INFO -   - max_diff: 0.906
2025-07-09 13:15:51 - FeatureEng-20250709_124715 - INFO -   - range_diff: 0.906
2025-07-09 13:15:51 - FeatureEng-20250709_124715 - INFO -   - std_diff: -0.864
2025-07-09 13:15:51 - FeatureEng-20250709_124715 - INFO - 
No new features exceeded threshold |corr| > 0.95, nothing dropped.
2025-07-09 13:15:51 - FeatureEng-20250709_124715 - INFO - 已将文件 features_20250709_113153.parquet 备份到: E:\ggq的文件\比赛\25-ADIA-Lab-Structure-Break\ADIA-Lab-Structural-Break\feature_dfs\backups
2025-07-09 13:15:51 - FeatureEng-20250709_124715 - INFO - 特征已保存到新文件: features_20250709_131551.parquet
2025-07-09 13:15:51 - FeatureEng-20250709_124715 - INFO - --- 生成后完整特征列表 ---
2025-07-09 13:15:51 - FeatureEng-20250709_124715 - INFO - ['mean_diff', 'median_diff', 'max_diff', 'min_diff', 'range_diff', 'std_diff', 'std_ratio', 'skew_diff', 'kurt_diff', 'cv_diff', 'rolling_std_diff', 'theil_sen_slope_diff', 'ks_stat', 'ks_pvalue', 'ttest_pvalue', 'ad_stat', 'ad_pvalue', 'mannwhitney_stat', 'mannwhitney_pvalue', 'wilcoxon_stat', 'wilcoxon_pvalue', 'levene_stat', 'levene_pvalue', 'bartlett_stat', 'bartlett_pvalue', 'shapiro_pvalue_0', 'shapiro_pvalue_1', 'shapiro_pvalue_diff', 'jb_pvalue_0', 'jb_pvalue_1', 'jb_pvalue_diff', 'kpss_pvalue_0', 'kpss_pvalue_1', 'kpss_pvalue_diff', 'kpss_stat_diff', 'adf_pvalue_0', 'adf_pvalue_1', 'adf_pvalue_diff', 'adf_stat_diff', 'adf_icbest_diff', 'sum_diff', 'cumsum_max_diff', 'zero_cross_diff', 'autocorr_lag1_diff', 'dominant_freq_diff', 'max_power_diff', 'iqr_diff', 'rolling_std_w50_mean_diff', 'shannon_entropy_0', 'shannon_entropy_1', 'shannon_entropy_diff', 'perm_entropy_0', 'perm_entropy_1', 'perm_entropy_diff', 'spectral_entropy_0', 'spectral_entropy_1', 'spectral_entropy_diff', 'svd_entropy_0', 'svd_entropy_1', 'svd_entropy_diff', 'approx_entropy_0', 'approx_entropy_1', 'approx_entropy_diff', 'sample_entropy_0', 'sample_entropy_1', 'sample_entropy_diff', 'hjorth_mobility_0', 'hjorth_complexity_0', 'hjorth_mobility_1', 'hjorth_complexity_1', 'hjorth_complexity_diff', 'num_zerocross_0', 'num_zerocross_1', 'lziv_complexity_0', 'lziv_complexity_1', 'lziv_complexity_diff', 'cond_entropy_0', 'cond_entropy_1', 'cond_entropy_diff', 'petrosian_fd_diff', 'katz_fd_diff', 'higuchi_fd_diff', 'detrended_fluctuation_diff', 'ratio_value_number_to_time_series_length', 'ratio_beyond_r_sigma_6', 'ratio_beyond_r_sigma_1_5', 'quantile_0_6', 'quantile_0_4', 'quantile_0_1', 'percentage_of_reoccurring_values_to_all_values', 'percentage_of_reoccurring_datapoints_to_all_datapoints', 'last_location_of_maximum', 'first_location_of_maximum', 'partial_autocorrelation_lag_2', 'linear_trend_attr_slope_', 'linear_trend_attr_rvalue_', 'linear_trend_attr_intercept_', 'fft_coefficient_attr_imag_coeff_3', 'fft_coefficient_attr_imag_coeff_2', 'fft_coefficient_attr_imag_coeff_1', 'change_quantiles_f_agg_var_isabs_True_qh_1_0_ql_0_4', 'change_quantiles_f_agg_var_isabs_True_qh_1_0_ql_0_2', 'change_quantiles_f_agg_var_isabs_True_qh_0_8_ql_0_6', 'change_quantiles_f_agg_var_isabs_True_qh_0_8_ql_0_4', 'change_quantiles_f_agg_var_isabs_True_qh_0_8_ql_0_2', 'change_quantiles_f_agg_var_isabs_True_qh_0_6_ql_0_4', 'change_quantiles_f_agg_var_isabs_True_qh_0_6_ql_0_2', 'change_quantiles_f_agg_var_isabs_True_qh_0_4_ql_0_2', 'change_quantiles_f_agg_var_isabs_False_qh_1_0_ql_0_4', 'change_quantiles_f_agg_var_isabs_False_qh_1_0_ql_0_2', 'change_quantiles_f_agg_var_isabs_False_qh_0_8_ql_0_4', 'change_quantiles_f_agg_var_isabs_False_qh_0_8_ql_0_2', 'change_quantiles_f_agg_var_isabs_False_qh_0_8_ql_0_0', 'change_quantiles_f_agg_var_isabs_False_qh_0_6_ql_0_4', 'change_quantiles_f_agg_var_isabs_False_qh_0_6_ql_0_2', 'change_quantiles_f_agg_var_isabs_False_qh_0_4_ql_0_2', 'change_quantiles_f_agg_mean_isabs_True_qh_1_0_ql_0_4', 'change_quantiles_f_agg_mean_isabs_True_qh_0_6_ql_0_4', 'ar_coefficient_coeff_2_k_10', 'agg_linear_trend_attr_slope_chunk_len_50_f_agg_mean_', 'agg_linear_trend_attr_slope_chunk_len_5_f_agg_mean_', 'agg_linear_trend_attr_slope_chunk_len_10_f_agg_mean_', 'agg_linear_trend_attr_rvalue_chunk_len_50_f_agg_mean_', 'agg_linear_trend_attr_rvalue_chunk_len_50_f_agg_max_', 'agg_linear_trend_attr_rvalue_chunk_len_5_f_agg_mean_', 'agg_linear_trend_attr_rvalue_chunk_len_5_f_agg_max_', 'agg_linear_trend_attr_rvalue_chunk_len_10_f_agg_mean_', 'agg_linear_trend_attr_rvalue_chunk_len_10_f_agg_max_', 'agg_linear_trend_attr_intercept_chunk_len_50_f_agg_mean_', 'agg_linear_trend_attr_intercept_chunk_len_50_f_agg_max_', 'agg_linear_trend_attr_intercept_chunk_len_5_f_agg_mean_', 'agg_linear_trend_attr_intercept_chunk_len_5_f_agg_max_', 'agg_linear_trend_attr_intercept_chunk_len_10_f_agg_mean_', 'agg_linear_trend_attr_intercept_chunk_len_10_f_agg_max_', 'ar_residuals_s2_pred_std', 'ar_residuals_s2_pred_skew', 'ar_residuals_s2_pred_kurt', 'ar_residuals_s1_pred_skew', 'ar_residuals_s1_pred_kurt', 'param_0_diff', 'param_3_diff', 'param_4_diff', 'param_5_diff', 'edr_distance', 'edr_distance_strict', 'edr_distance_loose', 'edr_distance_fixed_eps', 'edr_epsilon_used']
2025-07-09 13:15:51 - FeatureEng-20250709_124715 - INFO - -----------------------------
2025-07-09 13:15:51 - FeatureEng-20250709_124715 - INFO - 生成/更新完成。新文件: features_20250709_131551.parquet, 总特征数: 148
