2025-09-11 17:22:47 - FeatureEng-20250911_172247 - INFO - ========== Running Command: gen-feats ==========
2025-09-11 17:22:47 - FeatureEng-20250911_172247 - INFO - Args: {'command': 'gen-feats', 'funcs': None, 'trans': ['moving_average_decomposition'], 'base_file': None}
2025-09-11 17:22:47 - FeatureEng-20250911_172247 - INFO - =======================================
2025-09-11 17:22:47 - FeatureEng-20250911_172247 - INFO - Loading data...
2025-09-11 17:22:48 - FeatureEng-20250911_172247 - INFO - Original data loaded successfully.
2025-09-11 17:22:48 - FeatureEng-20250911_172247 - INFO - X_train shape: (23715734, 2)
2025-09-11 17:22:48 - FeatureEng-20250911_172247 - INFO - X_train type: <class 'pandas.core.frame.DataFrame'>
2025-09-11 17:22:48 - FeatureEng-20250911_172247 - INFO - y_train shape: (10001, 1)
2025-09-11 17:22:48 - FeatureEng-20250911_172247 - INFO - y_train type: <class 'pandas.core.frame.DataFrame'>
2025-09-11 17:22:48 - FeatureEng-20250911_172247 - INFO - Loading enhancement data with IDs: ['0']
2025-09-11 17:22:48 - FeatureEng-20250911_172247 - INFO - Total datasets loaded: 1
2025-09-11 17:22:48 - FeatureEng-20250911_172247 - INFO - Dataset 0: X shape (23715734, 2), y shape (10001, 1)
2025-09-11 17:22:48 - FeatureEng-20250911_172247 - INFO - 输入为字典格式，包含数据ID: ['0']
2025-09-11 17:22:48 - FeatureEng-20250911_172247 - INFO - 未指定特征函数，将运行所有 10 个非实验性特征。
2025-09-11 17:22:48 - FeatureEng-20250911_172247 - INFO - 未找到基础特征文件，将创建全新的特征集。
2025-09-11 17:22:49 - FeatureEng-20250911_172247 - INFO - 为数据ID '0' 创建新的特征DataFrame，包含 10001 个样本
2025-09-11 17:22:49 - FeatureEng-20250911_172247 - INFO - 基础特征字典包含数据ID: ['0']
2025-09-11 17:22:49 - FeatureEng-20250911_172247 - INFO -   数据ID '0': (10001, 0)
2025-09-11 17:22:49 - FeatureEng-20250911_172247 - INFO - === 开始为数据ID '0' 生成特征 ===
2025-09-11 17:22:49 - FeatureEng-20250911_172247 - INFO - --- 开始时序分解（数据ID: 0） ---
2025-09-11 17:22:49 - FeatureEng-20250911_172247 - INFO - --- 开始应用变换函数: moving_average_decomposition ---
