2025-09-14 15:31:39 - Training-20250914_153139 - INFO - ========== Running Command: train ==========
2025-09-14 15:31:39 - Training-20250914_153139 - INFO - Args: {'command': 'train', 'feature_file': None, 'train_data_ids': ['0'], 'perm_imp': False, 'save_oof': False, 'save_model': False}
2025-09-14 15:31:39 - Training-20250914_153139 - INFO - =======================================
2025-09-14 15:31:39 - Training-20250914_153139 - INFO - Starting training and evaluation pipeline...
2025-09-14 15:31:39 - Training-20250914_153139 - INFO - Model Parameters: {
    "objective": "binary",
    "metric": "auc",
    "boosting_type": "gbdt",
    "n_estimators": 3000,
    "learning_rate": 0.005,
    "num_leaves": 29,
    "random_state": 42,
    "n_jobs": 72,
    "reg_alpha": 3,
    "reg_lambda": 3,
    "colsample_bytree": 0.8,
    "subsample": 0.8
}
2025-09-14 15:31:40 - Training-20250914_153139 - INFO - Successfully loaded features from: features_20250914_152959_id_0.parquet
2025-09-14 15:31:40 - Training-20250914_153139 - INFO - Loading data...
2025-09-14 15:31:40 - Training-20250914_153139 - INFO - Original data loaded successfully.
2025-09-14 15:31:40 - Training-20250914_153139 - INFO - X_train shape: (23715734, 2)
2025-09-14 15:31:40 - Training-20250914_153139 - INFO - X_train type: <class 'pandas.core.frame.DataFrame'>
2025-09-14 15:31:40 - Training-20250914_153139 - INFO - y_train shape: (10001, 1)
2025-09-14 15:31:40 - Training-20250914_153139 - INFO - y_train type: <class 'pandas.core.frame.DataFrame'>
2025-09-14 15:31:40 - Training-20250914_153139 - INFO - Loading enhancement data with IDs: ['0']
2025-09-14 15:31:40 - Training-20250914_153139 - INFO - Total datasets loaded: 1
2025-09-14 15:31:40 - Training-20250914_153139 - INFO - Dataset 0: X shape (23715734, 2), y shape (10001, 1)
2025-09-14 15:31:40 - Training-20250914_153139 - INFO - Return CONCATED data shape: X (23715734, 2), y (10001, 1)
2025-09-14 15:31:40 - Training-20250914_153139 - INFO - 训练数据已对齐. X shape: (10001, 5562), y shape: (10001,)
2025-09-14 15:31:41 - Training-20250914_153139 - INFO - --- 使用的特征列表 (共 128 个) ---
2025-09-14 15:31:41 - Training-20250914_153139 - INFO - 前50个特征: ['cross_mul_RAW_3_detrend_volatility_normalized_whole_RAW_1_stats_std_whole', 'cross_mul_RAW_1_stats_cv_whole_RAW_1_stats_std_whole', 'cross_mul_RAW_3_detrend_volatility_normalized_whole_RAW_2_ad_stat', 'sub_RAW_8_percentage_of_reoccurring_values_to_all_values_contribution_left_RAW_7_sample_entropy_left', 'cross_mul_RAW_8_index_mass_quantile_q_0_1_right_RAW_8_quantile_0_4_contribution_left', 'cross_mul_RAW_8_benford_correlation_whole_RAW_8_count_above_0_whole', 'add_RAW_8_index_mass_quantile_q_0_8_ratio_to_whole_left_RAW_8_index_mass_quantile_q_0_1_right', 'cross_mul_RAW_8_index_mass_quantile_q_0_1_right_CUMSUM_2_ad_pvalue', 'cross_mul_RAW_8_benford_correlation_whole_DIFF_7_sample_entropy_right', 'sub_RAW_8_percentage_of_reoccurring_datapoints_to_all_datapoints_contribution_left_RAW_7_sample_entropy_left', 'sqmul_RAW_8_energy_ratio_by_chunks_num_segments_10_segment_focus_9_left_RAW_8_index_mass_quantile_q_0_1_right', 'cross_mul_RAW_8_energy_ratio_by_chunks_num_segments_10_segment_focus_9_left_RAW_1_stats_kurt_left', 'cross_mul_RAW_8_energy_ratio_by_chunks_num_segments_10_segment_focus_9_left_DIFF_8_change_quantiles_f_agg_var_isabs_False_qh_1_0_ql_0_2_contribution_left', 'cross_mul_RAW_8_energy_ratio_by_chunks_num_segments_10_segment_focus_9_left_RAW_8_agg_linear_trend_attr_rvalue_chunk_len_50_f_agg_max_ratio_to_whole_left', 'cross_mul_RAW_3_detrend_volatility_normalized_whole_RAW_8_linear_trend_attr_pvalue_ratio_to_whole_left', 'cross_mul_RAW_3_detrend_volatility_normalized_whole_CUMSUM_7_spectral_entropy_whole', 'sqmul_RAW_8_index_mass_quantile_q_0_1_right_RAW_8_index_mass_quantile_q_0_8_ratio_to_whole_left', 'cross_mul_RAW_8_percentage_of_reoccurring_values_to_all_values_ratio_to_whole_left_CUMSUM_1_stats_range_ratio_to_whole_left', 'DIFF_8_benford_correlation_left', 'div_RAW_8_percentage_of_reoccurring_datapoints_to_all_datapoints_contribution_left_RAW_8_percentage_of_reoccurring_values_to_all_values_ratio_to_whole_left', 'cross_mul_RAW_8_energy_ratio_by_chunks_num_segments_10_segment_focus_9_left_CUMSUM_10_rpt_cost_clinear_ratio_to_whole_left', 'div_RAW_3_detrend_volatility_normalized_whole_RAW_8_percentage_of_reoccurring_values_to_all_values_ratio_to_whole_left', 'cross_mul_RAW_7_sample_entropy_left_DIFF_8_quantile_0_4_contribution_left', 'cross_mul_RAW_8_benford_correlation_whole_CUMSUM_2_ad_pvalue', 'cross_mul_RAW_8_energy_ratio_by_chunks_num_segments_10_segment_focus_9_left_RAW_2_bartlett_pvalue', 'RAW_8_ratio_value_number_to_time_series_length_whole', 'cross_mul_RAW_3_detrend_volatility_normalized_whole_CUMSUM_10_rpt_cost_rank_diff', 'RAW_8_quantile_0_1_contribution_right', 'CUMSUM_8_change_quantiles_f_agg_var_isabs_False_qh_1_0_ql_0_4_contribution_right', 'cross_mul_RAW_8_percentage_of_reoccurring_values_to_all_values_ratio_to_whole_left_CUMSUM_1_stats_max_ratio_to_whole_left', 'cross_mul_RAW_1_stats_cv_whole_RAW_8_linear_trend_attr_pvalue_ratio_to_whole_left', 'cross_mul_RAW_8_energy_ratio_by_chunks_num_segments_10_segment_focus_9_left_RAW_8_quantile_0_4_right', 'RAW_7_katz_fd_whole', 'cross_mul_RAW_8_index_mass_quantile_q_0_1_right_RAW_8_ratio_beyond_r_sigma_3_left', 'cross_mul_RAW_7_sample_entropy_left_DIFF_7_sample_entropy_right', 'sub_RAW_8_index_mass_quantile_q_0_8_ratio_to_whole_left_RAW_7_sample_entropy_left', 'cross_mul_RAW_3_detrend_volatility_normalized_whole_RAW_8_percentage_of_reoccurring_values_to_all_values_diff', 'mul_RAW_8_index_mass_quantile_q_0_1_right_RAW_8_energy_ratio_by_chunks_num_segments_10_segment_focus_9_left', 'RAW_8_ratio_beyond_r_sigma_1_left', 'cross_mul_RAW_3_detrend_volatility_normalized_whole_RAW_8_change_quantiles_f_agg_var_isabs_True_qh_0_6_ql_0_4_contribution_left', 'add_RAW_8_index_mass_quantile_q_0_1_right_RAW_8_energy_ratio_by_chunks_num_segments_10_segment_focus_9_left', 'cross_mul_RAW_8_index_mass_quantile_q_0_8_ratio_to_whole_left_RAW_8_percentage_of_reoccurring_datapoints_to_all_datapoints_whole', 'div_RAW_8_percentage_of_reoccurring_datapoints_to_all_datapoints_contribution_left_RAW_8_percentage_of_reoccurring_values_to_all_values_contribution_left', 'DIFF_8_change_quantiles_f_agg_var_isabs_False_qh_1_0_ql_0_2_ratio', 'cross_mul_RAW_8_energy_ratio_by_chunks_num_segments_10_segment_focus_9_left_RAW_2_bartlett_stat', 'cross_mul_RAW_8_energy_ratio_by_chunks_num_segments_10_segment_focus_9_left_CUMSUM_5_dominant_freq_ratio_to_whole_right', 'cross_mul_RAW_8_index_mass_quantile_q_0_1_right_DIFF_8_quantile_0_4_contribution_left', 'cross_mul_RAW_7_sample_entropy_left_RAW_1_stats_min_whole', 'cross_mul_RAW_8_percentage_of_reoccurring_datapoints_to_all_datapoints_contribution_left_RAW_1_stats_kurt_right', 'cross_mul_RAW_7_sample_entropy_left_CUMSUM_2_kpss_pvalue_ratio_to_whole_left']
2025-09-14 15:31:41 - Training-20250914_153139 - INFO - --------------------------------------------------
2025-09-14 15:31:41 - Training-20250914_153139 - INFO - Starting 5-fold cross-validation with enhanced data strategy...
2025-09-14 15:31:41 - Training-20250914_153139 - INFO - 创建增强数据交叉验证分割...
2025-09-14 15:31:41 - Training-20250914_153139 - INFO - 识别到 10001 条原始数据
2025-09-14 15:31:41 - Training-20250914_153139 - INFO - 识别到 0 条增强数据
2025-09-14 15:31:41 - Training-20250914_153139 - INFO - Fold 1: 训练集 8000 条 (原始: 8000, 增强: 0), 验证集 2001 条 (仅原始数据)
2025-09-14 15:31:41 - Training-20250914_153139 - INFO - --- Fold 1/5 ---
2025-09-14 15:31:41 - Training-20250914_153139 - INFO - 训练数据: (8000, 128), 验证数据: (2001, 128)
2025-09-14 15:32:40 - Training-20250914_153139 - INFO - Fold 1 Train AUC: 0.98782, Val AUC: 0.90205
2025-09-14 15:32:40 - Training-20250914_153139 - INFO - Fold 1 Early stopping step (best_iteration): None
2025-09-14 15:32:40 - Training-20250914_153139 - INFO - Fold 1 finished in 59.68s
2025-09-14 15:32:40 - Training-20250914_153139 - INFO - Fold 2: 训练集 8001 条 (原始: 8001, 增强: 0), 验证集 2000 条 (仅原始数据)
2025-09-14 15:32:40 - Training-20250914_153139 - INFO - --- Fold 2/5 ---
2025-09-14 15:32:40 - Training-20250914_153139 - INFO - 训练数据: (8001, 128), 验证数据: (2000, 128)
2025-09-14 15:33:40 - Training-20250914_153139 - INFO - Fold 2 Train AUC: 0.98951, Val AUC: 0.88801
2025-09-14 15:33:40 - Training-20250914_153139 - INFO - Fold 2 Early stopping step (best_iteration): None
2025-09-14 15:33:40 - Training-20250914_153139 - INFO - Fold 2 finished in 59.63s
2025-09-14 15:33:40 - Training-20250914_153139 - INFO - Fold 3: 训练集 8001 条 (原始: 8001, 增强: 0), 验证集 2000 条 (仅原始数据)
2025-09-14 15:33:40 - Training-20250914_153139 - INFO - --- Fold 3/5 ---
2025-09-14 15:33:40 - Training-20250914_153139 - INFO - 训练数据: (8001, 128), 验证数据: (2000, 128)
2025-09-14 15:34:37 - Training-20250914_153139 - INFO - Fold 3 Train AUC: 0.98999, Val AUC: 0.89763
2025-09-14 15:34:37 - Training-20250914_153139 - INFO - Fold 3 Early stopping step (best_iteration): None
2025-09-14 15:34:37 - Training-20250914_153139 - INFO - Fold 3 finished in 57.23s
2025-09-14 15:34:37 - Training-20250914_153139 - INFO - Fold 4: 训练集 8001 条 (原始: 8001, 增强: 0), 验证集 2000 条 (仅原始数据)
2025-09-14 15:34:37 - Training-20250914_153139 - INFO - --- Fold 4/5 ---
2025-09-14 15:34:37 - Training-20250914_153139 - INFO - 训练数据: (8001, 128), 验证数据: (2000, 128)
2025-09-14 15:35:36 - Training-20250914_153139 - INFO - Fold 4 Train AUC: 0.98841, Val AUC: 0.89088
2025-09-14 15:35:36 - Training-20250914_153139 - INFO - Fold 4 Early stopping step (best_iteration): None
2025-09-14 15:35:36 - Training-20250914_153139 - INFO - Fold 4 finished in 58.84s
2025-09-14 15:35:36 - Training-20250914_153139 - INFO - Fold 5: 训练集 8001 条 (原始: 8001, 增强: 0), 验证集 2000 条 (仅原始数据)
2025-09-14 15:35:36 - Training-20250914_153139 - INFO - --- Fold 5/5 ---
2025-09-14 15:35:36 - Training-20250914_153139 - INFO - 训练数据: (8001, 128), 验证数据: (2000, 128)
2025-09-14 15:36:34 - Training-20250914_153139 - INFO - Fold 5 Train AUC: 0.98948, Val AUC: 0.88912
2025-09-14 15:36:34 - Training-20250914_153139 - INFO - Fold 5 Early stopping step (best_iteration): None
2025-09-14 15:36:34 - Training-20250914_153139 - INFO - Fold 5 finished in 58.44s
2025-09-14 15:36:34 - Training-20250914_153139 - INFO - Overall OOF AUC: 0.89350
2025-09-14 15:36:34 - Training-20250914_153139 - INFO - All outputs will be saved to: /public/home/gugq/gu-ADIA-Lab-Structural-Break/experiment/output/train_20250914_153634_auc_0_89350
2025-09-14 15:36:34 - Training-20250914_153139 - INFO - 特征重要性已保存到: /public/home/gugq/gu-ADIA-Lab-Structural-Break/experiment/output/train_20250914_153634_auc_0_89350/feature_importance.tsv
2025-09-14 15:36:34 - Training-20250914_153139 - INFO - feature importance saved.
2025-09-14 15:36:34 - Training-20250914_153139 - INFO - 训练流程结束，总耗时: 295.36 秒。
