2025-09-14 18:03:09 - Training-20250914_180309 - INFO - ========== Running Command: train ==========
2025-09-14 18:03:09 - Training-20250914_180309 - INFO - Args: {'command': 'train', 'feature_file': None, 'train_data_ids': ['0'], 'perm_imp': True, 'save_oof': False, 'save_model': False}
2025-09-14 18:03:09 - Training-20250914_180309 - INFO - =======================================
2025-09-14 18:03:09 - Training-20250914_180309 - INFO - Starting training and evaluation pipeline...
2025-09-14 18:03:09 - Training-20250914_180309 - INFO - Using model: LGB
2025-09-14 18:03:09 - Training-20250914_180309 - INFO - Model Parameters: {
    "objective": "binary",
    "metric": "auc",
    "boosting_type": "gbdt",
    "n_estimators": 3000,
    "learning_rate": 0.005,
    "num_leaves": 36,
    "random_state": 42,
    "n_jobs": 64,
    "is_unbalance": true,
    "reg_alpha": 3,
    "reg_lambda": 3,
    "colsample_bytree": 0.8,
    "subsample": 0.8
}
2025-09-14 18:03:09 - Training-20250914_180309 - INFO - Successfully loaded features from: features_20250914_170000.parquet
2025-09-14 18:03:09 - Training-20250914_180309 - INFO - Loading data...
2025-09-14 18:03:10 - Training-20250914_180309 - INFO - Original data loaded successfully.
2025-09-14 18:03:10 - Training-20250914_180309 - INFO - X_train shape: (23715734, 2)
2025-09-14 18:03:10 - Training-20250914_180309 - INFO - X_train type: <class 'pandas.core.frame.DataFrame'>
2025-09-14 18:03:10 - Training-20250914_180309 - INFO - y_train shape: (10001, 1)
2025-09-14 18:03:10 - Training-20250914_180309 - INFO - y_train type: <class 'pandas.core.frame.DataFrame'>
2025-09-14 18:03:10 - Training-20250914_180309 - INFO - Loading enhancement data with IDs: ['0']
2025-09-14 18:03:10 - Training-20250914_180309 - INFO - Total datasets loaded: 1
2025-09-14 18:03:10 - Training-20250914_180309 - INFO - Dataset 0: X shape (23715734, 2), y shape (10001, 1)
2025-09-14 18:03:10 - Training-20250914_180309 - INFO - Return CONCATED data shape: X (23715734, 2), y (10001, 1)
2025-09-14 18:03:10 - Training-20250914_180309 - INFO - 训练数据已对齐. X shape: (10001, 3861), y shape: (10001,)
