2025-07-18 10:36:02 - Training-20250718_103602 - INFO - ========== Running Command: train ==========
2025-07-18 10:36:02 - Training-20250718_103602 - INFO - Args: {'command': 'train', 'feature_file': None, 'save_oof': False, 'save_model': False, 'perm_imp': False}
2025-07-18 10:36:02 - Training-20250718_103602 - INFO - =======================================
2025-07-18 10:36:02 - Training-20250718_103602 - INFO - Starting training and evaluation pipeline...
2025-07-18 10:36:02 - Training-20250718_103602 - INFO - Model Parameters: {
    "objective": "binary",
    "metric": "auc",
    "boosting_type": "gbdt",
    "random_state": 42,
    "n_estimators": 4000,
    "learning_rate": 0.005,
    "num_leaves": 31,
    "n_jobs": -1,
    "reg_alpha": 0.5,
    "reg_lambda": 0.5,
    "colsample_bytree": 0.8,
    "subsample": 0.8
}
2025-07-18 10:36:02 - Training-20250718_103602 - INFO - 未指定特征文件，将尝试加载最新版本。
2025-07-18 10:36:02 - Training-20250718_103602 - INFO - 正在从 features_20250718_103512.parquet 加载特征...
2025-07-18 10:36:02 - Training-20250718_103602 - INFO - 特征加载成功，共 499 个特征。
2025-07-18 10:36:02 - Training-20250718_103602 - INFO - Successfully loaded features from: features_20250718_103512.parquet
2025-07-18 10:36:03 - Training-20250718_103602 - INFO - 训练数据已对齐. X shape: (10001, 499), y shape: (10001,)
2025-07-18 10:36:03 - Training-20250718_103602 - INFO - --- 使用的特征列表 (共 69 个) ---
2025-07-18 10:36:03 - Training-20250718_103602 - INFO - ['RAW_1_stats_mean_whole', 'RAW_1_stats_median_ratio', 'RAW_1_stats_std_whole', 'RAW_1_stats_kurt_left', 'RAW_1_stats_kurt_right', 'RAW_1_stats_kurt_whole', 'RAW_1_stats_cv_whole', 'RAW_1_stats_mean_of_rolling_std_ratio', 'RAW_2_ks_stat', 'RAW_2_ks_pvalue', 'RAW_2_ad_stat', 'RAW_2_ad_pvalue', 'RAW_2_levene_stat', 'RAW_2_levene_pvalue', 'RAW_2_bartlett_stat', 'RAW_2_bartlett_pvalue', 'RAW_2_shapiro_pvalue_left', 'RAW_2_jb_pvalue_left', 'RAW_2_jb_pvalue_ratio', 'RAW_3_sum_ratio', 'RAW_4_autocorr_lag1_diff', 'RAW_4_autocorr_lag1_ratio', 'RAW_7_rolling_std_w50_mean_whole', 'RAW_8_perm_entropy_left', 'RAW_8_approx_entropy_whole', 'RAW_8_sample_entropy_left', 'RAW_8_sample_entropy_whole', 'RAW_8_hjorth_complexity_diff', 'RAW_10_ratio_value_number_to_time_series_length_left', 'RAW_10_ratio_value_number_to_time_series_length_whole', 'RAW_10_ratio_value_number_to_time_series_length_diff', 'RAW_10_ratio_value_number_to_time_series_length_ratio', 'RAW_10_ratio_beyond_r_sigma_1_5_diff', 'RAW_10_quantile_0_4_right', 'RAW_10_quantile_0_4_whole', 'RAW_10_quantile_0_4_ratio', 'RAW_10_quantile_0_1_ratio', 'RAW_10_percentage_of_reoccurring_values_to_all_values_left', 'RAW_10_percentage_of_reoccurring_values_to_all_values_diff', 'RAW_10_percentage_of_reoccurring_values_to_all_values_ratio', 'RAW_10_linear_trend_attr_rvalue_ratio', 'RAW_10_linear_trend_attr_intercept_ratio', 'RAW_10_fft_coefficient_attr_imag_coeff_1_whole', 'RAW_10_change_quantiles_f_agg_var_isabs_True_qh_0_6_ql_0_4_ratio', 'RAW_10_change_quantiles_f_agg_var_isabs_True_qh_0_6_ql_0_2_whole', 'RAW_10_change_quantiles_f_agg_var_isabs_False_qh_0_8_ql_0_4_whole', 'RAW_10_agg_linear_trend_attr_rvalue_chunk_len_50_f_agg_mean_diff', 'RAW_10_agg_linear_trend_attr_rvalue_chunk_len_5_f_agg_max_left', 'RAW_10_agg_linear_trend_attr_rvalue_chunk_len_5_f_agg_max_right', 'RAW_10_agg_linear_trend_attr_rvalue_chunk_len_5_f_agg_max_diff', 'RAW_11_param_0_whole', 'RAW_11_param_0_ratio', 'RAW_11_param_4_left', 'RAW_12_rpt_cost_rank_left', 'RAW_12_rpt_cost_cosine_whole', 'RAW_13_ma_cross_count_left', 'RAW_13_ma_cross_density_left', 'RAW_13_ma_cross_up_ratio_left', 'RAW_13_ma_cross_count_right', 'RAW_13_ma_cross_density_right', 'RAW_13_ma_cross_up_ratio_right', 'RAW_13_ma_cross_count_whole', 'RAW_13_ma_cross_density_whole', 'RAW_13_ma_cross_up_ratio_whole', 'RAW_13_ma_cross_count_ratio', 'RAW_13_ma_cross_density_diff', 'RAW_13_ma_cross_density_ratio', 'RAW_13_ma_cross_up_ratio_diff', 'RAW_13_ma_cross_up_ratio_ratio']
2025-07-18 10:36:03 - Training-20250718_103602 - INFO - --------------------------------------------------
2025-07-18 10:36:03 - Training-20250718_103602 - INFO - Starting 5-fold cross-validation with LightGBM...
2025-07-18 10:36:03 - Training-20250718_103602 - INFO - --- Fold 1/5 ---
2025-07-18 10:36:20 - Training-20250718_103602 - INFO - Fold 1 Train AUC: 0.97952, Val AUC: 0.79116
2025-07-18 10:36:20 - Training-20250718_103602 - INFO - Fold 1 finished in 16.70s
2025-07-18 10:36:20 - Training-20250718_103602 - INFO - --- Fold 2/5 ---
2025-07-18 10:36:34 - Training-20250718_103602 - INFO - Fold 2 Train AUC: 0.95027, Val AUC: 0.78031
2025-07-18 10:36:34 - Training-20250718_103602 - INFO - Fold 2 finished in 13.38s
2025-07-18 10:36:34 - Training-20250718_103602 - INFO - --- Fold 3/5 ---
2025-07-18 10:36:52 - Training-20250718_103602 - INFO - Fold 3 Train AUC: 0.97914, Val AUC: 0.80001
2025-07-18 10:36:52 - Training-20250718_103602 - INFO - Fold 3 finished in 18.88s
2025-07-18 10:36:52 - Training-20250718_103602 - INFO - --- Fold 4/5 ---
2025-07-18 10:37:08 - Training-20250718_103602 - INFO - Fold 4 Train AUC: 0.96797, Val AUC: 0.77802
2025-07-18 10:37:08 - Training-20250718_103602 - INFO - Fold 4 finished in 15.45s
2025-07-18 10:37:08 - Training-20250718_103602 - INFO - --- Fold 5/5 ---
2025-07-18 10:37:27 - Training-20250718_103602 - INFO - Fold 5 Train AUC: 0.98145, Val AUC: 0.77771
2025-07-18 10:37:27 - Training-20250718_103602 - INFO - Fold 5 finished in 19.14s
2025-07-18 10:37:27 - Training-20250718_103602 - INFO - Overall OOF AUC: 0.78516
2025-07-18 10:37:27 - Training-20250718_103602 - INFO - All outputs will be saved to: E:\ggq的文件\比赛\25-ADIA-Lab-Structure-Break\ADIA-Lab-Structural-Break\experiment\output\train_20250718_103727_auc_0_78516
2025-07-18 10:37:27 - Training-20250718_103602 - INFO - 特征重要性已保存到: E:\ggq的文件\比赛\25-ADIA-Lab-Structure-Break\ADIA-Lab-Structural-Break\experiment\output\train_20250718_103727_auc_0_78516\feature_importance.tsv
2025-07-18 10:37:27 - Training-20250718_103602 - INFO - feature importance saved.
2025-07-18 10:37:27 - Training-20250718_103602 - INFO - 训练流程结束，总耗时: 84.91 秒。
