2025-08-20 17:00:42 - Training-20250820_170042 - INFO - ========== Running Command: train ==========
2025-08-20 17:00:42 - Training-20250820_170042 - INFO - Args: {'command': 'train', 'feature_file': None, 'train_data_ids': ['0'], 'perm_imp': False, 'save_oof': False, 'save_model': False}
2025-08-20 17:00:42 - Training-20250820_170042 - INFO - =======================================
2025-08-20 17:00:42 - Training-20250820_170042 - INFO - Starting training and evaluation pipeline...
2025-08-20 17:00:42 - Training-20250820_170042 - INFO - Model Parameters: {
    "objective": "binary",
    "metric": "auc",
    "boosting_type": "gbdt",
    "n_estimators": 3000,
    "learning_rate": 0.005,
    "num_leaves": 29,
    "random_state": 42,
    "n_jobs": 12,
    "reg_alpha": 3,
    "reg_lambda": 3,
    "colsample_bytree": 0.8,
    "subsample": 0.8
}
2025-08-20 17:00:43 - Training-20250820_170042 - INFO - Successfully loaded features from: features_20250819_233429.parquet
2025-08-20 17:00:43 - Training-20250820_170042 - INFO - Loading data...
2025-08-20 17:00:44 - Training-20250820_170042 - INFO - Original data loaded successfully.
2025-08-20 17:00:44 - Training-20250820_170042 - INFO - X_train shape: (23715734, 2)
2025-08-20 17:00:44 - Training-20250820_170042 - INFO - X_train type: <class 'pandas.core.frame.DataFrame'>
2025-08-20 17:00:44 - Training-20250820_170042 - INFO - y_train shape: (10001, 1)
2025-08-20 17:00:44 - Training-20250820_170042 - INFO - y_train type: <class 'pandas.core.frame.DataFrame'>
2025-08-20 17:00:44 - Training-20250820_170042 - INFO - Loading enhancement data with IDs: ['0']
2025-08-20 17:00:44 - Training-20250820_170042 - INFO - Total datasets loaded: 1
2025-08-20 17:00:44 - Training-20250820_170042 - INFO - Dataset 0: X shape (23715734, 2), y shape (10001, 1)
2025-08-20 17:00:44 - Training-20250820_170042 - INFO - Return CONCATED data shape: X (23715734, 2), y (10001, 1)
2025-08-20 17:00:44 - Training-20250820_170042 - INFO - 训练数据已对齐. X shape: (10001, 3690), y shape: (10001,)
2025-08-20 17:00:44 - Training-20250820_170042 - INFO - --- 使用的特征列表 (共 102 个) ---
2025-08-20 17:00:44 - Training-20250820_170042 - INFO - ['RAW_8_percentage_of_reoccurring_values_to_all_values_contribution_left', 'RAW_8_percentage_of_reoccurring_datapoints_to_all_datapoints_contribution_left', 'RAW_1_stats_cv_whole', 'RAW_8_index_mass_quantile_q_0_8_ratio_to_whole_left', 'RAW_8_percentage_of_reoccurring_values_to_all_values_ratio_to_whole_left', 'RAW_3_detrend_volatility_normalized_whole', 'RAW_8_index_mass_quantile_q_0_1_right', 'RAW_7_sample_entropy_left', 'RAW_8_benford_correlation_whole', 'RAW_8_energy_ratio_by_chunks_num_segments_10_segment_focus_9_left', 'RAW_8_ratio_value_number_to_time_series_length_ratio_to_whole_left', 'RAW_10_rpt_cost_cosine_whole', 'RAW_8_percentage_of_reoccurring_values_to_all_values_ratio', 'RAW_8_quantile_0_4_whole', 'DIFF_2_levene_pvalue', 'RAW_8_quantile_0_4_right', 'RAW_2_ad_stat', 'DIFF_8_benford_correlation_left', 'RAW_8_index_mass_quantile_q_0_8_left', 'CUMSUM_10_rpt_cost_normal_right', 'RAW_8_agg_linear_trend_attr_rvalue_chunk_len_50_f_agg_max_ratio_to_whole_left', 'RAW_7_approx_entropy_left', 'DIFF_2_bartlett_pvalue', 'RAW_8_agg_linear_trend_attr_slope_chunk_len_10_f_agg_mean_contribution_left', 'RAW_8_percentage_of_reoccurring_datapoints_to_all_datapoints_ratio_to_whole_left', 'CUMSUM_8_ar_coefficient_coeff_2_k_10_ratio', 'RAW_8_ratio_value_number_to_time_series_length_contribution_left', 'RAW_8_agg_linear_trend_attr_intercept_chunk_len_10_f_agg_max_ratio_to_whole_right', 'RAW_2_adf_icbest_left', 'RAW_2_bartlett_pvalue', 'DIFF_8_change_quantiles_f_agg_var_isabs_False_qh_0_6_ql_0_4_whole', 'CUMSUM_8_friedrich_coefficients_coeff_2_m_3_r_30_ratio', 'RAW_1_stats_median_ratio', 'DIFF_7_cond_entropy_left', 'CUMSUM_3_detrend_volatility_normalized_right', 'RAW_2_ks_stat', 'RAW_1_stats_std_whole', 'RAW_8_ratio_beyond_r_sigma_3_left', 'CUMSUM_1_stats_max_diff', 'CUMSUM_8_partial_autocorrelation_lag_4_ratio_to_whole_left', 'CUMSUM_2_shapiro_pvalue_ratio_to_whole_left', 'DIFF_8_ar_coefficient_coeff_2_k_10_left', 'RAW_2_jb_pvalue_contribution_right', 'CUMSUM_2_ad_pvalue', 'RAW_7_sample_entropy_whole', 'RAW_1_stats_median_right', 'CUMSUM_7_hjorth_complexity_whole', 'DIFF_8_linear_trend_attr_rvalue_contribution_right', 'DIFF_8_count_above_0_contribution_left', 'RAW_8_count_above_0_whole', 'RAW_1_stats_min_whole', 'RAW_8_ratio_value_number_to_time_series_length_ratio_to_whole_right', 'DIFF_8_benford_correlation_whole', 'RAW_1_stats_median_whole', 'RAW_8_ratio_beyond_r_sigma_1_contribution_left', 'RAW_8_ratio_value_number_to_time_series_length_ratio', 'CUMSUM_8_ratio_beyond_r_sigma_1_5_contribution_left', 'CUMSUM_8_ratio_beyond_r_sigma_1_5_contribution_right', 'RAW_8_change_quantiles_f_agg_var_isabs_False_qh_0_6_ql_0_4_ratio_to_whole_right', 'RAW_8_change_quantiles_f_agg_var_isabs_True_qh_0_6_ql_0_2_whole', 'CUMSUM_1_stats_max_ratio', 'CUMSUM_4_autocorr_lag1_whole', 'RAW_2_bartlett_stat', 'CUMSUM_7_katz_fd_whole', 'CUMSUM_1_stats_theil_sen_slope_whole', 'DIFF_8_agg_linear_trend_attr_rvalue_chunk_len_5_f_agg_max_ratio_to_whole_right', 'RAW_8_percentage_of_reoccurring_datapoints_to_all_datapoints_ratio_to_whole_right', 'RAW_8_sum_of_reoccurring_data_points_contribution_left', 'RAW_8_change_quantiles_f_agg_var_isabs_False_qh_0_8_ql_0_0_whole', 'RAW_8_ratio_beyond_r_sigma_1_5_contribution_left', 'CUMSUM_2_kpss_pvalue_ratio_to_whole_left', 'RAW_8_friedrich_coefficients_coeff_3_m_3_r_30_ratio', 'RAW_8_ratio_beyond_r_sigma_1_left', 'CUMSUM_8_change_quantiles_f_agg_mean_isabs_True_qh_1_0_ql_0_4_ratio_to_whole_left', 'CUMSUM_8_change_quantiles_f_agg_var_isabs_False_qh_0_8_ql_0_0_whole', 'CUMSUM_5_dominant_freq_ratio_to_whole_right', 'RAW_8_agg_linear_trend_attr_rvalue_chunk_len_5_f_agg_max_right', 'DIFF_8_change_quantiles_f_agg_var_isabs_True_qh_0_8_ql_0_6_contribution_left', 'RAW_8_change_quantiles_f_agg_var_isabs_False_qh_0_8_ql_0_4_whole', 'DIFF_8_change_quantiles_f_agg_var_isabs_False_qh_1_0_ql_0_2_contribution_left', 'RAW_8_first_location_of_maximum_ratio', 'CUMSUM_1_stats_range_right', 'CUMSUM_2_adf_stat_diff', 'CUMSUM_10_rpt_cost_clinear_ratio_to_whole_left', 'RAW_1_stats_mean_whole', 'RAW_8_ratio_beyond_r_sigma_1_5_whole', 'CUMSUM_8_friedrich_coefficients_coeff_3_m_3_r_30_ratio_to_whole_left', 'CUMSUM_2_wilcoxon_stat', 'RAW_8_ratio_value_number_to_time_series_length_whole', 'RAW_8_change_quantiles_f_agg_var_isabs_False_qh_0_6_ql_0_2_whole', 'RAW_3_detrend_volatility_normalized_right', 'RAW_7_katz_fd_whole', 'CUMSUM_8_change_quantiles_f_agg_var_isabs_False_qh_0_8_ql_0_0_ratio_to_whole_right', 'DIFF_8_change_quantiles_f_agg_var_isabs_False_qh_1_0_ql_0_2_ratio', 'RAW_8_change_quantiles_f_agg_var_isabs_False_qh_0_8_ql_0_0_right', 'RAW_8_quantile_0_4_contribution_left', 'CUMSUM_1_stats_min_ratio_to_whole_right', 'CUMSUM_7_spectral_entropy_whole', 'DIFF_7_hjorth_complexity_contribution_right', 'RAW_8_change_quantiles_f_agg_var_isabs_True_qh_0_6_ql_0_4_whole', 'DIFF_2_jb_pvalue_left', 'CUMSUM_2_mannwhitney_stat']
2025-08-20 17:00:44 - Training-20250820_170042 - INFO - --------------------------------------------------
2025-08-20 17:00:44 - Training-20250820_170042 - INFO - Starting 5-fold cross-validation with enhanced data strategy...
2025-08-20 17:00:44 - Training-20250820_170042 - INFO - 创建增强数据交叉验证分割...
2025-08-20 17:00:44 - Training-20250820_170042 - INFO - 识别到 10001 条原始数据
2025-08-20 17:00:44 - Training-20250820_170042 - INFO - 识别到 0 条增强数据
2025-08-20 17:00:44 - Training-20250820_170042 - INFO - Fold 1: 训练集 8000 条 (原始: 8000, 增强: 0), 验证集 2001 条 (仅原始数据)
2025-08-20 17:00:44 - Training-20250820_170042 - INFO - --- Fold 1/5 ---
2025-08-20 17:00:44 - Training-20250820_170042 - INFO - 训练数据: (8000, 102), 验证数据: (2001, 102)
2025-08-20 17:00:44 - Training-20250820_170042 - INFO - Fold 1: Using cuDF for GPU data processing
2025-08-20 17:00:53 - Training-20250820_170042 - INFO - Fold 1 Train AUC: 0.98677, Val AUC: 0.81759
2025-08-20 17:00:53 - Training-20250820_170042 - INFO - Fold 1 Early stopping step (best_iteration): None
2025-08-20 17:00:53 - Training-20250820_170042 - INFO - Fold 1 finished in 8.65s
2025-08-20 17:00:53 - Training-20250820_170042 - INFO - Fold 2: 训练集 8001 条 (原始: 8001, 增强: 0), 验证集 2000 条 (仅原始数据)
2025-08-20 17:00:53 - Training-20250820_170042 - INFO - --- Fold 2/5 ---
2025-08-20 17:00:53 - Training-20250820_170042 - INFO - 训练数据: (8001, 102), 验证数据: (2000, 102)
2025-08-20 17:00:53 - Training-20250820_170042 - INFO - Fold 2: Using cuDF for GPU data processing
2025-08-20 17:01:01 - Training-20250820_170042 - INFO - Fold 2 Train AUC: 0.98603, Val AUC: 0.79463
2025-08-20 17:01:01 - Training-20250820_170042 - INFO - Fold 2 Early stopping step (best_iteration): None
2025-08-20 17:01:01 - Training-20250820_170042 - INFO - Fold 2 finished in 8.46s
2025-08-20 17:01:01 - Training-20250820_170042 - INFO - Fold 3: 训练集 8001 条 (原始: 8001, 增强: 0), 验证集 2000 条 (仅原始数据)
2025-08-20 17:01:01 - Training-20250820_170042 - INFO - --- Fold 3/5 ---
2025-08-20 17:01:01 - Training-20250820_170042 - INFO - 训练数据: (8001, 102), 验证数据: (2000, 102)
2025-08-20 17:01:01 - Training-20250820_170042 - INFO - Fold 3: Using cuDF for GPU data processing
2025-08-20 17:01:10 - Training-20250820_170042 - INFO - Fold 3 Train AUC: 0.98733, Val AUC: 0.81229
2025-08-20 17:01:10 - Training-20250820_170042 - INFO - Fold 3 Early stopping step (best_iteration): None
2025-08-20 17:01:10 - Training-20250820_170042 - INFO - Fold 3 finished in 8.38s
2025-08-20 17:01:10 - Training-20250820_170042 - INFO - Fold 4: 训练集 8001 条 (原始: 8001, 增强: 0), 验证集 2000 条 (仅原始数据)
2025-08-20 17:01:10 - Training-20250820_170042 - INFO - --- Fold 4/5 ---
2025-08-20 17:01:10 - Training-20250820_170042 - INFO - 训练数据: (8001, 102), 验证数据: (2000, 102)
2025-08-20 17:01:10 - Training-20250820_170042 - INFO - Fold 4: Using cuDF for GPU data processing
2025-08-20 17:01:18 - Training-20250820_170042 - INFO - Fold 4 Train AUC: 0.98727, Val AUC: 0.80543
2025-08-20 17:01:18 - Training-20250820_170042 - INFO - Fold 4 Early stopping step (best_iteration): None
2025-08-20 17:01:18 - Training-20250820_170042 - INFO - Fold 4 finished in 8.40s
2025-08-20 17:01:18 - Training-20250820_170042 - INFO - Fold 5: 训练集 8001 条 (原始: 8001, 增强: 0), 验证集 2000 条 (仅原始数据)
2025-08-20 17:01:18 - Training-20250820_170042 - INFO - --- Fold 5/5 ---
2025-08-20 17:01:18 - Training-20250820_170042 - INFO - 训练数据: (8001, 102), 验证数据: (2000, 102)
2025-08-20 17:01:18 - Training-20250820_170042 - INFO - Fold 5: Using cuDF for GPU data processing
2025-08-20 17:01:27 - Training-20250820_170042 - INFO - Fold 5 Train AUC: 0.98589, Val AUC: 0.80562
2025-08-20 17:01:27 - Training-20250820_170042 - INFO - Fold 5 Early stopping step (best_iteration): None
2025-08-20 17:01:27 - Training-20250820_170042 - INFO - Fold 5 finished in 8.41s
2025-08-20 17:01:27 - Training-20250820_170042 - INFO - Overall OOF AUC: 0.80709
2025-08-20 17:01:27 - Training-20250820_170042 - INFO - All outputs will be saved to: /hy-tmp/ADIA-Lab-Structural-Break/experiment/output/train_20250820_170127_auc_0_80709
2025-08-20 17:01:27 - Training-20250820_170042 - INFO - 特征重要性已保存到: /hy-tmp/ADIA-Lab-Structural-Break/experiment/output/train_20250820_170127_auc_0_80709/feature_importance.tsv
2025-08-20 17:01:27 - Training-20250820_170042 - INFO - feature importance saved.
2025-08-20 17:01:27 - Training-20250820_170042 - INFO - 训练流程结束，总耗时: 44.61 秒。
