2025-08-17 23:37:07 - Training-20250817_233707 - INFO - ========== Running Command: train ==========
2025-08-17 23:37:07 - Training-20250817_233707 - INFO - Args: {'command': 'train', 'feature_file': None, 'train_data_ids': ['0'], 'perm_imp': False, 'save_oof': False, 'save_model': False}
2025-08-17 23:37:07 - Training-20250817_233707 - INFO - =======================================
2025-08-17 23:37:07 - Training-20250817_233707 - INFO - Starting training and evaluation pipeline...
2025-08-17 23:37:07 - Training-20250817_233707 - INFO - Model Parameters: {
    "objective": "binary",
    "metric": "auc",
    "boosting_type": "gbdt",
    "n_estimators": 4000,
    "learning_rate": 0.005,
    "num_leaves": 29,
    "random_state": 42,
    "n_jobs": 12,
    "reg_alpha": 3,
    "reg_lambda": 3,
    "colsample_bytree": 0.8,
    "subsample": 0.8
}
2025-08-17 23:37:08 - Training-20250817_233707 - INFO - Successfully loaded features from: features_20250731_002753.parquet
2025-08-17 23:37:08 - Training-20250817_233707 - INFO - Loading data...
2025-08-17 23:37:09 - Training-20250817_233707 - INFO - Original data loaded successfully.
2025-08-17 23:37:09 - Training-20250817_233707 - INFO - X_train shape: (23715734, 2)
2025-08-17 23:37:09 - Training-20250817_233707 - INFO - X_train type: <class 'pandas.core.frame.DataFrame'>
2025-08-17 23:37:09 - Training-20250817_233707 - INFO - y_train shape: (10001, 1)
2025-08-17 23:37:09 - Training-20250817_233707 - INFO - y_train type: <class 'pandas.core.frame.DataFrame'>
2025-08-17 23:37:09 - Training-20250817_233707 - INFO - Loading enhancement data with IDs: ['0']
2025-08-17 23:37:09 - Training-20250817_233707 - INFO - Total datasets loaded: 1
2025-08-17 23:37:09 - Training-20250817_233707 - INFO - Dataset 0: X shape (23715734, 2), y shape (10001, 1)
2025-08-17 23:37:09 - Training-20250817_233707 - INFO - Return CONCATED data shape: X (23715734, 2), y (10001, 1)
