2025-09-27 12:49:14 - Training-20250927_124914 - INFO - ========== Running Command: train ==========
2025-09-27 12:49:14 - Training-20250927_124914 - INFO - Args: {'command': 'train', 'feature_file': None, 'train_data_ids': ['0'], 'perm_imp': False, 'save_oof': False, 'save_model': False}
2025-09-27 12:49:14 - Training-20250927_124914 - INFO - =======================================
2025-09-27 12:49:14 - Training-20250927_124914 - INFO - Starting training and evaluation pipeline...
2025-09-27 12:49:14 - Training-20250927_124914 - INFO - Using model: LGB
2025-09-27 12:49:14 - Training-20250927_124914 - INFO - Model Parameters: {
    "objective": "binary",
    "metric": "auc",
    "boosting_type": "gbdt",
    "n_estimators": 3000,
    "learning_rate": 0.005,
    "num_leaves": 29,
    "random_state": 42,
    "n_jobs": 72,
    "reg_alpha": 3,
    "reg_lambda": 3,
    "colsample_bytree": 0.8,
    "subsample": 0.8
}
2025-09-27 12:49:15 - Training-20250927_124914 - INFO - Successfully loaded features from: features_20250927_102120_id_0.parquet
2025-09-27 12:49:15 - Training-20250927_124914 - INFO - Loading data...
2025-09-27 12:49:17 - Training-20250927_124914 - INFO - Original data loaded successfully.
2025-09-27 12:49:17 - Training-20250927_124914 - INFO - X_train shape: (23715734, 2)
2025-09-27 12:49:17 - Training-20250927_124914 - INFO - X_train type: <class 'pandas.core.frame.DataFrame'>
2025-09-27 12:49:17 - Training-20250927_124914 - INFO - y_train shape: (10001, 1)
2025-09-27 12:49:17 - Training-20250927_124914 - INFO - y_train type: <class 'pandas.core.frame.DataFrame'>
2025-09-27 12:49:17 - Training-20250927_124914 - INFO - Loading enhancement data with IDs: ['0']
2025-09-27 12:49:17 - Training-20250927_124914 - INFO - Total datasets loaded: 1
2025-09-27 12:49:17 - Training-20250927_124914 - INFO - Dataset 0: X shape (23715734, 2), y shape (10001, 1)
2025-09-27 12:49:17 - Training-20250927_124914 - INFO - Return CONCATED data shape: X (23715734, 2), y (10001, 1)
2025-09-27 12:49:17 - Training-20250927_124914 - INFO - 训练数据已对齐. X shape: (10001, 400), y shape: (10001,)
2025-09-27 12:49:17 - Training-20250927_124914 - INFO - --- 使用的特征列表 (共 400 个) ---
2025-09-27 12:49:17 - Training-20250927_124914 - INFO - 前50个特征: ['sqmul_RAW_1_stats_mean_whole_RAW_3_detrend_volatility_normalized_whole', 'mul_RAW_3_detrend_volatility_normalized_whole_RAW_1_stats_std_whole', 'mul_RAW_1_stats_cv_whole_RAW_1_stats_std_whole', 'asinh_add_RAW_8_percentage_of_reoccurring_values_to_all_values_contribution_left_RAW_3_detrend_volatility_normalized_whole', 'sub_RAW_8_ratio_value_number_to_time_series_length_ratio_to_whole_right_CUMSUM_4_autocorr_lag1_whole', 'asinh_sub_RAW_8_energy_ratio_by_chunks_num_segments_10_segment_focus_9_left_RAW_8_agg_linear_trend_attr_intercept_chunk_len_10_f_agg_max_ratio_to_whole_right', 'asinh_add_RAW_8_index_mass_quantile_q_0_8_ratio_to_whole_left_RAW_8_index_mass_quantile_q_0_1_right', 'div_RAW_8_energy_ratio_by_chunks_num_segments_10_segment_focus_9_left_RAW_8_agg_linear_trend_attr_intercept_chunk_len_10_f_agg_max_ratio_to_whole_right', 'div_RAW_8_percentage_of_reoccurring_datapoints_to_all_datapoints_whole_RAW_8_percentage_of_reoccurring_values_to_all_values_diff', 'asinh_sub_RAW_1_stats_mean_whole_DIFF_2_jb_pvalue_left', 'div_RAW_2_ad_stat_RAW_8_percentage_of_reoccurring_values_to_all_values_contribution_left', 'mul_CUMSUM_2_ad_pvalue_DIFF_8_change_quantiles_f_agg_var_isabs_True_qh_0_4_ql_0_2_whole', 'asinh_add_CUMSUM_3_detrend_volatility_normalized_right_RAW_8_change_quantiles_f_agg_var_isabs_True_qh_0_6_ql_0_4_whole', 'sub_RAW_8_ratio_value_number_to_time_series_length_ratio_to_whole_left_DIFF_8_ratio_value_number_to_time_series_length_left', 'asinh_sub_raw_RAW_8_ratio_value_number_to_time_series_length_contribution_left_CUMSUM_3_detrend_volatility_normalized_ratio', 'mul_RAW_2_bartlett_stat_DIFF_2_jb_pvalue_left', 'asinh_add_raw_DIFF_2_bartlett_pvalue_RAW_8_change_quantiles_f_agg_var_isabs_False_qh_0_6_ql_0_4_ratio_to_whole_right', 'div_RAW_8_energy_ratio_by_chunks_num_segments_10_segment_focus_9_left_RAW_8_change_quantiles_f_agg_var_isabs_True_qh_1_0_ql_0_4_contribution_right', 'asinh_sub_raw_RAW_8_change_quantiles_f_agg_var_isabs_False_qh_0_6_ql_0_4_ratio_to_whole_right_CUMSUM_2_mannwhitney_stat', 'mul_RAW_8_percentage_of_reoccurring_values_to_all_values_ratio_to_whole_left_CUMSUM_1_stats_max_ratio_to_whole_left', 'asinh_sub_raw_RAW_8_percentage_of_reoccurring_values_to_all_values_ratio_RAW_2_ad_stat', 'asinh_sub_RAW_2_ad_stat_DIFF_8_benford_correlation_left', 'asinh_add_RAW_8_index_mass_quantile_q_0_8_ratio_to_whole_left_RAW_8_agg_linear_trend_attr_rvalue_chunk_len_5_f_agg_max_right', 'sub_RAW_8_energy_ratio_by_chunks_num_segments_10_segment_focus_9_left_RAW_8_change_quantiles_f_agg_var_isabs_True_qh_1_0_ql_0_4_contribution_right', 'asinh_add_DIFF_2_bartlett_pvalue_RAW_8_ratio_beyond_r_sigma_1_left', 'asinh_add_RAW_8_index_mass_quantile_q_0_1_right_RAW_8_energy_ratio_by_chunks_num_segments_10_segment_focus_9_left', 'asinh_add_CUMSUM_1_stats_theil_sen_slope_whole_DIFF_2_jb_pvalue_left', 'asinh_add_RAW_1_stats_median_ratio_RAW_7_higuchi_fd_contribution_right', 'asinh_add_RAW_8_ratio_value_number_to_time_series_length_ratio_to_whole_left_CUMSUM_1_stats_theil_sen_slope_whole', 'raw_add_asinh_CUMSUM_1_stats_max_diff_DIFF_2_jb_pvalue_left', 'asinh_sub_RAW_7_sample_entropy_left_RAW_8_ratio_beyond_r_sigma_1_left', 'raw_mul_asinh_RAW_8_percentage_of_reoccurring_values_to_all_values_ratio_to_whole_left_RAW_3_detrend_volatility_normalized_whole', 'asinh_add_CUMSUM_7_spectral_entropy_whole_CUMSUM_8_agg_linear_trend_attr_slope_chunk_len_10_f_agg_mean_ratio_to_whole_left', 'div_RAW_8_benford_correlation_whole_CUMSUM_2_ad_pvalue', 'asinh_sub_RAW_2_bartlett_pvalue_RAW_1_stats_kurt_left', 'asinh_add_RAW_2_bartlett_pvalue_CUMSUM_1_stats_theil_sen_slope_whole', 'asinh_sub_DIFF_2_bartlett_pvalue_DIFF_8_ratio_beyond_r_sigma_3_left', 'asinh_sub_RAW_8_ratio_value_number_to_time_series_length_ratio_to_whole_left_RAW_8_percentage_of_reoccurring_datapoints_to_all_datapoints_ratio_to_whole_right', 'asinh_add_RAW_8_ratio_value_number_to_time_series_length_ratio_to_whole_left_CUMSUM_7_hjorth_complexity_whole', 'asinh_add_DIFF_2_levene_pvalue_RAW_8_ratio_beyond_r_sigma_1_left', 'asinh_sub_raw_RAW_8_percentage_of_reoccurring_values_to_all_values_contribution_left_RAW_3_detrend_volatility_normalized_whole', 'asinh_sub_RAW_8_percentage_of_reoccurring_values_to_all_values_contribution_left_CUMSUM_7_hjorth_complexity_whole', 'asinh_add_RAW_1_stats_cv_whole_RAW_1_stats_std_whole', 'asinh_sub_DIFF_2_bartlett_pvalue_RAW_8_change_quantiles_f_agg_var_isabs_False_qh_0_6_ql_0_4_left', 'asinh_add_raw_RAW_8_ratio_value_number_to_time_series_length_ratio_to_whole_left_CUMSUM_7_hjorth_complexity_whole', 'mul_RAW_8_ratio_beyond_r_sigma_3_left_CUMSUM_1_stats_max_diff', 'asinh_add_DIFF_2_jb_pvalue_left_RAW_8_ar_coefficient_coeff_0_k_10_right', 'asinh_add_RAW_2_ad_stat_RAW_8_count_above_0_whole', 'add_RAW_7_sample_entropy_left_CUMSUM_8_first_location_of_maximum_whole', 'div_DIFF_8_change_quantiles_f_agg_var_isabs_False_qh_0_6_ql_0_4_whole_DIFF_8_change_quantiles_f_agg_var_isabs_True_qh_0_4_ql_0_2_whole']
2025-09-27 12:49:17 - Training-20250927_124914 - INFO - --------------------------------------------------
2025-09-27 12:49:17 - Training-20250927_124914 - INFO - Starting 5-fold cross-validation with enhanced data strategy...
2025-09-27 12:49:17 - Training-20250927_124914 - INFO - 创建增强数据交叉验证分割...
2025-09-27 12:49:17 - Training-20250927_124914 - INFO - 识别到 10001 条原始数据
2025-09-27 12:49:17 - Training-20250927_124914 - INFO - 识别到 0 条增强数据
2025-09-27 12:49:17 - Training-20250927_124914 - INFO - Fold 1: 训练集 8000 条 (原始: 8000, 增强: 0), 验证集 2001 条 (仅原始数据)
2025-09-27 12:49:17 - Training-20250927_124914 - INFO - --- Fold 1/5 ---
2025-09-27 12:49:17 - Training-20250927_124914 - INFO - 训练数据: (8000, 400), 验证数据: (2001, 400)
2025-09-27 12:50:54 - Training-20250927_124914 - INFO - Fold 1 Train AUC: 0.99921, Val AUC: 0.91465
2025-09-27 12:50:54 - Training-20250927_124914 - INFO - Fold 1 Early stopping step (best_iteration): 0
2025-09-27 12:50:54 - Training-20250927_124914 - INFO - Fold 1 finished in 97.22s
2025-09-27 12:50:54 - Training-20250927_124914 - INFO - Fold 2: 训练集 8001 条 (原始: 8001, 增强: 0), 验证集 2000 条 (仅原始数据)
2025-09-27 12:50:54 - Training-20250927_124914 - INFO - --- Fold 2/5 ---
2025-09-27 12:50:54 - Training-20250927_124914 - INFO - 训练数据: (8001, 400), 验证数据: (2000, 400)
2025-09-27 12:52:48 - Training-20250927_124914 - INFO - Fold 2 Train AUC: 0.99906, Val AUC: 0.90539
2025-09-27 12:52:48 - Training-20250927_124914 - INFO - Fold 2 Early stopping step (best_iteration): 0
2025-09-27 12:52:48 - Training-20250927_124914 - INFO - Fold 2 finished in 114.16s
2025-09-27 12:52:48 - Training-20250927_124914 - INFO - Fold 3: 训练集 8001 条 (原始: 8001, 增强: 0), 验证集 2000 条 (仅原始数据)
2025-09-27 12:52:48 - Training-20250927_124914 - INFO - --- Fold 3/5 ---
2025-09-27 12:52:48 - Training-20250927_124914 - INFO - 训练数据: (8001, 400), 验证数据: (2000, 400)
2025-09-27 12:55:00 - Training-20250927_124914 - INFO - Fold 3 Train AUC: 0.99952, Val AUC: 0.91226
2025-09-27 12:55:00 - Training-20250927_124914 - INFO - Fold 3 Early stopping step (best_iteration): 0
2025-09-27 12:55:00 - Training-20250927_124914 - INFO - Fold 3 finished in 131.36s
2025-09-27 12:55:00 - Training-20250927_124914 - INFO - Fold 4: 训练集 8001 条 (原始: 8001, 增强: 0), 验证集 2000 条 (仅原始数据)
2025-09-27 12:55:00 - Training-20250927_124914 - INFO - --- Fold 4/5 ---
2025-09-27 12:55:00 - Training-20250927_124914 - INFO - 训练数据: (8001, 400), 验证数据: (2000, 400)
2025-09-27 12:57:04 - Training-20250927_124914 - INFO - Fold 4 Train AUC: 0.99933, Val AUC: 0.90731
2025-09-27 12:57:04 - Training-20250927_124914 - INFO - Fold 4 Early stopping step (best_iteration): 0
2025-09-27 12:57:04 - Training-20250927_124914 - INFO - Fold 4 finished in 124.36s
2025-09-27 12:57:04 - Training-20250927_124914 - INFO - Fold 5: 训练集 8001 条 (原始: 8001, 增强: 0), 验证集 2000 条 (仅原始数据)
2025-09-27 12:57:04 - Training-20250927_124914 - INFO - --- Fold 5/5 ---
2025-09-27 12:57:04 - Training-20250927_124914 - INFO - 训练数据: (8001, 400), 验证数据: (2000, 400)
2025-09-27 12:59:11 - Training-20250927_124914 - INFO - Fold 5 Train AUC: 0.99920, Val AUC: 0.90255
2025-09-27 12:59:11 - Training-20250927_124914 - INFO - Fold 5 Early stopping step (best_iteration): 0
2025-09-27 12:59:11 - Training-20250927_124914 - INFO - Fold 5 finished in 127.36s
2025-09-27 12:59:12 - Training-20250927_124914 - INFO - Overall OOF AUC: 0.90839
2025-09-27 12:59:12 - Training-20250927_124914 - INFO - All outputs will be saved to: E:\ggq的文件\比赛\25-ADIA-Lab-Structure-Break\ADIA-Lab-Structural-Break\experiment\output\train_20250927_125912_auc_0_90839
2025-09-27 12:59:12 - Training-20250927_124914 - INFO - 特征重要性已保存到: E:\ggq的文件\比赛\25-ADIA-Lab-Structure-Break\ADIA-Lab-Structural-Break\experiment\output\train_20250927_125912_auc_0_90839\feature_importance.tsv
2025-09-27 12:59:12 - Training-20250927_124914 - INFO - feature importance saved.
2025-09-27 12:59:12 - Training-20250927_124914 - INFO - 训练流程结束，总耗时: 597.25 秒。
