2025-08-20 21:59:05 - Training-20250820_215905 - INFO - ========== Running Command: train ==========
2025-08-20 21:59:05 - Training-20250820_215905 - INFO - Args: {'command': 'train', 'feature_file': None, 'train_data_ids': ['0'], 'perm_imp': False, 'save_oof': False, 'save_model': False}
2025-08-20 21:59:05 - Training-20250820_215905 - INFO - =======================================
2025-08-20 21:59:05 - Training-20250820_215905 - INFO - Starting training and evaluation pipeline...
2025-08-20 21:59:05 - Training-20250820_215905 - INFO - Model Parameters: {
    "objective": "binary",
    "metric": "auc",
    "boosting_type": "gbdt",
    "n_estimators": 3000,
    "learning_rate": 0.005,
    "num_leaves": 29,
    "random_state": 42,
    "n_jobs": 12,
    "reg_alpha": 3,
    "reg_lambda": 3,
    "colsample_bytree": 0.8,
    "subsample": 0.8
}
2025-08-20 21:59:06 - Training-20250820_215905 - INFO - Successfully loaded features from: features_20250820_215440.parquet
2025-08-20 21:59:06 - Training-20250820_215905 - INFO - Loading data...
2025-08-20 21:59:08 - Training-20250820_215905 - INFO - Original data loaded successfully.
2025-08-20 21:59:08 - Training-20250820_215905 - INFO - X_train shape: (23715734, 2)
2025-08-20 21:59:08 - Training-20250820_215905 - INFO - X_train type: <class 'pandas.core.frame.DataFrame'>
2025-08-20 21:59:08 - Training-20250820_215905 - INFO - y_train shape: (10001, 1)
2025-08-20 21:59:08 - Training-20250820_215905 - INFO - y_train type: <class 'pandas.core.frame.DataFrame'>
2025-08-20 21:59:08 - Training-20250820_215905 - INFO - Loading enhancement data with IDs: ['0']
2025-08-20 21:59:08 - Training-20250820_215905 - INFO - Total datasets loaded: 1
2025-08-20 21:59:08 - Training-20250820_215905 - INFO - Dataset 0: X shape (23715734, 2), y shape (10001, 1)
2025-08-20 21:59:08 - Training-20250820_215905 - INFO - Return CONCATED data shape: X (23715734, 2), y (10001, 1)
2025-08-20 21:59:08 - Training-20250820_215905 - INFO - 训练数据已对齐. X shape: (10001, 5535), y shape: (10001,)
2025-08-20 21:59:08 - Training-20250820_215905 - INFO - --- 使用的特征列表 (共 2007 个) ---
2025-08-20 21:59:08 - Training-20250820_215905 - INFO - 前50个特征: ['RAW_8_percentage_of_reoccurring_values_to_all_values_contribution_left', 'RAW_8_percentage_of_reoccurring_datapoints_to_all_datapoints_contribution_left', 'RAW_1_stats_cv_whole', 'RAW_8_index_mass_quantile_q_0_8_ratio_to_whole_left', 'RAW_8_percentage_of_reoccurring_values_to_all_values_ratio_to_whole_left', 'RAW_3_detrend_volatility_normalized_whole', 'RAW_8_index_mass_quantile_q_0_1_right', 'RAW_7_sample_entropy_left', 'RAW_8_benford_correlation_whole', 'RAW_8_energy_ratio_by_chunks_num_segments_10_segment_focus_9_left', 'RAW_8_ratio_value_number_to_time_series_length_ratio_to_whole_left', 'RAW_10_rpt_cost_cosine_whole', 'RAW_8_percentage_of_reoccurring_values_to_all_values_ratio', 'RAW_8_quantile_0_4_whole', 'DIFF_2_levene_pvalue', 'RAW_8_quantile_0_4_right', 'RAW_2_ad_stat', 'DIFF_8_benford_correlation_left', 'RAW_8_index_mass_quantile_q_0_8_left', 'CUMSUM_10_rpt_cost_normal_right', 'RAW_8_agg_linear_trend_attr_rvalue_chunk_len_50_f_agg_max_ratio_to_whole_left', 'RAW_7_approx_entropy_left', 'DIFF_2_bartlett_pvalue', 'RAW_8_agg_linear_trend_attr_slope_chunk_len_10_f_agg_mean_contribution_left', 'RAW_8_percentage_of_reoccurring_datapoints_to_all_datapoints_ratio_to_whole_left', 'CUMSUM_8_ar_coefficient_coeff_2_k_10_ratio', 'RAW_8_ratio_value_number_to_time_series_length_contribution_left', 'RAW_8_agg_linear_trend_attr_intercept_chunk_len_10_f_agg_max_ratio_to_whole_right', 'RAW_2_adf_icbest_left', 'RAW_2_bartlett_pvalue', 'DIFF_8_change_quantiles_f_agg_var_isabs_False_qh_0_6_ql_0_4_whole', 'CUMSUM_8_friedrich_coefficients_coeff_2_m_3_r_30_ratio', 'RAW_1_stats_median_ratio', 'DIFF_7_cond_entropy_left', 'CUMSUM_3_detrend_volatility_normalized_right', 'RAW_2_ks_stat', 'RAW_1_stats_std_whole', 'RAW_8_ratio_beyond_r_sigma_3_left', 'CUMSUM_1_stats_max_diff', 'CUMSUM_8_partial_autocorrelation_lag_4_ratio_to_whole_left', 'CUMSUM_2_shapiro_pvalue_ratio_to_whole_left', 'DIFF_8_ar_coefficient_coeff_2_k_10_left', 'RAW_2_jb_pvalue_contribution_right', 'CUMSUM_2_ad_pvalue', 'RAW_7_sample_entropy_whole', 'RAW_1_stats_median_right', 'CUMSUM_7_hjorth_complexity_whole', 'DIFF_8_linear_trend_attr_rvalue_contribution_right', 'DIFF_8_count_above_0_contribution_left', 'RAW_8_count_above_0_whole']
2025-08-20 21:59:08 - Training-20250820_215905 - INFO - --------------------------------------------------
2025-08-20 21:59:08 - Training-20250820_215905 - INFO - Starting 5-fold cross-validation with enhanced data strategy...
2025-08-20 21:59:08 - Training-20250820_215905 - INFO - 创建增强数据交叉验证分割...
2025-08-20 21:59:08 - Training-20250820_215905 - INFO - 识别到 10001 条原始数据
2025-08-20 21:59:08 - Training-20250820_215905 - INFO - 识别到 0 条增强数据
2025-08-20 21:59:08 - Training-20250820_215905 - INFO - Fold 1: 训练集 8000 条 (原始: 8000, 增强: 0), 验证集 2001 条 (仅原始数据)
2025-08-20 21:59:08 - Training-20250820_215905 - INFO - --- Fold 1/5 ---
2025-08-20 21:59:08 - Training-20250820_215905 - INFO - 训练数据: (8000, 2007), 验证数据: (2001, 2007)
2025-08-20 21:59:08 - Training-20250820_215905 - INFO - Fold 1: Using cuDF for GPU data processing
2025-08-20 22:00:13 - Training-20250820_215905 - INFO - Fold 1 Train AUC: 0.99798, Val AUC: 0.89831
2025-08-20 22:00:13 - Training-20250820_215905 - INFO - Fold 1 Early stopping step (best_iteration): None
2025-08-20 22:00:13 - Training-20250820_215905 - INFO - Fold 1 finished in 65.51s
2025-08-20 22:00:13 - Training-20250820_215905 - INFO - Fold 2: 训练集 8001 条 (原始: 8001, 增强: 0), 验证集 2000 条 (仅原始数据)
2025-08-20 22:00:13 - Training-20250820_215905 - INFO - --- Fold 2/5 ---
2025-08-20 22:00:14 - Training-20250820_215905 - INFO - 训练数据: (8001, 2007), 验证数据: (2000, 2007)
2025-08-20 22:00:14 - Training-20250820_215905 - INFO - Fold 2: Using cuDF for GPU data processing
2025-08-20 22:01:20 - Training-20250820_215905 - INFO - Fold 2 Train AUC: 0.99809, Val AUC: 0.88239
2025-08-20 22:01:20 - Training-20250820_215905 - INFO - Fold 2 Early stopping step (best_iteration): None
2025-08-20 22:01:20 - Training-20250820_215905 - INFO - Fold 2 finished in 66.58s
2025-08-20 22:01:20 - Training-20250820_215905 - INFO - Fold 3: 训练集 8001 条 (原始: 8001, 增强: 0), 验证集 2000 条 (仅原始数据)
2025-08-20 22:01:20 - Training-20250820_215905 - INFO - --- Fold 3/5 ---
2025-08-20 22:01:20 - Training-20250820_215905 - INFO - 训练数据: (8001, 2007), 验证数据: (2000, 2007)
2025-08-20 22:01:20 - Training-20250820_215905 - INFO - Fold 3: Using cuDF for GPU data processing
2025-08-20 22:02:28 - Training-20250820_215905 - INFO - Fold 3 Train AUC: 0.99826, Val AUC: 0.89448
2025-08-20 22:02:28 - Training-20250820_215905 - INFO - Fold 3 Early stopping step (best_iteration): None
2025-08-20 22:02:28 - Training-20250820_215905 - INFO - Fold 3 finished in 67.63s
2025-08-20 22:02:28 - Training-20250820_215905 - INFO - Fold 4: 训练集 8001 条 (原始: 8001, 增强: 0), 验证集 2000 条 (仅原始数据)
2025-08-20 22:02:28 - Training-20250820_215905 - INFO - --- Fold 4/5 ---
2025-08-20 22:02:28 - Training-20250820_215905 - INFO - 训练数据: (8001, 2007), 验证数据: (2000, 2007)
2025-08-20 22:02:28 - Training-20250820_215905 - INFO - Fold 4: Using cuDF for GPU data processing
2025-08-20 22:03:36 - Training-20250820_215905 - INFO - Fold 4 Train AUC: 0.99812, Val AUC: 0.89186
2025-08-20 22:03:36 - Training-20250820_215905 - INFO - Fold 4 Early stopping step (best_iteration): None
2025-08-20 22:03:36 - Training-20250820_215905 - INFO - Fold 4 finished in 67.81s
2025-08-20 22:03:36 - Training-20250820_215905 - INFO - Fold 5: 训练集 8001 条 (原始: 8001, 增强: 0), 验证集 2000 条 (仅原始数据)
2025-08-20 22:03:36 - Training-20250820_215905 - INFO - --- Fold 5/5 ---
2025-08-20 22:03:36 - Training-20250820_215905 - INFO - 训练数据: (8001, 2007), 验证数据: (2000, 2007)
2025-08-20 22:03:36 - Training-20250820_215905 - INFO - Fold 5: Using cuDF for GPU data processing
2025-08-20 22:04:43 - Training-20250820_215905 - INFO - Fold 5 Train AUC: 0.99780, Val AUC: 0.88258
2025-08-20 22:04:43 - Training-20250820_215905 - INFO - Fold 5 Early stopping step (best_iteration): None
2025-08-20 22:04:43 - Training-20250820_215905 - INFO - Fold 5 finished in 67.44s
2025-08-20 22:04:43 - Training-20250820_215905 - INFO - Overall OOF AUC: 0.88989
2025-08-20 22:04:43 - Training-20250820_215905 - INFO - All outputs will be saved to: /hy-tmp/ADIA-Lab-Structural-Break/experiment/output/train_20250820_220443_auc_0_88989
2025-08-20 22:04:43 - Training-20250820_215905 - INFO - 特征重要性已保存到: /hy-tmp/ADIA-Lab-Structural-Break/experiment/output/train_20250820_220443_auc_0_88989/feature_importance.tsv
2025-08-20 22:04:43 - Training-20250820_215905 - INFO - feature importance saved.
2025-08-20 22:04:43 - Training-20250820_215905 - INFO - 训练流程结束，总耗时: 337.61 秒。
