2025-07-31 00:15:11 - Training-20250731_001511 - INFO - ========== Running Command: train ==========
2025-07-31 00:15:11 - Training-20250731_001511 - INFO - Args: {'command': 'train', 'feature_file': None, 'train_data_ids': ['0'], 'perm_imp': False, 'save_oof': False, 'save_model': False}
2025-07-31 00:15:11 - Training-20250731_001511 - INFO - =======================================
2025-07-31 00:15:11 - Training-20250731_001511 - INFO - Starting training and evaluation pipeline...
2025-07-31 00:15:11 - Training-20250731_001511 - INFO - Model Parameters: {
    "objective": "binary",
    "metric": "auc",
    "boosting_type": "gbdt",
    "n_estimators": 4000,
    "learning_rate": 0.005,
    "num_leaves": 29,
    "random_state": 42,
    "n_jobs": 12,
    "reg_alpha": 3,
    "reg_lambda": 3,
    "colsample_bytree": 0.8,
    "subsample": 0.8
}
2025-07-31 00:15:12 - Training-20250731_001511 - INFO - Successfully loaded features from: features_20250730_222635.parquet
2025-07-31 00:15:12 - Training-20250731_001511 - INFO - Loading data...
2025-07-31 00:15:13 - Training-20250731_001511 - INFO - Original data loaded successfully.
2025-07-31 00:15:13 - Training-20250731_001511 - INFO - X_train shape: (23715734, 2)
2025-07-31 00:15:13 - Training-20250731_001511 - INFO - y_train shape: (10001, 1)
2025-07-31 00:15:13 - Training-20250731_001511 - INFO - Loading enhancement data with IDs: ['0']
2025-07-31 00:15:13 - Training-20250731_001511 - INFO - Total datasets loaded: 1
2025-07-31 00:15:13 - Training-20250731_001511 - INFO - Dataset 0: X shape (23715734, 2), y shape (10001, 1)
2025-07-31 00:15:13 - Training-20250731_001511 - INFO - Return CONCATED data shape: X (23715734, 2), y (10001, 1)
2025-07-31 00:15:13 - Training-20250731_001511 - INFO - 训练数据已对齐. X shape: (10001, 1217), y shape: (10001,)
2025-07-31 00:15:13 - Training-20250731_001511 - INFO - --- 使用的特征列表 (共 136 个) ---
2025-07-31 00:15:13 - Training-20250731_001511 - INFO - ['RAW_1_stats_cv_whole', 'RAW_8_percentage_of_reoccurring_datapoints_to_all_datapoints_contribution_left', 'RAW_8_percentage_of_reoccurring_values_to_all_values_contribution_left', 'RAW_3_cumsum_linear_trend_pvalue_whole', 'RAW_8_index_mass_quantile_q_0_8_ratio_to_whole_left', 'RAW_7_sample_entropy_left', 'RAW_1_stats_std_whole', 'RAW_8_quantile_0_4_whole', 'RAW_8_index_mass_quantile_q_0_1_right', 'RAW_8_percentage_of_reoccurring_values_to_all_values_ratio_to_whole_left', 'RAW_8_percentage_of_reoccurring_values_to_all_values_ratio', 'RAW_2_bartlett_stat', 'RAW_2_bartlett_pvalue', 'RAW_3_cumsum_detrend_volatility_normalized_whole', 'RAW_3_cumsum_linear_trend_r2_whole', 'RAW_8_ratio_value_number_to_time_series_length_ratio_to_whole_left', 'RAW_8_change_quantiles_f_agg_var_isabs_True_qh_0_6_ql_0_2_whole', 'RAW_8_ratio_beyond_r_sigma_1_left', 'RAW_8_energy_ratio_by_chunks_num_segments_10_segment_focus_9_left', 'RAW_2_ks_stat', 'RAW_10_rpt_cost_cosine_whole', 'RAW_8_change_quantiles_f_agg_var_isabs_False_qh_0_8_ql_0_4_whole', 'RAW_8_benford_correlation_whole', 'RAW_2_ad_stat', 'RAW_8_ratio_value_number_to_time_series_length_whole', 'RAW_8_change_quantiles_f_agg_var_isabs_False_qh_0_8_ql_0_0_whole', 'RAW_2_levene_stat', 'RAW_8_percentage_of_reoccurring_values_to_all_values_diff', 'RAW_8_fft_coefficient_attr_imag_coeff_1_ratio_to_whole_left', 'RAW_3_cumsum_max_ratio_to_whole_left', 'RAW_1_stats_min_whole', 'RAW_8_fft_coefficient_attr_imag_coeff_1_ratio_to_whole_right', 'RAW_8_quantile_0_4_right', 'RAW_3_cumsum_detrend_volatility_normalized_left', 'RAW_8_percentage_of_reoccurring_datapoints_to_all_datapoints_ratio_to_whole_right', 'RAW_8_change_quantiles_f_agg_var_isabs_False_qh_0_8_ql_0_0_right', 'RAW_8_agg_linear_trend_attr_intercept_chunk_len_10_f_agg_max_ratio_to_whole_right', 'RAW_8_agg_linear_trend_attr_rvalue_chunk_len_50_f_agg_max_ratio_to_whole_left', 'RAW_1_stats_kurt_left', 'RAW_2_adf_icbest_left', 'RAW_8_change_quantiles_f_agg_var_isabs_True_qh_1_0_ql_0_4_contribution_left', 'RAW_1_stats_mean_whole', 'RAW_2_ks_pvalue', 'RAW_8_benford_correlation_ratio_to_whole_left', 'RAW_8_agg_linear_trend_attr_rvalue_chunk_len_50_f_agg_mean_diff', 'RAW_1_stats_kurt_whole', 'RAW_8_ratio_beyond_r_sigma_0_5_diff', 'RAW_1_stats_median_ratio', 'RAW_4_diff_var_contribution_left', 'RAW_2_ad_pvalue', 'RAW_8_ratio_beyond_r_sigma_3_left', 'RAW_8_count_above_0_whole', 'RAW_7_sample_entropy_whole', 'RAW_8_percentage_of_reoccurring_datapoints_to_all_datapoints_ratio_to_whole_left', 'RAW_1_stats_median_whole', 'RAW_8_quantile_0_1_ratio_to_whole_right', 'RAW_8_change_quantiles_f_agg_var_isabs_False_qh_0_6_ql_0_4_ratio_to_whole_right', 'RAW_2_levene_pvalue', 'RAW_8_change_quantiles_f_agg_var_isabs_True_qh_0_6_ql_0_4_whole', 'RAW_8_agg_linear_trend_attr_slope_chunk_len_10_f_agg_mean_contribution_left', 'RAW_4_diff_var_contribution_right', 'RAW_8_change_quantiles_f_agg_var_isabs_False_qh_1_0_ql_0_2_ratio_to_whole_right', 'RAW_8_index_mass_quantile_q_0_8_left', 'RAW_4_autocorr_lag1_ratio', 'RAW_8_friedrich_coefficients_coeff_3_m_3_r_30_ratio', 'RAW_8_sum_of_reoccurring_data_points_ratio_to_whole_left', 'RAW_8_index_mass_quantile_q_0_6_ratio_to_whole_left', 'RAW_8_ratio_beyond_r_sigma_1_5_contribution_left', 'RAW_3_cumsum_detrend_volatility_left', 'RAW_7_approx_entropy_left', 'RAW_4_autocorr_lag1_diff', 'RAW_3_cumsum_min_ratio_to_whole_left', 'RAW_7_sample_entropy_ratio', 'RAW_8_ratio_beyond_r_sigma_0_5_contribution_right', 'RAW_9_ar_param_5_diff', 'RAW_8_friedrich_coefficients_coeff_2_m_3_r_30_diff', 'RAW_8_friedrich_coefficients_coeff_2_m_3_r_30_ratio', 'RAW_8_fft_coefficient_attr_imag_coeff_2_ratio_to_whole_left', 'RAW_8_ratio_beyond_r_sigma_1_5_whole', 'RAW_1_stats_mean_right', 'RAW_2_adf_stat_left', 'RAW_8_ratio_beyond_r_sigma_3_diff', 'RAW_8_energy_ratio_by_chunks_num_segments_10_segment_focus_9_whole', 'RAW_8_fft_coefficient_attr_imag_coeff_1_left', 'RAW_8_count_above_0_left', 'RAW_8_ratio_beyond_r_sigma_1_5_diff', 'RAW_10_rpt_cost_l1_whole', 'RAW_7_lziv_complexity_right', 'RAW_8_ar_coefficient_coeff_0_k_10_right', 'RAW_2_adf_stat_ratio_to_whole_right', 'RAW_7_perm_entropy_left', 'RAW_8_quantile_0_6_right', 'RAW_1_stats_range_left', 'RAW_8_quantile_0_4_ratio_to_whole_left', 'RAW_5_dominant_freq_right', 'RAW_8_ratio_value_number_to_time_series_length_ratio_to_whole_right', 'RAW_8_change_quantiles_f_agg_mean_isabs_True_qh_0_6_ql_0_4_ratio_to_whole_left', 'RAW_8_ratio_beyond_r_sigma_0_5_contribution_left', 'RAW_8_change_quantiles_f_agg_var_isabs_True_qh_0_6_ql_0_2_contribution_left', 'RAW_8_ratio_beyond_r_sigma_1_ratio_to_whole_left', 'RAW_8_agg_linear_trend_attr_rvalue_chunk_len_50_f_agg_max_contribution_left', 'RAW_7_higuchi_fd_ratio_to_whole_right', 'RAW_9_ar_param_1_ratio', 'RAW_7_lziv_complexity_left', 'RAW_9_ar_param_3_ratio_to_whole_left', 'RAW_1_stats_min_diff', 'RAW_7_approx_entropy_whole', 'RAW_8_ar_coefficient_coeff_0_k_10_whole', 'RAW_8_agg_linear_trend_attr_intercept_chunk_len_10_f_agg_mean_ratio_to_whole_right', 'RAW_8_friedrich_coefficients_coeff_3_m_3_r_30_right', 'RAW_8_first_location_of_maximum_left', 'RAW_8_agg_linear_trend_attr_intercept_chunk_len_50_f_agg_max_ratio_to_whole_right', 'RAW_8_linear_trend_attr_rvalue_ratio', 'RAW_7_cond_entropy_left', 'RAW_1_stats_median_right', 'RAW_9_ar_param_3_right', 'RAW_8_index_mass_quantile_q_0_7_ratio_to_whole_left', 'RAW_2_ttest_pvalue', 'RAW_3_cumsum_min_contribution_left', 'RAW_8_ar_coefficient_coeff_2_k_10_left', 'RAW_1_stats_skew_right', 'RAW_8_friedrich_coefficients_coeff_3_m_3_r_30_left', 'RAW_4_diff_var_ratio_to_whole_left', 'RAW_9_ar_param_1_ratio_to_whole_right', 'RAW_7_katz_fd_whole', 'RAW_8_index_mass_quantile_q_0_6_right', 'RAW_7_shannon_entropy_left', 'RAW_9_ar_param_4_left', 'RAW_8_quantile_0_4_left', 'RAW_8_ratio_beyond_r_sigma_1_5_left', 'RAW_7_spectral_entropy_left', 'RAW_8_agg_linear_trend_attr_rvalue_chunk_len_10_f_agg_mean_contribution_left', 'RAW_2_kpss_stat_whole', 'RAW_7_sample_entropy_ratio_to_whole_right', 'RAW_8_fft_coefficient_attr_imag_coeff_3_left', 'RAW_7_svd_entropy_whole']
2025-07-31 00:15:13 - Training-20250731_001511 - INFO - --------------------------------------------------
2025-07-31 00:15:13 - Training-20250731_001511 - INFO - Starting 5-fold cross-validation with enhanced data strategy...
2025-07-31 00:15:13 - Training-20250731_001511 - INFO - 创建增强数据交叉验证分割...
2025-07-31 00:15:13 - Training-20250731_001511 - INFO - 识别到 10001 条原始数据
2025-07-31 00:15:13 - Training-20250731_001511 - INFO - 识别到 0 条增强数据
2025-07-31 00:15:13 - Training-20250731_001511 - INFO - Fold 1: 训练集 8000 条 (原始: 8000, 增强: 0), 验证集 2001 条 (仅原始数据)
2025-07-31 00:15:13 - Training-20250731_001511 - INFO - --- Fold 1/5 ---
2025-07-31 00:15:37 - Training-20250731_001511 - INFO - Fold 1 Train AUC: 0.99519, Val AUC: 0.81346
2025-07-31 00:15:37 - Training-20250731_001511 - INFO - Fold 1 finished in 23.64s
2025-07-31 00:15:37 - Training-20250731_001511 - INFO - Fold 2: 训练集 8001 条 (原始: 8001, 增强: 0), 验证集 2000 条 (仅原始数据)
2025-07-31 00:15:37 - Training-20250731_001511 - INFO - --- Fold 2/5 ---
2025-07-31 00:16:23 - Training-20250731_001511 - INFO - Fold 2 Train AUC: 0.99969, Val AUC: 0.80495
2025-07-31 00:16:23 - Training-20250731_001511 - INFO - Fold 2 finished in 46.14s
2025-07-31 00:16:23 - Training-20250731_001511 - INFO - Fold 3: 训练集 8001 条 (原始: 8001, 增强: 0), 验证集 2000 条 (仅原始数据)
2025-07-31 00:16:23 - Training-20250731_001511 - INFO - --- Fold 3/5 ---
2025-07-31 00:16:57 - Training-20250731_001511 - INFO - Fold 3 Train AUC: 0.99218, Val AUC: 0.81469
2025-07-31 00:16:57 - Training-20250731_001511 - INFO - Fold 3 finished in 34.09s
2025-07-31 00:16:57 - Training-20250731_001511 - INFO - Fold 4: 训练集 8001 条 (原始: 8001, 增强: 0), 验证集 2000 条 (仅原始数据)
2025-07-31 00:16:57 - Training-20250731_001511 - INFO - --- Fold 4/5 ---
2025-07-31 00:17:42 - Training-20250731_001511 - INFO - Fold 4 Train AUC: 0.99832, Val AUC: 0.81228
2025-07-31 00:17:42 - Training-20250731_001511 - INFO - Fold 4 finished in 44.63s
2025-07-31 00:17:42 - Training-20250731_001511 - INFO - Fold 5: 训练集 8001 条 (原始: 8001, 增强: 0), 验证集 2000 条 (仅原始数据)
2025-07-31 00:17:42 - Training-20250731_001511 - INFO - --- Fold 5/5 ---
2025-07-31 00:18:36 - Training-20250731_001511 - INFO - Fold 5 Train AUC: 0.99902, Val AUC: 0.80812
2025-07-31 00:18:36 - Training-20250731_001511 - INFO - Fold 5 finished in 53.87s
2025-07-31 00:18:36 - Training-20250731_001511 - INFO - Overall OOF AUC: 0.81001
2025-07-31 00:18:36 - Training-20250731_001511 - INFO - All outputs will be saved to: E:\ggq的文件\比赛\25-ADIA-Lab-Structure-Break\ADIA-Lab-Structural-Break\experiment\output\train_20250731_001836_auc_0_81001
2025-07-31 00:18:36 - Training-20250731_001511 - INFO - 特征重要性已保存到: E:\ggq的文件\比赛\25-ADIA-Lab-Structure-Break\ADIA-Lab-Structural-Break\experiment\output\train_20250731_001836_auc_0_81001\feature_importance.tsv
2025-07-31 00:18:36 - Training-20250731_001511 - INFO - feature importance saved.
2025-07-31 00:18:36 - Training-20250731_001511 - INFO - 训练流程结束，总耗时: 204.06 秒。
