2025-07-08 22:53:38 - Training-20250708_225338 - INFO - ========== Running Command: train ==========
2025-07-08 22:53:38 - Training-20250708_225338 - INFO - Args: {'command': 'train', 'feature_file': None, 'save_oof': True, 'save_model': True}
2025-07-08 22:53:38 - Training-20250708_225338 - INFO - =======================================
2025-07-08 22:53:38 - Training-20250708_225338 - INFO - Starting training and evaluation pipeline...
2025-07-08 22:53:38 - Training-20250708_225338 - INFO - Model Parameters: {
    "objective": "binary",
    "metric": "auc",
    "random_state": 42,
    "n_estimators": 1000,
    "learning_rate": 0.005,
    "num_leaves": 31,
    "n_jobs": -1
}
2025-07-08 22:53:38 - Training-20250708_225338 - INFO - 未指定特征文件，将尝试加载最新版本。
2025-07-08 22:53:38 - Training-20250708_225338 - INFO - 正在从 features_20250708_225305.parquet 加载特征...
2025-07-08 22:53:38 - Training-20250708_225338 - INFO - 特征加载成功，共 143 个特征。
2025-07-08 22:53:38 - Training-20250708_225338 - INFO - Successfully loaded features from: features_20250708_225305.parquet
2025-07-08 22:53:39 - Training-20250708_225338 - INFO - 训练数据已对齐. X shape: (10001, 143), y shape: (10001,)
2025-07-08 22:53:39 - Training-20250708_225338 - INFO - --- 使用的特征列表 (共 143 个) ---
2025-07-08 22:53:39 - Training-20250708_225338 - INFO - ['mean_diff', 'median_diff', 'max_diff', 'min_diff', 'range_diff', 'std_diff', 'std_ratio', 'skew_diff', 'kurt_diff', 'cv_diff', 'rolling_std_diff', 'theil_sen_slope_diff', 'ks_stat', 'ks_pvalue', 'ttest_pvalue', 'ad_stat', 'ad_pvalue', 'mannwhitney_stat', 'mannwhitney_pvalue', 'wilcoxon_stat', 'wilcoxon_pvalue', 'levene_stat', 'levene_pvalue', 'bartlett_stat', 'bartlett_pvalue', 'shapiro_pvalue_0', 'shapiro_pvalue_1', 'shapiro_pvalue_diff', 'jb_pvalue_0', 'jb_pvalue_1', 'jb_pvalue_diff', 'kpss_pvalue_0', 'kpss_pvalue_1', 'kpss_pvalue_diff', 'kpss_stat_diff', 'adf_pvalue_0', 'adf_pvalue_1', 'adf_pvalue_diff', 'adf_stat_diff', 'adf_icbest_diff', 'sum_diff', 'cumsum_max_diff', 'zero_cross_diff', 'autocorr_lag1_diff', 'dominant_freq_diff', 'max_power_diff', 'iqr_diff', 'rolling_std_w50_mean_diff', 'ar_const_diff', 'ar_param_diff_2', 'ar_param_diff_3', 'ar_param_diff_4', 'ar_param_diff_5', 'ar_param_diff_6', 'ar_param_diff_7', 'ar_param_diff_8', 'ar_param_diff_9', 'ar_param_diff_10', 'ar_predict_mse', 'shannon_entropy_0', 'shannon_entropy_1', 'shannon_entropy_diff', 'perm_entropy_0', 'perm_entropy_1', 'perm_entropy_diff', 'spectral_entropy_0', 'spectral_entropy_1', 'spectral_entropy_diff', 'svd_entropy_0', 'svd_entropy_1', 'svd_entropy_diff', 'approx_entropy_0', 'approx_entropy_1', 'approx_entropy_diff', 'sample_entropy_0', 'sample_entropy_1', 'sample_entropy_diff', 'hjorth_mobility_0', 'hjorth_complexity_0', 'hjorth_mobility_1', 'hjorth_complexity_1', 'hjorth_complexity_diff', 'num_zerocross_0', 'num_zerocross_1', 'lziv_complexity_0', 'lziv_complexity_1', 'lziv_complexity_diff', 'cond_entropy_0', 'cond_entropy_1', 'cond_entropy_diff', 'petrosian_fd_diff', 'katz_fd_diff', 'higuchi_fd_diff', 'detrended_fluctuation_diff', 'ratio_value_number_to_time_series_length', 'ratio_beyond_r_sigma_6', 'ratio_beyond_r_sigma_1_5', 'quantile_0_6', 'quantile_0_4', 'quantile_0_1', 'percentage_of_reoccurring_values_to_all_values', 'percentage_of_reoccurring_datapoints_to_all_datapoints', 'last_location_of_maximum', 'first_location_of_maximum', 'linear_trend_attr_slope_', 'linear_trend_attr_rvalue_', 'linear_trend_attr_intercept_', 'fft_coefficient_attr_imag_coeff_3', 'fft_coefficient_attr_imag_coeff_2', 'fft_coefficient_attr_imag_coeff_1', 'change_quantiles_f_agg_var_isabs_True_qh_1_0_ql_0_4', 'change_quantiles_f_agg_var_isabs_True_qh_1_0_ql_0_2', 'change_quantiles_f_agg_var_isabs_True_qh_0_8_ql_0_6', 'change_quantiles_f_agg_var_isabs_True_qh_0_8_ql_0_4', 'change_quantiles_f_agg_var_isabs_True_qh_0_8_ql_0_2', 'change_quantiles_f_agg_var_isabs_True_qh_0_6_ql_0_4', 'change_quantiles_f_agg_var_isabs_True_qh_0_6_ql_0_2', 'change_quantiles_f_agg_var_isabs_True_qh_0_4_ql_0_2', 'change_quantiles_f_agg_var_isabs_False_qh_1_0_ql_0_4', 'change_quantiles_f_agg_var_isabs_False_qh_1_0_ql_0_2', 'change_quantiles_f_agg_var_isabs_False_qh_0_8_ql_0_4', 'change_quantiles_f_agg_var_isabs_False_qh_0_8_ql_0_2', 'change_quantiles_f_agg_var_isabs_False_qh_0_8_ql_0_0', 'change_quantiles_f_agg_var_isabs_False_qh_0_6_ql_0_4', 'change_quantiles_f_agg_var_isabs_False_qh_0_6_ql_0_2', 'change_quantiles_f_agg_var_isabs_False_qh_0_4_ql_0_2', 'change_quantiles_f_agg_mean_isabs_True_qh_1_0_ql_0_4', 'change_quantiles_f_agg_mean_isabs_True_qh_0_6_ql_0_4', 'agg_linear_trend_attr_slope_chunk_len_50_f_agg_mean_', 'agg_linear_trend_attr_slope_chunk_len_5_f_agg_mean_', 'agg_linear_trend_attr_slope_chunk_len_10_f_agg_mean_', 'agg_linear_trend_attr_rvalue_chunk_len_50_f_agg_mean_', 'agg_linear_trend_attr_rvalue_chunk_len_50_f_agg_max_', 'agg_linear_trend_attr_rvalue_chunk_len_5_f_agg_mean_', 'agg_linear_trend_attr_rvalue_chunk_len_5_f_agg_max_', 'agg_linear_trend_attr_rvalue_chunk_len_10_f_agg_mean_', 'agg_linear_trend_attr_rvalue_chunk_len_10_f_agg_max_', 'agg_linear_trend_attr_intercept_chunk_len_50_f_agg_mean_', 'agg_linear_trend_attr_intercept_chunk_len_50_f_agg_max_', 'agg_linear_trend_attr_intercept_chunk_len_5_f_agg_mean_', 'agg_linear_trend_attr_intercept_chunk_len_5_f_agg_max_', 'agg_linear_trend_attr_intercept_chunk_len_10_f_agg_mean_', 'agg_linear_trend_attr_intercept_chunk_len_10_f_agg_max_']
2025-07-08 22:53:39 - Training-20250708_225338 - INFO - --------------------------------------------------
2025-07-08 22:53:39 - Training-20250708_225338 - INFO - Starting 5-fold cross-validation with LightGBM...
2025-07-08 22:53:39 - Training-20250708_225338 - INFO - --- Fold 1/5 ---
2025-07-08 22:53:48 - Training-20250708_225338 - INFO - Fold 1 AUC: 0.73437
2025-07-08 22:53:48 - Training-20250708_225338 - INFO - --- Fold 2/5 ---
2025-07-08 22:53:57 - Training-20250708_225338 - INFO - Fold 2 AUC: 0.71591
2025-07-08 22:53:57 - Training-20250708_225338 - INFO - --- Fold 3/5 ---
2025-07-08 22:54:07 - Training-20250708_225338 - INFO - Fold 3 AUC: 0.73242
2025-07-08 22:54:07 - Training-20250708_225338 - INFO - --- Fold 4/5 ---
2025-07-08 22:54:19 - Training-20250708_225338 - INFO - Fold 4 AUC: 0.72574
2025-07-08 22:54:19 - Training-20250708_225338 - INFO - --- Fold 5/5 ---
2025-07-08 22:54:29 - Training-20250708_225338 - INFO - Fold 5 AUC: 0.71856
2025-07-08 22:54:29 - Training-20250708_225338 - INFO - Overall OOF AUC: 0.72525
2025-07-08 22:54:29 - Training-20250708_225338 - INFO - 所有产出物将保存到: E:\ggq的文件\比赛\25-ADIA-Lab-Structure-Break\ADIA-Lab-Structural-Break\experiment\output\train_20250708_225429_auc_0_72525
2025-07-08 22:54:32 - Training-20250708_225338 - INFO - 特征重要性图已保存到: E:\ggq的文件\比赛\25-ADIA-Lab-Structure-Break\ADIA-Lab-Structural-Break\experiment\output\train_20250708_225429_auc_0_72525\feature_importance.png
2025-07-08 22:54:32 - Training-20250708_225338 - INFO - Models saved.
2025-07-08 22:54:32 - Training-20250708_225338 - INFO - OOF predictions saved.
2025-07-08 22:54:32 - Training-20250708_225338 - INFO - 训练流程结束，总耗时: 54.01 秒。
