2025-07-19 19:02:15 - Training-20250719_190215 - INFO - ========== Running Command: train ==========
2025-07-19 19:02:15 - Training-20250719_190215 - INFO - Args: {'command': 'train', 'feature_file': None, 'save_oof': False, 'save_model': False, 'perm_imp': False}
2025-07-19 19:02:15 - Training-20250719_190215 - INFO - =======================================
2025-07-19 19:02:15 - Training-20250719_190215 - INFO - Starting training and evaluation pipeline...
2025-07-19 19:02:15 - Training-20250719_190215 - INFO - Model Parameters: {
    "objective": "binary",
    "metric": "auc",
    "boosting_type": "gbdt",
    "random_state": 42,
    "n_estimators": 4000,
    "learning_rate": 0.005,
    "num_leaves": 29,
    "n_jobs": 32,
    "reg_alpha": 3,
    "reg_lambda": 3,
    "colsample_bytree": 0.8,
    "subsample": 0.8
}
2025-07-19 19:02:16 - Training-20250719_190215 - INFO - Successfully loaded features from: features_20250719_154032.parquet
2025-07-19 19:02:19 - Training-20250719_190215 - INFO - 训练数据已对齐. X shape: (10001, 886), y shape: (10001,)
2025-07-19 19:02:19 - Training-20250719_190215 - INFO - --- 使用的特征列表 (共 44 个) ---
2025-07-19 19:02:19 - Training-20250719_190215 - INFO - ['RAW_8_sample_entropy_whole', 'RAW_8_sample_entropy_left', 'RAW_8_perm_entropy_left', 'RAW_4_autocorr_lag1_ratio', 'RAW_4_autocorr_lag1_diff', 'RAW_3_cumsum_max_ratio_to_whole_left', 'RAW_2_shapiro_pvalue_left', 'RAW_2_levene_stat', 'RAW_2_levene_pvalue', 'RAW_2_ks_stat', 'RAW_2_ks_pvalue', 'RAW_2_bartlett_stat', 'RAW_2_bartlett_pvalue', 'RAW_2_ad_stat', 'RAW_2_ad_pvalue', 'RAW_1_stats_std_whole', 'RAW_1_stats_min_whole', 'RAW_1_stats_median_whole', 'RAW_1_stats_median_ratio', 'RAW_1_stats_mean_whole', 'RAW_1_stats_kurt_whole', 'RAW_1_stats_kurt_left', 'RAW_1_stats_cv_whole', 'RAW_12_rpt_cost_cosine_whole', 'RAW_11_param_3_right', 'RAW_10_ratio_value_number_to_time_series_length_whole', 'RAW_10_ratio_value_number_to_time_series_length_ratio_to_whole_left', 'RAW_10_ratio_value_number_to_time_series_length_diff', 'RAW_10_quantile_0_4_whole', 'RAW_10_quantile_0_4_right', 'RAW_10_percentage_of_reoccurring_values_to_all_values_ratio_to_whole_left', 'RAW_10_percentage_of_reoccurring_values_to_all_values_ratio', 'RAW_10_percentage_of_reoccurring_values_to_all_values_diff', 'RAW_10_percentage_of_reoccurring_values_to_all_values_contribution_left', 'RAW_10_percentage_of_reoccurring_datapoints_to_all_datapoints_ratio_to_whole_right', 'RAW_10_percentage_of_reoccurring_datapoints_to_all_datapoints_ratio_to_whole_left', 'RAW_10_percentage_of_reoccurring_datapoints_to_all_datapoints_contribution_left', 'RAW_10_fft_coefficient_attr_imag_coeff_1_whole', 'RAW_10_fft_coefficient_attr_imag_coeff_1_ratio_to_whole_right', 'RAW_10_fft_coefficient_attr_imag_coeff_1_ratio_to_whole_left', 'RAW_10_change_quantiles_f_agg_var_isabs_True_qh_0_6_ql_0_2_whole', 'RAW_10_agg_linear_trend_attr_rvalue_chunk_len_5_f_agg_max_right', 'RAW_10_agg_linear_trend_attr_rvalue_chunk_len_50_f_agg_mean_diff', 'RAW_10_agg_linear_trend_attr_rvalue_chunk_len_50_f_agg_max_ratio_to_whole_left']
2025-07-19 19:02:19 - Training-20250719_190215 - INFO - --------------------------------------------------
2025-07-19 19:02:19 - Training-20250719_190215 - INFO - Starting 5-fold cross-validation with LightGBM...
2025-07-19 19:02:19 - Training-20250719_190215 - INFO - --- Fold 1/5 ---
2025-07-19 19:03:03 - Training-20250719_190215 - INFO - Fold 1 Train AUC: 0.95045, Val AUC: 0.78691
2025-07-19 19:03:03 - Training-20250719_190215 - INFO - Fold 1 finished in 44.21s
2025-07-19 19:03:03 - Training-20250719_190215 - INFO - --- Fold 2/5 ---
2025-07-19 19:03:57 - Training-20250719_190215 - INFO - Fold 2 Train AUC: 0.96618, Val AUC: 0.77417
2025-07-19 19:03:57 - Training-20250719_190215 - INFO - Fold 2 finished in 54.76s
2025-07-19 19:03:57 - Training-20250719_190215 - INFO - --- Fold 3/5 ---
2025-07-19 19:04:46 - Training-20250719_190215 - INFO - Fold 3 Train AUC: 0.95492, Val AUC: 0.80377
2025-07-19 19:04:46 - Training-20250719_190215 - INFO - Fold 3 finished in 48.79s
2025-07-19 19:04:46 - Training-20250719_190215 - INFO - --- Fold 4/5 ---
2025-07-19 19:05:34 - Training-20250719_190215 - INFO - Fold 4 Train AUC: 0.95573, Val AUC: 0.77807
2025-07-19 19:05:34 - Training-20250719_190215 - INFO - Fold 4 finished in 47.68s
2025-07-19 19:05:34 - Training-20250719_190215 - INFO - --- Fold 5/5 ---
2025-07-19 19:06:25 - Training-20250719_190215 - INFO - Fold 5 Train AUC: 0.96345, Val AUC: 0.78114
2025-07-19 19:06:25 - Training-20250719_190215 - INFO - Fold 5 finished in 51.49s
2025-07-19 19:06:25 - Training-20250719_190215 - INFO - Overall OOF AUC: 0.78441
2025-07-19 19:06:25 - Training-20250719_190215 - INFO - All outputs will be saved to: E:\ggq的文件\比赛\25-ADIA-Lab-Structure-Break\ADIA-Lab-Structural-Break\experiment\output\train_20250719_190625_auc_0_78441
2025-07-19 19:06:25 - Training-20250719_190215 - INFO - 特征重要性已保存到: E:\ggq的文件\比赛\25-ADIA-Lab-Structure-Break\ADIA-Lab-Structural-Break\experiment\output\train_20250719_190625_auc_0_78441\feature_importance.tsv
2025-07-19 19:06:25 - Training-20250719_190215 - INFO - feature importance saved.
2025-07-19 19:06:25 - Training-20250719_190215 - INFO - 训练流程结束，总耗时: 250.18 秒。
