2025-08-29 18:58:26 - Training-20250829_185826 - INFO - ========== Running Command: train ==========
2025-08-29 18:58:26 - Training-20250829_185826 - INFO - Args: {'command': 'train', 'feature_file': None, 'train_data_ids': ['0'], 'perm_imp': False, 'save_oof': False, 'save_model': False}
2025-08-29 18:58:26 - Training-20250829_185826 - INFO - =======================================
2025-08-29 18:58:26 - Training-20250829_185826 - INFO - Starting training and evaluation pipeline...
2025-08-29 18:58:26 - Training-20250829_185826 - INFO - Model Parameters: {
    "objective": "binary",
    "metric": "auc",
    "boosting_type": "gbdt",
    "n_estimators": 3000,
    "learning_rate": 0.005,
    "num_leaves": 29,
    "random_state": 42,
    "n_jobs": 36,
    "reg_alpha": 3,
    "reg_lambda": 3,
    "colsample_bytree": 0.8,
    "subsample": 0.8
}
2025-08-29 18:58:26 - Training-20250829_185826 - INFO - Successfully loaded features from: features_20250829_185744.parquet
2025-08-29 18:58:26 - Training-20250829_185826 - INFO - Loading data...
2025-08-29 18:58:27 - Training-20250829_185826 - INFO - Original data loaded successfully.
2025-08-29 18:58:27 - Training-20250829_185826 - INFO - X_train shape: (23715734, 2)
2025-08-29 18:58:27 - Training-20250829_185826 - INFO - X_train type: <class 'pandas.core.frame.DataFrame'>
2025-08-29 18:58:27 - Training-20250829_185826 - INFO - y_train shape: (10001, 1)
2025-08-29 18:58:27 - Training-20250829_185826 - INFO - y_train type: <class 'pandas.core.frame.DataFrame'>
2025-08-29 18:58:27 - Training-20250829_185826 - INFO - Loading enhancement data with IDs: ['0']
2025-08-29 18:58:27 - Training-20250829_185826 - INFO - Total datasets loaded: 1
2025-08-29 18:58:27 - Training-20250829_185826 - INFO - Dataset 0: X shape (23715734, 2), y shape (10001, 1)
2025-08-29 18:58:27 - Training-20250829_185826 - INFO - Return CONCATED data shape: X (23715734, 2), y (10001, 1)
2025-08-29 18:58:28 - Training-20250829_185826 - INFO - 训练数据已对齐. X shape: (10001, 5362), y shape: (10001,)
2025-08-29 18:58:28 - Training-20250829_185826 - INFO - --- 使用的特征列表 (共 142 个) ---
2025-08-29 18:58:28 - Training-20250829_185826 - INFO - 前50个特征: ['RAW_1_stats_cv_mul_std_whole', 'RAW_8_percentage_of_reoccurring_values_to_all_values_contribution_left', 'RAW_8_percentage_of_reoccurring_datapoints_to_all_datapoints_contribution_left', 'RAW_1_stats_cv_whole', 'RAW_7_sample_entropy_left', 'RAW_8_index_mass_quantile_q_0_8_ratio_to_whole_left', 'RAW_8_percentage_of_reoccurring_values_to_all_values_ratio_to_whole_left', 'RAW_8_index_mass_quantile_q_0_1_right', 'DIFF_2_levene_pvalue', 'RAW_8_ratio_value_number_to_time_series_length_ratio_to_whole_left', 'RAW_3_detrend_volatility_normalized_whole', 'CUMSUM_1_stats_theil_sen_slope_whole', 'CUMSUM_2_ad_pvalue', 'RAW_8_ratio_beyond_r_sigma_1_left', 'RAW_8_change_quantiles_f_agg_var_isabs_True_qh_0_8_ql_0_2_ratio_to_whole_left', 'RAW_8_benford_correlation_whole', 'RAW_2_bartlett_stat', 'DIFF_2_bartlett_pvalue', 'RAW_8_change_quantiles_f_agg_var_isabs_True_qh_0_6_ql_0_2_whole', 'DIFF_8_benford_correlation_whole', 'RAW_7_sample_entropy_whole', 'RAW_1_stats_median_ratio', 'RAW_2_ad_pvalue', 'RAW_8_energy_ratio_by_chunks_num_segments_10_segment_focus_9_left', 'RAW_8_count_above_0_whole', 'RAW_8_agg_linear_trend_attr_rvalue_chunk_len_50_f_agg_max_ratio_to_whole_left', 'RAW_2_bartlett_pvalue', 'CUMSUM_4_autocorr_lag1_whole', 'CUMSUM_3_detrend_volatility_normalized_right', 'DIFF_8_benford_correlation_left', 'CUMSUM_2_kpss_pvalue_ratio_to_whole_left', 'RAW_6_iqr_ratio_to_whole_right', 'RAW_2_ad_stat', 'CUMSUM_8_ar_coefficient_coeff_0_k_10_whole', 'RAW_8_quantile_0_1_diff', 'CUMSUM_8_last_location_of_maximum_whole', 'RAW_8_ar_coefficient_coeff_8_k_10_ratio_to_whole_right', 'RAW_10_rpt_cost_cosine_whole', 'RAW_8_quantile_0_6_left', 'RAW_8_ratio_value_number_to_time_series_length_whole', 'RAW_8_benford_correlation_ratio_to_whole_left', 'DIFF_7_spectral_entropy_ratio_to_whole_left', 'RAW_8_percentage_of_reoccurring_datapoints_to_all_datapoints_ratio_to_whole_left', 'RAW_8_number_peaks_50_diff', 'CUMSUM_7_hjorth_complexity_whole', 'CUMSUM_1_stats_max_diff', 'CUMSUM_8_change_quantiles_f_agg_var_isabs_False_qh_0_4_ql_0_2_ratio_to_whole_right', 'RAW_2_ks_pvalue', 'DIFF_8_linear_trend_attr_intercept_contribution_right', 'RAW_8_index_mass_quantile_q_0_8_left']
2025-08-29 18:58:28 - Training-20250829_185826 - INFO - --------------------------------------------------
2025-08-29 18:58:28 - Training-20250829_185826 - INFO - Starting 5-fold cross-validation with enhanced data strategy...
2025-08-29 18:58:28 - Training-20250829_185826 - INFO - 创建增强数据交叉验证分割...
2025-08-29 18:58:28 - Training-20250829_185826 - INFO - 识别到 10001 条原始数据
2025-08-29 18:58:28 - Training-20250829_185826 - INFO - 识别到 0 条增强数据
2025-08-29 18:58:28 - Training-20250829_185826 - INFO - Fold 1: 训练集 8000 条 (原始: 8000, 增强: 0), 验证集 2001 条 (仅原始数据)
2025-08-29 18:58:28 - Training-20250829_185826 - INFO - --- Fold 1/5 ---
2025-08-29 18:58:28 - Training-20250829_185826 - INFO - 训练数据: (8000, 142), 验证数据: (2001, 142)
