2025-07-16 11:19:40 - Training-20250716_111940 - INFO - ========== Running Command: train ==========
2025-07-16 11:19:40 - Training-20250716_111940 - INFO - Args: {'command': 'train', 'feature_file': None, 'save_oof': False, 'save_model': False, 'perm_imp': True}
2025-07-16 11:19:41 - Training-20250716_111940 - INFO - =======================================
2025-07-16 11:19:41 - Training-20250716_111940 - INFO - Starting training and evaluation pipeline...
2025-07-16 11:19:41 - Training-20250716_111940 - INFO - Model Parameters: {
    "objective": "binary",
    "metric": "auc",
    "boosting_type": "gbdt",
    "random_state": 42,
    "n_estimators": 4000,
    "learning_rate": 0.005,
    "num_leaves": 31,
    "n_jobs": -1,
    "reg_alpha": 0.5,
    "reg_lambda": 0.5,
    "colsample_bytree": 0.8,
    "subsample": 0.8
}
2025-07-16 11:19:41 - Training-20250716_111940 - INFO - 未指定特征文件，将尝试加载最新版本。
2025-07-16 11:19:41 - Training-20250716_111940 - INFO - 正在从 features_20250716_111815.parquet 加载特征...
2025-07-16 11:19:41 - Training-20250716_111940 - INFO - 特征加载成功，共 203 个特征。
2025-07-16 11:19:41 - Training-20250716_111940 - INFO - Successfully loaded features from: features_20250716_111815.parquet
2025-07-16 11:19:41 - Training-20250716_111940 - INFO - Drop 0 features: []
2025-07-16 11:19:43 - Training-20250716_111940 - INFO - 训练数据已对齐. X shape: (10001, 203), y shape: (10001,)
2025-07-16 11:19:43 - Training-20250716_111940 - INFO - --- 使用的特征列表 (共 203 个) ---
2025-07-16 11:19:43 - Training-20250716_111940 - INFO - ['RAW_1_stats_mean_left', 'RAW_1_stats_mean_right', 'RAW_1_stats_mean_whole', 'RAW_1_stats_mean_diff', 'RAW_1_stats_mean_ratio', 'RAW_1_stats_median_left', 'RAW_1_stats_median_right', 'RAW_1_stats_median_whole', 'RAW_1_stats_median_diff', 'RAW_1_stats_median_ratio', 'RAW_1_stats_max_left', 'RAW_1_stats_max_right', 'RAW_1_stats_max_whole', 'RAW_1_stats_max_diff', 'RAW_1_stats_max_ratio', 'RAW_1_stats_min_left', 'RAW_1_stats_min_right', 'RAW_1_stats_min_whole', 'RAW_1_stats_min_diff', 'RAW_1_stats_min_ratio', 'RAW_1_stats_range_left', 'RAW_1_stats_range_right', 'RAW_1_stats_range_whole', 'RAW_1_stats_range_diff', 'RAW_1_stats_range_ratio', 'RAW_1_stats_std_left', 'RAW_1_stats_std_right', 'RAW_1_stats_std_whole', 'RAW_1_stats_std_diff', 'RAW_1_stats_std_ratio', 'RAW_1_stats_skew_left', 'RAW_1_stats_skew_right', 'RAW_1_stats_skew_whole', 'RAW_1_stats_skew_diff', 'RAW_1_stats_skew_ratio', 'RAW_1_stats_kurt_left', 'RAW_1_stats_kurt_right', 'RAW_1_stats_kurt_whole', 'RAW_1_stats_kurt_diff', 'RAW_1_stats_kurt_ratio', 'RAW_1_stats_cv_left', 'RAW_1_stats_cv_right', 'RAW_1_stats_cv_whole', 'RAW_1_stats_cv_diff', 'RAW_1_stats_cv_ratio', 'RAW_1_stats_mean_of_rolling_std_left', 'RAW_1_stats_mean_of_rolling_std_right', 'RAW_1_stats_mean_of_rolling_std_whole', 'RAW_1_stats_mean_of_rolling_std_diff', 'RAW_1_stats_mean_of_rolling_std_ratio', 'RAW_1_stats_theil_sen_slope_left', 'RAW_1_stats_theil_sen_slope_right', 'RAW_1_stats_theil_sen_slope_whole', 'RAW_1_stats_theil_sen_slope_diff', 'RAW_1_stats_theil_sen_slope_ratio', 'RAW_2_ks_stat', 'RAW_2_ks_pvalue', 'RAW_2_ttest_pvalue', 'RAW_2_ad_stat', 'RAW_2_ad_pvalue', 'RAW_2_mannwhitney_stat', 'RAW_2_mannwhitney_pvalue', 'RAW_2_wilcoxon_stat', 'RAW_2_wilcoxon_pvalue', 'RAW_2_levene_stat', 'RAW_2_levene_pvalue', 'RAW_2_bartlett_stat', 'RAW_2_bartlett_pvalue', 'RAW_2_shapiro_pvalue_left', 'RAW_2_shapiro_pvalue_right', 'RAW_2_shapiro_pvalue_diff', 'RAW_2_jb_pvalue_left', 'RAW_2_jb_pvalue_right', 'RAW_2_jb_pvalue_diff', 'RAW_2_kpss_pvalue_left', 'RAW_2_kpss_pvalue_right', 'RAW_2_kpss_pvalue_diff', 'RAW_2_kpss_stat_diff', 'RAW_2_adf_pvalue_left', 'RAW_2_adf_pvalue_right', 'RAW_2_adf_pvalue_diff', 'RAW_2_adf_stat_diff', 'RAW_2_adf_icbest_diff', 'RAW_3_sum_right', 'RAW_3_sum_diff', 'RAW_3_cumsum_max_diff', 'RAW_4_zero_cross_diff', 'RAW_4_autocorr_lag1_diff', 'RAW_5_dominant_freq_diff', 'RAW_5_max_power_diff', 'RAW_6_iqr_diff', 'RAW_7_rolling_std_w50_mean_diff', 'RAW_8_shannon_entropy_0', 'RAW_8_shannon_entropy_1', 'RAW_8_shannon_entropy_diff', 'RAW_8_perm_entropy_0', 'RAW_8_perm_entropy_1', 'RAW_8_perm_entropy_diff', 'RAW_8_spectral_entropy_0', 'RAW_8_spectral_entropy_1', 'RAW_8_spectral_entropy_diff', 'RAW_8_svd_entropy_0', 'RAW_8_svd_entropy_1', 'RAW_8_svd_entropy_diff', 'RAW_8_approx_entropy_0', 'RAW_8_approx_entropy_1', 'RAW_8_approx_entropy_diff', 'RAW_8_sample_entropy_0', 'RAW_8_sample_entropy_1', 'RAW_8_sample_entropy_diff', 'RAW_8_hjorth_mobility_0', 'RAW_8_hjorth_complexity_0', 'RAW_8_hjorth_mobility_1', 'RAW_8_hjorth_complexity_1', 'RAW_8_hjorth_complexity_diff', 'RAW_8_num_zerocross_0', 'RAW_8_num_zerocross_1', 'RAW_8_lziv_complexity_0', 'RAW_8_lziv_complexity_1', 'RAW_8_lziv_complexity_diff', 'RAW_8_cond_entropy_0', 'RAW_8_cond_entropy_1', 'RAW_8_cond_entropy_diff', 'RAW_9_petrosian_fd_diff', 'RAW_9_katz_fd_diff', 'RAW_9_higuchi_fd_diff', 'RAW_9_detrended_fluctuation_diff', 'RAW_10_ratio_value_number_to_time_series_length', 'RAW_10_ratio_beyond_r_sigma_6', 'RAW_10_ratio_beyond_r_sigma_1_5', 'RAW_10_quantile_0_6', 'RAW_10_quantile_0_4', 'RAW_10_quantile_0_1', 'RAW_10_percentage_of_reoccurring_values_to_all_values', 'RAW_10_percentage_of_reoccurring_datapoints_to_all_datapoints', 'RAW_10_last_location_of_maximum', 'RAW_10_first_location_of_maximum', 'RAW_10_partial_autocorrelation_lag_2', 'RAW_10_linear_trend_attr_slope_', 'RAW_10_linear_trend_attr_rvalue_', 'RAW_10_linear_trend_attr_intercept_', 'RAW_10_fft_coefficient_attr_imag_coeff_3', 'RAW_10_fft_coefficient_attr_imag_coeff_2', 'RAW_10_fft_coefficient_attr_imag_coeff_1', 'RAW_10_change_quantiles_f_agg_var_isabs_True_qh_1_0_ql_0_4', 'RAW_10_change_quantiles_f_agg_var_isabs_True_qh_1_0_ql_0_2', 'RAW_10_change_quantiles_f_agg_var_isabs_True_qh_0_8_ql_0_6', 'RAW_10_change_quantiles_f_agg_var_isabs_True_qh_0_8_ql_0_4', 'RAW_10_change_quantiles_f_agg_var_isabs_True_qh_0_8_ql_0_2', 'RAW_10_change_quantiles_f_agg_var_isabs_True_qh_0_6_ql_0_4', 'RAW_10_change_quantiles_f_agg_var_isabs_True_qh_0_6_ql_0_2', 'RAW_10_change_quantiles_f_agg_var_isabs_True_qh_0_4_ql_0_2', 'RAW_10_change_quantiles_f_agg_var_isabs_False_qh_1_0_ql_0_4', 'RAW_10_change_quantiles_f_agg_var_isabs_False_qh_1_0_ql_0_2', 'RAW_10_change_quantiles_f_agg_var_isabs_False_qh_0_8_ql_0_4', 'RAW_10_change_quantiles_f_agg_var_isabs_False_qh_0_8_ql_0_2', 'RAW_10_change_quantiles_f_agg_var_isabs_False_qh_0_8_ql_0_0', 'RAW_10_change_quantiles_f_agg_var_isabs_False_qh_0_6_ql_0_4', 'RAW_10_change_quantiles_f_agg_var_isabs_False_qh_0_6_ql_0_2', 'RAW_10_change_quantiles_f_agg_var_isabs_False_qh_0_4_ql_0_2', 'RAW_10_change_quantiles_f_agg_mean_isabs_True_qh_1_0_ql_0_4', 'RAW_10_change_quantiles_f_agg_mean_isabs_True_qh_0_6_ql_0_4', 'RAW_10_ar_coefficient_coeff_2_k_10', 'RAW_10_agg_linear_trend_attr_slope_chunk_len_50_f_agg_mean_', 'RAW_10_agg_linear_trend_attr_slope_chunk_len_5_f_agg_mean_', 'RAW_10_agg_linear_trend_attr_slope_chunk_len_10_f_agg_mean_', 'RAW_10_agg_linear_trend_attr_rvalue_chunk_len_50_f_agg_mean_', 'RAW_10_agg_linear_trend_attr_rvalue_chunk_len_50_f_agg_max_', 'RAW_10_agg_linear_trend_attr_rvalue_chunk_len_5_f_agg_mean_', 'RAW_10_agg_linear_trend_attr_rvalue_chunk_len_5_f_agg_max_', 'RAW_10_agg_linear_trend_attr_rvalue_chunk_len_10_f_agg_mean_', 'RAW_10_agg_linear_trend_attr_rvalue_chunk_len_10_f_agg_max_', 'RAW_10_agg_linear_trend_attr_intercept_chunk_len_50_f_agg_mean_', 'RAW_10_agg_linear_trend_attr_intercept_chunk_len_50_f_agg_max_', 'RAW_10_agg_linear_trend_attr_intercept_chunk_len_5_f_agg_mean_', 'RAW_10_agg_linear_trend_attr_intercept_chunk_len_5_f_agg_max_', 'RAW_10_agg_linear_trend_attr_intercept_chunk_len_10_f_agg_mean_', 'RAW_10_agg_linear_trend_attr_intercept_chunk_len_10_f_agg_max_', 'RAW_11_ar_residuals_s2_pred_std', 'RAW_11_param_0_diff', 'RAW_11_param_3_diff', 'RAW_11_param_4_diff', 'RAW_11_param_5_diff', 'RAW_12_rpt_cost_l1_left', 'RAW_12_rpt_cost_l1_right', 'RAW_12_rpt_cost_l2_right', 'RAW_12_rpt_cost_clinear_right', 'RAW_12_rpt_cost_rbf_left', 'RAW_12_rpt_cost_rbf_right', 'RAW_12_rpt_cost_rbf_whole', 'RAW_12_rpt_cost_normal_left', 'RAW_12_rpt_cost_normal_right', 'RAW_12_rpt_cost_normal_whole', 'RAW_12_rpt_cost_ar_right', 'RAW_12_rpt_cost_mahalanobis_left', 'RAW_12_rpt_cost_mahalanobis_right', 'RAW_12_rpt_cost_mahalanobis_whole', 'RAW_12_rpt_cost_rank_left', 'RAW_12_rpt_cost_rank_right', 'RAW_12_rpt_cost_rank_whole', 'RAW_12_rpt_cost_cosine_left', 'RAW_12_rpt_cost_cosine_right', 'RAW_12_rpt_cost_cosine_whole']
2025-07-16 11:19:43 - Training-20250716_111940 - INFO - --------------------------------------------------
2025-07-16 11:19:43 - Training-20250716_111940 - INFO - Starting 5-fold cross-validation with LightGBM...
2025-07-16 11:19:43 - Training-20250716_111940 - INFO - --- Fold 1/5 ---
2025-07-16 11:20:54 - Training-20250716_111940 - INFO - Fold 1 Train AUC: 0.98323, Val AUC: 0.77407
2025-07-16 11:20:54 - Training-20250716_111940 - INFO - Fold 1 finished in 70.32s
2025-07-16 11:20:54 - Training-20250716_111940 - INFO - Calculate Fold 1 permutation importance...
2025-07-16 11:24:52 - Training-20250716_111940 - INFO - Fold 1 permutation importance finished in 238.14s
2025-07-16 11:24:52 - Training-20250716_111940 - INFO - --- Fold 2/5 ---
2025-07-16 11:25:48 - Training-20250716_111940 - INFO - Fold 2 Train AUC: 0.99179, Val AUC: 0.75453
2025-07-16 11:25:48 - Training-20250716_111940 - INFO - Fold 2 finished in 56.20s
2025-07-16 11:25:48 - Training-20250716_111940 - INFO - Calculate Fold 2 permutation importance...
2025-07-16 11:31:21 - Training-20250716_111940 - INFO - Fold 2 permutation importance finished in 333.39s
2025-07-16 11:31:21 - Training-20250716_111940 - INFO - --- Fold 3/5 ---
2025-07-16 11:31:50 - Training-20250716_111940 - INFO - Fold 3 Train AUC: 0.96428, Val AUC: 0.76261
2025-07-16 11:31:50 - Training-20250716_111940 - INFO - Fold 3 finished in 28.50s
2025-07-16 11:31:50 - Training-20250716_111940 - INFO - Calculate Fold 3 permutation importance...
2025-07-16 11:34:23 - Training-20250716_111940 - INFO - Fold 3 permutation importance finished in 152.94s
2025-07-16 11:34:23 - Training-20250716_111940 - INFO - --- Fold 4/5 ---
2025-07-16 11:34:54 - Training-20250716_111940 - INFO - Fold 4 Train AUC: 0.97235, Val AUC: 0.74460
2025-07-16 11:34:54 - Training-20250716_111940 - INFO - Fold 4 finished in 31.35s
2025-07-16 11:34:54 - Training-20250716_111940 - INFO - Calculate Fold 4 permutation importance...
2025-07-16 11:37:47 - Training-20250716_111940 - INFO - Fold 4 permutation importance finished in 173.26s
2025-07-16 11:37:47 - Training-20250716_111940 - INFO - --- Fold 5/5 ---
2025-07-16 11:38:15 - Training-20250716_111940 - INFO - Fold 5 Train AUC: 0.96350, Val AUC: 0.75148
2025-07-16 11:38:15 - Training-20250716_111940 - INFO - Fold 5 finished in 27.66s
2025-07-16 11:38:15 - Training-20250716_111940 - INFO - Calculate Fold 5 permutation importance...
2025-07-16 11:40:39 - Training-20250716_111940 - INFO - Fold 5 permutation importance finished in 144.27s
2025-07-16 11:40:39 - Training-20250716_111940 - INFO - Overall OOF AUC: 0.75742
2025-07-16 11:40:39 - Training-20250716_111940 - INFO - All outputs will be saved to: E:\ggq的文件\比赛\25-ADIA-Lab-Structure-Break\ADIA-Lab-Structural-Break\experiment\output\train_20250716_114039_auc_0_75742
2025-07-16 11:40:39 - Training-20250716_111940 - INFO - 特征重要性已保存到: E:\ggq的文件\比赛\25-ADIA-Lab-Structure-Break\ADIA-Lab-Structural-Break\experiment\output\train_20250716_114039_auc_0_75742\feature_importance.tsv
2025-07-16 11:40:39 - Training-20250716_111940 - INFO - feature importance saved.
2025-07-16 11:40:39 - Training-20250716_111940 - INFO - permutation_importance_mean小于0的特征有: ['RAW_12_rpt_cost_rank_whole', 'RAW_8_approx_entropy_1', 'RAW_1_stats_theil_sen_slope_ratio', 'RAW_8_spectral_entropy_1', 'RAW_10_change_quantiles_f_agg_var_isabs_False_qh_0_4_ql_0_2', 'RAW_1_stats_skew_left', 'RAW_2_kpss_pvalue_right', 'RAW_12_rpt_cost_mahalanobis_left', 'RAW_12_rpt_cost_normal_whole', 'RAW_9_petrosian_fd_diff', 'RAW_1_stats_max_right', 'RAW_1_stats_mean_diff', 'RAW_10_fft_coefficient_attr_imag_coeff_1', 'RAW_10_change_quantiles_f_agg_var_isabs_True_qh_1_0_ql_0_4', 'RAW_5_dominant_freq_diff', 'RAW_10_change_quantiles_f_agg_var_isabs_True_qh_0_8_ql_0_4', 'RAW_11_param_3_diff', 'RAW_1_stats_skew_whole', 'RAW_1_stats_skew_diff', 'RAW_1_stats_kurt_diff', 'RAW_2_mannwhitney_stat', 'RAW_2_adf_pvalue_diff', 'RAW_1_stats_cv_ratio', 'RAW_10_change_quantiles_f_agg_var_isabs_True_qh_0_8_ql_0_6', 'RAW_8_shannon_entropy_1', 'RAW_10_agg_linear_trend_attr_slope_chunk_len_5_f_agg_mean_', 'RAW_2_wilcoxon_pvalue', 'RAW_10_agg_linear_trend_attr_rvalue_chunk_len_5_f_agg_mean_', 'RAW_8_svd_entropy_0', 'RAW_2_mannwhitney_pvalue', 'RAW_1_stats_theil_sen_slope_right', 'RAW_1_stats_range_whole', 'RAW_4_zero_cross_diff', 'RAW_1_stats_skew_ratio', 'RAW_8_svd_entropy_1', 'RAW_8_lziv_complexity_0', 'RAW_10_change_quantiles_f_agg_var_isabs_True_qh_1_0_ql_0_2', 'RAW_1_stats_max_ratio', 'RAW_10_fft_coefficient_attr_imag_coeff_2', 'RAW_12_rpt_cost_rank_right', 'RAW_11_param_4_diff', 'RAW_1_stats_theil_sen_slope_whole']
2025-07-16 11:40:39 - Training-20250716_111940 - INFO - Permutation importance已保存到: E:\ggq的文件\比赛\25-ADIA-Lab-Structure-Break\ADIA-Lab-Structural-Break\experiment\output\train_20250716_114039_auc_0_75742\permutation_importance.tsv
2025-07-16 11:40:39 - Training-20250716_111940 - INFO - permutation importance saved.
2025-07-16 11:40:39 - Training-20250716_111940 - INFO - 训练流程结束，总耗时: 1258.82 秒。
