2025-09-05 00:14:28 - Training-20250905_001428 - INFO - ========== Running Command: train ==========
2025-09-05 00:14:28 - Training-20250905_001428 - INFO - Args: {'command': 'train', 'feature_file': None, 'train_data_ids': ['0'], 'perm_imp': False, 'save_oof': False, 'save_model': True}
2025-09-05 00:14:28 - Training-20250905_001428 - INFO - =======================================
2025-09-05 00:14:28 - Training-20250905_001428 - INFO - Starting training and evaluation pipeline...
2025-09-05 00:14:28 - Training-20250905_001428 - INFO - Model Parameters: {
    "objective": "binary",
    "metric": "auc",
    "boosting_type": "gbdt",
    "n_estimators": 3000,
    "learning_rate": 0.005,
    "num_leaves": 29,
    "random_state": 42,
    "n_jobs": 32,
    "reg_alpha": 3,
    "reg_lambda": 3,
    "colsample_bytree": 0.8,
    "subsample": 0.8
}
2025-09-05 00:14:29 - Training-20250905_001428 - INFO - Successfully loaded features from: features_20250904_232520.parquet
2025-09-05 00:14:29 - Training-20250905_001428 - INFO - Loading data...
2025-09-05 00:14:30 - Training-20250905_001428 - INFO - Original data loaded successfully.
2025-09-05 00:14:30 - Training-20250905_001428 - INFO - X_train shape: (23715734, 2)
2025-09-05 00:14:30 - Training-20250905_001428 - INFO - X_train type: <class 'pandas.core.frame.DataFrame'>
2025-09-05 00:14:30 - Training-20250905_001428 - INFO - y_train shape: (10001, 1)
2025-09-05 00:14:30 - Training-20250905_001428 - INFO - y_train type: <class 'pandas.core.frame.DataFrame'>
2025-09-05 00:14:30 - Training-20250905_001428 - INFO - Loading enhancement data with IDs: ['0']
2025-09-05 00:14:30 - Training-20250905_001428 - INFO - Total datasets loaded: 1
2025-09-05 00:14:30 - Training-20250905_001428 - INFO - Dataset 0: X shape (23715734, 2), y shape (10001, 1)
2025-09-05 00:14:30 - Training-20250905_001428 - INFO - Return CONCATED data shape: X (23715734, 2), y (10001, 1)
2025-09-05 00:14:30 - Training-20250905_001428 - INFO - 训练数据已对齐. X shape: (10001, 6425), y shape: (10001,)
2025-09-05 00:14:30 - Training-20250905_001428 - INFO - --- 使用的特征列表 (共 100 个) ---
2025-09-05 00:14:30 - Training-20250905_001428 - INFO - 前50个特征: ['mul_RAW_3_detrend_volatility_normalized_whole_RAW_1_stats_std_whole', 'mul_RAW_1_stats_cv_whole_RAW_1_stats_std_whole', 'RAW_7_sample_entropy_left', 'sub_RAW_8_percentage_of_reoccurring_datapoints_to_all_datapoints_contribution_left_DIFF_8_change_quantiles_f_agg_var_isabs_False_qh_0_6_ql_0_4_whole', 'add_RAW_8_index_mass_quantile_q_0_8_ratio_to_whole_left_RAW_8_index_mass_quantile_q_0_1_right', 'cross_mul_RAW_8_index_mass_quantile_q_0_1_right_RAW_8_energy_ratio_by_chunks_num_segments_10_segment_focus_9_left', 'cross_mul_DIFF_8_change_quantiles_f_agg_var_isabs_False_qh_0_6_ql_0_4_whole_CUMSUM_3_detrend_volatility_normalized_right', 'cross_mul_RAW_8_percentage_of_reoccurring_values_to_all_values_contribution_left_RAW_8_change_quantiles_f_agg_var_isabs_True_qh_1_0_ql_0_4_contribution_left', 'cross_mul_RAW_8_percentage_of_reoccurring_datapoints_to_all_datapoints_contribution_left_RAW_8_ratio_value_number_to_time_series_length_ratio_to_whole_left', 'div_RAW_8_percentage_of_reoccurring_datapoints_to_all_datapoints_contribution_left_RAW_8_percentage_of_reoccurring_values_to_all_values_ratio_to_whole_left', 'cross_mul_RAW_8_percentage_of_reoccurring_values_to_all_values_ratio_to_whole_left_RAW_8_index_mass_quantile_q_0_8_left', 'cross_mul_RAW_1_stats_std_whole_DIFF_2_ks_stat', 'sqmul_RAW_1_stats_std_whole_RAW_3_detrend_volatility_normalized_whole', 'cross_mul_RAW_3_detrend_volatility_normalized_whole_RAW_2_ad_stat', 'cross_mul_RAW_1_stats_std_whole_RAW_2_ks_stat', 'cross_mul_RAW_8_index_mass_quantile_q_0_1_right_RAW_10_rpt_cost_cosine_whole', 'cross_mul_RAW_8_quantile_0_4_whole_CUMSUM_2_ad_pvalue', 'sqmul_RAW_8_quantile_0_4_whole_RAW_3_detrend_volatility_normalized_whole', 'div_RAW_1_stats_cv_whole_RAW_8_percentage_of_reoccurring_datapoints_to_all_datapoints_contribution_left', 'RAW_8_benford_correlation_whole', 'DIFF_8_benford_correlation_left', 'sqmul_RAW_8_index_mass_quantile_q_0_1_right_RAW_8_index_mass_quantile_q_0_8_ratio_to_whole_left', 'MP_1_stats_mean_of_rolling_std_ratio_to_whole_right', 'RAW_8_ratio_beyond_r_sigma_1_left', 'RAW_7_sample_entropy_whole', 'cross_mul_RAW_8_percentage_of_reoccurring_datapoints_to_all_datapoints_contribution_left_DIFF_8_ar_coefficient_coeff_8_k_10_left', 'cross_mul_RAW_8_percentage_of_reoccurring_values_to_all_values_ratio_to_whole_left_DIFF_10_rpt_cost_cosine_right', 'cross_mul_RAW_8_percentage_of_reoccurring_values_to_all_values_contribution_left_DIFF_10_rpt_cost_cosine_right', 'cross_mul_RAW_8_index_mass_quantile_q_0_8_ratio_to_whole_left_MP_8_agg_linear_trend_attr_intercept_chunk_len_50_f_agg_max_ratio_to_whole_right', 'add_RAW_8_percentage_of_reoccurring_datapoints_to_all_datapoints_contribution_left_RAW_1_stats_std_whole', 'DIFF_8_benford_correlation_whole', 'sub_RAW_8_percentage_of_reoccurring_datapoints_to_all_datapoints_contribution_left_RAW_1_stats_std_whole', 'cross_mul_DIFF_8_change_quantiles_f_agg_var_isabs_False_qh_0_6_ql_0_4_whole_RAW_2_ad_stat', 'cross_mul_RAW_8_index_mass_quantile_q_0_8_ratio_to_whole_left_RAW_8_change_quantiles_f_agg_var_isabs_True_qh_0_6_ql_0_4_whole', 'cross_mul_RAW_8_index_mass_quantile_q_0_1_right_RAW_8_ar_coefficient_coeff_8_k_10_ratio_to_whole_right', 'RAW_8_benford_correlation_ratio_to_whole_left', 'RAW_7_perm_entropy_left', 'MP_8_change_quantiles_f_agg_mean_isabs_True_qh_1_0_ql_0_4_whole', 'cross_mul_DIFF_8_change_quantiles_f_agg_var_isabs_False_qh_0_6_ql_0_4_whole_CUMSUM_2_ad_pvalue', 'cross_mul_RAW_8_quantile_0_4_whole_RAW_2_bartlett_pvalue', 'RAW_7_katz_fd_whole', 'add_RAW_8_percentage_of_reoccurring_datapoints_to_all_datapoints_contribution_left_RAW_8_quantile_0_4_whole', 'RAW_8_ratio_value_number_to_time_series_length_ratio_to_whole_left', 'cross_mul_RAW_8_percentage_of_reoccurring_values_to_all_values_contribution_left_RAW_5_dominant_freq_right', 'div_RAW_8_percentage_of_reoccurring_datapoints_to_all_datapoints_contribution_left_RAW_8_percentage_of_reoccurring_values_to_all_values_contribution_left', 'cross_mul_RAW_8_percentage_of_reoccurring_datapoints_to_all_datapoints_contribution_left_RAW_4_autocorr_lag1_ratio', 'RAW_7_approx_entropy_left', 'cross_mul_RAW_8_index_mass_quantile_q_0_1_right_MP_8_change_quantiles_f_agg_var_isabs_False_qh_0_8_ql_0_4_whole', 'div_RAW_8_percentage_of_reoccurring_values_to_all_values_contribution_left_RAW_8_percentage_of_reoccurring_values_to_all_values_ratio_to_whole_left', 'div_RAW_3_detrend_volatility_normalized_whole_RAW_8_percentage_of_reoccurring_datapoints_to_all_datapoints_contribution_left']
2025-09-05 00:14:30 - Training-20250905_001428 - INFO - --------------------------------------------------
2025-09-05 00:14:30 - Training-20250905_001428 - INFO - Starting 5-fold cross-validation with enhanced data strategy...
2025-09-05 00:14:30 - Training-20250905_001428 - INFO - 创建增强数据交叉验证分割...
2025-09-05 00:14:30 - Training-20250905_001428 - INFO - 识别到 10001 条原始数据
2025-09-05 00:14:30 - Training-20250905_001428 - INFO - 识别到 0 条增强数据
2025-09-05 00:14:30 - Training-20250905_001428 - INFO - Fold 1: 训练集 8000 条 (原始: 8000, 增强: 0), 验证集 2001 条 (仅原始数据)
2025-09-05 00:14:30 - Training-20250905_001428 - INFO - --- Fold 1/5 ---
2025-09-05 00:14:30 - Training-20250905_001428 - INFO - 训练数据: (8000, 100), 验证数据: (2001, 100)
2025-09-05 00:14:42 - Training-20250905_001428 - INFO - Fold 1 Train AUC: 0.99687, Val AUC: 0.90167
2025-09-05 00:14:42 - Training-20250905_001428 - INFO - Fold 1 Early stopping step (best_iteration): 0
2025-09-05 00:14:42 - Training-20250905_001428 - INFO - Fold 1 finished in 11.67s
2025-09-05 00:14:42 - Training-20250905_001428 - INFO - Fold 2: 训练集 8001 条 (原始: 8001, 增强: 0), 验证集 2000 条 (仅原始数据)
2025-09-05 00:14:42 - Training-20250905_001428 - INFO - --- Fold 2/5 ---
2025-09-05 00:14:42 - Training-20250905_001428 - INFO - 训练数据: (8001, 100), 验证数据: (2000, 100)
2025-09-05 00:14:53 - Training-20250905_001428 - INFO - Fold 2 Train AUC: 0.99700, Val AUC: 0.89106
2025-09-05 00:14:53 - Training-20250905_001428 - INFO - Fold 2 Early stopping step (best_iteration): 0
2025-09-05 00:14:53 - Training-20250905_001428 - INFO - Fold 2 finished in 11.42s
2025-09-05 00:14:53 - Training-20250905_001428 - INFO - Fold 3: 训练集 8001 条 (原始: 8001, 增强: 0), 验证集 2000 条 (仅原始数据)
2025-09-05 00:14:53 - Training-20250905_001428 - INFO - --- Fold 3/5 ---
2025-09-05 00:14:53 - Training-20250905_001428 - INFO - 训练数据: (8001, 100), 验证数据: (2000, 100)
2025-09-05 00:15:05 - Training-20250905_001428 - INFO - Fold 3 Train AUC: 0.99729, Val AUC: 0.90206
2025-09-05 00:15:05 - Training-20250905_001428 - INFO - Fold 3 Early stopping step (best_iteration): 0
2025-09-05 00:15:05 - Training-20250905_001428 - INFO - Fold 3 finished in 11.51s
2025-09-05 00:15:05 - Training-20250905_001428 - INFO - Fold 4: 训练集 8001 条 (原始: 8001, 增强: 0), 验证集 2000 条 (仅原始数据)
2025-09-05 00:15:05 - Training-20250905_001428 - INFO - --- Fold 4/5 ---
2025-09-05 00:15:05 - Training-20250905_001428 - INFO - 训练数据: (8001, 100), 验证数据: (2000, 100)
2025-09-05 00:15:16 - Training-20250905_001428 - INFO - Fold 4 Train AUC: 0.99634, Val AUC: 0.89409
2025-09-05 00:15:16 - Training-20250905_001428 - INFO - Fold 4 Early stopping step (best_iteration): 0
2025-09-05 00:15:16 - Training-20250905_001428 - INFO - Fold 4 finished in 11.44s
2025-09-05 00:15:16 - Training-20250905_001428 - INFO - Fold 5: 训练集 8001 条 (原始: 8001, 增强: 0), 验证集 2000 条 (仅原始数据)
2025-09-05 00:15:16 - Training-20250905_001428 - INFO - --- Fold 5/5 ---
2025-09-05 00:15:16 - Training-20250905_001428 - INFO - 训练数据: (8001, 100), 验证数据: (2000, 100)
2025-09-05 00:15:28 - Training-20250905_001428 - INFO - Fold 5 Train AUC: 0.99653, Val AUC: 0.89046
2025-09-05 00:15:28 - Training-20250905_001428 - INFO - Fold 5 Early stopping step (best_iteration): 0
2025-09-05 00:15:28 - Training-20250905_001428 - INFO - Fold 5 finished in 11.50s
2025-09-05 00:15:28 - Training-20250905_001428 - INFO - Overall OOF AUC: 0.89580
2025-09-05 00:15:28 - Training-20250905_001428 - INFO - All outputs will be saved to: /home/test/ADIA-Lab-Structural-Break/experiment/output/train_20250905_001528_auc_0_89580
2025-09-05 00:15:28 - Training-20250905_001428 - INFO - 特征重要性已保存到: /home/test/ADIA-Lab-Structural-Break/experiment/output/train_20250905_001528_auc_0_89580/feature_importance.tsv
2025-09-05 00:15:28 - Training-20250905_001428 - INFO - feature importance saved.
2025-09-05 00:15:28 - Training-20250905_001428 - INFO - Models saved.
2025-09-05 00:15:28 - Training-20250905_001428 - INFO - 训练流程结束，总耗时: 60.03 秒。
