2025-07-19 20:49:22 - Training-20250719_204922 - INFO - ========== Running Command: train ==========
2025-07-19 20:49:22 - Training-20250719_204922 - INFO - Args: {'command': 'train', 'feature_file': None, 'save_oof': False, 'save_model': False, 'perm_imp': False}
2025-07-19 20:49:22 - Training-20250719_204922 - INFO - =======================================
2025-07-19 20:49:22 - Training-20250719_204922 - INFO - Starting training and evaluation pipeline...
2025-07-19 20:49:22 - Training-20250719_204922 - INFO - Model Parameters: {
    "objective": "binary",
    "metric": "auc",
    "boosting_type": "gbdt",
    "random_state": 42,
    "n_estimators": 4000,
    "learning_rate": 0.005,
    "num_leaves": 29,
    "n_jobs": 32,
    "reg_alpha": 3,
    "reg_lambda": 3,
    "colsample_bytree": 0.8,
    "subsample": 0.8
}
2025-07-19 20:49:23 - Training-20250719_204922 - INFO - Successfully loaded features from: features_20250719_204850.parquet
2025-07-19 20:49:26 - Training-20250719_204922 - INFO - 训练数据已对齐. X shape: (10001, 896), y shape: (10001,)
2025-07-19 20:49:26 - Training-20250719_204922 - INFO - --- 使用的特征列表 (共 82 个) ---
2025-07-19 20:49:26 - Training-20250719_204922 - INFO - ['RAW_1_stats_cv_whole', 'RAW_10_percentage_of_reoccurring_datapoints_to_all_datapoints_contribution_left', 'RAW_10_percentage_of_reoccurring_values_to_all_values_contribution_left', 'RAW_1_stats_std_whole', 'RAW_10_percentage_of_reoccurring_values_to_all_values_ratio_to_whole_left', 'RAW_8_sample_entropy_left', 'RAW_10_quantile_0_4_whole', 'RAW_2_bartlett_pvalue', 'RAW_10_fft_coefficient_attr_imag_coeff_1_ratio_to_whole_right', 'RAW_10_fft_coefficient_attr_imag_coeff_1_ratio_to_whole_left', 'RAW_2_bartlett_stat', 'RAW_10_percentage_of_reoccurring_values_to_all_values_ratio', 'RAW_12_rpt_cost_cosine_whole', 'RAW_10_ratio_value_number_to_time_series_length_ratio_to_whole_left', 'RAW_2_ks_stat', 'RAW_2_ad_stat', 'RAW_10_ratio_value_number_to_time_series_length_diff', 'RAW_10_percentage_of_reoccurring_datapoints_to_all_datapoints_ratio_to_whole_right', 'RAW_10_fft_coefficient_attr_imag_coeff_1_whole', 'RAW_2_ks_pvalue', 'RAW_1_stats_kurt_left', 'RAW_3_cumsum_max_ratio_to_whole_left', 'RAW_10_ratio_value_number_to_time_series_length_whole', 'RAW_2_levene_stat', 'RAW_10_percentage_of_reoccurring_values_to_all_values_diff', 'RAW_1_stats_mean_whole', 'RAW_10_agg_linear_trend_attr_rvalue_chunk_len_50_f_agg_max_ratio_to_whole_left', 'RAW_2_shapiro_pvalue_left', 'RAW_10_quantile_0_4_right', 'RAW_1_stats_median_ratio', 'RAW_10_percentage_of_reoccurring_datapoints_to_all_datapoints_ratio_to_whole_left', 'RAW_1_stats_median_whole', 'RAW_1_stats_kurt_whole', 'RAW_8_perm_entropy_left', 'RAW_2_levene_pvalue', 'RAW_2_ad_pvalue', 'RAW_10_agg_linear_trend_attr_rvalue_chunk_len_50_f_agg_mean_diff', 'RAW_4_autocorr_lag1_diff', 'RAW_11_param_3_right', 'RAW_4_autocorr_lag1_ratio', 'RAW_1_stats_min_whole', 'RAW_10_change_quantiles_f_agg_var_isabs_True_qh_0_6_ql_0_2_whole', 'RAW_10_agg_linear_trend_attr_rvalue_chunk_len_5_f_agg_max_right', 'RAW_8_sample_entropy_whole', 'RAW_11_param_0_whole', 'RAW_8_perm_entropy_whole', 'RAW_10_change_quantiles_f_agg_var_isabs_False_qh_0_8_ql_0_0_right', 'RAW_10_change_quantiles_f_agg_var_isabs_False_qh_0_8_ql_0_4_whole', 'RAW_1_stats_mean_right', 'RAW_10_linear_trend_attr_rvalue_ratio', 'RAW_10_ar_coefficient_coeff_2_k_10_left', 'RAW_10_linear_trend_attr_intercept_ratio', 'RAW_10_ratio_beyond_r_sigma_1_5_diff', 'RAW_8_spectral_entropy_left', 'RAW_5_max_power_whole', 'RAW_10_linear_trend_attr_intercept_contribution_left', 'RAW_6_iqr_whole', 'RAW_10_ratio_beyond_r_sigma_1_5_whole', 'RAW_10_change_quantiles_f_agg_var_isabs_False_qh_0_8_ql_0_0_whole', 'RAW_2_jb_pvalue_left', 'RAW_7_rolling_std_w50_mean_whole', 'RAW_8_sample_entropy_diff', 'RAW_10_percentage_of_reoccurring_values_to_all_values_right', 'RAW_10_agg_linear_trend_attr_rvalue_chunk_len_5_f_agg_max_diff', 'RAW_10_percentage_of_reoccurring_datapoints_to_all_datapoints_left', 'RAW_10_change_quantiles_f_agg_var_isabs_True_qh_1_0_ql_0_4_contribution_left', 'RAW_10_change_quantiles_f_agg_var_isabs_True_qh_0_6_ql_0_4_whole', 'RAW_10_agg_linear_trend_attr_rvalue_chunk_len_5_f_agg_max_left', 'RAW_8_svd_entropy_ratio_to_whole_left', 'RAW_8_cond_entropy_left', 'RAW_10_quantile_0_6_ratio_to_whole_left', 'RAW_10_quantile_0_6_whole', 'RAW_1_stats_cv_whole_mul_RAW_10_percentage_of_reoccurring_datapoints_to_all_datapoints_contribution_left', 'RAW_1_stats_cv_whole_mul_RAW_10_percentage_of_reoccurring_values_to_all_values_contribution_left', 'RAW_1_stats_cv_whole_mul_RAW_1_stats_std_whole', 'RAW_1_stats_cv_whole_mul_RAW_8_sample_entropy_left', 'RAW_10_percentage_of_reoccurring_datapoints_to_all_datapoints_contribution_left_mul_RAW_10_percentage_of_reoccurring_values_to_all_values_contribution_left', 'RAW_10_percentage_of_reoccurring_datapoints_to_all_datapoints_contribution_left_mul_RAW_1_stats_std_whole', 'RAW_10_percentage_of_reoccurring_datapoints_to_all_datapoints_contribution_left_mul_RAW_8_sample_entropy_left', 'RAW_10_percentage_of_reoccurring_values_to_all_values_contribution_left_mul_RAW_1_stats_std_whole', 'RAW_10_percentage_of_reoccurring_values_to_all_values_contribution_left_mul_RAW_8_sample_entropy_left', 'RAW_1_stats_std_whole_mul_RAW_8_sample_entropy_left']
2025-07-19 20:49:26 - Training-20250719_204922 - INFO - --------------------------------------------------
2025-07-19 20:49:26 - Training-20250719_204922 - INFO - Starting 5-fold cross-validation with LightGBM...
2025-07-19 20:49:26 - Training-20250719_204922 - INFO - --- Fold 1/5 ---
2025-07-19 20:51:29 - Training-20250719_204922 - INFO - Fold 1 Train AUC: 0.99545, Val AUC: 0.87900
2025-07-19 20:51:29 - Training-20250719_204922 - INFO - Fold 1 finished in 123.06s
2025-07-19 20:51:29 - Training-20250719_204922 - INFO - --- Fold 2/5 ---
2025-07-19 20:52:11 - Training-20250719_204922 - INFO - Fold 2 Train AUC: 0.97711, Val AUC: 0.86425
2025-07-19 20:52:11 - Training-20250719_204922 - INFO - Fold 2 finished in 41.87s
2025-07-19 20:52:11 - Training-20250719_204922 - INFO - --- Fold 3/5 ---
2025-07-19 20:53:09 - Training-20250719_204922 - INFO - Fold 3 Train AUC: 0.99001, Val AUC: 0.88216
2025-07-19 20:53:09 - Training-20250719_204922 - INFO - Fold 3 finished in 57.96s
2025-07-19 20:53:09 - Training-20250719_204922 - INFO - --- Fold 4/5 ---
2025-07-19 20:54:00 - Training-20250719_204922 - INFO - Fold 4 Train AUC: 0.98464, Val AUC: 0.87258
2025-07-19 20:54:00 - Training-20250719_204922 - INFO - Fold 4 finished in 50.91s
2025-07-19 20:54:00 - Training-20250719_204922 - INFO - --- Fold 5/5 ---
2025-07-19 20:55:21 - Training-20250719_204922 - INFO - Fold 5 Train AUC: 0.99543, Val AUC: 0.86269
2025-07-19 20:55:21 - Training-20250719_204922 - INFO - Fold 5 finished in 81.36s
2025-07-19 20:55:21 - Training-20250719_204922 - INFO - Overall OOF AUC: 0.87170
2025-07-19 20:55:21 - Training-20250719_204922 - INFO - All outputs will be saved to: E:\ggq的文件\比赛\25-ADIA-Lab-Structure-Break\ADIA-Lab-Structural-Break\experiment\output\train_20250719_205521_auc_0_87170
2025-07-19 20:55:21 - Training-20250719_204922 - INFO - 特征重要性已保存到: E:\ggq的文件\比赛\25-ADIA-Lab-Structure-Break\ADIA-Lab-Structural-Break\experiment\output\train_20250719_205521_auc_0_87170\feature_importance.tsv
2025-07-19 20:55:21 - Training-20250719_204922 - INFO - feature importance saved.
2025-07-19 20:55:21 - Training-20250719_204922 - INFO - 训练流程结束，总耗时: 358.87 秒。
