2025-09-14 19:33:23 - Training-20250914_193323 - INFO - ========== Running Command: train ==========
2025-09-14 19:33:23 - Training-20250914_193323 - INFO - Args: {'command': 'train', 'feature_file': None, 'train_data_ids': ['0'], 'perm_imp': True, 'save_oof': False, 'save_model': False}
2025-09-14 19:33:23 - Training-20250914_193323 - INFO - =======================================
2025-09-14 19:33:23 - Training-20250914_193323 - INFO - Starting training and evaluation pipeline...
2025-09-14 19:33:23 - Training-20250914_193323 - INFO - Using model: LGB
2025-09-14 19:33:23 - Training-20250914_193323 - INFO - Model Parameters: {
    "objective": "binary",
    "metric": "auc",
    "boosting_type": "gbdt",
    "n_estimators": 3000,
    "learning_rate": 0.005,
    "num_leaves": 36,
    "random_state": 42,
    "n_jobs": 64,
    "is_unbalance": true,
    "reg_alpha": 3,
    "reg_lambda": 3,
    "colsample_bytree": 0.8,
    "subsample": 0.8
}
2025-09-14 19:33:24 - Training-20250914_193323 - INFO - Successfully loaded features from: features_20250914_193221.parquet
2025-09-14 19:33:24 - Training-20250914_193323 - INFO - Loading data...
2025-09-14 19:33:25 - Training-20250914_193323 - INFO - Original data loaded successfully.
2025-09-14 19:33:25 - Training-20250914_193323 - INFO - X_train shape: (23715734, 2)
2025-09-14 19:33:25 - Training-20250914_193323 - INFO - X_train type: <class 'pandas.core.frame.DataFrame'>
2025-09-14 19:33:25 - Training-20250914_193323 - INFO - y_train shape: (10001, 1)
2025-09-14 19:33:25 - Training-20250914_193323 - INFO - y_train type: <class 'pandas.core.frame.DataFrame'>
2025-09-14 19:33:25 - Training-20250914_193323 - INFO - Loading enhancement data with IDs: ['0']
2025-09-14 19:33:25 - Training-20250914_193323 - INFO - Total datasets loaded: 1
2025-09-14 19:33:25 - Training-20250914_193323 - INFO - Dataset 0: X shape (23715734, 2), y shape (10001, 1)
2025-09-14 19:33:25 - Training-20250914_193323 - INFO - Return CONCATED data shape: X (23715734, 2), y (10001, 1)
2025-09-14 19:33:25 - Training-20250914_193323 - INFO - 训练数据已对齐. X shape: (10001, 3932), y shape: (10001,)
2025-09-14 19:33:25 - Training-20250914_193323 - INFO - --- 使用的特征列表 (共 93 个) ---
2025-09-14 19:33:25 - Training-20250914_193323 - INFO - 前50个特征: ['RAW_8_percentage_of_reoccurring_values_to_all_values_contribution_left_yj', 'RAW_1_stats_cv_whole_yj', 'RAW_8_index_mass_quantile_q_0_8_ratio_to_whole_left', 'RAW_8_percentage_of_reoccurring_datapoints_to_all_datapoints_contribution_left_yj', 'RAW_1_stats_std_whole_yj', 'RAW_3_detrend_volatility_normalized_whole_yj', 'CUMSUM_2_ad_pvalue_yj', 'RAW_8_index_mass_quantile_q_0_1_right_yj', 'RAW_8_quantile_0_4_whole_yj', 'DIFF_8_change_quantiles_f_agg_var_isabs_False_qh_0_6_ql_0_4_whole_yj', 'RAW_8_ratio_value_number_to_time_series_length_ratio_to_whole_left_yj', 'RAW_8_change_quantiles_f_agg_var_isabs_True_qh_0_6_ql_0_2_whole_yj', 'RAW_8_percentage_of_reoccurring_values_to_all_values_ratio_to_whole_left_yj', 'RAW_7_sample_entropy_left_yj', 'RAW_8_benford_correlation_whole_yj', 'RAW_1_stats_min_whole_yj', 'CUMSUM_3_detrend_volatility_normalized_right_yj', 'CUMSUM_8_change_quantiles_f_agg_mean_isabs_True_qh_1_0_ql_0_4_ratio_to_whole_left', 'RAW_8_ratio_beyond_r_sigma_1_left_yj', 'RAW_1_stats_median_ratio_yj', 'RAW_5_max_power_whole_yj', 'RAW_11_garch_params_alpha1_left_yj', 'CUMSUM_1_stats_max_diff_yj', 'RAW_7_sample_entropy_diff', 'CUMSUM_2_kpss_pvalue_ratio_to_whole_left_yj', 'CUMSUM_7_hjorth_complexity_whole', 'RAW_8_energy_ratio_by_chunks_num_segments_10_segment_focus_9_left_yj', 'RAW_8_energy_ratio_by_chunks_num_segments_10_segment_focus_9_whole_yj', 'CUMSUM_2_mannwhitney_stat_yj', 'RAW_8_percentage_of_reoccurring_datapoints_to_all_datapoints_ratio_to_whole_right_yj', 'RAW_2_ks_stat_yj', 'RAW_8_quantile_0_4_right_yj', 'RAW_8_agg_linear_trend_attr_rvalue_chunk_len_50_f_agg_mean_diff', 'DIFF_7_cond_entropy_left_yj', 'DIFF_8_ratio_beyond_r_sigma_1_5_whole', 'DIFF_8_agg_linear_trend_attr_rvalue_chunk_len_10_f_agg_mean_whole', 'CUMSUM_1_stats_min_ratio_yj', 'RAW_8_ratio_beyond_r_sigma_0_5_diff', 'RAW_8_ratio_beyond_r_sigma_1_5_whole_yj', 'CUMSUM_4_autocorr_lag1_whole_yj', 'RAW_8_change_quantiles_f_agg_var_isabs_True_qh_1_0_ql_0_4_contribution_left', 'RAW_8_change_quantiles_f_agg_var_isabs_True_qh_0_6_ql_0_4_whole_yj', 'RAW_8_count_above_0_whole', 'CUMSUM_10_rpt_cost_normal_right_yj', 'CUMSUM_3_detrend_volatility_normalized_ratio_yj', 'DIFF_1_stats_mean_ratio_to_whole_left_yj', 'RAW_1_stats_median_whole_yj', 'DIFF_9_ar_param_0_ratio_to_whole_left_yj', 'CUMSUM_8_ar_coefficient_coeff_2_k_10_contribution_left_yj', 'RAW_4_autocorr_lag1_ratio_yj']
2025-09-14 19:33:25 - Training-20250914_193323 - INFO - --------------------------------------------------
2025-09-14 19:33:25 - Training-20250914_193323 - INFO - Starting 5-fold cross-validation with enhanced data strategy...
2025-09-14 19:33:25 - Training-20250914_193323 - INFO - 创建增强数据交叉验证分割...
2025-09-14 19:33:25 - Training-20250914_193323 - INFO - 识别到 10001 条原始数据
2025-09-14 19:33:25 - Training-20250914_193323 - INFO - 识别到 0 条增强数据
2025-09-14 19:33:25 - Training-20250914_193323 - INFO - Fold 1: 训练集 8000 条 (原始: 8000, 增强: 0), 验证集 2001 条 (仅原始数据)
2025-09-14 19:33:25 - Training-20250914_193323 - INFO - --- Fold 1/5 ---
2025-09-14 19:33:25 - Training-20250914_193323 - INFO - 训练数据: (8000, 93), 验证数据: (2001, 93)
2025-09-14 19:34:07 - Training-20250914_193323 - INFO - Fold 1 Train AUC: 0.99975, Val AUC: 0.80718
2025-09-14 19:34:07 - Training-20250914_193323 - INFO - Fold 1 Early stopping step (best_iteration): 0
2025-09-14 19:34:07 - Training-20250914_193323 - INFO - Fold 1 finished in 41.74s
2025-09-14 19:34:07 - Training-20250914_193323 - INFO - Calculate Fold 1 permutation importance...
2025-09-14 19:35:06 - Training-20250914_193323 - INFO - Fold 1 permutation importance finished in 58.67s
2025-09-14 19:35:06 - Training-20250914_193323 - INFO - Fold 2: 训练集 8001 条 (原始: 8001, 增强: 0), 验证集 2000 条 (仅原始数据)
2025-09-14 19:35:06 - Training-20250914_193323 - INFO - --- Fold 2/5 ---
2025-09-14 19:35:06 - Training-20250914_193323 - INFO - 训练数据: (8001, 93), 验证数据: (2000, 93)
2025-09-14 19:35:51 - Training-20250914_193323 - INFO - Fold 2 Train AUC: 0.99968, Val AUC: 0.78288
2025-09-14 19:35:51 - Training-20250914_193323 - INFO - Fold 2 Early stopping step (best_iteration): 0
2025-09-14 19:35:51 - Training-20250914_193323 - INFO - Fold 2 finished in 45.45s
2025-09-14 19:35:51 - Training-20250914_193323 - INFO - Calculate Fold 2 permutation importance...
2025-09-14 19:36:55 - Training-20250914_193323 - INFO - Fold 2 permutation importance finished in 63.90s
2025-09-14 19:36:55 - Training-20250914_193323 - INFO - Fold 3: 训练集 8001 条 (原始: 8001, 增强: 0), 验证集 2000 条 (仅原始数据)
2025-09-14 19:36:55 - Training-20250914_193323 - INFO - --- Fold 3/5 ---
2025-09-14 19:36:55 - Training-20250914_193323 - INFO - 训练数据: (8001, 93), 验证数据: (2000, 93)
2025-09-14 19:37:39 - Training-20250914_193323 - INFO - Fold 3 Train AUC: 0.99978, Val AUC: 0.80971
2025-09-14 19:37:39 - Training-20250914_193323 - INFO - Fold 3 Early stopping step (best_iteration): 0
2025-09-14 19:37:39 - Training-20250914_193323 - INFO - Fold 3 finished in 44.27s
2025-09-14 19:37:39 - Training-20250914_193323 - INFO - Calculate Fold 3 permutation importance...
2025-09-14 19:38:37 - Training-20250914_193323 - INFO - Fold 3 permutation importance finished in 57.72s
2025-09-14 19:38:37 - Training-20250914_193323 - INFO - Fold 4: 训练集 8001 条 (原始: 8001, 增强: 0), 验证集 2000 条 (仅原始数据)
2025-09-14 19:38:37 - Training-20250914_193323 - INFO - --- Fold 4/5 ---
2025-09-14 19:38:37 - Training-20250914_193323 - INFO - 训练数据: (8001, 93), 验证数据: (2000, 93)
2025-09-14 19:39:22 - Training-20250914_193323 - INFO - Fold 4 Train AUC: 0.99972, Val AUC: 0.80305
2025-09-14 19:39:22 - Training-20250914_193323 - INFO - Fold 4 Early stopping step (best_iteration): 0
2025-09-14 19:39:22 - Training-20250914_193323 - INFO - Fold 4 finished in 44.75s
2025-09-14 19:39:22 - Training-20250914_193323 - INFO - Calculate Fold 4 permutation importance...
2025-09-14 19:40:16 - Training-20250914_193323 - INFO - Fold 4 permutation importance finished in 54.32s
2025-09-14 19:40:16 - Training-20250914_193323 - INFO - Fold 5: 训练集 8001 条 (原始: 8001, 增强: 0), 验证集 2000 条 (仅原始数据)
2025-09-14 19:40:16 - Training-20250914_193323 - INFO - --- Fold 5/5 ---
2025-09-14 19:40:16 - Training-20250914_193323 - INFO - 训练数据: (8001, 93), 验证数据: (2000, 93)
2025-09-14 19:41:01 - Training-20250914_193323 - INFO - Fold 5 Train AUC: 0.99981, Val AUC: 0.80714
2025-09-14 19:41:01 - Training-20250914_193323 - INFO - Fold 5 Early stopping step (best_iteration): 0
2025-09-14 19:41:01 - Training-20250914_193323 - INFO - Fold 5 finished in 45.00s
2025-09-14 19:41:01 - Training-20250914_193323 - INFO - Calculate Fold 5 permutation importance...
2025-09-14 19:41:59 - Training-20250914_193323 - INFO - Fold 5 permutation importance finished in 57.38s
2025-09-14 19:41:59 - Training-20250914_193323 - INFO - Overall OOF AUC: 0.80188
2025-09-14 19:41:59 - Training-20250914_193323 - INFO - All outputs will be saved to: /public/home/gugq/mutian-ADIA-Lab-Structural-Break/ADIA-Lab-Structural-Break/experiment/output/train_20250914_194159_auc_0_80188
2025-09-14 19:41:59 - Training-20250914_193323 - INFO - 特征重要性已保存到: /public/home/gugq/mutian-ADIA-Lab-Structural-Break/ADIA-Lab-Structural-Break/experiment/output/train_20250914_194159_auc_0_80188/feature_importance.tsv
2025-09-14 19:41:59 - Training-20250914_193323 - INFO - feature importance saved.
2025-09-14 19:41:59 - Training-20250914_193323 - INFO - permutation_importance_mean小于0.0005的特征有: ['CUMSUM_9_ar_param_3_whole', 'RAW_8_benford_correlation_left_yj', 'CUMSUM_8_ar_coefficient_coeff_2_k_10_contribution_left_yj', 'CUMSUM_8_benford_correlation_whole_yj', 'RAW_7_lziv_complexity_ratio_to_whole_left', 'DIFF_8_ar_coefficient_coeff_8_k_10_ratio_to_whole_right_yj', 'RAW_9_ar_param_1_ratio_yj', 'DIFF_7_higuchi_fd_ratio_to_whole_left_yj', 'DIFF_9_ar_param_0_right_yj', 'CUMSUM_9_ar_param_4_ratio_yj', 'DIFF_8_agg_linear_trend_attr_slope_chunk_len_50_f_agg_mean_ratio_to_whole_left_yj', 'DIFF_8_ar_coefficient_coeff_0_k_10_contribution_left_yj', 'RAW_3_detrend_mean_whole', 'DIFF_1_stats_skew_ratio_to_whole_right_yj', 'CUMSUM_8_ar_coefficient_coeff_2_k_10_contribution_right_yj']
2025-09-14 19:41:59 - Training-20250914_193323 - INFO - Permutation importance已保存到: /public/home/gugq/mutian-ADIA-Lab-Structural-Break/ADIA-Lab-Structural-Break/experiment/output/train_20250914_194159_auc_0_80188/permutation_importance.tsv
2025-09-14 19:41:59 - Training-20250914_193323 - INFO - permutation importance saved.
2025-09-14 19:41:59 - Training-20250914_193323 - INFO - 训练流程结束，总耗时: 515.48 秒。
