2025-09-14 14:49:27 - Training-20250914_144927 - INFO - ========== Running Command: train ==========
2025-09-14 14:49:27 - Training-20250914_144927 - INFO - Args: {'command': 'train', 'feature_file': None, 'train_data_ids': ['0'], 'perm_imp': False, 'save_oof': False, 'save_model': False}
2025-09-14 14:49:27 - Training-20250914_144927 - INFO - =======================================
2025-09-14 14:49:27 - Training-20250914_144927 - INFO - Starting training and evaluation pipeline...
2025-09-14 14:49:27 - Training-20250914_144927 - INFO - Model Parameters: {
    "objective": "binary",
    "metric": "auc",
    "boosting_type": "gbdt",
    "n_estimators": 3000,
    "learning_rate": 0.005,
    "num_leaves": 36,
    "random_state": 42,
    "n_jobs": 64,
    "is_unbalance": true,
    "reg_alpha": 3,
    "reg_lambda": 3,
    "colsample_bytree": 0.8,
    "subsample": 0.8
}
2025-09-14 14:49:28 - Training-20250914_144927 - INFO - Successfully loaded features from: features_20250914_143130.parquet
2025-09-14 14:49:28 - Training-20250914_144927 - INFO - Loading data...
2025-09-14 14:49:28 - Training-20250914_144927 - INFO - Original data loaded successfully.
2025-09-14 14:49:28 - Training-20250914_144927 - INFO - X_train shape: (23715734, 2)
2025-09-14 14:49:28 - Training-20250914_144927 - INFO - X_train type: <class 'pandas.core.frame.DataFrame'>
2025-09-14 14:49:28 - Training-20250914_144927 - INFO - y_train shape: (10001, 1)
2025-09-14 14:49:28 - Training-20250914_144927 - INFO - y_train type: <class 'pandas.core.frame.DataFrame'>
2025-09-14 14:49:28 - Training-20250914_144927 - INFO - Loading enhancement data with IDs: ['0']
2025-09-14 14:49:28 - Training-20250914_144927 - INFO - Total datasets loaded: 1
2025-09-14 14:49:28 - Training-20250914_144927 - INFO - Dataset 0: X shape (23715734, 2), y shape (10001, 1)
2025-09-14 14:49:28 - Training-20250914_144927 - INFO - Return CONCATED data shape: X (23715734, 2), y (10001, 1)
2025-09-14 14:49:28 - Training-20250914_144927 - INFO - 训练数据已对齐. X shape: (10001, 7029), y shape: (10001,)
2025-09-14 14:49:28 - Training-20250914_144927 - INFO - --- 使用的特征列表 (共 4414 个) ---
2025-09-14 14:49:28 - Training-20250914_144927 - INFO - 前50个特征: ['mul_RAW_8_percentage_of_reoccurring_values_to_all_values_contribution_left_RAW_8_percentage_of_reoccurring_datapoints_to_all_datapoints_contribution_left', 'sub_RAW_8_percentage_of_reoccurring_values_to_all_values_contribution_left_RAW_8_percentage_of_reoccurring_datapoints_to_all_datapoints_contribution_left', 'div_RAW_8_percentage_of_reoccurring_values_to_all_values_contribution_left_RAW_8_percentage_of_reoccurring_datapoints_to_all_datapoints_contribution_left', 'div_RAW_8_percentage_of_reoccurring_datapoints_to_all_datapoints_contribution_left_RAW_8_percentage_of_reoccurring_values_to_all_values_contribution_left', 'mul_RAW_8_percentage_of_reoccurring_values_to_all_values_contribution_left_RAW_1_stats_cv_whole', 'sqmul_RAW_8_percentage_of_reoccurring_values_to_all_values_contribution_left_RAW_1_stats_cv_whole', 'div_RAW_1_stats_cv_whole_RAW_8_percentage_of_reoccurring_values_to_all_values_contribution_left', 'mul_RAW_8_percentage_of_reoccurring_values_to_all_values_contribution_left_RAW_8_index_mass_quantile_q_0_8_ratio_to_whole_left', 'div_RAW_8_index_mass_quantile_q_0_8_ratio_to_whole_left_RAW_8_percentage_of_reoccurring_values_to_all_values_contribution_left', 'mul_RAW_8_percentage_of_reoccurring_values_to_all_values_contribution_left_RAW_8_percentage_of_reoccurring_values_to_all_values_ratio_to_whole_left', 'sub_RAW_8_percentage_of_reoccurring_values_to_all_values_contribution_left_RAW_8_percentage_of_reoccurring_values_to_all_values_ratio_to_whole_left', 'div_RAW_8_percentage_of_reoccurring_values_to_all_values_contribution_left_RAW_8_percentage_of_reoccurring_values_to_all_values_ratio_to_whole_left', 'div_RAW_8_percentage_of_reoccurring_values_to_all_values_ratio_to_whole_left_RAW_8_percentage_of_reoccurring_values_to_all_values_contribution_left', 'mul_RAW_8_percentage_of_reoccurring_values_to_all_values_contribution_left_RAW_3_detrend_volatility_normalized_whole', 'sqmul_RAW_8_percentage_of_reoccurring_values_to_all_values_contribution_left_RAW_3_detrend_volatility_normalized_whole', 'div_RAW_8_percentage_of_reoccurring_values_to_all_values_contribution_left_RAW_3_detrend_volatility_normalized_whole', 'div_RAW_3_detrend_volatility_normalized_whole_RAW_8_percentage_of_reoccurring_values_to_all_values_contribution_left', 'mul_RAW_8_percentage_of_reoccurring_values_to_all_values_contribution_left_RAW_8_index_mass_quantile_q_0_1_right', 'sqmul_RAW_8_percentage_of_reoccurring_values_to_all_values_contribution_left_RAW_8_index_mass_quantile_q_0_1_right', 'div_RAW_8_percentage_of_reoccurring_values_to_all_values_contribution_left_RAW_8_index_mass_quantile_q_0_1_right', 'div_RAW_8_index_mass_quantile_q_0_1_right_RAW_8_percentage_of_reoccurring_values_to_all_values_contribution_left', 'mul_RAW_8_percentage_of_reoccurring_values_to_all_values_contribution_left_RAW_7_sample_entropy_left', 'sub_RAW_8_percentage_of_reoccurring_values_to_all_values_contribution_left_RAW_7_sample_entropy_left', 'add_RAW_8_percentage_of_reoccurring_values_to_all_values_contribution_left_RAW_7_sample_entropy_left', 'div_RAW_8_percentage_of_reoccurring_values_to_all_values_contribution_left_RAW_7_sample_entropy_left', 'div_RAW_7_sample_entropy_left_RAW_8_percentage_of_reoccurring_values_to_all_values_contribution_left', 'mul_RAW_8_percentage_of_reoccurring_values_to_all_values_contribution_left_RAW_8_benford_correlation_whole', 'div_RAW_8_benford_correlation_whole_RAW_8_percentage_of_reoccurring_values_to_all_values_contribution_left', 'mul_RAW_8_percentage_of_reoccurring_values_to_all_values_contribution_left_RAW_8_energy_ratio_by_chunks_num_segments_10_segment_focus_9_left', 'sqmul_RAW_8_percentage_of_reoccurring_values_to_all_values_contribution_left_RAW_8_energy_ratio_by_chunks_num_segments_10_segment_focus_9_left', 'div_RAW_8_percentage_of_reoccurring_values_to_all_values_contribution_left_RAW_8_energy_ratio_by_chunks_num_segments_10_segment_focus_9_left', 'div_RAW_8_energy_ratio_by_chunks_num_segments_10_segment_focus_9_left_RAW_8_percentage_of_reoccurring_values_to_all_values_contribution_left', 'mul_RAW_8_percentage_of_reoccurring_datapoints_to_all_datapoints_contribution_left_RAW_1_stats_cv_whole', 'sqmul_RAW_8_percentage_of_reoccurring_datapoints_to_all_datapoints_contribution_left_RAW_1_stats_cv_whole', 'div_RAW_1_stats_cv_whole_RAW_8_percentage_of_reoccurring_datapoints_to_all_datapoints_contribution_left', 'mul_RAW_8_percentage_of_reoccurring_datapoints_to_all_datapoints_contribution_left_RAW_8_index_mass_quantile_q_0_8_ratio_to_whole_left', 'div_RAW_8_index_mass_quantile_q_0_8_ratio_to_whole_left_RAW_8_percentage_of_reoccurring_datapoints_to_all_datapoints_contribution_left', 'mul_RAW_8_percentage_of_reoccurring_datapoints_to_all_datapoints_contribution_left_RAW_8_percentage_of_reoccurring_values_to_all_values_ratio_to_whole_left', 'sub_RAW_8_percentage_of_reoccurring_datapoints_to_all_datapoints_contribution_left_RAW_8_percentage_of_reoccurring_values_to_all_values_ratio_to_whole_left', 'div_RAW_8_percentage_of_reoccurring_datapoints_to_all_datapoints_contribution_left_RAW_8_percentage_of_reoccurring_values_to_all_values_ratio_to_whole_left', 'div_RAW_8_percentage_of_reoccurring_values_to_all_values_ratio_to_whole_left_RAW_8_percentage_of_reoccurring_datapoints_to_all_datapoints_contribution_left', 'mul_RAW_8_percentage_of_reoccurring_datapoints_to_all_datapoints_contribution_left_RAW_3_detrend_volatility_normalized_whole', 'sqmul_RAW_8_percentage_of_reoccurring_datapoints_to_all_datapoints_contribution_left_RAW_3_detrend_volatility_normalized_whole', 'div_RAW_8_percentage_of_reoccurring_datapoints_to_all_datapoints_contribution_left_RAW_3_detrend_volatility_normalized_whole', 'div_RAW_3_detrend_volatility_normalized_whole_RAW_8_percentage_of_reoccurring_datapoints_to_all_datapoints_contribution_left', 'mul_RAW_8_percentage_of_reoccurring_datapoints_to_all_datapoints_contribution_left_RAW_8_index_mass_quantile_q_0_1_right', 'sqmul_RAW_8_percentage_of_reoccurring_datapoints_to_all_datapoints_contribution_left_RAW_8_index_mass_quantile_q_0_1_right', 'div_RAW_8_percentage_of_reoccurring_datapoints_to_all_datapoints_contribution_left_RAW_8_index_mass_quantile_q_0_1_right', 'div_RAW_8_index_mass_quantile_q_0_1_right_RAW_8_percentage_of_reoccurring_datapoints_to_all_datapoints_contribution_left', 'mul_RAW_8_percentage_of_reoccurring_datapoints_to_all_datapoints_contribution_left_RAW_7_sample_entropy_left']
2025-09-14 14:49:28 - Training-20250914_144927 - INFO - --------------------------------------------------
2025-09-14 14:49:28 - Training-20250914_144927 - INFO - Starting 5-fold cross-validation with enhanced data strategy...
2025-09-14 14:49:28 - Training-20250914_144927 - INFO - 创建增强数据交叉验证分割...
2025-09-14 14:49:29 - Training-20250914_144927 - INFO - 识别到 10001 条原始数据
2025-09-14 14:49:29 - Training-20250914_144927 - INFO - 识别到 0 条增强数据
2025-09-14 14:49:29 - Training-20250914_144927 - INFO - Fold 1: 训练集 8000 条 (原始: 8000, 增强: 0), 验证集 2001 条 (仅原始数据)
2025-09-14 14:49:29 - Training-20250914_144927 - INFO - --- Fold 1/5 ---
2025-09-14 14:49:29 - Training-20250914_144927 - INFO - 训练数据: (8000, 4414), 验证数据: (2001, 4414)
2025-09-14 14:56:24 - Training-20250914_144927 - INFO - Fold 1 Train AUC: 1.00000, Val AUC: 0.88955
2025-09-14 14:56:24 - Training-20250914_144927 - INFO - Fold 1 Early stopping step (best_iteration): 0
2025-09-14 14:56:24 - Training-20250914_144927 - INFO - Fold 1 finished in 415.43s
2025-09-14 14:56:24 - Training-20250914_144927 - INFO - Fold 2: 训练集 8001 条 (原始: 8001, 增强: 0), 验证集 2000 条 (仅原始数据)
2025-09-14 14:56:24 - Training-20250914_144927 - INFO - --- Fold 2/5 ---
2025-09-14 14:56:24 - Training-20250914_144927 - INFO - 训练数据: (8001, 4414), 验证数据: (2000, 4414)
