2025-09-24 14:50:36 - Training-20250924_145036 - INFO - ========== Running Command: train ==========
2025-09-24 14:50:36 - Training-20250924_145036 - INFO - Args: {'command': 'train', 'feature_file': None, 'train_data_ids': ['0'], 'perm_imp': False, 'save_oof': False, 'save_model': False}
2025-09-24 14:50:36 - Training-20250924_145036 - INFO - =======================================
2025-09-24 14:50:36 - Training-20250924_145036 - INFO - Starting training and evaluation pipeline...
2025-09-24 14:50:36 - Training-20250924_145036 - INFO - Using model: LGB
2025-09-24 14:50:36 - Training-20250924_145036 - INFO - Model Parameters: {
    "objective": "binary",
    "metric": "auc",
    "boosting_type": "gbdt",
    "n_estimators": 1000,
    "learning_rate": 0.005,
    "num_leaves": 29,
    "random_state": 42,
    "n_jobs": 72,
    "reg_alpha": 3,
    "reg_lambda": 3,
    "colsample_bytree": 0.8,
    "subsample": 0.8
}
2025-09-24 14:50:49 - Training-20250924_145036 - INFO - Successfully loaded features from: features_20250924_134549.parquet
2025-09-24 14:50:49 - Training-20250924_145036 - INFO - Loading data...
2025-09-24 14:50:50 - Training-20250924_145036 - INFO - Original data loaded successfully.
2025-09-24 14:50:50 - Training-20250924_145036 - INFO - X_train shape: (23715734, 2)
2025-09-24 14:50:50 - Training-20250924_145036 - INFO - X_train type: <class 'pandas.core.frame.DataFrame'>
2025-09-24 14:50:50 - Training-20250924_145036 - INFO - y_train shape: (10001, 1)
2025-09-24 14:50:50 - Training-20250924_145036 - INFO - y_train type: <class 'pandas.core.frame.DataFrame'>
2025-09-24 14:50:50 - Training-20250924_145036 - INFO - Loading enhancement data with IDs: ['0']
2025-09-24 14:50:50 - Training-20250924_145036 - INFO - Total datasets loaded: 1
2025-09-24 14:50:50 - Training-20250924_145036 - INFO - Dataset 0: X shape (23715734, 2), y shape (10001, 1)
2025-09-24 14:50:50 - Training-20250924_145036 - INFO - Return CONCATED data shape: X (23715734, 2), y (10001, 1)
2025-09-24 14:50:51 - Training-20250924_145036 - INFO - 训练数据已对齐. X shape: (10001, 95139), y shape: (10001,)
2025-09-24 14:50:51 - Training-20250924_145036 - INFO - --- 使用的特征列表 (共 21816 个) ---
2025-09-24 14:50:51 - Training-20250924_145036 - INFO - 前50个特征: ['RAW_1_stats_mean_left', 'RAW_1_stats_mean_right', 'RAW_1_stats_mean_whole', 'RAW_1_stats_mean_diff', 'RAW_1_stats_mean_ratio', 'RAW_1_stats_mean_contribution_left', 'RAW_1_stats_mean_ratio_to_whole_left', 'RAW_1_stats_mean_ratio_to_whole_right', 'RAW_1_stats_median_left', 'RAW_1_stats_median_right', 'RAW_1_stats_median_whole', 'RAW_1_stats_median_diff', 'RAW_1_stats_median_ratio', 'RAW_1_stats_median_contribution_left', 'RAW_1_stats_median_ratio_to_whole_left', 'RAW_1_stats_median_ratio_to_whole_right', 'RAW_1_stats_max_left', 'RAW_1_stats_max_right', 'RAW_1_stats_max_ratio', 'RAW_1_stats_max_contribution_left', 'RAW_1_stats_max_ratio_to_whole_left', 'RAW_1_stats_max_ratio_to_whole_right', 'RAW_1_stats_min_left', 'RAW_1_stats_min_right', 'RAW_1_stats_min_whole', 'RAW_1_stats_min_diff', 'RAW_1_stats_min_ratio', 'RAW_1_stats_min_contribution_left', 'RAW_1_stats_min_ratio_to_whole_left', 'RAW_1_stats_min_ratio_to_whole_right', 'RAW_1_stats_range_contribution_left', 'RAW_1_stats_range_ratio_to_whole_left', 'RAW_1_stats_range_ratio_to_whole_right', 'RAW_1_stats_std_right', 'RAW_1_stats_std_contribution_left', 'RAW_1_stats_std_ratio_to_whole_left', 'RAW_1_stats_skew_left', 'RAW_1_stats_skew_right', 'RAW_1_stats_skew_whole', 'RAW_1_stats_skew_diff', 'RAW_1_stats_skew_ratio', 'RAW_1_stats_skew_contribution_left', 'RAW_1_stats_skew_ratio_to_whole_left', 'RAW_1_stats_skew_ratio_to_whole_right', 'RAW_1_stats_kurt_left', 'RAW_1_stats_kurt_right', 'RAW_1_stats_kurt_whole', 'RAW_1_stats_kurt_diff', 'RAW_1_stats_kurt_ratio', 'RAW_1_stats_kurt_contribution_left']
2025-09-24 14:50:51 - Training-20250924_145036 - INFO - --------------------------------------------------
2025-09-24 14:50:51 - Training-20250924_145036 - INFO - Starting 5-fold cross-validation with enhanced data strategy...
2025-09-24 14:50:51 - Training-20250924_145036 - INFO - 创建增强数据交叉验证分割...
2025-09-24 14:50:51 - Training-20250924_145036 - INFO - 识别到 10001 条原始数据
2025-09-24 14:50:51 - Training-20250924_145036 - INFO - 识别到 0 条增强数据
2025-09-24 14:50:52 - Training-20250924_145036 - INFO - Fold 1: 训练集 8000 条 (原始: 8000, 增强: 0), 验证集 2001 条 (仅原始数据)
2025-09-24 14:50:52 - Training-20250924_145036 - INFO - --- Fold 1/5 ---
2025-09-24 14:50:52 - Training-20250924_145036 - INFO - 训练数据: (8000, 21816), 验证数据: (2001, 21816)
2025-09-24 14:58:08 - Training-20250924_145036 - INFO - Fold 1 Train AUC: 0.99118, Val AUC: 0.88996
2025-09-24 14:58:08 - Training-20250924_145036 - INFO - Fold 1 Early stopping step (best_iteration): 0
2025-09-24 14:58:08 - Training-20250924_145036 - INFO - Fold 1 finished in 436.62s
2025-09-24 14:58:08 - Training-20250924_145036 - INFO - Fold 2: 训练集 8001 条 (原始: 8001, 增强: 0), 验证集 2000 条 (仅原始数据)
2025-09-24 14:58:08 - Training-20250924_145036 - INFO - --- Fold 2/5 ---
2025-09-24 14:58:09 - Training-20250924_145036 - INFO - 训练数据: (8001, 21816), 验证数据: (2000, 21816)
2025-09-24 15:05:09 - Training-20250924_145036 - INFO - Fold 2 Train AUC: 0.99137, Val AUC: 0.87502
2025-09-24 15:05:09 - Training-20250924_145036 - INFO - Fold 2 Early stopping step (best_iteration): 0
2025-09-24 15:05:09 - Training-20250924_145036 - INFO - Fold 2 finished in 421.02s
2025-09-24 15:05:09 - Training-20250924_145036 - INFO - Fold 3: 训练集 8001 条 (原始: 8001, 增强: 0), 验证集 2000 条 (仅原始数据)
2025-09-24 15:05:09 - Training-20250924_145036 - INFO - --- Fold 3/5 ---
2025-09-24 15:05:10 - Training-20250924_145036 - INFO - 训练数据: (8001, 21816), 验证数据: (2000, 21816)
2025-09-24 15:12:22 - Training-20250924_145036 - INFO - Fold 3 Train AUC: 0.99215, Val AUC: 0.89201
2025-09-24 15:12:22 - Training-20250924_145036 - INFO - Fold 3 Early stopping step (best_iteration): 0
2025-09-24 15:12:22 - Training-20250924_145036 - INFO - Fold 3 finished in 432.91s
2025-09-24 15:12:22 - Training-20250924_145036 - INFO - Fold 4: 训练集 8001 条 (原始: 8001, 增强: 0), 验证集 2000 条 (仅原始数据)
2025-09-24 15:12:22 - Training-20250924_145036 - INFO - --- Fold 4/5 ---
2025-09-24 15:12:23 - Training-20250924_145036 - INFO - 训练数据: (8001, 21816), 验证数据: (2000, 21816)
2025-09-24 15:19:35 - Training-20250924_145036 - INFO - Fold 4 Train AUC: 0.99158, Val AUC: 0.88180
2025-09-24 15:19:35 - Training-20250924_145036 - INFO - Fold 4 Early stopping step (best_iteration): 0
2025-09-24 15:19:35 - Training-20250924_145036 - INFO - Fold 4 finished in 433.18s
2025-09-24 15:19:35 - Training-20250924_145036 - INFO - Fold 5: 训练集 8001 条 (原始: 8001, 增强: 0), 验证集 2000 条 (仅原始数据)
2025-09-24 15:19:35 - Training-20250924_145036 - INFO - --- Fold 5/5 ---
2025-09-24 15:19:36 - Training-20250924_145036 - INFO - 训练数据: (8001, 21816), 验证数据: (2000, 21816)
2025-09-24 15:26:54 - Training-20250924_145036 - INFO - Fold 5 Train AUC: 0.99155, Val AUC: 0.87822
2025-09-24 15:26:54 - Training-20250924_145036 - INFO - Fold 5 Early stopping step (best_iteration): 0
2025-09-24 15:26:54 - Training-20250924_145036 - INFO - Fold 5 finished in 438.26s
2025-09-24 15:26:54 - Training-20250924_145036 - INFO - Overall OOF AUC: 0.88313
2025-09-24 15:26:54 - Training-20250924_145036 - INFO - All outputs will be saved to: /public/home/gugq/mutian-ADIA-Lab-Structural-Break/ADIA-Lab-Structural-Break/experiment/output/train_20250924_152654_auc_0_88313
2025-09-24 15:26:54 - Training-20250924_145036 - INFO - 特征重要性已保存到: /public/home/gugq/mutian-ADIA-Lab-Structural-Break/ADIA-Lab-Structural-Break/experiment/output/train_20250924_152654_auc_0_88313/feature_importance.tsv
2025-09-24 15:26:54 - Training-20250924_145036 - INFO - feature importance saved.
2025-09-24 15:26:54 - Training-20250924_145036 - INFO - 训练流程结束，总耗时: 2178.02 秒。
