2025-08-31 23:29:13 - Training-20250831_232913 - INFO - ========== Running Command: train ==========
2025-08-31 23:29:13 - Training-20250831_232913 - INFO - Args: {'command': 'train', 'feature_file': None, 'train_data_ids': ['0'], 'perm_imp': False, 'save_oof': False, 'save_model': False}
2025-08-31 23:29:13 - Training-20250831_232913 - INFO - =======================================
2025-08-31 23:29:13 - Training-20250831_232913 - INFO - Starting training and evaluation pipeline...
2025-08-31 23:29:13 - Training-20250831_232913 - INFO - Model Parameters: {
    "objective": "binary",
    "metric": "auc",
    "boosting_type": "gbdt",
    "n_estimators": 3000,
    "learning_rate": 0.005,
    "num_leaves": 29,
    "random_state": 42,
    "n_jobs": 36,
    "reg_alpha": 3,
    "reg_lambda": 3,
    "colsample_bytree": 0.8,
    "subsample": 0.8
}
2025-08-31 23:29:15 - Training-20250831_232913 - INFO - Successfully loaded features from: features_20250831_232746.parquet
2025-08-31 23:29:15 - Training-20250831_232913 - INFO - Loading data...
2025-08-31 23:29:15 - Training-20250831_232913 - INFO - Original data loaded successfully.
2025-08-31 23:29:15 - Training-20250831_232913 - INFO - X_train shape: (23715734, 2)
2025-08-31 23:29:15 - Training-20250831_232913 - INFO - X_train type: <class 'pandas.core.frame.DataFrame'>
2025-08-31 23:29:15 - Training-20250831_232913 - INFO - y_train shape: (10001, 1)
2025-08-31 23:29:15 - Training-20250831_232913 - INFO - y_train type: <class 'pandas.core.frame.DataFrame'>
2025-08-31 23:29:15 - Training-20250831_232913 - INFO - Loading enhancement data with IDs: ['0']
2025-08-31 23:29:15 - Training-20250831_232913 - INFO - Total datasets loaded: 1
2025-08-31 23:29:15 - Training-20250831_232913 - INFO - Dataset 0: X shape (23715734, 2), y shape (10001, 1)
2025-08-31 23:29:15 - Training-20250831_232913 - INFO - Return CONCATED data shape: X (23715734, 2), y (10001, 1)
2025-08-31 23:29:16 - Training-20250831_232913 - INFO - 训练数据已对齐. X shape: (10001, 9126), y shape: (10001,)
2025-08-31 23:29:16 - Training-20250831_232913 - INFO - --- 使用的特征列表 (共 4331 个) ---
2025-08-31 23:29:16 - Training-20250831_232913 - INFO - 前50个特征: ['RAW_1_stats_cv_mul_std_whole', 'ASINH_1_stats_cv_mul_std_whole', 'RAW_8_percentage_of_reoccurring_datapoints_to_all_datapoints_contribution_left', 'RAW_8_percentage_of_reoccurring_values_to_all_values_contribution_left', 'RAW_7_sample_entropy_left', 'RAW_8_index_mass_quantile_q_0_8_ratio_to_whole_left', 'RAW_8_percentage_of_reoccurring_values_to_all_values_ratio_to_whole_left', 'RAW_8_index_mass_quantile_q_0_1_right', 'DIFF_2_levene_pvalue', 'CUMSUM_2_ad_pvalue', 'RAW_1_stats_cv_whole', 'RAW_8_ratio_value_number_to_time_series_length_ratio_to_whole_left', 'ASINH_1_stats_cv_whole', 'CUMSUM_1_stats_theil_sen_slope_whole', 'RAW_8_change_quantiles_f_agg_var_isabs_True_qh_0_8_ql_0_2_ratio_to_whole_left', 'RAW_8_ratio_beyond_r_sigma_1_left', 'DIFF_2_bartlett_pvalue', 'RAW_8_benford_correlation_whole', 'RAW_2_bartlett_stat', 'RAW_7_sample_entropy_whole', 'RAW_8_energy_ratio_by_chunks_num_segments_10_segment_focus_9_left', 'RAW_2_ad_stat', 'RAW_2_levene_stat', 'RAW_1_stats_median_ratio', 'RAW_8_count_above_0_whole', 'ASINH_3_detrend_volatility_normalized_whole', 'CUMSUM_2_kpss_pvalue_ratio_to_whole_left', 'DIFF_8_benford_correlation_whole', 'CUMSUM_8_ar_coefficient_coeff_0_k_10_whole', 'CUMSUM_3_detrend_volatility_normalized_right', 'RAW_8_change_quantiles_f_agg_var_isabs_True_qh_0_6_ql_0_2_whole', 'RAW_8_ratio_value_number_to_time_series_length_whole', 'RAW_6_iqr_ratio_to_whole_right', 'RAW_8_index_mass_quantile_q_0_8_left', 'RAW_2_bartlett_pvalue', 'RAW_8_percentage_of_reoccurring_datapoints_to_all_datapoints_ratio_to_whole_left', 'RAW_2_ad_pvalue', 'RAW_8_quantile_0_6_ratio_to_whole_left', 'RAW_8_quantile_0_6_left', 'RAW_8_benford_correlation_ratio_to_whole_left', 'RAW_10_rpt_cost_cosine_whole', 'RAW_8_ratio_value_number_to_time_series_length_diff', 'CUMSUM_4_autocorr_lag1_whole', 'CUMSUM_8_change_quantiles_f_agg_var_isabs_False_qh_0_4_ql_0_2_ratio_to_whole_right', 'RAW_8_number_peaks_50_diff', 'RAW_8_change_quantiles_f_agg_var_isabs_True_qh_1_0_ql_0_4_contribution_left', 'CUMSUM_7_hjorth_complexity_whole', 'RAW_2_ks_pvalue', 'DIFF_8_change_quantiles_f_agg_var_isabs_True_qh_0_8_ql_0_6_contribution_left', 'RAW_3_detrend_volatility_normalized_whole']
2025-08-31 23:29:16 - Training-20250831_232913 - INFO - --------------------------------------------------
2025-08-31 23:29:16 - Training-20250831_232913 - INFO - Starting 5-fold cross-validation with enhanced data strategy...
2025-08-31 23:29:16 - Training-20250831_232913 - INFO - 创建增强数据交叉验证分割...
2025-08-31 23:29:16 - Training-20250831_232913 - INFO - 识别到 10001 条原始数据
2025-08-31 23:29:16 - Training-20250831_232913 - INFO - 识别到 0 条增强数据
2025-08-31 23:29:16 - Training-20250831_232913 - INFO - Fold 1: 训练集 8000 条 (原始: 8000, 增强: 0), 验证集 2001 条 (仅原始数据)
2025-08-31 23:29:16 - Training-20250831_232913 - INFO - --- Fold 1/5 ---
2025-08-31 23:29:16 - Training-20250831_232913 - INFO - 训练数据: (8000, 4331), 验证数据: (2001, 4331)
2025-08-31 23:31:44 - Training-20250831_232913 - INFO - Fold 1 Train AUC: 0.99995, Val AUC: 0.89507
2025-08-31 23:31:44 - Training-20250831_232913 - INFO - Fold 1 Early stopping step (best_iteration): 0
2025-08-31 23:31:44 - Training-20250831_232913 - INFO - Fold 1 finished in 148.27s
2025-08-31 23:31:44 - Training-20250831_232913 - INFO - Fold 2: 训练集 8001 条 (原始: 8001, 增强: 0), 验证集 2000 条 (仅原始数据)
2025-08-31 23:31:44 - Training-20250831_232913 - INFO - --- Fold 2/5 ---
2025-08-31 23:31:44 - Training-20250831_232913 - INFO - 训练数据: (8001, 4331), 验证数据: (2000, 4331)
2025-08-31 23:34:15 - Training-20250831_232913 - INFO - Fold 2 Train AUC: 0.99995, Val AUC: 0.89134
2025-08-31 23:34:15 - Training-20250831_232913 - INFO - Fold 2 Early stopping step (best_iteration): 0
2025-08-31 23:34:15 - Training-20250831_232913 - INFO - Fold 2 finished in 150.54s
2025-08-31 23:34:15 - Training-20250831_232913 - INFO - Fold 3: 训练集 8001 条 (原始: 8001, 增强: 0), 验证集 2000 条 (仅原始数据)
2025-08-31 23:34:15 - Training-20250831_232913 - INFO - --- Fold 3/5 ---
2025-08-31 23:34:15 - Training-20250831_232913 - INFO - 训练数据: (8001, 4331), 验证数据: (2000, 4331)
2025-08-31 23:36:46 - Training-20250831_232913 - INFO - Fold 3 Train AUC: 0.99995, Val AUC: 0.89917
2025-08-31 23:36:46 - Training-20250831_232913 - INFO - Fold 3 Early stopping step (best_iteration): 0
2025-08-31 23:36:46 - Training-20250831_232913 - INFO - Fold 3 finished in 150.86s
2025-08-31 23:36:46 - Training-20250831_232913 - INFO - Fold 4: 训练集 8001 条 (原始: 8001, 增强: 0), 验证集 2000 条 (仅原始数据)
2025-08-31 23:36:46 - Training-20250831_232913 - INFO - --- Fold 4/5 ---
2025-08-31 23:36:46 - Training-20250831_232913 - INFO - 训练数据: (8001, 4331), 验证数据: (2000, 4331)
2025-08-31 23:39:17 - Training-20250831_232913 - INFO - Fold 4 Train AUC: 0.99993, Val AUC: 0.89930
2025-08-31 23:39:17 - Training-20250831_232913 - INFO - Fold 4 Early stopping step (best_iteration): 0
2025-08-31 23:39:17 - Training-20250831_232913 - INFO - Fold 4 finished in 150.99s
2025-08-31 23:39:17 - Training-20250831_232913 - INFO - Fold 5: 训练集 8001 条 (原始: 8001, 增强: 0), 验证集 2000 条 (仅原始数据)
2025-08-31 23:39:17 - Training-20250831_232913 - INFO - --- Fold 5/5 ---
2025-08-31 23:39:17 - Training-20250831_232913 - INFO - 训练数据: (8001, 4331), 验证数据: (2000, 4331)
2025-08-31 23:41:47 - Training-20250831_232913 - INFO - Fold 5 Train AUC: 0.99990, Val AUC: 0.88293
2025-08-31 23:41:47 - Training-20250831_232913 - INFO - Fold 5 Early stopping step (best_iteration): 0
2025-08-31 23:41:47 - Training-20250831_232913 - INFO - Fold 5 finished in 150.44s
2025-08-31 23:41:47 - Training-20250831_232913 - INFO - Overall OOF AUC: 0.89347
2025-08-31 23:41:47 - Training-20250831_232913 - INFO - All outputs will be saved to: /home/adia/ADIA-Lab-Structural-Break/experiment/output/train_20250831_234147_auc_0_89347
2025-08-31 23:41:47 - Training-20250831_232913 - INFO - 特征重要性已保存到: /home/adia/ADIA-Lab-Structural-Break/experiment/output/train_20250831_234147_auc_0_89347/feature_importance.tsv
2025-08-31 23:41:47 - Training-20250831_232913 - INFO - feature importance saved.
2025-08-31 23:41:47 - Training-20250831_232913 - INFO - 训练流程结束，总耗时: 753.86 秒。
