2025-08-20 22:29:10 - Training-20250820_222910 - INFO - ========== Running Command: train ==========
2025-08-20 22:29:10 - Training-20250820_222910 - INFO - Args: {'command': 'train', 'feature_file': None, 'train_data_ids': ['0'], 'perm_imp': False, 'save_oof': False, 'save_model': False}
2025-08-20 22:29:10 - Training-20250820_222910 - INFO - =======================================
2025-08-20 22:29:10 - Training-20250820_222910 - INFO - Starting training and evaluation pipeline...
2025-08-20 22:29:10 - Training-20250820_222910 - INFO - Model Parameters: {
    "objective": "binary",
    "metric": "auc",
    "boosting_type": "gbdt",
    "n_estimators": 3000,
    "learning_rate": 0.005,
    "num_leaves": 29,
    "random_state": 42,
    "n_jobs": 12,
    "reg_alpha": 3,
    "reg_lambda": 3,
    "colsample_bytree": 0.8,
    "subsample": 0.8
}
2025-08-20 22:29:11 - Training-20250820_222910 - INFO - Successfully loaded features from: features_20250820_215440.parquet
2025-08-20 22:29:11 - Training-20250820_222910 - INFO - Loading data...
2025-08-20 22:29:12 - Training-20250820_222910 - INFO - Original data loaded successfully.
2025-08-20 22:29:12 - Training-20250820_222910 - INFO - X_train shape: (23715734, 2)
2025-08-20 22:29:12 - Training-20250820_222910 - INFO - X_train type: <class 'pandas.core.frame.DataFrame'>
2025-08-20 22:29:12 - Training-20250820_222910 - INFO - y_train shape: (10001, 1)
2025-08-20 22:29:12 - Training-20250820_222910 - INFO - y_train type: <class 'pandas.core.frame.DataFrame'>
2025-08-20 22:29:12 - Training-20250820_222910 - INFO - Loading enhancement data with IDs: ['0']
2025-08-20 22:29:12 - Training-20250820_222910 - INFO - Total datasets loaded: 1
2025-08-20 22:29:12 - Training-20250820_222910 - INFO - Dataset 0: X shape (23715734, 2), y shape (10001, 1)
2025-08-20 22:29:12 - Training-20250820_222910 - INFO - Return CONCATED data shape: X (23715734, 2), y (10001, 1)
2025-08-20 22:29:13 - Training-20250820_222910 - INFO - 训练数据已对齐. X shape: (10001, 5535), y shape: (10001,)
2025-08-20 22:29:13 - Training-20250820_222910 - INFO - --- 使用的特征列表 (共 500 个) ---
2025-08-20 22:29:13 - Training-20250820_222910 - INFO - 前50个特征: ['cross_mul_RAW_3_detrend_volatility_normalized_whole_RAW_8_ratio_value_number_to_time_series_length_ratio', 'sub_RAW_8_percentage_of_reoccurring_datapoints_to_all_datapoints_contribution_left_RAW_7_sample_entropy_left', 'sub_RAW_8_percentage_of_reoccurring_values_to_all_values_contribution_left_RAW_7_sample_entropy_left', 'cross_mul_RAW_3_detrend_volatility_normalized_whole_RAW_8_ratio_value_number_to_time_series_length_ratio_to_whole_right', 'cross_mul_RAW_8_percentage_of_reoccurring_values_to_all_values_contribution_left_CUMSUM_8_change_quantiles_f_agg_mean_isabs_True_qh_1_0_ql_0_4_left', 'cross_mul_RAW_8_percentage_of_reoccurring_values_to_all_values_contribution_left_RAW_1_stats_range_left', 'cross_mul_RAW_8_percentage_of_reoccurring_values_to_all_values_contribution_left_DIFF_8_change_quantiles_f_agg_var_isabs_False_qh_1_0_ql_0_2_contribution_left', 'cross_mul_RAW_7_sample_entropy_left_RAW_1_stats_mean_whole', 'RAW_1_stats_mean_whole', 'div_RAW_7_sample_entropy_left_RAW_3_detrend_volatility_normalized_whole', 'cross_mul_RAW_1_stats_cv_whole_RAW_1_stats_std_whole', 'div_RAW_3_detrend_volatility_normalized_whole_RAW_7_sample_entropy_left', 'cross_mul_RAW_8_percentage_of_reoccurring_values_to_all_values_contribution_left_RAW_8_quantile_0_4_left', 'cross_mul_RAW_7_sample_entropy_left_CUMSUM_1_stats_theil_sen_slope_whole', 'cross_mul_RAW_8_percentage_of_reoccurring_datapoints_to_all_datapoints_contribution_left_RAW_8_quantile_0_4_left', 'cross_mul_RAW_8_percentage_of_reoccurring_values_to_all_values_contribution_left_DIFF_8_change_quantiles_f_agg_var_isabs_True_qh_0_8_ql_0_6_contribution_left', 'cross_mul_RAW_7_sample_entropy_left_CUMSUM_2_kpss_pvalue_ratio_to_whole_left', 'cross_mul_RAW_8_percentage_of_reoccurring_datapoints_to_all_datapoints_contribution_left_DIFF_8_change_quantiles_f_agg_var_isabs_True_qh_0_8_ql_0_6_contribution_left', 'cross_mul_RAW_3_detrend_volatility_normalized_whole_RAW_1_stats_std_whole', 'cross_mul_RAW_8_percentage_of_reoccurring_datapoints_to_all_datapoints_contribution_left_DIFF_8_change_quantiles_f_agg_var_isabs_False_qh_1_0_ql_0_2_contribution_left', 'cross_mul_RAW_8_percentage_of_reoccurring_values_to_all_values_contribution_left_RAW_8_change_quantiles_f_agg_var_isabs_True_qh_0_6_ql_0_4_contribution_left', 'cross_mul_RAW_8_benford_correlation_whole_RAW_2_ad_stat', 'cross_mul_RAW_7_sample_entropy_left_RAW_1_stats_range_left', 'cross_mul_RAW_8_percentage_of_reoccurring_datapoints_to_all_datapoints_contribution_left_RAW_8_change_quantiles_f_agg_var_isabs_False_qh_0_6_ql_0_4_whole', 'div_RAW_1_stats_cv_whole_RAW_8_percentage_of_reoccurring_datapoints_to_all_datapoints_contribution_left', 'cross_mul_RAW_8_percentage_of_reoccurring_datapoints_to_all_datapoints_contribution_left_RAW_8_change_quantiles_f_agg_var_isabs_True_qh_0_6_ql_0_4_contribution_left', 'cross_mul_RAW_8_percentage_of_reoccurring_values_to_all_values_contribution_left_DIFF_8_change_quantiles_f_agg_var_isabs_False_qh_0_8_ql_0_0_ratio_to_whole_left', 'cross_mul_RAW_8_percentage_of_reoccurring_datapoints_to_all_datapoints_contribution_left_CUMSUM_8_change_quantiles_f_agg_mean_isabs_True_qh_1_0_ql_0_4_left', 'cross_mul_RAW_7_sample_entropy_left_RAW_1_stats_std_whole', 'CUMSUM_2_kpss_pvalue_ratio_to_whole_left', 'cross_mul_RAW_8_benford_correlation_whole_RAW_2_ks_pvalue', 'CUMSUM_2_ad_pvalue', 'cross_mul_RAW_7_sample_entropy_left_RAW_2_ks_stat', 'div_RAW_1_stats_cv_whole_RAW_7_sample_entropy_left', 'cross_mul_RAW_8_index_mass_quantile_q_0_8_ratio_to_whole_left_RAW_8_agg_linear_trend_attr_intercept_chunk_len_5_f_agg_max_whole', 'cross_mul_RAW_8_percentage_of_reoccurring_values_to_all_values_contribution_left_RAW_8_ratio_value_number_to_time_series_length_ratio_to_whole_left', 'cross_mul_RAW_7_sample_entropy_left_CUMSUM_8_last_location_of_maximum_whole', 'cross_mul_RAW_3_detrend_volatility_normalized_whole_RAW_2_bartlett_pvalue', 'cross_mul_RAW_8_index_mass_quantile_q_0_8_ratio_to_whole_left_RAW_1_stats_mean_whole', 'sqmul_RAW_8_percentage_of_reoccurring_datapoints_to_all_datapoints_contribution_left_RAW_8_percentage_of_reoccurring_values_to_all_values_ratio_to_whole_left', 'cross_mul_RAW_8_percentage_of_reoccurring_values_to_all_values_contribution_left_RAW_2_ks_pvalue', 'cross_mul_RAW_8_percentage_of_reoccurring_values_to_all_values_ratio_to_whole_left_DIFF_7_hjorth_complexity_ratio_to_whole_right', 'cross_mul_RAW_8_percentage_of_reoccurring_datapoints_to_all_datapoints_contribution_left_RAW_1_stats_range_left', 'cross_mul_RAW_8_benford_correlation_whole_RAW_2_ks_stat', 'cross_mul_RAW_3_detrend_volatility_normalized_whole_RAW_8_change_quantiles_f_agg_var_isabs_True_qh_0_6_ql_0_4_contribution_left', 'cross_mul_RAW_7_sample_entropy_left_CUMSUM_2_ad_pvalue', 'cross_mul_RAW_8_benford_correlation_whole_RAW_8_change_quantiles_f_agg_var_isabs_False_qh_0_8_ql_0_4_whole', 'cross_mul_RAW_8_benford_correlation_whole_RAW_8_agg_linear_trend_attr_intercept_chunk_len_5_f_agg_max_whole', 'cross_mul_RAW_8_energy_ratio_by_chunks_num_segments_10_segment_focus_9_left_DIFF_2_jb_pvalue_left', 'add_RAW_8_percentage_of_reoccurring_values_to_all_values_contribution_left_RAW_7_sample_entropy_left']
2025-08-20 22:29:13 - Training-20250820_222910 - INFO - --------------------------------------------------
2025-08-20 22:29:13 - Training-20250820_222910 - INFO - Starting 5-fold cross-validation with enhanced data strategy...
2025-08-20 22:29:13 - Training-20250820_222910 - INFO - 创建增强数据交叉验证分割...
2025-08-20 22:29:13 - Training-20250820_222910 - INFO - 识别到 10001 条原始数据
2025-08-20 22:29:13 - Training-20250820_222910 - INFO - 识别到 0 条增强数据
2025-08-20 22:29:13 - Training-20250820_222910 - INFO - Fold 1: 训练集 8000 条 (原始: 8000, 增强: 0), 验证集 2001 条 (仅原始数据)
2025-08-20 22:29:13 - Training-20250820_222910 - INFO - --- Fold 1/5 ---
2025-08-20 22:29:13 - Training-20250820_222910 - INFO - 训练数据: (8000, 500), 验证数据: (2001, 500)
2025-08-20 22:29:13 - Training-20250820_222910 - INFO - Fold 1: Using cuDF for GPU data processing
2025-08-20 22:29:33 - Training-20250820_222910 - INFO - Fold 1 Train AUC: 0.99072, Val AUC: 0.89693
2025-08-20 22:29:33 - Training-20250820_222910 - INFO - Fold 1 Early stopping step (best_iteration): None
2025-08-20 22:29:33 - Training-20250820_222910 - INFO - Fold 1 finished in 20.87s
2025-08-20 22:29:33 - Training-20250820_222910 - INFO - Fold 2: 训练集 8001 条 (原始: 8001, 增强: 0), 验证集 2000 条 (仅原始数据)
2025-08-20 22:29:33 - Training-20250820_222910 - INFO - --- Fold 2/5 ---
2025-08-20 22:29:33 - Training-20250820_222910 - INFO - 训练数据: (8001, 500), 验证数据: (2000, 500)
2025-08-20 22:29:33 - Training-20250820_222910 - INFO - Fold 2: Using cuDF for GPU data processing
2025-08-20 22:29:54 - Training-20250820_222910 - INFO - Fold 2 Train AUC: 0.99149, Val AUC: 0.88234
2025-08-20 22:29:54 - Training-20250820_222910 - INFO - Fold 2 Early stopping step (best_iteration): None
2025-08-20 22:29:54 - Training-20250820_222910 - INFO - Fold 2 finished in 20.87s
2025-08-20 22:29:54 - Training-20250820_222910 - INFO - Fold 3: 训练集 8001 条 (原始: 8001, 增强: 0), 验证集 2000 条 (仅原始数据)
2025-08-20 22:29:54 - Training-20250820_222910 - INFO - --- Fold 3/5 ---
2025-08-20 22:29:54 - Training-20250820_222910 - INFO - 训练数据: (8001, 500), 验证数据: (2000, 500)
2025-08-20 22:29:54 - Training-20250820_222910 - INFO - Fold 3: Using cuDF for GPU data processing
2025-08-20 22:30:15 - Training-20250820_222910 - INFO - Fold 3 Train AUC: 0.99155, Val AUC: 0.89490
2025-08-20 22:30:15 - Training-20250820_222910 - INFO - Fold 3 Early stopping step (best_iteration): None
2025-08-20 22:30:15 - Training-20250820_222910 - INFO - Fold 3 finished in 21.13s
2025-08-20 22:30:16 - Training-20250820_222910 - INFO - Fold 4: 训练集 8001 条 (原始: 8001, 增强: 0), 验证集 2000 条 (仅原始数据)
2025-08-20 22:30:16 - Training-20250820_222910 - INFO - --- Fold 4/5 ---
2025-08-20 22:30:16 - Training-20250820_222910 - INFO - 训练数据: (8001, 500), 验证数据: (2000, 500)
2025-08-20 22:30:16 - Training-20250820_222910 - INFO - Fold 4: Using cuDF for GPU data processing
2025-08-20 22:30:36 - Training-20250820_222910 - INFO - Fold 4 Train AUC: 0.99076, Val AUC: 0.88752
2025-08-20 22:30:36 - Training-20250820_222910 - INFO - Fold 4 Early stopping step (best_iteration): None
2025-08-20 22:30:36 - Training-20250820_222910 - INFO - Fold 4 finished in 20.99s
2025-08-20 22:30:37 - Training-20250820_222910 - INFO - Fold 5: 训练集 8001 条 (原始: 8001, 增强: 0), 验证集 2000 条 (仅原始数据)
2025-08-20 22:30:37 - Training-20250820_222910 - INFO - --- Fold 5/5 ---
2025-08-20 22:30:37 - Training-20250820_222910 - INFO - 训练数据: (8001, 500), 验证数据: (2000, 500)
2025-08-20 22:30:37 - Training-20250820_222910 - INFO - Fold 5: Using cuDF for GPU data processing
2025-08-20 22:30:57 - Training-20250820_222910 - INFO - Fold 5 Train AUC: 0.99200, Val AUC: 0.88349
2025-08-20 22:30:57 - Training-20250820_222910 - INFO - Fold 5 Early stopping step (best_iteration): None
2025-08-20 22:30:57 - Training-20250820_222910 - INFO - Fold 5 finished in 20.95s
2025-08-20 22:30:57 - Training-20250820_222910 - INFO - Overall OOF AUC: 0.88899
2025-08-20 22:30:57 - Training-20250820_222910 - INFO - All outputs will be saved to: /hy-tmp/ADIA-Lab-Structural-Break/experiment/output/train_20250820_223057_auc_0_88899
2025-08-20 22:30:57 - Training-20250820_222910 - INFO - 特征重要性已保存到: /hy-tmp/ADIA-Lab-Structural-Break/experiment/output/train_20250820_223057_auc_0_88899/feature_importance.tsv
2025-08-20 22:30:57 - Training-20250820_222910 - INFO - feature importance saved.
2025-08-20 22:30:57 - Training-20250820_222910 - INFO - 训练流程结束，总耗时: 107.30 秒。
