2025-08-29 21:59:08 - Training-20250829_215908 - INFO - ========== Running Command: train ==========
2025-08-29 21:59:08 - Training-20250829_215908 - INFO - Args: {'command': 'train', 'feature_file': None, 'train_data_ids': ['0'], 'perm_imp': False, 'save_oof': False, 'save_model': True}
2025-08-29 21:59:08 - Training-20250829_215908 - INFO - =======================================
2025-08-29 21:59:08 - Training-20250829_215908 - INFO - Starting training and evaluation pipeline...
2025-08-29 21:59:08 - Training-20250829_215908 - INFO - Model Parameters: {
    "objective": "binary",
    "metric": "auc",
    "boosting_type": "gbdt",
    "n_estimators": 3000,
    "learning_rate": 0.005,
    "num_leaves": 29,
    "random_state": 42,
    "n_jobs": 36,
    "reg_alpha": 3,
    "reg_lambda": 3,
    "colsample_bytree": 0.8,
    "subsample": 0.8
}
2025-08-29 21:59:09 - Training-20250829_215908 - INFO - Successfully loaded features from: features_20250829_201431.parquet
2025-08-29 21:59:09 - Training-20250829_215908 - INFO - Loading data...
2025-08-29 21:59:10 - Training-20250829_215908 - INFO - Original data loaded successfully.
2025-08-29 21:59:10 - Training-20250829_215908 - INFO - X_train shape: (23715734, 2)
2025-08-29 21:59:10 - Training-20250829_215908 - INFO - X_train type: <class 'pandas.core.frame.DataFrame'>
2025-08-29 21:59:10 - Training-20250829_215908 - INFO - y_train shape: (10001, 1)
2025-08-29 21:59:10 - Training-20250829_215908 - INFO - y_train type: <class 'pandas.core.frame.DataFrame'>
2025-08-29 21:59:10 - Training-20250829_215908 - INFO - Loading enhancement data with IDs: ['0']
2025-08-29 21:59:10 - Training-20250829_215908 - INFO - Total datasets loaded: 1
2025-08-29 21:59:10 - Training-20250829_215908 - INFO - Dataset 0: X shape (23715734, 2), y shape (10001, 1)
2025-08-29 21:59:10 - Training-20250829_215908 - INFO - Return CONCATED data shape: X (23715734, 2), y (10001, 1)
2025-08-29 21:59:10 - Training-20250829_215908 - INFO - 训练数据已对齐. X shape: (10001, 6372), y shape: (10001,)
2025-08-29 21:59:10 - Training-20250829_215908 - INFO - --- 使用的特征列表 (共 152 个) ---
2025-08-29 21:59:10 - Training-20250829_215908 - INFO - 前50个特征: ['div_RAW_1_stats_cv_mul_std_whole_RAW_8_percentage_of_reoccurring_values_to_all_values_contribution_left', 'add_RAW_1_stats_cv_mul_std_whole_CUMSUM_1_stats_theil_sen_slope_whole', 'sub_RAW_1_stats_cv_mul_std_whole_RAW_8_percentage_of_reoccurring_values_to_all_values_contribution_left', 'div_RAW_1_stats_cv_whole_RAW_7_sample_entropy_left', 'add_RAW_8_index_mass_quantile_q_0_8_ratio_to_whole_left_RAW_8_index_mass_quantile_q_0_1_right', 'sqmul_CUMSUM_1_stats_theil_sen_slope_whole_RAW_7_sample_entropy_left', 'cross_mul_RAW_8_index_mass_quantile_q_0_1_right_RAW_8_energy_ratio_by_chunks_num_segments_10_segment_focus_9_left', 'div_RAW_1_stats_cv_mul_std_whole_RAW_8_percentage_of_reoccurring_datapoints_to_all_datapoints_contribution_left', 'cross_mul_RAW_8_ratio_value_number_to_time_series_length_ratio_to_whole_left_RAW_8_quantile_0_6_ratio_to_whole_left', 'div_RAW_7_sample_entropy_left_RAW_3_detrend_volatility_normalized_whole', 'cross_mul_CUMSUM_2_ad_pvalue_RAW_8_change_quantiles_f_agg_var_isabs_True_qh_0_6_ql_0_2_whole', 'cross_mul_RAW_8_index_mass_quantile_q_0_1_right_RAW_10_rpt_cost_cosine_whole', 'sub_RAW_8_percentage_of_reoccurring_values_to_all_values_contribution_left_DIFF_2_levene_pvalue', 'cross_mul_RAW_8_percentage_of_reoccurring_values_to_all_values_ratio_to_whole_left_CUMSUM_1_stats_range_ratio_to_whole_left', 'add_DIFF_2_levene_pvalue_RAW_8_ratio_beyond_r_sigma_1_left', 'sub_RAW_1_stats_cv_mul_std_whole_RAW_8_percentage_of_reoccurring_values_to_all_values_ratio_to_whole_left', 'sub_RAW_1_stats_cv_mul_std_whole_RAW_8_percentage_of_reoccurring_datapoints_to_all_datapoints_contribution_left', 'cross_mul_RAW_3_detrend_volatility_normalized_whole_RAW_2_ad_stat', 'cross_mul_CUMSUM_1_stats_theil_sen_slope_whole_RAW_7_sample_entropy_diff', 'cross_mul_CUMSUM_1_stats_theil_sen_slope_whole_RAW_8_percentage_of_reoccurring_values_to_all_values_diff', 'cross_mul_CUMSUM_1_stats_theil_sen_slope_whole_CUMSUM_8_change_quantiles_f_agg_var_isabs_False_qh_1_0_ql_0_4_contribution_right', 'sub_RAW_7_sample_entropy_left_RAW_8_index_mass_quantile_q_0_8_ratio_to_whole_left', 'div_RAW_8_percentage_of_reoccurring_datapoints_to_all_datapoints_contribution_left_RAW_8_percentage_of_reoccurring_values_to_all_values_ratio_to_whole_left', 'div_RAW_8_percentage_of_reoccurring_values_to_all_values_contribution_left_RAW_8_percentage_of_reoccurring_values_to_all_values_ratio_to_whole_left', 'cross_mul_CUMSUM_2_ad_pvalue_RAW_8_benford_correlation_whole', 'sqmul_RAW_8_percentage_of_reoccurring_datapoints_to_all_datapoints_contribution_left_RAW_8_ratio_value_number_to_time_series_length_ratio_to_whole_left', 'sub_RAW_8_percentage_of_reoccurring_datapoints_to_all_datapoints_contribution_left_RAW_8_change_quantiles_f_agg_var_isabs_True_qh_0_8_ql_0_2_ratio_to_whole_left', 'sqmul_RAW_8_index_mass_quantile_q_0_1_right_RAW_8_index_mass_quantile_q_0_8_ratio_to_whole_left', 'cross_mul_RAW_8_percentage_of_reoccurring_datapoints_to_all_datapoints_contribution_left_RAW_4_autocorr_lag1_ratio', 'cross_mul_RAW_8_ratio_beyond_r_sigma_1_left_CUMSUM_2_kpss_pvalue_ratio_to_whole_left', 'div_RAW_7_sample_entropy_left_RAW_8_ratio_beyond_r_sigma_1_left', 'cross_mul_CUMSUM_2_ad_pvalue_RAW_2_levene_pvalue', 'cross_mul_RAW_8_ratio_value_number_to_time_series_length_ratio_to_whole_left_DIFF_8_ratio_value_number_to_time_series_length_ratio_to_whole_right', 'div_CUMSUM_2_ad_pvalue_RAW_1_stats_cv_mul_std_whole', 'DIFF_7_spectral_entropy_ratio_to_whole_left', 'sqmul_RAW_8_change_quantiles_f_agg_var_isabs_True_qh_0_8_ql_0_2_ratio_to_whole_left_RAW_3_detrend_volatility_normalized_whole', 'cross_mul_RAW_7_sample_entropy_left_CUMSUM_8_last_location_of_maximum_whole', 'sub_RAW_8_percentage_of_reoccurring_values_to_all_values_contribution_left_CUMSUM_1_stats_theil_sen_slope_whole', 'cross_mul_RAW_8_ratio_beyond_r_sigma_1_left_DIFF_8_ar_coefficient_coeff_8_k_10_left', 'div_RAW_7_sample_entropy_left_RAW_1_stats_cv_whole', 'cross_mul_CUMSUM_1_stats_theil_sen_slope_whole_RAW_8_percentage_of_reoccurring_values_to_all_values_ratio', 'cross_mul_CUMSUM_2_ad_pvalue_RAW_8_quantile_0_6_whole', 'cross_mul_RAW_8_index_mass_quantile_q_0_1_right_RAW_8_ar_coefficient_coeff_8_k_10_ratio_to_whole_right', 'cross_mul_CUMSUM_2_ad_pvalue_RAW_8_benford_correlation_right', 'cross_mul_RAW_3_detrend_volatility_normalized_whole_CUMSUM_1_stats_max_ratio_to_whole_left', 'add_RAW_8_percentage_of_reoccurring_datapoints_to_all_datapoints_contribution_left_RAW_8_ratio_value_number_to_time_series_length_ratio_to_whole_left', 'cross_mul_DIFF_2_levene_pvalue_RAW_2_levene_stat', 'CUMSUM_8_change_quantiles_f_agg_var_isabs_False_qh_1_0_ql_0_4_contribution_right', 'sub_RAW_8_index_mass_quantile_q_0_8_ratio_to_whole_left_RAW_8_ratio_beyond_r_sigma_1_left', 'sqmul_RAW_8_change_quantiles_f_agg_var_isabs_True_qh_0_8_ql_0_2_ratio_to_whole_left_RAW_7_sample_entropy_left']
2025-08-29 21:59:10 - Training-20250829_215908 - INFO - --------------------------------------------------
2025-08-29 21:59:10 - Training-20250829_215908 - INFO - Starting 5-fold cross-validation with enhanced data strategy...
2025-08-29 21:59:10 - Training-20250829_215908 - INFO - 创建增强数据交叉验证分割...
2025-08-29 21:59:10 - Training-20250829_215908 - INFO - 识别到 10001 条原始数据
2025-08-29 21:59:10 - Training-20250829_215908 - INFO - 识别到 0 条增强数据
2025-08-29 21:59:10 - Training-20250829_215908 - INFO - Fold 1: 训练集 8000 条 (原始: 8000, 增强: 0), 验证集 2001 条 (仅原始数据)
2025-08-29 21:59:10 - Training-20250829_215908 - INFO - --- Fold 1/5 ---
2025-08-29 21:59:10 - Training-20250829_215908 - INFO - 训练数据: (8000, 152), 验证数据: (2001, 152)
2025-08-29 21:59:23 - Training-20250829_215908 - INFO - Fold 1 Train AUC: 0.99819, Val AUC: 0.90109
2025-08-29 21:59:23 - Training-20250829_215908 - INFO - Fold 1 Early stopping step (best_iteration): 0
2025-08-29 21:59:23 - Training-20250829_215908 - INFO - Fold 1 finished in 13.13s
2025-08-29 21:59:23 - Training-20250829_215908 - INFO - Fold 2: 训练集 8001 条 (原始: 8001, 增强: 0), 验证集 2000 条 (仅原始数据)
2025-08-29 21:59:23 - Training-20250829_215908 - INFO - --- Fold 2/5 ---
2025-08-29 21:59:23 - Training-20250829_215908 - INFO - 训练数据: (8001, 152), 验证数据: (2000, 152)
2025-08-29 21:59:36 - Training-20250829_215908 - INFO - Fold 2 Train AUC: 0.99875, Val AUC: 0.89640
2025-08-29 21:59:36 - Training-20250829_215908 - INFO - Fold 2 Early stopping step (best_iteration): 0
2025-08-29 21:59:36 - Training-20250829_215908 - INFO - Fold 2 finished in 13.03s
2025-08-29 21:59:36 - Training-20250829_215908 - INFO - Fold 3: 训练集 8001 条 (原始: 8001, 增强: 0), 验证集 2000 条 (仅原始数据)
2025-08-29 21:59:36 - Training-20250829_215908 - INFO - --- Fold 3/5 ---
2025-08-29 21:59:36 - Training-20250829_215908 - INFO - 训练数据: (8001, 152), 验证数据: (2000, 152)
2025-08-29 21:59:49 - Training-20250829_215908 - INFO - Fold 3 Train AUC: 0.99843, Val AUC: 0.90799
2025-08-29 21:59:49 - Training-20250829_215908 - INFO - Fold 3 Early stopping step (best_iteration): 0
2025-08-29 21:59:49 - Training-20250829_215908 - INFO - Fold 3 finished in 13.08s
2025-08-29 21:59:49 - Training-20250829_215908 - INFO - Fold 4: 训练集 8001 条 (原始: 8001, 增强: 0), 验证集 2000 条 (仅原始数据)
2025-08-29 21:59:49 - Training-20250829_215908 - INFO - --- Fold 4/5 ---
2025-08-29 21:59:49 - Training-20250829_215908 - INFO - 训练数据: (8001, 152), 验证数据: (2000, 152)
2025-08-29 22:00:03 - Training-20250829_215908 - INFO - Fold 4 Train AUC: 0.99821, Val AUC: 0.90369
2025-08-29 22:00:03 - Training-20250829_215908 - INFO - Fold 4 Early stopping step (best_iteration): 0
2025-08-29 22:00:03 - Training-20250829_215908 - INFO - Fold 4 finished in 13.04s
2025-08-29 22:00:03 - Training-20250829_215908 - INFO - Fold 5: 训练集 8001 条 (原始: 8001, 增强: 0), 验证集 2000 条 (仅原始数据)
2025-08-29 22:00:03 - Training-20250829_215908 - INFO - --- Fold 5/5 ---
2025-08-29 22:00:03 - Training-20250829_215908 - INFO - 训练数据: (8001, 152), 验证数据: (2000, 152)
2025-08-29 22:00:16 - Training-20250829_215908 - INFO - Fold 5 Train AUC: 0.99833, Val AUC: 0.89711
2025-08-29 22:00:16 - Training-20250829_215908 - INFO - Fold 5 Early stopping step (best_iteration): 0
2025-08-29 22:00:16 - Training-20250829_215908 - INFO - Fold 5 finished in 13.03s
2025-08-29 22:00:16 - Training-20250829_215908 - INFO - Overall OOF AUC: 0.90111
2025-08-29 22:00:16 - Training-20250829_215908 - INFO - All outputs will be saved to: /home/adia/ADIA-Lab-Structural-Break/experiment/output/train_20250829_220016_auc_0_90111
2025-08-29 22:00:16 - Training-20250829_215908 - INFO - 特征重要性已保存到: /home/adia/ADIA-Lab-Structural-Break/experiment/output/train_20250829_220016_auc_0_90111/feature_importance.tsv
2025-08-29 22:00:16 - Training-20250829_215908 - INFO - feature importance saved.
2025-08-29 22:00:16 - Training-20250829_215908 - INFO - Models saved.
2025-08-29 22:00:16 - Training-20250829_215908 - INFO - 训练流程结束，总耗时: 67.86 秒。
