2025-09-03 19:46:30 - Training-20250903_194630 - INFO - ========== Running Command: train ==========
2025-09-03 19:46:30 - Training-20250903_194630 - INFO - Args: {'command': 'train', 'feature_file': None, 'train_data_ids': ['0'], 'perm_imp': False, 'save_oof': False, 'save_model': False}
2025-09-03 19:46:30 - Training-20250903_194630 - INFO - =======================================
2025-09-03 19:46:30 - Training-20250903_194630 - INFO - Starting training and evaluation pipeline...
2025-09-03 19:46:30 - Training-20250903_194630 - INFO - Model Parameters: {
    "objective": "binary",
    "metric": "auc",
    "boosting_type": "gbdt",
    "n_estimators": 3000,
    "learning_rate": 0.005,
    "num_leaves": 29,
    "random_state": 42,
    "n_jobs": 12,
    "reg_alpha": 3,
    "reg_lambda": 3,
    "colsample_bytree": 0.8,
    "subsample": 0.8
}
2025-09-03 19:46:31 - Training-20250903_194630 - INFO - Successfully loaded features from: features_20250903_194454.parquet
2025-09-03 19:46:31 - Training-20250903_194630 - INFO - Loading data...
2025-09-03 19:46:32 - Training-20250903_194630 - INFO - Original data loaded successfully.
2025-09-03 19:46:32 - Training-20250903_194630 - INFO - X_train shape: (23715734, 2)
2025-09-03 19:46:32 - Training-20250903_194630 - INFO - X_train type: <class 'pandas.core.frame.DataFrame'>
2025-09-03 19:46:32 - Training-20250903_194630 - INFO - y_train shape: (10001, 1)
2025-09-03 19:46:32 - Training-20250903_194630 - INFO - y_train type: <class 'pandas.core.frame.DataFrame'>
2025-09-03 19:46:32 - Training-20250903_194630 - INFO - Loading enhancement data with IDs: ['0']
2025-09-03 19:46:32 - Training-20250903_194630 - INFO - Total datasets loaded: 1
2025-09-03 19:46:32 - Training-20250903_194630 - INFO - Dataset 0: X shape (23715734, 2), y shape (10001, 1)
2025-09-03 19:46:33 - Training-20250903_194630 - INFO - Return CONCATED data shape: X (23715734, 2), y (10001, 1)
2025-09-03 19:46:33 - Training-20250903_194630 - INFO - 训练数据已对齐. X shape: (10001, 6565), y shape: (10001,)
2025-09-03 19:46:33 - Training-20250903_194630 - INFO - --- 使用的特征列表 (共 1787 个) ---
2025-09-03 19:46:33 - Training-20250903_194630 - INFO - 前50个特征: ['RAW_8_percentage_of_reoccurring_datapoints_to_all_datapoints_contribution_left', 'RAW_8_percentage_of_reoccurring_values_to_all_values_contribution_left', 'RAW_8_index_mass_quantile_q_0_8_ratio_to_whole_left', 'RAW_1_stats_std_whole', 'RAW_1_stats_cv_whole', 'ASINH_1_stats_cv_whole', 'RAW_7_sample_entropy_left', 'RAW_8_percentage_of_reoccurring_values_to_all_values_ratio_to_whole_left', 'RAW_8_index_mass_quantile_q_0_1_right', 'RAW_3_detrend_volatility_normalized_whole', 'RAW_8_quantile_0_4_whole', 'DIFF_8_change_quantiles_f_agg_var_isabs_False_qh_0_6_ql_0_4_whole', 'RAW_8_percentage_of_reoccurring_values_to_all_values_ratio', 'CUMSUM_2_ad_pvalue', 'DIFF_2_levene_pvalue', 'RAW_8_ratio_value_number_to_time_series_length_ratio_to_whole_left', 'RAW_8_benford_correlation_whole', 'RAW_8_change_quantiles_f_agg_var_isabs_False_qh_0_8_ql_0_4_whole', 'ASINH_10_rpt_cost_ar_whole', 'RAW_8_change_quantiles_f_agg_var_isabs_True_qh_0_6_ql_0_2_whole', 'RAW_2_ad_stat', 'DIFF_2_bartlett_pvalue', 'RAW_1_stats_min_whole', 'RAW_8_ratio_beyond_r_sigma_1_left', 'DIFF_7_cond_entropy_left', 'RAW_8_percentage_of_reoccurring_datapoints_to_all_datapoints_ratio_to_whole_right', 'RAW_2_ks_stat', 'ASINH_3_detrend_volatility_normalized_whole', 'CUMSUM_8_change_quantiles_f_agg_mean_isabs_True_qh_1_0_ql_0_4_ratio_to_whole_left', 'DIFF_8_benford_correlation_left', 'RAW_8_energy_ratio_by_chunks_num_segments_10_segment_focus_9_left', 'RAW_10_rpt_cost_cosine_whole', 'RAW_8_ratio_value_number_to_time_series_length_whole', 'CUMSUM_3_detrend_volatility_normalized_right', 'RAW_8_ratio_beyond_r_sigma_0_5_diff', 'RAW_8_change_quantiles_f_agg_var_isabs_True_qh_0_6_ql_0_4_whole', 'CUMSUM_2_kpss_pvalue_ratio_to_whole_left', 'RAW_1_stats_median_whole', 'RAW_1_stats_median_ratio', 'RAW_8_agg_linear_trend_attr_rvalue_chunk_len_50_f_agg_mean_diff', 'RAW_8_percentage_of_reoccurring_datapoints_to_all_datapoints_ratio_to_whole_left', 'CUMSUM_10_rpt_cost_normal_right', 'ASINH_8_ratio_beyond_r_sigma_1_ratio', 'CUMSUM_7_hjorth_complexity_whole', 'RAW_2_bartlett_pvalue', 'RAW_8_percentage_of_reoccurring_values_to_all_values_diff', 'DIFF_8_benford_correlation_whole', 'RAW_8_change_quantiles_f_agg_var_isabs_True_qh_1_0_ql_0_4_contribution_left', 'RAW_2_jb_pvalue_ratio_to_whole_right', 'CUMSUM_2_mannwhitney_stat']
2025-09-03 19:46:33 - Training-20250903_194630 - INFO - --------------------------------------------------
2025-09-03 19:46:33 - Training-20250903_194630 - INFO - Starting 5-fold cross-validation with enhanced data strategy...
2025-09-03 19:46:33 - Training-20250903_194630 - INFO - 创建增强数据交叉验证分割...
2025-09-03 19:46:33 - Training-20250903_194630 - INFO - 识别到 10001 条原始数据
2025-09-03 19:46:33 - Training-20250903_194630 - INFO - 识别到 0 条增强数据
2025-09-03 19:46:33 - Training-20250903_194630 - INFO - Fold 1: 训练集 8000 条 (原始: 8000, 增强: 0), 验证集 2001 条 (仅原始数据)
2025-09-03 19:46:33 - Training-20250903_194630 - INFO - --- Fold 1/5 ---
2025-09-03 19:46:33 - Training-20250903_194630 - INFO - 训练数据: (8000, 1787), 验证数据: (2001, 1787)
2025-09-03 19:49:25 - Training-20250903_194630 - INFO - Fold 1 Train AUC: 0.99958, Val AUC: 0.89560
2025-09-03 19:49:25 - Training-20250903_194630 - INFO - Fold 1 Early stopping step (best_iteration): 0
2025-09-03 19:49:25 - Training-20250903_194630 - INFO - Fold 1 finished in 171.93s
2025-09-03 19:49:25 - Training-20250903_194630 - INFO - Fold 2: 训练集 8001 条 (原始: 8001, 增强: 0), 验证集 2000 条 (仅原始数据)
2025-09-03 19:49:25 - Training-20250903_194630 - INFO - --- Fold 2/5 ---
2025-09-03 19:49:25 - Training-20250903_194630 - INFO - 训练数据: (8001, 1787), 验证数据: (2000, 1787)
2025-09-03 19:52:21 - Training-20250903_194630 - INFO - Fold 2 Train AUC: 0.99971, Val AUC: 0.88713
2025-09-03 19:52:21 - Training-20250903_194630 - INFO - Fold 2 Early stopping step (best_iteration): 0
2025-09-03 19:52:21 - Training-20250903_194630 - INFO - Fold 2 finished in 175.82s
2025-09-03 19:52:21 - Training-20250903_194630 - INFO - Fold 3: 训练集 8001 条 (原始: 8001, 增强: 0), 验证集 2000 条 (仅原始数据)
2025-09-03 19:52:21 - Training-20250903_194630 - INFO - --- Fold 3/5 ---
2025-09-03 19:52:21 - Training-20250903_194630 - INFO - 训练数据: (8001, 1787), 验证数据: (2000, 1787)
2025-09-03 19:55:18 - Training-20250903_194630 - INFO - Fold 3 Train AUC: 0.99974, Val AUC: 0.89355
2025-09-03 19:55:18 - Training-20250903_194630 - INFO - Fold 3 Early stopping step (best_iteration): 0
2025-09-03 19:55:18 - Training-20250903_194630 - INFO - Fold 3 finished in 177.59s
2025-09-03 19:55:18 - Training-20250903_194630 - INFO - Fold 4: 训练集 8001 条 (原始: 8001, 增强: 0), 验证集 2000 条 (仅原始数据)
2025-09-03 19:55:18 - Training-20250903_194630 - INFO - --- Fold 4/5 ---
2025-09-03 19:55:19 - Training-20250903_194630 - INFO - 训练数据: (8001, 1787), 验证数据: (2000, 1787)
2025-09-03 19:58:44 - Training-20250903_194630 - INFO - Fold 4 Train AUC: 0.99982, Val AUC: 0.89200
2025-09-03 19:58:44 - Training-20250903_194630 - INFO - Fold 4 Early stopping step (best_iteration): 0
2025-09-03 19:58:44 - Training-20250903_194630 - INFO - Fold 4 finished in 205.62s
2025-09-03 19:58:44 - Training-20250903_194630 - INFO - Fold 5: 训练集 8001 条 (原始: 8001, 增强: 0), 验证集 2000 条 (仅原始数据)
2025-09-03 19:58:44 - Training-20250903_194630 - INFO - --- Fold 5/5 ---
2025-09-03 19:58:44 - Training-20250903_194630 - INFO - 训练数据: (8001, 1787), 验证数据: (2000, 1787)
2025-09-03 20:02:16 - Training-20250903_194630 - INFO - Fold 5 Train AUC: 0.99938, Val AUC: 0.88209
2025-09-03 20:02:16 - Training-20250903_194630 - INFO - Fold 5 Early stopping step (best_iteration): 0
2025-09-03 20:02:16 - Training-20250903_194630 - INFO - Fold 5 finished in 211.54s
2025-09-03 20:02:16 - Training-20250903_194630 - INFO - Overall OOF AUC: 0.89004
2025-09-03 20:02:16 - Training-20250903_194630 - INFO - All outputs will be saved to: /mnt/workspace/25-adia/ADIA-Lab-Structural-Break/experiment/output/train_20250903_200216_auc_0_89004
2025-09-03 20:02:16 - Training-20250903_194630 - INFO - 特征重要性已保存到: /mnt/workspace/25-adia/ADIA-Lab-Structural-Break/experiment/output/train_20250903_200216_auc_0_89004/feature_importance.tsv
2025-09-03 20:02:16 - Training-20250903_194630 - INFO - feature importance saved.
2025-09-03 20:02:16 - Training-20250903_194630 - INFO - 训练流程结束，总耗时: 946.20 秒。
