2025-08-31 22:07:34 - Training-20250831_220734 - INFO - ========== Running Command: train ==========
2025-08-31 22:07:34 - Training-20250831_220734 - INFO - Args: {'command': 'train', 'feature_file': None, 'train_data_ids': ['0'], 'perm_imp': False, 'save_oof': False, 'save_model': False}
2025-08-31 22:07:34 - Training-20250831_220734 - INFO - =======================================
2025-08-31 22:07:34 - Training-20250831_220734 - INFO - Starting training and evaluation pipeline...
2025-08-31 22:07:34 - Training-20250831_220734 - INFO - Model Parameters: {
    "objective": "binary",
    "metric": "auc",
    "boosting_type": "gbdt",
    "n_estimators": 3000,
    "learning_rate": 0.005,
    "num_leaves": 29,
    "random_state": 42,
    "n_jobs": 36,
    "reg_alpha": 3,
    "reg_lambda": 3,
    "colsample_bytree": 0.8,
    "subsample": 0.8
}
2025-08-31 22:07:35 - Training-20250831_220734 - INFO - Successfully loaded features from: features_20250831_215057.parquet
2025-08-31 22:07:35 - Training-20250831_220734 - INFO - Loading data...
2025-08-31 22:07:36 - Training-20250831_220734 - INFO - Original data loaded successfully.
2025-08-31 22:07:36 - Training-20250831_220734 - INFO - X_train shape: (23715734, 2)
2025-08-31 22:07:36 - Training-20250831_220734 - INFO - X_train type: <class 'pandas.core.frame.DataFrame'>
2025-08-31 22:07:36 - Training-20250831_220734 - INFO - y_train shape: (10001, 1)
2025-08-31 22:07:36 - Training-20250831_220734 - INFO - y_train type: <class 'pandas.core.frame.DataFrame'>
2025-08-31 22:07:36 - Training-20250831_220734 - INFO - Loading enhancement data with IDs: ['0']
2025-08-31 22:07:36 - Training-20250831_220734 - INFO - Total datasets loaded: 1
2025-08-31 22:07:36 - Training-20250831_220734 - INFO - Dataset 0: X shape (23715734, 2), y shape (10001, 1)
2025-08-31 22:07:36 - Training-20250831_220734 - INFO - Return CONCATED data shape: X (23715734, 2), y (10001, 1)
2025-08-31 22:07:36 - Training-20250831_220734 - INFO - 训练数据已对齐. X shape: (10001, 4956), y shape: (10001,)
2025-08-31 22:07:36 - Training-20250831_220734 - INFO - --- 使用的特征列表 (共 3156 个) ---
2025-08-31 22:07:36 - Training-20250831_220734 - INFO - 前50个特征: ['RAW_1_stats_mean_left', 'RAW_1_stats_mean_right', 'RAW_1_stats_mean_whole', 'RAW_1_stats_mean_diff', 'RAW_1_stats_mean_ratio', 'RAW_1_stats_mean_contribution_left', 'RAW_1_stats_mean_contribution_right', 'RAW_1_stats_mean_ratio_to_whole_left', 'RAW_1_stats_mean_ratio_to_whole_right', 'RAW_1_stats_median_left', 'RAW_1_stats_median_right', 'RAW_1_stats_median_whole', 'RAW_1_stats_median_diff', 'RAW_1_stats_median_ratio', 'RAW_1_stats_median_contribution_left', 'RAW_1_stats_median_contribution_right', 'RAW_1_stats_median_ratio_to_whole_left', 'RAW_1_stats_median_ratio_to_whole_right', 'RAW_1_stats_max_left', 'RAW_1_stats_max_right', 'RAW_1_stats_max_whole', 'RAW_1_stats_max_diff', 'RAW_1_stats_max_ratio', 'RAW_1_stats_max_contribution_left', 'RAW_1_stats_max_contribution_right', 'RAW_1_stats_max_ratio_to_whole_left', 'RAW_1_stats_max_ratio_to_whole_right', 'RAW_1_stats_min_left', 'RAW_1_stats_min_right', 'RAW_1_stats_min_whole', 'RAW_1_stats_min_diff', 'RAW_1_stats_min_ratio', 'RAW_1_stats_min_contribution_left', 'RAW_1_stats_min_contribution_right', 'RAW_1_stats_min_ratio_to_whole_left', 'RAW_1_stats_min_ratio_to_whole_right', 'RAW_1_stats_range_left', 'RAW_1_stats_range_right', 'RAW_1_stats_range_whole', 'RAW_1_stats_range_diff', 'RAW_1_stats_range_ratio', 'RAW_1_stats_range_contribution_left', 'RAW_1_stats_range_contribution_right', 'RAW_1_stats_range_ratio_to_whole_left', 'RAW_1_stats_range_ratio_to_whole_right', 'RAW_1_stats_std_left', 'RAW_1_stats_std_right', 'RAW_1_stats_std_whole', 'RAW_1_stats_std_diff', 'RAW_1_stats_std_ratio']
2025-08-31 22:07:36 - Training-20250831_220734 - INFO - --------------------------------------------------
2025-08-31 22:07:36 - Training-20250831_220734 - INFO - Starting 5-fold cross-validation with enhanced data strategy...
2025-08-31 22:07:36 - Training-20250831_220734 - INFO - 创建增强数据交叉验证分割...
2025-08-31 22:07:36 - Training-20250831_220734 - INFO - 识别到 10001 条原始数据
2025-08-31 22:07:36 - Training-20250831_220734 - INFO - 识别到 0 条增强数据
2025-08-31 22:07:36 - Training-20250831_220734 - INFO - Fold 1: 训练集 8000 条 (原始: 8000, 增强: 0), 验证集 2001 条 (仅原始数据)
2025-08-31 22:07:36 - Training-20250831_220734 - INFO - --- Fold 1/5 ---
2025-08-31 22:07:36 - Training-20250831_220734 - INFO - 训练数据: (8000, 3156), 验证数据: (2001, 3156)
2025-08-31 22:09:00 - Training-20250831_220734 - INFO - Fold 1 Train AUC: 0.99998, Val AUC: 0.87633
2025-08-31 22:09:00 - Training-20250831_220734 - INFO - Fold 1 Early stopping step (best_iteration): 0
2025-08-31 22:09:00 - Training-20250831_220734 - INFO - Fold 1 finished in 83.76s
2025-08-31 22:09:00 - Training-20250831_220734 - INFO - Fold 2: 训练集 8001 条 (原始: 8001, 增强: 0), 验证集 2000 条 (仅原始数据)
2025-08-31 22:09:00 - Training-20250831_220734 - INFO - --- Fold 2/5 ---
2025-08-31 22:09:00 - Training-20250831_220734 - INFO - 训练数据: (8001, 3156), 验证数据: (2000, 3156)
2025-08-31 22:10:24 - Training-20250831_220734 - INFO - Fold 2 Train AUC: 0.99999, Val AUC: 0.86505
2025-08-31 22:10:24 - Training-20250831_220734 - INFO - Fold 2 Early stopping step (best_iteration): 0
2025-08-31 22:10:24 - Training-20250831_220734 - INFO - Fold 2 finished in 84.20s
2025-08-31 22:10:24 - Training-20250831_220734 - INFO - Fold 3: 训练集 8001 条 (原始: 8001, 增强: 0), 验证集 2000 条 (仅原始数据)
2025-08-31 22:10:24 - Training-20250831_220734 - INFO - --- Fold 3/5 ---
2025-08-31 22:10:24 - Training-20250831_220734 - INFO - 训练数据: (8001, 3156), 验证数据: (2000, 3156)
2025-08-31 22:11:49 - Training-20250831_220734 - INFO - Fold 3 Train AUC: 0.99999, Val AUC: 0.87945
2025-08-31 22:11:49 - Training-20250831_220734 - INFO - Fold 3 Early stopping step (best_iteration): 0
2025-08-31 22:11:49 - Training-20250831_220734 - INFO - Fold 3 finished in 84.69s
2025-08-31 22:11:49 - Training-20250831_220734 - INFO - Fold 4: 训练集 8001 条 (原始: 8001, 增强: 0), 验证集 2000 条 (仅原始数据)
2025-08-31 22:11:49 - Training-20250831_220734 - INFO - --- Fold 4/5 ---
2025-08-31 22:11:49 - Training-20250831_220734 - INFO - 训练数据: (8001, 3156), 验证数据: (2000, 3156)
2025-08-31 22:13:14 - Training-20250831_220734 - INFO - Fold 4 Train AUC: 0.99998, Val AUC: 0.87147
2025-08-31 22:13:14 - Training-20250831_220734 - INFO - Fold 4 Early stopping step (best_iteration): 0
2025-08-31 22:13:14 - Training-20250831_220734 - INFO - Fold 4 finished in 84.97s
2025-08-31 22:13:14 - Training-20250831_220734 - INFO - Fold 5: 训练集 8001 条 (原始: 8001, 增强: 0), 验证集 2000 条 (仅原始数据)
2025-08-31 22:13:14 - Training-20250831_220734 - INFO - --- Fold 5/5 ---
2025-08-31 22:13:14 - Training-20250831_220734 - INFO - 训练数据: (8001, 3156), 验证数据: (2000, 3156)
2025-08-31 22:14:39 - Training-20250831_220734 - INFO - Fold 5 Train AUC: 0.99998, Val AUC: 0.85990
2025-08-31 22:14:39 - Training-20250831_220734 - INFO - Fold 5 Early stopping step (best_iteration): 0
2025-08-31 22:14:39 - Training-20250831_220734 - INFO - Fold 5 finished in 85.22s
2025-08-31 22:14:39 - Training-20250831_220734 - INFO - Overall OOF AUC: 0.87029
2025-08-31 22:14:39 - Training-20250831_220734 - INFO - All outputs will be saved to: /home/adia/ADIA-Lab-Structural-Break/experiment/output/train_20250831_221439_auc_0_87029
2025-08-31 22:14:39 - Training-20250831_220734 - INFO - 特征重要性已保存到: /home/adia/ADIA-Lab-Structural-Break/experiment/output/train_20250831_221439_auc_0_87029/feature_importance.tsv
2025-08-31 22:14:39 - Training-20250831_220734 - INFO - feature importance saved.
2025-08-31 22:14:39 - Training-20250831_220734 - INFO - 训练流程结束，总耗时: 424.78 秒。
