2025-09-22 13:44:48 - Training-20250922_134448 - INFO - ========== Running Command: train ==========
2025-09-22 13:44:48 - Training-20250922_134448 - INFO - Args: {'command': 'train', 'feature_file': None, 'train_data_ids': ['0'], 'perm_imp': False, 'save_oof': False, 'save_model': False}
2025-09-22 13:44:48 - Training-20250922_134448 - INFO - =======================================
2025-09-22 13:44:48 - Training-20250922_134448 - INFO - Starting training and evaluation pipeline...
2025-09-22 13:44:48 - Training-20250922_134448 - INFO - Using model: LGB
2025-09-22 13:44:48 - Training-20250922_134448 - INFO - Model Parameters: {
    "objective": "binary",
    "metric": "auc",
    "boosting_type": "gbdt",
    "n_estimators": 3000,
    "learning_rate": 0.005,
    "num_leaves": 29,
    "random_state": 42,
    "n_jobs": 72,
    "reg_alpha": 3,
    "reg_lambda": 3,
    "colsample_bytree": 0.8,
    "subsample": 0.8
}
2025-09-22 13:44:54 - Training-20250922_134448 - INFO - Successfully loaded features from: features_20250922_114512_id_0.parquet
2025-09-22 13:44:54 - Training-20250922_134448 - INFO - Loading data...
2025-09-22 13:44:55 - Training-20250922_134448 - INFO - Original data loaded successfully.
2025-09-22 13:44:55 - Training-20250922_134448 - INFO - X_train shape: (23715734, 2)
2025-09-22 13:44:55 - Training-20250922_134448 - INFO - X_train type: <class 'pandas.core.frame.DataFrame'>
2025-09-22 13:44:55 - Training-20250922_134448 - INFO - y_train shape: (10001, 1)
2025-09-22 13:44:55 - Training-20250922_134448 - INFO - y_train type: <class 'pandas.core.frame.DataFrame'>
2025-09-22 13:44:55 - Training-20250922_134448 - INFO - Loading enhancement data with IDs: ['0']
2025-09-22 13:44:55 - Training-20250922_134448 - INFO - Total datasets loaded: 1
2025-09-22 13:44:55 - Training-20250922_134448 - INFO - Dataset 0: X shape (23715734, 2), y shape (10001, 1)
2025-09-22 13:44:55 - Training-20250922_134448 - INFO - Return CONCATED data shape: X (23715734, 2), y (10001, 1)
2025-09-22 13:44:55 - Training-20250922_134448 - INFO - 训练数据已对齐. X shape: (10001, 11615), y shape: (10001,)
2025-09-22 13:44:55 - Training-20250922_134448 - INFO - --- 使用的特征列表 (共 3775 个) ---
2025-09-22 13:44:55 - Training-20250922_134448 - INFO - 前50个特征: ['RAW_1_stats_mean_left', 'RAW_1_stats_mean_right', 'RAW_1_stats_mean_whole', 'RAW_1_stats_mean_diff', 'RAW_1_stats_mean_ratio', 'RAW_1_stats_mean_contribution_left', 'RAW_1_stats_mean_ratio_to_whole_left', 'RAW_1_stats_mean_ratio_to_whole_right', 'RAW_1_stats_median_left', 'RAW_1_stats_median_right', 'RAW_1_stats_median_whole', 'RAW_1_stats_median_diff', 'RAW_1_stats_median_ratio', 'RAW_1_stats_median_contribution_left', 'RAW_1_stats_median_ratio_to_whole_left', 'RAW_1_stats_median_ratio_to_whole_right', 'RAW_1_stats_max_left', 'RAW_1_stats_max_right', 'RAW_1_stats_max_ratio', 'RAW_1_stats_max_contribution_left', 'RAW_1_stats_max_ratio_to_whole_left', 'RAW_1_stats_max_ratio_to_whole_right', 'RAW_1_stats_min_left', 'RAW_1_stats_min_right', 'RAW_1_stats_min_whole', 'RAW_1_stats_min_diff', 'RAW_1_stats_min_ratio', 'RAW_1_stats_min_contribution_left', 'RAW_1_stats_min_ratio_to_whole_left', 'RAW_1_stats_min_ratio_to_whole_right', 'RAW_1_stats_range_contribution_left', 'RAW_1_stats_range_ratio_to_whole_left', 'RAW_1_stats_range_ratio_to_whole_right', 'RAW_1_stats_std_right', 'RAW_1_stats_std_contribution_left', 'RAW_1_stats_std_ratio_to_whole_left', 'RAW_1_stats_skew_left', 'RAW_1_stats_skew_right', 'RAW_1_stats_skew_whole', 'RAW_1_stats_skew_diff', 'RAW_1_stats_skew_ratio', 'RAW_1_stats_skew_contribution_left', 'RAW_1_stats_skew_ratio_to_whole_left', 'RAW_1_stats_skew_ratio_to_whole_right', 'RAW_1_stats_kurt_left', 'RAW_1_stats_kurt_right', 'RAW_1_stats_kurt_whole', 'RAW_1_stats_kurt_diff', 'RAW_1_stats_kurt_ratio', 'RAW_1_stats_kurt_contribution_left']
2025-09-22 13:44:55 - Training-20250922_134448 - INFO - --------------------------------------------------
2025-09-22 13:44:55 - Training-20250922_134448 - INFO - Starting 5-fold cross-validation with enhanced data strategy...
2025-09-22 13:44:55 - Training-20250922_134448 - INFO - 创建增强数据交叉验证分割...
2025-09-22 13:44:55 - Training-20250922_134448 - INFO - 识别到 10001 条原始数据
2025-09-22 13:44:55 - Training-20250922_134448 - INFO - 识别到 0 条增强数据
2025-09-22 13:44:55 - Training-20250922_134448 - INFO - Fold 1: 训练集 8000 条 (原始: 8000, 增强: 0), 验证集 2001 条 (仅原始数据)
2025-09-22 13:44:55 - Training-20250922_134448 - INFO - --- Fold 1/5 ---
2025-09-22 13:44:56 - Training-20250922_134448 - INFO - 训练数据: (8000, 3775), 验证数据: (2001, 3775)
