2025-07-07 12:56:35 - Training-20250707_125635 - INFO - ========== Running Command: train ==========
2025-07-07 12:56:35 - Training-20250707_125635 - INFO - Args: {'command': 'train', 'feature_file': None, 'save_oof': False, 'save_model': False}
2025-07-07 12:56:35 - Training-20250707_125635 - INFO - =======================================
2025-07-07 12:56:35 - Training-20250707_125635 - INFO - Starting training and evaluation pipeline...
2025-07-07 12:56:35 - Training-20250707_125635 - INFO - Model Parameters: {
    "objective": "binary",
    "metric": "auc",
    "random_state": 42,
    "n_estimators": 1000,
    "learning_rate": 0.005,
    "num_leaves": 31,
    "n_jobs": -1
}
2025-07-07 12:56:35 - Training-20250707_125635 - INFO - 未指定特征文件，将尝试加载最新版本。
2025-07-07 12:56:35 - Training-20250707_125635 - INFO - 正在从 features_20250707_125602.parquet 加载特征...
2025-07-07 12:56:35 - Training-20250707_125635 - INFO - 特征加载成功，共 64 个特征。
2025-07-07 12:56:35 - Training-20250707_125635 - INFO - Successfully loaded features from: features_20250707_125602.parquet
2025-07-07 12:56:37 - Training-20250707_125635 - INFO - 训练数据已对齐. X shape: (10001, 64), y shape: (10001, 1)
2025-07-07 12:56:37 - Training-20250707_125635 - INFO - Starting 5-fold cross-validation with LightGBM...
2025-07-07 12:56:37 - Training-20250707_125635 - INFO - --- Fold 1/5 ---
2025-07-07 12:56:46 - Training-20250707_125635 - INFO - Fold 1 AUC: 0.70346
2025-07-07 12:56:46 - Training-20250707_125635 - INFO - --- Fold 2/5 ---
2025-07-07 12:56:57 - Training-20250707_125635 - INFO - Fold 2 AUC: 0.68300
2025-07-07 12:56:57 - Training-20250707_125635 - INFO - --- Fold 3/5 ---
2025-07-07 12:57:03 - Training-20250707_125635 - INFO - Fold 3 AUC: 0.69932
2025-07-07 12:57:03 - Training-20250707_125635 - INFO - --- Fold 4/5 ---
2025-07-07 12:57:12 - Training-20250707_125635 - INFO - Fold 4 AUC: 0.69033
2025-07-07 12:57:12 - Training-20250707_125635 - INFO - --- Fold 5/5 ---
2025-07-07 12:57:19 - Training-20250707_125635 - INFO - Fold 5 AUC: 0.66936
2025-07-07 12:57:19 - Training-20250707_125635 - INFO - Overall OOF AUC: 0.68849
2025-07-07 12:57:19 - Training-20250707_125635 - INFO - 所有产出物将保存到: E:\CSworks\2025spring\crunch\repo\ADIA-Lab-Structural-Break\experiment\output\train_20250707_125719_auc_0_68849
