2025-09-04 23:22:52 - Training-20250904_232252 - INFO - ========== Running Command: train ==========
2025-09-04 23:22:52 - Training-20250904_232252 - INFO - Args: {'command': 'train', 'feature_file': None, 'train_data_ids': ['0'], 'perm_imp': False, 'save_oof': False, 'save_model': False}
2025-09-04 23:22:52 - Training-20250904_232252 - INFO - =======================================
2025-09-04 23:22:52 - Training-20250904_232252 - INFO - Starting training and evaluation pipeline...
2025-09-04 23:22:52 - Training-20250904_232252 - INFO - Model Parameters: {
    "objective": "binary",
    "metric": "auc",
    "boosting_type": "gbdt",
    "n_estimators": 3000,
    "learning_rate": 0.005,
    "num_leaves": 29,
    "random_state": 42,
    "n_jobs": 32,
    "reg_alpha": 3,
    "reg_lambda": 3,
    "colsample_bytree": 0.8,
    "subsample": 0.8
}
2025-09-04 23:22:53 - Training-20250904_232252 - INFO - Successfully loaded features from: features_20250904_222123.parquet
2025-09-04 23:22:53 - Training-20250904_232252 - INFO - Loading data...
2025-09-04 23:22:54 - Training-20250904_232252 - INFO - Original data loaded successfully.
2025-09-04 23:22:54 - Training-20250904_232252 - INFO - X_train shape: (23715734, 2)
2025-09-04 23:22:54 - Training-20250904_232252 - INFO - X_train type: <class 'pandas.core.frame.DataFrame'>
2025-09-04 23:22:54 - Training-20250904_232252 - INFO - y_train shape: (10001, 1)
2025-09-04 23:22:54 - Training-20250904_232252 - INFO - y_train type: <class 'pandas.core.frame.DataFrame'>
2025-09-04 23:22:54 - Training-20250904_232252 - INFO - Loading enhancement data with IDs: ['0']
2025-09-04 23:22:54 - Training-20250904_232252 - INFO - Total datasets loaded: 1
2025-09-04 23:22:54 - Training-20250904_232252 - INFO - Dataset 0: X shape (23715734, 2), y shape (10001, 1)
2025-09-04 23:22:54 - Training-20250904_232252 - INFO - Return CONCATED data shape: X (23715734, 2), y (10001, 1)
2025-09-04 23:22:54 - Training-20250904_232252 - INFO - 训练数据已对齐. X shape: (10001, 4920), y shape: (10001,)
2025-09-04 23:22:54 - Training-20250904_232252 - INFO - --- 使用的特征列表 (共 128 个) ---
2025-09-04 23:22:54 - Training-20250904_232252 - INFO - 前50个特征: ['RAW_8_percentage_of_reoccurring_datapoints_to_all_datapoints_contribution_left', 'RAW_8_percentage_of_reoccurring_values_to_all_values_contribution_left', 'RAW_1_stats_cv_whole', 'RAW_8_index_mass_quantile_q_0_8_ratio_to_whole_left', 'RAW_3_detrend_volatility_normalized_whole', 'RAW_1_stats_std_whole', 'RAW_8_percentage_of_reoccurring_values_to_all_values_ratio_to_whole_left', 'RAW_8_quantile_0_4_whole', 'RAW_8_index_mass_quantile_q_0_1_right', 'DIFF_8_change_quantiles_f_agg_var_isabs_False_qh_0_6_ql_0_4_whole', 'RAW_7_sample_entropy_left', 'RAW_8_percentage_of_reoccurring_values_to_all_values_ratio', 'CUMSUM_2_ad_pvalue', 'RAW_8_ratio_value_number_to_time_series_length_ratio_to_whole_left', 'DIFF_2_levene_pvalue', 'RAW_2_ad_stat', 'DIFF_7_cond_entropy_left', 'RAW_1_stats_min_whole', 'RAW_8_change_quantiles_f_agg_var_isabs_False_qh_0_8_ql_0_4_whole', 'DIFF_2_bartlett_pvalue', 'RAW_8_percentage_of_reoccurring_datapoints_to_all_datapoints_ratio_to_whole_right', 'RAW_8_ratio_beyond_r_sigma_1_left', 'RAW_8_change_quantiles_f_agg_var_isabs_True_qh_0_6_ql_0_2_whole', 'RAW_10_rpt_cost_cosine_whole', 'RAW_8_change_quantiles_f_agg_var_isabs_True_qh_0_6_ql_0_4_whole', 'CUMSUM_8_change_quantiles_f_agg_var_isabs_False_qh_0_8_ql_0_0_whole', 'DIFF_8_benford_correlation_left', 'RAW_8_benford_correlation_whole', 'CUMSUM_2_kpss_pvalue_ratio_to_whole_left', 'CUMSUM_8_change_quantiles_f_agg_mean_isabs_True_qh_1_0_ql_0_4_ratio_to_whole_left', 'CUMSUM_7_hjorth_complexity_whole', 'RAW_8_energy_ratio_by_chunks_num_segments_10_segment_focus_9_left', 'RAW_2_ks_stat', 'CUMSUM_3_detrend_volatility_normalized_right', 'RAW_1_stats_median_whole', 'MP_8_change_quantiles_f_agg_mean_isabs_True_qh_1_0_ql_0_4_whole', 'RAW_1_stats_median_ratio', 'CUMSUM_2_mannwhitney_stat', 'RAW_8_ratio_beyond_r_sigma_3_left', 'DIFF_8_benford_correlation_whole', 'RAW_8_percentage_of_reoccurring_datapoints_to_all_datapoints_ratio_to_whole_left', 'RAW_2_bartlett_stat', 'CUMSUM_10_rpt_cost_normal_right', 'RAW_8_agg_linear_trend_attr_rvalue_chunk_len_50_f_agg_mean_diff', 'CUMSUM_1_stats_max_diff', 'RAW_4_autocorr_lag1_ratio', 'RAW_2_ks_pvalue', 'RAW_8_change_quantiles_f_agg_var_isabs_True_qh_1_0_ql_0_4_contribution_left', 'RAW_8_ratio_beyond_r_sigma_1_5_whole', 'CUMSUM_8_change_quantiles_f_agg_var_isabs_False_qh_0_4_ql_0_2_ratio_to_whole_right']
2025-09-04 23:22:54 - Training-20250904_232252 - INFO - --------------------------------------------------
2025-09-04 23:22:54 - Training-20250904_232252 - INFO - Starting 5-fold cross-validation with enhanced data strategy...
2025-09-04 23:22:54 - Training-20250904_232252 - INFO - 创建增强数据交叉验证分割...
2025-09-04 23:22:54 - Training-20250904_232252 - INFO - 识别到 10001 条原始数据
2025-09-04 23:22:54 - Training-20250904_232252 - INFO - 识别到 0 条增强数据
2025-09-04 23:22:54 - Training-20250904_232252 - INFO - Fold 1: 训练集 8000 条 (原始: 8000, 增强: 0), 验证集 2001 条 (仅原始数据)
2025-09-04 23:22:54 - Training-20250904_232252 - INFO - --- Fold 1/5 ---
2025-09-04 23:22:54 - Training-20250904_232252 - INFO - 训练数据: (8000, 128), 验证数据: (2001, 128)
2025-09-04 23:23:06 - Training-20250904_232252 - INFO - Fold 1 Train AUC: 0.99791, Val AUC: 0.81626
2025-09-04 23:23:06 - Training-20250904_232252 - INFO - Fold 1 Early stopping step (best_iteration): 0
2025-09-04 23:23:06 - Training-20250904_232252 - INFO - Fold 1 finished in 11.77s
2025-09-04 23:23:06 - Training-20250904_232252 - INFO - Fold 2: 训练集 8001 条 (原始: 8001, 增强: 0), 验证集 2000 条 (仅原始数据)
2025-09-04 23:23:06 - Training-20250904_232252 - INFO - --- Fold 2/5 ---
2025-09-04 23:23:06 - Training-20250904_232252 - INFO - 训练数据: (8001, 128), 验证数据: (2000, 128)
2025-09-04 23:23:17 - Training-20250904_232252 - INFO - Fold 2 Train AUC: 0.99804, Val AUC: 0.80434
2025-09-04 23:23:17 - Training-20250904_232252 - INFO - Fold 2 Early stopping step (best_iteration): 0
2025-09-04 23:23:17 - Training-20250904_232252 - INFO - Fold 2 finished in 11.66s
2025-09-04 23:23:17 - Training-20250904_232252 - INFO - Fold 3: 训练集 8001 条 (原始: 8001, 增强: 0), 验证集 2000 条 (仅原始数据)
2025-09-04 23:23:17 - Training-20250904_232252 - INFO - --- Fold 3/5 ---
2025-09-04 23:23:17 - Training-20250904_232252 - INFO - 训练数据: (8001, 128), 验证数据: (2000, 128)
2025-09-04 23:23:30 - Training-20250904_232252 - INFO - Fold 3 Train AUC: 0.99840, Val AUC: 0.81982
2025-09-04 23:23:30 - Training-20250904_232252 - INFO - Fold 3 Early stopping step (best_iteration): 0
2025-09-04 23:23:30 - Training-20250904_232252 - INFO - Fold 3 finished in 12.40s
2025-09-04 23:23:30 - Training-20250904_232252 - INFO - Fold 4: 训练集 8001 条 (原始: 8001, 增强: 0), 验证集 2000 条 (仅原始数据)
2025-09-04 23:23:30 - Training-20250904_232252 - INFO - --- Fold 4/5 ---
2025-09-04 23:23:30 - Training-20250904_232252 - INFO - 训练数据: (8001, 128), 验证数据: (2000, 128)
2025-09-04 23:23:41 - Training-20250904_232252 - INFO - Fold 4 Train AUC: 0.99799, Val AUC: 0.81560
2025-09-04 23:23:41 - Training-20250904_232252 - INFO - Fold 4 Early stopping step (best_iteration): 0
2025-09-04 23:23:41 - Training-20250904_232252 - INFO - Fold 4 finished in 11.54s
2025-09-04 23:23:41 - Training-20250904_232252 - INFO - Fold 5: 训练集 8001 条 (原始: 8001, 增强: 0), 验证集 2000 条 (仅原始数据)
2025-09-04 23:23:41 - Training-20250904_232252 - INFO - --- Fold 5/5 ---
2025-09-04 23:23:41 - Training-20250904_232252 - INFO - 训练数据: (8001, 128), 验证数据: (2000, 128)
2025-09-04 23:23:53 - Training-20250904_232252 - INFO - Fold 5 Train AUC: 0.99812, Val AUC: 0.80719
2025-09-04 23:23:53 - Training-20250904_232252 - INFO - Fold 5 Early stopping step (best_iteration): 0
2025-09-04 23:23:53 - Training-20250904_232252 - INFO - Fold 5 finished in 11.61s
2025-09-04 23:23:53 - Training-20250904_232252 - INFO - Overall OOF AUC: 0.81248
2025-09-04 23:23:53 - Training-20250904_232252 - INFO - All outputs will be saved to: /home/test/ADIA-Lab-Structural-Break/experiment/output/train_20250904_232353_auc_0_81248
2025-09-04 23:23:53 - Training-20250904_232252 - INFO - 特征重要性已保存到: /home/test/ADIA-Lab-Structural-Break/experiment/output/train_20250904_232353_auc_0_81248/feature_importance.tsv
2025-09-04 23:23:53 - Training-20250904_232252 - INFO - feature importance saved.
2025-09-04 23:23:53 - Training-20250904_232252 - INFO - 训练流程结束，总耗时: 60.75 秒。
