2025-09-23 22:14:46 - Training-20250923_221446 - INFO - ========== Running Command: train ==========
2025-09-23 22:14:46 - Training-20250923_221446 - INFO - Args: {'command': 'train', 'feature_file': None, 'train_data_ids': ['0'], 'perm_imp': True, 'save_oof': False, 'save_model': False}
2025-09-23 22:14:46 - Training-20250923_221446 - INFO - =======================================
2025-09-23 22:14:46 - Training-20250923_221446 - INFO - Starting training and evaluation pipeline...
2025-09-23 22:14:46 - Training-20250923_221446 - INFO - Model Parameters: {
    "objective": "binary",
    "metric": "auc",
    "boosting_type": "gbdt",
    "n_estimators": 3000,
    "learning_rate": 0.005,
    "num_leaves": 29,
    "random_state": 42,
    "n_jobs": 32,
    "reg_alpha": 3,
    "reg_lambda": 3,
    "colsample_bytree": 0.8,
    "subsample": 0.8
}
2025-09-23 22:14:46 - Training-20250923_221446 - INFO - Successfully loaded features from: features_20250923_220534.parquet
2025-09-23 22:14:46 - Training-20250923_221446 - INFO - Loading data...
2025-09-23 22:14:48 - Training-20250923_221446 - INFO - Original data loaded successfully.
2025-09-23 22:14:48 - Training-20250923_221446 - INFO - X_train shape: (23715734, 2)
2025-09-23 22:14:48 - Training-20250923_221446 - INFO - X_train type: <class 'pandas.core.frame.DataFrame'>
2025-09-23 22:14:48 - Training-20250923_221446 - INFO - y_train shape: (10001, 1)
2025-09-23 22:14:48 - Training-20250923_221446 - INFO - y_train type: <class 'pandas.core.frame.DataFrame'>
2025-09-23 22:14:48 - Training-20250923_221446 - INFO - Loading enhancement data with IDs: ['0']
2025-09-23 22:14:48 - Training-20250923_221446 - INFO - Total datasets loaded: 1
2025-09-23 22:14:48 - Training-20250923_221446 - INFO - Dataset 0: X shape (23715734, 2), y shape (10001, 1)
2025-09-23 22:14:48 - Training-20250923_221446 - INFO - Return CONCATED data shape: X (23715734, 2), y (10001, 1)
2025-09-23 22:14:48 - Training-20250923_221446 - INFO - 训练数据已对齐. X shape: (10001, 101), y shape: (10001,)
2025-09-23 22:14:48 - Training-20250923_221446 - INFO - --- 使用的特征列表 (共 101 个) ---
2025-09-23 22:14:48 - Training-20250923_221446 - INFO - 前50个特征: ['cross_mul_RAW_3_detrend_volatility_normalized_whole_RAW_1_stats_std_whole', 'cross_mul_RAW_1_stats_cv_whole_RAW_1_stats_std_whole', 'cross_mul_RAW_3_detrend_volatility_normalized_whole_RAW_2_ad_stat', 'sub_RAW_8_percentage_of_reoccurring_values_to_all_values_contribution_left_RAW_7_sample_entropy_left', 'cross_mul_RAW_8_index_mass_quantile_q_0_1_right_RAW_8_quantile_0_4_contribution_left', 'cross_mul_RAW_8_benford_correlation_whole_RAW_8_count_above_0_whole', 'add_RAW_8_index_mass_quantile_q_0_8_ratio_to_whole_left_RAW_8_index_mass_quantile_q_0_1_right', 'cross_mul_RAW_8_index_mass_quantile_q_0_1_right_CUMSUM_2_ad_pvalue', 'cross_mul_RAW_8_benford_correlation_whole_DIFF_7_sample_entropy_right', 'sub_RAW_8_percentage_of_reoccurring_datapoints_to_all_datapoints_contribution_left_RAW_7_sample_entropy_left', 'sqmul_RAW_8_energy_ratio_by_chunks_num_segments_10_segment_focus_9_left_RAW_8_index_mass_quantile_q_0_1_right', 'cross_mul_RAW_8_energy_ratio_by_chunks_num_segments_10_segment_focus_9_left_RAW_1_stats_kurt_left', 'cross_mul_RAW_8_energy_ratio_by_chunks_num_segments_10_segment_focus_9_left_DIFF_8_change_quantiles_f_agg_var_isabs_False_qh_1_0_ql_0_2_contribution_left', 'cross_mul_RAW_8_energy_ratio_by_chunks_num_segments_10_segment_focus_9_left_RAW_8_agg_linear_trend_attr_rvalue_chunk_len_50_f_agg_max_ratio_to_whole_left', 'cross_mul_RAW_3_detrend_volatility_normalized_whole_RAW_8_linear_trend_attr_pvalue_ratio_to_whole_left', 'cross_mul_RAW_3_detrend_volatility_normalized_whole_CUMSUM_7_spectral_entropy_whole', 'sqmul_RAW_8_index_mass_quantile_q_0_1_right_RAW_8_index_mass_quantile_q_0_8_ratio_to_whole_left', 'cross_mul_RAW_8_percentage_of_reoccurring_values_to_all_values_ratio_to_whole_left_CUMSUM_1_stats_range_ratio_to_whole_left', 'DIFF_8_benford_correlation_left', 'div_RAW_8_percentage_of_reoccurring_datapoints_to_all_datapoints_contribution_left_RAW_8_percentage_of_reoccurring_values_to_all_values_ratio_to_whole_left', 'cross_mul_RAW_8_energy_ratio_by_chunks_num_segments_10_segment_focus_9_left_CUMSUM_10_rpt_cost_clinear_ratio_to_whole_left', 'div_RAW_3_detrend_volatility_normalized_whole_RAW_8_percentage_of_reoccurring_values_to_all_values_ratio_to_whole_left', 'cross_mul_RAW_7_sample_entropy_left_DIFF_8_quantile_0_4_contribution_left', 'cross_mul_RAW_8_benford_correlation_whole_CUMSUM_2_ad_pvalue', 'cross_mul_RAW_8_energy_ratio_by_chunks_num_segments_10_segment_focus_9_left_RAW_2_bartlett_pvalue', 'RAW_8_ratio_value_number_to_time_series_length_whole', 'cross_mul_RAW_3_detrend_volatility_normalized_whole_CUMSUM_10_rpt_cost_rank_diff', 'RAW_8_quantile_0_1_contribution_right', 'CUMSUM_8_change_quantiles_f_agg_var_isabs_False_qh_1_0_ql_0_4_contribution_right', 'cross_mul_RAW_8_percentage_of_reoccurring_values_to_all_values_ratio_to_whole_left_CUMSUM_1_stats_max_ratio_to_whole_left', 'cross_mul_RAW_1_stats_cv_whole_RAW_8_linear_trend_attr_pvalue_ratio_to_whole_left', 'cross_mul_RAW_8_energy_ratio_by_chunks_num_segments_10_segment_focus_9_left_RAW_8_quantile_0_4_right', 'RAW_7_katz_fd_whole', 'cross_mul_RAW_8_index_mass_quantile_q_0_1_right_RAW_8_ratio_beyond_r_sigma_3_left', 'cross_mul_RAW_7_sample_entropy_left_DIFF_7_sample_entropy_right', 'sub_RAW_8_index_mass_quantile_q_0_8_ratio_to_whole_left_RAW_7_sample_entropy_left', 'cross_mul_RAW_3_detrend_volatility_normalized_whole_RAW_8_percentage_of_reoccurring_values_to_all_values_diff', 'mul_RAW_8_index_mass_quantile_q_0_1_right_RAW_8_energy_ratio_by_chunks_num_segments_10_segment_focus_9_left', 'RAW_8_ratio_beyond_r_sigma_1_left', 'cross_mul_RAW_3_detrend_volatility_normalized_whole_RAW_8_change_quantiles_f_agg_var_isabs_True_qh_0_6_ql_0_4_contribution_left', 'add_RAW_8_index_mass_quantile_q_0_1_right_RAW_8_energy_ratio_by_chunks_num_segments_10_segment_focus_9_left', 'cross_mul_RAW_8_index_mass_quantile_q_0_8_ratio_to_whole_left_RAW_8_percentage_of_reoccurring_datapoints_to_all_datapoints_whole', 'div_RAW_8_percentage_of_reoccurring_datapoints_to_all_datapoints_contribution_left_RAW_8_percentage_of_reoccurring_values_to_all_values_contribution_left', 'DIFF_8_change_quantiles_f_agg_var_isabs_False_qh_1_0_ql_0_2_ratio', 'cross_mul_RAW_8_energy_ratio_by_chunks_num_segments_10_segment_focus_9_left_RAW_2_bartlett_stat', 'cross_mul_RAW_8_energy_ratio_by_chunks_num_segments_10_segment_focus_9_left_CUMSUM_5_dominant_freq_ratio_to_whole_right', 'cross_mul_RAW_8_index_mass_quantile_q_0_1_right_DIFF_8_quantile_0_4_contribution_left', 'cross_mul_RAW_7_sample_entropy_left_RAW_1_stats_min_whole', 'cross_mul_RAW_8_percentage_of_reoccurring_datapoints_to_all_datapoints_contribution_left_RAW_1_stats_kurt_right', 'cross_mul_RAW_7_sample_entropy_left_CUMSUM_2_kpss_pvalue_ratio_to_whole_left']
2025-09-23 22:14:48 - Training-20250923_221446 - INFO - --------------------------------------------------
2025-09-23 22:14:48 - Training-20250923_221446 - INFO - Starting 5-fold cross-validation with enhanced data strategy...
2025-09-23 22:14:48 - Training-20250923_221446 - INFO - 创建增强数据交叉验证分割...
2025-09-23 22:14:48 - Training-20250923_221446 - INFO - 识别到 10001 条原始数据
2025-09-23 22:14:48 - Training-20250923_221446 - INFO - 识别到 0 条增强数据
2025-09-23 22:14:48 - Training-20250923_221446 - INFO - Fold 1: 训练集 8000 条 (原始: 8000, 增强: 0), 验证集 2001 条 (仅原始数据)
2025-09-23 22:14:48 - Training-20250923_221446 - INFO - --- Fold 1/5 ---
2025-09-23 22:14:48 - Training-20250923_221446 - INFO - 训练数据: (8000, 101), 验证数据: (2001, 101)
2025-09-23 22:15:35 - Training-20250923_221446 - INFO - Fold 1 Train AUC: 0.99388, Val AUC: 0.90555
2025-09-23 22:15:35 - Training-20250923_221446 - INFO - Fold 1 Early stopping step (best_iteration): 0
2025-09-23 22:15:35 - Training-20250923_221446 - INFO - Fold 1 finished in 46.73s
2025-09-23 22:15:35 - Training-20250923_221446 - INFO - Fold 2: 训练集 8001 条 (原始: 8001, 增强: 0), 验证集 2000 条 (仅原始数据)
2025-09-23 22:15:35 - Training-20250923_221446 - INFO - --- Fold 2/5 ---
2025-09-23 22:15:35 - Training-20250923_221446 - INFO - 训练数据: (8001, 101), 验证数据: (2000, 101)
2025-09-23 22:16:27 - Training-20250923_221446 - INFO - Fold 2 Train AUC: 0.99523, Val AUC: 0.88629
2025-09-23 22:16:27 - Training-20250923_221446 - INFO - Fold 2 Early stopping step (best_iteration): 0
2025-09-23 22:16:27 - Training-20250923_221446 - INFO - Fold 2 finished in 52.75s
2025-09-23 22:16:27 - Training-20250923_221446 - INFO - Fold 3: 训练集 8001 条 (原始: 8001, 增强: 0), 验证集 2000 条 (仅原始数据)
2025-09-23 22:16:27 - Training-20250923_221446 - INFO - --- Fold 3/5 ---
2025-09-23 22:16:27 - Training-20250923_221446 - INFO - 训练数据: (8001, 101), 验证数据: (2000, 101)
2025-09-23 22:17:16 - Training-20250923_221446 - INFO - Fold 3 Train AUC: 0.99516, Val AUC: 0.89705
2025-09-23 22:17:16 - Training-20250923_221446 - INFO - Fold 3 Early stopping step (best_iteration): 0
2025-09-23 22:17:16 - Training-20250923_221446 - INFO - Fold 3 finished in 48.92s
2025-09-23 22:17:16 - Training-20250923_221446 - INFO - Fold 4: 训练集 8001 条 (原始: 8001, 增强: 0), 验证集 2000 条 (仅原始数据)
2025-09-23 22:17:16 - Training-20250923_221446 - INFO - --- Fold 4/5 ---
2025-09-23 22:17:16 - Training-20250923_221446 - INFO - 训练数据: (8001, 101), 验证数据: (2000, 101)
2025-09-23 22:18:18 - Training-20250923_221446 - INFO - Fold 4 Train AUC: 0.99389, Val AUC: 0.89538
2025-09-23 22:18:18 - Training-20250923_221446 - INFO - Fold 4 Early stopping step (best_iteration): 0
2025-09-23 22:18:18 - Training-20250923_221446 - INFO - Fold 4 finished in 61.69s
2025-09-23 22:18:18 - Training-20250923_221446 - INFO - Fold 5: 训练集 8001 条 (原始: 8001, 增强: 0), 验证集 2000 条 (仅原始数据)
2025-09-23 22:18:18 - Training-20250923_221446 - INFO - --- Fold 5/5 ---
2025-09-23 22:18:18 - Training-20250923_221446 - INFO - 训练数据: (8001, 101), 验证数据: (2000, 101)
2025-09-23 22:19:18 - Training-20250923_221446 - INFO - Fold 5 Train AUC: 0.99468, Val AUC: 0.88915
2025-09-23 22:19:18 - Training-20250923_221446 - INFO - Fold 5 Early stopping step (best_iteration): 0
2025-09-23 22:19:18 - Training-20250923_221446 - INFO - Fold 5 finished in 59.60s
2025-09-23 22:19:18 - Training-20250923_221446 - INFO - Overall OOF AUC: 0.89453
2025-09-23 22:19:18 - Training-20250923_221446 - INFO - Calculate Fold 1 permutation importance...
2025-09-23 22:24:02 - Training-20250923_221446 - INFO - Fold 1 permutation importance finished in 284.67s
2025-09-23 22:24:02 - Training-20250923_221446 - INFO - Calculate Fold 2 permutation importance...
2025-09-23 22:28:49 - Training-20250923_221446 - INFO - Fold 2 permutation importance finished in 286.92s
2025-09-23 22:28:49 - Training-20250923_221446 - INFO - Calculate Fold 3 permutation importance...
2025-09-23 22:33:04 - Training-20250923_221446 - INFO - Fold 3 permutation importance finished in 254.32s
2025-09-23 22:33:04 - Training-20250923_221446 - INFO - Calculate Fold 4 permutation importance...
2025-09-23 22:37:25 - Training-20250923_221446 - INFO - Fold 4 permutation importance finished in 261.53s
2025-09-23 22:37:25 - Training-20250923_221446 - INFO - Calculate Fold 5 permutation importance...
2025-09-23 22:41:52 - Training-20250923_221446 - INFO - Fold 5 permutation importance finished in 267.15s
2025-09-23 22:41:52 - Training-20250923_221446 - INFO - All outputs will be saved to: E:\ggq的文件\比赛\25-ADIA-Lab-Structure-Break\ADIA-Lab-Structural-Break\experiment\output\train_20250923_224152_auc_0_89453
2025-09-23 22:41:53 - Training-20250923_221446 - INFO - 特征重要性已保存到: E:\ggq的文件\比赛\25-ADIA-Lab-Structure-Break\ADIA-Lab-Structural-Break\experiment\output\train_20250923_224152_auc_0_89453\feature_importance.tsv
2025-09-23 22:41:53 - Training-20250923_221446 - INFO - feature importance saved.
2025-09-23 22:41:53 - Training-20250923_221446 - INFO - permutation_importance_mean小于0.0005的特征有: ['cross_mul_RAW_8_index_mass_quantile_q_0_1_right_DIFF_2_bartlett_pvalue', 'cross_mul_RAW_3_detrend_volatility_normalized_whole_CUMSUM_10_rpt_cost_rank_diff', 'cross_mul_RAW_8_index_mass_quantile_q_0_8_ratio_to_whole_left_RAW_8_change_quantiles_f_agg_var_isabs_False_qh_0_8_ql_0_2_diff', 'sqmul_RAW_8_index_mass_quantile_q_0_1_right_RAW_8_index_mass_quantile_q_0_8_ratio_to_whole_left', 'cross_mul_RAW_8_percentage_of_reoccurring_values_to_all_values_ratio_to_whole_left_CUMSUM_5_dominant_freq_ratio_to_whole_right', 'cross_mul_RAW_8_energy_ratio_by_chunks_num_segments_10_segment_focus_9_left_RAW_2_bartlett_stat', 'cross_mul_RAW_8_index_mass_quantile_q_0_1_right_DIFF_8_quantile_0_4_contribution_left', 'cross_mul_RAW_8_energy_ratio_by_chunks_num_segments_10_segment_focus_9_left_CUMSUM_5_dominant_freq_ratio_to_whole_right', 'cross_mul_RAW_8_percentage_of_reoccurring_values_to_all_values_ratio_to_whole_left_RAW_7_approx_entropy_left', 'cross_mul_RAW_1_stats_cv_whole_RAW_8_linear_trend_attr_pvalue_ratio_to_whole_left', 'cross_mul_RAW_3_detrend_volatility_normalized_whole_RAW_8_change_quantiles_f_agg_var_isabs_True_qh_0_6_ql_0_4_contribution_left', 'cross_mul_RAW_3_detrend_volatility_normalized_whole_RAW_2_bartlett_pvalue', 'cross_mul_RAW_7_sample_entropy_left_RAW_1_stats_kurt_left', 'cross_mul_RAW_8_index_mass_quantile_q_0_8_ratio_to_whole_left_RAW_8_ratio_beyond_r_sigma_1_5_whole', 'cross_mul_RAW_7_sample_entropy_left_CUMSUM_7_hjorth_complexity_whole', 'cross_mul_RAW_8_index_mass_quantile_q_0_8_ratio_to_whole_left_CUMSUM_2_kpss_pvalue_ratio_to_whole_left', 'RAW_8_change_quantiles_f_agg_var_isabs_False_qh_0_8_ql_0_2_diff', 'mul_RAW_8_index_mass_quantile_q_0_1_right_RAW_8_energy_ratio_by_chunks_num_segments_10_segment_focus_9_left', 'CUMSUM_3_detrend_volatility_normalized_right', 'cross_mul_RAW_8_energy_ratio_by_chunks_num_segments_10_segment_focus_9_left_RAW_2_ks_stat', 'cross_mul_RAW_8_index_mass_quantile_q_0_1_right_RAW_7_approx_entropy_whole', 'cross_mul_RAW_3_detrend_volatility_normalized_whole_RAW_2_bartlett_stat', 'cross_mul_RAW_8_benford_correlation_whole_RAW_8_agg_linear_trend_attr_rvalue_chunk_len_5_f_agg_max_right', 'cross_mul_RAW_8_benford_correlation_whole_CUMSUM_3_detrend_volatility_normalized_right', 'cross_mul_RAW_7_sample_entropy_left_RAW_8_agg_linear_trend_attr_intercept_chunk_len_10_f_agg_max_ratio_to_whole_right', 'cross_mul_RAW_8_percentage_of_reoccurring_values_to_all_values_ratio_to_whole_left_RAW_8_quantile_0_1_contribution_right', 'add_RAW_8_index_mass_quantile_q_0_1_right_RAW_8_energy_ratio_by_chunks_num_segments_10_segment_focus_9_left', 'cross_mul_RAW_8_percentage_of_reoccurring_values_to_all_values_ratio_to_whole_left_RAW_7_approx_entropy_whole', 'cross_mul_RAW_8_index_mass_quantile_q_0_1_right_RAW_2_bartlett_pvalue', 'cross_mul_RAW_3_detrend_volatility_normalized_whole_RAW_8_quantile_0_4_left', 'cross_mul_RAW_8_percentage_of_reoccurring_values_to_all_values_ratio_to_whole_left_RAW_8_index_mass_quantile_q_0_8_left', 'cross_mul_RAW_1_stats_cv_whole_RAW_8_ratio_beyond_r_sigma_3_left', 'cross_mul_RAW_8_index_mass_quantile_q_0_8_ratio_to_whole_left_CUMSUM_8_change_quantiles_f_agg_mean_isabs_True_qh_1_0_ql_0_4_ratio_to_whole_left', 'cross_mul_RAW_8_percentage_of_reoccurring_values_to_all_values_contribution_left_CUMSUM_8_ar_coefficient_coeff_2_k_10_ratio', 'cross_mul_RAW_8_percentage_of_reoccurring_datapoints_to_all_datapoints_contribution_left_CUMSUM_8_ar_coefficient_coeff_2_k_10_ratio', 'cross_mul_RAW_3_detrend_volatility_normalized_whole_CUMSUM_8_change_quantiles_f_agg_mean_isabs_True_qh_1_0_ql_0_4_left', 'cross_mul_RAW_3_detrend_volatility_normalized_whole_RAW_8_quantile_0_4_whole', 'cross_mul_RAW_8_index_mass_quantile_q_0_1_right_RAW_8_ratio_value_number_to_time_series_length_whole', 'cross_mul_RAW_8_benford_correlation_whole_RAW_8_change_quantiles_f_agg_var_isabs_False_qh_0_8_ql_0_2_diff', 'cross_mul_RAW_8_benford_correlation_whole_CUMSUM_5_dominant_freq_ratio_to_whole_right']
2025-09-23 22:41:53 - Training-20250923_221446 - INFO - Permutation importance已保存到: E:\ggq的文件\比赛\25-ADIA-Lab-Structure-Break\ADIA-Lab-Structural-Break\experiment\output\train_20250923_224152_auc_0_89453\permutation_importance.tsv
2025-09-23 22:41:53 - Training-20250923_221446 - INFO - permutation importance saved.
2025-09-23 22:41:53 - Training-20250923_221446 - INFO - 训练流程结束，总耗时: 1626.25 秒。
