2025-09-15 11:43:40 - Training-20250915_114340 - INFO - ========== Running Command: train ==========
2025-09-15 11:43:40 - Training-20250915_114340 - INFO - Args: {'command': 'train', 'feature_file': None, 'train_data_ids': ['0'], 'perm_imp': False, 'save_oof': False, 'save_model': False}
2025-09-15 11:43:40 - Training-20250915_114340 - INFO - =======================================
2025-09-15 11:43:40 - Training-20250915_114340 - INFO - Starting training and evaluation pipeline...
2025-09-15 11:43:40 - Training-20250915_114340 - INFO - Model Parameters: {
    "objective": "binary",
    "metric": "auc",
    "boosting_type": "gbdt",
    "n_estimators": 3000,
    "learning_rate": 0.005,
    "num_leaves": 29,
    "random_state": 42,
    "n_jobs": 72,
    "reg_alpha": 3,
    "reg_lambda": 3,
    "colsample_bytree": 0.8,
    "subsample": 0.8
}
2025-09-15 11:43:41 - Training-20250915_114340 - INFO - Successfully loaded features from: features_20250915_101451.parquet
2025-09-15 11:43:41 - Training-20250915_114340 - INFO - Loading data...
2025-09-15 11:43:42 - Training-20250915_114340 - INFO - Original data loaded successfully.
2025-09-15 11:43:42 - Training-20250915_114340 - INFO - X_train shape: (23715734, 2)
2025-09-15 11:43:42 - Training-20250915_114340 - INFO - X_train type: <class 'pandas.core.frame.DataFrame'>
2025-09-15 11:43:42 - Training-20250915_114340 - INFO - y_train shape: (10001, 1)
2025-09-15 11:43:42 - Training-20250915_114340 - INFO - y_train type: <class 'pandas.core.frame.DataFrame'>
2025-09-15 11:43:42 - Training-20250915_114340 - INFO - Loading enhancement data with IDs: ['0']
2025-09-15 11:43:42 - Training-20250915_114340 - INFO - Total datasets loaded: 1
2025-09-15 11:43:42 - Training-20250915_114340 - INFO - Dataset 0: X shape (23715734, 2), y shape (10001, 1)
2025-09-15 11:43:42 - Training-20250915_114340 - INFO - Return CONCATED data shape: X (23715734, 2), y (10001, 1)
2025-09-15 11:43:42 - Training-20250915_114340 - INFO - 训练数据已对齐. X shape: (10001, 4881), y shape: (10001,)
2025-09-15 11:43:42 - Training-20250915_114340 - INFO - --- 使用的特征列表 (共 200 个) ---
2025-09-15 11:43:42 - Training-20250915_114340 - INFO - 前50个特征: ['RAW_10_percentage_of_reoccurring_datapoints_to_all_datapoints_contribution_left', 'RAW_10_percentage_of_reoccurring_values_to_all_values_contribution_left', 'RAW_10_index_mass_quantile_q_0_8_ratio_to_whole_left', 'RAW_1_stats_cv_whole', 'RAW_1_stats_std_whole', 'RAW_3_detrend_volatility_normalized_whole', 'RAW_10_percentage_of_reoccurring_values_to_all_values_ratio_to_whole_left', 'RAW_7_sample_entropy_left', 'RAW_10_quantile_0_4_whole', 'CUMSUM_2_ad_pvalue', 'RAW_11_energy_ratio_by_chunks_num_segments_20_segment_focus_0_right', 'DIFF_11_change_quantiles_ql_0_4_qh_0_6_isabs_False_f_agg_var_whole', 'RAW_10_ratio_value_number_to_time_series_length_ratio_to_whole_left', 'RAW_10_percentage_of_reoccurring_values_to_all_values_ratio', 'DIFF_2_levene_pvalue', 'RAW_2_ks_stat', 'RAW_10_ratio_beyond_r_sigma_1_left', 'RAW_2_ad_stat', 'RAW_11_energy_ratio_by_chunks_num_segments_10_segment_focus_9_left', 'CUMSUM_3_detrend_volatility_normalized_right', 'DIFF_7_cond_entropy_left', 'RAW_10_index_mass_quantile_q_0_1_right', 'RAW_10_benford_correlation_whole', 'RAW_11_change_quantiles_ql_0_2_qh_0_6_isabs_True_f_agg_var_whole', 'RAW_10_percentage_of_reoccurring_datapoints_to_all_datapoints_ratio_to_whole_right', 'CUMSUM_11_change_quantiles_ql_0_0_qh_0_2_isabs_True_f_agg_mean_whole', 'RAW_10_ratio_value_number_to_time_series_length_whole', 'DIFF_10_benford_correlation_left', 'RAW_11_change_quantiles_ql_0_4_qh_0_6_isabs_True_f_agg_var_whole', 'RAW_7_approx_entropy_left', 'RAW_10_quantile_0_1_ratio_to_whole_right', 'DIFF_2_bartlett_pvalue', 'RAW_11_energy_ratio_by_chunks_num_segments_10_segment_focus_0_right', 'RAW_1_stats_min_whole', 'DIFF_11_energy_ratio_by_chunks_num_segments_20_segment_focus_0_right', 'CUMSUM_2_kpss_pvalue_ratio_to_whole_left', 'RAW_10_percentage_of_reoccurring_values_to_all_values_diff', 'RAW_9_rpt_cost_cosine_whole', 'CUMSUM_11_change_quantiles_ql_0_6_qh_1_0_isabs_False_f_agg_mean_right', 'CUMSUM_10_partial_autocorrelation_lag_4_ratio_to_whole_left', 'RAW_11_change_quantiles_ql_0_4_qh_1_0_isabs_True_f_agg_mean_ratio', 'DIFF_10_benford_correlation_whole', 'RAW_2_bartlett_stat', 'RAW_11_agg_linear_trend_attr_rvalue_chunk_len_50_f_agg_mean_diff', 'DIFF_8_ar_param_3_left', 'RAW_2_bartlett_pvalue', 'RAW_1_stats_median_ratio', 'CUMSUM_11_change_quantiles_ql_0_0_qh_0_4_isabs_True_f_agg_mean_whole', 'DIFF_11_change_quantiles_ql_0_2_qh_1_0_isabs_False_f_agg_mean_right', 'RAW_10_quantile_0_1_ratio_to_whole_left']
2025-09-15 11:43:42 - Training-20250915_114340 - INFO - --------------------------------------------------
2025-09-15 11:43:42 - Training-20250915_114340 - INFO - Starting 5-fold cross-validation with enhanced data strategy...
2025-09-15 11:43:42 - Training-20250915_114340 - INFO - 创建增强数据交叉验证分割...
2025-09-15 11:43:42 - Training-20250915_114340 - INFO - 识别到 10001 条原始数据
2025-09-15 11:43:42 - Training-20250915_114340 - INFO - 识别到 0 条增强数据
2025-09-15 11:43:42 - Training-20250915_114340 - INFO - Fold 1: 训练集 8000 条 (原始: 8000, 增强: 0), 验证集 2001 条 (仅原始数据)
2025-09-15 11:43:42 - Training-20250915_114340 - INFO - --- Fold 1/5 ---
2025-09-15 11:43:42 - Training-20250915_114340 - INFO - 训练数据: (8000, 200), 验证数据: (2001, 200)
2025-09-15 11:44:34 - Training-20250915_114340 - INFO - Fold 1 Train AUC: 0.99942, Val AUC: 0.81852
2025-09-15 11:44:34 - Training-20250915_114340 - INFO - Fold 1 Early stopping step (best_iteration): 0
2025-09-15 11:44:34 - Training-20250915_114340 - INFO - Fold 1 finished in 52.74s
2025-09-15 11:44:34 - Training-20250915_114340 - INFO - Fold 2: 训练集 8001 条 (原始: 8001, 增强: 0), 验证集 2000 条 (仅原始数据)
2025-09-15 11:44:34 - Training-20250915_114340 - INFO - --- Fold 2/5 ---
2025-09-15 11:44:34 - Training-20250915_114340 - INFO - 训练数据: (8001, 200), 验证数据: (2000, 200)
2025-09-15 11:45:29 - Training-20250915_114340 - INFO - Fold 2 Train AUC: 0.99957, Val AUC: 0.81238
2025-09-15 11:45:29 - Training-20250915_114340 - INFO - Fold 2 Early stopping step (best_iteration): 0
2025-09-15 11:45:29 - Training-20250915_114340 - INFO - Fold 2 finished in 54.44s
2025-09-15 11:45:29 - Training-20250915_114340 - INFO - Fold 3: 训练集 8001 条 (原始: 8001, 增强: 0), 验证集 2000 条 (仅原始数据)
2025-09-15 11:45:29 - Training-20250915_114340 - INFO - --- Fold 3/5 ---
2025-09-15 11:45:29 - Training-20250915_114340 - INFO - 训练数据: (8001, 200), 验证数据: (2000, 200)
2025-09-15 11:46:24 - Training-20250915_114340 - INFO - Fold 3 Train AUC: 0.99948, Val AUC: 0.82601
2025-09-15 11:46:24 - Training-20250915_114340 - INFO - Fold 3 Early stopping step (best_iteration): 0
2025-09-15 11:46:24 - Training-20250915_114340 - INFO - Fold 3 finished in 55.06s
2025-09-15 11:46:24 - Training-20250915_114340 - INFO - Fold 4: 训练集 8001 条 (原始: 8001, 增强: 0), 验证集 2000 条 (仅原始数据)
2025-09-15 11:46:24 - Training-20250915_114340 - INFO - --- Fold 4/5 ---
2025-09-15 11:46:24 - Training-20250915_114340 - INFO - 训练数据: (8001, 200), 验证数据: (2000, 200)
2025-09-15 11:47:15 - Training-20250915_114340 - INFO - Fold 4 Train AUC: 0.99945, Val AUC: 0.81789
2025-09-15 11:47:15 - Training-20250915_114340 - INFO - Fold 4 Early stopping step (best_iteration): 0
2025-09-15 11:47:15 - Training-20250915_114340 - INFO - Fold 4 finished in 50.97s
2025-09-15 11:47:15 - Training-20250915_114340 - INFO - Fold 5: 训练集 8001 条 (原始: 8001, 增强: 0), 验证集 2000 条 (仅原始数据)
2025-09-15 11:47:15 - Training-20250915_114340 - INFO - --- Fold 5/5 ---
2025-09-15 11:47:15 - Training-20250915_114340 - INFO - 训练数据: (8001, 200), 验证数据: (2000, 200)
2025-09-15 11:48:08 - Training-20250915_114340 - INFO - Fold 5 Train AUC: 0.99949, Val AUC: 0.81288
2025-09-15 11:48:08 - Training-20250915_114340 - INFO - Fold 5 Early stopping step (best_iteration): 0
2025-09-15 11:48:08 - Training-20250915_114340 - INFO - Fold 5 finished in 52.63s
2025-09-15 11:48:08 - Training-20250915_114340 - INFO - Overall OOF AUC: 0.81751
2025-09-15 11:48:08 - Training-20250915_114340 - INFO - All outputs will be saved to: /public/home/gugq/gu-ADIA-Lab-Structural-Break/experiment/output/train_20250915_114808_auc_0_81751
2025-09-15 11:48:08 - Training-20250915_114340 - INFO - 特征重要性已保存到: /public/home/gugq/gu-ADIA-Lab-Structural-Break/experiment/output/train_20250915_114808_auc_0_81751/feature_importance.tsv
2025-09-15 11:48:08 - Training-20250915_114340 - INFO - feature importance saved.
2025-09-15 11:48:08 - Training-20250915_114340 - INFO - 训练流程结束，总耗时: 267.34 秒。
