2025-09-15 10:25:35 - Training-20250915_102535 - INFO - ========== Running Command: train ==========
2025-09-15 10:25:35 - Training-20250915_102535 - INFO - Args: {'command': 'train', 'feature_file': None, 'train_data_ids': ['0'], 'perm_imp': False, 'save_oof': False, 'save_model': False}
2025-09-15 10:25:35 - Training-20250915_102535 - INFO - =======================================
2025-09-15 10:25:35 - Training-20250915_102535 - INFO - Starting training and evaluation pipeline...
2025-09-15 10:25:35 - Training-20250915_102535 - INFO - Model Parameters: {
    "objective": "binary",
    "metric": "auc",
    "boosting_type": "gbdt",
    "n_estimators": 3000,
    "learning_rate": 0.005,
    "num_leaves": 29,
    "random_state": 42,
    "n_jobs": 72,
    "reg_alpha": 3,
    "reg_lambda": 3,
    "colsample_bytree": 0.8,
    "subsample": 0.8
}
2025-09-15 10:25:36 - Training-20250915_102535 - INFO - Successfully loaded features from: features_20250915_101451.parquet
2025-09-15 10:25:36 - Training-20250915_102535 - INFO - Loading data...
2025-09-15 10:25:37 - Training-20250915_102535 - INFO - Original data loaded successfully.
2025-09-15 10:25:37 - Training-20250915_102535 - INFO - X_train shape: (23715734, 2)
2025-09-15 10:25:37 - Training-20250915_102535 - INFO - X_train type: <class 'pandas.core.frame.DataFrame'>
2025-09-15 10:25:37 - Training-20250915_102535 - INFO - y_train shape: (10001, 1)
2025-09-15 10:25:37 - Training-20250915_102535 - INFO - y_train type: <class 'pandas.core.frame.DataFrame'>
2025-09-15 10:25:37 - Training-20250915_102535 - INFO - Loading enhancement data with IDs: ['0']
2025-09-15 10:25:37 - Training-20250915_102535 - INFO - Total datasets loaded: 1
2025-09-15 10:25:37 - Training-20250915_102535 - INFO - Dataset 0: X shape (23715734, 2), y shape (10001, 1)
2025-09-15 10:25:37 - Training-20250915_102535 - INFO - Return CONCATED data shape: X (23715734, 2), y (10001, 1)
2025-09-15 10:25:37 - Training-20250915_102535 - INFO - 训练数据已对齐. X shape: (10001, 4881), y shape: (10001,)
2025-09-15 10:25:37 - Training-20250915_102535 - INFO - --- 使用的特征列表 (共 3412 个) ---
2025-09-15 10:25:37 - Training-20250915_102535 - INFO - 前50个特征: ['RAW_1_stats_mean_left', 'RAW_1_stats_mean_right', 'RAW_1_stats_mean_whole', 'RAW_1_stats_mean_diff', 'RAW_1_stats_mean_ratio', 'RAW_1_stats_mean_contribution_left', 'RAW_1_stats_mean_contribution_right', 'RAW_1_stats_mean_ratio_to_whole_left', 'RAW_1_stats_mean_ratio_to_whole_right', 'RAW_1_stats_median_left', 'RAW_1_stats_median_right', 'RAW_1_stats_median_whole', 'RAW_1_stats_median_diff', 'RAW_1_stats_median_ratio', 'RAW_1_stats_median_contribution_left', 'RAW_1_stats_median_contribution_right', 'RAW_1_stats_median_ratio_to_whole_left', 'RAW_1_stats_median_ratio_to_whole_right', 'RAW_1_stats_max_left', 'RAW_1_stats_max_right', 'RAW_1_stats_max_whole', 'RAW_1_stats_max_diff', 'RAW_1_stats_max_ratio', 'RAW_1_stats_max_contribution_left', 'RAW_1_stats_max_contribution_right', 'RAW_1_stats_max_ratio_to_whole_left', 'RAW_1_stats_max_ratio_to_whole_right', 'RAW_1_stats_min_left', 'RAW_1_stats_min_right', 'RAW_1_stats_min_whole', 'RAW_1_stats_min_diff', 'RAW_1_stats_min_ratio', 'RAW_1_stats_min_contribution_left', 'RAW_1_stats_min_contribution_right', 'RAW_1_stats_min_ratio_to_whole_left', 'RAW_1_stats_min_ratio_to_whole_right', 'RAW_1_stats_range_left', 'RAW_1_stats_range_right', 'RAW_1_stats_range_whole', 'RAW_1_stats_range_diff', 'RAW_1_stats_range_ratio', 'RAW_1_stats_range_contribution_left', 'RAW_1_stats_range_contribution_right', 'RAW_1_stats_range_ratio_to_whole_left', 'RAW_1_stats_range_ratio_to_whole_right', 'RAW_1_stats_std_left', 'RAW_1_stats_std_right', 'RAW_1_stats_std_whole', 'RAW_1_stats_std_diff', 'RAW_1_stats_std_ratio']
2025-09-15 10:25:37 - Training-20250915_102535 - INFO - --------------------------------------------------
2025-09-15 10:25:37 - Training-20250915_102535 - INFO - Starting 5-fold cross-validation with enhanced data strategy...
2025-09-15 10:25:37 - Training-20250915_102535 - INFO - 创建增强数据交叉验证分割...
2025-09-15 10:25:37 - Training-20250915_102535 - INFO - 识别到 10001 条原始数据
2025-09-15 10:25:37 - Training-20250915_102535 - INFO - 识别到 0 条增强数据
2025-09-15 10:25:37 - Training-20250915_102535 - INFO - Fold 1: 训练集 8000 条 (原始: 8000, 增强: 0), 验证集 2001 条 (仅原始数据)
2025-09-15 10:25:37 - Training-20250915_102535 - INFO - --- Fold 1/5 ---
2025-09-15 10:25:37 - Training-20250915_102535 - INFO - 训练数据: (8000, 3412), 验证数据: (2001, 3412)
2025-09-15 10:29:32 - Training-20250915_102535 - INFO - Fold 1 Train AUC: 1.00000, Val AUC: 0.78119
2025-09-15 10:29:32 - Training-20250915_102535 - INFO - Fold 1 Early stopping step (best_iteration): 0
2025-09-15 10:29:32 - Training-20250915_102535 - INFO - Fold 1 finished in 234.54s
2025-09-15 10:29:32 - Training-20250915_102535 - INFO - Fold 2: 训练集 8001 条 (原始: 8001, 增强: 0), 验证集 2000 条 (仅原始数据)
2025-09-15 10:29:32 - Training-20250915_102535 - INFO - --- Fold 2/5 ---
2025-09-15 10:29:32 - Training-20250915_102535 - INFO - 训练数据: (8001, 3412), 验证数据: (2000, 3412)
2025-09-15 10:33:24 - Training-20250915_102535 - INFO - Fold 2 Train AUC: 1.00000, Val AUC: 0.76709
2025-09-15 10:33:24 - Training-20250915_102535 - INFO - Fold 2 Early stopping step (best_iteration): 0
2025-09-15 10:33:24 - Training-20250915_102535 - INFO - Fold 2 finished in 232.76s
2025-09-15 10:33:24 - Training-20250915_102535 - INFO - Fold 3: 训练集 8001 条 (原始: 8001, 增强: 0), 验证集 2000 条 (仅原始数据)
2025-09-15 10:33:24 - Training-20250915_102535 - INFO - --- Fold 3/5 ---
2025-09-15 10:33:24 - Training-20250915_102535 - INFO - 训练数据: (8001, 3412), 验证数据: (2000, 3412)
2025-09-15 10:37:26 - Training-20250915_102535 - INFO - Fold 3 Train AUC: 1.00000, Val AUC: 0.78733
2025-09-15 10:37:26 - Training-20250915_102535 - INFO - Fold 3 Early stopping step (best_iteration): 0
2025-09-15 10:37:26 - Training-20250915_102535 - INFO - Fold 3 finished in 241.38s
2025-09-15 10:37:26 - Training-20250915_102535 - INFO - Fold 4: 训练集 8001 条 (原始: 8001, 增强: 0), 验证集 2000 条 (仅原始数据)
2025-09-15 10:37:26 - Training-20250915_102535 - INFO - --- Fold 4/5 ---
2025-09-15 10:37:26 - Training-20250915_102535 - INFO - 训练数据: (8001, 3412), 验证数据: (2000, 3412)
2025-09-15 10:41:18 - Training-20250915_102535 - INFO - Fold 4 Train AUC: 1.00000, Val AUC: 0.77433
2025-09-15 10:41:18 - Training-20250915_102535 - INFO - Fold 4 Early stopping step (best_iteration): 0
2025-09-15 10:41:18 - Training-20250915_102535 - INFO - Fold 4 finished in 232.24s
2025-09-15 10:41:18 - Training-20250915_102535 - INFO - Fold 5: 训练集 8001 条 (原始: 8001, 增强: 0), 验证集 2000 条 (仅原始数据)
2025-09-15 10:41:18 - Training-20250915_102535 - INFO - --- Fold 5/5 ---
2025-09-15 10:41:18 - Training-20250915_102535 - INFO - 训练数据: (8001, 3412), 验证数据: (2000, 3412)
2025-09-15 10:45:14 - Training-20250915_102535 - INFO - Fold 5 Train AUC: 1.00000, Val AUC: 0.77094
2025-09-15 10:45:14 - Training-20250915_102535 - INFO - Fold 5 Early stopping step (best_iteration): 0
2025-09-15 10:45:14 - Training-20250915_102535 - INFO - Fold 5 finished in 235.97s
2025-09-15 10:45:14 - Training-20250915_102535 - INFO - Overall OOF AUC: 0.77615
2025-09-15 10:45:14 - Training-20250915_102535 - INFO - All outputs will be saved to: /public/home/gugq/gu-ADIA-Lab-Structural-Break/experiment/output/train_20250915_104514_auc_0_77615
2025-09-15 10:45:14 - Training-20250915_102535 - INFO - 特征重要性已保存到: /public/home/gugq/gu-ADIA-Lab-Structural-Break/experiment/output/train_20250915_104514_auc_0_77615/feature_importance.tsv
2025-09-15 10:45:14 - Training-20250915_102535 - INFO - feature importance saved.
2025-09-15 10:45:14 - Training-20250915_102535 - INFO - 训练流程结束，总耗时: 1178.60 秒。
