2025-07-07 01:26:41 - Training-20250707_012641 - INFO - ========== Running Command: train ==========
2025-07-07 01:26:41 - Training-20250707_012641 - INFO - Args: {'command': 'train', 'feature_file': None, 'save_oof': False, 'save_model': False}
2025-07-07 01:26:41 - Training-20250707_012641 - INFO - =======================================
2025-07-07 01:26:41 - Training-20250707_012641 - INFO - Starting training and evaluation pipeline...
2025-07-07 01:26:41 - Training-20250707_012641 - INFO - Model Parameters: {
    "objective": "binary",
    "metric": "auc",
    "random_state": 42,
    "n_estimators": 1000,
    "learning_rate": 0.005,
    "num_leaves": 31,
    "n_jobs": -1
}
2025-07-07 01:26:41 - Training-20250707_012641 - INFO - 未指定特征文件，将尝试加载最新版本。
2025-07-07 01:26:41 - Training-20250707_012641 - INFO - 正在从 features_20250707_012109.parquet 加载特征...
2025-07-07 01:26:41 - Training-20250707_012641 - INFO - 特征加载成功，共 60 个特征。
2025-07-07 01:26:41 - Training-20250707_012641 - INFO - Successfully loaded features from: features_20250707_012109.parquet
2025-07-07 01:26:42 - Training-20250707_012641 - INFO - 训练数据已对齐. X shape: (10001, 60), y shape: (10001, 1)
2025-07-07 01:26:42 - Training-20250707_012641 - INFO - Starting 5-fold cross-validation with LightGBM...
2025-07-07 01:26:42 - Training-20250707_012641 - INFO - --- Fold 1/5 ---
2025-07-07 01:26:47 - Training-20250707_012641 - INFO - Fold 1 AUC: 0.69899
2025-07-07 01:26:47 - Training-20250707_012641 - INFO - --- Fold 2/5 ---
2025-07-07 01:26:51 - Training-20250707_012641 - INFO - Fold 2 AUC: 0.67277
2025-07-07 01:26:51 - Training-20250707_012641 - INFO - --- Fold 3/5 ---
2025-07-07 01:26:54 - Training-20250707_012641 - INFO - Fold 3 AUC: 0.70941
2025-07-07 01:26:54 - Training-20250707_012641 - INFO - --- Fold 4/5 ---
2025-07-07 01:26:57 - Training-20250707_012641 - INFO - Fold 4 AUC: 0.68964
2025-07-07 01:26:57 - Training-20250707_012641 - INFO - --- Fold 5/5 ---
2025-07-07 01:27:01 - Training-20250707_012641 - INFO - Fold 5 AUC: 0.67614
2025-07-07 01:27:01 - Training-20250707_012641 - INFO - Overall OOF AUC: 0.68852
2025-07-07 01:27:01 - Training-20250707_012641 - INFO - 所有产出物将保存到: E:\CSworks\2025spring\crunch\repo\ADIA-Lab-Structural-Break\experiment\output\train_20250707_012701_auc_0_68852
