2025-07-16 11:18:38 - Training-20250716_111838 - INFO - ========== Running Command: train ==========
2025-07-16 11:18:38 - Training-20250716_111838 - INFO - Args: {'command': 'train', 'feature_file': None, 'save_oof': False, 'save_model': False, 'perm_imp': True}
2025-07-16 11:18:38 - Training-20250716_111838 - INFO - =======================================
2025-07-16 11:18:38 - Training-20250716_111838 - INFO - Starting training and evaluation pipeline...
2025-07-16 11:18:38 - Training-20250716_111838 - INFO - Model Parameters: {
    "objective": "binary",
    "metric": "auc",
    "boosting_type": "gbdt",
    "random_state": 42,
    "n_estimators": 4000,
    "learning_rate": 0.005,
    "num_leaves": 31,
    "n_jobs": -1,
    "reg_alpha": 0.5,
    "reg_lambda": 0.5,
    "colsample_bytree": 0.8,
    "subsample": 0.8
}
2025-07-16 11:18:38 - Training-20250716_111838 - INFO - 未指定特征文件，将尝试加载最新版本。
2025-07-16 11:18:38 - Training-20250716_111838 - INFO - 正在从 features_20250716_111815.parquet 加载特征...
2025-07-16 11:18:38 - Training-20250716_111838 - INFO - 特征加载成功，共 203 个特征。
