2025-08-18 22:30:24 - Training-20250818_223024 - INFO - ========== Running Command: train ==========
2025-08-18 22:30:24 - Training-20250818_223024 - INFO - Args: {'command': 'train', 'feature_file': None, 'train_data_ids': ['0'], 'perm_imp': False, 'save_oof': False, 'save_model': True}
2025-08-18 22:30:24 - Training-20250818_223024 - INFO - =======================================
2025-08-18 22:30:24 - Training-20250818_223024 - INFO - Starting training and evaluation pipeline...
2025-08-18 22:30:24 - Training-20250818_223024 - INFO - Model Parameters: {
    "objective": "binary",
    "metric": "auc",
    "boosting_type": "gbdt",
    "n_estimators": 4000,
    "learning_rate": 0.005,
    "num_leaves": 29,
    "random_state": 42,
    "n_jobs": 12,
    "reg_alpha": 3,
    "reg_lambda": 3,
    "colsample_bytree": 0.8,
    "subsample": 0.8
}
2025-08-18 22:30:25 - Training-20250818_223024 - INFO - Successfully loaded features from: features_20250818_211822.parquet
2025-08-18 22:30:25 - Training-20250818_223024 - INFO - Loading data...
2025-08-18 22:30:26 - Training-20250818_223024 - INFO - Original data loaded successfully.
2025-08-18 22:30:26 - Training-20250818_223024 - INFO - X_train shape: (23715734, 2)
2025-08-18 22:30:26 - Training-20250818_223024 - INFO - y_train shape: (10001, 1)
2025-08-18 22:30:26 - Training-20250818_223024 - INFO - Loading enhancement data with IDs: ['0']
2025-08-18 22:30:26 - Training-20250818_223024 - INFO - Total datasets loaded: 1
2025-08-18 22:30:26 - Training-20250818_223024 - INFO - Dataset 0: X shape (23715734, 2), y shape (10001, 1)
2025-08-18 22:30:26 - Training-20250818_223024 - INFO - Return CONCATED data shape: X (23715734, 2), y (10001, 1)
2025-08-18 22:30:26 - Training-20250818_223024 - INFO - 训练数据已对齐. X shape: (10001, 3126), y shape: (10001,)
2025-08-18 22:30:26 - Training-20250818_223024 - INFO - --- 使用的特征列表 (共 99 个) ---
2025-08-18 22:30:26 - Training-20250818_223024 - INFO - ['mul_RAW_1_stats_cv_whole_RAW_1_stats_std_whole', 'sub_RAW_8_percentage_of_reoccurring_values_to_all_values_contribution_left_RAW_7_sample_entropy_left', 'sub_RAW_8_percentage_of_reoccurring_datapoints_to_all_datapoints_contribution_left_RAW_7_sample_entropy_left', 'sqmul_RAW_1_stats_cv_whole_RAW_1_stats_std_whole', 'cross_mul_RAW_8_percentage_of_reoccurring_values_to_all_values_ratio_to_whole_left_RAW_3_cumsum_max_ratio_to_whole_left', 'add_RAW_8_index_mass_quantile_q_0_8_ratio_to_whole_left_RAW_8_index_mass_quantile_q_0_1_right', 'div_RAW_7_sample_entropy_left_RAW_3_cumsum_linear_trend_pvalue_whole', 'cross_mul_RAW_8_percentage_of_reoccurring_datapoints_to_all_datapoints_contribution_left_RAW_8_ratio_value_number_to_time_series_length_ratio_to_whole_left', 'cross_mul_RAW_8_index_mass_quantile_q_0_1_right_RAW_8_energy_ratio_by_chunks_num_segments_10_segment_focus_9_left', 'div_RAW_8_percentage_of_reoccurring_values_to_all_values_contribution_left_RAW_8_percentage_of_reoccurring_values_to_all_values_ratio_to_whole_left', 'div_RAW_8_percentage_of_reoccurring_datapoints_to_all_datapoints_contribution_left_RAW_8_percentage_of_reoccurring_values_to_all_values_ratio_to_whole_left', 'RAW_8_ratio_value_number_to_time_series_length_whole', 'sqmul_RAW_1_stats_std_whole_RAW_1_stats_cv_whole', 'div_RAW_1_stats_cv_whole_RAW_8_percentage_of_reoccurring_datapoints_to_all_datapoints_contribution_left', 'add_RAW_8_percentage_of_reoccurring_datapoints_to_all_datapoints_contribution_left_RAW_1_stats_std_whole', 'cross_mul_RAW_8_index_mass_quantile_q_0_1_right_RAW_10_rpt_cost_cosine_whole', 'cross_mul_RAW_8_quantile_0_4_whole_RAW_2_levene_stat', 'add_RAW_8_percentage_of_reoccurring_datapoints_to_all_datapoints_contribution_left_RAW_8_quantile_0_4_whole', 'cross_mul_RAW_7_sample_entropy_left_RAW_2_ks_stat', 'cross_mul_RAW_8_percentage_of_reoccurring_datapoints_to_all_datapoints_contribution_left_RAW_4_autocorr_lag1_ratio', 'cross_mul_RAW_1_stats_cv_whole_RAW_8_change_quantiles_f_agg_var_isabs_False_qh_0_8_ql_0_0_whole', 'cross_mul_RAW_8_index_mass_quantile_q_0_1_right_RAW_8_quantile_0_4_ratio_to_whole_left', 'cross_mul_RAW_8_quantile_0_4_whole_RAW_2_bartlett_pvalue', 'cross_mul_RAW_7_sample_entropy_left_RAW_2_bartlett_stat', 'cross_mul_RAW_1_stats_cv_whole_RAW_2_ad_stat', 'div_RAW_8_percentage_of_reoccurring_datapoints_to_all_datapoints_contribution_left_RAW_8_percentage_of_reoccurring_values_to_all_values_contribution_left', 'cross_mul_RAW_1_stats_std_whole_RAW_2_ad_stat', 'div_RAW_1_stats_std_whole_RAW_8_quantile_0_4_whole', 'cross_mul_RAW_1_stats_cv_whole_RAW_1_stats_min_whole', 'cross_mul_RAW_8_index_mass_quantile_q_0_8_ratio_to_whole_left_RAW_8_ratio_beyond_r_sigma_0_5_diff', 'RAW_7_perm_entropy_left', 'cross_mul_RAW_1_stats_cv_whole_RAW_3_cumsum_max_ratio_to_whole_left', 'cross_mul_RAW_8_index_mass_quantile_q_0_1_right_RAW_8_change_quantiles_f_agg_var_isabs_True_qh_0_6_ql_0_2_contribution_left', 'div_RAW_7_sample_entropy_left_RAW_1_stats_cv_whole', 'cross_mul_RAW_3_cumsum_linear_trend_pvalue_whole_RAW_2_ad_stat', 'cross_mul_RAW_8_quantile_0_4_whole_RAW_3_cumsum_linear_trend_r2_whole', 'cross_mul_RAW_1_stats_cv_whole_RAW_8_agg_linear_trend_attr_slope_chunk_len_10_f_agg_mean_contribution_left', 'cross_mul_RAW_1_stats_cv_whole_RAW_8_ratio_value_number_to_time_series_length_ratio_to_whole_right', 'sqmul_RAW_8_index_mass_quantile_q_0_1_right_RAW_8_index_mass_quantile_q_0_8_ratio_to_whole_left', 'cross_mul_RAW_8_quantile_0_4_whole_RAW_7_katz_fd_whole', 'RAW_2_adf_icbest_left', 'div_RAW_8_quantile_0_4_whole_RAW_1_stats_std_whole', 'cross_mul_RAW_8_index_mass_quantile_q_0_1_right_RAW_2_bartlett_pvalue', 'cross_mul_RAW_8_quantile_0_4_whole_RAW_8_ar_coefficient_coeff_0_k_10_right', 'cross_mul_RAW_8_index_mass_quantile_q_0_1_right_RAW_4_diff_var_contribution_left', 'cross_mul_RAW_8_index_mass_quantile_q_0_8_ratio_to_whole_left_RAW_3_cumsum_max_ratio_to_whole_left', 'RAW_8_quantile_0_4_ratio_to_whole_left', 'cross_mul_RAW_7_sample_entropy_left_RAW_4_autocorr_lag1_diff', 'cross_mul_RAW_1_stats_std_whole_RAW_7_katz_fd_whole', 'cross_mul_RAW_8_index_mass_quantile_q_0_8_ratio_to_whole_left_RAW_8_energy_ratio_by_chunks_num_segments_10_segment_focus_9_left', 'cross_mul_RAW_8_index_mass_quantile_q_0_8_ratio_to_whole_left_RAW_8_ratio_value_number_to_time_series_length_ratio_to_whole_left', 'cross_mul_RAW_8_index_mass_quantile_q_0_8_ratio_to_whole_left_RAW_8_ratio_value_number_to_time_series_length_ratio_to_whole_right', 'RAW_3_cumsum_max_ratio_to_whole_left', 'RAW_7_katz_fd_whole', 'cross_mul_RAW_7_sample_entropy_left_RAW_1_stats_min_whole', 'cross_mul_RAW_8_quantile_0_4_whole_RAW_8_quantile_0_6_right', 'RAW_8_ratio_beyond_r_sigma_1_ratio_to_whole_left', 'cross_mul_RAW_8_quantile_0_4_whole_RAW_8_agg_linear_trend_attr_rvalue_chunk_len_50_f_agg_max_ratio_to_whole_left', 'cross_mul_RAW_7_sample_entropy_left_RAW_8_ratio_beyond_r_sigma_1_5_diff', 'sub_RAW_8_index_mass_quantile_q_0_8_ratio_to_whole_left_RAW_7_sample_entropy_left', 'RAW_4_diff_var_contribution_left', 'cross_mul_RAW_8_index_mass_quantile_q_0_8_ratio_to_whole_left_RAW_8_index_mass_quantile_q_0_6_right', 'cross_mul_RAW_8_index_mass_quantile_q_0_1_right_RAW_7_katz_fd_whole', 'RAW_8_ratio_beyond_r_sigma_1_left', 'RAW_7_svd_entropy_whole', 'cross_mul_RAW_7_sample_entropy_left_RAW_7_shannon_entropy_left', 'sub_RAW_8_percentage_of_reoccurring_datapoints_to_all_datapoints_contribution_left_RAW_1_stats_std_whole', 'cross_mul_RAW_1_stats_std_whole_RAW_2_ks_pvalue', 'cross_mul_RAW_7_sample_entropy_left_RAW_1_stats_min_diff', 'cross_mul_RAW_8_percentage_of_reoccurring_values_to_all_values_contribution_left_RAW_8_sum_of_reoccurring_data_points_ratio_to_whole_left', 'cross_mul_RAW_8_index_mass_quantile_q_0_1_right_RAW_8_ratio_value_number_to_time_series_length_whole', 'cross_mul_RAW_1_stats_cv_whole_RAW_1_stats_min_diff', 'RAW_8_quantile_0_1_ratio_to_whole_right', 'cross_mul_RAW_8_index_mass_quantile_q_0_8_ratio_to_whole_left_RAW_4_diff_var_contribution_right', 'cross_mul_RAW_8_index_mass_quantile_q_0_8_ratio_to_whole_left_RAW_8_fft_coefficient_attr_imag_coeff_1_ratio_to_whole_left', 'div_RAW_1_stats_std_whole_RAW_3_cumsum_linear_trend_pvalue_whole', 'cross_mul_RAW_7_sample_entropy_left_RAW_4_diff_var_contribution_left', 'RAW_8_benford_correlation_whole', 'cross_mul_RAW_8_quantile_0_4_whole_RAW_2_levene_pvalue', 'cross_mul_RAW_1_stats_cv_whole_RAW_8_ar_coefficient_coeff_2_k_10_left', 'cross_mul_RAW_8_index_mass_quantile_q_0_1_right_RAW_8_fft_coefficient_attr_imag_coeff_1_ratio_to_whole_right', 'sqmul_RAW_8_index_mass_quantile_q_0_1_right_RAW_1_stats_cv_whole', 'RAW_8_index_mass_quantile_q_0_6_ratio_to_whole_left', 'cross_mul_RAW_7_sample_entropy_left_RAW_3_cumsum_linear_trend_r2_whole', 'RAW_8_benford_correlation_ratio_to_whole_left', 'RAW_7_higuchi_fd_ratio_to_whole_right', 'RAW_8_energy_ratio_by_chunks_num_segments_10_segment_focus_9_left', 'cross_mul_RAW_7_sample_entropy_left_RAW_8_count_above_0_left', 'cross_mul_RAW_3_cumsum_linear_trend_pvalue_whole_RAW_2_bartlett_pvalue', 'cross_mul_RAW_1_stats_std_whole_RAW_1_stats_median_ratio', 'cross_mul_RAW_8_index_mass_quantile_q_0_8_ratio_to_whole_left_RAW_9_ar_param_5_diff', 'div_RAW_8_index_mass_quantile_q_0_8_ratio_to_whole_left_RAW_7_sample_entropy_left', 'add_RAW_3_cumsum_linear_trend_pvalue_whole_RAW_1_stats_std_whole', 'cross_mul_RAW_1_stats_std_whole_RAW_2_levene_stat', 'cross_mul_RAW_8_percentage_of_reoccurring_values_to_all_values_ratio_to_whole_left_RAW_8_ratio_beyond_r_sigma_3_diff', 'cross_mul_RAW_7_sample_entropy_left_RAW_3_cumsum_detrend_volatility_normalized_whole', 'cross_mul_RAW_8_index_mass_quantile_q_0_8_ratio_to_whole_left_RAW_8_quantile_0_4_ratio_to_whole_left', 'cross_mul_RAW_1_stats_cv_whole_RAW_8_percentage_of_reoccurring_values_to_all_values_diff', 'cross_mul_RAW_8_index_mass_quantile_q_0_1_right_RAW_3_cumsum_max_ratio_to_whole_left']
2025-08-18 22:30:26 - Training-20250818_223024 - INFO - --------------------------------------------------
2025-08-18 22:30:26 - Training-20250818_223024 - INFO - Starting 5-fold cross-validation with enhanced data strategy...
2025-08-18 22:30:26 - Training-20250818_223024 - INFO - 创建增强数据交叉验证分割...
2025-08-18 22:30:26 - Training-20250818_223024 - INFO - 识别到 10001 条原始数据
2025-08-18 22:30:26 - Training-20250818_223024 - INFO - 识别到 0 条增强数据
2025-08-18 22:30:26 - Training-20250818_223024 - INFO - Fold 1: 训练集 8000 条 (原始: 8000, 增强: 0), 验证集 2001 条 (仅原始数据)
2025-08-18 22:30:26 - Training-20250818_223024 - INFO - --- Fold 1/5 ---
2025-08-18 22:30:47 - Training-20250818_223024 - INFO - Fold 1 Train AUC: 0.99075, Val AUC: 0.89291
2025-08-18 22:30:47 - Training-20250818_223024 - INFO - Fold 1 finished in 20.08s
2025-08-18 22:30:47 - Training-20250818_223024 - INFO - Fold 2: 训练集 8001 条 (原始: 8001, 增强: 0), 验证集 2000 条 (仅原始数据)
2025-08-18 22:30:47 - Training-20250818_223024 - INFO - --- Fold 2/5 ---
2025-08-18 22:31:07 - Training-20250818_223024 - INFO - Fold 2 Train AUC: 0.99174, Val AUC: 0.88155
2025-08-18 22:31:07 - Training-20250818_223024 - INFO - Fold 2 finished in 20.15s
2025-08-18 22:31:07 - Training-20250818_223024 - INFO - Fold 3: 训练集 8001 条 (原始: 8001, 增强: 0), 验证集 2000 条 (仅原始数据)
2025-08-18 22:31:07 - Training-20250818_223024 - INFO - --- Fold 3/5 ---
2025-08-18 22:31:31 - Training-20250818_223024 - INFO - Fold 3 Train AUC: 0.99550, Val AUC: 0.89874
2025-08-18 22:31:31 - Training-20250818_223024 - INFO - Fold 3 finished in 24.23s
2025-08-18 22:31:31 - Training-20250818_223024 - INFO - Fold 4: 训练集 8001 条 (原始: 8001, 增强: 0), 验证集 2000 条 (仅原始数据)
2025-08-18 22:31:31 - Training-20250818_223024 - INFO - --- Fold 4/5 ---
2025-08-18 22:31:54 - Training-20250818_223024 - INFO - Fold 4 Train AUC: 0.99416, Val AUC: 0.89837
2025-08-18 22:31:54 - Training-20250818_223024 - INFO - Fold 4 finished in 22.57s
2025-08-18 22:31:54 - Training-20250818_223024 - INFO - Fold 5: 训练集 8001 条 (原始: 8001, 增强: 0), 验证集 2000 条 (仅原始数据)
2025-08-18 22:31:54 - Training-20250818_223024 - INFO - --- Fold 5/5 ---
2025-08-18 22:32:14 - Training-20250818_223024 - INFO - Fold 5 Train AUC: 0.99212, Val AUC: 0.88290
2025-08-18 22:32:14 - Training-20250818_223024 - INFO - Fold 5 finished in 20.21s
2025-08-18 22:32:14 - Training-20250818_223024 - INFO - Overall OOF AUC: 0.89092
2025-08-18 22:32:14 - Training-20250818_223024 - INFO - All outputs will be saved to: E:\CSworks\2025spring\crunch\repo\ADIA-Lab-Structural-Break\experiment\output\train_20250818_223214_auc_0_89092
2025-08-18 22:32:14 - Training-20250818_223024 - INFO - 特征重要性已保存到: E:\CSworks\2025spring\crunch\repo\ADIA-Lab-Structural-Break\experiment\output\train_20250818_223214_auc_0_89092\feature_importance.tsv
2025-08-18 22:32:14 - Training-20250818_223024 - INFO - feature importance saved.
2025-08-18 22:32:15 - Training-20250818_223024 - INFO - Models saved.
2025-08-18 22:32:15 - Training-20250818_223024 - INFO - 训练流程结束，总耗时: 110.62 秒。
