2025-07-08 13:53:09 - Training-20250708_135309 - INFO - ========== Running Command: train ==========
2025-07-08 13:53:09 - Training-20250708_135309 - INFO - Args: {'command': 'train', 'feature_file': None, 'save_oof': False, 'save_model': False}
2025-07-08 13:53:09 - Training-20250708_135309 - INFO - =======================================
2025-07-08 13:53:09 - Training-20250708_135309 - INFO - Starting training and evaluation pipeline...
2025-07-08 13:53:09 - Training-20250708_135309 - INFO - Model Parameters: {
    "objective": "binary",
    "metric": "auc",
    "random_state": 42,
    "n_estimators": 1000,
    "learning_rate": 0.005,
    "num_leaves": 31,
    "n_jobs": -1
}
2025-07-08 13:53:09 - Training-20250708_135309 - INFO - 未指定特征文件，将尝试加载最新版本。
2025-07-08 13:53:09 - Training-20250708_135309 - INFO - 正在从 features_20250708_135210.parquet 加载特征...
2025-07-08 13:53:10 - Training-20250708_135309 - INFO - 特征加载成功，共 113 个特征。
2025-07-08 13:53:10 - Training-20250708_135309 - INFO - Successfully loaded features from: features_20250708_135210.parquet
2025-07-08 13:53:12 - Training-20250708_135309 - INFO - 训练数据已对齐. X shape: (10001, 113), y shape: (10001,)
2025-07-08 13:53:12 - Training-20250708_135309 - INFO - --- 使用的特征列表 (共 113 个) ---
2025-07-08 13:53:12 - Training-20250708_135309 - INFO - ['sum_diff', 'cumsum_max_diff', 'zero_cross_diff', 'autocorr_lag1_diff', 'diff_var_diff', 'dominant_freq_diff', 'max_power_diff', 'ptp_diff', 'iqr_diff', 'cv_diff', 'rolling_std_diff', 'theil_sen_slope_diff', 'ar_resid_std_diff', 'ar_aic_diff', 'ar_predict_mse', 'shannon_entropy_0', 'shannon_entropy_1', 'shannon_entropy_diff', 'perm_entropy_0', 'perm_entropy_1', 'perm_entropy_diff', 'spectral_entropy_0', 'spectral_entropy_1', 'spectral_entropy_diff', 'svd_entropy_0', 'svd_entropy_1', 'svd_entropy_diff', 'approx_entropy_0', 'approx_entropy_1', 'approx_entropy_diff', 'sample_entropy_0', 'sample_entropy_1', 'sample_entropy_diff', 'hjorth_mobility_0', 'hjorth_complexity_0', 'hjorth_mobility_1', 'hjorth_complexity_1', 'hjorth_mobility_diff', 'hjorth_complexity_diff', 'num_zerocross_0', 'num_zerocross_1', 'num_zerocross_diff', 'lziv_complexity_0', 'lziv_complexity_1', 'lziv_complexity_diff', 'cond_entropy_0', 'cond_entropy_1', 'cond_entropy_diff', 'petrosian_fd_diff', 'katz_fd_diff', 'higuchi_fd_diff', 'detrended_fluctuation_diff', 'mean_diff', 'std_diff', 'std_ratio', 'skew_diff', 'kurt_diff', 'ks_stat', 'ks_pvalue', 'ttest_pvalue', 'ad_stat', 'ad_pvalue', 'ratio_value_number_to_time_series_length', 'ratio_beyond_r_sigma_6', 'ratio_beyond_r_sigma_1_5', 'quantile_0_6', 'quantile_0_4', 'quantile_0_1', 'percentage_of_reoccurring_values_to_all_values', 'percentage_of_reoccurring_datapoints_to_all_datapoints', 'last_location_of_maximum', 'first_location_of_maximum', 'partial_autocorrelation_lag_2', 'linear_trend_attr_slope_', 'linear_trend_attr_rvalue_', 'linear_trend_attr_intercept_', 'fft_coefficient_attr_imag_coeff_3', 'fft_coefficient_attr_imag_coeff_2', 'fft_coefficient_attr_imag_coeff_1', 'change_quantiles_f_agg_var_isabs_True_qh_1_0_ql_0_4', 'change_quantiles_f_agg_var_isabs_True_qh_1_0_ql_0_2', 'change_quantiles_f_agg_var_isabs_True_qh_0_8_ql_0_6', 'change_quantiles_f_agg_var_isabs_True_qh_0_8_ql_0_4', 'change_quantiles_f_agg_var_isabs_True_qh_0_8_ql_0_2', 'change_quantiles_f_agg_var_isabs_True_qh_0_6_ql_0_4', 'change_quantiles_f_agg_var_isabs_True_qh_0_6_ql_0_2', 'change_quantiles_f_agg_var_isabs_True_qh_0_4_ql_0_2', 'change_quantiles_f_agg_var_isabs_False_qh_1_0_ql_0_4', 'change_quantiles_f_agg_var_isabs_False_qh_1_0_ql_0_2', 'change_quantiles_f_agg_var_isabs_False_qh_0_8_ql_0_4', 'change_quantiles_f_agg_var_isabs_False_qh_0_8_ql_0_2', 'change_quantiles_f_agg_var_isabs_False_qh_0_8_ql_0_0', 'change_quantiles_f_agg_var_isabs_False_qh_0_6_ql_0_4', 'change_quantiles_f_agg_var_isabs_False_qh_0_6_ql_0_2', 'change_quantiles_f_agg_var_isabs_False_qh_0_4_ql_0_2', 'change_quantiles_f_agg_mean_isabs_True_qh_1_0_ql_0_4', 'change_quantiles_f_agg_mean_isabs_True_qh_0_6_ql_0_4', 'ar_coefficient_coeff_2_k_10', 'agg_linear_trend_attr_slope_chunk_len_50_f_agg_mean_', 'agg_linear_trend_attr_slope_chunk_len_5_f_agg_mean_', 'agg_linear_trend_attr_slope_chunk_len_10_f_agg_mean_', 'agg_linear_trend_attr_rvalue_chunk_len_50_f_agg_mean_', 'agg_linear_trend_attr_rvalue_chunk_len_50_f_agg_max_', 'agg_linear_trend_attr_rvalue_chunk_len_5_f_agg_mean_', 'agg_linear_trend_attr_rvalue_chunk_len_5_f_agg_max_', 'agg_linear_trend_attr_rvalue_chunk_len_10_f_agg_mean_', 'agg_linear_trend_attr_rvalue_chunk_len_10_f_agg_max_', 'agg_linear_trend_attr_intercept_chunk_len_50_f_agg_mean_', 'agg_linear_trend_attr_intercept_chunk_len_50_f_agg_max_', 'agg_linear_trend_attr_intercept_chunk_len_5_f_agg_mean_', 'agg_linear_trend_attr_intercept_chunk_len_5_f_agg_max_', 'agg_linear_trend_attr_intercept_chunk_len_10_f_agg_mean_', 'agg_linear_trend_attr_intercept_chunk_len_10_f_agg_max_']
2025-07-08 13:53:12 - Training-20250708_135309 - INFO - ---------------------------------------------------------------------------------------------------------------------------------------------------------------------------------------------------------------------------------------------------------------------------------------------------------------------------------------------------------------------------------------------------------------------------------------------------------------------------------------------------------------------------------------------------------------------------------------------------------------------------------------------------------------------------------------------------------------------------------------------------------------------------------------------------------------------------------------------------------------------------------------------------------------------------------------------------------------------------------------------------------------------------------------------------------------------------------------------------------------------------------------------------------------------------------------------------------------------------------------------------------------------------------------------------------------------------------------------------------------------------------------------------------------------------------------------------------------------------------------------------------------------------------------------------------------------------------------------------------------------------------------------------------------------------------------------------------------------------------------------------------------------------------------------------------------------------------------------------------------------------------------------------------------------------------------------------------------------------------------------------------------------------------------------------------------------------------------------------------------------------------------------------------------------------------------------------------------------------------------------------------------------------------------------------------------------------------------------------------------------------------------------------------------------------------------------------------------------------------------------------------------------------------------------------------------------------------------------------------------------------------------------------------------------------------------------------------------------------------------------------------------------------------------------------------------------------------------------------------------------------------------------------------------------------------------------------------------------------------------------------------------------------------------------------------------------------------------------------------------------------------------------------------------------------------------------------------------------------------------------------------------------------------------------------------------------------------------------------------------------------------------------------------------------------------------------------------------------------------------------------------------------------------------------------------------------------------------------------------------------------------------------------------------------------------------------------------------------------------------------------
2025-07-08 13:53:12 - Training-20250708_135309 - INFO - Starting 5-fold cross-validation with LightGBM...
2025-07-08 13:53:12 - Training-20250708_135309 - INFO - --- Fold 1/5 ---
2025-07-08 13:53:26 - Training-20250708_135309 - INFO - Fold 1 AUC: 0.73147
2025-07-08 13:53:26 - Training-20250708_135309 - INFO - --- Fold 2/5 ---
2025-07-08 13:53:39 - Training-20250708_135309 - INFO - Fold 2 AUC: 0.71279
2025-07-08 13:53:39 - Training-20250708_135309 - INFO - --- Fold 3/5 ---
2025-07-08 13:53:50 - Training-20250708_135309 - INFO - Fold 3 AUC: 0.72650
2025-07-08 13:53:50 - Training-20250708_135309 - INFO - --- Fold 4/5 ---
2025-07-08 13:53:59 - Training-20250708_135309 - INFO - Fold 4 AUC: 0.72109
2025-07-08 13:53:59 - Training-20250708_135309 - INFO - --- Fold 5/5 ---
2025-07-08 13:54:11 - Training-20250708_135309 - INFO - Fold 5 AUC: 0.71341
2025-07-08 13:54:11 - Training-20250708_135309 - INFO - Overall OOF AUC: 0.72060
2025-07-08 13:54:11 - Training-20250708_135309 - INFO - 所有产出物将保存到: E:\CSworks\2025spring\crunch\repo\ADIA-Lab-Structural-Break\experiment\output\train_20250708_135411_auc_0_72060
2025-07-08 13:54:14 - Training-20250708_135309 - INFO - 特征重要性图已保存到: E:\CSworks\2025spring\crunch\repo\ADIA-Lab-Structural-Break\experiment\output\train_20250708_135411_auc_0_72060\feature_importance.png
2025-07-08 13:54:14 - Training-20250708_135309 - INFO - 训练流程结束，总耗时: 64.79 秒。
