2025-07-25 15:44:51 - Training-20250725_154451 - INFO - ========== Running Command: train ==========
2025-07-25 15:44:51 - Training-20250725_154451 - INFO - Args: {'command': 'train', 'feature_file': None, 'train_data_ids': ['0', '1', '2'], 'perm_imp': False, 'save_oof': False, 'save_model': False}
2025-07-25 15:44:51 - Training-20250725_154451 - INFO - =======================================
2025-07-25 15:44:51 - Training-20250725_154451 - INFO - Starting training and evaluation pipeline...
2025-07-25 15:44:51 - Training-20250725_154451 - INFO - Model Parameters: {
    "objective": "binary",
    "metric": "auc",
    "boosting_type": "gbdt",
    "n_estimators": 4000,
    "learning_rate": 0.005,
    "num_leaves": 29,
    "random_state": 42,
    "n_jobs": 12,
    "reg_alpha": 3,
    "reg_lambda": 3,
    "colsample_bytree": 0.8,
    "subsample": 0.8
}
2025-07-25 15:44:52 - Training-20250725_154451 - INFO - Successfully loaded features from: features_20250725_152349.parquet
2025-07-25 15:44:52 - Training-20250725_154451 - INFO - Loading data...
2025-07-25 15:44:53 - Training-20250725_154451 - INFO - Original data loaded successfully.
2025-07-25 15:44:53 - Training-20250725_154451 - INFO - X_train shape: (23715734, 2)
2025-07-25 15:44:53 - Training-20250725_154451 - INFO - y_train shape: (10001, 1)
2025-07-25 15:44:53 - Training-20250725_154451 - INFO - Loading enhancement data with IDs: ['0', '1', '2']
2025-07-25 15:44:54 - Training-20250725_154451 - INFO - Enhancement data 1 loaded and added.
2025-07-25 15:44:54 - Training-20250725_154451 - INFO - New X_enhance shape: (23715734, 2)
2025-07-25 15:44:54 - Training-20250725_154451 - INFO - New y_enhance shape: (10001,)
2025-07-25 15:44:54 - Training-20250725_154451 - INFO - Enhancement data 2 loaded and added.
2025-07-25 15:44:54 - Training-20250725_154451 - INFO - New X_enhance shape: (23715734, 2)
2025-07-25 15:44:54 - Training-20250725_154451 - INFO - New y_enhance shape: (10001,)
2025-07-25 15:44:54 - Training-20250725_154451 - INFO - Total datasets loaded: 3
2025-07-25 15:44:54 - Training-20250725_154451 - INFO - Dataset 0: X shape (23715734, 2), y shape (10001, 1)
2025-07-25 15:44:54 - Training-20250725_154451 - INFO - Dataset 1: X shape (23715734, 2), y shape (10001,)
2025-07-25 15:44:54 - Training-20250725_154451 - INFO - Dataset 2: X shape (23715734, 2), y shape (10001,)
2025-07-25 15:44:55 - Training-20250725_154451 - INFO - Return CONCATED data shape: X (71147202, 2), y (30003, 1)
2025-07-25 15:44:55 - Training-20250725_154451 - INFO - 训练数据已对齐. X shape: (30003, 1085), y shape: (30003,)
2025-07-25 15:44:55 - Training-20250725_154451 - INFO - --- 使用的特征列表 (共 86 个) ---
2025-07-25 15:44:55 - Training-20250725_154451 - INFO - ['RAW_1_stats_cv_whole_mul_RAW_1_stats_std_whole', 'RAW_1_stats_cv_whole', 'RAW_8_sample_entropy_left', 'RAW_10_percentage_of_reoccurring_datapoints_to_all_datapoints_contribution_left', 'RAW_10_percentage_of_reoccurring_values_to_all_values_contribution_left', 'RAW_10_quantile_0_6_ratio_to_whole_left', 'RAW_10_agg_linear_trend_attr_rvalue_chunk_len_50_f_agg_max_ratio_to_whole_left', 'RAW_1_stats_mean_whole', 'RAW_10_fft_coefficient_attr_imag_coeff_1_whole', 'RAW_8_sample_entropy_whole', 'RAW_10_quantile_0_4_contribution_left', 'RAW_4_autocorr_lag1_diff', 'RAW_3_cumsum_max_ratio_to_whole_left', 'RAW_2_ad_stat', 'RAW_11_param_0_whole', 'RAW_10_fft_coefficient_attr_imag_coeff_1_ratio_to_whole_right', 'RAW_10_percentage_of_reoccurring_values_to_all_values_contribution_left_mul_RAW_10_percentage_of_reoccurring_datapoints_to_all_datapoints_contribution_left', 'RAW_12_rpt_cost_cosine_whole', 'RAW_11_param_3_right', 'RAW_10_agg_linear_trend_attr_rvalue_chunk_len_50_f_agg_mean_diff', 'RAW_1_stats_cv_whole_mul_RAW_10_percentage_of_reoccurring_datapoints_to_all_datapoints_contribution_left', 'RAW_1_stats_median_ratio', 'RAW_8_sample_entropy_left_mul_RAW_2_ks_stat', 'RAW_2_ad_pvalue', 'RAW_2_adf_icbest_left', 'RAW_2_levene_stat', 'RAW_8_perm_entropy_left', 'RAW_10_linear_trend_attr_rvalue_ratio', 'RAW_10_percentage_of_reoccurring_values_to_all_values_contribution_left_mul_RAW_10_percentage_of_reoccurring_values_to_all_values_ratio_to_whole_left', 'RAW_1_stats_kurt_whole', 'RAW_10_ratio_value_number_to_time_series_length_ratio_to_whole_left', 'RAW_10_quantile_0_4_whole_mul_RAW_2_bartlett_pvalue', 'RAW_10_change_quantiles_f_agg_var_isabs_True_qh_0_8_ql_0_4_contribution_left', 'RAW_1_stats_median_whole', 'RAW_2_levene_pvalue', 'RAW_2_bartlett_pvalue', 'RAW_10_ratio_value_number_to_time_series_length_whole', 'RAW_10_agg_linear_trend_attr_rvalue_chunk_len_5_f_agg_max_left', 'RAW_8_katz_fd_whole', 'RAW_4_autocorr_lag1_ratio', 'RAW_10_linear_trend_attr_intercept_ratio', 'RAW_10_agg_linear_trend_attr_rvalue_chunk_len_50_f_agg_max_ratio', 'RAW_8_svd_entropy_ratio_to_whole_left', 'RAW_8_sample_entropy_left_mul_RAW_10_percentage_of_reoccurring_values_to_all_values_ratio_to_whole_left', 'RAW_1_stats_min_diff', 'RAW_1_stats_kurt_left', 'RAW_10_change_quantiles_f_agg_var_isabs_False_qh_0_6_ql_0_4_ratio_to_whole_right', 'RAW_8_sample_entropy_contribution_right', 'RAW_2_ks_stat_mul_RAW_10_percentage_of_reoccurring_values_to_all_values_ratio_to_whole_left', 'RAW_10_fft_coefficient_attr_imag_coeff_1_left', 'RAW_10_quantile_0_4_right', 'RAW_1_stats_cv_whole_mul_RAW_10_quantile_0_4_whole', 'RAW_1_stats_mean_right', 'RAW_10_change_quantiles_f_agg_var_isabs_True_qh_1_0_ql_0_4_contribution_left', 'RAW_1_stats_cv_whole_mul_RAW_10_percentage_of_reoccurring_values_to_all_values_contribution_left', 'RAW_10_agg_linear_trend_attr_rvalue_chunk_len_5_f_agg_max_diff', 'RAW_10_agg_linear_trend_attr_intercept_chunk_len_10_f_agg_max_ratio_to_whole_right', 'RAW_2_bartlett_stat', 'RAW_2_ttest_pvalue', 'RAW_8_perm_entropy_whole', 'RAW_10_quantile_0_6_whole', 'RAW_8_lziv_complexity_right', 'RAW_2_ks_stat_mul_RAW_2_bartlett_pvalue', 'RAW_10_percentage_of_reoccurring_values_to_all_values_right', 'RAW_10_change_quantiles_f_agg_var_isabs_False_qh_0_8_ql_0_0_right', 'RAW_8_approx_entropy_whole', 'RAW_4_autocorr_lag1_whole', 'RAW_10_ratio_beyond_r_sigma_1_5_diff', 'RAW_10_percentage_of_reoccurring_values_to_all_values_ratio', 'RAW_2_ks_stat_mul_RAW_10_fft_coefficient_attr_imag_coeff_1_ratio_to_whole_left', 'RAW_8_sample_entropy_left_mul_RAW_10_fft_coefficient_attr_imag_coeff_1_ratio_to_whole_left', 'RAW_10_fft_coefficient_attr_imag_coeff_1_ratio_to_whole_left_mul_RAW_2_bartlett_pvalue', 'RAW_10_ratio_beyond_r_sigma_1_5_contribution_left', 'RAW_2_ks_pvalue', 'RAW_10_agg_linear_trend_attr_rvalue_chunk_len_5_f_agg_max_right', 'RAW_5_max_power_whole', 'RAW_11_param_5_diff', 'RAW_1_stats_skew_right', 'RAW_10_percentage_of_reoccurring_values_to_all_values_ratio_to_whole_left', 'RAW_10_percentage_of_reoccurring_datapoints_to_all_datapoints_ratio_to_whole_left', 'RAW_1_stats_std_whole_mul_RAW_2_ks_stat', 'RAW_8_spectral_entropy_left', 'RAW_1_stats_cv_whole_mul_RAW_8_sample_entropy_left', 'RAW_10_agg_linear_trend_attr_intercept_chunk_len_50_f_agg_mean_ratio_to_whole_left', 'RAW_11_param_0_ratio_to_whole_right', 'RAW_10_agg_linear_trend_attr_rvalue_chunk_len_50_f_agg_max_contribution_left']
2025-07-25 15:44:55 - Training-20250725_154451 - INFO - --------------------------------------------------
2025-07-25 15:44:55 - Training-20250725_154451 - INFO - Starting 5-fold cross-validation with LightGBM...
2025-07-25 15:44:55 - Training-20250725_154451 - INFO - --- Fold 1/5 ---
2025-07-25 15:45:33 - Training-20250725_154451 - INFO - Fold 1 Train AUC: 0.97766, Val AUC: 0.90557
2025-07-25 15:45:33 - Training-20250725_154451 - INFO - Fold 1 finished in 37.19s
2025-07-25 15:45:33 - Training-20250725_154451 - INFO - --- Fold 2/5 ---
2025-07-25 15:46:05 - Training-20250725_154451 - INFO - Fold 2 Train AUC: 0.97842, Val AUC: 0.89789
2025-07-25 15:46:05 - Training-20250725_154451 - INFO - Fold 2 finished in 32.41s
2025-07-25 15:46:05 - Training-20250725_154451 - INFO - --- Fold 3/5 ---
2025-07-25 15:47:01 - Training-20250725_154451 - INFO - Fold 3 Train AUC: 0.97893, Val AUC: 0.91380
2025-07-25 15:47:01 - Training-20250725_154451 - INFO - Fold 3 finished in 55.88s
2025-07-25 15:47:01 - Training-20250725_154451 - INFO - --- Fold 4/5 ---
2025-07-25 15:48:03 - Training-20250725_154451 - INFO - Fold 4 Train AUC: 0.97822, Val AUC: 0.90404
2025-07-25 15:48:03 - Training-20250725_154451 - INFO - Fold 4 finished in 62.11s
2025-07-25 15:48:03 - Training-20250725_154451 - INFO - --- Fold 5/5 ---
2025-07-25 15:49:05 - Training-20250725_154451 - INFO - Fold 5 Train AUC: 0.97852, Val AUC: 0.90057
2025-07-25 15:49:05 - Training-20250725_154451 - INFO - Fold 5 finished in 62.06s
2025-07-25 15:49:05 - Training-20250725_154451 - INFO - Overall OOF AUC: 0.90431
2025-07-25 15:49:05 - Training-20250725_154451 - INFO - All outputs will be saved to: E:\ggq的文件\比赛\25-ADIA-Lab-Structure-Break\ADIA-Lab-Structural-Break\experiment\output\train_20250725_154905_auc_0_90431
2025-07-25 15:49:05 - Training-20250725_154451 - INFO - 特征重要性已保存到: E:\ggq的文件\比赛\25-ADIA-Lab-Structure-Break\ADIA-Lab-Structural-Break\experiment\output\train_20250725_154905_auc_0_90431\feature_importance.tsv
2025-07-25 15:49:05 - Training-20250725_154451 - INFO - feature importance saved.
2025-07-25 15:49:05 - Training-20250725_154451 - INFO - 训练流程结束，总耗时: 254.14 秒。
