2025-07-19 15:42:59 - Training-20250719_154259 - INFO - ========== Running Command: train ==========
2025-07-19 15:42:59 - Training-20250719_154259 - INFO - Args: {'command': 'train', 'feature_file': None, 'save_oof': False, 'save_model': False, 'perm_imp': True}
2025-07-19 15:42:59 - Training-20250719_154259 - INFO - =======================================
2025-07-19 15:42:59 - Training-20250719_154259 - INFO - Starting training and evaluation pipeline...
2025-07-19 15:42:59 - Training-20250719_154259 - INFO - Model Parameters: {
    "objective": "binary",
    "metric": "auc",
    "boosting_type": "gbdt",
    "random_state": 42,
    "n_estimators": 4000,
    "learning_rate": 0.005,
    "num_leaves": 29,
    "n_jobs": 32,
    "reg_alpha": 3,
    "reg_lambda": 3,
    "colsample_bytree": 0.8,
    "subsample": 0.8
}
2025-07-19 15:42:59 - Training-20250719_154259 - INFO - Successfully loaded features from: features_20250719_154032.parquet
2025-07-19 15:43:01 - Training-20250719_154259 - INFO - 训练数据已对齐. X shape: (10001, 886), y shape: (10001,)
2025-07-19 15:43:01 - Training-20250719_154259 - INFO - --- 使用的特征列表 (共 0 个) ---
2025-07-19 15:43:01 - Training-20250719_154259 - INFO - []
2025-07-19 15:43:01 - Training-20250719_154259 - INFO - --
2025-07-19 15:43:01 - Training-20250719_154259 - INFO - Starting 5-fold cross-validation with LightGBM...
2025-07-19 15:43:01 - Training-20250719_154259 - INFO - --- Fold 1/5 ---
