2025-09-04 10:30:20 - Training-20250904_103020 - INFO - ========== Running Command: train ==========
2025-09-04 10:30:20 - Training-20250904_103020 - INFO - Args: {'command': 'train', 'feature_file': None, 'train_data_ids': ['0'], 'perm_imp': True, 'save_oof': False, 'save_model': False}
2025-09-04 10:30:20 - Training-20250904_103020 - INFO - =======================================
2025-09-04 10:30:20 - Training-20250904_103020 - INFO - Starting training and evaluation pipeline...
2025-09-04 10:30:20 - Training-20250904_103020 - INFO - Model Parameters: {
    "objective": "binary",
    "metric": "auc",
    "boosting_type": "gbdt",
    "n_estimators": 3000,
    "learning_rate": 0.005,
    "num_leaves": 29,
    "random_state": 42,
    "n_jobs": 12,
    "reg_alpha": 3,
    "reg_lambda": 3,
    "colsample_bytree": 0.8,
    "subsample": 0.8
}
2025-09-04 10:30:21 - Training-20250904_103020 - INFO - Successfully loaded features from: features_20250904_101230.parquet
2025-09-04 10:30:21 - Training-20250904_103020 - INFO - Loading data...
2025-09-04 10:30:22 - Training-20250904_103020 - INFO - Original data loaded successfully.
2025-09-04 10:30:22 - Training-20250904_103020 - INFO - X_train shape: (23715734, 2)
2025-09-04 10:30:22 - Training-20250904_103020 - INFO - X_train type: <class 'pandas.core.frame.DataFrame'>
2025-09-04 10:30:22 - Training-20250904_103020 - INFO - y_train shape: (10001, 1)
2025-09-04 10:30:22 - Training-20250904_103020 - INFO - y_train type: <class 'pandas.core.frame.DataFrame'>
2025-09-04 10:30:22 - Training-20250904_103020 - INFO - Loading enhancement data with IDs: ['0']
2025-09-04 10:30:22 - Training-20250904_103020 - INFO - Total datasets loaded: 1
2025-09-04 10:30:22 - Training-20250904_103020 - INFO - Dataset 0: X shape (23715734, 2), y shape (10001, 1)
2025-09-04 10:30:22 - Training-20250904_103020 - INFO - Return CONCATED data shape: X (23715734, 2), y (10001, 1)
2025-09-04 10:30:22 - Training-20250904_103020 - INFO - 训练数据已对齐. X shape: (10001, 2142), y shape: (10001,)
2025-09-04 10:30:22 - Training-20250904_103020 - INFO - --- 使用的特征列表 (共 500 个) ---
2025-09-04 10:30:22 - Training-20250904_103020 - INFO - 前50个特征: ['RAW_8_percentage_of_reoccurring_values_to_all_values_diff', 'RAW_1_stats_cv_whole', 'RAW_8_percentage_of_reoccurring_values_to_all_values_ratio', 'RAW_8_energy_ratio_by_chunks_num_segments_10_segment_focus_9_left', 'RAW_8_index_mass_quantile_q_0_1_right', 'RAW_2_ad_stat', 'RAW_1_stats_median_ratio', 'RAW_7_sample_entropy_left', 'RAW_3_detrend_volatility_normalized_whole', 'DIFF_2_levene_pvalue', 'RAW_8_index_mass_quantile_q_0_8_left', 'RAW_2_ks_stat', 'DIFF_2_bartlett_pvalue', 'RAW_8_friedrich_coefficients_coeff_2_m_3_r_30_diff', 'RAW_10_rpt_cost_cosine_whole', 'RAW_2_bartlett_stat', 'CUMSUM_9_ar_residuals_s1_pred_skew', 'RAW_8_ratio_beyond_r_sigma_0_5_diff', 'RAW_8_ratio_value_number_to_time_series_length_diff', 'CUMSUM_3_detrend_volatility_normalized_ratio', 'RAW_8_benford_correlation_whole', 'DIFF_8_benford_correlation_left', 'RAW_8_friedrich_coefficients_coeff_2_m_3_r_30_ratio', 'DIFF_2_ks_stat', 'CUMSUM_2_shapiro_pvalue_left', 'RAW_10_rpt_cost_rank_left', 'CUMSUM_8_friedrich_coefficients_coeff_2_m_3_r_30_ratio', 'CUMSUM_8_friedrich_coefficients_coeff_2_m_3_r_30_left', 'RAW_8_quantile_0_4_whole', 'DIFF_8_fft_coefficient_attr_imag_coeff_3_ratio', 'DIFF_9_ar_param_5_right', 'CUMSUM_8_ar_coefficient_coeff_2_k_10_ratio', 'CUMSUM_8_ratio_beyond_r_sigma_1_5_right', 'RAW_2_ks_pvalue', 'RAW_9_ar_param_5_diff', 'RAW_8_partial_autocorrelation_lag_6_ratio', 'RAW_8_quantile_0_4_ratio', 'RAW_2_levene_stat', 'CUMSUM_3_detrend_volatility_normalized_right', 'RAW_8_ratio_beyond_r_sigma_1_5_diff', 'RAW_8_ar_coefficient_coeff_8_k_10_diff', 'RAW_8_friedrich_coefficients_coeff_3_m_3_r_30_ratio', 'RAW_8_quantile_0_6_ratio', 'DIFF_7_spectral_entropy_left', 'CUMSUM_2_mannwhitney_stat', 'DIFF_8_agg_linear_trend_attr_rvalue_chunk_len_10_f_agg_mean_whole', 'RAW_1_stats_skew_ratio', 'CUMSUM_7_perm_entropy_whole', 'RAW_8_agg_linear_trend_attr_rvalue_chunk_len_50_f_agg_max_ratio', 'CUMSUM_3_detrend_mean_left']
2025-09-04 10:30:22 - Training-20250904_103020 - INFO - --------------------------------------------------
2025-09-04 10:30:22 - Training-20250904_103020 - INFO - Starting 5-fold cross-validation with enhanced data strategy...
2025-09-04 10:30:22 - Training-20250904_103020 - INFO - 创建增强数据交叉验证分割...
2025-09-04 10:30:22 - Training-20250904_103020 - INFO - 识别到 10001 条原始数据
2025-09-04 10:30:22 - Training-20250904_103020 - INFO - 识别到 0 条增强数据
2025-09-04 10:30:22 - Training-20250904_103020 - INFO - Fold 1: 训练集 8000 条 (原始: 8000, 增强: 0), 验证集 2001 条 (仅原始数据)
2025-09-04 10:30:22 - Training-20250904_103020 - INFO - --- Fold 1/5 ---
2025-09-04 10:30:22 - Training-20250904_103020 - INFO - 训练数据: (8000, 500), 验证数据: (2001, 500)
2025-09-04 10:31:00 - Training-20250904_103020 - INFO - Fold 1 Train AUC: 0.99993, Val AUC: 0.78330
2025-09-04 10:31:00 - Training-20250904_103020 - INFO - Fold 1 Early stopping step (best_iteration): 0
2025-09-04 10:31:00 - Training-20250904_103020 - INFO - Fold 1 finished in 37.89s
2025-09-04 10:31:00 - Training-20250904_103020 - INFO - Calculate Fold 1 permutation importance...
2025-09-04 11:00:15 - Training-20250904_103020 - INFO - Fold 1 permutation importance finished in 1754.80s
2025-09-04 11:00:15 - Training-20250904_103020 - INFO - Fold 2: 训练集 8001 条 (原始: 8001, 增强: 0), 验证集 2000 条 (仅原始数据)
2025-09-04 11:00:15 - Training-20250904_103020 - INFO - --- Fold 2/5 ---
2025-09-04 11:00:15 - Training-20250904_103020 - INFO - 训练数据: (8001, 500), 验证数据: (2000, 500)
2025-09-04 11:00:54 - Training-20250904_103020 - INFO - Fold 2 Train AUC: 0.99996, Val AUC: 0.78306
2025-09-04 11:00:54 - Training-20250904_103020 - INFO - Fold 2 Early stopping step (best_iteration): 0
2025-09-04 11:00:54 - Training-20250904_103020 - INFO - Fold 2 finished in 38.37s
2025-09-04 11:00:54 - Training-20250904_103020 - INFO - Calculate Fold 2 permutation importance...
