2025-07-25 22:08:30 - Training-20250725_220830 - INFO - ========== Running Command: train ==========
2025-07-25 22:08:30 - Training-20250725_220830 - INFO - Args: {'command': 'train', 'feature_file': None, 'train_data_ids': ['0'], 'perm_imp': False, 'save_oof': False, 'save_model': False}
2025-07-25 22:08:30 - Training-20250725_220830 - INFO - =======================================
2025-07-25 22:08:30 - Training-20250725_220830 - INFO - Starting training and evaluation pipeline...
2025-07-25 22:08:30 - Training-20250725_220830 - INFO - Model Parameters: {
    "objective": "binary",
    "metric": "auc",
    "boosting_type": "gbdt",
    "n_estimators": 4000,
    "learning_rate": 0.005,
    "num_leaves": 29,
    "random_state": 42,
    "n_jobs": 12,
    "reg_alpha": 3,
    "reg_lambda": 3,
    "colsample_bytree": 0.8,
    "subsample": 0.8
}
2025-07-25 22:08:31 - Training-20250725_220830 - INFO - Successfully loaded features from: features_20250725_220739.parquet
2025-07-25 22:08:31 - Training-20250725_220830 - INFO - Loading data...
2025-07-25 22:08:32 - Training-20250725_220830 - INFO - Original data loaded successfully.
2025-07-25 22:08:32 - Training-20250725_220830 - INFO - X_train shape: (23715734, 2)
2025-07-25 22:08:32 - Training-20250725_220830 - INFO - y_train shape: (10001, 1)
2025-07-25 22:08:32 - Training-20250725_220830 - INFO - Loading enhancement data with IDs: ['0']
2025-07-25 22:08:32 - Training-20250725_220830 - INFO - Total datasets loaded: 1
2025-07-25 22:08:32 - Training-20250725_220830 - INFO - Dataset 0: X shape (23715734, 2), y shape (10001, 1)
2025-07-25 22:08:32 - Training-20250725_220830 - INFO - Return CONCATED data shape: X (23715734, 2), y (10001, 1)
2025-07-25 22:08:32 - Training-20250725_220830 - INFO - 训练数据已对齐. X shape: (10001, 1149), y shape: (10001,)
2025-07-25 22:08:32 - Training-20250725_220830 - INFO - --- 使用的特征列表 (共 150 个) ---
2025-07-25 22:08:32 - Training-20250725_220830 - INFO - ['RAW_1_stats_cv_whole_mul_RAW_1_stats_std_whole', 'RAW_1_stats_cv_whole', 'RAW_8_sample_entropy_left', 'RAW_10_percentage_of_reoccurring_datapoints_to_all_datapoints_contribution_left', 'RAW_10_percentage_of_reoccurring_values_to_all_values_contribution_left', 'RAW_10_quantile_0_6_ratio_to_whole_left', 'RAW_10_agg_linear_trend_attr_rvalue_chunk_len_50_f_agg_max_ratio_to_whole_left', 'RAW_1_stats_mean_whole', 'RAW_10_fft_coefficient_attr_imag_coeff_1_whole', 'RAW_8_sample_entropy_whole', 'RAW_10_quantile_0_4_contribution_left', 'RAW_4_autocorr_lag1_diff', 'RAW_3_cumsum_max_ratio_to_whole_left', 'RAW_2_ad_stat', 'RAW_11_param_0_whole', 'RAW_10_fft_coefficient_attr_imag_coeff_1_ratio_to_whole_right', 'RAW_10_percentage_of_reoccurring_values_to_all_values_contribution_left_mul_RAW_10_percentage_of_reoccurring_datapoints_to_all_datapoints_contribution_left', 'RAW_12_rpt_cost_cosine_whole', 'RAW_11_param_3_right', 'RAW_10_agg_linear_trend_attr_rvalue_chunk_len_50_f_agg_mean_diff', 'RAW_1_stats_cv_whole_mul_RAW_10_percentage_of_reoccurring_datapoints_to_all_datapoints_contribution_left', 'RAW_1_stats_median_ratio', 'RAW_8_sample_entropy_left_mul_RAW_2_ks_stat', 'RAW_2_ad_pvalue', 'RAW_2_adf_icbest_left', 'RAW_2_levene_stat', 'RAW_8_perm_entropy_left', 'RAW_10_linear_trend_attr_rvalue_ratio', 'RAW_10_percentage_of_reoccurring_values_to_all_values_contribution_left_mul_RAW_10_percentage_of_reoccurring_values_to_all_values_ratio_to_whole_left', 'RAW_1_stats_kurt_whole', 'RAW_10_ratio_value_number_to_time_series_length_ratio_to_whole_left', 'RAW_10_quantile_0_4_whole_mul_RAW_2_bartlett_pvalue', 'RAW_10_change_quantiles_f_agg_var_isabs_True_qh_0_8_ql_0_4_contribution_left', 'RAW_1_stats_median_whole', 'RAW_2_levene_pvalue', 'RAW_2_bartlett_pvalue', 'RAW_10_ratio_value_number_to_time_series_length_whole', 'RAW_10_agg_linear_trend_attr_rvalue_chunk_len_5_f_agg_max_left', 'RAW_8_katz_fd_whole', 'RAW_4_autocorr_lag1_ratio', 'RAW_10_linear_trend_attr_intercept_ratio', 'RAW_10_agg_linear_trend_attr_rvalue_chunk_len_50_f_agg_max_ratio', 'RAW_8_svd_entropy_ratio_to_whole_left', 'RAW_8_sample_entropy_left_mul_RAW_10_percentage_of_reoccurring_values_to_all_values_ratio_to_whole_left', 'RAW_1_stats_min_diff', 'RAW_1_stats_kurt_left', 'RAW_10_change_quantiles_f_agg_var_isabs_False_qh_0_6_ql_0_4_ratio_to_whole_right', 'RAW_8_sample_entropy_contribution_right', 'RAW_2_ks_stat_mul_RAW_10_percentage_of_reoccurring_values_to_all_values_ratio_to_whole_left', 'RAW_10_fft_coefficient_attr_imag_coeff_1_left', 'RAW_10_quantile_0_4_right', 'RAW_1_stats_cv_whole_mul_RAW_10_quantile_0_4_whole', 'RAW_1_stats_mean_right', 'RAW_10_change_quantiles_f_agg_var_isabs_True_qh_1_0_ql_0_4_contribution_left', 'RAW_1_stats_cv_whole_mul_RAW_10_percentage_of_reoccurring_values_to_all_values_contribution_left', 'RAW_10_agg_linear_trend_attr_rvalue_chunk_len_5_f_agg_max_diff', 'RAW_10_agg_linear_trend_attr_intercept_chunk_len_10_f_agg_max_ratio_to_whole_right', 'RAW_2_bartlett_stat', 'RAW_2_ttest_pvalue', 'RAW_8_perm_entropy_whole', 'RAW_10_quantile_0_6_whole', 'RAW_8_lziv_complexity_right', 'RAW_2_ks_stat_mul_RAW_2_bartlett_pvalue', 'RAW_10_percentage_of_reoccurring_values_to_all_values_right', 'RAW_10_change_quantiles_f_agg_var_isabs_False_qh_0_8_ql_0_0_right', 'RAW_8_approx_entropy_whole', 'RAW_4_autocorr_lag1_whole', 'RAW_10_ratio_beyond_r_sigma_1_5_diff', 'RAW_10_percentage_of_reoccurring_values_to_all_values_ratio', 'RAW_2_ks_stat_mul_RAW_10_fft_coefficient_attr_imag_coeff_1_ratio_to_whole_left', 'RAW_8_sample_entropy_left_mul_RAW_10_fft_coefficient_attr_imag_coeff_1_ratio_to_whole_left', 'RAW_10_fft_coefficient_attr_imag_coeff_1_ratio_to_whole_left_mul_RAW_2_bartlett_pvalue', 'RAW_10_ratio_beyond_r_sigma_1_5_contribution_left', 'RAW_2_ks_pvalue', 'RAW_10_agg_linear_trend_attr_rvalue_chunk_len_5_f_agg_max_right', 'RAW_5_max_power_whole', 'RAW_11_param_5_diff', 'RAW_1_stats_skew_right', 'RAW_10_percentage_of_reoccurring_values_to_all_values_ratio_to_whole_left', 'RAW_10_percentage_of_reoccurring_datapoints_to_all_datapoints_ratio_to_whole_left', 'RAW_1_stats_std_whole_mul_RAW_2_ks_stat', 'RAW_8_spectral_entropy_left', 'RAW_1_stats_cv_whole_mul_RAW_8_sample_entropy_left', 'RAW_10_agg_linear_trend_attr_intercept_chunk_len_50_f_agg_mean_ratio_to_whole_left', 'RAW_11_param_0_ratio_to_whole_right', 'RAW_10_agg_linear_trend_attr_rvalue_chunk_len_50_f_agg_max_contribution_left', 'RAW_1_stats_cv_whole_mul_RAW_10_quantile_0_6_ratio_to_whole_left', 'RAW_1_stats_cv_whole_mul_RAW_10_agg_linear_trend_attr_rvalue_chunk_len_50_f_agg_max_ratio_to_whole_left', 'RAW_1_stats_cv_whole_mul_RAW_1_stats_mean_whole', 'RAW_1_stats_cv_whole_mul_RAW_10_fft_coefficient_attr_imag_coeff_1_whole', 'RAW_1_stats_cv_whole_mul_RAW_8_sample_entropy_whole', 'RAW_1_stats_cv_whole_mul_RAW_10_quantile_0_4_contribution_left', 'RAW_1_stats_cv_whole_mul_RAW_4_autocorr_lag1_diff', 'RAW_1_stats_cv_whole_mul_RAW_3_cumsum_max_ratio_to_whole_left', 'RAW_1_stats_cv_whole_mul_RAW_2_ad_stat', 'RAW_1_stats_cv_whole_mul_RAW_11_param_0_whole', 'RAW_1_stats_cv_whole_mul_RAW_10_fft_coefficient_attr_imag_coeff_1_ratio_to_whole_right', 'RAW_1_stats_cv_whole_mul_RAW_12_rpt_cost_cosine_whole', 'RAW_1_stats_cv_whole_mul_RAW_11_param_3_right', 'RAW_1_stats_cv_whole_mul_RAW_10_agg_linear_trend_attr_rvalue_chunk_len_50_f_agg_mean_diff', 'RAW_1_stats_cv_whole_mul_RAW_1_stats_median_ratio', 'RAW_1_stats_cv_whole_mul_RAW_2_ad_pvalue', 'RAW_1_stats_cv_whole_mul_RAW_2_adf_icbest_left', 'RAW_1_stats_cv_whole_mul_RAW_2_levene_stat', 'RAW_1_stats_cv_whole_mul_RAW_8_perm_entropy_left', 'RAW_1_stats_cv_whole_mul_RAW_10_linear_trend_attr_rvalue_ratio', 'RAW_1_stats_cv_whole_mul_RAW_1_stats_kurt_whole', 'RAW_1_stats_cv_whole_mul_RAW_10_ratio_value_number_to_time_series_length_ratio_to_whole_left', 'RAW_1_stats_cv_whole_mul_RAW_10_change_quantiles_f_agg_var_isabs_True_qh_0_8_ql_0_4_contribution_left', 'RAW_1_stats_cv_whole_mul_RAW_1_stats_median_whole', 'RAW_1_stats_cv_whole_mul_RAW_2_levene_pvalue', 'RAW_1_stats_cv_whole_mul_RAW_10_ratio_value_number_to_time_series_length_whole', 'RAW_1_stats_cv_whole_mul_RAW_10_agg_linear_trend_attr_rvalue_chunk_len_5_f_agg_max_left', 'RAW_1_stats_cv_whole_mul_RAW_8_katz_fd_whole', 'RAW_1_stats_cv_whole_mul_RAW_4_autocorr_lag1_ratio', 'RAW_1_stats_cv_whole_mul_RAW_10_linear_trend_attr_intercept_ratio', 'RAW_1_stats_cv_whole_mul_RAW_10_agg_linear_trend_attr_rvalue_chunk_len_50_f_agg_max_ratio', 'RAW_1_stats_cv_whole_mul_RAW_8_svd_entropy_ratio_to_whole_left', 'RAW_1_stats_cv_whole_mul_RAW_1_stats_min_diff', 'RAW_1_stats_cv_whole_mul_RAW_1_stats_kurt_left', 'RAW_1_stats_cv_whole_mul_RAW_10_change_quantiles_f_agg_var_isabs_False_qh_0_6_ql_0_4_ratio_to_whole_right', 'RAW_1_stats_cv_whole_mul_RAW_8_sample_entropy_contribution_right', 'RAW_1_stats_cv_whole_mul_RAW_10_fft_coefficient_attr_imag_coeff_1_left', 'RAW_1_stats_cv_whole_mul_RAW_10_quantile_0_4_right', 'RAW_1_stats_cv_whole_mul_RAW_1_stats_mean_right', 'RAW_1_stats_cv_whole_mul_RAW_10_change_quantiles_f_agg_var_isabs_True_qh_1_0_ql_0_4_contribution_left', 'RAW_1_stats_cv_whole_mul_RAW_10_agg_linear_trend_attr_rvalue_chunk_len_5_f_agg_max_diff', 'RAW_1_stats_cv_whole_mul_RAW_10_agg_linear_trend_attr_intercept_chunk_len_10_f_agg_max_ratio_to_whole_right', 'RAW_1_stats_cv_whole_mul_RAW_2_bartlett_stat', 'RAW_1_stats_cv_whole_mul_RAW_2_ttest_pvalue', 'RAW_1_stats_cv_whole_mul_RAW_8_perm_entropy_whole', 'RAW_1_stats_cv_whole_mul_RAW_10_quantile_0_6_whole', 'RAW_1_stats_cv_whole_mul_RAW_8_lziv_complexity_right', 'RAW_1_stats_cv_whole_mul_RAW_10_percentage_of_reoccurring_values_to_all_values_right', 'RAW_1_stats_cv_whole_mul_RAW_10_change_quantiles_f_agg_var_isabs_False_qh_0_8_ql_0_0_right', 'RAW_1_stats_cv_whole_mul_RAW_8_approx_entropy_whole', 'RAW_1_stats_cv_whole_mul_RAW_4_autocorr_lag1_whole', 'RAW_1_stats_cv_whole_mul_RAW_10_ratio_beyond_r_sigma_1_5_diff', 'RAW_1_stats_cv_whole_mul_RAW_10_percentage_of_reoccurring_values_to_all_values_ratio', 'RAW_1_stats_cv_whole_mul_RAW_10_ratio_beyond_r_sigma_1_5_contribution_left', 'RAW_1_stats_cv_whole_mul_RAW_2_ks_pvalue', 'RAW_1_stats_cv_whole_mul_RAW_10_agg_linear_trend_attr_rvalue_chunk_len_5_f_agg_max_right', 'RAW_1_stats_cv_whole_mul_RAW_5_max_power_whole', 'RAW_1_stats_cv_whole_mul_RAW_11_param_5_diff', 'RAW_1_stats_cv_whole_mul_RAW_1_stats_skew_right', 'RAW_1_stats_cv_whole_mul_RAW_10_percentage_of_reoccurring_datapoints_to_all_datapoints_ratio_to_whole_left', 'RAW_1_stats_cv_whole_mul_RAW_8_spectral_entropy_left', 'RAW_1_stats_cv_whole_mul_RAW_10_agg_linear_trend_attr_intercept_chunk_len_50_f_agg_mean_ratio_to_whole_left', 'RAW_1_stats_cv_whole_mul_RAW_11_param_0_ratio_to_whole_right', 'RAW_1_stats_cv_whole_mul_RAW_10_agg_linear_trend_attr_rvalue_chunk_len_50_f_agg_max_contribution_left']
2025-07-25 22:08:32 - Training-20250725_220830 - INFO - --------------------------------------------------
2025-07-25 22:08:32 - Training-20250725_220830 - INFO - Starting 5-fold cross-validation with enhanced data strategy...
2025-07-25 22:08:32 - Training-20250725_220830 - INFO - 创建增强数据交叉验证分割...
2025-07-25 22:08:32 - Training-20250725_220830 - INFO - 识别到 10001 条原始数据
2025-07-25 22:08:32 - Training-20250725_220830 - INFO - 识别到 0 条增强数据
2025-07-25 22:08:32 - Training-20250725_220830 - INFO - Fold 1: 训练集 8000 条 (原始: 8000, 增强: 0), 验证集 2001 条 (仅原始数据)
2025-07-25 22:08:32 - Training-20250725_220830 - INFO - --- Fold 1/5 ---
2025-07-25 22:09:02 - Training-20250725_220830 - INFO - Fold 1 Train AUC: 0.99929, Val AUC: 0.88420
2025-07-25 22:09:02 - Training-20250725_220830 - INFO - Fold 1 finished in 29.96s
2025-07-25 22:09:02 - Training-20250725_220830 - INFO - Fold 2: 训练集 8001 条 (原始: 8001, 增强: 0), 验证集 2000 条 (仅原始数据)
2025-07-25 22:09:02 - Training-20250725_220830 - INFO - --- Fold 2/5 ---
2025-07-25 22:09:20 - Training-20250725_220830 - INFO - Fold 2 Train AUC: 0.98860, Val AUC: 0.86331
2025-07-25 22:09:20 - Training-20250725_220830 - INFO - Fold 2 finished in 17.69s
2025-07-25 22:09:20 - Training-20250725_220830 - INFO - Fold 3: 训练集 8001 条 (原始: 8001, 增强: 0), 验证集 2000 条 (仅原始数据)
2025-07-25 22:09:20 - Training-20250725_220830 - INFO - --- Fold 3/5 ---
2025-07-25 22:09:30 - Training-20250725_220830 - INFO - Fold 3 Train AUC: 0.96494, Val AUC: 0.87528
2025-07-25 22:09:30 - Training-20250725_220830 - INFO - Fold 3 finished in 10.23s
2025-07-25 22:09:30 - Training-20250725_220830 - INFO - Fold 4: 训练集 8001 条 (原始: 8001, 增强: 0), 验证集 2000 条 (仅原始数据)
2025-07-25 22:09:30 - Training-20250725_220830 - INFO - --- Fold 4/5 ---
2025-07-25 22:09:50 - Training-20250725_220830 - INFO - Fold 4 Train AUC: 0.99234, Val AUC: 0.87368
2025-07-25 22:09:50 - Training-20250725_220830 - INFO - Fold 4 finished in 20.32s
2025-07-25 22:09:50 - Training-20250725_220830 - INFO - Fold 5: 训练集 8001 条 (原始: 8001, 增强: 0), 验证集 2000 条 (仅原始数据)
2025-07-25 22:09:50 - Training-20250725_220830 - INFO - --- Fold 5/5 ---
2025-07-25 22:10:13 - Training-20250725_220830 - INFO - Fold 5 Train AUC: 0.99483, Val AUC: 0.86227
2025-07-25 22:10:13 - Training-20250725_220830 - INFO - Fold 5 finished in 22.82s
2025-07-25 22:10:13 - Training-20250725_220830 - INFO - Overall OOF AUC: 0.87109
2025-07-25 22:10:13 - Training-20250725_220830 - INFO - All outputs will be saved to: E:\ggq的文件\比赛\25-ADIA-Lab-Structure-Break\ADIA-Lab-Structural-Break\experiment\output\train_20250725_221013_auc_0_87109
2025-07-25 22:10:13 - Training-20250725_220830 - INFO - 特征重要性已保存到: E:\ggq的文件\比赛\25-ADIA-Lab-Structure-Break\ADIA-Lab-Structural-Break\experiment\output\train_20250725_221013_auc_0_87109\feature_importance.tsv
2025-07-25 22:10:13 - Training-20250725_220830 - INFO - feature importance saved.
2025-07-25 22:10:13 - Training-20250725_220830 - INFO - 训练流程结束，总耗时: 102.80 秒。
