2025-07-07 00:51:36 - Training-20250707_005136 - INFO - =======================================
2025-07-07 00:51:36 - Training-20250707_005136 - INFO - ========== Running Command: train ==========
2025-07-07 00:51:36 - Training-20250707_005136 - INFO - Args: {'command': 'train'}
2025-07-07 00:51:36 - Training-20250707_005136 - INFO - =======================================
2025-07-07 00:51:36 - Training-20250707_005136 - INFO - 开始模型训练流程...
2025-07-07 00:51:36 - Training-20250707_005136 - INFO - Starting training and evaluation pipeline...
2025-07-07 00:51:36 - Training-20250707_005136 - INFO - 正在从 E:\CSworks\2025spring\crunch\repo\ADIA-Lab-Structural-Break\feature_dfs\features.parquet 加载特征...
2025-07-07 00:51:36 - Training-20250707_005136 - INFO - 特征加载成功，共 60 个特征。
2025-07-07 00:51:36 - Training-20250707_005136 - INFO - Loading data...
2025-07-07 00:51:37 - Training-20250707_005136 - INFO - Data loaded successfully.
2025-07-07 00:51:37 - Training-20250707_005136 - INFO - X_train shape: (23715734, 2)
2025-07-07 00:51:37 - Training-20250707_005136 - INFO - y_train shape: (10001, 1)
2025-07-07 00:51:37 - Training-20250707_005136 - INFO - 训练数据已对齐. X shape: (10001, 60), y shape: (10001,)
2025-07-07 00:51:37 - Training-20250707_005136 - INFO - Starting 5-fold cross-validation with LightGBM...
2025-07-07 00:51:37 - Training-20250707_005136 - INFO - --- Fold 1/5 ---
2025-07-07 00:51:42 - Training-20250707_005136 - INFO - Fold 1 AUC: 0.69899
2025-07-07 00:51:42 - Training-20250707_005136 - INFO - --- Fold 2/5 ---
2025-07-07 00:51:46 - Training-20250707_005136 - INFO - Fold 2 AUC: 0.67277
2025-07-07 00:51:46 - Training-20250707_005136 - INFO - --- Fold 3/5 ---
2025-07-07 00:51:48 - Training-20250707_005136 - INFO - Fold 3 AUC: 0.70941
2025-07-07 00:51:48 - Training-20250707_005136 - INFO - --- Fold 4/5 ---
2025-07-07 00:51:52 - Training-20250707_005136 - INFO - Fold 4 AUC: 0.68964
2025-07-07 00:51:52 - Training-20250707_005136 - INFO - --- Fold 5/5 ---
2025-07-07 00:51:55 - Training-20250707_005136 - INFO - Fold 5 AUC: 0.67579
2025-07-07 00:51:55 - Training-20250707_005136 - INFO - Overall OOF AUC: 0.68844
2025-07-07 00:51:55 - Training-20250707_005136 - INFO - OOF predictions saved to E:\CSworks\2025spring\crunch\repo\ADIA-Lab-Structural-Break\output\oof_preds.csv
2025-07-07 00:51:56 - Training-20250707_005136 - INFO - Feature importance plot saved to E:\CSworks\2025spring\crunch\repo\ADIA-Lab-Structural-Break\output\feature_importance.png
2025-07-07 00:51:56 - Training-20250707_005136 - INFO - 模型训练因故中止或未返回AUC。
