2025-09-23 10:38:54 - Training-20250923_103854 - INFO - ========== Running Command: train ==========
2025-09-23 10:38:54 - Training-20250923_103854 - INFO - Args: {'command': 'train', 'feature_file': None, 'train_data_ids': ['0'], 'perm_imp': False, 'save_oof': False, 'save_model': True}
2025-09-23 10:38:54 - Training-20250923_103854 - INFO - =======================================
2025-09-23 10:38:54 - Training-20250923_103854 - INFO - Starting training and evaluation pipeline...
2025-09-23 10:38:54 - Training-20250923_103854 - INFO - Using model: LGB
2025-09-23 10:38:54 - Training-20250923_103854 - INFO - Model Parameters: {
    "objective": "binary",
    "metric": "auc",
    "boosting_type": "gbdt",
    "n_estimators": 1000,
    "learning_rate": 0.005,
    "num_leaves": 29,
    "random_state": 42,
    "n_jobs": 72,
    "reg_alpha": 3,
    "reg_lambda": 3,
    "colsample_bytree": 0.8,
    "subsample": 0.8
}
2025-09-23 10:38:56 - Training-20250923_103854 - INFO - Successfully loaded features from: features_20250922_114512_id_0.parquet
2025-09-23 10:38:56 - Training-20250923_103854 - INFO - Loading data...
2025-09-23 10:38:57 - Training-20250923_103854 - INFO - Original data loaded successfully.
2025-09-23 10:38:57 - Training-20250923_103854 - INFO - X_train shape: (23715734, 2)
2025-09-23 10:38:57 - Training-20250923_103854 - INFO - X_train type: <class 'pandas.core.frame.DataFrame'>
2025-09-23 10:38:57 - Training-20250923_103854 - INFO - y_train shape: (10001, 1)
2025-09-23 10:38:57 - Training-20250923_103854 - INFO - y_train type: <class 'pandas.core.frame.DataFrame'>
2025-09-23 10:38:57 - Training-20250923_103854 - INFO - Loading enhancement data with IDs: ['0']
2025-09-23 10:38:57 - Training-20250923_103854 - INFO - Total datasets loaded: 1
2025-09-23 10:38:57 - Training-20250923_103854 - INFO - Dataset 0: X shape (23715734, 2), y shape (10001, 1)
2025-09-23 10:38:57 - Training-20250923_103854 - INFO - Return CONCATED data shape: X (23715734, 2), y (10001, 1)
2025-09-23 10:38:57 - Training-20250923_103854 - INFO - 训练数据已对齐. X shape: (10001, 11615), y shape: (10001,)
2025-09-23 10:38:57 - Training-20250923_103854 - INFO - --- 使用的特征列表 (共 127 个) ---
2025-09-23 10:38:57 - Training-20250923_103854 - INFO - 前50个特征: ['cross_mul_RAW_1_stats_cv_whole_RAW_1_stats_std_whole', 'cross_mul_RAW_3_detrend_volatility_normalized_whole_RAW_1_stats_std_whole', 'cross_div_RAW_2_ad_stat_RAW_8_percentage_of_reoccurring_values_to_all_values_contribution_left', 'cross_div_CUMSUM_7_hjorth_complexity_whole_RAW_8_percentage_of_reoccurring_values_to_all_values_contribution_left', 'cross_div_RAW_8_energy_ratio_by_chunks_num_segments_10_segment_focus_9_left_RAW_8_agg_linear_trend_attr_intercept_chunk_len_10_f_agg_max_ratio_to_whole_right', 'cross_div_RAW_1_stats_median_whole_RAW_8_percentage_of_reoccurring_values_to_all_values_contribution_left', 'sub_RAW_8_percentage_of_reoccurring_values_to_all_values_contribution_left_RAW_7_sample_entropy_left', 'cross_add_RAW_7_sample_entropy_left_RAW_2_bartlett_pvalue', 'cross_add_RAW_8_percentage_of_reoccurring_values_to_all_values_ratio_to_whole_left_CUMSUM_1_stats_range_ratio_to_whole_left', 'cross_div_RAW_1_stats_range_left_RAW_8_percentage_of_reoccurring_values_to_all_values_contribution_left', 'add_RAW_8_index_mass_quantile_q_0_8_ratio_to_whole_left_RAW_8_index_mass_quantile_q_0_1_right', 'cross_div_RAW_8_benford_correlation_whole_CUMSUM_2_ad_pvalue', 'cross_div_RAW_7_sample_entropy_left_CUMSUM_2_ad_pvalue', 'cross_mul_RAW_8_percentage_of_reoccurring_values_to_all_values_ratio_to_whole_left_CUMSUM_1_stats_max_ratio_to_whole_left', 'cross_add_RAW_7_sample_entropy_left_RAW_8_percentage_of_reoccurring_datapoints_to_all_datapoints_ratio_to_whole_right', 'cross_mul_RAW_8_index_mass_quantile_q_0_1_right_RAW_10_rpt_cost_cosine_whole', 'cross_add_RAW_7_sample_entropy_left_DIFF_2_bartlett_pvalue', 'cross_div_RAW_7_sample_entropy_left_DIFF_2_jb_pvalue_left', 'cross_div_RAW_8_percentage_of_reoccurring_values_to_all_values_contribution_left_RAW_8_percentage_of_reoccurring_datapoints_to_all_datapoints_whole', 'div_RAW_8_percentage_of_reoccurring_values_to_all_values_ratio_to_whole_left_RAW_8_percentage_of_reoccurring_values_to_all_values_contribution_left', 'cross_div_CUMSUM_2_kpss_pvalue_ratio_to_whole_left_RAW_8_percentage_of_reoccurring_values_to_all_values_contribution_left', 'cross_div_RAW_7_sample_entropy_left_RAW_8_ratio_beyond_r_sigma_1_left', 'cross_mul_RAW_8_benford_correlation_whole_RAW_8_count_above_0_whole', 'cross_mul_RAW_7_sample_entropy_left_RAW_8_change_quantiles_f_agg_var_isabs_True_qh_0_6_ql_0_2_whole', 'cross_mul_RAW_8_index_mass_quantile_q_0_8_ratio_to_whole_left_RAW_8_ratio_value_number_to_time_series_length_ratio_to_whole_left', 'cross_add_RAW_8_percentage_of_reoccurring_values_to_all_values_ratio_to_whole_left_RAW_1_stats_std_whole', 'sqmul_RAW_8_index_mass_quantile_q_0_1_right_RAW_8_index_mass_quantile_q_0_8_ratio_to_whole_left', 'sqmul_RAW_8_energy_ratio_by_chunks_num_segments_10_segment_focus_9_left_RAW_8_index_mass_quantile_q_0_1_right', 'cross_div_RAW_8_agg_linear_trend_attr_intercept_chunk_len_10_f_agg_max_ratio_to_whole_right_RAW_8_energy_ratio_by_chunks_num_segments_10_segment_focus_9_left', 'cross_sub_RAW_8_index_mass_quantile_q_0_8_ratio_to_whole_left_RAW_8_ratio_beyond_r_sigma_1_left', 'cross_div_CUMSUM_10_rpt_cost_rank_diff_RAW_8_percentage_of_reoccurring_values_to_all_values_contribution_left', 'cross_div_RAW_8_percentage_of_reoccurring_values_to_all_values_ratio_to_whole_left_CUMSUM_8_change_quantiles_f_agg_mean_isabs_True_qh_1_0_ql_0_4_ratio_to_whole_left', 'cross_div_CUMSUM_2_ad_pvalue_RAW_7_sample_entropy_left', 'cross_add_RAW_8_energy_ratio_by_chunks_num_segments_10_segment_focus_9_left_DIFF_8_change_quantiles_f_agg_var_isabs_False_qh_1_0_ql_0_2_contribution_left', 'RAW_8_quantile_0_6_right', 'cross_div_RAW_1_stats_mean_whole_RAW_8_percentage_of_reoccurring_values_to_all_values_contribution_left', 'cross_mul_RAW_8_energy_ratio_by_chunks_num_segments_10_segment_focus_9_left_RAW_2_bartlett_pvalue', 'cross_mul_RAW_7_sample_entropy_left_CUMSUM_8_change_quantiles_f_agg_var_isabs_False_qh_0_8_ql_0_0_whole', 'cross_add_RAW_8_index_mass_quantile_q_0_1_right_RAW_8_index_mass_quantile_q_0_8_left', 'cross_add_RAW_8_energy_ratio_by_chunks_num_segments_10_segment_focus_9_left_RAW_8_quantile_0_4_contribution_left', 'DIFF_7_spectral_entropy_ratio_to_whole_left', 'cross_sub_RAW_7_sample_entropy_left_CUMSUM_10_rpt_cost_clinear_ratio_to_whole_left', 'cross_div_RAW_1_stats_median_right_RAW_8_percentage_of_reoccurring_values_to_all_values_contribution_left', 'CUMSUM_3_detrend_volatility_normalized_ratio', 'cross_sub_RAW_7_sample_entropy_left_DIFF_2_jb_pvalue_left', 'cross_add_RAW_8_percentage_of_reoccurring_values_to_all_values_contribution_left_CUMSUM_7_spectral_entropy_whole', 'cross_add_RAW_7_sample_entropy_left_CUMSUM_8_first_location_of_maximum_whole', 'cross_mul_RAW_8_index_mass_quantile_q_0_1_right_RAW_8_quantile_0_4_contribution_left', 'DIFF_8_ratio_beyond_r_sigma_1_5_right', 'cross_div_RAW_8_index_mass_quantile_q_0_8_ratio_to_whole_left_RAW_1_stats_std_whole']
2025-09-23 10:38:57 - Training-20250923_103854 - INFO - --------------------------------------------------
2025-09-23 10:38:57 - Training-20250923_103854 - INFO - Starting 5-fold cross-validation with enhanced data strategy...
2025-09-23 10:38:57 - Training-20250923_103854 - INFO - 创建增强数据交叉验证分割...
2025-09-23 10:38:57 - Training-20250923_103854 - INFO - 识别到 10001 条原始数据
2025-09-23 10:38:57 - Training-20250923_103854 - INFO - 识别到 0 条增强数据
2025-09-23 10:38:57 - Training-20250923_103854 - INFO - Fold 1: 训练集 8000 条 (原始: 8000, 增强: 0), 验证集 2001 条 (仅原始数据)
2025-09-23 10:38:57 - Training-20250923_103854 - INFO - --- Fold 1/5 ---
2025-09-23 10:38:57 - Training-20250923_103854 - INFO - 训练数据: (8000, 127), 验证数据: (2001, 127)
2025-09-23 10:39:24 - Training-20250923_103854 - INFO - Fold 1 Train AUC: 0.96689, Val AUC: 0.90446
2025-09-23 10:39:24 - Training-20250923_103854 - INFO - Fold 1 Early stopping step (best_iteration): 0
2025-09-23 10:39:24 - Training-20250923_103854 - INFO - Fold 1 finished in 26.69s
2025-09-23 10:39:24 - Training-20250923_103854 - INFO - Fold 2: 训练集 8001 条 (原始: 8001, 增强: 0), 验证集 2000 条 (仅原始数据)
2025-09-23 10:39:24 - Training-20250923_103854 - INFO - --- Fold 2/5 ---
2025-09-23 10:39:24 - Training-20250923_103854 - INFO - 训练数据: (8001, 127), 验证数据: (2000, 127)
2025-09-23 10:39:50 - Training-20250923_103854 - INFO - Fold 2 Train AUC: 0.96879, Val AUC: 0.88628
2025-09-23 10:39:50 - Training-20250923_103854 - INFO - Fold 2 Early stopping step (best_iteration): 0
2025-09-23 10:39:50 - Training-20250923_103854 - INFO - Fold 2 finished in 25.57s
2025-09-23 10:39:50 - Training-20250923_103854 - INFO - Fold 3: 训练集 8001 条 (原始: 8001, 增强: 0), 验证集 2000 条 (仅原始数据)
2025-09-23 10:39:50 - Training-20250923_103854 - INFO - --- Fold 3/5 ---
2025-09-23 10:39:50 - Training-20250923_103854 - INFO - 训练数据: (8001, 127), 验证数据: (2000, 127)
2025-09-23 10:40:15 - Training-20250923_103854 - INFO - Fold 3 Train AUC: 0.96822, Val AUC: 0.90123
2025-09-23 10:40:15 - Training-20250923_103854 - INFO - Fold 3 Early stopping step (best_iteration): 0
2025-09-23 10:40:15 - Training-20250923_103854 - INFO - Fold 3 finished in 25.57s
2025-09-23 10:40:15 - Training-20250923_103854 - INFO - Fold 4: 训练集 8001 条 (原始: 8001, 增强: 0), 验证集 2000 条 (仅原始数据)
2025-09-23 10:40:15 - Training-20250923_103854 - INFO - --- Fold 4/5 ---
2025-09-23 10:40:15 - Training-20250923_103854 - INFO - 训练数据: (8001, 127), 验证数据: (2000, 127)
2025-09-23 10:40:41 - Training-20250923_103854 - INFO - Fold 4 Train AUC: 0.96698, Val AUC: 0.89493
2025-09-23 10:40:41 - Training-20250923_103854 - INFO - Fold 4 Early stopping step (best_iteration): 0
2025-09-23 10:40:41 - Training-20250923_103854 - INFO - Fold 4 finished in 25.78s
2025-09-23 10:40:41 - Training-20250923_103854 - INFO - Fold 5: 训练集 8001 条 (原始: 8001, 增强: 0), 验证集 2000 条 (仅原始数据)
2025-09-23 10:40:41 - Training-20250923_103854 - INFO - --- Fold 5/5 ---
2025-09-23 10:40:41 - Training-20250923_103854 - INFO - 训练数据: (8001, 127), 验证数据: (2000, 127)
2025-09-23 10:41:07 - Training-20250923_103854 - INFO - Fold 5 Train AUC: 0.96801, Val AUC: 0.89017
2025-09-23 10:41:07 - Training-20250923_103854 - INFO - Fold 5 Early stopping step (best_iteration): 0
2025-09-23 10:41:07 - Training-20250923_103854 - INFO - Fold 5 finished in 26.02s
2025-09-23 10:41:07 - Training-20250923_103854 - INFO - Overall OOF AUC: 0.89519
2025-09-23 10:41:07 - Training-20250923_103854 - INFO - All outputs will be saved to: /public/home/gugq/mutian-ADIA-Lab-Structural-Break/ADIA-Lab-Structural-Break/experiment/output/train_20250923_104107_auc_0_89519
2025-09-23 10:41:07 - Training-20250923_103854 - INFO - 特征重要性已保存到: /public/home/gugq/mutian-ADIA-Lab-Structural-Break/ADIA-Lab-Structural-Break/experiment/output/train_20250923_104107_auc_0_89519/feature_importance.tsv
2025-09-23 10:41:07 - Training-20250923_103854 - INFO - feature importance saved.
2025-09-23 10:41:07 - Training-20250923_103854 - INFO - Models saved.
2025-09-23 10:41:07 - Training-20250923_103854 - INFO - 训练流程结束，总耗时: 132.91 秒。
