2025-09-15 12:38:36 - Training-20250915_123835 - INFO - ========== Running Command: train ==========
2025-09-15 12:38:36 - Training-20250915_123835 - INFO - Args: {'command': 'train', 'feature_file': None, 'train_data_ids': ['0'], 'perm_imp': True, 'save_oof': False, 'save_model': False}
2025-09-15 12:38:36 - Training-20250915_123835 - INFO - =======================================
2025-09-15 12:38:36 - Training-20250915_123835 - INFO - Starting training and evaluation pipeline...
2025-09-15 12:38:36 - Training-20250915_123835 - INFO - Model Parameters: {
    "objective": "binary",
    "metric": "auc",
    "boosting_type": "gbdt",
    "n_estimators": 3000,
    "learning_rate": 0.005,
    "num_leaves": 29,
    "random_state": 42,
    "n_jobs": 72,
    "reg_alpha": 3,
    "reg_lambda": 3,
    "colsample_bytree": 0.8,
    "subsample": 0.8
}
2025-09-15 12:38:36 - Training-20250915_123835 - INFO - Successfully loaded features from: features_20250915_114916.parquet
2025-09-15 12:38:36 - Training-20250915_123835 - INFO - Loading data...
2025-09-15 12:38:37 - Training-20250915_123835 - INFO - Original data loaded successfully.
2025-09-15 12:38:37 - Training-20250915_123835 - INFO - X_train shape: (23715734, 2)
2025-09-15 12:38:37 - Training-20250915_123835 - INFO - X_train type: <class 'pandas.core.frame.DataFrame'>
2025-09-15 12:38:37 - Training-20250915_123835 - INFO - y_train shape: (10001, 1)
2025-09-15 12:38:37 - Training-20250915_123835 - INFO - y_train type: <class 'pandas.core.frame.DataFrame'>
2025-09-15 12:38:37 - Training-20250915_123835 - INFO - Loading enhancement data with IDs: ['0']
2025-09-15 12:38:37 - Training-20250915_123835 - INFO - Total datasets loaded: 1
2025-09-15 12:38:37 - Training-20250915_123835 - INFO - Dataset 0: X shape (23715734, 2), y shape (10001, 1)
2025-09-15 12:38:37 - Training-20250915_123835 - INFO - Return CONCATED data shape: X (23715734, 2), y (10001, 1)
2025-09-15 12:38:37 - Training-20250915_123835 - INFO - 训练数据已对齐. X shape: (10001, 7106), y shape: (10001,)
2025-09-15 12:38:37 - Training-20250915_123835 - INFO - --- 使用的特征列表 (共 600 个) ---
2025-09-15 12:38:37 - Training-20250915_123835 - INFO - 前50个特征: ['mul_RAW_1_stats_cv_whole_RAW_1_stats_std_whole', 'mul_RAW_1_stats_std_whole_RAW_3_detrend_volatility_normalized_whole', 'cross_mul_RAW_10_index_mass_quantile_q_0_8_ratio_to_whole_left_RAW_10_index_mass_quantile_q_0_1_right', 'cross_mul_RAW_3_detrend_volatility_normalized_whole_RAW_2_ad_stat', 'cross_mul_RAW_7_sample_entropy_left_RAW_2_ks_stat', 'cross_mul_RAW_10_index_mass_quantile_q_0_8_ratio_to_whole_left_RAW_10_quantile_0_4_ratio_to_whole_left', 'cross_mul_RAW_7_sample_entropy_left_RAW_10_ratio_beyond_r_sigma_1_5_diff', 'RAW_10_friedrich_coefficients_coeff_2_m_3_r_30_ratio_to_whole_right', 'cross_mul_RAW_1_stats_cv_whole_DIFF_11_fft_coefficient_attr_angle_coeff_1_diff', 'RAW_11_energy_ratio_by_chunks_num_segments_20_segment_focus_0_right', 'cross_mul_RAW_10_percentage_of_reoccurring_values_to_all_values_ratio_to_whole_left_CUMSUM_1_stats_range_ratio_to_whole_left', 'DIFF_7_spectral_entropy_ratio_to_whole_left', 'DIFF_7_hjorth_complexity_right', 'cross_mul_RAW_7_sample_entropy_left_DIFF_11_fft_coefficient_attr_abs_coeff_9_ratio', 'cross_mul_RAW_10_index_mass_quantile_q_0_8_ratio_to_whole_left_CUMSUM_10_autocorrelation_lag_4_ratio_to_whole_left', 'cross_mul_CUMSUM_2_ad_pvalue_CUMSUM_8_ar_param_1_ratio_to_whole_left', 'sub_RAW_10_percentage_of_reoccurring_datapoints_to_all_datapoints_contribution_left_RAW_7_sample_entropy_left', 'div_RAW_10_percentage_of_reoccurring_datapoints_to_all_datapoints_contribution_left_RAW_10_percentage_of_reoccurring_values_to_all_values_ratio_to_whole_left', 'cross_mul_RAW_10_index_mass_quantile_q_0_8_ratio_to_whole_left_RAW_11_energy_ratio_by_chunks_num_segments_10_segment_focus_9_left', 'cross_mul_RAW_1_stats_cv_whole_RAW_11_agg_linear_trend_attr_rvalue_chunk_len_50_f_agg_mean_ratio', 'cross_mul_CUMSUM_2_ad_pvalue_DIFF_10_linear_trend_attr_intercept_contribution_right', 'div_RAW_10_percentage_of_reoccurring_values_to_all_values_contribution_left_RAW_10_percentage_of_reoccurring_values_to_all_values_ratio_to_whole_left', 'CUMSUM_7_perm_entropy_whole', 'cross_mul_RAW_7_sample_entropy_left_DIFF_11_fft_coefficient_attr_angle_coeff_1_right', 'cross_mul_RAW_10_index_mass_quantile_q_0_8_ratio_to_whole_left_RAW_10_quantile_0_6_ratio_to_whole_left', 'RAW_10_quantile_0_6_ratio_to_whole_left', 'cross_mul_CUMSUM_2_ad_pvalue_RAW_10_benford_correlation_ratio_to_whole_left', 'RAW_7_perm_entropy_left', 'CUMSUM_8_ar_param_1_ratio_to_whole_left', 'cross_mul_RAW_1_stats_cv_whole_DIFF_11_cwt_coefficients_coeff_12_w_10_widths_2_5_10_20_diff', 'cross_mul_RAW_7_sample_entropy_left_CUMSUM_8_ar_param_2_contribution_right', 'DIFF_10_linear_trend_attr_rvalue_contribution_right', 'RAW_10_quantile_0_4_ratio_to_whole_left', 'cross_mul_RAW_1_stats_cv_whole_DIFF_11_fft_coefficient_attr_angle_coeff_18_left', 'RAW_11_energy_ratio_by_chunks_num_segments_10_segment_focus_9_left', 'cross_mul_RAW_7_sample_entropy_left_RAW_10_index_mass_quantile_q_0_1_right', 'cross_mul_RAW_7_sample_entropy_left_RAW_10_ratio_beyond_r_sigma_0_5_contribution_left', 'div_RAW_10_index_mass_quantile_q_0_8_ratio_to_whole_left_RAW_7_sample_entropy_left', 'cross_mul_RAW_1_stats_cv_whole_RAW_10_linear_trend_attr_rvalue_ratio_to_whole_right', 'cross_mul_RAW_1_stats_cv_whole_CUMSUM_8_ar_param_7_ratio_to_whole_right', 'cross_mul_RAW_10_index_mass_quantile_q_0_8_ratio_to_whole_left_DIFF_10_linear_trend_attr_rvalue_contribution_right', 'RAW_10_friedrich_coefficients_coeff_2_m_3_r_30_ratio', 'cross_mul_RAW_10_index_mass_quantile_q_0_8_ratio_to_whole_left_CUMSUM_10_index_mass_quantile_q_0_6_ratio_to_whole_right', 'cross_mul_RAW_3_detrend_volatility_normalized_whole_RAW_11_fft_coefficient_attr_angle_coeff_2_whole', 'cross_mul_CUMSUM_2_ad_pvalue_DIFF_1_stats_mean_contribution_left', 'CUMSUM_10_index_mass_quantile_q_0_1_ratio_to_whole_left', 'sub_RAW_10_percentage_of_reoccurring_values_to_all_values_contribution_left_RAW_7_sample_entropy_left', 'cross_mul_RAW_10_index_mass_quantile_q_0_8_ratio_to_whole_left_DIFF_8_ar_param_3_ratio_to_whole_left', 'cross_mul_RAW_1_stats_cv_whole_CUMSUM_11_fft_coefficient_attr_angle_coeff_36_left', 'cross_mul_RAW_10_quantile_0_4_whole_DIFF_2_levene_pvalue']
2025-09-15 12:38:37 - Training-20250915_123835 - INFO - --------------------------------------------------
2025-09-15 12:38:37 - Training-20250915_123835 - INFO - Starting 5-fold cross-validation with enhanced data strategy...
2025-09-15 12:38:37 - Training-20250915_123835 - INFO - 创建增强数据交叉验证分割...
2025-09-15 12:38:37 - Training-20250915_123835 - INFO - 识别到 10001 条原始数据
2025-09-15 12:38:37 - Training-20250915_123835 - INFO - 识别到 0 条增强数据
2025-09-15 12:38:37 - Training-20250915_123835 - INFO - Fold 1: 训练集 8000 条 (原始: 8000, 增强: 0), 验证集 2001 条 (仅原始数据)
2025-09-15 12:38:37 - Training-20250915_123835 - INFO - --- Fold 1/5 ---
2025-09-15 12:38:37 - Training-20250915_123835 - INFO - 训练数据: (8000, 600), 验证数据: (2001, 600)
2025-09-15 12:39:51 - Training-20250915_123835 - INFO - Fold 1 Train AUC: 0.99980, Val AUC: 0.89952
2025-09-15 12:39:51 - Training-20250915_123835 - INFO - Fold 1 Early stopping step (best_iteration): 0
2025-09-15 12:39:51 - Training-20250915_123835 - INFO - Fold 1 finished in 73.34s
2025-09-15 12:39:51 - Training-20250915_123835 - INFO - Fold 2: 训练集 8001 条 (原始: 8001, 增强: 0), 验证集 2000 条 (仅原始数据)
2025-09-15 12:39:51 - Training-20250915_123835 - INFO - --- Fold 2/5 ---
2025-09-15 12:39:51 - Training-20250915_123835 - INFO - 训练数据: (8001, 600), 验证数据: (2000, 600)
2025-09-15 12:41:02 - Training-20250915_123835 - INFO - Fold 2 Train AUC: 0.99988, Val AUC: 0.88669
2025-09-15 12:41:02 - Training-20250915_123835 - INFO - Fold 2 Early stopping step (best_iteration): 0
2025-09-15 12:41:02 - Training-20250915_123835 - INFO - Fold 2 finished in 70.96s
2025-09-15 12:41:02 - Training-20250915_123835 - INFO - Fold 3: 训练集 8001 条 (原始: 8001, 增强: 0), 验证集 2000 条 (仅原始数据)
2025-09-15 12:41:02 - Training-20250915_123835 - INFO - --- Fold 3/5 ---
2025-09-15 12:41:02 - Training-20250915_123835 - INFO - 训练数据: (8001, 600), 验证数据: (2000, 600)
2025-09-15 12:42:14 - Training-20250915_123835 - INFO - Fold 3 Train AUC: 0.99984, Val AUC: 0.89869
2025-09-15 12:42:14 - Training-20250915_123835 - INFO - Fold 3 Early stopping step (best_iteration): 0
2025-09-15 12:42:14 - Training-20250915_123835 - INFO - Fold 3 finished in 71.99s
2025-09-15 12:42:14 - Training-20250915_123835 - INFO - Fold 4: 训练集 8001 条 (原始: 8001, 增强: 0), 验证集 2000 条 (仅原始数据)
2025-09-15 12:42:14 - Training-20250915_123835 - INFO - --- Fold 4/5 ---
2025-09-15 12:42:14 - Training-20250915_123835 - INFO - 训练数据: (8001, 600), 验证数据: (2000, 600)
2025-09-15 12:43:25 - Training-20250915_123835 - INFO - Fold 4 Train AUC: 0.99985, Val AUC: 0.89616
2025-09-15 12:43:25 - Training-20250915_123835 - INFO - Fold 4 Early stopping step (best_iteration): 0
2025-09-15 12:43:25 - Training-20250915_123835 - INFO - Fold 4 finished in 71.32s
2025-09-15 12:43:25 - Training-20250915_123835 - INFO - Fold 5: 训练集 8001 条 (原始: 8001, 增强: 0), 验证集 2000 条 (仅原始数据)
2025-09-15 12:43:25 - Training-20250915_123835 - INFO - --- Fold 5/5 ---
2025-09-15 12:43:25 - Training-20250915_123835 - INFO - 训练数据: (8001, 600), 验证数据: (2000, 600)
2025-09-15 12:44:36 - Training-20250915_123835 - INFO - Fold 5 Train AUC: 0.99977, Val AUC: 0.88879
2025-09-15 12:44:36 - Training-20250915_123835 - INFO - Fold 5 Early stopping step (best_iteration): 0
2025-09-15 12:44:36 - Training-20250915_123835 - INFO - Fold 5 finished in 71.16s
2025-09-15 12:44:36 - Training-20250915_123835 - INFO - Overall OOF AUC: 0.89388
2025-09-15 12:44:36 - Training-20250915_123835 - INFO - Calculate Fold 1 permutation importance...
