2025-07-18 10:02:43 - Training-20250718_100243 - INFO - ========== Running Command: train ==========
2025-07-18 10:02:43 - Training-20250718_100243 - INFO - Args: {'command': 'train', 'feature_file': None, 'save_oof': False, 'save_model': False, 'perm_imp': False}
2025-07-18 10:02:43 - Training-20250718_100243 - INFO - =======================================
2025-07-18 10:02:43 - Training-20250718_100243 - INFO - Starting training and evaluation pipeline...
2025-07-18 10:02:43 - Training-20250718_100243 - INFO - Model Parameters: {
    "objective": "binary",
    "metric": "auc",
    "boosting_type": "gbdt",
    "random_state": 42,
    "n_estimators": 4000,
    "learning_rate": 0.005,
    "num_leaves": 31,
    "n_jobs": -1,
    "reg_alpha": 0.5,
    "reg_lambda": 0.5,
    "colsample_bytree": 0.8,
    "subsample": 0.8
}
2025-07-18 10:02:43 - Training-20250718_100243 - INFO - 未指定特征文件，将尝试加载最新版本。
2025-07-18 10:02:43 - Training-20250718_100243 - INFO - 正在从 features_20250716_221725.parquet 加载特征...
2025-07-18 10:02:43 - Training-20250718_100243 - INFO - 特征加载成功，共 485 个特征。
2025-07-18 10:02:43 - Training-20250718_100243 - INFO - Successfully loaded features from: features_20250716_221725.parquet
2025-07-18 10:02:45 - Training-20250718_100243 - INFO - 训练数据已对齐. X shape: (10001, 485), y shape: (10001,)
2025-07-18 10:03:31 - Training-20250718_100243 - INFO - 最近邻特征提取完成，新增 4 个特征。
2025-07-18 10:03:31 - Training-20250718_100243 - INFO -     - 'nn_3_mean': 空值比例=0.00%, 零值比例=38.53%
2025-07-18 10:03:31 - Training-20250718_100243 - INFO -     - 'nn_5_mean': 空值比例=0.00%, 零值比例=20.62%
2025-07-18 10:03:31 - Training-20250718_100243 - INFO -     - 'nn_7_mean': 空值比例=0.00%, 零值比例=11.30%
2025-07-18 10:03:31 - Training-20250718_100243 - INFO -     - 'nn_10_mean': 空值比例=0.00%, 零值比例=4.23%
2025-07-18 10:03:31 - Training-20250718_100243 - INFO - --- 使用的特征列表 (共 55 个) ---
2025-07-18 10:03:31 - Training-20250718_100243 - INFO - ['RAW_1_stats_mean_whole', 'RAW_1_stats_median_ratio', 'RAW_1_stats_std_whole', 'RAW_1_stats_kurt_left', 'RAW_1_stats_kurt_right', 'RAW_1_stats_kurt_whole', 'RAW_1_stats_cv_whole', 'RAW_1_stats_mean_of_rolling_std_ratio', 'RAW_2_ks_stat', 'RAW_2_ks_pvalue', 'RAW_2_ad_stat', 'RAW_2_ad_pvalue', 'RAW_2_levene_stat', 'RAW_2_levene_pvalue', 'RAW_2_bartlett_stat', 'RAW_2_bartlett_pvalue', 'RAW_2_shapiro_pvalue_left', 'RAW_2_jb_pvalue_left', 'RAW_2_jb_pvalue_ratio', 'RAW_3_sum_ratio', 'RAW_4_autocorr_lag1_diff', 'RAW_4_autocorr_lag1_ratio', 'RAW_7_rolling_std_w50_mean_whole', 'RAW_8_perm_entropy_left', 'RAW_8_approx_entropy_whole', 'RAW_8_sample_entropy_left', 'RAW_8_sample_entropy_whole', 'RAW_8_hjorth_complexity_diff', 'RAW_10_ratio_value_number_to_time_series_length_left', 'RAW_10_ratio_value_number_to_time_series_length_whole', 'RAW_10_ratio_value_number_to_time_series_length_diff', 'RAW_10_ratio_value_number_to_time_series_length_ratio', 'RAW_10_ratio_beyond_r_sigma_1_5_diff', 'RAW_10_quantile_0_4_right', 'RAW_10_quantile_0_4_whole', 'RAW_10_quantile_0_4_ratio', 'RAW_10_quantile_0_1_ratio', 'RAW_10_percentage_of_reoccurring_values_to_all_values_left', 'RAW_10_percentage_of_reoccurring_values_to_all_values_diff', 'RAW_10_percentage_of_reoccurring_values_to_all_values_ratio', 'RAW_10_linear_trend_attr_rvalue_ratio', 'RAW_10_linear_trend_attr_intercept_ratio', 'RAW_10_fft_coefficient_attr_imag_coeff_1_whole', 'RAW_10_change_quantiles_f_agg_var_isabs_True_qh_0_6_ql_0_4_ratio', 'RAW_10_change_quantiles_f_agg_var_isabs_True_qh_0_6_ql_0_2_whole', 'RAW_10_change_quantiles_f_agg_var_isabs_False_qh_0_8_ql_0_4_whole', 'RAW_10_agg_linear_trend_attr_rvalue_chunk_len_50_f_agg_mean_diff', 'RAW_10_agg_linear_trend_attr_rvalue_chunk_len_5_f_agg_max_left', 'RAW_10_agg_linear_trend_attr_rvalue_chunk_len_5_f_agg_max_right', 'RAW_10_agg_linear_trend_attr_rvalue_chunk_len_5_f_agg_max_diff', 'RAW_11_param_0_whole', 'RAW_11_param_0_ratio', 'RAW_11_param_4_left', 'RAW_12_rpt_cost_rank_left', 'RAW_12_rpt_cost_cosine_whole']
2025-07-18 10:03:31 - Training-20250718_100243 - INFO - --------------------------------------------------
2025-07-18 10:03:31 - Training-20250718_100243 - INFO - Starting 5-fold cross-validation with LightGBM...
2025-07-18 10:03:31 - Training-20250718_100243 - INFO - --- Fold 1/5 ---
2025-07-18 10:04:00 - Training-20250718_100243 - INFO - Fold 1 Train AUC: 0.98547, Val AUC: 0.79762
2025-07-18 10:04:00 - Training-20250718_100243 - INFO - Fold 1 finished in 28.95s
2025-07-18 10:04:00 - Training-20250718_100243 - INFO - --- Fold 2/5 ---
2025-07-18 10:04:25 - Training-20250718_100243 - INFO - Fold 2 Train AUC: 0.97941, Val AUC: 0.78027
2025-07-18 10:04:25 - Training-20250718_100243 - INFO - Fold 2 finished in 25.82s
2025-07-18 10:04:25 - Training-20250718_100243 - INFO - --- Fold 3/5 ---
2025-07-18 10:04:48 - Training-20250718_100243 - INFO - Fold 3 Train AUC: 0.97153, Val AUC: 0.79964
2025-07-18 10:04:48 - Training-20250718_100243 - INFO - Fold 3 finished in 22.52s
2025-07-18 10:04:48 - Training-20250718_100243 - INFO - --- Fold 4/5 ---
2025-07-18 10:05:06 - Training-20250718_100243 - INFO - Fold 4 Train AUC: 0.95713, Val AUC: 0.77800
2025-07-18 10:05:06 - Training-20250718_100243 - INFO - Fold 4 finished in 18.38s
2025-07-18 10:05:06 - Training-20250718_100243 - INFO - --- Fold 5/5 ---
2025-07-18 10:05:46 - Training-20250718_100243 - INFO - Fold 5 Train AUC: 0.99617, Val AUC: 0.78384
2025-07-18 10:05:46 - Training-20250718_100243 - INFO - Fold 5 finished in 39.55s
2025-07-18 10:05:46 - Training-20250718_100243 - INFO - Overall OOF AUC: 0.78745
2025-07-18 10:05:46 - Training-20250718_100243 - INFO - All outputs will be saved to: E:\ggq的文件\比赛\25-ADIA-Lab-Structure-Break\ADIA-Lab-Structural-Break\experiment\output\train_20250718_100546_auc_0_78745
2025-07-18 10:05:46 - Training-20250718_100243 - INFO - 特征重要性已保存到: E:\ggq的文件\比赛\25-ADIA-Lab-Structure-Break\ADIA-Lab-Structural-Break\experiment\output\train_20250718_100546_auc_0_78745\feature_importance.tsv
2025-07-18 10:05:46 - Training-20250718_100243 - INFO - feature importance saved.
2025-07-18 10:05:46 - Training-20250718_100243 - INFO - 训练流程结束，总耗时: 183.30 秒。
