2025-09-11 19:36:57 - Training-20250911_193657 - INFO - ========== Running Command: train ==========
2025-09-11 19:36:57 - Training-20250911_193657 - INFO - Args: {'command': 'train', 'feature_file': None, 'train_data_ids': ['0'], 'perm_imp': False, 'save_oof': False, 'save_model': False}
2025-09-11 19:36:57 - Training-20250911_193657 - INFO - =======================================
2025-09-11 19:36:57 - Training-20250911_193657 - INFO - Starting training and evaluation pipeline...
2025-09-11 19:36:57 - Training-20250911_193657 - INFO - Model Parameters: {
    "objective": "binary",
    "metric": "auc",
    "boosting_type": "gbdt",
    "n_estimators": 3000,
    "learning_rate": 0.005,
    "num_leaves": 29,
    "random_state": 42,
    "n_jobs": 72,
    "reg_alpha": 3,
    "reg_lambda": 3,
    "colsample_bytree": 0.8,
    "subsample": 0.8
}
2025-09-11 19:36:58 - Training-20250911_193657 - INFO - Successfully loaded features from: features_20250911_184050.parquet
2025-09-11 19:36:58 - Training-20250911_193657 - INFO - Loading data...
2025-09-11 19:36:59 - Training-20250911_193657 - INFO - Original data loaded successfully.
2025-09-11 19:36:59 - Training-20250911_193657 - INFO - X_train shape: (23715734, 2)
2025-09-11 19:36:59 - Training-20250911_193657 - INFO - X_train type: <class 'pandas.core.frame.DataFrame'>
2025-09-11 19:36:59 - Training-20250911_193657 - INFO - y_train shape: (10001, 1)
2025-09-11 19:36:59 - Training-20250911_193657 - INFO - y_train type: <class 'pandas.core.frame.DataFrame'>
2025-09-11 19:36:59 - Training-20250911_193657 - INFO - Loading enhancement data with IDs: ['0']
2025-09-11 19:36:59 - Training-20250911_193657 - INFO - Total datasets loaded: 1
2025-09-11 19:36:59 - Training-20250911_193657 - INFO - Dataset 0: X shape (23715734, 2), y shape (10001, 1)
2025-09-11 19:36:59 - Training-20250911_193657 - INFO - Return CONCATED data shape: X (23715734, 2), y (10001, 1)
2025-09-11 19:36:59 - Training-20250911_193657 - INFO - 训练数据已对齐. X shape: (10001, 6145), y shape: (10001,)
2025-09-11 19:36:59 - Training-20250911_193657 - INFO - --- 使用的特征列表 (共 100 个) ---
2025-09-11 19:36:59 - Training-20250911_193657 - INFO - 前50个特征: ['mul_RAW_3_detrend_volatility_normalized_whole_RAW_1_stats_std_whole', 'mul_RAW_1_stats_cv_whole_RAW_1_stats_std_whole', 'sub_RAW_8_percentage_of_reoccurring_values_to_all_values_contribution_left_RAW_7_sample_entropy_left', 'sub_RAW_8_percentage_of_reoccurring_datapoints_to_all_datapoints_contribution_left_RAW_7_sample_entropy_left', 'cross_mul_RAW_8_index_mass_quantile_q_0_8_ratio_to_whole_left_RAW_8_index_mass_quantile_q_0_1_right', 'cross_mul_RAW_1_stats_std_whole_DIFF_2_ks_stat', 'cross_mul_RAW_3_detrend_volatility_normalized_whole_RAW_2_ad_stat', 'cross_mul_RAW_1_stats_std_whole_RAW_2_ks_stat', 'div_RAW_8_percentage_of_reoccurring_datapoints_to_all_datapoints_contribution_left_RAW_8_percentage_of_reoccurring_values_to_all_values_ratio_to_whole_left', 'sqmul_RAW_8_quantile_0_4_whole_RAW_3_detrend_volatility_normalized_whole', 'cross_mul_RAW_8_index_mass_quantile_q_0_8_ratio_to_whole_left_MARES_8_quantile_0_6_right', 'RAW_8_quantile_0_6_ratio_to_whole_left', 'DIFF_7_hjorth_complexity_right', 'cross_mul_RAW_8_quantile_0_4_whole_CUMSUM_2_ad_pvalue', 'RAW_8_ratio_value_number_to_time_series_length_whole', 'CUMSUM_7_perm_entropy_whole', 'RAW_8_index_mass_quantile_q_0_1_right', 'RAW_8_benford_correlation_whole', 'sqmul_RAW_1_stats_std_whole_RAW_3_detrend_volatility_normalized_whole', 'cross_mul_RAW_7_sample_entropy_left_RAW_8_ratio_beyond_r_sigma_1_5_diff', 'cross_mul_RAW_8_index_mass_quantile_q_0_8_ratio_to_whole_left_RAW_8_energy_ratio_by_chunks_num_segments_10_segment_focus_9_left', 'MARES_8_count_above_0_left', 'cross_mul_RAW_8_index_mass_quantile_q_0_8_ratio_to_whole_left_RAW_8_ratio_beyond_r_sigma_0_5_diff', 'add_RAW_8_percentage_of_reoccurring_datapoints_to_all_datapoints_contribution_left_RAW_1_stats_std_whole', 'cross_mul_RAW_7_sample_entropy_left_RAW_1_stats_min_whole', 'cross_mul_RAW_7_sample_entropy_left_RAW_8_index_mass_quantile_q_0_1_right', 'cross_mul_RAW_8_quantile_0_4_whole_CUMSUM_3_detrend_volatility_normalized_right', 'cross_mul_RAW_8_index_mass_quantile_q_0_8_ratio_to_whole_left_CUMSUM_8_change_quantiles_f_agg_mean_isabs_True_qh_1_0_ql_0_4_ratio_to_whole_left', 'RAW_8_ratio_beyond_r_sigma_1_left', 'cross_mul_RAW_7_sample_entropy_left_CUMSUM_2_kpss_pvalue_ratio_to_whole_left', 'cross_mul_RAW_1_stats_std_whole_CUMSUM_3_detrend_volatility_normalized_right', 'cross_mul_RAW_8_index_mass_quantile_q_0_8_ratio_to_whole_left_RAW_8_ratio_value_number_to_time_series_length_ratio_to_whole_left', 'DIFF_8_benford_correlation_left', 'sub_RAW_8_index_mass_quantile_q_0_8_ratio_to_whole_left_RAW_7_sample_entropy_left', 'cross_mul_RAW_8_percentage_of_reoccurring_datapoints_to_all_datapoints_contribution_left_RAW_8_ratio_value_number_to_time_series_length_ratio_to_whole_left', 'div_RAW_1_stats_cv_whole_RAW_8_percentage_of_reoccurring_datapoints_to_all_datapoints_contribution_left', 'cross_mul_RAW_8_quantile_0_4_whole_RAW_8_agg_linear_trend_attr_rvalue_chunk_len_50_f_agg_max_ratio_to_whole_left', 'cross_mul_RAW_3_detrend_volatility_normalized_whole_RAW_8_percentage_of_reoccurring_values_to_all_values_diff', 'RAW_8_energy_ratio_by_chunks_num_segments_10_segment_focus_9_left', 'div_RAW_8_percentage_of_reoccurring_values_to_all_values_contribution_left_RAW_8_percentage_of_reoccurring_values_to_all_values_ratio_to_whole_left', 'cross_mul_RAW_7_sample_entropy_left_RAW_2_ks_stat', 'div_RAW_3_detrend_volatility_normalized_whole_RAW_8_percentage_of_reoccurring_datapoints_to_all_datapoints_contribution_left', 'cross_mul_RAW_8_index_mass_quantile_q_0_8_ratio_to_whole_left_DIFF_8_ar_coefficient_coeff_2_k_10_ratio_to_whole_right', 'cross_mul_RAW_8_percentage_of_reoccurring_values_to_all_values_ratio_to_whole_left_DIFF_8_benford_correlation_left', 'cross_mul_RAW_8_quantile_0_4_whole_DIFF_2_bartlett_pvalue', 'cross_mul_RAW_8_quantile_0_4_whole_RAW_2_bartlett_pvalue', 'cross_mul_RAW_7_sample_entropy_left_MARES_8_count_above_0_left', 'cross_mul_RAW_7_sample_entropy_left_DIFF_8_ar_coefficient_coeff_8_k_10_ratio_to_whole_right', 'cross_mul_RAW_8_index_mass_quantile_q_0_8_ratio_to_whole_left_RAW_8_quantile_0_6_ratio_to_whole_left', 'cross_mul_RAW_8_index_mass_quantile_q_0_8_ratio_to_whole_left_RAW_8_index_mass_quantile_q_0_8_left']
2025-09-11 19:36:59 - Training-20250911_193657 - INFO - --------------------------------------------------
2025-09-11 19:36:59 - Training-20250911_193657 - INFO - Starting 5-fold cross-validation with enhanced data strategy...
2025-09-11 19:36:59 - Training-20250911_193657 - INFO - 创建增强数据交叉验证分割...
2025-09-11 19:36:59 - Training-20250911_193657 - INFO - 识别到 10001 条原始数据
2025-09-11 19:36:59 - Training-20250911_193657 - INFO - 识别到 0 条增强数据
2025-09-11 19:36:59 - Training-20250911_193657 - INFO - Fold 1: 训练集 8000 条 (原始: 8000, 增强: 0), 验证集 2001 条 (仅原始数据)
2025-09-11 19:36:59 - Training-20250911_193657 - INFO - --- Fold 1/5 ---
2025-09-11 19:36:59 - Training-20250911_193657 - INFO - 训练数据: (8000, 100), 验证数据: (2001, 100)
2025-09-11 19:37:41 - Training-20250911_193657 - INFO - Fold 1 Train AUC: 0.99560, Val AUC: 0.90008
2025-09-11 19:37:41 - Training-20250911_193657 - INFO - Fold 1 Early stopping step (best_iteration): 0
2025-09-11 19:37:41 - Training-20250911_193657 - INFO - Fold 1 finished in 41.56s
2025-09-11 19:37:41 - Training-20250911_193657 - INFO - Fold 2: 训练集 8001 条 (原始: 8001, 增强: 0), 验证集 2000 条 (仅原始数据)
2025-09-11 19:37:41 - Training-20250911_193657 - INFO - --- Fold 2/5 ---
2025-09-11 19:37:41 - Training-20250911_193657 - INFO - 训练数据: (8001, 100), 验证数据: (2000, 100)
2025-09-11 19:38:24 - Training-20250911_193657 - INFO - Fold 2 Train AUC: 0.99647, Val AUC: 0.88223
2025-09-11 19:38:24 - Training-20250911_193657 - INFO - Fold 2 Early stopping step (best_iteration): 0
2025-09-11 19:38:24 - Training-20250911_193657 - INFO - Fold 2 finished in 43.59s
2025-09-11 19:38:24 - Training-20250911_193657 - INFO - Fold 3: 训练集 8001 条 (原始: 8001, 增强: 0), 验证集 2000 条 (仅原始数据)
2025-09-11 19:38:24 - Training-20250911_193657 - INFO - --- Fold 3/5 ---
2025-09-11 19:38:24 - Training-20250911_193657 - INFO - 训练数据: (8001, 100), 验证数据: (2000, 100)
2025-09-11 19:39:08 - Training-20250911_193657 - INFO - Fold 3 Train AUC: 0.99643, Val AUC: 0.89679
2025-09-11 19:39:08 - Training-20250911_193657 - INFO - Fold 3 Early stopping step (best_iteration): 0
2025-09-11 19:39:08 - Training-20250911_193657 - INFO - Fold 3 finished in 43.37s
2025-09-11 19:39:08 - Training-20250911_193657 - INFO - Fold 4: 训练集 8001 条 (原始: 8001, 增强: 0), 验证集 2000 条 (仅原始数据)
2025-09-11 19:39:08 - Training-20250911_193657 - INFO - --- Fold 4/5 ---
2025-09-11 19:39:08 - Training-20250911_193657 - INFO - 训练数据: (8001, 100), 验证数据: (2000, 100)
2025-09-11 19:39:52 - Training-20250911_193657 - INFO - Fold 4 Train AUC: 0.99592, Val AUC: 0.89185
2025-09-11 19:39:52 - Training-20250911_193657 - INFO - Fold 4 Early stopping step (best_iteration): 0
2025-09-11 19:39:52 - Training-20250911_193657 - INFO - Fold 4 finished in 44.14s
2025-09-11 19:39:52 - Training-20250911_193657 - INFO - Fold 5: 训练集 8001 条 (原始: 8001, 增强: 0), 验证集 2000 条 (仅原始数据)
2025-09-11 19:39:52 - Training-20250911_193657 - INFO - --- Fold 5/5 ---
2025-09-11 19:39:52 - Training-20250911_193657 - INFO - 训练数据: (8001, 100), 验证数据: (2000, 100)
2025-09-11 19:40:36 - Training-20250911_193657 - INFO - Fold 5 Train AUC: 0.99611, Val AUC: 0.88995
2025-09-11 19:40:36 - Training-20250911_193657 - INFO - Fold 5 Early stopping step (best_iteration): 0
2025-09-11 19:40:36 - Training-20250911_193657 - INFO - Fold 5 finished in 44.41s
2025-09-11 19:40:36 - Training-20250911_193657 - INFO - Overall OOF AUC: 0.89210
2025-09-11 19:40:36 - Training-20250911_193657 - INFO - All outputs will be saved to: /public/home/gugq/ADIA-Lab-Structural-Break/experiment/output/train_20250911_194036_auc_0_89210
2025-09-11 19:40:36 - Training-20250911_193657 - INFO - 特征重要性已保存到: /public/home/gugq/ADIA-Lab-Structural-Break/experiment/output/train_20250911_194036_auc_0_89210/feature_importance.tsv
2025-09-11 19:40:36 - Training-20250911_193657 - INFO - feature importance saved.
2025-09-11 19:40:36 - Training-20250911_193657 - INFO - 训练流程结束，总耗时: 218.74 秒。
