2025-08-14 10:29:51 - Training-20250814_102951 - INFO - ========== Running Command: train ==========
2025-08-14 10:29:51 - Training-20250814_102951 - INFO - Args: {'command': 'train', 'feature_file': None, 'train_data_ids': ['0'], 'perm_imp': False, 'save_oof': False, 'save_model': False}
2025-08-14 10:29:51 - Training-20250814_102951 - INFO - =======================================
2025-08-14 10:29:51 - Training-20250814_102951 - INFO - Starting training and evaluation pipeline...
2025-08-14 10:29:51 - Training-20250814_102951 - INFO - Model Parameters: {
    "objective": "binary",
    "metric": "auc",
    "boosting_type": "gbdt",
    "n_estimators": 4000,
    "learning_rate": 0.005,
    "num_leaves": 29,
    "random_state": 42,
    "n_jobs": 12,
    "reg_alpha": 3,
    "reg_lambda": 3,
    "colsample_bytree": 0.8,
    "subsample": 0.8
}
2025-08-14 10:29:51 - Training-20250814_102951 - INFO - Successfully loaded features from: features_20250731_002753_id_0.parquet
2025-08-14 10:29:51 - Training-20250814_102951 - INFO - Loading data...
2025-08-14 10:29:52 - Training-20250814_102951 - INFO - Original data loaded successfully.
2025-08-14 10:29:52 - Training-20250814_102951 - INFO - X_train shape: (23715734, 2)
2025-08-14 10:29:52 - Training-20250814_102951 - INFO - y_train shape: (10001, 1)
2025-08-14 10:29:52 - Training-20250814_102951 - INFO - Loading enhancement data with IDs: ['0']
2025-08-14 10:29:52 - Training-20250814_102951 - INFO - Total datasets loaded: 1
2025-08-14 10:29:52 - Training-20250814_102951 - INFO - Dataset 0: X shape (23715734, 2), y shape (10001, 1)
2025-08-14 10:29:52 - Training-20250814_102951 - INFO - Return CONCATED data shape: X (23715734, 2), y (10001, 1)
2025-08-14 10:29:52 - Training-20250814_102951 - INFO - 训练数据已对齐. X shape: (10001, 1668), y shape: (10001,)
2025-08-14 10:29:52 - Training-20250814_102951 - INFO - --- 使用的特征列表 (共 106 个) ---
2025-08-14 10:29:52 - Training-20250814_102951 - INFO - ['mul_RAW_1_stats_cv_whole_RAW_1_stats_std_whole', 'add_RAW_8_index_mass_quantile_q_0_8_ratio_to_whole_left_RAW_8_index_mass_quantile_q_0_1_right', 'sub_RAW_8_percentage_of_reoccurring_values_to_all_values_contribution_left_RAW_7_sample_entropy_left', 'sub_RAW_8_percentage_of_reoccurring_datapoints_to_all_datapoints_contribution_left_RAW_7_sample_entropy_left', 'div_RAW_7_sample_entropy_left_RAW_3_cumsum_linear_trend_pvalue_whole', 'RAW_2_bartlett_stat', 'RAW_2_bartlett_pvalue', 'div_RAW_1_stats_std_whole_RAW_1_stats_cv_whole', 'sqmul_RAW_8_index_mass_quantile_q_0_1_right_RAW_8_index_mass_quantile_q_0_8_ratio_to_whole_left', 'RAW_8_ratio_value_number_to_time_series_length_whole', 'RAW_8_energy_ratio_by_chunks_num_segments_10_segment_focus_9_left', 'mul_RAW_1_stats_cv_whole_RAW_8_change_quantiles_f_agg_var_isabs_False_qh_0_8_ql_0_0_whole', 'mul_RAW_1_stats_cv_whole_RAW_2_ad_stat', 'RAW_2_ks_stat', 'sqmul_RAW_1_stats_cv_whole_RAW_1_stats_std_whole', 'div_RAW_8_percentage_of_reoccurring_datapoints_to_all_datapoints_contribution_left_RAW_8_percentage_of_reoccurring_values_to_all_values_ratio_to_whole_left', 'RAW_3_cumsum_max_ratio_to_whole_left', 'RAW_1_stats_median_ratio', 'RAW_2_adf_icbest_left', 'RAW_8_quantile_0_4_ratio_to_whole_left', 'RAW_8_fft_coefficient_attr_imag_coeff_1_ratio_to_whole_left', 'sqmul_RAW_1_stats_std_whole_RAW_1_stats_cv_whole', 'div_RAW_1_stats_cv_whole_RAW_8_percentage_of_reoccurring_datapoints_to_all_datapoints_contribution_left', 'RAW_4_diff_var_contribution_left', 'RAW_1_stats_kurt_whole', 'div_RAW_8_quantile_0_4_whole_RAW_1_stats_std_whole', 'mul_RAW_1_stats_cv_whole_RAW_1_stats_min_whole', 'RAW_8_agg_linear_trend_attr_rvalue_chunk_len_50_f_agg_max_ratio_to_whole_left', 'RAW_2_ad_stat', 'RAW_8_benford_correlation_whole', 'RAW_7_katz_fd_whole', 'RAW_2_ad_pvalue', 'sub_RAW_8_index_mass_quantile_q_0_8_ratio_to_whole_left_RAW_7_sample_entropy_left', 'add_RAW_8_percentage_of_reoccurring_datapoints_to_all_datapoints_contribution_left_RAW_1_stats_std_whole', 'RAW_7_perm_entropy_left', 'RAW_8_first_location_of_maximum_left', 'div_RAW_1_stats_std_whole_RAW_8_quantile_0_4_whole', 'RAW_2_adf_stat_left', 'mul_RAW_1_stats_cv_whole_RAW_8_agg_linear_trend_attr_slope_chunk_len_10_f_agg_mean_contribution_left', 'div_RAW_8_percentage_of_reoccurring_values_to_all_values_contribution_left_RAW_8_percentage_of_reoccurring_values_to_all_values_ratio_to_whole_left', 'RAW_2_ks_pvalue', 'RAW_10_rpt_cost_cosine_whole', 'RAW_8_ratio_beyond_r_sigma_1_left', 'RAW_7_higuchi_fd_ratio_to_whole_right', 'RAW_8_index_mass_quantile_q_0_8_left', 'RAW_8_change_quantiles_f_agg_var_isabs_True_qh_1_0_ql_0_4_contribution_left', 'RAW_8_linear_trend_attr_rvalue_ratio', 'div_RAW_1_stats_cv_whole_RAW_8_quantile_0_4_whole', 'RAW_8_index_mass_quantile_q_0_6_ratio_to_whole_left', 'RAW_8_ratio_beyond_r_sigma_3_diff', 'RAW_5_dominant_freq_right', 'RAW_9_ar_param_5_diff', 'RAW_8_quantile_0_1_ratio_to_whole_right', 'RAW_8_ratio_beyond_r_sigma_0_5_diff', 'RAW_8_quantile_0_6_right', 'RAW_4_diff_var_contribution_right', 'RAW_8_agg_linear_trend_attr_intercept_chunk_len_10_f_agg_max_ratio_to_whole_right', 'mul_RAW_1_stats_cv_whole_RAW_8_ar_coefficient_coeff_2_k_10_left', 'RAW_9_ar_param_3_right', 'RAW_8_fft_coefficient_attr_imag_coeff_1_left', 'RAW_8_change_quantiles_f_agg_var_isabs_False_qh_1_0_ql_0_2_ratio_to_whole_right', 'RAW_8_benford_correlation_ratio_to_whole_left', 'RAW_7_svd_entropy_whole', 'RAW_8_ratio_beyond_r_sigma_1_ratio_to_whole_left', 'div_RAW_1_stats_std_whole_RAW_3_cumsum_linear_trend_pvalue_whole', 'RAW_3_cumsum_detrend_volatility_normalized_whole', 'RAW_4_autocorr_lag1_diff', 'div_RAW_8_percentage_of_reoccurring_datapoints_to_all_datapoints_contribution_left_RAW_8_percentage_of_reoccurring_values_to_all_values_contribution_left', 'RAW_8_ratio_beyond_r_sigma_1_5_diff', 'RAW_8_index_mass_quantile_q_0_6_right', 'mul_RAW_1_stats_cv_whole_RAW_8_fft_coefficient_attr_imag_coeff_1_ratio_to_whole_right', 'RAW_1_stats_median_right', 'mul_RAW_1_stats_cv_whole_RAW_3_cumsum_max_ratio_to_whole_left', 'RAW_9_ar_param_3_ratio_to_whole_left', 'RAW_8_ratio_beyond_r_sigma_3_left', 'RAW_8_agg_linear_trend_attr_rvalue_chunk_len_50_f_agg_mean_diff', 'mul_RAW_1_stats_cv_whole_RAW_2_kpss_stat_whole', 'RAW_8_fft_coefficient_attr_imag_coeff_1_ratio_to_whole_right', 'RAW_2_ttest_pvalue', 'RAW_8_change_quantiles_f_agg_var_isabs_False_qh_0_8_ql_0_0_right', 'RAW_8_friedrich_coefficients_coeff_3_m_3_r_30_ratio', 'RAW_4_autocorr_lag1_ratio', 'RAW_1_stats_median_whole', 'mul_RAW_1_stats_cv_whole_RAW_1_stats_min_diff', 'RAW_8_sum_of_reoccurring_data_points_ratio_to_whole_left', 'RAW_1_stats_kurt_left', 'RAW_8_ratio_value_number_to_time_series_length_ratio_to_whole_left', 'sqmul_RAW_1_stats_std_whole_RAW_7_sample_entropy_left', 'mul_RAW_1_stats_cv_whole_RAW_8_fft_coefficient_attr_imag_coeff_3_left', 'RAW_2_kpss_stat_whole', 'mul_RAW_7_sample_entropy_left_RAW_8_percentage_of_reoccurring_values_to_all_values_ratio_to_whole_left', 'RAW_3_cumsum_detrend_volatility_normalized_left', 'RAW_8_quantile_0_4_right', 'RAW_7_approx_entropy_left', 'div_RAW_7_sample_entropy_left_RAW_8_index_mass_quantile_q_0_8_ratio_to_whole_left', 'add_RAW_8_percentage_of_reoccurring_values_to_all_values_contribution_left_RAW_3_cumsum_linear_trend_pvalue_whole', 'RAW_8_change_quantiles_f_agg_var_isabs_True_qh_0_6_ql_0_4_whole', 'div_RAW_8_quantile_0_4_whole_RAW_3_cumsum_linear_trend_pvalue_whole', 'sqmul_RAW_8_quantile_0_4_whole_RAW_7_sample_entropy_left', 'add_RAW_8_percentage_of_reoccurring_datapoints_to_all_datapoints_contribution_left_RAW_8_quantile_0_4_whole', 'RAW_3_cumsum_detrend_volatility_left', 'mul_RAW_1_stats_cv_whole_RAW_8_agg_linear_trend_attr_rvalue_chunk_len_50_f_agg_mean_diff', 'RAW_8_energy_ratio_by_chunks_num_segments_10_segment_focus_9_whole', 'mul_RAW_1_stats_cv_whole_RAW_8_agg_linear_trend_attr_rvalue_chunk_len_50_f_agg_max_ratio_to_whole_left', 'RAW_7_sample_entropy_ratio_to_whole_right', 'mul_RAW_8_index_mass_quantile_q_0_8_ratio_to_whole_left_RAW_8_index_mass_quantile_q_0_1_right']
2025-08-14 10:29:52 - Training-20250814_102951 - INFO - --------------------------------------------------
2025-08-14 10:29:52 - Training-20250814_102951 - INFO - Starting 5-fold cross-validation with enhanced data strategy...
2025-08-14 10:29:52 - Training-20250814_102951 - INFO - 创建增强数据交叉验证分割...
2025-08-14 10:29:52 - Training-20250814_102951 - INFO - 识别到 10001 条原始数据
2025-08-14 10:29:52 - Training-20250814_102951 - INFO - 识别到 0 条增强数据
2025-08-14 10:29:52 - Training-20250814_102951 - INFO - Fold 1: 训练集 8000 条 (原始: 8000, 增强: 0), 验证集 2001 条 (仅原始数据)
2025-08-14 10:29:52 - Training-20250814_102951 - INFO - --- Fold 1/5 ---
