2025-09-26 11:16:40 - Training-20250926_111640 - INFO - ========== Running Command: train ==========
2025-09-26 11:16:40 - Training-20250926_111640 - INFO - Args: {'command': 'train', 'feature_file': None, 'train_data_ids': ['0'], 'perm_imp': False, 'save_oof': False, 'save_model': True}
2025-09-26 11:16:40 - Training-20250926_111640 - INFO - =======================================
2025-09-26 11:16:40 - Training-20250926_111640 - INFO - Starting training and evaluation pipeline...
2025-09-26 11:16:40 - Training-20250926_111640 - INFO - Using model: XGB
2025-09-26 11:16:40 - Training-20250926_111640 - INFO - Model Parameters: {
    "objective": "binary:logistic",
    "eval_metric": "auc",
    "n_estimators": 3000,
    "learning_rate": 0.005,
    "max_leaves": 29,
    "random_state": 42,
    "n_jobs": 72,
    "verbosity": 0,
    "reg_alpha": 3,
    "reg_lambda": 3,
    "colsample_bytree": 0.8,
    "subsample": 0.8
}
2025-09-26 11:16:42 - Training-20250926_111640 - INFO - Successfully loaded features from: features_20250926_111329.parquet
2025-09-26 11:16:42 - Training-20250926_111640 - INFO - Loading data...
2025-09-26 11:16:44 - Training-20250926_111640 - INFO - Original data loaded successfully.
2025-09-26 11:16:44 - Training-20250926_111640 - INFO - X_train shape: (23715734, 2)
2025-09-26 11:16:44 - Training-20250926_111640 - INFO - X_train type: <class 'pandas.core.frame.DataFrame'>
2025-09-26 11:16:44 - Training-20250926_111640 - INFO - y_train shape: (10001, 1)
2025-09-26 11:16:44 - Training-20250926_111640 - INFO - y_train type: <class 'pandas.core.frame.DataFrame'>
2025-09-26 11:16:44 - Training-20250926_111640 - INFO - Loading enhancement data with IDs: ['0']
2025-09-26 11:16:44 - Training-20250926_111640 - INFO - Total datasets loaded: 1
2025-09-26 11:16:44 - Training-20250926_111640 - INFO - Dataset 0: X shape (23715734, 2), y shape (10001, 1)
2025-09-26 11:16:44 - Training-20250926_111640 - INFO - Return CONCATED data shape: X (23715734, 2), y (10001, 1)
2025-09-26 11:16:44 - Training-20250926_111640 - INFO - 训练数据已对齐. X shape: (10001, 107), y shape: (10001,)
2025-09-26 11:16:44 - Training-20250926_111640 - INFO - --- 使用的特征列表 (共 107 个) ---
2025-09-26 11:16:44 - Training-20250926_111640 - INFO - 前50个特征: ['sqmul_RAW_1_stats_mean_whole_RAW_3_detrend_volatility_normalized_whole', 'mul_RAW_3_detrend_volatility_normalized_whole_RAW_1_stats_std_whole', 'mul_RAW_1_stats_cv_whole_RAW_1_stats_std_whole', 'sub_RAW_8_ratio_value_number_to_time_series_length_ratio_to_whole_right_CUMSUM_4_autocorr_lag1_whole', 'div_RAW_8_energy_ratio_by_chunks_num_segments_10_segment_focus_9_left_RAW_8_agg_linear_trend_attr_intercept_chunk_len_10_f_agg_max_ratio_to_whole_right', 'div_RAW_2_ad_stat_RAW_8_percentage_of_reoccurring_values_to_all_values_contribution_left', 'div_RAW_8_percentage_of_reoccurring_datapoints_to_all_datapoints_whole_RAW_8_percentage_of_reoccurring_values_to_all_values_diff', 'add_RAW_8_index_mass_quantile_q_0_8_ratio_to_whole_left_RAW_8_index_mass_quantile_q_0_1_right', 'mul_CUMSUM_2_ad_pvalue_DIFF_8_change_quantiles_f_agg_var_isabs_True_qh_0_4_ql_0_2_whole', 'div_RAW_8_ratio_value_number_to_time_series_length_whole_CUMSUM_2_ad_pvalue', 'div_RAW_1_stats_median_right_CUMSUM_1_stats_max_diff', 'mul_RAW_2_bartlett_stat_DIFF_2_jb_pvalue_left', 'sqmul_CUMSUM_1_stats_max_ratio_to_whole_left_RAW_8_percentage_of_reoccurring_values_to_all_values_ratio_to_whole_left', 'mul_RAW_8_ratio_beyond_r_sigma_3_left_CUMSUM_1_stats_theil_sen_slope_whole', 'mul_RAW_8_ratio_beyond_r_sigma_3_left_CUMSUM_1_stats_max_diff', 'div_RAW_8_agg_linear_trend_attr_intercept_chunk_len_10_f_agg_max_ratio_to_whole_right_RAW_8_energy_ratio_by_chunks_num_segments_10_segment_focus_9_left', 'div_RAW_7_sample_entropy_left_DIFF_2_jb_pvalue_left', 'mul_RAW_8_agg_linear_trend_attr_slope_chunk_len_10_f_agg_mean_contribution_left_CUMSUM_1_stats_max_diff', 'sqmul_RAW_8_index_mass_quantile_q_0_1_right_RAW_8_quantile_0_4_contribution_left', 'sub_RAW_8_percentage_of_reoccurring_values_to_all_values_contribution_left_RAW_7_sample_entropy_left', 'add_RAW_7_sample_entropy_left_CUMSUM_8_first_location_of_maximum_whole', 'sub_DIFF_7_hjorth_complexity_contribution_right_RAW_7_higuchi_fd_contribution_right', 'div_RAW_1_stats_median_whole_RAW_8_percentage_of_reoccurring_values_to_all_values_contribution_left', 'div_RAW_8_percentage_of_reoccurring_values_to_all_values_contribution_left_RAW_8_percentage_of_reoccurring_datapoints_to_all_datapoints_whole', 'div_RAW_8_percentage_of_reoccurring_values_to_all_values_contribution_left_RAW_8_percentage_of_reoccurring_values_to_all_values_ratio_to_whole_left', 'sqmul_RAW_8_energy_ratio_by_chunks_num_segments_10_segment_focus_9_left_RAW_8_index_mass_quantile_q_0_1_right', 'div_RAW_8_benford_correlation_whole_CUMSUM_2_ad_pvalue', 'div_CUMSUM_8_ar_coefficient_coeff_2_k_10_ratio_RAW_1_stats_kurt_left', 'sqmul_RAW_7_sample_entropy_left_RAW_8_count_above_0_whole', 'mul_CUMSUM_2_wilcoxon_stat_RAW_8_change_quantiles_f_agg_var_isabs_True_qh_0_6_ql_0_4_ratio_to_whole_right', 'add_RAW_8_ratio_beyond_r_sigma_3_left_DIFF_7_hjorth_complexity_ratio_to_whole_right', 'sqmul_RAW_8_index_mass_quantile_q_0_1_right_RAW_8_index_mass_quantile_q_0_8_ratio_to_whole_left', 'add_RAW_8_index_mass_quantile_q_0_1_right_RAW_8_index_mass_quantile_q_0_8_left', 'sqmul_RAW_8_linear_trend_attr_pvalue_ratio_to_whole_left_CUMSUM_8_change_quantiles_f_agg_var_isabs_False_qh_0_8_ql_0_0_ratio_to_whole_right', 'add_RAW_8_index_mass_quantile_q_0_1_right_RAW_8_energy_ratio_by_chunks_num_segments_10_segment_focus_9_left', 'div_DIFF_8_change_quantiles_f_agg_var_isabs_False_qh_0_6_ql_0_4_whole_DIFF_8_change_quantiles_f_agg_var_isabs_True_qh_0_4_ql_0_2_whole', 'div_RAW_8_change_quantiles_f_agg_var_isabs_False_qh_0_8_ql_0_2_diff_CUMSUM_9_ar_residuals_s1_pred_mean', 'div_RAW_1_stats_min_whole_CUMSUM_8_friedrich_coefficients_coeff_3_m_3_r_30_ratio_to_whole_left', 'sub_CUMSUM_8_change_quantiles_f_agg_var_isabs_False_qh_0_8_ql_0_0_whole_CUMSUM_2_ks_pvalue', 'add_DIFF_2_bartlett_pvalue_DIFF_8_ar_coefficient_coeff_2_k_10_left', 'sub_RAW_1_stats_std_whole_RAW_8_ratio_value_number_to_time_series_length_whole', 'mul_RAW_8_index_mass_quantile_q_0_8_ratio_to_whole_left_RAW_8_ratio_value_number_to_time_series_length_ratio_to_whole_left', 'div_RAW_3_detrend_volatility_normalized_whole_RAW_8_percentage_of_reoccurring_values_to_all_values_contribution_left', 'sqmul_RAW_2_ks_stat_RAW_8_percentage_of_reoccurring_values_to_all_values_ratio_to_whole_left', 'mul_RAW_8_index_mass_quantile_q_0_1_right_RAW_10_rpt_cost_cosine_whole', 'mul_RAW_10_rpt_cost_cosine_whole_RAW_1_stats_median_ratio', 'div_RAW_2_bartlett_stat_CUMSUM_7_cond_entropy_whole', 'div_RAW_1_stats_mean_whole_RAW_8_ratio_beyond_r_sigma_3_left', 'div_RAW_8_change_quantiles_f_agg_var_isabs_True_qh_0_6_ql_0_2_whole_RAW_1_stats_min_whole', 'CUMSUM_8_benford_correlation_left']
2025-09-26 11:16:44 - Training-20250926_111640 - INFO - --------------------------------------------------
2025-09-26 11:16:44 - Training-20250926_111640 - INFO - Starting 5-fold cross-validation with enhanced data strategy...
2025-09-26 11:16:44 - Training-20250926_111640 - INFO - 创建增强数据交叉验证分割...
2025-09-26 11:16:44 - Training-20250926_111640 - INFO - 识别到 10001 条原始数据
2025-09-26 11:16:44 - Training-20250926_111640 - INFO - 识别到 0 条增强数据
2025-09-26 11:16:44 - Training-20250926_111640 - INFO - Fold 1: 训练集 8000 条 (原始: 8000, 增强: 0), 验证集 2001 条 (仅原始数据)
2025-09-26 11:16:44 - Training-20250926_111640 - INFO - --- Fold 1/5 ---
2025-09-26 11:16:44 - Training-20250926_111640 - INFO - 训练数据: (8000, 107), 验证数据: (2001, 107)
2025-09-26 11:17:05 - Training-20250926_111640 - INFO - Fold 1 Train AUC: 0.99181, Val AUC: 0.90895
2025-09-26 11:17:05 - Training-20250926_111640 - INFO - Fold 1 Early stopping step (best_iteration): None
2025-09-26 11:17:05 - Training-20250926_111640 - INFO - Fold 1 finished in 21.56s
2025-09-26 11:17:05 - Training-20250926_111640 - INFO - Fold 2: 训练集 8001 条 (原始: 8001, 增强: 0), 验证集 2000 条 (仅原始数据)
2025-09-26 11:17:05 - Training-20250926_111640 - INFO - --- Fold 2/5 ---
2025-09-26 11:17:05 - Training-20250926_111640 - INFO - 训练数据: (8001, 107), 验证数据: (2000, 107)
2025-09-26 11:17:28 - Training-20250926_111640 - INFO - Fold 2 Train AUC: 0.99235, Val AUC: 0.89278
2025-09-26 11:17:28 - Training-20250926_111640 - INFO - Fold 2 Early stopping step (best_iteration): None
2025-09-26 11:17:28 - Training-20250926_111640 - INFO - Fold 2 finished in 22.96s
2025-09-26 11:17:28 - Training-20250926_111640 - INFO - Fold 3: 训练集 8001 条 (原始: 8001, 增强: 0), 验证集 2000 条 (仅原始数据)
2025-09-26 11:17:28 - Training-20250926_111640 - INFO - --- Fold 3/5 ---
2025-09-26 11:17:28 - Training-20250926_111640 - INFO - 训练数据: (8001, 107), 验证数据: (2000, 107)
2025-09-26 11:17:55 - Training-20250926_111640 - INFO - Fold 3 Train AUC: 0.99236, Val AUC: 0.90959
2025-09-26 11:17:55 - Training-20250926_111640 - INFO - Fold 3 Early stopping step (best_iteration): None
2025-09-26 11:17:55 - Training-20250926_111640 - INFO - Fold 3 finished in 26.17s
2025-09-26 11:17:55 - Training-20250926_111640 - INFO - Fold 4: 训练集 8001 条 (原始: 8001, 增强: 0), 验证集 2000 条 (仅原始数据)
2025-09-26 11:17:55 - Training-20250926_111640 - INFO - --- Fold 4/5 ---
2025-09-26 11:17:55 - Training-20250926_111640 - INFO - 训练数据: (8001, 107), 验证数据: (2000, 107)
2025-09-26 11:18:20 - Training-20250926_111640 - INFO - Fold 4 Train AUC: 0.99139, Val AUC: 0.90171
2025-09-26 11:18:20 - Training-20250926_111640 - INFO - Fold 4 Early stopping step (best_iteration): None
2025-09-26 11:18:20 - Training-20250926_111640 - INFO - Fold 4 finished in 25.05s
2025-09-26 11:18:20 - Training-20250926_111640 - INFO - Fold 5: 训练集 8001 条 (原始: 8001, 增强: 0), 验证集 2000 条 (仅原始数据)
2025-09-26 11:18:20 - Training-20250926_111640 - INFO - --- Fold 5/5 ---
2025-09-26 11:18:20 - Training-20250926_111640 - INFO - 训练数据: (8001, 107), 验证数据: (2000, 107)
2025-09-26 11:18:44 - Training-20250926_111640 - INFO - Fold 5 Train AUC: 0.99182, Val AUC: 0.89981
2025-09-26 11:18:44 - Training-20250926_111640 - INFO - Fold 5 Early stopping step (best_iteration): None
2025-09-26 11:18:44 - Training-20250926_111640 - INFO - Fold 5 finished in 24.55s
2025-09-26 11:18:44 - Training-20250926_111640 - INFO - Overall OOF AUC: 0.90247
2025-09-26 11:18:44 - Training-20250926_111640 - INFO - All outputs will be saved to: E:\ggq的文件\比赛\25-ADIA-Lab-Structure-Break\ADIA-Lab-Structural-Break\experiment\output\train_20250926_111844_auc_0_90247
2025-09-26 11:18:44 - Training-20250926_111640 - INFO - 特征重要性已保存到: E:\ggq的文件\比赛\25-ADIA-Lab-Structure-Break\ADIA-Lab-Structural-Break\experiment\output\train_20250926_111844_auc_0_90247\feature_importance.tsv
2025-09-26 11:18:44 - Training-20250926_111640 - INFO - feature importance saved.
2025-09-26 11:18:45 - Training-20250926_111640 - INFO - Models saved.
2025-09-26 11:18:45 - Training-20250926_111640 - INFO - 训练流程结束，总耗时: 124.79 秒。
