2025-09-11 18:42:23 - Training-20250911_184223 - INFO - ========== Running Command: train ==========
2025-09-11 18:42:23 - Training-20250911_184223 - INFO - Args: {'command': 'train', 'feature_file': None, 'train_data_ids': ['0'], 'perm_imp': False, 'save_oof': False, 'save_model': False}
2025-09-11 18:42:23 - Training-20250911_184223 - INFO - =======================================
2025-09-11 18:42:23 - Training-20250911_184223 - INFO - Starting training and evaluation pipeline...
2025-09-11 18:42:23 - Training-20250911_184223 - INFO - Model Parameters: {
    "objective": "binary",
    "metric": "auc",
    "boosting_type": "gbdt",
    "n_estimators": 3000,
    "learning_rate": 0.005,
    "num_leaves": 29,
    "random_state": 42,
    "n_jobs": 72,
    "reg_alpha": 3,
    "reg_lambda": 3,
    "colsample_bytree": 0.8,
    "subsample": 0.8
}
2025-09-11 18:42:24 - Training-20250911_184223 - INFO - Successfully loaded features from: features_20250911_184050.parquet
2025-09-11 18:42:24 - Training-20250911_184223 - INFO - Loading data...
2025-09-11 18:42:25 - Training-20250911_184223 - INFO - Original data loaded successfully.
2025-09-11 18:42:25 - Training-20250911_184223 - INFO - X_train shape: (23715734, 2)
2025-09-11 18:42:25 - Training-20250911_184223 - INFO - X_train type: <class 'pandas.core.frame.DataFrame'>
2025-09-11 18:42:25 - Training-20250911_184223 - INFO - y_train shape: (10001, 1)
2025-09-11 18:42:25 - Training-20250911_184223 - INFO - y_train type: <class 'pandas.core.frame.DataFrame'>
2025-09-11 18:42:25 - Training-20250911_184223 - INFO - Loading enhancement data with IDs: ['0']
2025-09-11 18:42:25 - Training-20250911_184223 - INFO - Total datasets loaded: 1
2025-09-11 18:42:25 - Training-20250911_184223 - INFO - Dataset 0: X shape (23715734, 2), y shape (10001, 1)
2025-09-11 18:42:25 - Training-20250911_184223 - INFO - Return CONCATED data shape: X (23715734, 2), y (10001, 1)
2025-09-11 18:42:25 - Training-20250911_184223 - INFO - 训练数据已对齐. X shape: (10001, 6145), y shape: (10001,)
2025-09-11 18:42:25 - Training-20250911_184223 - INFO - --- 使用的特征列表 (共 1325 个) ---
2025-09-11 18:42:25 - Training-20250911_184223 - INFO - 前50个特征: ['RAW_8_percentage_of_reoccurring_datapoints_to_all_datapoints_contribution_left', 'RAW_8_percentage_of_reoccurring_values_to_all_values_contribution_left', 'RAW_1_stats_cv_whole', 'RAW_8_index_mass_quantile_q_0_8_ratio_to_whole_left', 'RAW_3_detrend_volatility_normalized_whole', 'RAW_1_stats_std_whole', 'RAW_8_percentage_of_reoccurring_values_to_all_values_ratio_to_whole_left', 'RAW_8_quantile_0_4_whole', 'RAW_7_sample_entropy_left', 'RAW_8_percentage_of_reoccurring_values_to_all_values_ratio', 'RAW_8_index_mass_quantile_q_0_1_right', 'DIFF_2_levene_pvalue', 'RAW_8_ratio_value_number_to_time_series_length_ratio_to_whole_left', 'DIFF_8_change_quantiles_f_agg_var_isabs_False_qh_0_6_ql_0_4_whole', 'CUMSUM_2_ad_pvalue', 'RAW_8_change_quantiles_f_agg_var_isabs_False_qh_0_8_ql_0_4_whole', 'DIFF_7_cond_entropy_left', 'MARES_8_quantile_0_6_right', 'RAW_2_ad_stat', 'RAW_8_change_quantiles_f_agg_var_isabs_True_qh_0_6_ql_0_2_whole', 'RAW_8_ratio_beyond_r_sigma_1_left', 'CUMSUM_8_change_quantiles_f_agg_mean_isabs_True_qh_1_0_ql_0_4_ratio_to_whole_left', 'RAW_1_stats_min_whole', 'DIFF_8_benford_correlation_left', 'DIFF_2_bartlett_pvalue', 'RAW_8_ratio_value_number_to_time_series_length_whole', 'RAW_10_rpt_cost_cosine_whole', 'CUMSUM_2_mannwhitney_stat', 'CUMSUM_3_detrend_volatility_normalized_right', 'RAW_8_percentage_of_reoccurring_datapoints_to_all_datapoints_ratio_to_whole_right', 'CUMSUM_7_hjorth_complexity_whole', 'CUMSUM_2_kpss_pvalue_ratio_to_whole_left', 'CUMSUM_8_change_quantiles_f_agg_var_isabs_False_qh_0_8_ql_0_0_whole', 'RAW_8_benford_correlation_whole', 'RAW_2_ad_pvalue', 'RAW_7_sample_entropy_whole', 'RAW_8_percentage_of_reoccurring_values_to_all_values_diff', 'MARES_10_rpt_cost_rank_diff', 'RAW_8_ratio_beyond_r_sigma_0_5_contribution_left', 'DIFF_8_agg_linear_trend_attr_rvalue_chunk_len_10_f_agg_mean_whole', 'DIFF_8_benford_correlation_whole', 'RAW_8_energy_ratio_by_chunks_num_segments_10_segment_focus_9_left', 'RAW_2_ks_stat', 'RAW_1_stats_median_ratio', 'RAW_8_agg_linear_trend_attr_intercept_chunk_len_10_f_agg_max_ratio_to_whole_right', 'RAW_1_stats_median_whole', 'RAW_8_percentage_of_reoccurring_datapoints_to_all_datapoints_ratio_to_whole_left', 'DIFF_7_hjorth_complexity_right', 'CUMSUM_1_stats_max_diff', 'RAW_8_ratio_beyond_r_sigma_3_left']
2025-09-11 18:42:25 - Training-20250911_184223 - INFO - --------------------------------------------------
2025-09-11 18:42:25 - Training-20250911_184223 - INFO - Starting 5-fold cross-validation with enhanced data strategy...
2025-09-11 18:42:25 - Training-20250911_184223 - INFO - 创建增强数据交叉验证分割...
2025-09-11 18:42:25 - Training-20250911_184223 - INFO - 识别到 10001 条原始数据
2025-09-11 18:42:25 - Training-20250911_184223 - INFO - 识别到 0 条增强数据
2025-09-11 18:42:25 - Training-20250911_184223 - INFO - Fold 1: 训练集 8000 条 (原始: 8000, 增强: 0), 验证集 2001 条 (仅原始数据)
2025-09-11 18:42:25 - Training-20250911_184223 - INFO - --- Fold 1/5 ---
2025-09-11 18:42:25 - Training-20250911_184223 - INFO - 训练数据: (8000, 1325), 验证数据: (2001, 1325)
2025-09-11 18:47:13 - Training-20250911_184223 - INFO - Fold 1 Train AUC: 0.99931, Val AUC: 0.89594
2025-09-11 18:47:13 - Training-20250911_184223 - INFO - Fold 1 Early stopping step (best_iteration): 0
2025-09-11 18:47:13 - Training-20250911_184223 - INFO - Fold 1 finished in 288.50s
2025-09-11 18:47:13 - Training-20250911_184223 - INFO - Fold 2: 训练集 8001 条 (原始: 8001, 增强: 0), 验证集 2000 条 (仅原始数据)
2025-09-11 18:47:13 - Training-20250911_184223 - INFO - --- Fold 2/5 ---
2025-09-11 18:47:13 - Training-20250911_184223 - INFO - 训练数据: (8001, 1325), 验证数据: (2000, 1325)
2025-09-11 18:51:53 - Training-20250911_184223 - INFO - Fold 2 Train AUC: 0.99934, Val AUC: 0.87761
2025-09-11 18:51:53 - Training-20250911_184223 - INFO - Fold 2 Early stopping step (best_iteration): 0
2025-09-11 18:51:53 - Training-20250911_184223 - INFO - Fold 2 finished in 280.15s
2025-09-11 18:51:53 - Training-20250911_184223 - INFO - Fold 3: 训练集 8001 条 (原始: 8001, 增强: 0), 验证集 2000 条 (仅原始数据)
2025-09-11 18:51:53 - Training-20250911_184223 - INFO - --- Fold 3/5 ---
2025-09-11 18:51:53 - Training-20250911_184223 - INFO - 训练数据: (8001, 1325), 验证数据: (2000, 1325)
2025-09-11 18:56:35 - Training-20250911_184223 - INFO - Fold 3 Train AUC: 0.99926, Val AUC: 0.89590
2025-09-11 18:56:35 - Training-20250911_184223 - INFO - Fold 3 Early stopping step (best_iteration): 0
2025-09-11 18:56:35 - Training-20250911_184223 - INFO - Fold 3 finished in 281.74s
2025-09-11 18:56:35 - Training-20250911_184223 - INFO - Fold 4: 训练集 8001 条 (原始: 8001, 增强: 0), 验证集 2000 条 (仅原始数据)
2025-09-11 18:56:35 - Training-20250911_184223 - INFO - --- Fold 4/5 ---
2025-09-11 18:56:35 - Training-20250911_184223 - INFO - 训练数据: (8001, 1325), 验证数据: (2000, 1325)
2025-09-11 19:01:03 - Training-20250911_184223 - INFO - Fold 4 Train AUC: 0.99937, Val AUC: 0.88535
2025-09-11 19:01:03 - Training-20250911_184223 - INFO - Fold 4 Early stopping step (best_iteration): 0
2025-09-11 19:01:03 - Training-20250911_184223 - INFO - Fold 4 finished in 267.71s
2025-09-11 19:01:03 - Training-20250911_184223 - INFO - Fold 5: 训练集 8001 条 (原始: 8001, 增强: 0), 验证集 2000 条 (仅原始数据)
2025-09-11 19:01:03 - Training-20250911_184223 - INFO - --- Fold 5/5 ---
2025-09-11 19:01:03 - Training-20250911_184223 - INFO - 训练数据: (8001, 1325), 验证数据: (2000, 1325)
2025-09-11 19:05:34 - Training-20250911_184223 - INFO - Fold 5 Train AUC: 0.99893, Val AUC: 0.88172
2025-09-11 19:05:34 - Training-20250911_184223 - INFO - Fold 5 Early stopping step (best_iteration): 0
2025-09-11 19:05:34 - Training-20250911_184223 - INFO - Fold 5 finished in 271.33s
2025-09-11 19:05:34 - Training-20250911_184223 - INFO - Overall OOF AUC: 0.88715
2025-09-11 19:05:34 - Training-20250911_184223 - INFO - All outputs will be saved to: /public/home/gugq/ADIA-Lab-Structural-Break/experiment/output/train_20250911_190534_auc_0_88715
2025-09-11 19:05:34 - Training-20250911_184223 - INFO - 特征重要性已保存到: /public/home/gugq/ADIA-Lab-Structural-Break/experiment/output/train_20250911_190534_auc_0_88715/feature_importance.tsv
2025-09-11 19:05:34 - Training-20250911_184223 - INFO - feature importance saved.
2025-09-11 19:05:34 - Training-20250911_184223 - INFO - 训练流程结束，总耗时: 1391.15 秒。
