2025-07-19 21:34:04 - Training-20250719_213404 - INFO - ========== Running Command: train ==========
2025-07-19 21:34:04 - Training-20250719_213404 - INFO - Args: {'command': 'train', 'feature_file': None, 'save_oof': False, 'save_model': False, 'perm_imp': True}
2025-07-19 21:34:04 - Training-20250719_213404 - INFO - =======================================
2025-07-19 21:34:04 - Training-20250719_213404 - INFO - Starting training and evaluation pipeline...
2025-07-19 21:34:04 - Training-20250719_213404 - INFO - Model Parameters: {
    "objective": "binary",
    "metric": "auc",
    "boosting_type": "gbdt",
    "random_state": 42,
    "n_estimators": 4000,
    "learning_rate": 0.005,
    "num_leaves": 29,
    "n_jobs": 32,
    "reg_alpha": 3,
    "reg_lambda": 3,
    "colsample_bytree": 0.8,
    "subsample": 0.8
}
2025-07-19 21:34:04 - Training-20250719_213404 - INFO - Successfully loaded features from: features_20250719_213307.parquet
2025-07-19 21:34:05 - Training-20250719_213404 - INFO - 训练数据已对齐. X shape: (10001, 931), y shape: (10001,)
2025-07-19 21:34:05 - Training-20250719_213404 - INFO - --- 使用的特征列表 (共 100 个) ---
2025-07-19 21:34:05 - Training-20250719_213404 - INFO - ['RAW_1_stats_cv_whole', 'RAW_10_percentage_of_reoccurring_datapoints_to_all_datapoints_contribution_left', 'RAW_10_percentage_of_reoccurring_values_to_all_values_contribution_left', 'RAW_1_stats_std_whole', 'RAW_10_percentage_of_reoccurring_values_to_all_values_ratio_to_whole_left', 'RAW_8_sample_entropy_left', 'RAW_10_quantile_0_4_whole', 'RAW_2_bartlett_pvalue', 'RAW_10_fft_coefficient_attr_imag_coeff_1_ratio_to_whole_right', 'RAW_10_fft_coefficient_attr_imag_coeff_1_ratio_to_whole_left', 'RAW_2_bartlett_stat', 'RAW_10_percentage_of_reoccurring_values_to_all_values_ratio', 'RAW_12_rpt_cost_cosine_whole', 'RAW_10_ratio_value_number_to_time_series_length_ratio_to_whole_left', 'RAW_2_ks_stat', 'RAW_2_ad_stat', 'RAW_10_ratio_value_number_to_time_series_length_diff', 'RAW_10_percentage_of_reoccurring_datapoints_to_all_datapoints_ratio_to_whole_right', 'RAW_10_fft_coefficient_attr_imag_coeff_1_whole', 'RAW_2_ks_pvalue', 'RAW_1_stats_kurt_left', 'RAW_3_cumsum_max_ratio_to_whole_left', 'RAW_10_ratio_value_number_to_time_series_length_whole', 'RAW_2_levene_stat', 'RAW_10_percentage_of_reoccurring_values_to_all_values_diff', 'RAW_1_stats_mean_whole', 'RAW_10_agg_linear_trend_attr_rvalue_chunk_len_50_f_agg_max_ratio_to_whole_left', 'RAW_2_shapiro_pvalue_left', 'RAW_10_quantile_0_4_right', 'RAW_1_stats_median_ratio', 'RAW_10_percentage_of_reoccurring_datapoints_to_all_datapoints_ratio_to_whole_left', 'RAW_1_stats_median_whole', 'RAW_1_stats_kurt_whole', 'RAW_8_perm_entropy_left', 'RAW_2_levene_pvalue', 'RAW_2_ad_pvalue', 'RAW_10_agg_linear_trend_attr_rvalue_chunk_len_50_f_agg_mean_diff', 'RAW_4_autocorr_lag1_diff', 'RAW_11_param_3_right', 'RAW_4_autocorr_lag1_ratio', 'RAW_1_stats_min_whole', 'RAW_10_change_quantiles_f_agg_var_isabs_True_qh_0_6_ql_0_2_whole', 'RAW_10_agg_linear_trend_attr_rvalue_chunk_len_5_f_agg_max_right', 'RAW_8_sample_entropy_whole', 'RAW_11_param_0_whole', 'RAW_8_perm_entropy_whole', 'RAW_10_change_quantiles_f_agg_var_isabs_False_qh_0_8_ql_0_0_right', 'RAW_10_change_quantiles_f_agg_var_isabs_False_qh_0_8_ql_0_4_whole', 'RAW_1_stats_mean_right', 'RAW_10_linear_trend_attr_rvalue_ratio', 'RAW_10_ar_coefficient_coeff_2_k_10_left', 'RAW_10_linear_trend_attr_intercept_ratio', 'RAW_10_ratio_beyond_r_sigma_1_5_diff', 'RAW_8_spectral_entropy_left', 'RAW_5_max_power_whole', 'RAW_1_stats_cv_whole_mul_RAW_10_percentage_of_reoccurring_datapoints_to_all_datapoints_contribution_left', 'RAW_1_stats_cv_whole_mul_RAW_1_stats_std_whole', 'RAW_1_stats_cv_whole_mul_RAW_10_percentage_of_reoccurring_values_to_all_values_contribution_left', 'RAW_1_stats_cv_whole_mul_RAW_8_sample_entropy_left', 'RAW_1_stats_cv_whole_mul_RAW_2_ks_stat', 'RAW_1_stats_cv_whole_mul_RAW_10_quantile_0_4_whole', 'RAW_1_stats_cv_whole_mul_RAW_10_change_quantiles_f_agg_var_isabs_False_qh_0_8_ql_0_0_right', 'RAW_1_stats_cv_whole_mul_RAW_2_bartlett_pvalue', 'RAW_1_stats_cv_whole_mul_RAW_1_stats_kurt_left', 'RAW_10_percentage_of_reoccurring_datapoints_to_all_datapoints_contribution_left_mul_RAW_1_stats_std_whole', 'RAW_10_percentage_of_reoccurring_datapoints_to_all_datapoints_contribution_left_mul_RAW_10_percentage_of_reoccurring_values_to_all_values_contribution_left', 'RAW_10_percentage_of_reoccurring_datapoints_to_all_datapoints_contribution_left_mul_RAW_8_sample_entropy_left', 'RAW_10_percentage_of_reoccurring_datapoints_to_all_datapoints_contribution_left_mul_RAW_2_ks_stat', 'RAW_10_percentage_of_reoccurring_datapoints_to_all_datapoints_contribution_left_mul_RAW_10_quantile_0_4_whole', 'RAW_10_percentage_of_reoccurring_datapoints_to_all_datapoints_contribution_left_mul_RAW_10_change_quantiles_f_agg_var_isabs_False_qh_0_8_ql_0_0_right', 'RAW_10_percentage_of_reoccurring_datapoints_to_all_datapoints_contribution_left_mul_RAW_2_bartlett_pvalue', 'RAW_10_percentage_of_reoccurring_datapoints_to_all_datapoints_contribution_left_mul_RAW_1_stats_kurt_left', 'RAW_1_stats_std_whole_mul_RAW_10_percentage_of_reoccurring_values_to_all_values_contribution_left', 'RAW_1_stats_std_whole_mul_RAW_8_sample_entropy_left', 'RAW_1_stats_std_whole_mul_RAW_2_ks_stat', 'RAW_1_stats_std_whole_mul_RAW_10_quantile_0_4_whole', 'RAW_1_stats_std_whole_mul_RAW_10_change_quantiles_f_agg_var_isabs_False_qh_0_8_ql_0_0_right', 'RAW_1_stats_std_whole_mul_RAW_2_bartlett_pvalue', 'RAW_1_stats_std_whole_mul_RAW_1_stats_kurt_left', 'RAW_10_percentage_of_reoccurring_values_to_all_values_contribution_left_mul_RAW_8_sample_entropy_left', 'RAW_10_percentage_of_reoccurring_values_to_all_values_contribution_left_mul_RAW_2_ks_stat', 'RAW_10_percentage_of_reoccurring_values_to_all_values_contribution_left_mul_RAW_10_quantile_0_4_whole', 'RAW_10_percentage_of_reoccurring_values_to_all_values_contribution_left_mul_RAW_10_change_quantiles_f_agg_var_isabs_False_qh_0_8_ql_0_0_right', 'RAW_10_percentage_of_reoccurring_values_to_all_values_contribution_left_mul_RAW_2_bartlett_pvalue', 'RAW_10_percentage_of_reoccurring_values_to_all_values_contribution_left_mul_RAW_1_stats_kurt_left', 'RAW_8_sample_entropy_left_mul_RAW_2_ks_stat', 'RAW_8_sample_entropy_left_mul_RAW_10_quantile_0_4_whole', 'RAW_8_sample_entropy_left_mul_RAW_10_change_quantiles_f_agg_var_isabs_False_qh_0_8_ql_0_0_right', 'RAW_8_sample_entropy_left_mul_RAW_2_bartlett_pvalue', 'RAW_8_sample_entropy_left_mul_RAW_1_stats_kurt_left', 'RAW_2_ks_stat_mul_RAW_10_quantile_0_4_whole', 'RAW_2_ks_stat_mul_RAW_10_change_quantiles_f_agg_var_isabs_False_qh_0_8_ql_0_0_right', 'RAW_2_ks_stat_mul_RAW_2_bartlett_pvalue', 'RAW_2_ks_stat_mul_RAW_1_stats_kurt_left', 'RAW_10_quantile_0_4_whole_mul_RAW_10_change_quantiles_f_agg_var_isabs_False_qh_0_8_ql_0_0_right', 'RAW_10_quantile_0_4_whole_mul_RAW_2_bartlett_pvalue', 'RAW_10_quantile_0_4_whole_mul_RAW_1_stats_kurt_left', 'RAW_10_change_quantiles_f_agg_var_isabs_False_qh_0_8_ql_0_0_right_mul_RAW_2_bartlett_pvalue', 'RAW_10_change_quantiles_f_agg_var_isabs_False_qh_0_8_ql_0_0_right_mul_RAW_1_stats_kurt_left', 'RAW_2_bartlett_pvalue_mul_RAW_1_stats_kurt_left']
2025-07-19 21:34:05 - Training-20250719_213404 - INFO - --------------------------------------------------
2025-07-19 21:34:05 - Training-20250719_213404 - INFO - Starting 5-fold cross-validation with LightGBM...
2025-07-19 21:34:05 - Training-20250719_213404 - INFO - --- Fold 1/5 ---
2025-07-19 21:35:06 - Training-20250719_213404 - INFO - Fold 1 Train AUC: 0.98600, Val AUC: 0.87145
2025-07-19 21:35:06 - Training-20250719_213404 - INFO - Fold 1 finished in 60.77s
2025-07-19 21:35:06 - Training-20250719_213404 - INFO - Calculate Fold 1 permutation importance...
2025-07-19 21:38:31 - Training-20250719_213404 - INFO - Fold 1 permutation importance finished in 204.50s
2025-07-19 21:38:31 - Training-20250719_213404 - INFO - --- Fold 2/5 ---
2025-07-19 21:39:42 - Training-20250719_213404 - INFO - Fold 2 Train AUC: 0.99006, Val AUC: 0.85445
2025-07-19 21:39:42 - Training-20250719_213404 - INFO - Fold 2 finished in 71.56s
2025-07-19 21:39:42 - Training-20250719_213404 - INFO - Calculate Fold 2 permutation importance...
2025-07-19 21:43:32 - Training-20250719_213404 - INFO - Fold 2 permutation importance finished in 230.21s
2025-07-19 21:43:32 - Training-20250719_213404 - INFO - --- Fold 3/5 ---
2025-07-19 21:44:29 - Training-20250719_213404 - INFO - Fold 3 Train AUC: 0.98208, Val AUC: 0.88169
2025-07-19 21:44:29 - Training-20250719_213404 - INFO - Fold 3 finished in 56.83s
2025-07-19 21:44:29 - Training-20250719_213404 - INFO - Calculate Fold 3 permutation importance...
2025-07-19 21:47:20 - Training-20250719_213404 - INFO - Fold 3 permutation importance finished in 171.18s
2025-07-19 21:47:20 - Training-20250719_213404 - INFO - --- Fold 4/5 ---
2025-07-19 21:48:25 - Training-20250719_213404 - INFO - Fold 4 Train AUC: 0.98325, Val AUC: 0.86702
2025-07-19 21:48:25 - Training-20250719_213404 - INFO - Fold 4 finished in 64.55s
2025-07-19 21:48:25 - Training-20250719_213404 - INFO - Calculate Fold 4 permutation importance...
2025-07-19 21:51:24 - Training-20250719_213404 - INFO - Fold 4 permutation importance finished in 178.93s
2025-07-19 21:51:24 - Training-20250719_213404 - INFO - --- Fold 5/5 ---
2025-07-19 21:52:27 - Training-20250719_213404 - INFO - Fold 5 Train AUC: 0.98824, Val AUC: 0.86022
2025-07-19 21:52:27 - Training-20250719_213404 - INFO - Fold 5 finished in 63.42s
2025-07-19 21:52:27 - Training-20250719_213404 - INFO - Calculate Fold 5 permutation importance...
2025-07-19 21:55:49 - Training-20250719_213404 - INFO - Fold 5 permutation importance finished in 201.21s
2025-07-19 21:55:49 - Training-20250719_213404 - INFO - Overall OOF AUC: 0.86651
2025-07-19 21:55:49 - Training-20250719_213404 - INFO - All outputs will be saved to: E:\ggq的文件\比赛\25-ADIA-Lab-Structure-Break\ADIA-Lab-Structural-Break\experiment\output\train_20250719_215549_auc_0_86651
2025-07-19 21:55:49 - Training-20250719_213404 - INFO - 特征重要性已保存到: E:\ggq的文件\比赛\25-ADIA-Lab-Structure-Break\ADIA-Lab-Structural-Break\experiment\output\train_20250719_215549_auc_0_86651\feature_importance.tsv
2025-07-19 21:55:49 - Training-20250719_213404 - INFO - feature importance saved.
2025-07-19 21:55:49 - Training-20250719_213404 - INFO - permutation_importance_mean小于0.0005的特征有: ['RAW_10_agg_linear_trend_attr_rvalue_chunk_len_5_f_agg_max_right', 'RAW_1_stats_cv_whole_mul_RAW_8_sample_entropy_left', 'RAW_1_stats_std_whole_mul_RAW_1_stats_kurt_left', 'RAW_2_shapiro_pvalue_left', 'RAW_1_stats_cv_whole_mul_RAW_10_change_quantiles_f_agg_var_isabs_False_qh_0_8_ql_0_0_right', 'RAW_5_max_power_whole', 'RAW_1_stats_cv_whole_mul_RAW_2_ks_stat', 'RAW_10_change_quantiles_f_agg_var_isabs_False_qh_0_8_ql_0_0_right', 'RAW_2_ks_pvalue', 'RAW_10_change_quantiles_f_agg_var_isabs_True_qh_0_6_ql_0_2_whole', 'RAW_10_change_quantiles_f_agg_var_isabs_False_qh_0_8_ql_0_0_right_mul_RAW_2_bartlett_pvalue', 'RAW_1_stats_std_whole', 'RAW_10_change_quantiles_f_agg_var_isabs_False_qh_0_8_ql_0_0_right_mul_RAW_1_stats_kurt_left', 'RAW_10_quantile_0_4_whole_mul_RAW_10_change_quantiles_f_agg_var_isabs_False_qh_0_8_ql_0_0_right', 'RAW_8_spectral_entropy_left', 'RAW_1_stats_std_whole_mul_RAW_2_bartlett_pvalue', 'RAW_10_change_quantiles_f_agg_var_isabs_False_qh_0_8_ql_0_4_whole', 'RAW_1_stats_cv_whole_mul_RAW_1_stats_kurt_left', 'RAW_10_ratio_value_number_to_time_series_length_diff', 'RAW_1_stats_std_whole_mul_RAW_10_change_quantiles_f_agg_var_isabs_False_qh_0_8_ql_0_0_right', 'RAW_8_perm_entropy_whole', 'RAW_1_stats_std_whole_mul_RAW_2_ks_stat', 'RAW_1_stats_std_whole_mul_RAW_8_sample_entropy_left', 'RAW_1_stats_cv_whole_mul_RAW_2_bartlett_pvalue', 'RAW_8_sample_entropy_left_mul_RAW_10_quantile_0_4_whole', 'RAW_8_sample_entropy_left_mul_RAW_2_bartlett_pvalue', 'RAW_1_stats_std_whole_mul_RAW_10_percentage_of_reoccurring_values_to_all_values_contribution_left', 'RAW_1_stats_std_whole_mul_RAW_10_quantile_0_4_whole', 'RAW_10_percentage_of_reoccurring_datapoints_to_all_datapoints_contribution_left_mul_RAW_8_sample_entropy_left', 'RAW_10_quantile_0_4_whole_mul_RAW_1_stats_kurt_left', 'RAW_2_ks_stat_mul_RAW_10_quantile_0_4_whole', 'RAW_10_percentage_of_reoccurring_datapoints_to_all_datapoints_contribution_left_mul_RAW_1_stats_std_whole', 'RAW_8_sample_entropy_left_mul_RAW_10_change_quantiles_f_agg_var_isabs_False_qh_0_8_ql_0_0_right', 'RAW_8_sample_entropy_left_mul_RAW_1_stats_kurt_left', 'RAW_2_bartlett_pvalue_mul_RAW_1_stats_kurt_left', 'RAW_1_stats_min_whole', 'RAW_10_percentage_of_reoccurring_values_to_all_values_contribution_left_mul_RAW_10_quantile_0_4_whole', 'RAW_10_percentage_of_reoccurring_datapoints_to_all_datapoints_contribution_left_mul_RAW_10_quantile_0_4_whole', 'RAW_10_percentage_of_reoccurring_values_to_all_values_contribution_left_mul_RAW_10_change_quantiles_f_agg_var_isabs_False_qh_0_8_ql_0_0_right', 'RAW_10_quantile_0_4_whole', 'RAW_10_percentage_of_reoccurring_values_to_all_values_contribution_left_mul_RAW_1_stats_kurt_left', 'RAW_10_percentage_of_reoccurring_datapoints_to_all_datapoints_contribution_left_mul_RAW_2_bartlett_pvalue', 'RAW_10_percentage_of_reoccurring_datapoints_to_all_datapoints_contribution_left_mul_RAW_10_change_quantiles_f_agg_var_isabs_False_qh_0_8_ql_0_0_right', 'RAW_10_percentage_of_reoccurring_values_to_all_values_contribution_left_mul_RAW_2_bartlett_pvalue', 'RAW_10_percentage_of_reoccurring_values_to_all_values_contribution_left_mul_RAW_2_ks_stat', 'RAW_10_percentage_of_reoccurring_datapoints_to_all_datapoints_contribution_left_mul_RAW_1_stats_kurt_left', 'RAW_10_percentage_of_reoccurring_values_to_all_values_contribution_left_mul_RAW_8_sample_entropy_left', 'RAW_10_percentage_of_reoccurring_datapoints_to_all_datapoints_contribution_left_mul_RAW_2_ks_stat']
2025-07-19 21:55:49 - Training-20250719_213404 - INFO - Permutation importance已保存到: E:\ggq的文件\比赛\25-ADIA-Lab-Structure-Break\ADIA-Lab-Structural-Break\experiment\output\train_20250719_215549_auc_0_86651\permutation_importance.tsv
2025-07-19 21:55:49 - Training-20250719_213404 - INFO - permutation importance saved.
2025-07-19 21:55:49 - Training-20250719_213404 - INFO - 训练流程结束，总耗时: 1304.67 秒。
