2025-09-28 18:29:34 - Training-20250928_182934 - INFO - ========== Running Command: train ==========
2025-09-28 18:29:34 - Training-20250928_182934 - INFO - Args: {'command': 'train', 'feature_file': None, 'train_data_ids': ['0'], 'perm_imp': True, 'save_oof': False, 'save_model': False}
2025-09-28 18:29:34 - Training-20250928_182934 - INFO - =======================================
2025-09-28 18:29:34 - Training-20250928_182934 - INFO - Starting training and evaluation pipeline...
2025-09-28 18:29:34 - Training-20250928_182934 - INFO - Using model: LGB
2025-09-28 18:29:34 - Training-20250928_182934 - INFO - Model Parameters: {
    "objective": "binary",
    "metric": "auc",
    "boosting_type": "gbdt",
    "n_estimators": 3000,
    "learning_rate": 0.005,
    "num_leaves": 29,
    "random_state": 42,
    "n_jobs": 72,
    "reg_alpha": 3,
    "reg_lambda": 3,
    "colsample_bytree": 0.8,
    "subsample": 0.8
}
2025-09-28 18:29:34 - Training-20250928_182934 - INFO - Successfully loaded features from: features_20250928_171221_id_0.parquet
2025-09-28 18:29:34 - Training-20250928_182934 - INFO - Loading data...
2025-09-28 18:29:36 - Training-20250928_182934 - INFO - Original data loaded successfully.
2025-09-28 18:29:36 - Training-20250928_182934 - INFO - X_train shape: (23715734, 2)
2025-09-28 18:29:36 - Training-20250928_182934 - INFO - X_train type: <class 'pandas.core.frame.DataFrame'>
2025-09-28 18:29:36 - Training-20250928_182934 - INFO - y_train shape: (10001, 1)
2025-09-28 18:29:36 - Training-20250928_182934 - INFO - y_train type: <class 'pandas.core.frame.DataFrame'>
2025-09-28 18:29:36 - Training-20250928_182934 - INFO - Loading enhancement data with IDs: ['0']
2025-09-28 18:29:36 - Training-20250928_182934 - INFO - Total datasets loaded: 1
2025-09-28 18:29:36 - Training-20250928_182934 - INFO - Dataset 0: X shape (23715734, 2), y shape (10001, 1)
2025-09-28 18:29:36 - Training-20250928_182934 - INFO - Return CONCATED data shape: X (23715734, 2), y (10001, 1)
2025-09-28 18:29:36 - Training-20250928_182934 - INFO - 训练数据已对齐. X shape: (10001, 800), y shape: (10001,)
2025-09-28 18:29:36 - Training-20250928_182934 - INFO - --- 使用的特征列表 (共 800 个) ---
2025-09-28 18:29:36 - Training-20250928_182934 - INFO - 前50个特征: ['sqmul_RAW_1_stats_mean_whole_RAW_3_detrend_volatility_normalized_whole', 'mul_RAW_3_detrend_volatility_normalized_whole_RAW_1_stats_std_whole', 'mul_RAW_1_stats_cv_whole_RAW_1_stats_std_whole', 'div_RAW_8_energy_ratio_by_chunks_num_segments_10_segment_focus_9_left_RAW_8_agg_linear_trend_attr_intercept_chunk_len_10_f_agg_max_ratio_to_whole_right', 'add_RAW_8_index_mass_quantile_q_0_8_ratio_to_whole_left_RAW_8_index_mass_quantile_q_0_1_right', 'sub_RAW_8_ratio_value_number_to_time_series_length_ratio_to_whole_right_CUMSUM_4_autocorr_lag1_whole', 'mul_RAW_2_bartlett_stat_DIFF_2_jb_pvalue_left', 'div_RAW_8_percentage_of_reoccurring_datapoints_to_all_datapoints_whole_RAW_8_percentage_of_reoccurring_values_to_all_values_diff', 'div_RAW_8_percentage_of_reoccurring_values_to_all_values_contribution_left_RAW_8_percentage_of_reoccurring_values_to_all_values_ratio_to_whole_left', 'div_RAW_8_ratio_value_number_to_time_series_length_whole_CUMSUM_2_ad_pvalue', 'sqmul_CUMSUM_1_stats_max_ratio_to_whole_left_RAW_8_percentage_of_reoccurring_values_to_all_values_ratio_to_whole_left', 'sqmul_RAW_8_index_mass_quantile_q_0_1_right_RAW_8_quantile_0_4_contribution_left', 'div_RAW_8_agg_linear_trend_attr_intercept_chunk_len_10_f_agg_max_ratio_to_whole_right_RAW_8_energy_ratio_by_chunks_num_segments_10_segment_focus_9_left', 'div_RAW_2_ad_stat_RAW_8_percentage_of_reoccurring_values_to_all_values_contribution_left', 'div_RAW_1_stats_median_right_CUMSUM_1_stats_max_diff', 'div_RAW_1_stats_median_whole_RAW_8_percentage_of_reoccurring_values_to_all_values_contribution_left', 'mul_RAW_2_ks_stat_CUMSUM_2_kpss_pvalue_ratio_to_whole_left', 'mul_CUMSUM_2_ad_pvalue_DIFF_8_change_quantiles_f_agg_var_isabs_True_qh_0_4_ql_0_2_whole', 'sub_RAW_8_percentage_of_reoccurring_values_to_all_values_contribution_left_RAW_7_sample_entropy_left', 'div_RAW_8_percentage_of_reoccurring_values_to_all_values_contribution_left_RAW_8_percentage_of_reoccurring_datapoints_to_all_datapoints_whole', 'add_RAW_2_bartlett_pvalue_RAW_7_sample_entropy_whole', 'sqmul_RAW_2_shapiro_pvalue_whole_RAW_2_bartlett_stat', 'add_RAW_7_sample_entropy_left_RAW_2_bartlett_pvalue', 'div_RAW_2_ks_pvalue_CUMSUM_2_shapiro_pvalue_ratio_to_whole_left', 'mul_RAW_8_agg_linear_trend_attr_slope_chunk_len_10_f_agg_mean_contribution_left_CUMSUM_1_stats_max_diff', 'div_RAW_7_sample_entropy_left_DIFF_2_jb_pvalue_left', 'add_RAW_7_sample_entropy_left_CUMSUM_8_first_location_of_maximum_whole', 'add_DIFF_2_levene_pvalue_DIFF_7_sample_entropy_right', 'div_RAW_8_energy_ratio_by_chunks_num_segments_10_segment_focus_9_left_DIFF_8_change_quantiles_f_agg_var_isabs_False_qh_1_0_ql_0_2_ratio', 'sub_DIFF_7_hjorth_complexity_contribution_right_RAW_7_higuchi_fd_contribution_right', 'sqmul_RAW_8_index_mass_quantile_q_0_1_right_RAW_8_index_mass_quantile_q_0_8_ratio_to_whole_left', 'mul_CUMSUM_2_wilcoxon_stat_RAW_8_change_quantiles_f_agg_var_isabs_True_qh_0_6_ql_0_4_ratio_to_whole_right', 'sqmul_RAW_2_ad_stat_RAW_1_stats_kurt_left', 'add_DIFF_2_bartlett_pvalue_RAW_7_sample_entropy_whole', 'div_RAW_7_sample_entropy_left_RAW_8_ratio_beyond_r_sigma_1_left', 'mul_RAW_8_index_mass_quantile_q_0_8_ratio_to_whole_left_CUMSUM_4_autocorr_lag1_whole', 'div_CUMSUM_8_ar_coefficient_coeff_2_k_10_ratio_RAW_1_stats_kurt_left', 'add_RAW_7_sample_entropy_left_DIFF_2_bartlett_pvalue', 'sqmul_RAW_8_energy_ratio_by_chunks_num_segments_10_segment_focus_9_left_RAW_8_index_mass_quantile_q_0_1_right', 'div_RAW_7_sample_entropy_whole_RAW_2_shapiro_pvalue_whole', 'add_RAW_8_index_mass_quantile_q_0_1_right_RAW_8_energy_ratio_by_chunks_num_segments_10_segment_focus_9_left', 'div_DIFF_2_bartlett_pvalue_RAW_8_agg_linear_trend_attr_rvalue_chunk_len_50_f_agg_max_ratio_to_whole_left', 'sqmul_RAW_1_stats_median_ratio_RAW_2_bartlett_stat', 'sub_RAW_8_energy_ratio_by_chunks_num_segments_10_segment_focus_9_left_RAW_8_quantile_0_1_contribution_right', 'sqmul_RAW_8_change_quantiles_f_agg_var_isabs_False_qh_0_6_ql_0_4_ratio_to_whole_right_RAW_8_percentage_of_reoccurring_values_to_all_values_diff', 'add_RAW_8_index_mass_quantile_q_0_1_right_RAW_8_index_mass_quantile_q_0_8_left', 'sqmul_CUMSUM_7_svd_entropy_ratio_RAW_8_quantile_0_4_contribution_left', 'div_RAW_8_change_quantiles_f_agg_var_isabs_False_qh_0_6_ql_0_4_left_RAW_8_percentage_of_reoccurring_values_to_all_values_contribution_left', 'RAW_8_friedrich_coefficients_coeff_2_m_3_r_30_diff', 'mul_RAW_10_rpt_cost_cosine_whole_RAW_1_stats_median_ratio']
2025-09-28 18:29:36 - Training-20250928_182934 - INFO - --------------------------------------------------
2025-09-28 18:29:36 - Training-20250928_182934 - INFO - Starting 5-fold cross-validation with enhanced data strategy...
2025-09-28 18:29:36 - Training-20250928_182934 - INFO - 创建增强数据交叉验证分割...
2025-09-28 18:29:36 - Training-20250928_182934 - INFO - 识别到 10001 条原始数据
2025-09-28 18:29:36 - Training-20250928_182934 - INFO - 识别到 0 条增强数据
2025-09-28 18:29:36 - Training-20250928_182934 - INFO - Fold 1: 训练集 8000 条 (原始: 8000, 增强: 0), 验证集 2001 条 (仅原始数据)
2025-09-28 18:29:36 - Training-20250928_182934 - INFO - --- Fold 1/5 ---
2025-09-28 18:29:36 - Training-20250928_182934 - INFO - 训练数据: (8000, 800), 验证数据: (2001, 800)
2025-09-28 18:32:08 - Training-20250928_182934 - INFO - Fold 1 Train AUC: 0.99989, Val AUC: 0.91106
2025-09-28 18:32:08 - Training-20250928_182934 - INFO - Fold 1 Early stopping step (best_iteration): 0
2025-09-28 18:32:08 - Training-20250928_182934 - INFO - Fold 1 finished in 152.27s
2025-09-28 18:32:08 - Training-20250928_182934 - INFO - Fold 2: 训练集 8001 条 (原始: 8001, 增强: 0), 验证集 2000 条 (仅原始数据)
2025-09-28 18:32:08 - Training-20250928_182934 - INFO - --- Fold 2/5 ---
2025-09-28 18:32:08 - Training-20250928_182934 - INFO - 训练数据: (8001, 800), 验证数据: (2000, 800)
2025-09-28 18:34:58 - Training-20250928_182934 - INFO - Fold 2 Train AUC: 0.99979, Val AUC: 0.89708
2025-09-28 18:34:58 - Training-20250928_182934 - INFO - Fold 2 Early stopping step (best_iteration): 0
2025-09-28 18:34:58 - Training-20250928_182934 - INFO - Fold 2 finished in 169.68s
2025-09-28 18:34:58 - Training-20250928_182934 - INFO - Fold 3: 训练集 8001 条 (原始: 8001, 增强: 0), 验证集 2000 条 (仅原始数据)
2025-09-28 18:34:58 - Training-20250928_182934 - INFO - --- Fold 3/5 ---
2025-09-28 18:34:58 - Training-20250928_182934 - INFO - 训练数据: (8001, 800), 验证数据: (2000, 800)
2025-09-28 18:37:52 - Training-20250928_182934 - INFO - Fold 3 Train AUC: 0.99997, Val AUC: 0.90227
2025-09-28 18:37:52 - Training-20250928_182934 - INFO - Fold 3 Early stopping step (best_iteration): 0
2025-09-28 18:37:52 - Training-20250928_182934 - INFO - Fold 3 finished in 173.94s
2025-09-28 18:37:52 - Training-20250928_182934 - INFO - Fold 4: 训练集 8001 条 (原始: 8001, 增强: 0), 验证集 2000 条 (仅原始数据)
2025-09-28 18:37:52 - Training-20250928_182934 - INFO - --- Fold 4/5 ---
2025-09-28 18:37:52 - Training-20250928_182934 - INFO - 训练数据: (8001, 800), 验证数据: (2000, 800)
2025-09-28 18:40:44 - Training-20250928_182934 - INFO - Fold 4 Train AUC: 0.99982, Val AUC: 0.89830
2025-09-28 18:40:44 - Training-20250928_182934 - INFO - Fold 4 Early stopping step (best_iteration): 0
2025-09-28 18:40:44 - Training-20250928_182934 - INFO - Fold 4 finished in 172.47s
2025-09-28 18:40:44 - Training-20250928_182934 - INFO - Fold 5: 训练集 8001 条 (原始: 8001, 增强: 0), 验证集 2000 条 (仅原始数据)
2025-09-28 18:40:44 - Training-20250928_182934 - INFO - --- Fold 5/5 ---
2025-09-28 18:40:44 - Training-20250928_182934 - INFO - 训练数据: (8001, 800), 验证数据: (2000, 800)
2025-09-28 18:43:36 - Training-20250928_182934 - INFO - Fold 5 Train AUC: 0.99990, Val AUC: 0.89478
2025-09-28 18:43:36 - Training-20250928_182934 - INFO - Fold 5 Early stopping step (best_iteration): 0
2025-09-28 18:43:36 - Training-20250928_182934 - INFO - Fold 5 finished in 171.70s
2025-09-28 18:43:36 - Training-20250928_182934 - INFO - Overall OOF AUC: 0.90053
2025-09-28 18:43:36 - Training-20250928_182934 - INFO - Calculate Fold 1 permutation importance...
2025-09-28 19:18:50 - Training-20250928_182934 - INFO - Fold 1 permutation importance finished in 2114.38s
2025-09-28 19:18:50 - Training-20250928_182934 - INFO - Calculate Fold 2 permutation importance...
