2025-07-15 18:31:39 - Training-20250715_183139 - INFO - ========== Running Command: train ==========
2025-07-15 18:31:39 - Training-20250715_183139 - INFO - Args: {'command': 'train', 'feature_file': None, 'save_oof': False, 'save_model': False, 'perm_imp': False}
2025-07-15 18:31:39 - Training-20250715_183139 - INFO - =======================================
2025-07-15 18:31:39 - Training-20250715_183139 - INFO - Starting training and evaluation pipeline...
2025-07-15 18:31:39 - Training-20250715_183139 - INFO - Model Parameters: {
    "objective": "binary",
    "metric": "auc",
    "boosting_type": "gbdt",
    "random_state": 42,
    "n_estimators": 4000,
    "learning_rate": 0.005,
    "num_leaves": 31,
    "n_jobs": -1,
    "reg_alpha": 0.5,
    "reg_lambda": 0.5,
    "colsample_bytree": 0.8,
    "subsample": 0.8
}
2025-07-15 18:31:39 - Training-20250715_183139 - INFO - 未指定特征文件，将尝试加载最新版本。
2025-07-15 18:31:39 - Training-20250715_183139 - INFO - 正在从 features_20250714_231420.parquet 加载特征...
2025-07-15 18:31:40 - Training-20250715_183139 - INFO - 特征加载成功，共 164 个特征。
2025-07-15 18:31:40 - Training-20250715_183139 - INFO - Successfully loaded features from: features_20250714_231420.parquet
2025-07-15 18:31:40 - Training-20250715_183139 - INFO - Drop 28 features: ['RAW_rpt_cost_rank_whole', 'RAW_rpt_cost_mahalanobis_left', 'adf_pvalue_1', 'detrended_fluctuation_diff', 'agg_linear_trend_attr_intercept_chunk_len_50_f_agg_mean_', 'wilcoxon_pvalue', 'approx_entropy_1', 'agg_linear_trend_attr_rvalue_chunk_len_5_f_agg_mean_', 'shannon_entropy_diff', 'mannwhitney_pvalue', 'agg_linear_trend_attr_slope_chunk_len_5_f_agg_mean_', 'change_quantiles_f_agg_var_isabs_True_qh_1_0_ql_0_4', 'first_location_of_maximum', 'mannwhitney_stat', 'RAW_rpt_cost_normal_whole', 'skew_diff', 'svd_entropy_1', 'perm_entropy_diff', 'zero_cross_diff', 'change_quantiles_f_agg_var_isabs_True_qh_1_0_ql_0_2', 'change_quantiles_f_agg_var_isabs_True_qh_0_8_ql_0_6', 'svd_entropy_0', 'adf_pvalue_diff', 'shannon_entropy_1', 'fft_coefficient_attr_imag_coeff_2', 'last_location_of_maximum', 'param_4_diff', 'RAW_rpt_cost_rank_right']
2025-07-15 18:31:42 - Training-20250715_183139 - INFO - 训练数据已对齐. X shape: (10001, 136), y shape: (10001,)
2025-07-15 18:31:42 - Training-20250715_183139 - INFO - --- 使用的特征列表 (共 136 个) ---
2025-07-15 18:31:42 - Training-20250715_183139 - INFO - ['mean_diff', 'median_diff', 'max_diff', 'min_diff', 'range_diff', 'std_diff', 'std_ratio', 'kurt_diff', 'cv_diff', 'rolling_std_diff', 'theil_sen_slope_diff', 'ks_stat', 'ks_pvalue', 'ttest_pvalue', 'ad_stat', 'ad_pvalue', 'wilcoxon_stat', 'levene_stat', 'levene_pvalue', 'bartlett_stat', 'bartlett_pvalue', 'shapiro_pvalue_0', 'shapiro_pvalue_1', 'shapiro_pvalue_diff', 'jb_pvalue_0', 'jb_pvalue_1', 'jb_pvalue_diff', 'kpss_pvalue_0', 'kpss_pvalue_1', 'kpss_pvalue_diff', 'kpss_stat_diff', 'adf_pvalue_0', 'adf_stat_diff', 'adf_icbest_diff', 'sum_diff', 'cumsum_max_diff', 'autocorr_lag1_diff', 'dominant_freq_diff', 'max_power_diff', 'iqr_diff', 'rolling_std_w50_mean_diff', 'shannon_entropy_0', 'perm_entropy_0', 'perm_entropy_1', 'spectral_entropy_0', 'spectral_entropy_1', 'spectral_entropy_diff', 'svd_entropy_diff', 'approx_entropy_0', 'approx_entropy_diff', 'sample_entropy_0', 'sample_entropy_1', 'sample_entropy_diff', 'hjorth_mobility_0', 'hjorth_complexity_0', 'hjorth_mobility_1', 'hjorth_complexity_1', 'hjorth_complexity_diff', 'num_zerocross_0', 'num_zerocross_1', 'lziv_complexity_0', 'lziv_complexity_1', 'lziv_complexity_diff', 'cond_entropy_0', 'cond_entropy_1', 'cond_entropy_diff', 'petrosian_fd_diff', 'katz_fd_diff', 'higuchi_fd_diff', 'ratio_value_number_to_time_series_length', 'ratio_beyond_r_sigma_6', 'ratio_beyond_r_sigma_1_5', 'quantile_0_6', 'quantile_0_4', 'quantile_0_1', 'percentage_of_reoccurring_values_to_all_values', 'percentage_of_reoccurring_datapoints_to_all_datapoints', 'partial_autocorrelation_lag_2', 'linear_trend_attr_slope_', 'linear_trend_attr_rvalue_', 'linear_trend_attr_intercept_', 'fft_coefficient_attr_imag_coeff_3', 'fft_coefficient_attr_imag_coeff_1', 'change_quantiles_f_agg_var_isabs_True_qh_0_8_ql_0_4', 'change_quantiles_f_agg_var_isabs_True_qh_0_8_ql_0_2', 'change_quantiles_f_agg_var_isabs_True_qh_0_6_ql_0_4', 'change_quantiles_f_agg_var_isabs_True_qh_0_6_ql_0_2', 'change_quantiles_f_agg_var_isabs_True_qh_0_4_ql_0_2', 'change_quantiles_f_agg_var_isabs_False_qh_1_0_ql_0_4', 'change_quantiles_f_agg_var_isabs_False_qh_1_0_ql_0_2', 'change_quantiles_f_agg_var_isabs_False_qh_0_8_ql_0_4', 'change_quantiles_f_agg_var_isabs_False_qh_0_8_ql_0_2', 'change_quantiles_f_agg_var_isabs_False_qh_0_8_ql_0_0', 'change_quantiles_f_agg_var_isabs_False_qh_0_6_ql_0_4', 'change_quantiles_f_agg_var_isabs_False_qh_0_6_ql_0_2', 'change_quantiles_f_agg_var_isabs_False_qh_0_4_ql_0_2', 'change_quantiles_f_agg_mean_isabs_True_qh_1_0_ql_0_4', 'change_quantiles_f_agg_mean_isabs_True_qh_0_6_ql_0_4', 'ar_coefficient_coeff_2_k_10', 'agg_linear_trend_attr_slope_chunk_len_50_f_agg_mean_', 'agg_linear_trend_attr_slope_chunk_len_10_f_agg_mean_', 'agg_linear_trend_attr_rvalue_chunk_len_50_f_agg_mean_', 'agg_linear_trend_attr_rvalue_chunk_len_50_f_agg_max_', 'agg_linear_trend_attr_rvalue_chunk_len_5_f_agg_max_', 'agg_linear_trend_attr_rvalue_chunk_len_10_f_agg_mean_', 'agg_linear_trend_attr_rvalue_chunk_len_10_f_agg_max_', 'agg_linear_trend_attr_intercept_chunk_len_50_f_agg_max_', 'agg_linear_trend_attr_intercept_chunk_len_5_f_agg_mean_', 'agg_linear_trend_attr_intercept_chunk_len_5_f_agg_max_', 'agg_linear_trend_attr_intercept_chunk_len_10_f_agg_mean_', 'agg_linear_trend_attr_intercept_chunk_len_10_f_agg_max_', 'ar_residuals_s2_pred_std', 'ar_residuals_s2_pred_skew', 'ar_residuals_s2_pred_kurt', 'ar_residuals_s1_pred_skew', 'ar_residuals_s1_pred_kurt', 'param_0_diff', 'param_3_diff', 'param_5_diff', 'RAW_rpt_cost_l1_left', 'RAW_rpt_cost_l1_right', 'RAW_rpt_cost_l1_whole', 'RAW_rpt_cost_l2_right', 'RAW_rpt_cost_clinear_right', 'RAW_rpt_cost_rbf_left', 'RAW_rpt_cost_rbf_right', 'RAW_rpt_cost_rbf_whole', 'RAW_rpt_cost_normal_left', 'RAW_rpt_cost_normal_right', 'RAW_rpt_cost_ar_right', 'RAW_rpt_cost_mahalanobis_right', 'RAW_rpt_cost_mahalanobis_whole', 'RAW_rpt_cost_rank_left', 'RAW_rpt_cost_cosine_left', 'RAW_rpt_cost_cosine_right', 'RAW_rpt_cost_cosine_whole']
2025-07-15 18:31:42 - Training-20250715_183139 - INFO - --------------------------------------------------
2025-07-15 18:31:42 - Training-20250715_183139 - INFO - Starting 5-fold cross-validation with LightGBM...
2025-07-15 18:31:42 - Training-20250715_183139 - INFO - --- Fold 1/5 ---
2025-07-15 18:32:01 - Training-20250715_183139 - INFO - Fold 1 Train AUC: 0.97554, Val AUC: 0.75550
2025-07-15 18:32:01 - Training-20250715_183139 - INFO - Fold 1 finished in 19.10s
2025-07-15 18:32:01 - Training-20250715_183139 - INFO - --- Fold 2/5 ---
2025-07-15 18:32:35 - Training-20250715_183139 - INFO - Fold 2 Train AUC: 0.99776, Val AUC: 0.74129
2025-07-15 18:32:35 - Training-20250715_183139 - INFO - Fold 2 finished in 34.33s
2025-07-15 18:32:35 - Training-20250715_183139 - INFO - --- Fold 3/5 ---
2025-07-15 18:32:55 - Training-20250715_183139 - INFO - Fold 3 Train AUC: 0.97473, Val AUC: 0.75540
2025-07-15 18:32:55 - Training-20250715_183139 - INFO - Fold 3 finished in 20.41s
2025-07-15 18:32:55 - Training-20250715_183139 - INFO - --- Fold 4/5 ---
2025-07-15 18:33:17 - Training-20250715_183139 - INFO - Fold 4 Train AUC: 0.97915, Val AUC: 0.73298
2025-07-15 18:33:17 - Training-20250715_183139 - INFO - Fold 4 finished in 21.94s
2025-07-15 18:33:17 - Training-20250715_183139 - INFO - --- Fold 5/5 ---
2025-07-15 18:33:41 - Training-20250715_183139 - INFO - Fold 5 Train AUC: 0.98532, Val AUC: 0.73680
2025-07-15 18:33:41 - Training-20250715_183139 - INFO - Fold 5 finished in 23.40s
2025-07-15 18:33:41 - Training-20250715_183139 - INFO - Overall OOF AUC: 0.74393
2025-07-15 18:33:41 - Training-20250715_183139 - INFO - All outputs will be saved to: E:\ggq的文件\比赛\25-ADIA-Lab-Structure-Break\ADIA-Lab-Structural-Break\experiment\output\train_20250715_183341_auc_0_74393
2025-07-15 18:33:41 - Training-20250715_183139 - INFO - 特征重要性已保存到: E:\ggq的文件\比赛\25-ADIA-Lab-Structure-Break\ADIA-Lab-Structural-Break\experiment\output\train_20250715_183341_auc_0_74393\feature_importance.tsv
2025-07-15 18:33:41 - Training-20250715_183139 - INFO - feature importance saved.
2025-07-15 18:33:41 - Training-20250715_183139 - INFO - 训练流程结束，总耗时: 121.22 秒。
